0001_0044_0052_0036_0036.jpg 1 44 52 36 36
0002_0021_0030_0064_0064.jpg 1 21 30 64 64
0003_0009_0015_0060_0060.jpg 1 9 15 60 60
0004_0061_0039_0026_0026.jpg 1 61 39 26 26
0005_0017_0005_0047_0047.jpg 1 17 5 47 47
0006_0009_0012_0045_0045.jpg 1 9 12 45 45
0007_0027_0007_0057_0057.jpg 1 27 7 57 57
0008_0042_0007_0040_0040.jpg 1 42 7 40 40
0009_0021_0047_0036_0036.jpg 1 21 47 36 36
0010_0046_0027_0030_0030.jpg 1 46 27 30 30
0011_0005_0013_0065_0065.jpg 1 5 13 65 65
0012_0021_0035_0052_0052.jpg 1 21 35 52 52
0013_0017_0024_0057_0057.jpg 1 17 24 57 57
0014_0007_0031_0045_0045.jpg 1 7 31 45 45
0015_0031_0016_0049_0049.jpg 1 31 16 49 49
0016_0031_0010_0030_0030.jpg 1 31 10 30 30
0017_0005_0017_0052_0052.jpg 1 5 17 52 52
0018_0033_0032_0028_0028.jpg 1 33 32 28 28
0019_0024_0013_0056_0056.jpg 1 24 13 56 56
0020_0019_0025_0039_0039.jpg 1 19 25 39 39
0021_0026_0038_0028_0028.jpg 1 26 38 28 28
0022_0030_0016_0043_0043.jpg 1 30 16 43 43
0023_0048_0027_0032_0032.jpg 1 48 27 32 32
0024_0012_0035_0058_0058.jpg 1 12 35 58 58
0025_0019_0007_0065_0065.jpg 1 19 7 65 65
0026_0024_0046_0038_0038.jpg 1 24 46 38 38
0027_0028_0021_0060_0060.jpg 1 28 21 60 60
0028_0025_0053_0031_0031.jpg 1 25 53 31 31
0029_0010_0050_0039_0039.jpg 1 10 50 39 39
0030_0036_0048_0042_0042.jpg 1 36 48 42 42
0031_0012_0066_0024_0024.jpg 1 12 66 24 24
0032_0011_0025_0038_0038.jpg 1 11 25 38 38
0033_0040_0014_0032_0032.jpg 1 40 14 32 32
0034_0026_0045_0029_0029.jpg 1 26 45 29 29
0035_0025_0016_0058_0058.jpg 1 25 16 58 58
0036_0007_0014_0048_0048.jpg 1 7 14 48 48
0037_0022_0006_0051_0051.jpg 1 22 6 51 51
0038_0023_0008_0064_0064.jpg 1 23 8 64 64
0039_0018_0054_0036_0036.jpg 1 18 54 36 36
0040_0030_0018_0031_0031.jpg 1 30 18 31 31
0041_0023_0008_0050_0050.jpg 1 23 8 50 50
0042_0021_0026_0067_0067.jpg 1 21 26 67 67
0043_0035_0030_0035_0035.jpg 1 35 30 35 35
0044_0048_0045_0042_0042.jpg 1 48 45 42 42
0045_0035_0042_0046_0046.jpg 1 35 42 46 46
0046_0009_0047_0028_0028.jpg 1 9 47 28 28
0047_0010_0051_0029_0029.jpg 1 10 51 29 29
0048_0018_0029_0058_0058.jpg 1 18 29 58 58
0049_0051_0023_0040_0040.jpg 1 51 23 40 40
0050_0014_0024_0046_0046.jpg 1 14 24 46 46
0051_0019_0018_0068_0068.jpg 1 19 18 68 68
0052_0026_0007_0027_0027.jpg 1 26 7 27 27
0053_0047_0033_0035_0035.jpg 1 47 33 35 35
0054_0030_0025_0046_0046.jpg 1 30 25 46 46
0055_0018_0028_0045_0045.jpg 1 18 28 45 45
0056_0039_0034_0033_0033.jpg 1 39 34 33 33
0057_0036_0038_0025_0025.jpg 1 36 38 25 25
0058_0021_0016_0036_0036.jpg 1 21 16 36 36
0059_0005_0025_0048_0048.jpg 1 5 25 48 48
0060_0007_0013_0065_0065.jpg 1 7 13 65 65
0061_0033_0055_0034_0034.jpg 1 33 55 34 34
0062_0046_0028_0028_0028.jpg 1 46 28 28 28
0063_0005_0004_0065_0065.jpg 1 5 4 65 65
0064_0018_0015_0061_0061.jpg 1 18 15 61 61
0065_0013_0005_0064_0064.jpg 1 13 5 64 64
0066_0053_0033_0024_0024.jpg 1 53 33 24 24
0067_0032_0018_0060_0060.jpg 1 32 18 60 60
0068_0051_0033_0039_0039.jpg 1 51 33 39 39
0069_0026_0021_0066_0066.jpg 1 26 21 66 66
0070_0020_0026_0055_0055.jpg 1 20 26 55 55
0071_0017_0045_0029_0029.jpg 1 17 45 29 29
0072_0057_0008_0030_0030.jpg 1 57 8 30 30
0073_0040_0031_0053_0053.jpg 1 40 31 53 53
0074_0039_0054_0034_0034.jpg 1 39 54 34 34
0075_0020_0021_0064_0064.jpg 1 20 21 64 64
0076_0038_0018_0050_0050.jpg 1 38 18 50 50
0077_0012_0030_0063_0063.jpg 1 12 30 63 63
0078_0040_0033_0055_0055.jpg 1 40 33 55 55
0079_0030_0012_0043_0043.jpg 1 30 12 43 43
0080_0013_0014_0026_0026.jpg 1 13 14 26 26
0081_0030_0026_0061_0061.jpg 1 30 26 61 61
0082_0006_0013_0052_0052.jpg 1 6 13 52 52
0083_0039_0048_0029_0029.jpg 1 39 48 29 29
0084_0031_0033_0058_0058.jpg 1 31 33 58 58
0085_0021_0013_0055_0055.jpg 1 21 13 55 55
0086_0009_0025_0062_0062.jpg 1 9 25 62 62
0087_0012_0035_0051_0051.jpg 1 12 35 51 51
0088_0031_0033_0042_0042.jpg 1 31 33 42 42
0089_0011_0058_0028_0028.jpg 1 11 58 28 28
0090_0007_0007_0038_0038.jpg 1 7 7 38 38
0091_0020_0025_0064_0064.jpg 1 20 25 64 64
0092_0035_0039_0026_0026.jpg 1 35 39 26 26
0093_0050_0041_0033_0033.jpg 1 50 41 33 33
0094_0062_0028_0024_0024.jpg 1 62 28 24 24
0095_0008_0041_0051_0051.jpg 1 8 41 51 51
0096_0057_0015_0026_0026.jpg 1 57 15 26 26
0097_0027_0038_0053_0053.jpg 1 27 38 53 53
0098_0020_0019_0047_0047.jpg 1 20 19 47 47
0099_0028_0059_0025_0025.jpg 1 28 59 25 25
0100_0023_0027_0048_0048.jpg 1 23 27 48 48
0101_0026_0008_0068_0068.jpg 1 26 8 68 68
0102_0014_0009_0060_0060.jpg 1 14 9 60 60
0103_0031_0003_0065_0065.jpg 1 31 3 65 65
0104_0026_0004_0067_0067.jpg 1 26 4 67 67
0105_0020_0014_0036_0036.jpg 1 20 14 36 36
0106_0026_0027_0063_0063.jpg 1 26 27 63 63
0107_0010_0047_0041_0041.jpg 1 10 47 41 41
0108_0015_0012_0066_0066.jpg 1 15 12 66 66
0109_0010_0007_0066_0066.jpg 1 10 7 66 66
0110_0024_0026_0034_0034.jpg 1 24 26 34 34
0111_0036_0007_0043_0043.jpg 1 36 7 43 43
0112_0031_0030_0063_0063.jpg 1 31 30 63 63
0113_0015_0007_0058_0058.jpg 1 15 7 58 58
0114_0007_0041_0048_0048.jpg 1 7 41 48 48
0115_0028_0020_0027_0027.jpg 1 28 20 27 27
0116_0035_0013_0043_0043.jpg 1 35 13 43 43
0117_0008_0015_0035_0035.jpg 1 8 15 35 35
0118_0043_0044_0036_0036.jpg 1 43 44 36 36
0119_0055_0036_0028_0028.jpg 1 55 36 28 28
0120_0028_0011_0037_0037.jpg 1 28 11 37 37
0121_0039_0031_0055_0055.jpg 1 39 31 55 55
0122_0033_0020_0038_0038.jpg 1 33 20 38 38
0123_0036_0029_0057_0057.jpg 1 36 29 57 57
0124_0018_0018_0058_0058.jpg 1 18 18 58 58
0125_0025_0033_0035_0035.jpg 1 25 33 35 35
0126_0046_0032_0042_0042.jpg 1 46 32 42 42
0127_0007_0017_0059_0059.jpg 1 7 17 59 59
0128_0040_0043_0034_0034.jpg 1 40 43 34 34
0129_0027_0006_0038_0038.jpg 1 27 6 38 38
0130_0034_0021_0049_0049.jpg 1 34 21 49 49
0131_0061_0017_0026_0026.jpg 1 61 17 26 26
0132_0019_0005_0067_0067.jpg 1 19 5 67 67
0133_0004_0028_0057_0057.jpg 1 4 28 57 57
0134_0006_0026_0038_0038.jpg 1 6 26 38 38
0135_0037_0038_0030_0030.jpg 1 37 38 30 30
0136_0018_0016_0063_0063.jpg 1 18 16 63 63
0137_0041_0031_0024_0024.jpg 1 41 31 24 24
0138_0027_0026_0062_0062.jpg 1 27 26 62 62
0139_0013_0036_0036_0036.jpg 1 13 36 36 36
0140_0025_0023_0067_0067.jpg 1 25 23 67 67
0141_0048_0015_0030_0030.jpg 1 48 15 30 30
0142_0045_0027_0039_0039.jpg 1 45 27 39 39
0143_0015_0027_0065_0065.jpg 1 15 27 65 65
0144_0034_0020_0042_0042.jpg 1 34 20 42 42
0145_0040_0023_0051_0051.jpg 1 40 23 51 51
0146_0018_0011_0039_0039.jpg 1 18 11 39 39
0147_0037_0028_0024_0024.jpg 1 37 28 24 24
0148_0013_0006_0068_0068.jpg 1 13 6 68 68
0149_0060_0046_0030_0030.jpg 1 60 46 30 30
0150_0028_0006_0054_0054.jpg 1 28 6 54 54
0151_0024_0006_0051_0051.jpg 1 24 6 51 51
0152_0020_0020_0043_0043.jpg 1 20 20 43 43
0153_0016_0048_0026_0026.jpg 1 16 48 26 26
0154_0044_0045_0027_0027.jpg 1 44 45 27 27
0155_0009_0005_0068_0068.jpg 1 9 5 68 68
0156_0021_0017_0064_0064.jpg 1 21 17 64 64
0157_0023_0021_0034_0034.jpg 1 23 21 34 34
0158_0031_0017_0030_0030.jpg 1 31 17 30 30
0159_0051_0036_0043_0043.jpg 1 51 36 43 43
0160_0029_0007_0058_0058.jpg 1 29 7 58 58
0161_0020_0020_0066_0066.jpg 1 20 20 66 66
0162_0012_0020_0062_0062.jpg 1 12 20 62 62
0163_0021_0026_0057_0057.jpg 1 21 26 57 57
0164_0038_0052_0029_0029.jpg 1 38 52 29 29
0165_0005_0005_0057_0057.jpg 1 5 5 57 57
0166_0039_0005_0050_0050.jpg 1 39 5 50 50
0167_0047_0012_0037_0037.jpg 1 47 12 37 37
0168_0030_0036_0053_0053.jpg 1 30 36 53 53
0169_0014_0043_0048_0048.jpg 1 14 43 48 48
0170_0020_0043_0025_0025.jpg 1 20 43 25 25
0171_0020_0012_0037_0037.jpg 1 20 12 37 37
0172_0033_0008_0056_0056.jpg 1 33 8 56 56
0173_0048_0027_0046_0046.jpg 1 48 27 46 46
0174_0030_0058_0028_0028.jpg 1 30 58 28 28
0175_0033_0034_0058_0058.jpg 1 33 34 58 58
0176_0059_0058_0024_0024.jpg 1 59 58 24 24
0177_0034_0045_0029_0029.jpg 1 34 45 29 29
0178_0014_0020_0055_0055.jpg 1 14 20 55 55
0179_0021_0005_0055_0055.jpg 1 21 5 55 55
0180_0032_0011_0038_0038.jpg 1 32 11 38 38
0181_0057_0043_0027_0027.jpg 1 57 43 27 27
0182_0066_0025_0025_0025.jpg 1 66 25 25 25
0183_0034_0029_0059_0059.jpg 1 34 29 59 59
0184_0031_0044_0046_0046.jpg 1 31 44 46 46
0185_0042_0010_0041_0041.jpg 1 42 10 41 41
0186_0034_0031_0061_0061.jpg 1 34 31 61 61
0187_0008_0051_0042_0042.jpg 1 8 51 42 42
0188_0031_0040_0030_0030.jpg 1 31 40 30 30
0189_0065_0063_0025_0025.jpg 1 65 63 25 25
0190_0019_0016_0045_0045.jpg 1 19 16 45 45
0191_0047_0010_0040_0040.jpg 1 47 10 40 40
0192_0047_0027_0037_0037.jpg 1 47 27 37 37
0193_0026_0009_0063_0063.jpg 1 26 9 63 63
0194_0015_0030_0051_0051.jpg 1 15 30 51 51
0195_0046_0038_0037_0037.jpg 1 46 38 37 37
0196_0019_0006_0056_0056.jpg 1 19 6 56 56
0197_0017_0026_0065_0065.jpg 1 17 26 65 65
0198_0026_0054_0035_0035.jpg 1 26 54 35 35
0199_0031_0014_0028_0028.jpg 1 31 14 28 28
0200_0030_0020_0064_0064.jpg 1 30 20 64 64
0201_0026_0035_0056_0056.jpg 1 26 35 56 56
0202_0016_0038_0052_0052.jpg 1 16 38 52 52
0203_0045_0014_0042_0042.jpg 1 45 14 42 42
0204_0040_0009_0030_0030.jpg 1 40 9 30 30
0205_0030_0048_0039_0039.jpg 1 30 48 39 39
0206_0009_0053_0036_0036.jpg 1 9 53 36 36
0207_0018_0013_0066_0066.jpg 1 18 13 66 66
0208_0034_0017_0059_0059.jpg 1 34 17 59 59
0209_0029_0019_0065_0065.jpg 1 29 19 65 65
0210_0018_0027_0042_0042.jpg 1 18 27 42 42
0211_0009_0016_0049_0049.jpg 1 9 16 49 49
0212_0009_0028_0055_0055.jpg 1 9 28 55 55
0213_0032_0038_0032_0032.jpg 1 32 38 32 32
0214_0044_0026_0042_0042.jpg 1 44 26 42 42
0215_0014_0039_0044_0044.jpg 1 14 39 44 44
0216_0016_0039_0042_0042.jpg 1 16 39 42 42
0217_0019_0019_0059_0059.jpg 1 19 19 59 59
0218_0048_0016_0038_0038.jpg 1 48 16 38 38
0219_0029_0026_0051_0051.jpg 1 29 26 51 51
0220_0006_0017_0046_0046.jpg 1 6 17 46 46
0221_0025_0006_0035_0035.jpg 1 25 6 35 35
0222_0015_0041_0025_0025.jpg 1 15 41 25 25
0223_0040_0023_0053_0053.jpg 1 40 23 53 53
0224_0028_0048_0043_0043.jpg 1 28 48 43 43
0225_0008_0006_0057_0057.jpg 1 8 6 57 57
0226_0013_0043_0035_0035.jpg 1 13 43 35 35
0227_0024_0020_0056_0056.jpg 1 24 20 56 56
0228_0031_0009_0048_0048.jpg 1 31 9 48 48
0229_0019_0011_0066_0066.jpg 1 19 11 66 66
0230_0015_0031_0063_0063.jpg 1 15 31 63 63
0231_0023_0023_0055_0055.jpg 1 23 23 55 55
0232_0019_0010_0068_0068.jpg 1 19 10 68 68
0233_0059_0012_0029_0029.jpg 1 59 12 29 29
0234_0022_0008_0052_0052.jpg 1 22 8 52 52
0235_0028_0027_0028_0028.jpg 1 28 27 28 28
0236_0016_0032_0037_0037.jpg 1 16 32 37 37
0237_0025_0019_0037_0037.jpg 1 25 19 37 37
0238_0015_0013_0043_0043.jpg 1 15 13 43 43
0239_0047_0028_0044_0044.jpg 1 47 28 44 44
0240_0053_0029_0030_0030.jpg 1 53 29 30 30
0241_0014_0033_0058_0058.jpg 1 14 33 58 58
0242_0038_0021_0047_0047.jpg 1 38 21 47 47
0243_0019_0008_0066_0066.jpg 1 19 8 66 66
0244_0055_0016_0030_0030.jpg 1 55 16 30 30
0245_0037_0029_0050_0050.jpg 1 37 29 50 50
0246_0018_0008_0064_0064.jpg 1 18 8 64 64
0247_0016_0049_0044_0044.jpg 1 16 49 44 44
0248_0025_0067_0025_0025.jpg 1 25 67 25 25
0249_0013_0027_0061_0061.jpg 1 13 27 61 61
0250_0019_0015_0066_0066.jpg 1 19 15 66 66
0251_0049_0029_0029_0029.jpg 1 49 29 29 29
0252_0019_0025_0035_0035.jpg 1 19 25 35 35
0253_0011_0009_0056_0056.jpg 1 11 9 56 56
0254_0031_0026_0063_0063.jpg 1 31 26 63 63
0255_0049_0044_0040_0040.jpg 1 49 44 40 40
0256_0007_0004_0067_0067.jpg 1 7 4 67 67
0257_0018_0025_0037_0037.jpg 1 18 25 37 37
0258_0018_0035_0039_0039.jpg 1 18 35 39 39
0259_0020_0025_0059_0059.jpg 1 20 25 59 59
0260_0037_0060_0028_0028.jpg 1 37 60 28 28
0261_0020_0030_0040_0040.jpg 1 20 30 40 40
0262_0007_0009_0032_0032.jpg 1 7 9 32 32
0263_0006_0006_0047_0047.jpg 1 6 6 47 47
0264_0016_0045_0033_0033.jpg 1 16 45 33 33
0265_0034_0008_0053_0053.jpg 1 34 8 53 53
0266_0059_0044_0028_0028.jpg 1 59 44 28 28
0267_0057_0048_0033_0033.jpg 1 57 48 33 33
0268_0047_0014_0028_0028.jpg 1 47 14 28 28
0269_0016_0014_0063_0063.jpg 1 16 14 63 63
0270_0039_0042_0042_0042.jpg 1 39 42 42 42
0271_0012_0003_0066_0066.jpg 1 12 3 66 66
0272_0038_0027_0054_0054.jpg 1 38 27 54 54
0273_0007_0030_0036_0036.jpg 1 7 30 36 36
0274_0036_0016_0037_0037.jpg 1 36 16 37 37
0275_0047_0039_0040_0040.jpg 1 47 39 40 40
0276_0019_0007_0052_0052.jpg 1 19 7 52 52
0277_0053_0051_0026_0026.jpg 1 53 51 26 26
0278_0016_0023_0037_0037.jpg 1 16 23 37 37
0279_0041_0010_0053_0053.jpg 1 41 10 53 53
0280_0008_0056_0035_0035.jpg 1 8 56 35 35
0281_0035_0043_0051_0051.jpg 1 35 43 51 51
0282_0036_0056_0032_0032.jpg 1 36 56 32 32
0283_0039_0038_0044_0044.jpg 1 39 38 44 44
0284_0007_0024_0051_0051.jpg 1 7 24 51 51
0285_0012_0019_0069_0069.jpg 1 12 19 69 69
0286_0015_0036_0028_0028.jpg 1 15 36 28 28
0287_0008_0033_0027_0027.jpg 1 8 33 27 27
0288_0023_0010_0063_0063.jpg 1 23 10 63 63
0289_0024_0026_0054_0054.jpg 1 24 26 54 54
0290_0040_0033_0040_0040.jpg 1 40 33 40 40
0291_0041_0031_0043_0043.jpg 1 41 31 43 43
0292_0046_0031_0044_0044.jpg 1 46 31 44 44
0293_0018_0005_0054_0054.jpg 1 18 5 54 54
0294_0013_0037_0032_0032.jpg 1 13 37 32 32
0295_0006_0031_0038_0038.jpg 1 6 31 38 38
0296_0047_0043_0046_0046.jpg 1 47 43 46 46
0297_0052_0023_0034_0034.jpg 1 52 23 34 34
0298_0039_0032_0051_0051.jpg 1 39 32 51 51
0299_0030_0015_0030_0030.jpg 1 30 15 30 30
0300_0012_0029_0063_0063.jpg 1 12 29 63 63
0301_0007_0016_0054_0054.jpg 1 7 16 54 54
0302_0019_0030_0050_0050.jpg 1 19 30 50 50
0303_0034_0047_0033_0033.jpg 1 34 47 33 33
0304_0027_0024_0059_0059.jpg 1 27 24 59 59
0305_0024_0024_0031_0031.jpg 1 24 24 31 31
0306_0052_0009_0032_0032.jpg 1 52 9 32 32
0307_0028_0054_0038_0038.jpg 1 28 54 38 38
0308_0023_0011_0049_0049.jpg 1 23 11 49 49
0309_0027_0042_0048_0048.jpg 1 27 42 48 48
0310_0044_0052_0040_0040.jpg 1 44 52 40 40
0311_0030_0023_0063_0063.jpg 1 30 23 63 63
0312_0027_0055_0026_0026.jpg 1 27 55 26 26
0313_0036_0019_0025_0025.jpg 1 36 19 25 25
0314_0036_0028_0035_0035.jpg 1 36 28 35 35
0315_0004_0007_0069_0069.jpg 1 4 7 69 69
0316_0024_0006_0040_0040.jpg 1 24 6 40 40
0317_0014_0039_0047_0047.jpg 1 14 39 47 47
0318_0028_0025_0067_0067.jpg 1 28 25 67 67
0319_0031_0053_0026_0026.jpg 1 31 53 26 26
0320_0007_0022_0069_0069.jpg 1 7 22 69 69
0321_0038_0022_0034_0034.jpg 1 38 22 34 34
0322_0039_0055_0024_0024.jpg 1 39 55 24 24
0323_0027_0032_0044_0044.jpg 1 27 32 44 44
0324_0017_0013_0048_0048.jpg 1 17 13 48 48
0325_0033_0011_0026_0026.jpg 1 33 11 26 26
0326_0034_0040_0047_0047.jpg 1 34 40 47 47
0327_0049_0023_0039_0039.jpg 1 49 23 39 39
0328_0006_0005_0052_0052.jpg 1 6 5 52 52
0329_0046_0052_0036_0036.jpg 1 46 52 36 36
0330_0011_0015_0055_0055.jpg 1 11 15 55 55
0331_0038_0059_0033_0033.jpg 1 38 59 33 33
0332_0011_0022_0050_0050.jpg 1 11 22 50 50
0333_0012_0048_0040_0040.jpg 1 12 48 40 40
0334_0035_0019_0030_0030.jpg 1 35 19 30 30
0335_0025_0032_0055_0055.jpg 1 25 32 55 55
0336_0020_0003_0069_0069.jpg 1 20 3 69 69
0337_0021_0022_0051_0051.jpg 1 21 22 51 51
0338_0029_0021_0024_0024.jpg 1 29 21 24 24
0339_0022_0013_0037_0037.jpg 1 22 13 37 37
0340_0006_0035_0057_0057.jpg 1 6 35 57 57
0341_0005_0037_0046_0046.jpg 1 5 37 46 46
0342_0008_0026_0048_0048.jpg 1 8 26 48 48
0343_0015_0010_0035_0035.jpg 1 15 10 35 35
0344_0039_0016_0042_0042.jpg 1 39 16 42 42
0345_0025_0039_0052_0052.jpg 1 25 39 52 52
0346_0040_0051_0037_0037.jpg 1 40 51 37 37
0347_0026_0046_0048_0048.jpg 1 26 46 48 48
0348_0015_0004_0058_0058.jpg 1 15 4 58 58
0349_0047_0034_0042_0042.jpg 1 47 34 42 42
0350_0043_0035_0038_0038.jpg 1 43 35 38 38
0351_0018_0011_0061_0061.jpg 1 18 11 61 61
0352_0051_0032_0040_0040.jpg 1 51 32 40 40
0353_0019_0010_0064_0064.jpg 1 19 10 64 64
0354_0027_0029_0048_0048.jpg 1 27 29 48 48
0355_0017_0010_0058_0058.jpg 1 17 10 58 58
0356_0009_0011_0067_0067.jpg 1 9 11 67 67
0357_0023_0027_0068_0068.jpg 1 23 27 68 68
0358_0013_0059_0028_0028.jpg 1 13 59 28 28
0359_0048_0038_0038_0038.jpg 1 48 38 38 38
0360_0006_0044_0036_0036.jpg 1 6 44 36 36
0361_0041_0040_0050_0050.jpg 1 41 40 50 50
0362_0021_0025_0066_0066.jpg 1 21 25 66 66
0363_0010_0019_0068_0068.jpg 1 10 19 68 68
0364_0016_0021_0029_0029.jpg 1 16 21 29 29
0365_0019_0020_0053_0053.jpg 1 19 20 53 53
0366_0019_0026_0037_0037.jpg 1 19 26 37 37
0367_0048_0013_0034_0034.jpg 1 48 13 34 34
0368_0045_0041_0045_0045.jpg 1 45 41 45 45
0369_0008_0039_0039_0039.jpg 1 8 39 39 39
0370_0010_0020_0055_0055.jpg 1 10 20 55 55
0371_0017_0057_0024_0024.jpg 1 17 57 24 24
0372_0005_0008_0063_0063.jpg 1 5 8 63 63
0373_0028_0048_0040_0040.jpg 1 28 48 40 40
0374_0034_0040_0052_0052.jpg 1 34 40 52 52
0375_0054_0052_0031_0031.jpg 1 54 52 31 31
0376_0007_0018_0053_0053.jpg 1 7 18 53 53
0377_0023_0036_0048_0048.jpg 1 23 36 48 48
0378_0011_0015_0036_0036.jpg 1 11 15 36 36
0379_0022_0006_0054_0054.jpg 1 22 6 54 54
0380_0013_0030_0054_0054.jpg 1 13 30 54 54
0381_0036_0028_0043_0043.jpg 1 36 28 43 43
0382_0017_0006_0064_0064.jpg 1 17 6 64 64
0383_0035_0012_0040_0040.jpg 1 35 12 40 40
0384_0043_0027_0038_0038.jpg 1 43 27 38 38
0385_0031_0026_0053_0053.jpg 1 31 26 53 53
0386_0005_0006_0050_0050.jpg 1 5 6 50 50
0387_0026_0028_0062_0062.jpg 1 26 28 62 62
0388_0036_0015_0044_0044.jpg 1 36 15 44 44
0389_0028_0035_0051_0051.jpg 1 28 35 51 51
0390_0033_0054_0032_0032.jpg 1 33 54 32 32
0391_0047_0017_0046_0046.jpg 1 47 17 46 46
0392_0016_0043_0043_0043.jpg 1 16 43 43 43
0393_0044_0025_0028_0028.jpg 1 44 25 28 28
0394_0035_0028_0038_0038.jpg 1 35 28 38 38
0395_0008_0061_0025_0025.jpg 1 8 61 25 25
0396_0021_0020_0064_0064.jpg 1 21 20 64 64
0397_0053_0024_0037_0037.jpg 1 53 24 37 37
0398_0017_0027_0057_0057.jpg 1 17 27 57 57
0399_0053_0048_0029_0029.jpg 1 53 48 29 29
0400_0013_0030_0065_0065.jpg 1 13 30 65 65
0401_0047_0041_0045_0045.jpg 1 47 41 45 45
0402_0033_0011_0034_0034.jpg 1 33 11 34 34
0403_0012_0016_0065_0065.jpg 1 12 16 65 65
0404_0036_0015_0059_0059.jpg 1 36 15 59 59
0405_0010_0039_0031_0031.jpg 1 10 39 31 31
0406_0017_0035_0054_0054.jpg 1 17 35 54 54
0407_0023_0006_0058_0058.jpg 1 23 6 58 58
0408_0059_0043_0029_0029.jpg 1 59 43 29 29
0409_0006_0032_0047_0047.jpg 1 6 32 47 47
0410_0015_0011_0069_0069.jpg 1 15 11 69 69
0411_0033_0013_0046_0046.jpg 1 33 13 46 46
0412_0012_0026_0068_0068.jpg 1 12 26 68 68
0413_0030_0059_0030_0030.jpg 1 30 59 30 30
0414_0020_0014_0051_0051.jpg 1 20 14 51 51
0415_0031_0005_0063_0063.jpg 1 31 5 63 63
0416_0044_0039_0028_0028.jpg 1 44 39 28 28
0417_0043_0034_0037_0037.jpg 1 43 34 37 37
0418_0058_0021_0026_0026.jpg 1 58 21 26 26
0419_0029_0013_0036_0036.jpg 1 29 13 36 36
0420_0011_0004_0060_0060.jpg 1 11 4 60 60
0421_0031_0024_0053_0053.jpg 1 31 24 53 53
0422_0024_0024_0066_0066.jpg 1 24 24 66 66
0423_0051_0025_0040_0040.jpg 1 51 25 40 40
0424_0033_0032_0046_0046.jpg 1 33 32 46 46
0425_0028_0020_0054_0054.jpg 1 28 20 54 54
0426_0013_0015_0048_0048.jpg 1 13 15 48 48
0427_0021_0010_0060_0060.jpg 1 21 10 60 60
0428_0032_0032_0050_0050.jpg 1 32 32 50 50
0429_0029_0031_0049_0049.jpg 1 29 31 49 49
0430_0014_0018_0060_0060.jpg 1 14 18 60 60
0431_0019_0014_0065_0065.jpg 1 19 14 65 65
0432_0011_0019_0054_0054.jpg 1 11 19 54 54
0433_0008_0030_0054_0054.jpg 1 8 30 54 54
0434_0021_0042_0034_0034.jpg 1 21 42 34 34
0435_0039_0043_0046_0046.jpg 1 39 43 46 46
0436_0057_0036_0029_0029.jpg 1 57 36 29 29
0437_0012_0046_0040_0040.jpg 1 12 46 40 40
0438_0029_0027_0049_0049.jpg 1 29 27 49 49
0439_0024_0023_0057_0057.jpg 1 24 23 57 57
0440_0034_0025_0026_0026.jpg 1 34 25 26 26
0441_0038_0039_0054_0054.jpg 1 38 39 54 54
0442_0050_0012_0043_0043.jpg 1 50 12 43 43
0443_0012_0059_0029_0029.jpg 1 12 59 29 29
0444_0014_0007_0030_0030.jpg 1 14 7 30 30
0445_0008_0012_0059_0059.jpg 1 8 12 59 59
0446_0032_0022_0058_0058.jpg 1 32 22 58 58
0447_0027_0039_0045_0045.jpg 1 27 39 45 45
0448_0062_0044_0028_0028.jpg 1 62 44 28 28
0449_0010_0034_0052_0052.jpg 1 10 34 52 52
0450_0007_0018_0063_0063.jpg 1 7 18 63 63
0451_0009_0037_0030_0030.jpg 1 9 37 30 30
0452_0050_0041_0033_0033.jpg 1 50 41 33 33
0453_0024_0029_0027_0027.jpg 1 24 29 27 27
0454_0022_0045_0036_0036.jpg 1 22 45 36 36
0455_0011_0011_0062_0062.jpg 1 11 11 62 62
0456_0022_0026_0053_0053.jpg 1 22 26 53 53
0457_0034_0027_0032_0032.jpg 1 34 27 32 32
0458_0020_0010_0061_0061.jpg 1 20 10 61 61
0459_0010_0034_0037_0037.jpg 1 10 34 37 37
0460_0018_0048_0033_0033.jpg 1 18 48 33 33
0461_0024_0027_0055_0055.jpg 1 24 27 55 55
0462_0037_0019_0047_0047.jpg 1 37 19 47 47
0463_0029_0017_0045_0045.jpg 1 29 17 45 45
0464_0008_0031_0044_0044.jpg 1 8 31 44 44
0465_0044_0032_0045_0045.jpg 1 44 32 45 45
0466_0035_0047_0031_0031.jpg 1 35 47 31 31
0467_0022_0036_0039_0039.jpg 1 22 36 39 39
0468_0030_0044_0049_0049.jpg 1 30 44 49 49
0469_0012_0030_0038_0038.jpg 1 12 30 38 38
0470_0041_0024_0029_0029.jpg 1 41 24 29 29
0471_0025_0014_0053_0053.jpg 1 25 14 53 53
0472_0026_0048_0027_0027.jpg 1 26 48 27 27
0473_0029_0037_0035_0035.jpg 1 29 37 35 35
0474_0004_0014_0061_0061.jpg 1 4 14 61 61
0475_0017_0038_0044_0044.jpg 1 17 38 44 44
0476_0012_0034_0061_0061.jpg 1 12 34 61 61
0477_0065_0023_0024_0024.jpg 1 65 23 24 24
0478_0044_0051_0036_0036.jpg 1 44 51 36 36
0479_0015_0026_0066_0066.jpg 1 15 26 66 66
0480_0005_0032_0045_0045.jpg 1 5 32 45 45
0481_0023_0023_0042_0042.jpg 1 23 23 42 42
0482_0024_0024_0054_0054.jpg 1 24 24 54 54
0483_0010_0019_0063_0063.jpg 1 10 19 63 63
0484_0054_0008_0024_0024.jpg 1 54 8 24 24
0485_0023_0028_0044_0044.jpg 1 23 28 44 44
0486_0016_0030_0045_0045.jpg 1 16 30 45 45
0487_0015_0011_0047_0047.jpg 1 15 11 47 47
0488_0039_0030_0041_0041.jpg 1 39 30 41 41
0489_0048_0051_0034_0034.jpg 1 48 51 34 34
0490_0068_0064_0024_0024.jpg 1 68 64 24 24
0491_0023_0015_0068_0068.jpg 1 23 15 68 68
0492_0018_0027_0046_0046.jpg 1 18 27 46 46
0493_0028_0004_0066_0066.jpg 1 28 4 66 66
0494_0014_0054_0037_0037.jpg 1 14 54 37 37
0495_0014_0018_0061_0061.jpg 1 14 18 61 61
0496_0029_0018_0053_0053.jpg 1 29 18 53 53
0497_0009_0011_0069_0069.jpg 1 9 11 69 69
0498_0056_0057_0033_0033.jpg 1 56 57 33 33
0499_0015_0021_0065_0065.jpg 1 15 21 65 65
0500_0010_0018_0059_0059.jpg 1 10 18 59 59
0501_0044_0007_0040_0040.jpg 1 44 7 40 40
0502_0032_0017_0058_0058.jpg 1 32 17 58 58
0503_0011_0043_0043_0043.jpg 1 11 43 43 43
0504_0006_0039_0043_0043.jpg 1 6 39 43 43
0505_0027_0043_0034_0034.jpg 1 27 43 34 34
0506_0020_0010_0037_0037.jpg 1 20 10 37 37
0507_0041_0024_0038_0038.jpg 1 41 24 38 38
0508_0017_0004_0068_0068.jpg 1 17 4 68 68
0509_0026_0026_0037_0037.jpg 1 26 26 37 37
0510_0019_0007_0036_0036.jpg 1 19 7 36 36
0511_0037_0012_0030_0030.jpg 1 37 12 30 30
0512_0019_0027_0057_0057.jpg 1 19 27 57 57
0513_0012_0013_0042_0042.jpg 1 12 13 42 42
0514_0040_0007_0046_0046.jpg 1 40 7 46 46
0515_0019_0030_0058_0058.jpg 1 19 30 58 58
0516_0015_0007_0051_0051.jpg 1 15 7 51 51
0517_0012_0024_0068_0068.jpg 1 12 24 68 68
0518_0032_0031_0060_0060.jpg 1 32 31 60 60
0519_0030_0032_0051_0051.jpg 1 30 32 51 51
0520_0025_0024_0054_0054.jpg 1 25 24 54 54
0521_0026_0032_0063_0063.jpg 1 26 32 63 63
0522_0029_0011_0048_0048.jpg 1 29 11 48 48
0523_0056_0028_0035_0035.jpg 1 56 28 35 35
0524_0052_0053_0027_0027.jpg 1 52 53 27 27
0525_0006_0044_0035_0035.jpg 1 6 44 35 35
0526_0024_0008_0054_0054.jpg 1 24 8 54 54
0527_0019_0009_0053_0053.jpg 1 19 9 53 53
0528_0027_0045_0035_0035.jpg 1 27 45 35 35
0529_0042_0040_0046_0046.jpg 1 42 40 46 46
0530_0014_0048_0038_0038.jpg 1 14 48 38 38
0531_0011_0020_0068_0068.jpg 1 11 20 68 68
0532_0055_0012_0033_0033.jpg 1 55 12 33 33
0533_0039_0018_0041_0041.jpg 1 39 18 41 41
0534_0019_0041_0042_0042.jpg 1 19 41 42 42
0535_0010_0014_0059_0059.jpg 1 10 14 59 59
0536_0041_0033_0034_0034.jpg 1 41 33 34 34
0537_0052_0040_0034_0034.jpg 1 52 40 34 34
0538_0011_0021_0054_0054.jpg 1 11 21 54 54
0539_0011_0023_0067_0067.jpg 1 11 23 67 67
0540_0007_0020_0052_0052.jpg 1 7 20 52 52
0541_0028_0037_0047_0047.jpg 1 28 37 47 47
0542_0029_0035_0057_0057.jpg 1 29 35 57 57
0543_0024_0024_0058_0058.jpg 1 24 24 58 58
0544_0015_0022_0055_0055.jpg 1 15 22 55 55
0545_0056_0027_0033_0033.jpg 1 56 27 33 33
0546_0020_0006_0044_0044.jpg 1 20 6 44 44
0547_0011_0038_0055_0055.jpg 1 11 38 55 55
0548_0020_0039_0045_0045.jpg 1 20 39 45 45
0549_0012_0012_0056_0056.jpg 1 12 12 56 56
0550_0035_0019_0058_0058.jpg 1 35 19 58 58
0551_0053_0065_0026_0026.jpg 1 53 65 26 26
0552_0040_0037_0033_0033.jpg 1 40 37 33 33
0553_0034_0016_0061_0061.jpg 1 34 16 61 61
0554_0022_0008_0056_0056.jpg 1 22 8 56 56
0555_0023_0042_0042_0042.jpg 1 23 42 42 42
0556_0042_0029_0037_0037.jpg 1 42 29 37 37
0557_0019_0012_0049_0049.jpg 1 19 12 49 49
0558_0005_0018_0065_0065.jpg 1 5 18 65 65
0559_0045_0037_0041_0041.jpg 1 45 37 41 41
0560_0027_0035_0056_0056.jpg 1 27 35 56 56
0561_0017_0033_0053_0053.jpg 1 17 33 53 53
0562_0007_0012_0031_0031.jpg 1 7 12 31 31
0563_0033_0028_0061_0061.jpg 1 33 28 61 61
0564_0013_0015_0065_0065.jpg 1 13 15 65 65
0565_0055_0039_0026_0026.jpg 1 55 39 26 26
0566_0035_0018_0061_0061.jpg 1 35 18 61 61
0567_0015_0009_0042_0042.jpg 1 15 9 42 42
0568_0059_0035_0028_0028.jpg 1 59 35 28 28
0569_0016_0028_0050_0050.jpg 1 16 28 50 50
0570_0049_0018_0045_0045.jpg 1 49 18 45 45
0571_0021_0018_0036_0036.jpg 1 21 18 36 36
0572_0035_0021_0026_0026.jpg 1 35 21 26 26
0573_0039_0052_0036_0036.jpg 1 39 52 36 36
0574_0039_0033_0046_0046.jpg 1 39 33 46 46
0575_0047_0019_0037_0037.jpg 1 47 19 37 37
0576_0027_0004_0065_0065.jpg 1 27 4 65 65
0577_0053_0045_0035_0035.jpg 1 53 45 35 35
0578_0043_0038_0028_0028.jpg 1 43 38 28 28
0579_0009_0011_0065_0065.jpg 1 9 11 65 65
0580_0014_0033_0060_0060.jpg 1 14 33 60 60
0581_0029_0041_0052_0052.jpg 1 29 41 52 52
0582_0024_0057_0030_0030.jpg 1 24 57 30 30
0583_0019_0027_0059_0059.jpg 1 19 27 59 59
0584_0013_0039_0037_0037.jpg 1 13 39 37 37
0585_0032_0019_0046_0046.jpg 1 32 19 46 46
0586_0011_0024_0069_0069.jpg 1 11 24 69 69
0587_0025_0006_0058_0058.jpg 1 25 6 58 58
0588_0043_0024_0037_0037.jpg 1 43 24 37 37
0589_0026_0026_0057_0057.jpg 1 26 26 57 57
0590_0026_0046_0028_0028.jpg 1 26 46 28 28
0591_0029_0022_0041_0041.jpg 1 29 22 41 41
0592_0017_0014_0050_0050.jpg 1 17 14 50 50
0593_0020_0035_0043_0043.jpg 1 20 35 43 43
0594_0023_0028_0066_0066.jpg 1 23 28 66 66
0595_0026_0031_0061_0061.jpg 1 26 31 61 61
0596_0044_0030_0028_0028.jpg 1 44 30 28 28
0597_0014_0010_0051_0051.jpg 1 14 10 51 51
0598_0009_0022_0050_0050.jpg 1 9 22 50 50
0599_0028_0019_0063_0063.jpg 1 28 19 63 63
0600_0028_0049_0045_0045.jpg 1 28 49 45 45
0601_0055_0065_0025_0025.jpg 1 55 65 25 25
0602_0011_0026_0059_0059.jpg 1 11 26 59 59
0603_0047_0047_0032_0032.jpg 1 47 47 32 32
0604_0013_0054_0029_0029.jpg 1 13 54 29 29
0605_0041_0027_0050_0050.jpg 1 41 27 50 50
0606_0025_0026_0067_0067.jpg 1 25 26 67 67
0607_0019_0044_0041_0041.jpg 1 19 44 41 41
0608_0020_0032_0055_0055.jpg 1 20 32 55 55
0609_0025_0019_0061_0061.jpg 1 25 19 61 61
0610_0019_0046_0042_0042.jpg 1 19 46 42 42
0611_0037_0050_0044_0044.jpg 1 37 50 44 44
0612_0012_0015_0066_0066.jpg 1 12 15 66 66
0613_0052_0046_0029_0029.jpg 1 52 46 29 29
0614_0058_0045_0025_0025.jpg 1 58 45 25 25
0615_0029_0006_0057_0057.jpg 1 29 6 57 57
0616_0015_0018_0068_0068.jpg 1 15 18 68 68
0617_0004_0032_0056_0056.jpg 1 4 32 56 56
0618_0026_0014_0069_0069.jpg 1 26 14 69 69
0619_0030_0016_0056_0056.jpg 1 30 16 56 56
0620_0033_0045_0036_0036.jpg 1 33 45 36 36
0621_0058_0026_0026_0026.jpg 1 58 26 26 26
0622_0035_0022_0042_0042.jpg 1 35 22 42 42
0623_0027_0005_0062_0062.jpg 1 27 5 62 62
0624_0044_0046_0045_0045.jpg 1 44 46 45 45
0625_0007_0012_0028_0028.jpg 1 7 12 28 28
0626_0033_0034_0052_0052.jpg 1 33 34 52 52
0627_0006_0034_0057_0057.jpg 1 6 34 57 57
0628_0013_0013_0030_0030.jpg 1 13 13 30 30
0629_0057_0032_0025_0025.jpg 1 57 32 25 25
0630_0016_0025_0060_0060.jpg 1 16 25 60 60
0631_0042_0010_0031_0031.jpg 1 42 10 31 31
0632_0021_0035_0060_0060.jpg 1 21 35 60 60
0633_0025_0039_0034_0034.jpg 1 25 39 34 34
0634_0022_0026_0066_0066.jpg 1 22 26 66 66
0635_0009_0019_0058_0058.jpg 1 9 19 58 58
0636_0033_0027_0061_0061.jpg 1 33 27 61 61
0637_0039_0023_0038_0038.jpg 1 39 23 38 38
0638_0018_0024_0050_0050.jpg 1 18 24 50 50
0639_0029_0024_0027_0027.jpg 1 29 24 27 27
0640_0036_0052_0035_0035.jpg 1 36 52 35 35
0641_0038_0021_0036_0036.jpg 1 38 21 36 36
0642_0059_0046_0034_0034.jpg 1 59 46 34 34
0643_0019_0024_0031_0031.jpg 1 19 24 31 31
0644_0010_0028_0034_0034.jpg 1 10 28 34 34
0645_0017_0023_0067_0067.jpg 1 17 23 67 67
0646_0033_0019_0042_0042.jpg 1 33 19 42 42
0647_0015_0030_0040_0040.jpg 1 15 30 40 40
0648_0033_0030_0049_0049.jpg 1 33 30 49 49
0649_0038_0067_0025_0025.jpg 1 38 67 25 25
0650_0028_0031_0056_0056.jpg 1 28 31 56 56
0651_0004_0028_0059_0059.jpg 1 4 28 59 59
0652_0019_0004_0053_0053.jpg 1 19 4 53 53
0653_0009_0028_0066_0066.jpg 1 9 28 66 66
0654_0013_0009_0036_0036.jpg 1 13 9 36 36
0655_0005_0034_0044_0044.jpg 1 5 34 44 44
0656_0049_0046_0025_0025.jpg 1 49 46 25 25
0657_0055_0053_0030_0030.jpg 1 55 53 30 30
0658_0015_0005_0066_0066.jpg 1 15 5 66 66
0659_0027_0055_0030_0030.jpg 1 27 55 30 30
0660_0022_0017_0069_0069.jpg 1 22 17 69 69
0661_0030_0044_0039_0039.jpg 1 30 44 39 39
0662_0012_0024_0038_0038.jpg 1 12 24 38 38
0663_0034_0017_0052_0052.jpg 1 34 17 52 52
0664_0007_0029_0042_0042.jpg 1 7 29 42 42
0665_0013_0021_0068_0068.jpg 1 13 21 68 68
0666_0008_0007_0031_0031.jpg 1 8 7 31 31
0667_0034_0042_0039_0039.jpg 1 34 42 39 39
0668_0057_0047_0035_0035.jpg 1 57 47 35 35
0669_0017_0012_0043_0043.jpg 1 17 12 43 43
0670_0012_0017_0038_0038.jpg 1 12 17 38 38
0671_0035_0043_0033_0033.jpg 1 35 43 33 33
0672_0046_0023_0035_0035.jpg 1 46 23 35 35
0673_0006_0014_0051_0051.jpg 1 6 14 51 51
0674_0005_0024_0065_0065.jpg 1 5 24 65 65
0675_0013_0022_0062_0062.jpg 1 13 22 62 62
0676_0036_0033_0036_0036.jpg 1 36 33 36 36
0677_0013_0025_0062_0062.jpg 1 13 25 62 62
0678_0013_0047_0038_0038.jpg 1 13 47 38 38
0679_0006_0007_0043_0043.jpg 1 6 7 43 43
0680_0021_0036_0042_0042.jpg 1 21 36 42 42
0681_0006_0011_0041_0041.jpg 1 6 11 41 41
0682_0033_0006_0059_0059.jpg 1 33 6 59 59
0683_0009_0053_0040_0040.jpg 1 9 53 40 40
0684_0006_0016_0033_0033.jpg 1 6 16 33 33
0685_0044_0018_0034_0034.jpg 1 44 18 34 34
0686_0032_0023_0027_0027.jpg 1 32 23 27 27
0687_0031_0013_0058_0058.jpg 1 31 13 58 58
0688_0025_0039_0053_0053.jpg 1 25 39 53 53
0689_0055_0041_0026_0026.jpg 1 55 41 26 26
0690_0030_0036_0056_0056.jpg 1 30 36 56 56
0691_0028_0051_0037_0037.jpg 1 28 51 37 37
0692_0013_0025_0030_0030.jpg 1 13 25 30 30
0693_0030_0015_0035_0035.jpg 1 30 15 35 35
0694_0029_0013_0055_0055.jpg 1 29 13 55 55
0695_0030_0029_0038_0038.jpg 1 30 29 38 38
0696_0056_0055_0034_0034.jpg 1 56 55 34 34
0697_0025_0040_0050_0050.jpg 1 25 40 50 50
0698_0019_0028_0042_0042.jpg 1 19 28 42 42
0699_0035_0035_0055_0055.jpg 1 35 35 55 55
0700_0014_0037_0037_0037.jpg 1 14 37 37 37
0701_0040_0024_0051_0051.jpg 1 40 24 51 51
0702_0016_0020_0052_0052.jpg 1 16 20 52 52
0703_0014_0026_0069_0069.jpg 1 14 26 69 69
0704_0020_0019_0035_0035.jpg 1 20 19 35 35
0705_0009_0009_0064_0064.jpg 1 9 9 64 64
0706_0019_0029_0035_0035.jpg 1 19 29 35 35
0707_0011_0036_0057_0057.jpg 1 11 36 57 57
0708_0037_0034_0031_0031.jpg 1 37 34 31 31
0709_0032_0025_0055_0055.jpg 1 32 25 55 55
0710_0025_0034_0035_0035.jpg 1 25 34 35 35
0711_0040_0021_0051_0051.jpg 1 40 21 51 51
0712_0041_0018_0052_0052.jpg 1 41 18 52 52
0713_0066_0037_0026_0026.jpg 1 66 37 26 26
0714_0033_0019_0041_0041.jpg 1 33 19 41 41
0715_0020_0029_0065_0065.jpg 1 20 29 65 65
0716_0018_0018_0068_0068.jpg 1 18 18 68 68
0717_0031_0025_0030_0030.jpg 1 31 25 30 30
0718_0012_0046_0040_0040.jpg 1 12 46 40 40
0719_0013_0032_0058_0058.jpg 1 13 32 58 58
0720_0025_0008_0034_0034.jpg 1 25 8 34 34
0721_0046_0014_0046_0046.jpg 1 46 14 46 46
0722_0032_0023_0049_0049.jpg 1 32 23 49 49
0723_0025_0039_0043_0043.jpg 1 25 39 43 43
0724_0043_0049_0044_0044.jpg 1 43 49 44 44
0725_0027_0016_0063_0063.jpg 1 27 16 63 63
0726_0013_0032_0058_0058.jpg 1 13 32 58 58
0727_0009_0030_0059_0059.jpg 1 9 30 59 59
0728_0054_0024_0036_0036.jpg 1 54 24 36 36
0729_0008_0016_0064_0064.jpg 1 8 16 64 64
0730_0022_0008_0065_0065.jpg 1 22 8 65 65
0731_0028_0005_0052_0052.jpg 1 28 5 52 52
0732_0021_0024_0054_0054.jpg 1 21 24 54 54
0733_0047_0059_0025_0025.jpg 1 47 59 25 25
0734_0043_0037_0033_0033.jpg 1 43 37 33 33
0735_0026_0020_0039_0039.jpg 1 26 20 39 39
0736_0028_0049_0044_0044.jpg 1 28 49 44 44
0737_0017_0009_0057_0057.jpg 1 17 9 57 57
0738_0049_0045_0036_0036.jpg 1 49 45 36 36
0739_0015_0008_0050_0050.jpg 1 15 8 50 50
0740_0027_0008_0054_0054.jpg 1 27 8 54 54
0741_0037_0021_0054_0054.jpg 1 37 21 54 54
0742_0051_0053_0032_0032.jpg 1 51 53 32 32
0743_0060_0059_0025_0025.jpg 1 60 59 25 25
0744_0010_0044_0041_0041.jpg 1 10 44 41 41
0745_0042_0034_0041_0041.jpg 1 42 34 41 41
0746_0020_0043_0050_0050.jpg 1 20 43 50 50
0747_0017_0015_0066_0066.jpg 1 17 15 66 66
0748_0005_0022_0058_0058.jpg 1 5 22 58 58
0749_0023_0037_0058_0058.jpg 1 23 37 58 58
0750_0025_0042_0047_0047.jpg 1 25 42 47 47
0751_0008_0008_0049_0049.jpg 1 8 8 49 49
0752_0007_0060_0029_0029.jpg 1 7 60 29 29
0753_0005_0009_0062_0062.jpg 1 5 9 62 62
0754_0022_0029_0053_0053.jpg 1 22 29 53 53
0755_0010_0030_0052_0052.jpg 1 10 30 52 52
0756_0034_0020_0031_0031.jpg 1 34 20 31 31
0757_0038_0041_0033_0033.jpg 1 38 41 33 33
0758_0015_0042_0028_0028.jpg 1 15 42 28 28
0759_0017_0020_0029_0029.jpg 1 17 20 29 29
0760_0017_0040_0038_0038.jpg 1 17 40 38 38
0761_0012_0053_0037_0037.jpg 1 12 53 37 37
0762_0025_0025_0057_0057.jpg 1 25 25 57 57
0763_0009_0017_0060_0060.jpg 1 9 17 60 60
0764_0042_0006_0044_0044.jpg 1 42 6 44 44
0765_0008_0040_0046_0046.jpg 1 8 40 46 46
0766_0021_0022_0050_0050.jpg 1 21 22 50 50
0767_0017_0009_0058_0058.jpg 1 17 9 58 58
0768_0017_0011_0037_0037.jpg 1 17 11 37 37
0769_0044_0049_0041_0041.jpg 1 44 49 41 41
0770_0041_0044_0034_0034.jpg 1 41 44 34 34
0771_0020_0008_0065_0065.jpg 1 20 8 65 65
0772_0058_0008_0028_0028.jpg 1 58 8 28 28
0773_0032_0025_0053_0053.jpg 1 32 25 53 53
0774_0007_0008_0068_0068.jpg 1 7 8 68 68
0775_0005_0033_0047_0047.jpg 1 5 33 47 47
0776_0031_0038_0051_0051.jpg 1 31 38 51 51
0777_0013_0051_0035_0035.jpg 1 13 51 35 35
0778_0007_0006_0065_0065.jpg 1 7 6 65 65
0779_0039_0032_0049_0049.jpg 1 39 32 49 49
0780_0023_0027_0043_0043.jpg 1 23 27 43 43
0781_0050_0037_0031_0031.jpg 1 50 37 31 31
0782_0030_0055_0031_0031.jpg 1 30 55 31 31
0783_0022_0025_0056_0056.jpg 1 22 25 56 56
0784_0008_0035_0060_0060.jpg 1 8 35 60 60
0785_0014_0039_0034_0034.jpg 1 14 39 34 34
0786_0024_0033_0057_0057.jpg 1 24 33 57 57
0787_0046_0021_0040_0040.jpg 1 46 21 40 40
0788_0034_0050_0044_0044.jpg 1 34 50 44 44
0789_0012_0013_0067_0067.jpg 1 12 13 67 67
0790_0013_0024_0065_0065.jpg 1 13 24 65 65
0791_0027_0035_0059_0059.jpg 1 27 35 59 59
0792_0011_0020_0056_0056.jpg 1 11 20 56 56
0793_0014_0029_0067_0067.jpg 1 14 29 67 67
0794_0032_0011_0027_0027.jpg 1 32 11 27 27
0795_0037_0037_0057_0057.jpg 1 37 37 57 57
0796_0006_0032_0052_0052.jpg 1 6 32 52 52
0797_0032_0009_0040_0040.jpg 1 32 9 40 40
0798_0031_0049_0037_0037.jpg 1 31 49 37 37
0799_0028_0025_0054_0054.jpg 1 28 25 54 54
0800_0021_0029_0029_0029.jpg 1 21 29 29 29
0801_0023_0026_0045_0045.jpg 1 23 26 45 45
0802_0020_0008_0047_0047.jpg 1 20 8 47 47
0803_0035_0023_0059_0059.jpg 1 35 23 59 59
0804_0010_0011_0055_0055.jpg 1 10 11 55 55
0805_0013_0025_0044_0044.jpg 1 13 25 44 44
0806_0043_0044_0031_0031.jpg 1 43 44 31 31
0807_0038_0041_0041_0041.jpg 1 38 41 41 41
0808_0034_0039_0053_0053.jpg 1 34 39 53 53
0809_0040_0038_0051_0051.jpg 1 40 38 51 51
0810_0030_0037_0037_0037.jpg 1 30 37 37 37
0811_0017_0047_0024_0024.jpg 1 17 47 24 24
0812_0047_0020_0028_0028.jpg 1 47 20 28 28
0813_0039_0032_0052_0052.jpg 1 39 32 52 52
0814_0042_0020_0024_0024.jpg 1 42 20 24 24
0815_0024_0017_0057_0057.jpg 1 24 17 57 57
0816_0011_0038_0055_0055.jpg 1 11 38 55 55
0817_0051_0009_0041_0041.jpg 1 51 9 41 41
0818_0042_0031_0026_0026.jpg 1 42 31 26 26
0819_0029_0024_0051_0051.jpg 1 29 24 51 51
0820_0028_0016_0066_0066.jpg 1 28 16 66 66
0821_0008_0036_0056_0056.jpg 1 8 36 56 56
0822_0038_0006_0040_0040.jpg 1 38 6 40 40
0823_0044_0011_0032_0032.jpg 1 44 11 32 32
0824_0015_0013_0046_0046.jpg 1 15 13 46 46
0825_0049_0015_0037_0037.jpg 1 49 15 37 37
0826_0060_0013_0025_0025.jpg 1 60 13 25 25
0827_0042_0031_0046_0046.jpg 1 42 31 46 46
0828_0028_0036_0048_0048.jpg 1 28 36 48 48
0829_0027_0029_0037_0037.jpg 1 27 29 37 37
0830_0039_0008_0041_0041.jpg 1 39 8 41 41
0831_0011_0025_0035_0035.jpg 1 11 25 35 35
0832_0012_0037_0031_0031.jpg 1 12 37 31 31
0833_0045_0027_0038_0038.jpg 1 45 27 38 38
0834_0021_0012_0067_0067.jpg 1 21 12 67 67
0835_0016_0010_0068_0068.jpg 1 16 10 68 68
0836_0025_0047_0047_0047.jpg 1 25 47 47 47
0837_0005_0006_0057_0057.jpg 1 5 6 57 57
0838_0023_0013_0037_0037.jpg 1 23 13 37 37
0839_0044_0015_0039_0039.jpg 1 44 15 39 39
0840_0047_0046_0029_0029.jpg 1 47 46 29 29
0841_0013_0006_0060_0060.jpg 1 13 6 60 60
0842_0046_0025_0048_0048.jpg 1 46 25 48 48
0843_0021_0046_0041_0041.jpg 1 21 46 41 41
0844_0037_0021_0037_0037.jpg 1 37 21 37 37
0845_0018_0016_0067_0067.jpg 1 18 16 67 67
0846_0019_0025_0035_0035.jpg 1 19 25 35 35
0847_0052_0015_0034_0034.jpg 1 52 15 34 34
0848_0021_0023_0060_0060.jpg 1 21 23 60 60
0849_0018_0021_0029_0029.jpg 1 18 21 29 29
0850_0044_0033_0036_0036.jpg 1 44 33 36 36
0851_0040_0048_0032_0032.jpg 1 40 48 32 32
0852_0008_0003_0069_0069.jpg 1 8 3 69 69
0853_0019_0024_0061_0061.jpg 1 19 24 61 61
0854_0043_0015_0043_0043.jpg 1 43 15 43 43
0855_0046_0022_0048_0048.jpg 1 46 22 48 48
0856_0016_0032_0053_0053.jpg 1 16 32 53 53
0857_0028_0012_0036_0036.jpg 1 28 12 36 36
0858_0025_0013_0059_0059.jpg 1 25 13 59 59
0859_0022_0032_0054_0054.jpg 1 22 32 54 54
0860_0025_0022_0067_0067.jpg 1 25 22 67 67
0861_0020_0009_0062_0062.jpg 1 20 9 62 62
0862_0019_0008_0054_0054.jpg 1 19 8 54 54
0863_0017_0016_0065_0065.jpg 1 17 16 65 65
0864_0021_0021_0066_0066.jpg 1 21 21 66 66
0865_0043_0032_0040_0040.jpg 1 43 32 40 40
0866_0029_0014_0046_0046.jpg 1 29 14 46 46
0867_0021_0016_0058_0058.jpg 1 21 16 58 58
0868_0019_0029_0048_0048.jpg 1 19 29 48 48
0869_0016_0017_0063_0063.jpg 1 16 17 63 63
0870_0011_0027_0061_0061.jpg 1 11 27 61 61
0871_0018_0015_0062_0062.jpg 1 18 15 62 62
0872_0038_0014_0042_0042.jpg 1 38 14 42 42
0873_0027_0008_0037_0037.jpg 1 27 8 37 37
0874_0013_0026_0031_0031.jpg 1 13 26 31 31
0875_0018_0051_0026_0026.jpg 1 18 51 26 26
0876_0022_0047_0044_0044.jpg 1 22 47 44 44
0877_0048_0022_0042_0042.jpg 1 48 22 42 42
0878_0020_0014_0044_0044.jpg 1 20 14 44 44
0879_0011_0035_0047_0047.jpg 1 11 35 47 47
0880_0011_0025_0040_0040.jpg 1 11 25 40 40
0881_0061_0024_0031_0031.jpg 1 61 24 31 31
0882_0023_0045_0049_0049.jpg 1 23 45 49 49
0883_0013_0027_0032_0032.jpg 1 13 27 32 32
0884_0042_0042_0046_0046.jpg 1 42 42 46 46
0885_0033_0038_0035_0035.jpg 1 33 38 35 35
0886_0014_0012_0027_0027.jpg 1 14 12 27 27
0887_0064_0030_0024_0024.jpg 1 64 30 24 24
0888_0014_0026_0049_0049.jpg 1 14 26 49 49
0889_0011_0042_0043_0043.jpg 1 11 42 43 43
0890_0008_0003_0068_0068.jpg 1 8 3 68 68
0891_0022_0018_0029_0029.jpg 1 22 18 29 29
0892_0010_0008_0058_0058.jpg 1 10 8 58 58
0893_0013_0014_0053_0053.jpg 1 13 14 53 53
0894_0009_0012_0052_0052.jpg 1 9 12 52 52
0895_0010_0017_0059_0059.jpg 1 10 17 59 59
0896_0006_0010_0049_0049.jpg 1 6 10 49 49
0897_0060_0033_0027_0027.jpg 1 60 33 27 27
0898_0024_0035_0045_0045.jpg 1 24 35 45 45
0899_0037_0035_0039_0039.jpg 1 37 35 39 39
0900_0006_0007_0065_0065.jpg 1 6 7 65 65
0901_0006_0005_0049_0049.jpg 1 6 5 49 49
0902_0028_0013_0062_0062.jpg 1 28 13 62 62
0903_0030_0007_0044_0044.jpg 1 30 7 44 44
0904_0041_0009_0050_0050.jpg 1 41 9 50 50
0905_0010_0042_0044_0044.jpg 1 10 42 44 44
0906_0037_0032_0058_0058.jpg 1 37 32 58 58
0907_0012_0012_0034_0034.jpg 1 12 12 34 34
0908_0024_0004_0052_0052.jpg 1 24 4 52 52
0909_0024_0025_0060_0060.jpg 1 24 25 60 60
0910_0026_0046_0046_0046.jpg 1 26 46 46 46
0911_0039_0039_0043_0043.jpg 1 39 39 43 43
0912_0029_0020_0067_0067.jpg 1 29 20 67 67
0913_0007_0008_0061_0061.jpg 1 7 8 61 61
0914_0030_0022_0051_0051.jpg 1 30 22 51 51
0915_0065_0009_0026_0026.jpg 1 65 9 26 26
0916_0015_0026_0045_0045.jpg 1 15 26 45 45
0917_0016_0036_0042_0042.jpg 1 16 36 42 42
0918_0008_0018_0069_0069.jpg 1 8 18 69 69
0919_0046_0050_0042_0042.jpg 1 46 50 42 42
0920_0013_0025_0069_0069.jpg 1 13 25 69 69
0921_0019_0023_0067_0067.jpg 1 19 23 67 67
0922_0028_0007_0043_0043.jpg 1 28 7 43 43
0923_0015_0016_0039_0039.jpg 1 15 16 39 39
0924_0004_0004_0065_0065.jpg 1 4 4 65 65
0925_0008_0013_0065_0065.jpg 1 8 13 65 65
0926_0015_0006_0059_0059.jpg 1 15 6 59 59
0927_0049_0033_0028_0028.jpg 1 49 33 28 28
0928_0037_0045_0044_0044.jpg 1 37 45 44 44
0929_0015_0041_0042_0042.jpg 1 15 41 42 42
0930_0019_0026_0043_0043.jpg 1 19 26 43 43
0931_0037_0017_0050_0050.jpg 1 37 17 50 50
0932_0009_0045_0043_0043.jpg 1 9 45 43 43
0933_0039_0024_0055_0055.jpg 1 39 24 55 55
0934_0004_0016_0061_0061.jpg 1 4 16 61 61
0935_0037_0007_0055_0055.jpg 1 37 7 55 55
0936_0009_0024_0066_0066.jpg 1 9 24 66 66
0937_0049_0050_0029_0029.jpg 1 49 50 29 29
0938_0009_0043_0047_0047.jpg 1 9 43 47 47
0939_0038_0030_0055_0055.jpg 1 38 30 55 55
0940_0011_0007_0058_0058.jpg 1 11 7 58 58
0941_0024_0017_0065_0065.jpg 1 24 17 65 65
0942_0004_0016_0061_0061.jpg 1 4 16 61 61
0943_0039_0045_0035_0035.jpg 1 39 45 35 35
0944_0009_0008_0031_0031.jpg 1 9 8 31 31
0945_0018_0036_0032_0032.jpg 1 18 36 32 32
0946_0025_0013_0050_0050.jpg 1 25 13 50 50
0947_0045_0015_0046_0046.jpg 1 45 15 46 46
0948_0008_0025_0044_0044.jpg 1 8 25 44 44
0949_0016_0011_0032_0032.jpg 1 16 11 32 32
0950_0028_0030_0060_0060.jpg 1 28 30 60 60
0951_0052_0028_0040_0040.jpg 1 52 28 40 40
0952_0022_0012_0067_0067.jpg 1 22 12 67 67
0953_0035_0011_0049_0049.jpg 1 35 11 49 49
0954_0013_0047_0043_0043.jpg 1 13 47 43 43
0955_0014_0019_0027_0027.jpg 1 14 19 27 27
0956_0050_0055_0031_0031.jpg 1 50 55 31 31
0957_0033_0019_0061_0061.jpg 1 33 19 61 61
0958_0007_0028_0031_0031.jpg 1 7 28 31 31
0959_0042_0044_0044_0044.jpg 1 42 44 44 44
0960_0028_0017_0032_0032.jpg 1 28 17 32 32
0961_0065_0053_0026_0026.jpg 1 65 53 26 26
0962_0041_0009_0039_0039.jpg 1 41 9 39 39
0963_0027_0023_0063_0063.jpg 1 27 23 63 63
0964_0013_0012_0042_0042.jpg 1 13 12 42 42
0965_0026_0020_0058_0058.jpg 1 26 20 58 58
0966_0027_0004_0056_0056.jpg 1 27 4 56 56
0967_0023_0009_0032_0032.jpg 1 23 9 32 32
0968_0030_0022_0055_0055.jpg 1 30 22 55 55
0969_0016_0026_0048_0048.jpg 1 16 26 48 48
0970_0057_0023_0027_0027.jpg 1 57 23 27 27
0971_0026_0051_0042_0042.jpg 1 26 51 42 42
0972_0005_0033_0062_0062.jpg 1 5 33 62 62
0973_0010_0023_0045_0045.jpg 1 10 23 45 45
0974_0009_0027_0043_0043.jpg 1 9 27 43 43
0975_0024_0023_0067_0067.jpg 1 24 23 67 67
0976_0017_0022_0069_0069.jpg 1 17 22 69 69
0977_0028_0008_0049_0049.jpg 1 28 8 49 49
0978_0031_0016_0051_0051.jpg 1 31 16 51 51
0979_0021_0028_0053_0053.jpg 1 21 28 53 53
0980_0022_0022_0027_0027.jpg 1 22 22 27 27
0981_0020_0018_0034_0034.jpg 1 20 18 34 34
0982_0017_0046_0045_0045.jpg 1 17 46 45 45
0983_0004_0009_0066_0066.jpg 1 4 9 66 66
0984_0023_0033_0041_0041.jpg 1 23 33 41 41
0985_0031_0057_0035_0035.jpg 1 31 57 35 35
0986_0028_0027_0059_0059.jpg 1 28 27 59 59
0987_0022_0005_0056_0056.jpg 1 22 5 56 56
0988_0028_0022_0054_0054.jpg 1 28 22 54 54
0989_0029_0016_0035_0035.jpg 1 29 16 35 35
0990_0011_0025_0050_0050.jpg 1 11 25 50 50
0991_0050_0032_0025_0025.jpg 1 50 32 25 25
0992_0004_0013_0064_0064.jpg 1 4 13 64 64
0993_0027_0008_0029_0029.jpg 1 27 8 29 29
0994_0022_0010_0045_0045.jpg 1 22 10 45 45
0995_0012_0009_0042_0042.jpg 1 12 9 42 42
0996_0019_0024_0063_0063.jpg 1 19 24 63 63
0997_0012_0025_0063_0063.jpg 1 12 25 63 63
0998_0017_0006_0050_0050.jpg 1 17 6 50 50
0999_0020_0043_0049_0049.jpg 1 20 43 49 49
1000_0020_0015_0024_0024.jpg 1 20 15 24 24
1001_0019_0048_0039_0039.jpg 1 19 48 39 39
1002_0021_0018_0040_0040.jpg 1 21 18 40 40
1003_0042_0010_0030_0030.jpg 1 42 10 30 30
1004_0012_0007_0057_0057.jpg 1 12 7 57 57
1005_0043_0046_0039_0039.jpg 1 43 46 39 39
1006_0048_0052_0038_0038.jpg 1 48 52 38 38
1007_0019_0021_0029_0029.jpg 1 19 21 29 29
1008_0013_0031_0062_0062.jpg 1 13 31 62 62
1009_0010_0010_0052_0052.jpg 1 10 10 52 52
1010_0021_0028_0057_0057.jpg 1 21 28 57 57
1011_0018_0018_0041_0041.jpg 1 18 18 41 41
1012_0039_0028_0056_0056.jpg 1 39 28 56 56
1013_0048_0046_0045_0045.jpg 1 48 46 45 45
1014_0034_0005_0058_0058.jpg 1 34 5 58 58
1015_0034_0034_0054_0054.jpg 1 34 34 54 54
1016_0016_0054_0037_0037.jpg 1 16 54 37 37
1017_0008_0032_0036_0036.jpg 1 8 32 36 36
1018_0019_0017_0044_0044.jpg 1 19 17 44 44
1019_0014_0005_0052_0052.jpg 1 14 5 52 52
1020_0050_0035_0043_0043.jpg 1 50 35 43 43
1021_0006_0032_0055_0055.jpg 1 6 32 55 55
1022_0050_0048_0043_0043.jpg 1 50 48 43 43
1023_0028_0033_0056_0056.jpg 1 28 33 56 56
1024_0031_0014_0056_0056.jpg 1 31 14 56 56
1025_0036_0033_0056_0056.jpg 1 36 33 56 56
1026_0007_0029_0036_0036.jpg 1 7 29 36 36
1027_0009_0034_0055_0055.jpg 1 9 34 55 55
1028_0038_0028_0032_0032.jpg 1 38 28 32 32
1029_0028_0017_0061_0061.jpg 1 28 17 61 61
1030_0017_0021_0050_0050.jpg 1 17 21 50 50
1031_0019_0004_0062_0062.jpg 1 19 4 62 62
1032_0037_0052_0028_0028.jpg 1 37 52 28 28
1033_0025_0010_0069_0069.jpg 1 25 10 69 69
1034_0011_0037_0057_0057.jpg 1 11 37 57 57
1035_0039_0016_0027_0027.jpg 1 39 16 27 27
1036_0014_0005_0057_0057.jpg 1 14 5 57 57
1037_0062_0047_0025_0025.jpg 1 62 47 25 25
1038_0009_0038_0030_0030.jpg 1 9 38 30 30
1039_0013_0053_0026_0026.jpg 1 13 53 26 26
1040_0016_0030_0058_0058.jpg 1 16 30 58 58
1041_0015_0041_0047_0047.jpg 1 15 41 47 47
1042_0016_0023_0060_0060.jpg 1 16 23 60 60
1043_0033_0017_0029_0029.jpg 1 33 17 29 29
1044_0022_0058_0028_0028.jpg 1 22 58 28 28
1045_0022_0013_0063_0063.jpg 1 22 13 63 63
1046_0036_0009_0045_0045.jpg 1 36 9 45 45
1047_0004_0016_0065_0065.jpg 1 4 16 65 65
1048_0025_0041_0038_0038.jpg 1 25 41 38 38
1049_0016_0003_0069_0069.jpg 1 16 3 69 69
1050_0010_0009_0057_0057.jpg 1 10 9 57 57
1051_0006_0028_0066_0066.jpg 1 6 28 66 66
1052_0042_0025_0033_0033.jpg 1 42 25 33 33
1053_0049_0032_0040_0040.jpg 1 49 32 40 40
1054_0030_0047_0032_0032.jpg 1 30 47 32 32
1055_0013_0018_0046_0046.jpg 1 13 18 46 46
1056_0042_0032_0052_0052.jpg 1 42 32 52 52
1057_0009_0026_0061_0061.jpg 1 9 26 61 61
1058_0024_0010_0064_0064.jpg 1 24 10 64 64
1059_0043_0036_0029_0029.jpg 1 43 36 29 29
1060_0035_0033_0032_0032.jpg 1 35 33 32 32
1061_0016_0005_0058_0058.jpg 1 16 5 58 58
1062_0029_0030_0061_0061.jpg 1 29 30 61 61
1063_0009_0012_0056_0056.jpg 1 9 12 56 56
1064_0007_0026_0056_0056.jpg 1 7 26 56 56
1065_0039_0015_0037_0037.jpg 1 39 15 37 37
1066_0019_0025_0055_0055.jpg 1 19 25 55 55
1067_0003_0020_0063_0063.jpg 1 3 20 63 63
1068_0038_0051_0032_0032.jpg 1 38 51 32 32
1069_0024_0011_0045_0045.jpg 1 24 11 45 45
1070_0008_0006_0057_0057.jpg 1 8 6 57 57
1071_0027_0024_0062_0062.jpg 1 27 24 62 62
1072_0014_0060_0028_0028.jpg 1 14 60 28 28
1073_0021_0008_0068_0068.jpg 1 21 8 68 68
1074_0019_0044_0043_0043.jpg 1 19 44 43 43
1075_0005_0008_0057_0057.jpg 1 5 8 57 57
1076_0037_0011_0038_0038.jpg 1 37 11 38 38
1077_0027_0025_0032_0032.jpg 1 27 25 32 32
1078_0037_0006_0043_0043.jpg 1 37 6 43 43
1079_0046_0031_0028_0028.jpg 1 46 31 28 28
1080_0028_0026_0051_0051.jpg 1 28 26 51 51
1081_0034_0009_0056_0056.jpg 1 34 9 56 56
1082_0033_0040_0055_0055.jpg 1 33 40 55 55
1083_0053_0022_0025_0025.jpg 1 53 22 25 25
1084_0008_0014_0049_0049.jpg 1 8 14 49 49
1085_0049_0008_0032_0032.jpg 1 49 8 32 32
1086_0029_0060_0030_0030.jpg 1 29 60 30 30
1087_0023_0016_0055_0055.jpg 1 23 16 55 55
1088_0023_0027_0064_0064.jpg 1 23 27 64 64
1089_0044_0012_0030_0030.jpg 1 44 12 30 30
1090_0032_0012_0049_0049.jpg 1 32 12 49 49
1091_0031_0026_0054_0054.jpg 1 31 26 54 54
1092_0030_0011_0048_0048.jpg 1 30 11 48 48
1093_0023_0042_0050_0050.jpg 1 23 42 50 50
1094_0020_0026_0057_0057.jpg 1 20 26 57 57
1095_0010_0031_0052_0052.jpg 1 10 31 52 52
1096_0017_0026_0028_0028.jpg 1 17 26 28 28
1097_0038_0028_0049_0049.jpg 1 38 28 49 49
1098_0029_0038_0041_0041.jpg 1 29 38 41 41
1099_0035_0061_0028_0028.jpg 1 35 61 28 28
1100_0038_0052_0040_0040.jpg 1 38 52 40 40
1101_0029_0007_0064_0064.jpg 1 29 7 64 64
1102_0023_0062_0027_0027.jpg 1 23 62 27 27
1103_0017_0015_0060_0060.jpg 1 17 15 60 60
1104_0015_0012_0062_0062.jpg 1 15 12 62 62
1105_0029_0017_0066_0066.jpg 1 29 17 66 66
1106_0025_0014_0067_0067.jpg 1 25 14 67 67
1107_0014_0011_0027_0027.jpg 1 14 11 27 27
1108_0024_0008_0050_0050.jpg 1 24 8 50 50
1109_0007_0029_0052_0052.jpg 1 7 29 52 52
1110_0023_0011_0060_0060.jpg 1 23 11 60 60
1111_0021_0049_0031_0031.jpg 1 21 49 31 31
1112_0022_0019_0064_0064.jpg 1 22 19 64 64
1113_0011_0030_0044_0044.jpg 1 11 30 44 44
1114_0016_0031_0046_0046.jpg 1 16 31 46 46
1115_0023_0020_0050_0050.jpg 1 23 20 50 50
1116_0008_0037_0025_0025.jpg 1 8 37 25 25
1117_0033_0032_0024_0024.jpg 1 33 32 24 24
1118_0056_0040_0034_0034.jpg 1 56 40 34 34
1119_0042_0031_0031_0031.jpg 1 42 31 31 31
1120_0052_0047_0030_0030.jpg 1 52 47 30 30
1121_0015_0037_0053_0053.jpg 1 15 37 53 53
1122_0021_0048_0045_0045.jpg 1 21 48 45 45
1123_0022_0038_0043_0043.jpg 1 22 38 43 43
1124_0027_0050_0026_0026.jpg 1 27 50 26 26
1125_0020_0022_0051_0051.jpg 1 20 22 51 51
1126_0025_0037_0056_0056.jpg 1 25 37 56 56
1127_0019_0020_0068_0068.jpg 1 19 20 68 68
1128_0041_0018_0048_0048.jpg 1 41 18 48 48
1129_0052_0035_0024_0024.jpg 1 52 35 24 24
1130_0020_0042_0046_0046.jpg 1 20 42 46 46
1131_0009_0008_0050_0050.jpg 1 9 8 50 50
1132_0027_0050_0040_0040.jpg 1 27 50 40 40
1133_0042_0012_0031_0031.jpg 1 42 12 31 31
1134_0005_0012_0059_0059.jpg 1 5 12 59 59
1135_0035_0031_0058_0058.jpg 1 35 31 58 58
1136_0019_0027_0068_0068.jpg 1 19 27 68 68
1137_0018_0017_0063_0063.jpg 1 18 17 63 63
1138_0036_0021_0036_0036.jpg 1 36 21 36 36
1139_0038_0015_0024_0024.jpg 1 38 15 24 24
1140_0051_0040_0034_0034.jpg 1 51 40 34 34
1141_0023_0035_0044_0044.jpg 1 23 35 44 44
1142_0004_0030_0066_0066.jpg 1 4 30 66 66
1143_0019_0039_0032_0032.jpg 1 19 39 32 32
1144_0022_0024_0024_0024.jpg 1 22 24 24 24
1145_0013_0006_0062_0062.jpg 1 13 6 62 62
1146_0036_0046_0026_0026.jpg 1 36 46 26 26
1147_0026_0050_0032_0032.jpg 1 26 50 32 32
1148_0016_0016_0055_0055.jpg 1 16 16 55 55
1149_0006_0038_0040_0040.jpg 1 6 38 40 40
1150_0028_0022_0030_0030.jpg 1 28 22 30 30
1151_0032_0026_0035_0035.jpg 1 32 26 35 35
1152_0046_0020_0040_0040.jpg 1 46 20 40 40
1153_0036_0028_0046_0046.jpg 1 36 28 46 46
1154_0050_0054_0039_0039.jpg 1 50 54 39 39
1155_0030_0011_0048_0048.jpg 1 30 11 48 48
1156_0012_0012_0027_0027.jpg 1 12 12 27 27
1157_0029_0030_0034_0034.jpg 1 29 30 34 34
1158_0048_0013_0029_0029.jpg 1 48 13 29 29
1159_0046_0015_0042_0042.jpg 1 46 15 42 42
1160_0041_0030_0031_0031.jpg 1 41 30 31 31
1161_0004_0031_0058_0058.jpg 1 4 31 58 58
1162_0005_0043_0051_0051.jpg 1 5 43 51 51
1163_0017_0014_0041_0041.jpg 1 17 14 41 41
1164_0044_0009_0033_0033.jpg 1 44 9 33 33
1165_0008_0009_0031_0031.jpg 1 8 9 31 31
1166_0007_0012_0039_0039.jpg 1 7 12 39 39
1167_0015_0004_0058_0058.jpg 1 15 4 58 58
1168_0029_0021_0055_0055.jpg 1 29 21 55 55
1169_0010_0021_0063_0063.jpg 1 10 21 63 63
1170_0040_0037_0052_0052.jpg 1 40 37 52 52
1171_0010_0018_0066_0066.jpg 1 10 18 66 66
1172_0015_0041_0046_0046.jpg 1 15 41 46 46
1173_0010_0033_0056_0056.jpg 1 10 33 56 56
1174_0031_0038_0055_0055.jpg 1 31 38 55 55
1175_0009_0015_0050_0050.jpg 1 9 15 50 50
1176_0041_0046_0043_0043.jpg 1 41 46 43 43
1177_0017_0013_0066_0066.jpg 1 17 13 66 66
1178_0050_0054_0024_0024.jpg 1 50 54 24 24
1179_0032_0029_0052_0052.jpg 1 32 29 52 52
1180_0008_0022_0042_0042.jpg 1 8 22 42 42
1181_0010_0041_0046_0046.jpg 1 10 41 46 46
1182_0054_0066_0026_0026.jpg 1 54 66 26 26
1183_0013_0013_0033_0033.jpg 1 13 13 33 33
1184_0008_0033_0056_0056.jpg 1 8 33 56 56
1185_0009_0020_0031_0031.jpg 1 9 20 31 31
1186_0007_0027_0064_0064.jpg 1 7 27 64 64
1187_0034_0025_0028_0028.jpg 1 34 25 28 28
1188_0017_0029_0056_0056.jpg 1 17 29 56 56
1189_0034_0021_0054_0054.jpg 1 34 21 54 54
1190_0007_0056_0035_0035.jpg 1 7 56 35 35
1191_0024_0028_0068_0068.jpg 1 24 28 68 68
1192_0051_0045_0026_0026.jpg 1 51 45 26 26
1193_0028_0004_0059_0059.jpg 1 28 4 59 59
1194_0046_0015_0043_0043.jpg 1 46 15 43 43
1195_0016_0036_0056_0056.jpg 1 16 36 56 56
1196_0024_0026_0046_0046.jpg 1 24 26 46 46
1197_0060_0014_0033_0033.jpg 1 60 14 33 33
1198_0028_0011_0032_0032.jpg 1 28 11 32 32
1199_0042_0043_0024_0024.jpg 1 42 43 24 24
1200_0035_0008_0051_0051.jpg 1 35 8 51 51
1201_0029_0033_0024_0024.jpg 1 29 33 24 24
1202_0006_0014_0054_0054.jpg 1 6 14 54 54
1203_0053_0017_0038_0038.jpg 1 53 17 38 38
1204_0017_0033_0059_0059.jpg 1 17 33 59 59
1205_0022_0046_0038_0038.jpg 1 22 46 38 38
1206_0048_0033_0041_0041.jpg 1 48 33 41 41
1207_0023_0004_0063_0063.jpg 1 23 4 63 63
1208_0021_0051_0030_0030.jpg 1 21 51 30 30
1209_0031_0016_0046_0046.jpg 1 31 16 46 46
1210_0024_0027_0055_0055.jpg 1 24 27 55 55
1211_0032_0015_0059_0059.jpg 1 32 15 59 59
1212_0054_0015_0039_0039.jpg 1 54 15 39 39
1213_0053_0032_0037_0037.jpg 1 53 32 37 37
1214_0010_0022_0055_0055.jpg 1 10 22 55 55
1215_0033_0036_0024_0024.jpg 1 33 36 24 24
1216_0032_0007_0056_0056.jpg 1 32 7 56 56
1217_0042_0031_0043_0043.jpg 1 42 31 43 43
1218_0010_0023_0045_0045.jpg 1 10 23 45 45
1219_0035_0011_0053_0053.jpg 1 35 11 53 53
1220_0011_0008_0059_0059.jpg 1 11 8 59 59
1221_0044_0008_0043_0043.jpg 1 44 8 43 43
1222_0048_0032_0030_0030.jpg 1 48 32 30 30
1223_0041_0058_0024_0024.jpg 1 41 58 24 24
1224_0032_0013_0063_0063.jpg 1 32 13 63 63
1225_0019_0004_0060_0060.jpg 1 19 4 60 60
1226_0019_0034_0038_0038.jpg 1 19 34 38 38
1227_0024_0016_0047_0047.jpg 1 24 16 47 47
1228_0018_0054_0030_0030.jpg 1 18 54 30 30
1229_0062_0037_0029_0029.jpg 1 62 37 29 29
1230_0035_0035_0055_0055.jpg 1 35 35 55 55
1231_0009_0030_0059_0059.jpg 1 9 30 59 59
1232_0015_0025_0067_0067.jpg 1 15 25 67 67
1233_0019_0006_0057_0057.jpg 1 19 6 57 57
1234_0012_0013_0063_0063.jpg 1 12 13 63 63
1235_0024_0019_0054_0054.jpg 1 24 19 54 54
1236_0017_0016_0027_0027.jpg 1 17 16 27 27
1237_0025_0032_0043_0043.jpg 1 25 32 43 43
1238_0021_0011_0049_0049.jpg 1 21 11 49 49
1239_0007_0031_0041_0041.jpg 1 7 31 41 41
1240_0036_0025_0033_0033.jpg 1 36 25 33 33
1241_0041_0020_0036_0036.jpg 1 41 20 36 36
1242_0020_0028_0062_0062.jpg 1 20 28 62 62
1243_0047_0015_0033_0033.jpg 1 47 15 33 33
1244_0049_0038_0035_0035.jpg 1 49 38 35 35
1245_0048_0034_0045_0045.jpg 1 48 34 45 45
1246_0044_0018_0048_0048.jpg 1 44 18 48 48
1247_0029_0022_0060_0060.jpg 1 29 22 60 60
1248_0026_0042_0025_0025.jpg 1 26 42 25 25
1249_0005_0007_0058_0058.jpg 1 5 7 58 58
1250_0027_0014_0067_0067.jpg 1 27 14 67 67
1251_0010_0009_0035_0035.jpg 1 10 9 35 35
1252_0013_0037_0044_0044.jpg 1 13 37 44 44
1253_0009_0050_0024_0024.jpg 1 9 50 24 24
1254_0012_0028_0059_0059.jpg 1 12 28 59 59
1255_0034_0023_0054_0054.jpg 1 34 23 54 54
1256_0012_0009_0051_0051.jpg 1 12 9 51 51
1257_0059_0029_0025_0025.jpg 1 59 29 25 25
1258_0009_0026_0065_0065.jpg 1 9 26 65 65
1259_0026_0027_0048_0048.jpg 1 26 27 48 48
1260_0026_0016_0061_0061.jpg 1 26 16 61 61
1261_0006_0041_0040_0040.jpg 1 6 41 40 40
1262_0025_0032_0051_0051.jpg 1 25 32 51 51
1263_0029_0031_0026_0026.jpg 1 29 31 26 26
1264_0022_0026_0063_0063.jpg 1 22 26 63 63
1265_0039_0006_0042_0042.jpg 1 39 6 42 42
1266_0025_0014_0035_0035.jpg 1 25 14 35 35
1267_0045_0021_0025_0025.jpg 1 45 21 25 25
1268_0024_0019_0053_0053.jpg 1 24 19 53 53
1269_0035_0019_0059_0059.jpg 1 35 19 59 59
1270_0022_0005_0047_0047.jpg 1 22 5 47 47
1271_0030_0014_0041_0041.jpg 1 30 14 41 41
1272_0010_0011_0063_0063.jpg 1 10 11 63 63
1273_0008_0032_0025_0025.jpg 1 8 32 25 25
1274_0004_0017_0059_0059.jpg 1 4 17 59 59
1275_0045_0011_0031_0031.jpg 1 45 11 31 31
1276_0024_0041_0046_0046.jpg 1 24 41 46 46
1277_0036_0011_0052_0052.jpg 1 36 11 52 52
1278_0027_0021_0056_0056.jpg 1 27 21 56 56
1279_0066_0038_0026_0026.jpg 1 66 38 26 26
1280_0013_0031_0041_0041.jpg 1 13 31 41 41
1281_0015_0034_0028_0028.jpg 1 15 34 28 28
1282_0013_0020_0030_0030.jpg 1 13 20 30 30
1283_0042_0048_0037_0037.jpg 1 42 48 37 37
1284_0027_0034_0061_0061.jpg 1 27 34 61 61
1285_0029_0049_0042_0042.jpg 1 29 49 42 42
1286_0014_0027_0056_0056.jpg 1 14 27 56 56
1287_0034_0019_0040_0040.jpg 1 34 19 40 40
1288_0049_0017_0025_0025.jpg 1 49 17 25 25
1289_0004_0010_0065_0065.jpg 1 4 10 65 65
1290_0016_0014_0062_0062.jpg 1 16 14 62 62
1291_0024_0014_0043_0043.jpg 1 24 14 43 43
1292_0009_0033_0056_0056.jpg 1 9 33 56 56
1293_0013_0038_0036_0036.jpg 1 13 38 36 36
1294_0007_0022_0066_0066.jpg 1 7 22 66 66
1295_0029_0051_0037_0037.jpg 1 29 51 37 37
1296_0035_0019_0035_0035.jpg 1 35 19 35 35
1297_0044_0029_0040_0040.jpg 1 44 29 40 40
1298_0045_0045_0045_0045.jpg 1 45 45 45 45
1299_0013_0008_0040_0040.jpg 1 13 8 40 40
1300_0053_0039_0036_0036.jpg 1 53 39 36 36
1301_0039_0041_0029_0029.jpg 1 39 41 29 29
1302_0009_0034_0061_0061.jpg 1 9 34 61 61
1303_0029_0017_0059_0059.jpg 1 29 17 59 59
1304_0006_0027_0059_0059.jpg 1 6 27 59 59
1305_0027_0009_0057_0057.jpg 1 27 9 57 57
1306_0013_0017_0064_0064.jpg 1 13 17 64 64
1307_0008_0003_0066_0066.jpg 1 8 3 66 66
1308_0053_0011_0031_0031.jpg 1 53 11 31 31
1309_0037_0045_0046_0046.jpg 1 37 45 46 46
1310_0008_0026_0060_0060.jpg 1 8 26 60 60
1311_0016_0023_0046_0046.jpg 1 16 23 46 46
1312_0017_0031_0032_0032.jpg 1 17 31 32 32
1313_0043_0058_0032_0032.jpg 1 43 58 32 32
1314_0006_0014_0047_0047.jpg 1 6 14 47 47
1315_0013_0013_0056_0056.jpg 1 13 13 56 56
1316_0019_0009_0041_0041.jpg 1 19 9 41 41
1317_0038_0040_0038_0038.jpg 1 38 40 38 38
1318_0010_0059_0026_0026.jpg 1 10 59 26 26
1319_0038_0006_0034_0034.jpg 1 38 6 34 34
1320_0005_0011_0068_0068.jpg 1 5 11 68 68
1321_0033_0056_0035_0035.jpg 1 33 56 35 35
1322_0006_0011_0061_0061.jpg 1 6 11 61 61
1323_0013_0038_0028_0028.jpg 1 13 38 28 28
1324_0026_0033_0037_0037.jpg 1 26 33 37 37
1325_0044_0008_0049_0049.jpg 1 44 8 49 49
1326_0014_0021_0047_0047.jpg 1 14 21 47 47
1327_0029_0005_0067_0067.jpg 1 29 5 67 67
1328_0011_0011_0056_0056.jpg 1 11 11 56 56
1329_0046_0014_0043_0043.jpg 1 46 14 43 43
1330_0007_0020_0055_0055.jpg 1 7 20 55 55
1331_0043_0021_0038_0038.jpg 1 43 21 38 38
1332_0013_0017_0069_0069.jpg 1 13 17 69 69
1333_0005_0005_0061_0061.jpg 1 5 5 61 61
1334_0010_0034_0050_0050.jpg 1 10 34 50 50
1335_0018_0018_0048_0048.jpg 1 18 18 48 48
1336_0039_0043_0042_0042.jpg 1 39 43 42 42
1337_0059_0042_0030_0030.jpg 1 59 42 30 30
1338_0019_0025_0067_0067.jpg 1 19 25 67 67
1339_0049_0041_0034_0034.jpg 1 49 41 34 34
1340_0037_0042_0030_0030.jpg 1 37 42 30 30
1341_0027_0021_0063_0063.jpg 1 27 21 63 63
1342_0025_0039_0042_0042.jpg 1 25 39 42 42
1343_0023_0021_0039_0039.jpg 1 23 21 39 39
1344_0020_0036_0049_0049.jpg 1 20 36 49 49
1345_0047_0033_0044_0044.jpg 1 47 33 44 44
1346_0026_0053_0030_0030.jpg 1 26 53 30 30
1347_0012_0042_0040_0040.jpg 1 12 42 40 40
1348_0013_0034_0035_0035.jpg 1 13 34 35 35
1349_0033_0030_0037_0037.jpg 1 33 30 37 37
1350_0030_0011_0062_0062.jpg 1 30 11 62 62
1351_0028_0021_0066_0066.jpg 1 28 21 66 66
1352_0052_0052_0039_0039.jpg 1 52 52 39 39
1353_0021_0022_0068_0068.jpg 1 21 22 68 68
1354_0031_0028_0027_0027.jpg 1 31 28 27 27
1355_0039_0017_0054_0054.jpg 1 39 17 54 54
1356_0029_0038_0032_0032.jpg 1 29 38 32 32
1357_0060_0009_0028_0028.jpg 1 60 9 28 28
1358_0020_0028_0058_0058.jpg 1 20 28 58 58
1359_0014_0015_0041_0041.jpg 1 14 15 41 41
1360_0009_0017_0029_0029.jpg 1 9 17 29 29
1361_0027_0035_0035_0035.jpg 1 27 35 35 35
1362_0021_0014_0054_0054.jpg 1 21 14 54 54
1363_0040_0036_0026_0026.jpg 1 40 36 26 26
1364_0021_0003_0069_0069.jpg 1 21 3 69 69
1365_0042_0042_0027_0027.jpg 1 42 42 27 27
1366_0012_0019_0049_0049.jpg 1 12 19 49 49
1367_0018_0019_0058_0058.jpg 1 18 19 58 58
1368_0014_0012_0053_0053.jpg 1 14 12 53 53
1369_0012_0064_0024_0024.jpg 1 12 64 24 24
1370_0032_0027_0034_0034.jpg 1 32 27 34 34
1371_0043_0035_0027_0027.jpg 1 43 35 27 27
1372_0009_0025_0034_0034.jpg 1 9 25 34 34
1373_0023_0025_0066_0066.jpg 1 23 25 66 66
1374_0016_0039_0033_0033.jpg 1 16 39 33 33
1375_0038_0036_0039_0039.jpg 1 38 36 39 39
1376_0042_0029_0026_0026.jpg 1 42 29 26 26
1377_0010_0018_0030_0030.jpg 1 10 18 30 30
1378_0066_0008_0025_0025.jpg 1 66 8 25 25
1379_0015_0024_0049_0049.jpg 1 15 24 49 49
1380_0009_0024_0059_0059.jpg 1 9 24 59 59
1381_0039_0039_0036_0036.jpg 1 39 39 36 36
1382_0039_0039_0027_0027.jpg 1 39 39 27 27
1383_0008_0037_0057_0057.jpg 1 8 37 57 57
1384_0023_0033_0038_0038.jpg 1 23 33 38 38
1385_0020_0005_0063_0063.jpg 1 20 5 63 63
1386_0030_0013_0066_0066.jpg 1 30 13 66 66
1387_0018_0034_0041_0041.jpg 1 18 34 41 41
1388_0010_0051_0027_0027.jpg 1 10 51 27 27
1389_0017_0033_0045_0045.jpg 1 17 33 45 45
1390_0024_0036_0043_0043.jpg 1 24 36 43 43
1391_0048_0042_0042_0042.jpg 1 48 42 42 42
1392_0011_0008_0061_0061.jpg 1 11 8 61 61
1393_0017_0025_0037_0037.jpg 1 17 25 37 37
1394_0021_0016_0068_0068.jpg 1 21 16 68 68
1395_0010_0023_0067_0067.jpg 1 10 23 67 67
1396_0011_0037_0042_0042.jpg 1 11 37 42 42
1397_0038_0039_0054_0054.jpg 1 38 39 54 54
1398_0007_0029_0050_0050.jpg 1 7 29 50 50
1399_0011_0025_0051_0051.jpg 1 11 25 51 51
1400_0027_0012_0029_0029.jpg 1 27 12 29 29
1401_0009_0022_0052_0052.jpg 1 9 22 52 52
1402_0022_0033_0054_0054.jpg 1 22 33 54 54
1403_0025_0023_0031_0031.jpg 1 25 23 31 31
1404_0040_0035_0037_0037.jpg 1 40 35 37 37
1405_0019_0018_0051_0051.jpg 1 19 18 51 51
1406_0009_0028_0056_0056.jpg 1 9 28 56 56
1407_0037_0021_0050_0050.jpg 1 37 21 50 50
1408_0052_0012_0024_0024.jpg 1 52 12 24 24
1409_0039_0005_0046_0046.jpg 1 39 5 46 46
1410_0009_0003_0062_0062.jpg 1 9 3 62 62
1411_0012_0005_0065_0065.jpg 1 12 5 65 65
1412_0052_0045_0033_0033.jpg 1 52 45 33 33
1413_0031_0023_0040_0040.jpg 1 31 23 40 40
1414_0018_0012_0056_0056.jpg 1 18 12 56 56
1415_0008_0022_0068_0068.jpg 1 8 22 68 68
1416_0023_0027_0059_0059.jpg 1 23 27 59 59
1417_0003_0016_0065_0065.jpg 1 3 16 65 65
1418_0020_0005_0063_0063.jpg 1 20 5 63 63
1419_0021_0058_0027_0027.jpg 1 21 58 27 27
1420_0030_0051_0033_0033.jpg 1 30 51 33 33
1421_0024_0007_0065_0065.jpg 1 24 7 65 65
1422_0030_0019_0058_0058.jpg 1 30 19 58 58
1423_0022_0014_0046_0046.jpg 1 22 14 46 46
1424_0012_0045_0045_0045.jpg 1 12 45 45 45
1425_0007_0023_0066_0066.jpg 1 7 23 66 66
1426_0013_0009_0026_0026.jpg 1 13 9 26 26
1427_0032_0025_0062_0062.jpg 1 32 25 62 62
1428_0015_0010_0057_0057.jpg 1 15 10 57 57
1429_0057_0022_0031_0031.jpg 1 57 22 31 31
1430_0050_0012_0039_0039.jpg 1 50 12 39 39
1431_0061_0008_0027_0027.jpg 1 61 8 27 27
1432_0009_0008_0045_0045.jpg 1 9 8 45 45
1433_0038_0030_0046_0046.jpg 1 38 30 46 46
1434_0014_0039_0054_0054.jpg 1 14 39 54 54
1435_0020_0016_0068_0068.jpg 1 20 16 68 68
1436_0043_0031_0044_0044.jpg 1 43 31 44 44
1437_0023_0048_0038_0038.jpg 1 23 48 38 38
1438_0061_0032_0026_0026.jpg 1 61 32 26 26
1439_0004_0031_0061_0061.jpg 1 4 31 61 61
1440_0032_0034_0060_0060.jpg 1 32 34 60 60
1441_0023_0005_0042_0042.jpg 1 23 5 42 42
1442_0024_0008_0052_0052.jpg 1 24 8 52 52
1443_0029_0024_0054_0054.jpg 1 29 24 54 54
1444_0049_0039_0031_0031.jpg 1 49 39 31 31
1445_0027_0028_0050_0050.jpg 1 27 28 50 50
1446_0019_0024_0060_0060.jpg 1 19 24 60 60
1447_0024_0018_0029_0029.jpg 1 24 18 29 29
1448_0052_0044_0027_0027.jpg 1 52 44 27 27
1449_0012_0021_0067_0067.jpg 1 12 21 67 67
1450_0033_0058_0034_0034.jpg 1 33 58 34 34
1451_0020_0038_0049_0049.jpg 1 20 38 49 49
1452_0042_0023_0047_0047.jpg 1 42 23 47 47
1453_0064_0064_0026_0026.jpg 1 64 64 26 26
1454_0013_0027_0057_0057.jpg 1 13 27 57 57
1455_0024_0047_0024_0024.jpg 1 24 47 24 24
1456_0054_0015_0024_0024.jpg 1 54 15 24 24
1457_0011_0010_0059_0059.jpg 1 11 10 59 59
1458_0030_0032_0034_0034.jpg 1 30 32 34 34
1459_0019_0025_0046_0046.jpg 1 19 25 46 46
1460_0022_0016_0025_0025.jpg 1 22 16 25 25
1461_0005_0022_0061_0061.jpg 1 5 22 61 61
1462_0025_0033_0027_0027.jpg 1 25 33 27 27
1463_0018_0031_0053_0053.jpg 1 18 31 53 53
1464_0023_0039_0049_0049.jpg 1 23 39 49 49
1465_0016_0004_0069_0069.jpg 1 16 4 69 69
1466_0026_0053_0038_0038.jpg 1 26 53 38 38
1467_0007_0036_0044_0044.jpg 1 7 36 44 44
1468_0018_0023_0034_0034.jpg 1 18 23 34 34
1469_0014_0014_0048_0048.jpg 1 14 14 48 48
1470_0013_0035_0053_0053.jpg 1 13 35 53 53
1471_0015_0021_0058_0058.jpg 1 15 21 58 58
1472_0040_0029_0043_0043.jpg 1 40 29 43 43
1473_0016_0012_0059_0059.jpg 1 16 12 59 59
1474_0026_0009_0052_0052.jpg 1 26 9 52 52
1475_0037_0026_0048_0048.jpg 1 37 26 48 48
1476_0037_0033_0038_0038.jpg 1 37 33 38 38
1477_0024_0020_0032_0032.jpg 1 24 20 32 32
1478_0024_0024_0060_0060.jpg 1 24 24 60 60
1479_0016_0007_0066_0066.jpg 1 16 7 66 66
1480_0013_0019_0067_0067.jpg 1 13 19 67 67
1481_0030_0018_0065_0065.jpg 1 30 18 65 65
1482_0041_0023_0047_0047.jpg 1 41 23 47 47
1483_0032_0017_0053_0053.jpg 1 32 17 53 53
1484_0019_0005_0068_0068.jpg 1 19 5 68 68
1485_0028_0021_0057_0057.jpg 1 28 21 57 57
1486_0016_0056_0033_0033.jpg 1 16 56 33 33
1487_0019_0022_0068_0068.jpg 1 19 22 68 68
1488_0025_0030_0053_0053.jpg 1 25 30 53 53
1489_0030_0018_0052_0052.jpg 1 30 18 52 52
1490_0041_0036_0027_0027.jpg 1 41 36 27 27
1491_0060_0008_0030_0030.jpg 1 60 8 30 30
1492_0033_0021_0039_0039.jpg 1 33 21 39 39
1493_0005_0021_0055_0055.jpg 1 5 21 55 55
1494_0029_0021_0055_0055.jpg 1 29 21 55 55
1495_0031_0019_0057_0057.jpg 1 31 19 57 57
1496_0029_0018_0063_0063.jpg 1 29 18 63 63
1497_0020_0025_0031_0031.jpg 1 20 25 31 31
1498_0020_0021_0068_0068.jpg 1 20 21 68 68
1499_0005_0014_0058_0058.jpg 1 5 14 58 58
1500_0035_0018_0044_0044.jpg 1 35 18 44 44
1501_0022_0018_0065_0065.jpg 1 22 18 65 65
1502_0011_0034_0042_0042.jpg 1 11 34 42 42
1503_0019_0033_0046_0046.jpg 1 19 33 46 46
1504_0008_0018_0051_0051.jpg 1 8 18 51 51
1505_0015_0016_0063_0063.jpg 1 15 16 63 63
1506_0053_0011_0032_0032.jpg 1 53 11 32 32
1507_0011_0027_0055_0055.jpg 1 11 27 55 55
1508_0023_0008_0066_0066.jpg 1 23 8 66 66
1509_0028_0042_0024_0024.jpg 1 28 42 24 24
1510_0021_0045_0047_0047.jpg 1 21 45 47 47
1511_0030_0043_0029_0029.jpg 1 30 43 29 29
1512_0012_0026_0062_0062.jpg 1 12 26 62 62
1513_0025_0047_0041_0041.jpg 1 25 47 41 41
1514_0033_0034_0048_0048.jpg 1 33 34 48 48
1515_0024_0020_0048_0048.jpg 1 24 20 48 48
1516_0022_0028_0059_0059.jpg 1 22 28 59 59
1517_0037_0020_0058_0058.jpg 1 37 20 58 58
1518_0028_0035_0044_0044.jpg 1 28 35 44 44
1519_0052_0006_0041_0041.jpg 1 52 6 41 41
1520_0009_0031_0032_0032.jpg 1 9 31 32 32
1521_0004_0018_0069_0069.jpg 1 4 18 69 69
1522_0048_0039_0025_0025.jpg 1 48 39 25 25
1523_0009_0034_0026_0026.jpg 1 9 34 26 26
1524_0011_0045_0040_0040.jpg 1 11 45 40 40
1525_0027_0035_0029_0029.jpg 1 27 35 29 29
1526_0061_0026_0027_0027.jpg 1 61 26 27 27
1527_0030_0026_0039_0039.jpg 1 30 26 39 39
1528_0013_0037_0057_0057.jpg 1 13 37 57 57
1529_0022_0013_0045_0045.jpg 1 22 13 45 45
1530_0012_0053_0034_0034.jpg 1 12 53 34 34
1531_0041_0023_0029_0029.jpg 1 41 23 29 29
1532_0015_0023_0061_0061.jpg 1 15 23 61 61
1533_0029_0045_0041_0041.jpg 1 29 45 41 41
1534_0012_0025_0059_0059.jpg 1 12 25 59 59
1535_0038_0018_0051_0051.jpg 1 38 18 51 51
1536_0028_0019_0065_0065.jpg 1 28 19 65 65
1537_0054_0020_0031_0031.jpg 1 54 20 31 31
1538_0028_0024_0049_0049.jpg 1 28 24 49 49
1539_0027_0005_0051_0051.jpg 1 27 5 51 51
1540_0044_0029_0045_0045.jpg 1 44 29 45 45
1541_0028_0015_0056_0056.jpg 1 28 15 56 56
1542_0032_0045_0039_0039.jpg 1 32 45 39 39
1543_0013_0006_0060_0060.jpg 1 13 6 60 60
1544_0007_0018_0039_0039.jpg 1 7 18 39 39
1545_0028_0009_0065_0065.jpg 1 28 9 65 65
1546_0047_0037_0027_0027.jpg 1 47 37 27 27
1547_0006_0022_0067_0067.jpg 1 6 22 67 67
1548_0018_0006_0066_0066.jpg 1 18 6 66 66
1549_0013_0043_0030_0030.jpg 1 13 43 30 30
1550_0008_0020_0063_0063.jpg 1 8 20 63 63
1551_0008_0044_0041_0041.jpg 1 8 44 41 41
1552_0008_0030_0032_0032.jpg 1 8 30 32 32
1553_0024_0006_0066_0066.jpg 1 24 6 66 66
1554_0018_0029_0028_0028.jpg 1 18 29 28 28
1555_0053_0023_0038_0038.jpg 1 53 23 38 38
1556_0021_0023_0027_0027.jpg 1 21 23 27 27
1557_0028_0009_0050_0050.jpg 1 28 9 50 50
1558_0012_0005_0065_0065.jpg 1 12 5 65 65
1559_0048_0042_0043_0043.jpg 1 48 42 43 43
1560_0030_0022_0028_0028.jpg 1 30 22 28 28
1561_0006_0016_0069_0069.jpg 1 6 16 69 69
1562_0029_0043_0047_0047.jpg 1 29 43 47 47
1563_0017_0029_0060_0060.jpg 1 17 29 60 60
1564_0054_0033_0033_0033.jpg 1 54 33 33 33
1565_0027_0012_0046_0046.jpg 1 27 12 46 46
1566_0041_0033_0040_0040.jpg 1 41 33 40 40
1567_0023_0034_0030_0030.jpg 1 23 34 30 30
1568_0008_0024_0037_0037.jpg 1 8 24 37 37
1569_0056_0014_0024_0024.jpg 1 56 14 24 24
1570_0059_0038_0031_0031.jpg 1 59 38 31 31
1571_0029_0036_0040_0040.jpg 1 29 36 40 40
1572_0037_0032_0040_0040.jpg 1 37 32 40 40
1573_0007_0013_0034_0034.jpg 1 7 13 34 34
1574_0048_0039_0024_0024.jpg 1 48 39 24 24
1575_0058_0031_0032_0032.jpg 1 58 31 32 32
1576_0011_0005_0052_0052.jpg 1 11 5 52 52
1577_0021_0012_0034_0034.jpg 1 21 12 34 34
1578_0045_0015_0040_0040.jpg 1 45 15 40 40
1579_0055_0039_0035_0035.jpg 1 55 39 35 35
1580_0012_0022_0031_0031.jpg 1 12 22 31 31
1581_0022_0022_0060_0060.jpg 1 22 22 60 60
1582_0048_0022_0042_0042.jpg 1 48 22 42 42
1583_0010_0037_0054_0054.jpg 1 10 37 54 54
1584_0029_0029_0061_0061.jpg 1 29 29 61 61
1585_0031_0043_0046_0046.jpg 1 31 43 46 46
1586_0046_0024_0044_0044.jpg 1 46 24 44 44
1587_0041_0027_0043_0043.jpg 1 41 27 43 43
1588_0056_0037_0025_0025.jpg 1 56 37 25 25
1589_0025_0029_0049_0049.jpg 1 25 29 49 49
1590_0036_0031_0034_0034.jpg 1 36 31 34 34
1591_0034_0020_0052_0052.jpg 1 34 20 52 52
1592_0011_0012_0062_0062.jpg 1 11 12 62 62
1593_0043_0016_0035_0035.jpg 1 43 16 35 35
1594_0046_0040_0038_0038.jpg 1 46 40 38 38
1595_0003_0024_0067_0067.jpg 1 3 24 67 67
1596_0020_0026_0046_0046.jpg 1 20 26 46 46
1597_0020_0007_0061_0061.jpg 1 20 7 61 61
1598_0008_0010_0069_0069.jpg 1 8 10 69 69
1599_0051_0044_0024_0024.jpg 1 51 44 24 24
1600_0011_0036_0057_0057.jpg 1 11 36 57 57
1601_0018_0006_0059_0059.jpg 1 18 6 59 59
1602_0025_0014_0060_0060.jpg 1 25 14 60 60
1603_0014_0018_0069_0069.jpg 1 14 18 69 69
1604_0040_0043_0048_0048.jpg 1 40 43 48 48
1605_0038_0038_0056_0056.jpg 1 38 38 56 56
1606_0009_0034_0051_0051.jpg 1 9 34 51 51
1607_0011_0056_0032_0032.jpg 1 11 56 32 32
1608_0059_0061_0024_0024.jpg 1 59 61 24 24
1609_0009_0041_0048_0048.jpg 1 9 41 48 48
1610_0023_0013_0056_0056.jpg 1 23 13 56 56
1611_0062_0060_0027_0027.jpg 1 62 60 27 27
1612_0023_0019_0054_0054.jpg 1 23 19 54 54
1613_0037_0037_0042_0042.jpg 1 37 37 42 42
1614_0032_0028_0036_0036.jpg 1 32 28 36 36
1615_0005_0009_0053_0053.jpg 1 5 9 53 53
1616_0029_0043_0037_0037.jpg 1 29 43 37 37
1617_0042_0036_0045_0045.jpg 1 42 36 45 45
1618_0013_0011_0046_0046.jpg 1 13 11 46 46
1619_0016_0029_0038_0038.jpg 1 16 29 38 38
1620_0036_0034_0052_0052.jpg 1 36 34 52 52
1621_0046_0009_0037_0037.jpg 1 46 9 37 37
1622_0034_0020_0059_0059.jpg 1 34 20 59 59
1623_0029_0009_0057_0057.jpg 1 29 9 57 57
1624_0036_0008_0028_0028.jpg 1 36 8 28 28
1625_0023_0019_0054_0054.jpg 1 23 19 54 54
1626_0043_0045_0043_0043.jpg 1 43 45 43 43
1627_0027_0005_0067_0067.jpg 1 27 5 67 67
1628_0050_0023_0036_0036.jpg 1 50 23 36 36
1629_0022_0030_0062_0062.jpg 1 22 30 62 62
1630_0003_0020_0067_0067.jpg 1 3 20 67 67
1631_0041_0008_0030_0030.jpg 1 41 8 30 30
1632_0051_0010_0033_0033.jpg 1 51 10 33 33
1633_0043_0042_0043_0043.jpg 1 43 42 43 43
1634_0018_0062_0025_0025.jpg 1 18 62 25 25
1635_0006_0016_0067_0067.jpg 1 6 16 67 67
1636_0024_0019_0027_0027.jpg 1 24 19 27 27
1637_0034_0007_0029_0029.jpg 1 34 7 29 29
1638_0018_0045_0031_0031.jpg 1 18 45 31 31
1639_0035_0006_0045_0045.jpg 1 35 6 45 45
1640_0047_0030_0039_0039.jpg 1 47 30 39 39
1641_0005_0027_0067_0067.jpg 1 5 27 67 67
1642_0011_0008_0066_0066.jpg 1 11 8 66 66
1643_0041_0038_0040_0040.jpg 1 41 38 40 40
1644_0044_0053_0036_0036.jpg 1 44 53 36 36
1645_0008_0009_0024_0024.jpg 1 8 9 24 24
1646_0032_0026_0053_0053.jpg 1 32 26 53 53
1647_0056_0026_0036_0036.jpg 1 56 26 36 36
1648_0048_0043_0044_0044.jpg 1 48 43 44 44
1649_0031_0014_0053_0053.jpg 1 31 14 53 53
1650_0036_0020_0047_0047.jpg 1 36 20 47 47
1651_0013_0011_0065_0065.jpg 1 13 11 65 65
1652_0036_0047_0047_0047.jpg 1 36 47 47 47
1653_0006_0014_0066_0066.jpg 1 6 14 66 66
1654_0019_0017_0047_0047.jpg 1 19 17 47 47
1655_0015_0011_0050_0050.jpg 1 15 11 50 50
1656_0027_0007_0069_0069.jpg 1 27 7 69 69
1657_0007_0023_0035_0035.jpg 1 7 23 35 35
1658_0035_0017_0057_0057.jpg 1 35 17 57 57
1659_0040_0022_0050_0050.jpg 1 40 22 50 50
1660_0024_0037_0053_0053.jpg 1 24 37 53 53
1661_0031_0037_0038_0038.jpg 1 31 37 38 38
1662_0037_0033_0044_0044.jpg 1 37 33 44 44
1663_0016_0029_0065_0065.jpg 1 16 29 65 65
1664_0034_0025_0053_0053.jpg 1 34 25 53 53
1665_0039_0040_0048_0048.jpg 1 39 40 48 48
1666_0042_0026_0027_0027.jpg 1 42 26 27 27
1667_0016_0011_0053_0053.jpg 1 16 11 53 53
1668_0054_0049_0030_0030.jpg 1 54 49 30 30
1669_0039_0021_0025_0025.jpg 1 39 21 25 25
1670_0044_0013_0034_0034.jpg 1 44 13 34 34
1671_0018_0028_0064_0064.jpg 1 18 28 64 64
1672_0008_0027_0057_0057.jpg 1 8 27 57 57
1673_0038_0056_0029_0029.jpg 1 38 56 29 29
1674_0033_0033_0045_0045.jpg 1 33 33 45 45
1675_0015_0011_0069_0069.jpg 1 15 11 69 69
1676_0042_0042_0048_0048.jpg 1 42 42 48 48
1677_0010_0015_0069_0069.jpg 1 10 15 69 69
1678_0013_0019_0052_0052.jpg 1 13 19 52 52
1679_0034_0020_0046_0046.jpg 1 34 20 46 46
1680_0030_0014_0066_0066.jpg 1 30 14 66 66
1681_0014_0028_0059_0059.jpg 1 14 28 59 59
1682_0019_0054_0038_0038.jpg 1 19 54 38 38
1683_0037_0027_0049_0049.jpg 1 37 27 49 49
1684_0023_0004_0067_0067.jpg 1 23 4 67 67
1685_0027_0029_0060_0060.jpg 1 27 29 60 60
1686_0041_0042_0038_0038.jpg 1 41 42 38 38
1687_0020_0030_0045_0045.jpg 1 20 30 45 45
1688_0025_0028_0054_0054.jpg 1 25 28 54 54
1689_0028_0005_0061_0061.jpg 1 28 5 61 61
1690_0034_0013_0059_0059.jpg 1 34 13 59 59
1691_0011_0052_0033_0033.jpg 1 11 52 33 33
1692_0063_0039_0025_0025.jpg 1 63 39 25 25
1693_0024_0011_0025_0025.jpg 1 24 11 25 25
1694_0015_0005_0058_0058.jpg 1 15 5 58 58
1695_0037_0027_0025_0025.jpg 1 37 27 25 25
1696_0013_0010_0069_0069.jpg 1 13 10 69 69
1697_0055_0031_0037_0037.jpg 1 55 31 37 37
1698_0009_0036_0053_0053.jpg 1 9 36 53 53
1699_0008_0012_0038_0038.jpg 1 8 12 38 38
1700_0034_0028_0055_0055.jpg 1 34 28 55 55
1701_0012_0019_0053_0053.jpg 1 12 19 53 53
1702_0018_0035_0056_0056.jpg 1 18 35 56 56
1703_0045_0033_0034_0034.jpg 1 45 33 34 34
1704_0009_0027_0025_0025.jpg 1 9 27 25 25
1705_0005_0017_0063_0063.jpg 1 5 17 63 63
1706_0007_0031_0034_0034.jpg 1 7 31 34 34
1707_0020_0028_0050_0050.jpg 1 20 28 50 50
1708_0039_0014_0054_0054.jpg 1 39 14 54 54
1709_0019_0020_0036_0036.jpg 1 19 20 36 36
1710_0008_0023_0065_0065.jpg 1 8 23 65 65
1711_0011_0042_0050_0050.jpg 1 11 42 50 50
1712_0038_0040_0034_0034.jpg 1 38 40 34 34
1713_0022_0031_0056_0056.jpg 1 22 31 56 56
1714_0051_0059_0025_0025.jpg 1 51 59 25 25
1715_0012_0032_0062_0062.jpg 1 12 32 62 62
1716_0042_0017_0032_0032.jpg 1 42 17 32 32
1717_0012_0022_0045_0045.jpg 1 12 22 45 45
1718_0030_0011_0045_0045.jpg 1 30 11 45 45
1719_0039_0041_0054_0054.jpg 1 39 41 54 54
1720_0018_0059_0028_0028.jpg 1 18 59 28 28
1721_0015_0042_0030_0030.jpg 1 15 42 30 30
1722_0024_0025_0040_0040.jpg 1 24 25 40 40
1723_0029_0045_0037_0037.jpg 1 29 45 37 37
1724_0045_0025_0046_0046.jpg 1 45 25 46 46
1725_0041_0021_0046_0046.jpg 1 41 21 46 46
1726_0012_0010_0055_0055.jpg 1 12 10 55 55
1727_0011_0019_0068_0068.jpg 1 11 19 68 68
1728_0006_0037_0043_0043.jpg 1 6 37 43 43
1729_0029_0024_0026_0026.jpg 1 29 24 26 26
1730_0025_0040_0033_0033.jpg 1 25 40 33 33
1731_0014_0044_0047_0047.jpg 1 14 44 47 47
1732_0005_0017_0064_0064.jpg 1 5 17 64 64
1733_0030_0053_0028_0028.jpg 1 30 53 28 28
1734_0048_0017_0037_0037.jpg 1 48 17 37 37
1735_0018_0021_0069_0069.jpg 1 18 21 69 69
1736_0016_0013_0028_0028.jpg 1 16 13 28 28
1737_0035_0027_0050_0050.jpg 1 35 27 50 50
1738_0030_0017_0039_0039.jpg 1 30 17 39 39
1739_0056_0022_0025_0025.jpg 1 56 22 25 25
1740_0027_0019_0068_0068.jpg 1 27 19 68 68
1741_0051_0041_0042_0042.jpg 1 51 41 42 42
1742_0054_0049_0037_0037.jpg 1 54 49 37 37
1743_0032_0055_0028_0028.jpg 1 32 55 28 28
1744_0010_0026_0060_0060.jpg 1 10 26 60 60
1745_0040_0045_0031_0031.jpg 1 40 45 31 31
1746_0045_0025_0030_0030.jpg 1 45 25 30 30
1747_0030_0016_0052_0052.jpg 1 30 16 52 52
1748_0017_0053_0033_0033.jpg 1 17 53 33 33
1749_0042_0012_0049_0049.jpg 1 42 12 49 49
1750_0008_0029_0048_0048.jpg 1 8 29 48 48
1751_0018_0025_0033_0033.jpg 1 18 25 33 33
1752_0017_0026_0029_0029.jpg 1 17 26 29 29
1753_0028_0038_0033_0033.jpg 1 28 38 33 33
1754_0029_0038_0047_0047.jpg 1 29 38 47 47
1755_0024_0031_0053_0053.jpg 1 24 31 53 53
1756_0029_0019_0041_0041.jpg 1 29 19 41 41
1757_0011_0041_0050_0050.jpg 1 11 41 50 50
1758_0017_0024_0027_0027.jpg 1 17 24 27 27
1759_0021_0031_0052_0052.jpg 1 21 31 52 52
1760_0024_0034_0059_0059.jpg 1 24 34 59 59
1761_0022_0011_0061_0061.jpg 1 22 11 61 61
1762_0022_0049_0045_0045.jpg 1 22 49 45 45
1763_0006_0010_0061_0061.jpg 1 6 10 61 61
1764_0015_0018_0028_0028.jpg 1 15 18 28 28
1765_0020_0022_0064_0064.jpg 1 20 22 64 64
1766_0027_0019_0027_0027.jpg 1 27 19 27 27
1767_0021_0025_0065_0065.jpg 1 21 25 65 65
1768_0022_0037_0036_0036.jpg 1 22 37 36 36
1769_0024_0026_0059_0059.jpg 1 24 26 59 59
1770_0018_0026_0061_0061.jpg 1 18 26 61 61
1771_0025_0031_0061_0061.jpg 1 25 31 61 61
1772_0037_0013_0040_0040.jpg 1 37 13 40 40
1773_0004_0016_0062_0062.jpg 1 4 16 62 62
1774_0030_0032_0053_0053.jpg 1 30 32 53 53
1775_0050_0017_0037_0037.jpg 1 50 17 37 37
1776_0030_0047_0027_0027.jpg 1 30 47 27 27
1777_0009_0007_0062_0062.jpg 1 9 7 62 62
1778_0014_0011_0069_0069.jpg 1 14 11 69 69
1779_0018_0005_0067_0067.jpg 1 18 5 67 67
1780_0040_0040_0037_0037.jpg 1 40 40 37 37
1781_0022_0018_0050_0050.jpg 1 22 18 50 50
1782_0028_0014_0048_0048.jpg 1 28 14 48 48
1783_0028_0019_0041_0041.jpg 1 28 19 41 41
1784_0006_0007_0051_0051.jpg 1 6 7 51 51
1785_0010_0015_0068_0068.jpg 1 10 15 68 68
1786_0028_0044_0041_0041.jpg 1 28 44 41 41
1787_0040_0013_0028_0028.jpg 1 40 13 28 28
1788_0014_0020_0062_0062.jpg 1 14 20 62 62
1789_0043_0016_0049_0049.jpg 1 43 16 49 49
1790_0031_0053_0026_0026.jpg 1 31 53 26 26
1791_0050_0022_0024_0024.jpg 1 50 22 24 24
1792_0018_0012_0057_0057.jpg 1 18 12 57 57
1793_0044_0014_0045_0045.jpg 1 44 14 45 45
1794_0044_0033_0036_0036.jpg 1 44 33 36 36
1795_0010_0021_0058_0058.jpg 1 10 21 58 58
1796_0026_0007_0063_0063.jpg 1 26 7 63 63
1797_0038_0027_0057_0057.jpg 1 38 27 57 57
1798_0023_0009_0065_0065.jpg 1 23 9 65 65
1799_0014_0040_0051_0051.jpg 1 14 40 51 51
1800_0046_0032_0041_0041.jpg 1 46 32 41 41
1801_0025_0048_0030_0030.jpg 1 25 48 30 30
1802_0028_0052_0030_0030.jpg 1 28 52 30 30
1803_0028_0014_0044_0044.jpg 1 28 14 44 44
1804_0022_0014_0057_0057.jpg 1 22 14 57 57
1805_0041_0010_0035_0035.jpg 1 41 10 35 35
1806_0044_0025_0049_0049.jpg 1 44 25 49 49
1807_0011_0026_0040_0040.jpg 1 11 26 40 40
1808_0015_0014_0065_0065.jpg 1 15 14 65 65
1809_0016_0028_0057_0057.jpg 1 16 28 57 57
1810_0047_0043_0039_0039.jpg 1 47 43 39 39
1811_0004_0008_0069_0069.jpg 1 4 8 69 69
1812_0011_0018_0064_0064.jpg 1 11 18 64 64
1813_0031_0062_0029_0029.jpg 1 31 62 29 29
1814_0033_0053_0034_0034.jpg 1 33 53 34 34
1815_0008_0027_0058_0058.jpg 1 8 27 58 58
1816_0023_0046_0028_0028.jpg 1 23 46 28 28
1817_0016_0010_0037_0037.jpg 1 16 10 37 37
1818_0018_0008_0057_0057.jpg 1 18 8 57 57
1819_0014_0009_0068_0068.jpg 1 14 9 68 68
1820_0003_0025_0063_0063.jpg 1 3 25 63 63
1821_0032_0022_0057_0057.jpg 1 32 22 57 57
1822_0048_0018_0025_0025.jpg 1 48 18 25 25
1823_0027_0021_0067_0067.jpg 1 27 21 67 67
1824_0043_0034_0029_0029.jpg 1 43 34 29 29
1825_0009_0031_0052_0052.jpg 1 9 31 52 52
1826_0044_0053_0036_0036.jpg 1 44 53 36 36
1827_0013_0017_0040_0040.jpg 1 13 17 40 40
1828_0024_0024_0031_0031.jpg 1 24 24 31 31
1829_0012_0056_0024_0024.jpg 1 12 56 24 24
1830_0013_0008_0044_0044.jpg 1 13 8 44 44
1831_0029_0021_0030_0030.jpg 1 29 21 30 30
1832_0006_0005_0061_0061.jpg 1 6 5 61 61
1833_0020_0023_0066_0066.jpg 1 20 23 66 66
1834_0026_0050_0043_0043.jpg 1 26 50 43 43
1835_0038_0013_0052_0052.jpg 1 38 13 52 52
1836_0066_0048_0025_0025.jpg 1 66 48 25 25
1837_0040_0024_0054_0054.jpg 1 40 24 54 54
1838_0006_0053_0037_0037.jpg 1 6 53 37 37
1839_0012_0044_0037_0037.jpg 1 12 44 37 37
1840_0035_0012_0033_0033.jpg 1 35 12 33 33
1841_0008_0022_0060_0060.jpg 1 8 22 60 60
1842_0024_0018_0053_0053.jpg 1 24 18 53 53
1843_0037_0022_0056_0056.jpg 1 37 22 56 56
1844_0012_0048_0040_0040.jpg 1 12 48 40 40
1845_0028_0019_0045_0045.jpg 1 28 19 45 45
1846_0014_0025_0061_0061.jpg 1 14 25 61 61
1847_0009_0017_0042_0042.jpg 1 9 17 42 42
1848_0025_0025_0064_0064.jpg 1 25 25 64 64
1849_0018_0013_0066_0066.jpg 1 18 13 66 66
1850_0026_0021_0046_0046.jpg 1 26 21 46 46
1851_0019_0008_0044_0044.jpg 1 19 8 44 44
1852_0009_0019_0063_0063.jpg 1 9 19 63 63
1853_0026_0015_0047_0047.jpg 1 26 15 47 47
1854_0043_0008_0041_0041.jpg 1 43 8 41 41
1855_0018_0044_0036_0036.jpg 1 18 44 36 36
1856_0025_0050_0042_0042.jpg 1 25 50 42 42
1857_0008_0021_0036_0036.jpg 1 8 21 36 36
1858_0015_0020_0039_0039.jpg 1 15 20 39 39
1859_0021_0012_0065_0065.jpg 1 21 12 65 65
1860_0016_0036_0050_0050.jpg 1 16 36 50 50
1861_0040_0021_0027_0027.jpg 1 40 21 27 27
1862_0024_0008_0056_0056.jpg 1 24 8 56 56
1863_0033_0050_0027_0027.jpg 1 33 50 27 27
1864_0010_0041_0032_0032.jpg 1 10 41 32 32
1865_0015_0022_0064_0064.jpg 1 15 22 64 64
1866_0024_0004_0068_0068.jpg 1 24 4 68 68
1867_0031_0021_0064_0064.jpg 1 31 21 64 64
1868_0027_0007_0054_0054.jpg 1 27 7 54 54
1869_0026_0037_0057_0057.jpg 1 26 37 57 57
1870_0020_0003_0069_0069.jpg 1 20 3 69 69
1871_0022_0021_0065_0065.jpg 1 22 21 65 65
1872_0024_0052_0040_0040.jpg 1 24 52 40 40
1873_0042_0032_0035_0035.jpg 1 42 32 35 35
1874_0022_0018_0064_0064.jpg 1 22 18 64 64
1875_0052_0044_0041_0041.jpg 1 52 44 41 41
1876_0036_0026_0052_0052.jpg 1 36 26 52 52
1877_0038_0047_0039_0039.jpg 1 38 47 39 39
1878_0004_0015_0064_0064.jpg 1 4 15 64 64
1879_0048_0017_0045_0045.jpg 1 48 17 45 45
1880_0031_0032_0059_0059.jpg 1 31 32 59 59
1881_0020_0011_0036_0036.jpg 1 20 11 36 36
1882_0021_0022_0069_0069.jpg 1 21 22 69 69
1883_0010_0010_0045_0045.jpg 1 10 10 45 45
1884_0016_0063_0024_0024.jpg 1 16 63 24 24
1885_0013_0048_0028_0028.jpg 1 13 48 28 28
1886_0033_0020_0050_0050.jpg 1 33 20 50 50
1887_0032_0032_0060_0060.jpg 1 32 32 60 60
1888_0018_0046_0034_0034.jpg 1 18 46 34 34
1889_0055_0012_0027_0027.jpg 1 55 12 27 27
1890_0049_0036_0030_0030.jpg 1 49 36 30 30
1891_0012_0033_0025_0025.jpg 1 12 33 25 25
1892_0030_0003_0066_0066.jpg 1 30 3 66 66
1893_0032_0029_0037_0037.jpg 1 32 29 37 37
1894_0023_0013_0047_0047.jpg 1 23 13 47 47
1895_0012_0023_0062_0062.jpg 1 12 23 62 62
1896_0058_0027_0024_0024.jpg 1 58 27 24 24
1897_0010_0020_0027_0027.jpg 1 10 20 27 27
1898_0039_0040_0053_0053.jpg 1 39 40 53 53
1899_0018_0011_0037_0037.jpg 1 18 11 37 37
1900_0015_0006_0057_0057.jpg 1 15 6 57 57
1901_0007_0016_0039_0039.jpg 1 7 16 39 39
1902_0019_0028_0062_0062.jpg 1 19 28 62 62
1903_0009_0059_0024_0024.jpg 1 9 59 24 24
1904_0020_0016_0028_0028.jpg 1 20 16 28 28
1905_0014_0021_0062_0062.jpg 1 14 21 62 62
1906_0054_0054_0036_0036.jpg 1 54 54 36 36
1907_0009_0014_0061_0061.jpg 1 9 14 61 61
1908_0023_0013_0069_0069.jpg 1 23 13 69 69
1909_0024_0010_0067_0067.jpg 1 24 10 67 67
1910_0038_0020_0034_0034.jpg 1 38 20 34 34
1911_0043_0025_0039_0039.jpg 1 43 25 39 39
1912_0029_0044_0046_0046.jpg 1 29 44 46 46
1913_0032_0015_0053_0053.jpg 1 32 15 53 53
1914_0008_0016_0061_0061.jpg 1 8 16 61 61
1915_0049_0019_0038_0038.jpg 1 49 19 38 38
1916_0064_0043_0025_0025.jpg 1 64 43 25 25
1917_0030_0022_0064_0064.jpg 1 30 22 64 64
1918_0025_0030_0032_0032.jpg 1 25 30 32 32
1919_0020_0012_0051_0051.jpg 1 20 12 51 51
1920_0037_0042_0041_0041.jpg 1 37 42 41 41
1921_0027_0027_0055_0055.jpg 1 27 27 55 55
1922_0025_0008_0069_0069.jpg 1 25 8 69 69
1923_0012_0041_0036_0036.jpg 1 12 41 36 36
1924_0029_0041_0044_0044.jpg 1 29 41 44 44
1925_0049_0028_0024_0024.jpg 1 49 28 24 24
1926_0046_0037_0037_0037.jpg 1 46 37 37 37
1927_0017_0014_0069_0069.jpg 1 17 14 69 69
1928_0009_0011_0067_0067.jpg 1 9 11 67 67
1929_0022_0010_0063_0063.jpg 1 22 10 63 63
1930_0028_0004_0064_0064.jpg 1 28 4 64 64
1931_0021_0040_0036_0036.jpg 1 21 40 36 36
1932_0039_0026_0054_0054.jpg 1 39 26 54 54
1933_0005_0006_0054_0054.jpg 1 5 6 54 54
1934_0011_0029_0061_0061.jpg 1 11 29 61 61
1935_0006_0029_0064_0064.jpg 1 6 29 64 64
1936_0007_0040_0038_0038.jpg 1 7 40 38 38
1937_0021_0029_0029_0029.jpg 1 21 29 29 29
1938_0013_0043_0042_0042.jpg 1 13 43 42 42
1939_0018_0025_0063_0063.jpg 1 18 25 63 63
1940_0009_0006_0053_0053.jpg 1 9 6 53 53
1941_0013_0024_0052_0052.jpg 1 13 24 52 52
1942_0006_0011_0064_0064.jpg 1 6 11 64 64
1943_0024_0011_0067_0067.jpg 1 24 11 67 67
1944_0003_0011_0067_0067.jpg 1 3 11 67 67
1945_0049_0011_0044_0044.jpg 1 49 11 44 44
1946_0037_0023_0029_0029.jpg 1 37 23 29 29
1947_0006_0009_0040_0040.jpg 1 6 9 40 40
1948_0042_0014_0030_0030.jpg 1 42 14 30 30
1949_0032_0027_0060_0060.jpg 1 32 27 60 60
1950_0026_0027_0067_0067.jpg 1 26 27 67 67
