0001_0045_0027_0038_0038.jpg 1 45 27 38 38
0002_0039_0014_0045_0045.jpg 1 39 14 45 45
0003_0008_0013_0061_0061.jpg 1 8 13 61 61
0004_0054_0028_0029_0029.jpg 1 54 28 29 29
0005_0030_0032_0025_0025.jpg 1 30 32 25 25
0006_0007_0027_0034_0034.jpg 1 7 27 34 34
0007_0031_0010_0033_0033.jpg 1 31 10 33 33
0008_0004_0016_0069_0069.jpg 1 4 16 69 69
0009_0013_0038_0032_0032.jpg 1 13 38 32 32
0010_0009_0041_0047_0047.jpg 1 9 41 47 47
0011_0013_0029_0066_0066.jpg 1 13 29 66 66
0012_0061_0061_0027_0027.jpg 1 61 61 27 27
0013_0033_0038_0046_0046.jpg 1 33 38 46 46
0014_0049_0027_0039_0039.jpg 1 49 27 39 39
0015_0010_0027_0068_0068.jpg 1 10 27 68 68
0016_0024_0017_0063_0063.jpg 1 24 17 63 63
0017_0031_0046_0032_0032.jpg 1 31 46 32 32
0018_0036_0044_0040_0040.jpg 1 36 44 40 40
0019_0009_0034_0052_0052.jpg 1 9 34 52 52
0020_0018_0008_0032_0032.jpg 1 18 8 32 32
0021_0011_0008_0056_0056.jpg 1 11 8 56 56
0022_0008_0014_0039_0039.jpg 1 8 14 39 39
0023_0005_0026_0069_0069.jpg 1 5 26 69 69
0024_0036_0020_0057_0057.jpg 1 36 20 57 57
0025_0041_0024_0044_0044.jpg 1 41 24 44 44
0026_0010_0013_0068_0068.jpg 1 10 13 68 68
0027_0007_0034_0060_0060.jpg 1 7 34 60 60
0028_0052_0040_0035_0035.jpg 1 52 40 35 35
0029_0029_0020_0066_0066.jpg 1 29 20 66 66
0030_0048_0024_0043_0043.jpg 1 48 24 43 43
0031_0039_0037_0056_0056.jpg 1 39 37 56 56
0032_0038_0024_0047_0047.jpg 1 38 24 47 47
0033_0041_0042_0046_0046.jpg 1 41 42 46 46
0034_0052_0043_0037_0037.jpg 1 52 43 37 37
0035_0024_0015_0057_0057.jpg 1 24 15 57 57
0036_0017_0027_0058_0058.jpg 1 17 27 58 58
0037_0025_0030_0060_0060.jpg 1 25 30 60 60
0038_0006_0026_0048_0048.jpg 1 6 26 48 48
0039_0039_0029_0054_0054.jpg 1 39 29 54 54
0040_0007_0017_0062_0062.jpg 1 7 17 62 62
0041_0022_0011_0062_0062.jpg 1 22 11 62 62
0042_0006_0003_0063_0063.jpg 1 6 3 63 63
0043_0011_0044_0037_0037.jpg 1 11 44 37 37
0044_0013_0012_0057_0057.jpg 1 13 12 57 57
0045_0013_0046_0034_0034.jpg 1 13 46 34 34
0046_0055_0048_0037_0037.jpg 1 55 48 37 37
0047_0016_0022_0045_0045.jpg 1 16 22 45 45
0048_0017_0038_0044_0044.jpg 1 17 38 44 44
0049_0012_0030_0058_0058.jpg 1 12 30 58 58
0050_0026_0009_0045_0045.jpg 1 26 9 45 45
0051_0057_0016_0036_0036.jpg 1 57 16 36 36
0052_0029_0026_0052_0052.jpg 1 29 26 52 52
0053_0046_0011_0047_0047.jpg 1 46 11 47 47
0054_0027_0027_0056_0056.jpg 1 27 27 56 56
0055_0004_0019_0066_0066.jpg 1 4 19 66 66
0056_0018_0038_0057_0057.jpg 1 18 38 57 57
0057_0036_0032_0051_0051.jpg 1 36 32 51 51
0058_0024_0036_0056_0056.jpg 1 24 36 56 56
0059_0030_0016_0043_0043.jpg 1 30 16 43 43
0060_0015_0024_0058_0058.jpg 1 15 24 58 58
0061_0005_0013_0067_0067.jpg 1 5 13 67 67
0062_0024_0014_0057_0057.jpg 1 24 14 57 57
0063_0015_0055_0027_0027.jpg 1 15 55 27 27
0064_0048_0019_0039_0039.jpg 1 48 19 39 39
0065_0038_0023_0037_0037.jpg 1 38 23 37 37
0066_0011_0032_0062_0062.jpg 1 11 32 62 62
0067_0019_0006_0062_0062.jpg 1 19 6 62 62
0068_0037_0051_0024_0024.jpg 1 37 51 24 24
0069_0023_0040_0041_0041.jpg 1 23 40 41 41
0070_0046_0026_0041_0041.jpg 1 46 26 41 41
0071_0011_0035_0046_0046.jpg 1 11 35 46 46
0072_0033_0054_0031_0031.jpg 1 33 54 31 31
0073_0042_0023_0046_0046.jpg 1 42 23 46 46
0074_0027_0023_0043_0043.jpg 1 27 23 43 43
0075_0015_0010_0064_0064.jpg 1 15 10 64 64
0076_0015_0010_0058_0058.jpg 1 15 10 58 58
0077_0044_0042_0029_0029.jpg 1 44 42 29 29
0078_0034_0020_0061_0061.jpg 1 34 20 61 61
0079_0024_0025_0055_0055.jpg 1 24 25 55 55
0080_0034_0037_0027_0027.jpg 1 34 37 27 27
0081_0025_0044_0044_0044.jpg 1 25 44 44 44
0082_0022_0017_0026_0026.jpg 1 22 17 26 26
0083_0030_0014_0061_0061.jpg 1 30 14 61 61
0084_0026_0046_0042_0042.jpg 1 26 46 42 42
0085_0032_0021_0061_0061.jpg 1 32 21 61 61
0086_0047_0035_0027_0027.jpg 1 47 35 27 27
0087_0036_0030_0031_0031.jpg 1 36 30 31 31
0088_0007_0029_0050_0050.jpg 1 7 29 50 50
0089_0016_0055_0028_0028.jpg 1 16 55 28 28
0090_0033_0019_0028_0028.jpg 1 33 19 28 28
0091_0019_0023_0069_0069.jpg 1 19 23 69 69
0092_0025_0048_0039_0039.jpg 1 25 48 39 39
0093_0043_0041_0052_0052.jpg 1 43 41 52 52
0094_0043_0022_0043_0043.jpg 1 43 22 43 43
0095_0006_0024_0069_0069.jpg 1 6 24 69 69
0096_0013_0036_0024_0024.jpg 1 13 36 24 24
0097_0049_0054_0039_0039.jpg 1 49 54 39 39
0098_0014_0011_0064_0064.jpg 1 14 11 64 64
0099_0019_0044_0042_0042.jpg 1 19 44 42 42
0100_0014_0026_0044_0044.jpg 1 14 26 44 44
0101_0046_0063_0027_0027.jpg 1 46 63 27 27
0102_0054_0027_0028_0028.jpg 1 54 27 28 28
0103_0055_0028_0024_0024.jpg 1 55 28 24 24
0104_0037_0009_0058_0058.jpg 1 37 9 58 58
0105_0037_0004_0054_0054.jpg 1 37 4 54 54
0106_0006_0019_0036_0036.jpg 1 6 19 36 36
0107_0026_0025_0066_0066.jpg 1 26 25 66 66
0108_0040_0006_0048_0048.jpg 1 40 6 48 48
0109_0010_0018_0063_0063.jpg 1 10 18 63 63
0110_0003_0017_0068_0068.jpg 1 3 17 68 68
0111_0042_0044_0028_0028.jpg 1 42 44 28 28
0112_0012_0020_0068_0068.jpg 1 12 20 68 68
0113_0044_0023_0046_0046.jpg 1 44 23 46 46
0114_0045_0036_0024_0024.jpg 1 45 36 24 24
0115_0026_0026_0060_0060.jpg 1 26 26 60 60
0116_0032_0019_0030_0030.jpg 1 32 19 30 30
0117_0029_0010_0031_0031.jpg 1 29 10 31 31
0118_0049_0052_0027_0027.jpg 1 49 52 27 27
0119_0027_0012_0064_0064.jpg 1 27 12 64 64
0120_0018_0051_0024_0024.jpg 1 18 51 24 24
0121_0029_0029_0046_0046.jpg 1 29 29 46 46
0122_0012_0006_0062_0062.jpg 1 12 6 62 62
0123_0035_0033_0055_0055.jpg 1 35 33 55 55
0124_0022_0040_0031_0031.jpg 1 22 40 31 31
0125_0027_0014_0058_0058.jpg 1 27 14 58 58
0126_0023_0023_0066_0066.jpg 1 23 23 66 66
0127_0055_0048_0037_0037.jpg 1 55 48 37 37
0128_0031_0016_0029_0029.jpg 1 31 16 29 29
0129_0006_0041_0035_0035.jpg 1 6 41 35 35
0130_0023_0015_0063_0063.jpg 1 23 15 63 63
0131_0062_0048_0024_0024.jpg 1 62 48 24 24
0132_0034_0019_0059_0059.jpg 1 34 19 59 59
0133_0023_0025_0042_0042.jpg 1 23 25 42 42
0134_0033_0048_0033_0033.jpg 1 33 48 33 33
0135_0064_0062_0026_0026.jpg 1 64 62 26 26
0136_0022_0031_0065_0065.jpg 1 22 31 65 65
0137_0016_0023_0048_0048.jpg 1 16 23 48 48
0138_0014_0033_0049_0049.jpg 1 14 33 49 49
0139_0045_0011_0041_0041.jpg 1 45 11 41 41
0140_0030_0008_0062_0062.jpg 1 30 8 62 62
0141_0012_0037_0057_0057.jpg 1 12 37 57 57
0142_0006_0019_0055_0055.jpg 1 6 19 55 55
0143_0020_0058_0033_0033.jpg 1 20 58 33 33
0144_0012_0021_0055_0055.jpg 1 12 21 55 55
0145_0017_0024_0059_0059.jpg 1 17 24 59 59
0146_0013_0031_0041_0041.jpg 1 13 31 41 41
0147_0045_0038_0024_0024.jpg 1 45 38 24 24
0148_0021_0026_0038_0038.jpg 1 21 26 38 38
0149_0023_0018_0069_0069.jpg 1 23 18 69 69
0150_0018_0013_0059_0059.jpg 1 18 13 59 59
0151_0031_0024_0031_0031.jpg 1 31 24 31 31
0152_0055_0047_0028_0028.jpg 1 55 47 28 28
0153_0030_0026_0053_0053.jpg 1 30 26 53 53
0154_0012_0014_0047_0047.jpg 1 12 14 47 47
0155_0013_0021_0062_0062.jpg 1 13 21 62 62
0156_0043_0027_0039_0039.jpg 1 43 27 39 39
0157_0034_0016_0048_0048.jpg 1 34 16 48 48
0158_0017_0058_0035_0035.jpg 1 17 58 35 35
0159_0011_0027_0041_0041.jpg 1 11 27 41 41
0160_0008_0006_0046_0046.jpg 1 8 6 46 46
0161_0045_0058_0032_0032.jpg 1 45 58 32 32
0162_0055_0055_0031_0031.jpg 1 55 55 31 31
0163_0019_0010_0044_0044.jpg 1 19 10 44 44
0164_0046_0025_0034_0034.jpg 1 46 25 34 34
0165_0023_0026_0063_0063.jpg 1 23 26 63 63
0166_0031_0030_0061_0061.jpg 1 31 30 61 61
0167_0012_0008_0048_0048.jpg 1 12 8 48 48
0168_0053_0059_0033_0033.jpg 1 53 59 33 33
0169_0059_0026_0024_0024.jpg 1 59 26 24 24
0170_0012_0007_0069_0069.jpg 1 12 7 69 69
0171_0063_0055_0024_0024.jpg 1 63 55 24 24
0172_0040_0022_0026_0026.jpg 1 40 22 26 26
0173_0060_0037_0031_0031.jpg 1 60 37 31 31
0174_0032_0029_0049_0049.jpg 1 32 29 49 49
0175_0004_0031_0059_0059.jpg 1 4 31 59 59
0176_0022_0032_0039_0039.jpg 1 22 32 39 39
0177_0047_0041_0033_0033.jpg 1 47 41 33 33
0178_0027_0018_0036_0036.jpg 1 27 18 36 36
0179_0045_0046_0024_0024.jpg 1 45 46 24 24
0180_0016_0049_0038_0038.jpg 1 16 49 38 38
0181_0005_0034_0057_0057.jpg 1 5 34 57 57
0182_0025_0007_0061_0061.jpg 1 25 7 61 61
0183_0029_0017_0045_0045.jpg 1 29 17 45 45
0184_0024_0015_0067_0067.jpg 1 24 15 67 67
0185_0021_0055_0030_0030.jpg 1 21 55 30 30
0186_0052_0013_0040_0040.jpg 1 52 13 40 40
0187_0035_0012_0033_0033.jpg 1 35 12 33 33
0188_0037_0026_0056_0056.jpg 1 37 26 56 56
0189_0018_0004_0066_0066.jpg 1 18 4 66 66
0190_0012_0038_0040_0040.jpg 1 12 38 40 40
0191_0013_0008_0061_0061.jpg 1 13 8 61 61
0192_0007_0007_0039_0039.jpg 1 7 7 39 39
0193_0037_0018_0052_0052.jpg 1 37 18 52 52
0194_0011_0021_0046_0046.jpg 1 11 21 46 46
0195_0044_0015_0040_0040.jpg 1 44 15 40 40
0196_0049_0017_0032_0032.jpg 1 49 17 32 32
0197_0014_0038_0057_0057.jpg 1 14 38 57 57
0198_0017_0019_0040_0040.jpg 1 17 19 40 40
0199_0008_0015_0064_0064.jpg 1 8 15 64 64
0200_0033_0019_0061_0061.jpg 1 33 19 61 61
0201_0011_0046_0048_0048.jpg 1 11 46 48 48
0202_0006_0013_0052_0052.jpg 1 6 13 52 52
0203_0044_0034_0024_0024.jpg 1 44 34 24 24
0204_0032_0018_0063_0063.jpg 1 32 18 63 63
0205_0023_0022_0059_0059.jpg 1 23 22 59 59
0206_0033_0026_0045_0045.jpg 1 33 26 45 45
0207_0029_0052_0024_0024.jpg 1 29 52 24 24
0208_0018_0033_0045_0045.jpg 1 18 33 45 45
0209_0043_0039_0048_0048.jpg 1 43 39 48 48
0210_0008_0029_0036_0036.jpg 1 8 29 36 36
0211_0022_0021_0065_0065.jpg 1 22 21 65 65
0212_0038_0020_0053_0053.jpg 1 38 20 53 53
0213_0007_0011_0064_0064.jpg 1 7 11 64 64
0214_0010_0012_0035_0035.jpg 1 10 12 35 35
0215_0037_0015_0042_0042.jpg 1 37 15 42 42
0216_0031_0032_0052_0052.jpg 1 31 32 52 52
0217_0027_0025_0069_0069.jpg 1 27 25 69 69
0218_0013_0033_0051_0051.jpg 1 13 33 51 51
0219_0017_0015_0045_0045.jpg 1 17 15 45 45
0220_0037_0005_0057_0057.jpg 1 37 5 57 57
0221_0030_0013_0030_0030.jpg 1 30 13 30 30
0222_0023_0045_0048_0048.jpg 1 23 45 48 48
0223_0028_0044_0028_0028.jpg 1 28 44 28 28
0224_0013_0032_0054_0054.jpg 1 13 32 54 54
0225_0019_0019_0067_0067.jpg 1 19 19 67 67
0226_0051_0047_0033_0033.jpg 1 51 47 33 33
0227_0060_0031_0031_0031.jpg 1 60 31 31 31
0228_0030_0032_0059_0059.jpg 1 30 32 59 59
0229_0029_0036_0047_0047.jpg 1 29 36 47 47
0230_0037_0020_0047_0047.jpg 1 37 20 47 47
0231_0034_0006_0057_0057.jpg 1 34 6 57 57
0232_0021_0038_0050_0050.jpg 1 21 38 50 50
0233_0024_0007_0043_0043.jpg 1 24 7 43 43
0234_0020_0006_0056_0056.jpg 1 20 6 56 56
0235_0007_0027_0066_0066.jpg 1 7 27 66 66
0236_0058_0051_0032_0032.jpg 1 58 51 32 32
0237_0018_0028_0058_0058.jpg 1 18 28 58 58
0238_0047_0029_0025_0025.jpg 1 47 29 25 25
0239_0005_0022_0069_0069.jpg 1 5 22 69 69
0240_0026_0051_0033_0033.jpg 1 26 51 33 33
0241_0034_0020_0056_0056.jpg 1 34 20 56 56
0242_0033_0026_0057_0057.jpg 1 33 26 57 57
0243_0026_0042_0028_0028.jpg 1 26 42 28 28
0244_0044_0031_0046_0046.jpg 1 44 31 46 46
0245_0029_0009_0067_0067.jpg 1 29 9 67 67
0246_0020_0037_0045_0045.jpg 1 20 37 45 45
0247_0047_0014_0038_0038.jpg 1 47 14 38 38
0248_0014_0013_0067_0067.jpg 1 14 13 67 67
0249_0027_0031_0046_0046.jpg 1 27 31 46 46
0250_0012_0008_0051_0051.jpg 1 12 8 51 51
0251_0004_0023_0069_0069.jpg 1 4 23 69 69
0252_0011_0013_0053_0053.jpg 1 11 13 53 53
0253_0010_0012_0065_0065.jpg 1 10 12 65 65
0254_0006_0007_0059_0059.jpg 1 6 7 59 59
0255_0024_0025_0049_0049.jpg 1 24 25 49 49
0256_0009_0032_0039_0039.jpg 1 9 32 39 39
0257_0023_0010_0065_0065.jpg 1 23 10 65 65
0258_0047_0048_0044_0044.jpg 1 47 48 44 44
0259_0014_0008_0045_0045.jpg 1 14 8 45 45
0260_0030_0043_0041_0041.jpg 1 30 43 41 41
0261_0055_0047_0037_0037.jpg 1 55 47 37 37
0262_0016_0027_0067_0067.jpg 1 16 27 67 67
0263_0050_0054_0039_0039.jpg 1 50 54 39 39
0264_0050_0023_0031_0031.jpg 1 50 23 31 31
0265_0025_0017_0050_0050.jpg 1 25 17 50 50
0266_0056_0054_0036_0036.jpg 1 56 54 36 36
0267_0010_0005_0067_0067.jpg 1 10 5 67 67
0268_0042_0014_0031_0031.jpg 1 42 14 31 31
0269_0020_0024_0037_0037.jpg 1 20 24 37 37
0270_0004_0019_0060_0060.jpg 1 4 19 60 60
0271_0032_0019_0061_0061.jpg 1 32 19 61 61
0272_0040_0008_0049_0049.jpg 1 40 8 49 49
0273_0048_0017_0041_0041.jpg 1 48 17 41 41
0274_0017_0022_0064_0064.jpg 1 17 22 64 64
0275_0015_0019_0050_0050.jpg 1 15 19 50 50
0276_0024_0011_0051_0051.jpg 1 24 11 51 51
0277_0021_0043_0026_0026.jpg 1 21 43 26 26
0278_0047_0062_0026_0026.jpg 1 47 62 26 26
0279_0017_0011_0065_0065.jpg 1 17 11 65 65
0280_0010_0037_0046_0046.jpg 1 10 37 46 46
0281_0022_0015_0051_0051.jpg 1 22 15 51 51
0282_0016_0023_0069_0069.jpg 1 16 23 69 69
0283_0047_0033_0045_0045.jpg 1 47 33 45 45
0284_0010_0032_0062_0062.jpg 1 10 32 62 62
0285_0019_0029_0056_0056.jpg 1 19 29 56 56
0286_0026_0046_0032_0032.jpg 1 26 46 32 32
0287_0054_0014_0031_0031.jpg 1 54 14 31 31
0288_0049_0046_0036_0036.jpg 1 49 46 36 36
0289_0023_0027_0047_0047.jpg 1 23 27 47 47
0290_0065_0055_0026_0026.jpg 1 65 55 26 26
0291_0036_0024_0033_0033.jpg 1 36 24 33 33
0292_0035_0035_0043_0043.jpg 1 35 35 43 43
0293_0015_0029_0061_0061.jpg 1 15 29 61 61
0294_0012_0024_0068_0068.jpg 1 12 24 68 68
0295_0020_0007_0063_0063.jpg 1 20 7 63 63
0296_0016_0024_0056_0056.jpg 1 16 24 56 56
0297_0052_0037_0027_0027.jpg 1 52 37 27 27
0298_0036_0025_0036_0036.jpg 1 36 25 36 36
0299_0019_0040_0047_0047.jpg 1 19 40 47 47
0300_0006_0012_0048_0048.jpg 1 6 12 48 48
0301_0011_0008_0060_0060.jpg 1 11 8 60 60
0302_0010_0021_0043_0043.jpg 1 10 21 43 43
0303_0033_0050_0032_0032.jpg 1 33 50 32 32
0304_0016_0020_0048_0048.jpg 1 16 20 48 48
0305_0051_0027_0031_0031.jpg 1 51 27 31 31
0306_0060_0010_0032_0032.jpg 1 60 10 32 32
0307_0012_0020_0037_0037.jpg 1 12 20 37 37
0308_0064_0041_0028_0028.jpg 1 64 41 28 28
0309_0012_0014_0061_0061.jpg 1 12 14 61 61
0310_0014_0028_0065_0065.jpg 1 14 28 65 65
0311_0037_0009_0038_0038.jpg 1 37 9 38 38
0312_0028_0044_0030_0030.jpg 1 28 44 30 30
0313_0012_0014_0025_0025.jpg 1 12 14 25 25
0314_0037_0010_0032_0032.jpg 1 37 10 32 32
0315_0046_0012_0032_0032.jpg 1 46 12 32 32
0316_0012_0013_0029_0029.jpg 1 12 13 29 29
0317_0025_0035_0051_0051.jpg 1 25 35 51 51
0318_0007_0006_0068_0068.jpg 1 7 6 68 68
0319_0021_0009_0036_0036.jpg 1 21 9 36 36
0320_0013_0009_0063_0063.jpg 1 13 9 63 63
0321_0021_0050_0042_0042.jpg 1 21 50 42 42
0322_0026_0003_0066_0066.jpg 1 26 3 66 66
0323_0023_0019_0050_0050.jpg 1 23 19 50 50
0324_0037_0017_0040_0040.jpg 1 37 17 40 40
0325_0041_0013_0032_0032.jpg 1 41 13 32 32
0326_0054_0007_0031_0031.jpg 1 54 7 31 31
0327_0031_0019_0062_0062.jpg 1 31 19 62 62
0328_0044_0037_0046_0046.jpg 1 44 37 46 46
0329_0019_0031_0053_0053.jpg 1 19 31 53 53
0330_0060_0020_0025_0025.jpg 1 60 20 25 25
0331_0025_0030_0058_0058.jpg 1 25 30 58 58
0332_0012_0013_0062_0062.jpg 1 12 13 62 62
0333_0041_0042_0038_0038.jpg 1 41 42 38 38
0334_0037_0029_0058_0058.jpg 1 37 29 58 58
0335_0033_0061_0031_0031.jpg 1 33 61 31 31
0336_0041_0040_0045_0045.jpg 1 41 40 45 45
0337_0008_0007_0068_0068.jpg 1 8 7 68 68
0338_0045_0056_0036_0036.jpg 1 45 56 36 36
0339_0009_0008_0036_0036.jpg 1 9 8 36 36
0340_0040_0030_0026_0026.jpg 1 40 30 26 26
0341_0059_0037_0033_0033.jpg 1 59 37 33 33
0342_0013_0037_0029_0029.jpg 1 13 37 29 29
0343_0046_0026_0027_0027.jpg 1 46 26 27 27
0344_0047_0062_0029_0029.jpg 1 47 62 29 29
0345_0054_0014_0039_0039.jpg 1 54 14 39 39
0346_0011_0037_0055_0055.jpg 1 11 37 55 55
0347_0020_0019_0065_0065.jpg 1 20 19 65 65
0348_0010_0012_0040_0040.jpg 1 10 12 40 40
0349_0027_0029_0024_0024.jpg 1 27 29 24 24
0350_0028_0015_0034_0034.jpg 1 28 15 34 34
0351_0018_0048_0033_0033.jpg 1 18 48 33 33
0352_0055_0014_0029_0029.jpg 1 55 14 29 29
0353_0016_0026_0063_0063.jpg 1 16 26 63 63
0354_0005_0023_0057_0057.jpg 1 5 23 57 57
0355_0028_0016_0029_0029.jpg 1 28 16 29 29
0356_0013_0027_0026_0026.jpg 1 13 27 26 26
0357_0018_0010_0054_0054.jpg 1 18 10 54 54
0358_0027_0015_0049_0049.jpg 1 27 15 49 49
0359_0031_0007_0034_0034.jpg 1 31 7 34 34
0360_0008_0044_0026_0026.jpg 1 8 44 26 26
0361_0021_0034_0055_0055.jpg 1 21 34 55 55
0362_0056_0009_0030_0030.jpg 1 56 9 30 30
0363_0017_0023_0065_0065.jpg 1 17 23 65 65
0364_0006_0025_0067_0067.jpg 1 6 25 67 67
0365_0023_0028_0041_0041.jpg 1 23 28 41 41
0366_0005_0039_0049_0049.jpg 1 5 39 49 49
0367_0023_0051_0036_0036.jpg 1 23 51 36 36
0368_0030_0006_0037_0037.jpg 1 30 6 37 37
0369_0006_0007_0038_0038.jpg 1 6 7 38 38
0370_0027_0034_0057_0057.jpg 1 27 34 57 57
0371_0010_0046_0033_0033.jpg 1 10 46 33 33
0372_0016_0015_0029_0029.jpg 1 16 15 29 29
0373_0021_0007_0030_0030.jpg 1 21 7 30 30
0374_0043_0023_0029_0029.jpg 1 43 23 29 29
0375_0021_0036_0031_0031.jpg 1 21 36 31 31
0376_0014_0020_0045_0045.jpg 1 14 20 45 45
0377_0037_0042_0043_0043.jpg 1 37 42 43 43
0378_0014_0035_0045_0045.jpg 1 14 35 45 45
0379_0015_0007_0065_0065.jpg 1 15 7 65 65
0380_0016_0017_0067_0067.jpg 1 16 17 67 67
0381_0029_0013_0044_0044.jpg 1 29 13 44 44
0382_0042_0030_0046_0046.jpg 1 42 30 46 46
0383_0052_0046_0033_0033.jpg 1 52 46 33 33
0384_0030_0024_0066_0066.jpg 1 30 24 66 66
0385_0016_0023_0065_0065.jpg 1 16 23 65 65
0386_0016_0053_0025_0025.jpg 1 16 53 25 25
0387_0017_0009_0047_0047.jpg 1 17 9 47 47
0388_0041_0023_0048_0048.jpg 1 41 23 48 48
0389_0021_0008_0066_0066.jpg 1 21 8 66 66
0390_0014_0023_0035_0035.jpg 1 14 23 35 35
0391_0042_0052_0025_0025.jpg 1 42 52 25 25
0392_0015_0024_0053_0053.jpg 1 15 24 53 53
0393_0028_0019_0035_0035.jpg 1 28 19 35 35
0394_0026_0007_0056_0056.jpg 1 26 7 56 56
0395_0056_0041_0034_0034.jpg 1 56 41 34 34
0396_0012_0011_0059_0059.jpg 1 12 11 59 59
0397_0010_0032_0046_0046.jpg 1 10 32 46 46
0398_0042_0030_0030_0030.jpg 1 42 30 30 30
0399_0030_0023_0037_0037.jpg 1 30 23 37 37
0400_0036_0018_0031_0031.jpg 1 36 18 31 31
0401_0021_0026_0061_0061.jpg 1 21 26 61 61
0402_0009_0013_0059_0059.jpg 1 9 13 59 59
0403_0004_0010_0063_0063.jpg 1 4 10 63 63
0404_0057_0033_0024_0024.jpg 1 57 33 24 24
0405_0026_0022_0062_0062.jpg 1 26 22 62 62
0406_0052_0045_0040_0040.jpg 1 52 45 40 40
0407_0021_0025_0055_0055.jpg 1 21 25 55 55
0408_0004_0012_0063_0063.jpg 1 4 12 63 63
0409_0019_0028_0055_0055.jpg 1 19 28 55 55
0410_0041_0009_0028_0028.jpg 1 41 9 28 28
0411_0032_0032_0033_0033.jpg 1 32 32 33 33
0412_0008_0027_0031_0031.jpg 1 8 27 31 31
0413_0025_0029_0061_0061.jpg 1 25 29 61 61
0414_0034_0020_0044_0044.jpg 1 34 20 44 44
0415_0039_0023_0048_0048.jpg 1 39 23 48 48
0416_0008_0025_0060_0060.jpg 1 8 25 60 60
0417_0051_0011_0042_0042.jpg 1 51 11 42 42
0418_0013_0038_0027_0027.jpg 1 13 38 27 27
0419_0015_0013_0057_0057.jpg 1 15 13 57 57
0420_0036_0031_0045_0045.jpg 1 36 31 45 45
0421_0050_0031_0027_0027.jpg 1 50 31 27 27
0422_0008_0009_0064_0064.jpg 1 8 9 64 64
0423_0005_0007_0067_0067.jpg 1 5 7 67 67
0424_0050_0019_0039_0039.jpg 1 50 19 39 39
0425_0008_0013_0060_0060.jpg 1 8 13 60 60
0426_0017_0013_0069_0069.jpg 1 17 13 69 69
0427_0033_0005_0054_0054.jpg 1 33 5 54 54
0428_0042_0019_0051_0051.jpg 1 42 19 51 51
0429_0010_0019_0056_0056.jpg 1 10 19 56 56
0430_0045_0029_0049_0049.jpg 1 45 29 49 49
0431_0020_0046_0032_0032.jpg 1 20 46 32 32
0432_0014_0012_0051_0051.jpg 1 14 12 51 51
0433_0017_0032_0063_0063.jpg 1 17 32 63 63
0434_0030_0066_0024_0024.jpg 1 30 66 24 24
0435_0024_0020_0063_0063.jpg 1 24 20 63 63
0436_0009_0031_0056_0056.jpg 1 9 31 56 56
0437_0031_0036_0032_0032.jpg 1 31 36 32 32
0438_0039_0010_0054_0054.jpg 1 39 10 54 54
0439_0020_0014_0036_0036.jpg 1 20 14 36 36
0440_0028_0019_0043_0043.jpg 1 28 19 43 43
0441_0010_0034_0044_0044.jpg 1 10 34 44 44
0442_0020_0022_0069_0069.jpg 1 20 22 69 69
0443_0034_0057_0036_0036.jpg 1 34 57 36 36
0444_0026_0026_0034_0034.jpg 1 26 26 34 34
0445_0025_0009_0046_0046.jpg 1 25 9 46 46
0446_0039_0043_0050_0050.jpg 1 39 43 50 50
0447_0028_0008_0059_0059.jpg 1 28 8 59 59
0448_0025_0037_0026_0026.jpg 1 25 37 26 26
0449_0049_0013_0036_0036.jpg 1 49 13 36 36
0450_0004_0027_0068_0068.jpg 1 4 27 68 68
0451_0009_0022_0044_0044.jpg 1 9 22 44 44
0452_0007_0028_0067_0067.jpg 1 7 28 67 67
0453_0041_0036_0039_0039.jpg 1 41 36 39 39
0454_0053_0033_0025_0025.jpg 1 53 33 25 25
0455_0008_0012_0041_0041.jpg 1 8 12 41 41
0456_0028_0035_0047_0047.jpg 1 28 35 47 47
0457_0007_0024_0067_0067.jpg 1 7 24 67 67
0458_0038_0008_0050_0050.jpg 1 38 8 50 50
0459_0024_0020_0030_0030.jpg 1 24 20 30 30
0460_0008_0033_0054_0054.jpg 1 8 33 54 54
0461_0023_0026_0039_0039.jpg 1 23 26 39 39
0462_0019_0019_0045_0045.jpg 1 19 19 45 45
0463_0006_0012_0068_0068.jpg 1 6 12 68 68
0464_0017_0015_0034_0034.jpg 1 17 15 34 34
0465_0051_0030_0029_0029.jpg 1 51 30 29 29
0466_0015_0008_0068_0068.jpg 1 15 8 68 68
0467_0035_0028_0040_0040.jpg 1 35 28 40 40
0468_0037_0013_0044_0044.jpg 1 37 13 44 44
0469_0027_0008_0036_0036.jpg 1 27 8 36 36
0470_0011_0032_0030_0030.jpg 1 11 32 30 30
0471_0031_0030_0053_0053.jpg 1 31 30 53 53
0472_0013_0027_0041_0041.jpg 1 13 27 41 41
0473_0008_0014_0058_0058.jpg 1 8 14 58 58
0474_0026_0052_0039_0039.jpg 1 26 52 39 39
0475_0059_0013_0031_0031.jpg 1 59 13 31 31
0476_0037_0020_0055_0055.jpg 1 37 20 55 55
0477_0042_0024_0044_0044.jpg 1 42 24 44 44
0478_0034_0024_0059_0059.jpg 1 34 24 59 59
0479_0025_0007_0049_0049.jpg 1 25 7 49 49
0480_0009_0033_0060_0060.jpg 1 9 33 60 60
0481_0042_0028_0037_0037.jpg 1 42 28 37 37
0482_0031_0033_0039_0039.jpg 1 31 33 39 39
0483_0032_0016_0061_0061.jpg 1 32 16 61 61
0484_0029_0040_0049_0049.jpg 1 29 40 49 49
0485_0064_0024_0027_0027.jpg 1 64 24 27 27
0486_0021_0034_0044_0044.jpg 1 21 34 44 44
0487_0021_0015_0059_0059.jpg 1 21 15 59 59
0488_0055_0031_0034_0034.jpg 1 55 31 34 34
0489_0009_0012_0068_0068.jpg 1 9 12 68 68
0490_0043_0030_0048_0048.jpg 1 43 30 48 48
0491_0021_0024_0057_0057.jpg 1 21 24 57 57
0492_0035_0026_0028_0028.jpg 1 35 26 28 28
0493_0037_0045_0031_0031.jpg 1 37 45 31 31
0494_0041_0042_0052_0052.jpg 1 41 42 52 52
0495_0039_0031_0044_0044.jpg 1 39 31 44 44
0496_0042_0058_0032_0032.jpg 1 42 58 32 32
0497_0018_0018_0060_0060.jpg 1 18 18 60 60
0498_0052_0050_0038_0038.jpg 1 52 50 38 38
0499_0047_0048_0035_0035.jpg 1 47 48 35 35
0500_0048_0027_0030_0030.jpg 1 48 27 30 30
0501_0028_0045_0045_0045.jpg 1 28 45 45 45
0502_0045_0041_0029_0029.jpg 1 45 41 29 29
0503_0027_0014_0027_0027.jpg 1 27 14 27 27
0504_0007_0025_0057_0057.jpg 1 7 25 57 57
0505_0029_0041_0046_0046.jpg 1 29 41 46 46
0506_0035_0050_0042_0042.jpg 1 35 50 42 42
0507_0015_0042_0043_0043.jpg 1 15 42 43 43
0508_0018_0023_0050_0050.jpg 1 18 23 50 50
0509_0005_0021_0057_0057.jpg 1 5 21 57 57
0510_0005_0026_0061_0061.jpg 1 5 26 61 61
0511_0025_0031_0047_0047.jpg 1 25 31 47 47
0512_0010_0025_0032_0032.jpg 1 10 25 32 32
0513_0059_0052_0029_0029.jpg 1 59 52 29 29
0514_0026_0025_0060_0060.jpg 1 26 25 60 60
0515_0035_0034_0046_0046.jpg 1 35 34 46 46
0516_0030_0023_0062_0062.jpg 1 30 23 62 62
0517_0012_0014_0045_0045.jpg 1 12 14 45 45
0518_0057_0056_0025_0025.jpg 1 57 56 25 25
0519_0006_0024_0069_0069.jpg 1 6 24 69 69
0520_0015_0029_0048_0048.jpg 1 15 29 48 48
0521_0059_0034_0024_0024.jpg 1 59 34 24 24
0522_0014_0018_0035_0035.jpg 1 14 18 35 35
0523_0031_0017_0031_0031.jpg 1 31 17 31 31
0524_0021_0019_0061_0061.jpg 1 21 19 61 61
0525_0027_0027_0062_0062.jpg 1 27 27 62 62
0526_0021_0016_0032_0032.jpg 1 21 16 32 32
0527_0032_0030_0044_0044.jpg 1 32 30 44 44
0528_0030_0012_0064_0064.jpg 1 30 12 64 64
0529_0019_0017_0034_0034.jpg 1 19 17 34 34
0530_0028_0033_0051_0051.jpg 1 28 33 51 51
0531_0013_0027_0050_0050.jpg 1 13 27 50 50
0532_0035_0060_0027_0027.jpg 1 35 60 27 27
0533_0029_0023_0062_0062.jpg 1 29 23 62 62
0534_0049_0042_0024_0024.jpg 1 49 42 24 24
0535_0028_0013_0048_0048.jpg 1 28 13 48 48
0536_0035_0040_0037_0037.jpg 1 35 40 37 37
0537_0027_0024_0064_0064.jpg 1 27 24 64 64
0538_0026_0020_0039_0039.jpg 1 26 20 39 39
0539_0033_0015_0055_0055.jpg 1 33 15 55 55
0540_0028_0004_0062_0062.jpg 1 28 4 62 62
0541_0012_0031_0043_0043.jpg 1 12 31 43 43
0542_0042_0010_0040_0040.jpg 1 42 10 40 40
0543_0040_0008_0034_0034.jpg 1 40 8 34 34
0544_0026_0015_0036_0036.jpg 1 26 15 36 36
0545_0017_0014_0062_0062.jpg 1 17 14 62 62
0546_0014_0046_0032_0032.jpg 1 14 46 32 32
0547_0026_0011_0047_0047.jpg 1 26 11 47 47
0548_0023_0025_0026_0026.jpg 1 23 25 26 26
0549_0015_0047_0041_0041.jpg 1 15 47 41 41
0550_0005_0025_0059_0059.jpg 1 5 25 59 59
0551_0018_0028_0038_0038.jpg 1 18 28 38 38
0552_0062_0029_0027_0027.jpg 1 62 29 27 27
0553_0029_0028_0064_0064.jpg 1 29 28 64 64
0554_0040_0015_0027_0027.jpg 1 40 15 27 27
0555_0009_0013_0035_0035.jpg 1 9 13 35 35
0556_0011_0037_0051_0051.jpg 1 11 37 51 51
0557_0017_0016_0068_0068.jpg 1 17 16 68 68
0558_0013_0022_0064_0064.jpg 1 13 22 64 64
0559_0018_0026_0044_0044.jpg 1 18 26 44 44
0560_0004_0028_0054_0054.jpg 1 4 28 54 54
0561_0023_0025_0034_0034.jpg 1 23 25 34 34
0562_0034_0046_0029_0029.jpg 1 34 46 29 29
0563_0018_0028_0060_0060.jpg 1 18 28 60 60
0564_0034_0035_0058_0058.jpg 1 34 35 58 58
0565_0039_0036_0055_0055.jpg 1 39 36 55 55
0566_0021_0011_0045_0045.jpg 1 21 11 45 45
0567_0008_0016_0058_0058.jpg 1 8 16 58 58
0568_0026_0025_0052_0052.jpg 1 26 25 52 52
0569_0030_0008_0064_0064.jpg 1 30 8 64 64
0570_0003_0027_0067_0067.jpg 1 3 27 67 67
0571_0023_0019_0061_0061.jpg 1 23 19 61 61
0572_0024_0023_0058_0058.jpg 1 24 23 58 58
0573_0029_0024_0033_0033.jpg 1 29 24 33 33
0574_0037_0020_0046_0046.jpg 1 37 20 46 46
0575_0022_0053_0037_0037.jpg 1 22 53 37 37
0576_0047_0038_0025_0025.jpg 1 47 38 25 25
0577_0028_0007_0047_0047.jpg 1 28 7 47 47
0578_0027_0028_0047_0047.jpg 1 27 28 47 47
0579_0050_0051_0038_0038.jpg 1 50 51 38 38
0580_0011_0029_0066_0066.jpg 1 11 29 66 66
0581_0010_0025_0066_0066.jpg 1 10 25 66 66
0582_0029_0013_0050_0050.jpg 1 29 13 50 50
0583_0006_0043_0049_0049.jpg 1 6 43 49 49
0584_0017_0024_0031_0031.jpg 1 17 24 31 31
0585_0035_0027_0041_0041.jpg 1 35 27 41 41
0586_0016_0008_0026_0026.jpg 1 16 8 26 26
0587_0029_0051_0034_0034.jpg 1 29 51 34 34
0588_0028_0005_0062_0062.jpg 1 28 5 62 62
0589_0035_0030_0057_0057.jpg 1 35 30 57 57
0590_0034_0018_0028_0028.jpg 1 34 18 28 28
0591_0012_0015_0052_0052.jpg 1 12 15 52 52
0592_0015_0016_0068_0068.jpg 1 15 16 68 68
0593_0013_0027_0034_0034.jpg 1 13 27 34 34
0594_0010_0011_0043_0043.jpg 1 10 11 43 43
0595_0023_0041_0047_0047.jpg 1 23 41 47 47
0596_0017_0026_0066_0066.jpg 1 17 26 66 66
0597_0050_0037_0040_0040.jpg 1 50 37 40 40
0598_0008_0060_0029_0029.jpg 1 8 60 29 29
0599_0023_0028_0055_0055.jpg 1 23 28 55 55
0600_0011_0011_0046_0046.jpg 1 11 11 46 46
0601_0016_0005_0066_0066.jpg 1 16 5 66 66
0602_0029_0027_0028_0028.jpg 1 29 27 28 28
0603_0022_0037_0050_0050.jpg 1 22 37 50 50
0604_0042_0047_0041_0041.jpg 1 42 47 41 41
0605_0020_0043_0050_0050.jpg 1 20 43 50 50
0606_0026_0041_0030_0030.jpg 1 26 41 30 30
0607_0035_0015_0049_0049.jpg 1 35 15 49 49
0608_0029_0050_0043_0043.jpg 1 29 50 43 43
0609_0034_0014_0035_0035.jpg 1 34 14 35 35
0610_0038_0012_0047_0047.jpg 1 38 12 47 47
0611_0030_0035_0057_0057.jpg 1 30 35 57 57
0612_0017_0025_0049_0049.jpg 1 17 25 49 49
0613_0054_0014_0033_0033.jpg 1 54 14 33 33
0614_0037_0053_0040_0040.jpg 1 37 53 40 40
0615_0022_0019_0033_0033.jpg 1 22 19 33 33
0616_0027_0010_0051_0051.jpg 1 27 10 51 51
0617_0045_0052_0037_0037.jpg 1 45 52 37 37
0618_0004_0033_0059_0059.jpg 1 4 33 59 59
0619_0024_0020_0056_0056.jpg 1 24 20 56 56
0620_0053_0028_0029_0029.jpg 1 53 28 29 29
0621_0006_0013_0053_0053.jpg 1 6 13 53 53
0622_0008_0054_0027_0027.jpg 1 8 54 27 27
0623_0008_0019_0054_0054.jpg 1 8 19 54 54
0624_0020_0020_0063_0063.jpg 1 20 20 63 63
0625_0018_0037_0050_0050.jpg 1 18 37 50 50
0626_0013_0006_0036_0036.jpg 1 13 6 36 36
0627_0028_0021_0042_0042.jpg 1 28 21 42 42
0628_0021_0034_0054_0054.jpg 1 21 34 54 54
0629_0026_0020_0060_0060.jpg 1 26 20 60 60
0630_0019_0045_0043_0043.jpg 1 19 45 43 43
0631_0034_0015_0040_0040.jpg 1 34 15 40 40
0632_0035_0049_0045_0045.jpg 1 35 49 45 45
0633_0042_0050_0037_0037.jpg 1 42 50 37 37
0634_0004_0008_0069_0069.jpg 1 4 8 69 69
0635_0037_0022_0024_0024.jpg 1 37 22 24 24
0636_0014_0034_0027_0027.jpg 1 14 34 27 27
0637_0043_0020_0048_0048.jpg 1 43 20 48 48
0638_0015_0050_0041_0041.jpg 1 15 50 41 41
0639_0024_0009_0055_0055.jpg 1 24 9 55 55
0640_0032_0063_0025_0025.jpg 1 32 63 25 25
0641_0010_0030_0037_0037.jpg 1 10 30 37 37
0642_0020_0009_0064_0064.jpg 1 20 9 64 64
0643_0027_0015_0060_0060.jpg 1 27 15 60 60
0644_0026_0011_0049_0049.jpg 1 26 11 49 49
0645_0046_0039_0034_0034.jpg 1 46 39 34 34
0646_0049_0021_0041_0041.jpg 1 49 21 41 41
0647_0007_0017_0058_0058.jpg 1 7 17 58 58
0648_0034_0040_0043_0043.jpg 1 34 40 43 43
0649_0010_0035_0033_0033.jpg 1 10 35 33 33
0650_0031_0022_0061_0061.jpg 1 31 22 61 61
0651_0033_0031_0048_0048.jpg 1 33 31 48 48
0652_0028_0009_0059_0059.jpg 1 28 9 59 59
0653_0045_0032_0026_0026.jpg 1 45 32 26 26
0654_0036_0040_0046_0046.jpg 1 36 40 46 46
0655_0044_0023_0039_0039.jpg 1 44 23 39 39
0656_0043_0033_0046_0046.jpg 1 43 33 46 46
0657_0020_0032_0061_0061.jpg 1 20 32 61 61
0658_0013_0050_0038_0038.jpg 1 13 50 38 38
0659_0027_0021_0058_0058.jpg 1 27 21 58 58
0660_0026_0023_0049_0049.jpg 1 26 23 49 49
0661_0021_0010_0050_0050.jpg 1 21 10 50 50
0662_0047_0034_0047_0047.jpg 1 47 34 47 47
0663_0030_0022_0050_0050.jpg 1 30 22 50 50
0664_0017_0022_0047_0047.jpg 1 17 22 47 47
0665_0020_0011_0068_0068.jpg 1 20 11 68 68
0666_0023_0021_0053_0053.jpg 1 23 21 53 53
0667_0032_0018_0028_0028.jpg 1 32 18 28 28
0668_0035_0039_0031_0031.jpg 1 35 39 31 31
0669_0029_0012_0057_0057.jpg 1 29 12 57 57
0670_0012_0010_0035_0035.jpg 1 12 10 35 35
0671_0031_0013_0061_0061.jpg 1 31 13 61 61
0672_0027_0003_0064_0064.jpg 1 27 3 64 64
0673_0018_0020_0050_0050.jpg 1 18 20 50 50
0674_0046_0009_0047_0047.jpg 1 46 9 47 47
0675_0040_0036_0035_0035.jpg 1 40 36 35 35
0676_0066_0007_0024_0024.jpg 1 66 7 24 24
0677_0026_0046_0045_0045.jpg 1 26 46 45 45
0678_0013_0025_0067_0067.jpg 1 13 25 67 67
0679_0014_0039_0051_0051.jpg 1 14 39 51 51
0680_0004_0010_0069_0069.jpg 1 4 10 69 69
0681_0037_0042_0030_0030.jpg 1 37 42 30 30
0682_0014_0010_0063_0063.jpg 1 14 10 63 63
0683_0023_0007_0056_0056.jpg 1 23 7 56 56
0684_0050_0016_0032_0032.jpg 1 50 16 32 32
0685_0022_0021_0061_0061.jpg 1 22 21 61 61
0686_0047_0017_0024_0024.jpg 1 47 17 24 24
0687_0021_0048_0039_0039.jpg 1 21 48 39 39
0688_0019_0015_0049_0049.jpg 1 19 15 49 49
0689_0017_0028_0067_0067.jpg 1 17 28 67 67
0690_0014_0013_0065_0065.jpg 1 14 13 65 65
0691_0017_0023_0056_0056.jpg 1 17 23 56 56
0692_0011_0005_0068_0068.jpg 1 11 5 68 68
0693_0042_0048_0041_0041.jpg 1 42 48 41 41
0694_0012_0018_0046_0046.jpg 1 12 18 46 46
0695_0021_0045_0024_0024.jpg 1 21 45 24 24
0696_0010_0006_0060_0060.jpg 1 10 6 60 60
0697_0009_0016_0044_0044.jpg 1 9 16 44 44
0698_0053_0012_0034_0034.jpg 1 53 12 34 34
0699_0031_0058_0033_0033.jpg 1 31 58 33 33
0700_0026_0023_0044_0044.jpg 1 26 23 44 44
0701_0021_0042_0048_0048.jpg 1 21 42 48 48
0702_0022_0018_0068_0068.jpg 1 22 18 68 68
0703_0028_0011_0064_0064.jpg 1 28 11 64 64
0704_0035_0045_0026_0026.jpg 1 35 45 26 26
0705_0031_0008_0065_0065.jpg 1 31 8 65 65
0706_0014_0007_0036_0036.jpg 1 14 7 36 36
0707_0015_0024_0061_0061.jpg 1 15 24 61 61
0708_0024_0048_0036_0036.jpg 1 24 48 36 36
0709_0051_0056_0036_0036.jpg 1 51 56 36 36
0710_0031_0009_0051_0051.jpg 1 31 9 51 51
0711_0033_0009_0063_0063.jpg 1 33 9 63 63
0712_0012_0014_0037_0037.jpg 1 12 14 37 37
0713_0018_0007_0068_0068.jpg 1 18 7 68 68
0714_0043_0007_0044_0044.jpg 1 43 7 44 44
0715_0009_0010_0067_0067.jpg 1 9 10 67 67
0716_0066_0062_0026_0026.jpg 1 66 62 26 26
0717_0044_0013_0032_0032.jpg 1 44 13 32 32
0718_0036_0027_0032_0032.jpg 1 36 27 32 32
0719_0034_0047_0027_0027.jpg 1 34 47 27 27
0720_0024_0009_0069_0069.jpg 1 24 9 69 69
0721_0041_0008_0050_0050.jpg 1 41 8 50 50
0722_0033_0005_0047_0047.jpg 1 33 5 47 47
0723_0012_0036_0056_0056.jpg 1 12 36 56 56
0724_0041_0020_0051_0051.jpg 1 41 20 51 51
0725_0010_0043_0047_0047.jpg 1 10 43 47 47
0726_0033_0031_0035_0035.jpg 1 33 31 35 35
0727_0011_0005_0044_0044.jpg 1 11 5 44 44
0728_0038_0029_0054_0054.jpg 1 38 29 54 54
0729_0015_0016_0047_0047.jpg 1 15 16 47 47
0730_0009_0019_0068_0068.jpg 1 9 19 68 68
0731_0004_0023_0067_0067.jpg 1 4 23 67 67
0732_0019_0029_0050_0050.jpg 1 19 29 50 50
0733_0016_0007_0033_0033.jpg 1 16 7 33 33
0734_0033_0016_0055_0055.jpg 1 33 16 55 55
0735_0007_0027_0051_0051.jpg 1 7 27 51 51
0736_0011_0026_0042_0042.jpg 1 11 26 42 42
0737_0021_0006_0062_0062.jpg 1 21 6 62 62
0738_0039_0020_0024_0024.jpg 1 39 20 24 24
0739_0023_0031_0041_0041.jpg 1 23 31 41 41
0740_0044_0050_0034_0034.jpg 1 44 50 34 34
0741_0024_0008_0068_0068.jpg 1 24 8 68 68
0742_0010_0029_0060_0060.jpg 1 10 29 60 60
0743_0044_0020_0047_0047.jpg 1 44 20 47 47
0744_0019_0061_0027_0027.jpg 1 19 61 27 27
0745_0015_0019_0064_0064.jpg 1 15 19 64 64
0746_0014_0023_0061_0061.jpg 1 14 23 61 61
0747_0029_0019_0066_0066.jpg 1 29 19 66 66
0748_0029_0031_0048_0048.jpg 1 29 31 48 48
0749_0008_0017_0059_0059.jpg 1 8 17 59 59
0750_0025_0035_0055_0055.jpg 1 25 35 55 55
0751_0042_0052_0035_0035.jpg 1 42 52 35 35
0752_0033_0029_0039_0039.jpg 1 33 29 39 39
0753_0019_0029_0064_0064.jpg 1 19 29 64 64
0754_0019_0021_0038_0038.jpg 1 19 21 38 38
0755_0007_0038_0048_0048.jpg 1 7 38 48 48
0756_0048_0005_0043_0043.jpg 1 48 5 43 43
0757_0022_0035_0055_0055.jpg 1 22 35 55 55
0758_0015_0035_0025_0025.jpg 1 15 35 25 25
0759_0058_0061_0030_0030.jpg 1 58 61 30 30
0760_0052_0052_0036_0036.jpg 1 52 52 36 36
0761_0005_0009_0049_0049.jpg 1 5 9 49 49
0762_0005_0048_0043_0043.jpg 1 5 48 43 43
0763_0014_0033_0038_0038.jpg 1 14 33 38 38
0764_0014_0015_0048_0048.jpg 1 14 15 48 48
0765_0049_0033_0034_0034.jpg 1 49 33 34 34
0766_0007_0006_0053_0053.jpg 1 7 6 53 53
0767_0023_0033_0050_0050.jpg 1 23 33 50 50
0768_0008_0044_0048_0048.jpg 1 8 44 48 48
0769_0022_0016_0044_0044.jpg 1 22 16 44 44
0770_0035_0005_0049_0049.jpg 1 35 5 49 49
0771_0007_0005_0065_0065.jpg 1 7 5 65 65
0772_0054_0008_0031_0031.jpg 1 54 8 31 31
0773_0037_0020_0025_0025.jpg 1 37 20 25 25
0774_0026_0058_0031_0031.jpg 1 26 58 31 31
0775_0020_0032_0036_0036.jpg 1 20 32 36 36
0776_0016_0016_0063_0063.jpg 1 16 16 63 63
0777_0035_0043_0025_0025.jpg 1 35 43 25 25
0778_0054_0046_0031_0031.jpg 1 54 46 31 31
0779_0008_0036_0050_0050.jpg 1 8 36 50 50
0780_0027_0006_0064_0064.jpg 1 27 6 64 64
0781_0018_0040_0042_0042.jpg 1 18 40 42 42
0782_0051_0031_0028_0028.jpg 1 51 31 28 28
0783_0016_0047_0026_0026.jpg 1 16 47 26 26
0784_0008_0049_0026_0026.jpg 1 8 49 26 26
0785_0040_0018_0037_0037.jpg 1 40 18 37 37
0786_0044_0016_0031_0031.jpg 1 44 16 31 31
0787_0014_0008_0055_0055.jpg 1 14 8 55 55
0788_0006_0052_0040_0040.jpg 1 6 52 40 40
0789_0048_0017_0024_0024.jpg 1 48 17 24 24
0790_0047_0053_0027_0027.jpg 1 47 53 27 27
0791_0032_0020_0053_0053.jpg 1 32 20 53 53
0792_0058_0012_0024_0024.jpg 1 58 12 24 24
0793_0041_0048_0039_0039.jpg 1 41 48 39 39
0794_0012_0007_0037_0037.jpg 1 12 7 37 37
0795_0007_0022_0069_0069.jpg 1 7 22 69 69
0796_0049_0018_0035_0035.jpg 1 49 18 35 35
0797_0024_0028_0062_0062.jpg 1 24 28 62 62
0798_0046_0013_0045_0045.jpg 1 46 13 45 45
0799_0022_0017_0045_0045.jpg 1 22 17 45 45
0800_0026_0016_0067_0067.jpg 1 26 16 67 67
0801_0048_0056_0026_0026.jpg 1 48 56 26 26
0802_0011_0020_0034_0034.jpg 1 11 20 34 34
0803_0040_0053_0035_0035.jpg 1 40 53 35 35
0804_0060_0021_0033_0033.jpg 1 60 21 33 33
0805_0024_0013_0027_0027.jpg 1 24 13 27 27
0806_0011_0035_0042_0042.jpg 1 11 35 42 42
0807_0027_0021_0068_0068.jpg 1 27 21 68 68
0808_0042_0010_0034_0034.jpg 1 42 10 34 34
0809_0047_0033_0036_0036.jpg 1 47 33 36 36
0810_0044_0051_0034_0034.jpg 1 44 51 34 34
0811_0017_0016_0059_0059.jpg 1 17 16 59 59
0812_0040_0021_0040_0040.jpg 1 40 21 40 40
0813_0020_0028_0045_0045.jpg 1 20 28 45 45
0814_0054_0011_0035_0035.jpg 1 54 11 35 35
0815_0032_0007_0046_0046.jpg 1 32 7 46 46
0816_0043_0064_0026_0026.jpg 1 43 64 26 26
0817_0009_0010_0067_0067.jpg 1 9 10 67 67
0818_0016_0024_0055_0055.jpg 1 16 24 55 55
0819_0021_0043_0049_0049.jpg 1 21 43 49 49
0820_0026_0003_0067_0067.jpg 1 26 3 67 67
0821_0012_0017_0049_0049.jpg 1 12 17 49 49
0822_0018_0032_0038_0038.jpg 1 18 32 38 38
0823_0032_0054_0024_0024.jpg 1 32 54 24 24
0824_0036_0031_0058_0058.jpg 1 36 31 58 58
0825_0023_0022_0066_0066.jpg 1 23 22 66 66
0826_0021_0042_0039_0039.jpg 1 21 42 39 39
0827_0052_0011_0035_0035.jpg 1 52 11 35 35
0828_0028_0018_0068_0068.jpg 1 28 18 68 68
0829_0049_0027_0044_0044.jpg 1 49 27 44 44
0830_0030_0033_0060_0060.jpg 1 30 33 60 60
0831_0025_0019_0036_0036.jpg 1 25 19 36 36
0832_0016_0061_0027_0027.jpg 1 16 61 27 27
0833_0018_0025_0044_0044.jpg 1 18 25 44 44
0834_0034_0012_0034_0034.jpg 1 34 12 34 34
0835_0037_0013_0045_0045.jpg 1 37 13 45 45
0836_0037_0050_0033_0033.jpg 1 37 50 33 33
0837_0049_0011_0039_0039.jpg 1 49 11 39 39
0838_0016_0019_0051_0051.jpg 1 16 19 51 51
0839_0050_0064_0025_0025.jpg 1 50 64 25 25
0840_0041_0025_0048_0048.jpg 1 41 25 48 48
0841_0027_0026_0068_0068.jpg 1 27 26 68 68
0842_0016_0040_0044_0044.jpg 1 16 40 44 44
0843_0049_0019_0027_0027.jpg 1 49 19 27 27
0844_0020_0022_0061_0061.jpg 1 20 22 61 61
0845_0044_0054_0039_0039.jpg 1 44 54 39 39
0846_0004_0027_0062_0062.jpg 1 4 27 62 62
0847_0006_0030_0047_0047.jpg 1 6 30 47 47
0848_0014_0028_0062_0062.jpg 1 14 28 62 62
0849_0030_0015_0043_0043.jpg 1 30 15 43 43
0850_0039_0010_0035_0035.jpg 1 39 10 35 35
0851_0020_0011_0058_0058.jpg 1 20 11 58 58
0852_0039_0053_0034_0034.jpg 1 39 53 34 34
0853_0039_0022_0056_0056.jpg 1 39 22 56 56
0854_0039_0007_0053_0053.jpg 1 39 7 53 53
0855_0015_0015_0058_0058.jpg 1 15 15 58 58
0856_0018_0032_0033_0033.jpg 1 18 32 33 33
0857_0025_0031_0035_0035.jpg 1 25 31 35 35
0858_0025_0016_0052_0052.jpg 1 25 16 52 52
0859_0025_0034_0045_0045.jpg 1 25 34 45 45
0860_0039_0022_0031_0031.jpg 1 39 22 31 31
0861_0032_0045_0049_0049.jpg 1 32 45 49 49
0862_0039_0009_0028_0028.jpg 1 39 9 28 28
0863_0034_0032_0032_0032.jpg 1 34 32 32 32
0864_0030_0051_0035_0035.jpg 1 30 51 35 35
0865_0022_0032_0057_0057.jpg 1 22 32 57 57
0866_0013_0008_0056_0056.jpg 1 13 8 56 56
0867_0025_0036_0024_0024.jpg 1 25 36 24 24
0868_0022_0035_0046_0046.jpg 1 22 35 46 46
0869_0027_0033_0042_0042.jpg 1 27 33 42 42
0870_0028_0020_0050_0050.jpg 1 28 20 50 50
0871_0029_0063_0025_0025.jpg 1 29 63 25 25
0872_0022_0032_0059_0059.jpg 1 22 32 59 59
0873_0039_0038_0046_0046.jpg 1 39 38 46 46
0874_0015_0037_0042_0042.jpg 1 15 37 42 42
0875_0036_0063_0024_0024.jpg 1 36 63 24 24
0876_0048_0037_0025_0025.jpg 1 48 37 25 25
0877_0037_0030_0029_0029.jpg 1 37 30 29 29
0878_0005_0010_0062_0062.jpg 1 5 10 62 62
0879_0016_0032_0043_0043.jpg 1 16 32 43 43
0880_0018_0029_0054_0054.jpg 1 18 29 54 54
0881_0052_0026_0040_0040.jpg 1 52 26 40 40
0882_0031_0034_0040_0040.jpg 1 31 34 40 40
0883_0030_0049_0042_0042.jpg 1 30 49 42 42
0884_0012_0036_0038_0038.jpg 1 12 36 38 38
0885_0027_0012_0055_0055.jpg 1 27 12 55 55
0886_0057_0052_0024_0024.jpg 1 57 52 24 24
0887_0015_0025_0055_0055.jpg 1 15 25 55 55
0888_0015_0043_0039_0039.jpg 1 15 43 39 39
0889_0007_0008_0065_0065.jpg 1 7 8 65 65
0890_0030_0030_0051_0051.jpg 1 30 30 51 51
0891_0028_0049_0028_0028.jpg 1 28 49 28 28
0892_0043_0014_0050_0050.jpg 1 43 14 50 50
0893_0005_0022_0060_0060.jpg 1 5 22 60 60
0894_0028_0038_0032_0032.jpg 1 28 38 32 32
0895_0016_0051_0036_0036.jpg 1 16 51 36 36
0896_0013_0019_0055_0055.jpg 1 13 19 55 55
0897_0006_0010_0054_0054.jpg 1 6 10 54 54
0898_0038_0033_0052_0052.jpg 1 38 33 52 52
0899_0022_0036_0058_0058.jpg 1 22 36 58 58
0900_0057_0059_0034_0034.jpg 1 57 59 34 34
0901_0030_0029_0051_0051.jpg 1 30 29 51 51
0902_0038_0047_0045_0045.jpg 1 38 47 45 45
0903_0007_0036_0039_0039.jpg 1 7 36 39 39
0904_0036_0030_0045_0045.jpg 1 36 30 45 45
0905_0060_0039_0032_0032.jpg 1 60 39 32 32
0906_0042_0015_0044_0044.jpg 1 42 15 44 44
0907_0018_0003_0067_0067.jpg 1 18 3 67 67
0908_0027_0012_0039_0039.jpg 1 27 12 39 39
0909_0042_0008_0051_0051.jpg 1 42 8 51 51
0910_0011_0025_0031_0031.jpg 1 11 25 31 31
0911_0013_0010_0047_0047.jpg 1 13 10 47 47
0912_0027_0029_0051_0051.jpg 1 27 29 51 51
0913_0018_0004_0056_0056.jpg 1 18 4 56 56
0914_0019_0037_0050_0050.jpg 1 19 37 50 50
0915_0032_0017_0045_0045.jpg 1 32 17 45 45
0916_0011_0008_0043_0043.jpg 1 11 8 43 43
0917_0017_0029_0063_0063.jpg 1 17 29 63 63
0918_0018_0041_0030_0030.jpg 1 18 41 30 30
0919_0014_0042_0044_0044.jpg 1 14 42 44 44
0920_0047_0053_0040_0040.jpg 1 47 53 40 40
0921_0022_0039_0024_0024.jpg 1 22 39 24 24
0922_0039_0021_0045_0045.jpg 1 39 21 45 45
0923_0009_0008_0036_0036.jpg 1 9 8 36 36
0924_0010_0007_0059_0059.jpg 1 10 7 59 59
0925_0027_0017_0031_0031.jpg 1 27 17 31 31
0926_0019_0012_0059_0059.jpg 1 19 12 59 59
0927_0006_0010_0057_0057.jpg 1 6 10 57 57
0928_0019_0015_0054_0054.jpg 1 19 15 54 54
0929_0041_0009_0024_0024.jpg 1 41 9 24 24
0930_0014_0013_0058_0058.jpg 1 14 13 58 58
0931_0029_0032_0054_0054.jpg 1 29 32 54 54
0932_0022_0037_0027_0027.jpg 1 22 37 27 27
0933_0022_0026_0057_0057.jpg 1 22 26 57 57
0934_0003_0006_0067_0067.jpg 1 3 6 67 67
0935_0056_0036_0036_0036.jpg 1 56 36 36 36
0936_0004_0019_0064_0064.jpg 1 4 19 64 64
0937_0010_0033_0052_0052.jpg 1 10 33 52 52
0938_0037_0049_0025_0025.jpg 1 37 49 25 25
0939_0017_0033_0048_0048.jpg 1 17 33 48 48
0940_0023_0021_0042_0042.jpg 1 23 21 42 42
0941_0027_0043_0039_0039.jpg 1 27 43 39 39
0942_0021_0011_0067_0067.jpg 1 21 11 67 67
0943_0011_0005_0058_0058.jpg 1 11 5 58 58
0944_0019_0036_0057_0057.jpg 1 19 36 57 57
0945_0014_0013_0046_0046.jpg 1 14 13 46 46
0946_0013_0009_0059_0059.jpg 1 13 9 59 59
0947_0020_0031_0029_0029.jpg 1 20 31 29 29
0948_0032_0022_0056_0056.jpg 1 32 22 56 56
0949_0052_0023_0028_0028.jpg 1 52 23 28 28
0950_0018_0042_0043_0043.jpg 1 18 42 43 43
0951_0007_0019_0064_0064.jpg 1 7 19 64 64
0952_0008_0055_0029_0029.jpg 1 8 55 29 29
0953_0025_0030_0045_0045.jpg 1 25 30 45 45
0954_0014_0012_0029_0029.jpg 1 14 12 29 29
0955_0029_0036_0041_0041.jpg 1 29 36 41 41
0956_0015_0024_0024_0024.jpg 1 15 24 24 24
0957_0011_0014_0052_0052.jpg 1 11 14 52 52
0958_0054_0010_0026_0026.jpg 1 54 10 26 26
0959_0037_0021_0030_0030.jpg 1 37 21 30 30
0960_0045_0056_0029_0029.jpg 1 45 56 29 29
0961_0016_0014_0067_0067.jpg 1 16 14 67 67
0962_0037_0040_0054_0054.jpg 1 37 40 54 54
0963_0049_0019_0038_0038.jpg 1 49 19 38 38
0964_0040_0018_0036_0036.jpg 1 40 18 36 36
0965_0028_0014_0061_0061.jpg 1 28 14 61 61
0966_0050_0050_0043_0043.jpg 1 50 50 43 43
0967_0048_0046_0029_0029.jpg 1 48 46 29 29
0968_0015_0030_0065_0065.jpg 1 15 30 65 65
0969_0036_0024_0052_0052.jpg 1 36 24 52 52
0970_0026_0027_0051_0051.jpg 1 26 27 51 51
0971_0048_0041_0044_0044.jpg 1 48 41 44 44
0972_0034_0012_0058_0058.jpg 1 34 12 58 58
0973_0032_0039_0025_0025.jpg 1 32 39 25 25
0974_0007_0030_0059_0059.jpg 1 7 30 59 59
0975_0009_0035_0052_0052.jpg 1 9 35 52 52
0976_0020_0026_0064_0064.jpg 1 20 26 64 64
0977_0052_0027_0025_0025.jpg 1 52 27 25 25
0978_0037_0008_0051_0051.jpg 1 37 8 51 51
0979_0017_0030_0054_0054.jpg 1 17 30 54 54
0980_0038_0039_0052_0052.jpg 1 38 39 52 52
0981_0028_0051_0036_0036.jpg 1 28 51 36 36
0982_0025_0052_0035_0035.jpg 1 25 52 35 35
0983_0041_0009_0048_0048.jpg 1 41 9 48 48
0984_0024_0023_0048_0048.jpg 1 24 23 48 48
0985_0038_0012_0031_0031.jpg 1 38 12 31 31
0986_0011_0016_0067_0067.jpg 1 11 16 67 67
0987_0020_0016_0030_0030.jpg 1 20 16 30 30
0988_0011_0012_0067_0067.jpg 1 11 12 67 67
0989_0020_0013_0042_0042.jpg 1 20 13 42 42
0990_0023_0009_0047_0047.jpg 1 23 9 47 47
0991_0013_0009_0053_0053.jpg 1 13 9 53 53
0992_0013_0014_0024_0024.jpg 1 13 14 24 24
0993_0016_0022_0038_0038.jpg 1 16 22 38 38
0994_0049_0042_0039_0039.jpg 1 49 42 39 39
0995_0042_0019_0030_0030.jpg 1 42 19 30 30
0996_0030_0031_0025_0025.jpg 1 30 31 25 25
0997_0024_0031_0052_0052.jpg 1 24 31 52 52
0998_0037_0017_0035_0035.jpg 1 37 17 35 35
0999_0014_0044_0042_0042.jpg 1 14 44 42 42
1000_0021_0004_0067_0067.jpg 1 21 4 67 67
1001_0040_0021_0043_0043.jpg 1 40 21 43 43
1002_0012_0017_0058_0058.jpg 1 12 17 58 58
1003_0033_0018_0054_0054.jpg 1 33 18 54 54
1004_0044_0040_0042_0042.jpg 1 44 40 42 42
1005_0042_0024_0044_0044.jpg 1 42 24 44 44
1006_0009_0022_0055_0055.jpg 1 9 22 55 55
1007_0005_0024_0061_0061.jpg 1 5 24 61 61
1008_0024_0051_0038_0038.jpg 1 24 51 38 38
1009_0029_0019_0052_0052.jpg 1 29 19 52 52
1010_0013_0031_0028_0028.jpg 1 13 31 28 28
1011_0046_0031_0048_0048.jpg 1 46 31 48 48
1012_0024_0026_0069_0069.jpg 1 24 26 69 69
1013_0011_0012_0065_0065.jpg 1 11 12 65 65
1014_0046_0013_0027_0027.jpg 1 46 13 27 27
1015_0051_0018_0024_0024.jpg 1 51 18 24 24
1016_0022_0044_0049_0049.jpg 1 22 44 49 49
1017_0010_0009_0041_0041.jpg 1 10 9 41 41
1018_0016_0028_0055_0055.jpg 1 16 28 55 55
1019_0016_0014_0067_0067.jpg 1 16 14 67 67
1020_0031_0020_0060_0060.jpg 1 31 20 60 60
1021_0018_0018_0028_0028.jpg 1 18 18 28 28
1022_0022_0014_0059_0059.jpg 1 22 14 59 59
1023_0031_0011_0049_0049.jpg 1 31 11 49 49
1024_0003_0022_0068_0068.jpg 1 3 22 68 68
1025_0029_0038_0055_0055.jpg 1 29 38 55 55
1026_0011_0031_0065_0065.jpg 1 11 31 65 65
1027_0016_0021_0036_0036.jpg 1 16 21 36 36
1028_0030_0047_0042_0042.jpg 1 30 47 42 42
1029_0022_0038_0054_0054.jpg 1 22 38 54 54
1030_0035_0029_0048_0048.jpg 1 35 29 48 48
1031_0050_0022_0039_0039.jpg 1 50 22 39 39
1032_0020_0009_0056_0056.jpg 1 20 9 56 56
1033_0026_0013_0052_0052.jpg 1 26 13 52 52
1034_0009_0048_0033_0033.jpg 1 9 48 33 33
1035_0051_0022_0028_0028.jpg 1 51 22 28 28
1036_0021_0034_0034_0034.jpg 1 21 34 34 34
1037_0020_0030_0042_0042.jpg 1 20 30 42 42
1038_0033_0045_0036_0036.jpg 1 33 45 36 36
1039_0005_0034_0057_0057.jpg 1 5 34 57 57
1040_0039_0031_0038_0038.jpg 1 39 31 38 38
1041_0052_0030_0030_0030.jpg 1 52 30 30 30
1042_0047_0026_0044_0044.jpg 1 47 26 44 44
1043_0009_0049_0040_0040.jpg 1 9 49 40 40
1044_0011_0052_0025_0025.jpg 1 11 52 25 25
1045_0032_0032_0050_0050.jpg 1 32 32 50 50
1046_0012_0004_0069_0069.jpg 1 12 4 69 69
1047_0031_0051_0034_0034.jpg 1 31 51 34 34
1048_0009_0063_0025_0025.jpg 1 9 63 25 25
1049_0016_0014_0066_0066.jpg 1 16 14 66 66
1050_0010_0042_0042_0042.jpg 1 10 42 42 42
1051_0021_0052_0033_0033.jpg 1 21 52 33 33
1052_0007_0007_0055_0055.jpg 1 7 7 55 55
1053_0033_0030_0063_0063.jpg 1 33 30 63 63
1054_0013_0005_0065_0065.jpg 1 13 5 65 65
1055_0018_0032_0037_0037.jpg 1 18 32 37 37
1056_0012_0026_0056_0056.jpg 1 12 26 56 56
1057_0030_0053_0032_0032.jpg 1 30 53 32 32
1058_0005_0029_0055_0055.jpg 1 5 29 55 55
1059_0011_0020_0066_0066.jpg 1 11 20 66 66
1060_0030_0037_0052_0052.jpg 1 30 37 52 52
1061_0026_0014_0033_0033.jpg 1 26 14 33 33
1062_0019_0023_0064_0064.jpg 1 19 23 64 64
1063_0032_0041_0043_0043.jpg 1 32 41 43 43
1064_0043_0012_0037_0037.jpg 1 43 12 37 37
1065_0010_0028_0054_0054.jpg 1 10 28 54 54
1066_0008_0029_0047_0047.jpg 1 8 29 47 47
1067_0024_0038_0055_0055.jpg 1 24 38 55 55
1068_0025_0006_0039_0039.jpg 1 25 6 39 39
1069_0009_0016_0067_0067.jpg 1 9 16 67 67
1070_0011_0005_0064_0064.jpg 1 11 5 64 64
1071_0011_0043_0049_0049.jpg 1 11 43 49 49
1072_0032_0028_0060_0060.jpg 1 32 28 60 60
1073_0044_0051_0036_0036.jpg 1 44 51 36 36
1074_0008_0057_0031_0031.jpg 1 8 57 31 31
1075_0034_0018_0060_0060.jpg 1 34 18 60 60
1076_0013_0009_0045_0045.jpg 1 13 9 45 45
1077_0013_0020_0064_0064.jpg 1 13 20 64 64
1078_0036_0034_0052_0052.jpg 1 36 34 52 52
1079_0020_0016_0068_0068.jpg 1 20 16 68 68
1080_0014_0035_0044_0044.jpg 1 14 35 44 44
1081_0012_0008_0036_0036.jpg 1 12 8 36 36
1082_0017_0035_0053_0053.jpg 1 17 35 53 53
1083_0017_0018_0027_0027.jpg 1 17 18 27 27
1084_0023_0005_0069_0069.jpg 1 23 5 69 69
1085_0024_0011_0068_0068.jpg 1 24 11 68 68
1086_0026_0021_0039_0039.jpg 1 26 21 39 39
1087_0016_0050_0039_0039.jpg 1 16 50 39 39
1088_0020_0016_0058_0058.jpg 1 20 16 58 58
1089_0045_0038_0035_0035.jpg 1 45 38 35 35
1090_0024_0012_0054_0054.jpg 1 24 12 54 54
1091_0030_0064_0027_0027.jpg 1 30 64 27 27
1092_0033_0027_0053_0053.jpg 1 33 27 53 53
1093_0007_0031_0043_0043.jpg 1 7 31 43 43
1094_0029_0017_0066_0066.jpg 1 29 17 66 66
1095_0023_0026_0064_0064.jpg 1 23 26 64 64
1096_0033_0011_0053_0053.jpg 1 33 11 53 53
1097_0039_0011_0049_0049.jpg 1 39 11 49 49
1098_0027_0023_0052_0052.jpg 1 27 23 52 52
1099_0031_0048_0034_0034.jpg 1 31 48 34 34
1100_0030_0055_0026_0026.jpg 1 30 55 26 26
1101_0016_0019_0065_0065.jpg 1 16 19 65 65
1102_0044_0036_0035_0035.jpg 1 44 36 35 35
1103_0007_0035_0054_0054.jpg 1 7 35 54 54
1104_0058_0035_0035_0035.jpg 1 58 35 35 35
1105_0025_0021_0057_0057.jpg 1 25 21 57 57
1106_0031_0017_0030_0030.jpg 1 31 17 30 30
1107_0019_0023_0041_0041.jpg 1 19 23 41 41
1108_0008_0015_0033_0033.jpg 1 8 15 33 33
1109_0009_0026_0049_0049.jpg 1 9 26 49 49
1110_0028_0014_0050_0050.jpg 1 28 14 50 50
1111_0036_0018_0054_0054.jpg 1 36 18 54 54
1112_0049_0033_0034_0034.jpg 1 49 33 34 34
1113_0025_0050_0024_0024.jpg 1 25 50 24 24
1114_0024_0052_0025_0025.jpg 1 24 52 25 25
1115_0035_0024_0058_0058.jpg 1 35 24 58 58
1116_0023_0052_0038_0038.jpg 1 23 52 38 38
1117_0013_0032_0060_0060.jpg 1 13 32 60 60
1118_0026_0029_0061_0061.jpg 1 26 29 61 61
1119_0022_0023_0032_0032.jpg 1 22 23 32 32
1120_0044_0045_0048_0048.jpg 1 44 45 48 48
1121_0021_0016_0034_0034.jpg 1 21 16 34 34
1122_0023_0017_0059_0059.jpg 1 23 17 59 59
1123_0032_0030_0051_0051.jpg 1 32 30 51 51
1124_0023_0027_0030_0030.jpg 1 23 27 30 30
1125_0027_0032_0038_0038.jpg 1 27 32 38 38
1126_0016_0052_0025_0025.jpg 1 16 52 25 25
1127_0025_0027_0068_0068.jpg 1 25 27 68 68
1128_0043_0045_0037_0037.jpg 1 43 45 37 37
1129_0019_0012_0036_0036.jpg 1 19 12 36 36
1130_0034_0029_0056_0056.jpg 1 34 29 56 56
1131_0023_0005_0054_0054.jpg 1 23 5 54 54
1132_0041_0060_0027_0027.jpg 1 41 60 27 27
1133_0023_0051_0031_0031.jpg 1 23 51 31 31
1134_0031_0047_0031_0031.jpg 1 31 47 31 31
1135_0032_0034_0041_0041.jpg 1 32 34 41 41
1136_0053_0017_0024_0024.jpg 1 53 17 24 24
1137_0023_0024_0024_0024.jpg 1 23 24 24 24
1138_0011_0007_0056_0056.jpg 1 11 7 56 56
1139_0026_0012_0059_0059.jpg 1 26 12 59 59
1140_0034_0016_0050_0050.jpg 1 34 16 50 50
1141_0011_0033_0051_0051.jpg 1 11 33 51 51
1142_0020_0039_0052_0052.jpg 1 20 39 52 52
1143_0018_0012_0044_0044.jpg 1 18 12 44 44
1144_0030_0055_0029_0029.jpg 1 30 55 29 29
1145_0017_0012_0024_0024.jpg 1 17 12 24 24
1146_0039_0043_0031_0031.jpg 1 39 43 31 31
1147_0039_0010_0025_0025.jpg 1 39 10 25 25
1148_0006_0021_0043_0043.jpg 1 6 21 43 43
1149_0005_0011_0056_0056.jpg 1 5 11 56 56
1150_0010_0052_0041_0041.jpg 1 10 52 41 41
1151_0016_0013_0041_0041.jpg 1 16 13 41 41
1152_0016_0016_0065_0065.jpg 1 16 16 65 65
1153_0043_0058_0035_0035.jpg 1 43 58 35 35
1154_0014_0020_0056_0056.jpg 1 14 20 56 56
1155_0032_0032_0033_0033.jpg 1 32 32 33 33
1156_0035_0016_0060_0060.jpg 1 35 16 60 60
1157_0037_0030_0053_0053.jpg 1 37 30 53 53
1158_0025_0026_0064_0064.jpg 1 25 26 64 64
1159_0029_0040_0024_0024.jpg 1 29 40 24 24
1160_0047_0049_0043_0043.jpg 1 47 49 43 43
1161_0010_0063_0027_0027.jpg 1 10 63 27 27
1162_0051_0054_0038_0038.jpg 1 51 54 38 38
1163_0056_0042_0030_0030.jpg 1 56 42 30 30
1164_0015_0035_0026_0026.jpg 1 15 35 26 26
1165_0018_0015_0067_0067.jpg 1 18 15 67 67
1166_0032_0050_0037_0037.jpg 1 32 50 37 37
1167_0013_0033_0059_0059.jpg 1 13 33 59 59
1168_0024_0027_0068_0068.jpg 1 24 27 68 68
1169_0011_0030_0057_0057.jpg 1 11 30 57 57
1170_0043_0008_0044_0044.jpg 1 43 8 44 44
1171_0033_0041_0036_0036.jpg 1 33 41 36 36
1172_0024_0033_0052_0052.jpg 1 24 33 52 52
1173_0047_0023_0046_0046.jpg 1 47 23 46 46
1174_0017_0033_0059_0059.jpg 1 17 33 59 59
1175_0051_0049_0035_0035.jpg 1 51 49 35 35
1176_0038_0027_0046_0046.jpg 1 38 27 46 46
1177_0027_0018_0053_0053.jpg 1 27 18 53 53
1178_0015_0042_0038_0038.jpg 1 15 42 38 38
1179_0011_0027_0051_0051.jpg 1 11 27 51 51
1180_0035_0005_0052_0052.jpg 1 35 5 52 52
1181_0066_0015_0024_0024.jpg 1 66 15 24 24
1182_0019_0011_0062_0062.jpg 1 19 11 62 62
1183_0030_0030_0053_0053.jpg 1 30 30 53 53
1184_0043_0023_0047_0047.jpg 1 43 23 47 47
1185_0019_0012_0055_0055.jpg 1 19 12 55 55
1186_0019_0027_0065_0065.jpg 1 19 27 65 65
1187_0047_0043_0041_0041.jpg 1 47 43 41 41
1188_0026_0029_0051_0051.jpg 1 26 29 51 51
1189_0039_0048_0026_0026.jpg 1 39 48 26 26
1190_0012_0065_0026_0026.jpg 1 12 65 26 26
1191_0030_0022_0030_0030.jpg 1 30 22 30 30
1192_0065_0009_0024_0024.jpg 1 65 9 24 24
1193_0059_0026_0028_0028.jpg 1 59 26 28 28
1194_0017_0034_0043_0043.jpg 1 17 34 43 43
1195_0039_0039_0026_0026.jpg 1 39 39 26 26
1196_0011_0057_0033_0033.jpg 1 11 57 33 33
1197_0026_0026_0059_0059.jpg 1 26 26 59 59
1198_0032_0016_0058_0058.jpg 1 32 16 58 58
1199_0044_0023_0044_0044.jpg 1 44 23 44 44
1200_0016_0007_0045_0045.jpg 1 16 7 45 45
1201_0006_0015_0037_0037.jpg 1 6 15 37 37
1202_0021_0026_0061_0061.jpg 1 21 26 61 61
1203_0038_0036_0040_0040.jpg 1 38 36 40 40
1204_0045_0036_0037_0037.jpg 1 45 36 37 37
1205_0020_0043_0033_0033.jpg 1 20 43 33 33
1206_0009_0019_0067_0067.jpg 1 9 19 67 67
1207_0036_0027_0039_0039.jpg 1 36 27 39 39
1208_0023_0009_0068_0068.jpg 1 23 9 68 68
1209_0007_0029_0063_0063.jpg 1 7 29 63 63
1210_0052_0046_0026_0026.jpg 1 52 46 26 26
1211_0019_0017_0049_0049.jpg 1 19 17 49 49
1212_0027_0026_0068_0068.jpg 1 27 26 68 68
1213_0014_0017_0057_0057.jpg 1 14 17 57 57
1214_0024_0038_0048_0048.jpg 1 24 38 48 48
1215_0048_0041_0041_0041.jpg 1 48 41 41 41
1216_0011_0036_0057_0057.jpg 1 11 36 57 57
1217_0053_0049_0028_0028.jpg 1 53 49 28 28
1218_0019_0017_0044_0044.jpg 1 19 17 44 44
1219_0024_0020_0061_0061.jpg 1 24 20 61 61
1220_0034_0054_0025_0025.jpg 1 34 54 25 25
1221_0055_0012_0030_0030.jpg 1 55 12 30 30
1222_0017_0014_0052_0052.jpg 1 17 14 52 52
1223_0003_0017_0069_0069.jpg 1 3 17 69 69
1224_0011_0016_0064_0064.jpg 1 11 16 64 64
1225_0027_0030_0059_0059.jpg 1 27 30 59 59
1226_0023_0011_0069_0069.jpg 1 23 11 69 69
1227_0032_0045_0035_0035.jpg 1 32 45 35 35
1228_0003_0029_0062_0062.jpg 1 3 29 62 62
1229_0026_0006_0041_0041.jpg 1 26 6 41 41
1230_0018_0025_0059_0059.jpg 1 18 25 59 59
1231_0007_0028_0047_0047.jpg 1 7 28 47 47
1232_0034_0005_0054_0054.jpg 1 34 5 54 54
1233_0031_0010_0050_0050.jpg 1 31 10 50 50
1234_0023_0022_0055_0055.jpg 1 23 22 55 55
1235_0007_0021_0038_0038.jpg 1 7 21 38 38
1236_0023_0039_0054_0054.jpg 1 23 39 54 54
1237_0023_0010_0067_0067.jpg 1 23 10 67 67
1238_0019_0011_0062_0062.jpg 1 19 11 62 62
1239_0040_0035_0054_0054.jpg 1 40 35 54 54
1240_0061_0060_0032_0032.jpg 1 61 60 32 32
1241_0035_0017_0058_0058.jpg 1 35 17 58 58
1242_0010_0038_0040_0040.jpg 1 10 38 40 40
1243_0016_0035_0031_0031.jpg 1 16 35 31 31
1244_0024_0022_0061_0061.jpg 1 24 22 61 61
1245_0029_0019_0046_0046.jpg 1 29 19 46 46
1246_0004_0024_0067_0067.jpg 1 4 24 67 67
1247_0007_0009_0046_0046.jpg 1 7 9 46 46
1248_0017_0039_0028_0028.jpg 1 17 39 28 28
1249_0023_0024_0069_0069.jpg 1 23 24 69 69
1250_0007_0020_0053_0053.jpg 1 7 20 53 53
1251_0056_0051_0034_0034.jpg 1 56 51 34 34
1252_0020_0026_0059_0059.jpg 1 20 26 59 59
1253_0037_0029_0033_0033.jpg 1 37 29 33 33
1254_0044_0014_0043_0043.jpg 1 44 14 43 43
1255_0008_0007_0052_0052.jpg 1 8 7 52 52
1256_0040_0018_0038_0038.jpg 1 40 18 38 38
1257_0045_0048_0031_0031.jpg 1 45 48 31 31
1258_0032_0009_0042_0042.jpg 1 32 9 42 42
1259_0042_0045_0034_0034.jpg 1 42 45 34 34
1260_0059_0032_0027_0027.jpg 1 59 32 27 27
1261_0007_0034_0057_0057.jpg 1 7 34 57 57
1262_0042_0018_0052_0052.jpg 1 42 18 52 52
1263_0033_0025_0063_0063.jpg 1 33 25 63 63
1264_0019_0019_0038_0038.jpg 1 19 19 38 38
1265_0009_0009_0059_0059.jpg 1 9 9 59 59
1266_0015_0023_0066_0066.jpg 1 15 23 66 66
1267_0017_0010_0064_0064.jpg 1 17 10 64 64
1268_0029_0006_0043_0043.jpg 1 29 6 43 43
1269_0011_0006_0046_0046.jpg 1 11 6 46 46
1270_0018_0027_0067_0067.jpg 1 18 27 67 67
1271_0004_0010_0061_0061.jpg 1 4 10 61 61
1272_0029_0060_0024_0024.jpg 1 29 60 24 24
1273_0054_0046_0027_0027.jpg 1 54 46 27 27
1274_0035_0049_0037_0037.jpg 1 35 49 37 37
1275_0033_0021_0045_0045.jpg 1 33 21 45 45
1276_0037_0039_0053_0053.jpg 1 37 39 53 53
1277_0056_0018_0028_0028.jpg 1 56 18 28 28
1278_0020_0015_0040_0040.jpg 1 20 15 40 40
1279_0049_0050_0039_0039.jpg 1 49 50 39 39
1280_0029_0020_0058_0058.jpg 1 29 20 58 58
1281_0023_0010_0050_0050.jpg 1 23 10 50 50
1282_0011_0006_0061_0061.jpg 1 11 6 61 61
1283_0038_0023_0053_0053.jpg 1 38 23 53 53
1284_0020_0012_0062_0062.jpg 1 20 12 62 62
1285_0038_0035_0042_0042.jpg 1 38 35 42 42
1286_0019_0058_0033_0033.jpg 1 19 58 33 33
1287_0026_0056_0034_0034.jpg 1 26 56 34 34
1288_0046_0013_0042_0042.jpg 1 46 13 42 42
1289_0017_0016_0069_0069.jpg 1 17 16 69 69
1290_0032_0022_0037_0037.jpg 1 32 22 37 37
1291_0013_0029_0048_0048.jpg 1 13 29 48 48
1292_0015_0020_0048_0048.jpg 1 15 20 48 48
1293_0007_0006_0061_0061.jpg 1 7 6 61 61
1294_0023_0011_0068_0068.jpg 1 23 11 68 68
1295_0019_0003_0066_0066.jpg 1 19 3 66 66
1296_0033_0028_0053_0053.jpg 1 33 28 53 53
1297_0044_0017_0047_0047.jpg 1 44 17 47 47
1298_0006_0039_0053_0053.jpg 1 6 39 53 53
1299_0019_0052_0038_0038.jpg 1 19 52 38 38
1300_0034_0037_0055_0055.jpg 1 34 37 55 55
1301_0043_0038_0048_0048.jpg 1 43 38 48 48
1302_0026_0008_0069_0069.jpg 1 26 8 69 69
1303_0027_0061_0031_0031.jpg 1 27 61 31 31
1304_0039_0025_0035_0035.jpg 1 39 25 35 35
1305_0022_0026_0063_0063.jpg 1 22 26 63 63
1306_0033_0024_0046_0046.jpg 1 33 24 46 46
1307_0012_0049_0027_0027.jpg 1 12 49 27 27
1308_0009_0014_0059_0059.jpg 1 9 14 59 59
1309_0008_0011_0068_0068.jpg 1 8 11 68 68
1310_0028_0012_0068_0068.jpg 1 28 12 68 68
1311_0010_0014_0030_0030.jpg 1 10 14 30 30
1312_0026_0019_0053_0053.jpg 1 26 19 53 53
1313_0018_0014_0059_0059.jpg 1 18 14 59 59
1314_0043_0041_0043_0043.jpg 1 43 41 43 43
1315_0018_0025_0050_0050.jpg 1 18 25 50 50
1316_0016_0015_0063_0063.jpg 1 16 15 63 63
1317_0026_0025_0025_0025.jpg 1 26 25 25 25
1318_0034_0039_0037_0037.jpg 1 34 39 37 37
1319_0007_0026_0057_0057.jpg 1 7 26 57 57
1320_0062_0051_0026_0026.jpg 1 62 51 26 26
1321_0043_0006_0036_0036.jpg 1 43 6 36 36
1322_0024_0045_0042_0042.jpg 1 24 45 42 42
1323_0006_0005_0063_0063.jpg 1 6 5 63 63
1324_0035_0060_0032_0032.jpg 1 35 60 32 32
1325_0013_0024_0069_0069.jpg 1 13 24 69 69
1326_0040_0062_0027_0027.jpg 1 40 62 27 27
1327_0036_0045_0047_0047.jpg 1 36 45 47 47
1328_0016_0012_0056_0056.jpg 1 16 12 56 56
1329_0008_0033_0046_0046.jpg 1 8 33 46 46
1330_0011_0044_0043_0043.jpg 1 11 44 43 43
1331_0023_0007_0058_0058.jpg 1 23 7 58 58
1332_0008_0032_0048_0048.jpg 1 8 32 48 48
1333_0032_0042_0035_0035.jpg 1 32 42 35 35
1334_0020_0031_0048_0048.jpg 1 20 31 48 48
1335_0025_0030_0054_0054.jpg 1 25 30 54 54
1336_0045_0046_0026_0026.jpg 1 45 46 26 26
1337_0022_0032_0062_0062.jpg 1 22 32 62 62
1338_0012_0010_0026_0026.jpg 1 12 10 26 26
1339_0052_0026_0030_0030.jpg 1 52 26 30 30
1340_0017_0011_0046_0046.jpg 1 17 11 46 46
1341_0015_0011_0066_0066.jpg 1 15 11 66 66
1342_0012_0037_0037_0037.jpg 1 12 37 37 37
1343_0022_0007_0045_0045.jpg 1 22 7 45 45
1344_0006_0024_0067_0067.jpg 1 6 24 67 67
1345_0005_0021_0062_0062.jpg 1 5 21 62 62
1346_0008_0024_0037_0037.jpg 1 8 24 37 37
1347_0039_0009_0053_0053.jpg 1 39 9 53 53
1348_0054_0032_0036_0036.jpg 1 54 32 36 36
1349_0007_0030_0057_0057.jpg 1 7 30 57 57
1350_0011_0052_0024_0024.jpg 1 11 52 24 24
1351_0018_0008_0060_0060.jpg 1 18 8 60 60
1352_0060_0039_0026_0026.jpg 1 60 39 26 26
1353_0012_0009_0058_0058.jpg 1 12 9 58 58
1354_0032_0037_0037_0037.jpg 1 32 37 37 37
1355_0015_0036_0035_0035.jpg 1 15 36 35 35
1356_0006_0021_0065_0065.jpg 1 6 21 65 65
1357_0008_0008_0054_0054.jpg 1 8 8 54 54
1358_0014_0029_0048_0048.jpg 1 14 29 48 48
1359_0063_0022_0028_0028.jpg 1 63 22 28 28
1360_0014_0007_0055_0055.jpg 1 14 7 55 55
1361_0018_0027_0044_0044.jpg 1 18 27 44 44
1362_0064_0065_0026_0026.jpg 1 64 65 26 26
1363_0008_0009_0057_0057.jpg 1 8 9 57 57
1364_0060_0050_0031_0031.jpg 1 60 50 31 31
1365_0029_0014_0064_0064.jpg 1 29 14 64 64
1366_0007_0015_0062_0062.jpg 1 7 15 62 62
1367_0027_0015_0056_0056.jpg 1 27 15 56 56
1368_0055_0028_0037_0037.jpg 1 55 28 37 37
1369_0036_0041_0052_0052.jpg 1 36 41 52 52
1370_0008_0015_0069_0069.jpg 1 8 15 69 69
1371_0022_0038_0056_0056.jpg 1 22 38 56 56
1372_0026_0030_0044_0044.jpg 1 26 30 44 44
1373_0054_0051_0030_0030.jpg 1 54 51 30 30
1374_0007_0029_0045_0045.jpg 1 7 29 45 45
1375_0039_0015_0033_0033.jpg 1 39 15 33 33
1376_0047_0043_0036_0036.jpg 1 47 43 36 36
1377_0011_0008_0065_0065.jpg 1 11 8 65 65
1378_0038_0022_0034_0034.jpg 1 38 22 34 34
1379_0023_0042_0038_0038.jpg 1 23 42 38 38
1380_0012_0022_0043_0043.jpg 1 12 22 43 43
1381_0027_0012_0039_0039.jpg 1 27 12 39 39
1382_0023_0005_0053_0053.jpg 1 23 5 53 53
1383_0007_0031_0055_0055.jpg 1 7 31 55 55
1384_0004_0004_0065_0065.jpg 1 4 4 65 65
1385_0007_0035_0052_0052.jpg 1 7 35 52 52
1386_0032_0048_0033_0033.jpg 1 32 48 33 33
1387_0035_0011_0040_0040.jpg 1 35 11 40 40
1388_0020_0020_0066_0066.jpg 1 20 20 66 66
1389_0016_0015_0067_0067.jpg 1 16 15 67 67
1390_0006_0024_0056_0056.jpg 1 6 24 56 56
1391_0018_0026_0061_0061.jpg 1 18 26 61 61
1392_0033_0009_0039_0039.jpg 1 33 9 39 39
1393_0043_0055_0027_0027.jpg 1 43 55 27 27
1394_0026_0046_0029_0029.jpg 1 26 46 29 29
1395_0016_0010_0048_0048.jpg 1 16 10 48 48
1396_0011_0030_0042_0042.jpg 1 11 30 42 42
1397_0021_0006_0039_0039.jpg 1 21 6 39 39
1398_0037_0031_0047_0047.jpg 1 37 31 47 47
1399_0007_0043_0036_0036.jpg 1 7 43 36 36
1400_0006_0037_0055_0055.jpg 1 6 37 55 55
1401_0035_0035_0054_0054.jpg 1 35 35 54 54
1402_0029_0012_0054_0054.jpg 1 29 12 54 54
1403_0024_0042_0032_0032.jpg 1 24 42 32 32
1404_0020_0004_0066_0066.jpg 1 20 4 66 66
1405_0014_0008_0060_0060.jpg 1 14 8 60 60
1406_0023_0029_0053_0053.jpg 1 23 29 53 53
1407_0011_0032_0031_0031.jpg 1 11 32 31 31
1408_0041_0016_0036_0036.jpg 1 41 16 36 36
1409_0037_0043_0031_0031.jpg 1 37 43 31 31
1410_0021_0028_0068_0068.jpg 1 21 28 68 68
1411_0025_0054_0028_0028.jpg 1 25 54 28 28
1412_0025_0021_0052_0052.jpg 1 25 21 52 52
1413_0050_0055_0034_0034.jpg 1 50 55 34 34
1414_0038_0010_0034_0034.jpg 1 38 10 34 34
1415_0021_0020_0037_0037.jpg 1 21 20 37 37
1416_0031_0008_0055_0055.jpg 1 31 8 55 55
1417_0022_0016_0064_0064.jpg 1 22 16 64 64
1418_0015_0029_0045_0045.jpg 1 15 29 45 45
1419_0058_0033_0029_0029.jpg 1 58 33 29 29
1420_0015_0047_0042_0042.jpg 1 15 47 42 42
1421_0030_0017_0054_0054.jpg 1 30 17 54 54
1422_0042_0024_0029_0029.jpg 1 42 24 29 29
1423_0010_0024_0028_0028.jpg 1 10 24 28 28
1424_0007_0041_0037_0037.jpg 1 7 41 37 37
1425_0013_0036_0024_0024.jpg 1 13 36 24 24
1426_0020_0015_0063_0063.jpg 1 20 15 63 63
1427_0025_0026_0061_0061.jpg 1 25 26 61 61
1428_0027_0004_0063_0063.jpg 1 27 4 63 63
1429_0049_0020_0038_0038.jpg 1 49 20 38 38
1430_0021_0004_0067_0067.jpg 1 21 4 67 67
1431_0008_0035_0040_0040.jpg 1 8 35 40 40
1432_0022_0007_0052_0052.jpg 1 22 7 52 52
1433_0005_0018_0059_0059.jpg 1 5 18 59 59
1434_0015_0020_0058_0058.jpg 1 15 20 58 58
1435_0036_0014_0036_0036.jpg 1 36 14 36 36
1436_0008_0019_0061_0061.jpg 1 8 19 61 61
1437_0021_0029_0055_0055.jpg 1 21 29 55 55
1438_0019_0021_0066_0066.jpg 1 19 21 66 66
1439_0038_0029_0049_0049.jpg 1 38 29 49 49
1440_0038_0012_0033_0033.jpg 1 38 12 33 33
1441_0009_0021_0069_0069.jpg 1 9 21 69 69
1442_0011_0018_0054_0054.jpg 1 11 18 54 54
1443_0023_0016_0035_0035.jpg 1 23 16 35 35
1444_0024_0027_0060_0060.jpg 1 24 27 60 60
1445_0011_0006_0033_0033.jpg 1 11 6 33 33
1446_0028_0025_0052_0052.jpg 1 28 25 52 52
1447_0034_0011_0057_0057.jpg 1 34 11 57 57
1448_0050_0006_0039_0039.jpg 1 50 6 39 39
1449_0008_0054_0033_0033.jpg 1 8 54 33 33
1450_0022_0029_0040_0040.jpg 1 22 29 40 40
1451_0018_0039_0056_0056.jpg 1 18 39 56 56
1452_0020_0011_0061_0061.jpg 1 20 11 61 61
1453_0007_0052_0039_0039.jpg 1 7 52 39 39
1454_0007_0034_0037_0037.jpg 1 7 34 37 37
1455_0047_0030_0024_0024.jpg 1 47 30 24 24
1456_0026_0016_0067_0067.jpg 1 26 16 67 67
1457_0041_0024_0048_0048.jpg 1 41 24 48 48
1458_0039_0043_0030_0030.jpg 1 39 43 30 30
1459_0028_0035_0048_0048.jpg 1 28 35 48 48
1460_0018_0040_0050_0050.jpg 1 18 40 50 50
1461_0019_0014_0065_0065.jpg 1 19 14 65 65
1462_0022_0006_0050_0050.jpg 1 22 6 50 50
1463_0035_0004_0052_0052.jpg 1 35 4 52 52
1464_0035_0029_0046_0046.jpg 1 35 29 46 46
1465_0039_0008_0054_0054.jpg 1 39 8 54 54
1466_0027_0034_0025_0025.jpg 1 27 34 25 25
1467_0010_0020_0066_0066.jpg 1 10 20 66 66
1468_0040_0022_0045_0045.jpg 1 40 22 45 45
1469_0007_0038_0051_0051.jpg 1 7 38 51 51
1470_0022_0018_0068_0068.jpg 1 22 18 68 68
1471_0019_0052_0040_0040.jpg 1 19 52 40 40
1472_0014_0053_0036_0036.jpg 1 14 53 36 36
1473_0015_0056_0037_0037.jpg 1 15 56 37 37
1474_0034_0004_0051_0051.jpg 1 34 4 51 51
1475_0013_0010_0067_0067.jpg 1 13 10 67 67
1476_0022_0025_0028_0028.jpg 1 22 25 28 28
1477_0045_0029_0044_0044.jpg 1 45 29 44 44
1478_0041_0010_0026_0026.jpg 1 41 10 26 26
1479_0025_0027_0065_0065.jpg 1 25 27 65 65
1480_0024_0029_0067_0067.jpg 1 24 29 67 67
1481_0054_0036_0031_0031.jpg 1 54 36 31 31
1482_0024_0049_0030_0030.jpg 1 24 49 30 30
1483_0021_0005_0062_0062.jpg 1 21 5 62 62
1484_0025_0026_0060_0060.jpg 1 25 26 60 60
1485_0014_0029_0066_0066.jpg 1 14 29 66 66
1486_0009_0031_0043_0043.jpg 1 9 31 43 43
1487_0027_0031_0031_0031.jpg 1 27 31 31 31
1488_0013_0027_0032_0032.jpg 1 13 27 32 32
1489_0033_0013_0047_0047.jpg 1 33 13 47 47
1490_0014_0018_0043_0043.jpg 1 14 18 43 43
1491_0024_0031_0036_0036.jpg 1 24 31 36 36
1492_0013_0017_0027_0027.jpg 1 13 17 27 27
1493_0040_0039_0045_0045.jpg 1 40 39 45 45
1494_0011_0032_0059_0059.jpg 1 11 32 59 59
1495_0049_0016_0032_0032.jpg 1 49 16 32 32
1496_0038_0018_0052_0052.jpg 1 38 18 52 52
1497_0010_0009_0060_0060.jpg 1 10 9 60 60
1498_0045_0024_0030_0030.jpg 1 45 24 30 30
1499_0028_0009_0036_0036.jpg 1 28 9 36 36
1500_0026_0021_0069_0069.jpg 1 26 21 69 69
1501_0043_0021_0050_0050.jpg 1 43 21 50 50
1502_0041_0014_0044_0044.jpg 1 41 14 44 44
1503_0011_0017_0058_0058.jpg 1 11 17 58 58
1504_0018_0009_0045_0045.jpg 1 18 9 45 45
1505_0015_0030_0033_0033.jpg 1 15 30 33 33
1506_0044_0013_0040_0040.jpg 1 44 13 40 40
1507_0021_0018_0056_0056.jpg 1 21 18 56 56
1508_0019_0022_0061_0061.jpg 1 19 22 61 61
1509_0007_0035_0049_0049.jpg 1 7 35 49 49
1510_0018_0009_0051_0051.jpg 1 18 9 51 51
1511_0016_0025_0063_0063.jpg 1 16 25 63 63
1512_0015_0014_0061_0061.jpg 1 15 14 61 61
1513_0050_0045_0040_0040.jpg 1 50 45 40 40
1514_0063_0055_0029_0029.jpg 1 63 55 29 29
1515_0062_0051_0030_0030.jpg 1 62 51 30 30
1516_0035_0013_0040_0040.jpg 1 35 13 40 40
1517_0036_0017_0025_0025.jpg 1 36 17 25 25
1518_0007_0051_0027_0027.jpg 1 7 51 27 27
1519_0013_0027_0067_0067.jpg 1 13 27 67 67
1520_0046_0012_0048_0048.jpg 1 46 12 48 48
1521_0016_0028_0066_0066.jpg 1 16 28 66 66
1522_0045_0016_0025_0025.jpg 1 45 16 25 25
1523_0007_0031_0062_0062.jpg 1 7 31 62 62
1524_0029_0022_0053_0053.jpg 1 29 22 53 53
1525_0022_0010_0051_0051.jpg 1 22 10 51 51
1526_0016_0041_0048_0048.jpg 1 16 41 48 48
1527_0004_0018_0065_0065.jpg 1 4 18 65 65
1528_0025_0036_0043_0043.jpg 1 25 36 43 43
1529_0010_0030_0042_0042.jpg 1 10 30 42 42
1530_0018_0008_0047_0047.jpg 1 18 8 47 47
1531_0059_0049_0027_0027.jpg 1 59 49 27 27
1532_0065_0044_0024_0024.jpg 1 65 44 24 24
1533_0047_0036_0028_0028.jpg 1 47 36 28 28
1534_0021_0018_0058_0058.jpg 1 21 18 58 58
1535_0041_0057_0035_0035.jpg 1 41 57 35 35
1536_0017_0061_0028_0028.jpg 1 17 61 28 28
1537_0006_0013_0067_0067.jpg 1 6 13 67 67
1538_0021_0018_0060_0060.jpg 1 21 18 60 60
1539_0008_0013_0032_0032.jpg 1 8 13 32 32
1540_0044_0040_0035_0035.jpg 1 44 40 35 35
1541_0034_0013_0060_0060.jpg 1 34 13 60 60
1542_0048_0033_0037_0037.jpg 1 48 33 37 37
1543_0032_0011_0053_0053.jpg 1 32 11 53 53
1544_0050_0017_0033_0033.jpg 1 50 17 33 33
1545_0064_0035_0024_0024.jpg 1 64 35 24 24
1546_0024_0045_0025_0025.jpg 1 24 45 25 25
1547_0007_0050_0043_0043.jpg 1 7 50 43 43
1548_0023_0028_0062_0062.jpg 1 23 28 62 62
1549_0050_0047_0025_0025.jpg 1 50 47 25 25
1550_0021_0005_0058_0058.jpg 1 21 5 58 58
1551_0010_0026_0068_0068.jpg 1 10 26 68 68
1552_0011_0026_0056_0056.jpg 1 11 26 56 56
1553_0016_0010_0052_0052.jpg 1 16 10 52 52
1554_0029_0007_0064_0064.jpg 1 29 7 64 64
1555_0036_0027_0052_0052.jpg 1 36 27 52 52
1556_0036_0020_0043_0043.jpg 1 36 20 43 43
1557_0021_0017_0061_0061.jpg 1 21 17 61 61
1558_0015_0010_0053_0053.jpg 1 15 10 53 53
1559_0015_0048_0039_0039.jpg 1 15 48 39 39
1560_0035_0022_0057_0057.jpg 1 35 22 57 57
1561_0019_0029_0054_0054.jpg 1 19 29 54 54
1562_0007_0035_0054_0054.jpg 1 7 35 54 54
1563_0010_0026_0042_0042.jpg 1 10 26 42 42
1564_0021_0011_0066_0066.jpg 1 21 11 66 66
1565_0028_0045_0049_0049.jpg 1 28 45 49 49
1566_0041_0024_0042_0042.jpg 1 41 24 42 42
1567_0041_0021_0038_0038.jpg 1 41 21 38 38
1568_0045_0033_0027_0027.jpg 1 45 33 27 27
1569_0041_0033_0036_0036.jpg 1 41 33 36 36
1570_0047_0039_0032_0032.jpg 1 47 39 32 32
1571_0027_0030_0062_0062.jpg 1 27 30 62 62
1572_0036_0050_0037_0037.jpg 1 36 50 37 37
1573_0040_0054_0034_0034.jpg 1 40 54 34 34
1574_0017_0029_0060_0060.jpg 1 17 29 60 60
1575_0045_0023_0038_0038.jpg 1 45 23 38 38
1576_0039_0027_0051_0051.jpg 1 39 27 51 51
1577_0028_0007_0063_0063.jpg 1 28 7 63 63
1578_0009_0016_0065_0065.jpg 1 9 16 65 65
1579_0041_0020_0044_0044.jpg 1 41 20 44 44
1580_0033_0039_0025_0025.jpg 1 33 39 25 25
1581_0016_0033_0031_0031.jpg 1 16 33 31 31
1582_0040_0012_0037_0037.jpg 1 40 12 37 37
1583_0027_0037_0053_0053.jpg 1 27 37 53 53
1584_0027_0024_0055_0055.jpg 1 27 24 55 55
1585_0021_0015_0052_0052.jpg 1 21 15 52 52
1586_0028_0045_0043_0043.jpg 1 28 45 43 43
1587_0041_0010_0037_0037.jpg 1 41 10 37 37
1588_0049_0036_0037_0037.jpg 1 49 36 37 37
1589_0038_0015_0024_0024.jpg 1 38 15 24 24
1590_0019_0015_0030_0030.jpg 1 19 15 30 30
1591_0005_0028_0055_0055.jpg 1 5 28 55 55
1592_0018_0018_0044_0044.jpg 1 18 18 44 44
1593_0009_0018_0032_0032.jpg 1 9 18 32 32
1594_0029_0021_0041_0041.jpg 1 29 21 41 41
1595_0033_0030_0030_0030.jpg 1 33 30 30 30
1596_0047_0033_0026_0026.jpg 1 47 33 26 26
1597_0041_0006_0047_0047.jpg 1 41 6 47 47
1598_0027_0026_0027_0027.jpg 1 27 26 27 27
1599_0038_0030_0040_0040.jpg 1 38 30 40 40
1600_0029_0011_0051_0051.jpg 1 29 11 51 51
1601_0027_0033_0061_0061.jpg 1 27 33 61 61
1602_0025_0063_0028_0028.jpg 1 25 63 28 28
1603_0023_0017_0067_0067.jpg 1 23 17 67 67
1604_0025_0028_0059_0059.jpg 1 25 28 59 59
1605_0040_0026_0054_0054.jpg 1 40 26 54 54
1606_0039_0029_0030_0030.jpg 1 39 29 30 30
1607_0039_0044_0046_0046.jpg 1 39 44 46 46
1608_0033_0017_0037_0037.jpg 1 33 17 37 37
1609_0030_0039_0031_0031.jpg 1 30 39 31 31
1610_0033_0024_0052_0052.jpg 1 33 24 52 52
1611_0027_0003_0066_0066.jpg 1 27 3 66 66
1612_0044_0020_0050_0050.jpg 1 44 20 50 50
1613_0005_0015_0066_0066.jpg 1 5 15 66 66
1614_0011_0017_0062_0062.jpg 1 11 17 62 62
1615_0021_0054_0026_0026.jpg 1 21 54 26 26
1616_0018_0023_0069_0069.jpg 1 18 23 69 69
1617_0036_0027_0034_0034.jpg 1 36 27 34 34
1618_0012_0040_0042_0042.jpg 1 12 40 42 42
1619_0020_0009_0043_0043.jpg 1 20 9 43 43
1620_0005_0014_0053_0053.jpg 1 5 14 53 53
1621_0027_0020_0055_0055.jpg 1 27 20 55 55
1622_0012_0009_0062_0062.jpg 1 12 9 62 62
1623_0013_0022_0031_0031.jpg 1 13 22 31 31
1624_0061_0022_0029_0029.jpg 1 61 22 29 29
1625_0017_0057_0031_0031.jpg 1 17 57 31 31
1626_0057_0019_0036_0036.jpg 1 57 19 36 36
1627_0029_0018_0036_0036.jpg 1 29 18 36 36
1628_0015_0029_0060_0060.jpg 1 15 29 60 60
1629_0018_0040_0054_0054.jpg 1 18 40 54 54
1630_0051_0009_0041_0041.jpg 1 51 9 41 41
1631_0050_0046_0035_0035.jpg 1 50 46 35 35
1632_0028_0029_0054_0054.jpg 1 28 29 54 54
1633_0047_0040_0039_0039.jpg 1 47 40 39 39
1634_0031_0029_0048_0048.jpg 1 31 29 48 48
1635_0018_0045_0048_0048.jpg 1 18 45 48 48
1636_0054_0011_0027_0027.jpg 1 54 11 27 27
1637_0026_0018_0048_0048.jpg 1 26 18 48 48
1638_0019_0022_0037_0037.jpg 1 19 22 37 37
1639_0059_0047_0031_0031.jpg 1 59 47 31 31
1640_0039_0027_0030_0030.jpg 1 39 27 30 30
1641_0036_0007_0046_0046.jpg 1 36 7 46 46
1642_0025_0019_0024_0024.jpg 1 25 19 24 24
1643_0011_0007_0060_0060.jpg 1 11 7 60 60
1644_0012_0027_0061_0061.jpg 1 12 27 61 61
1645_0044_0014_0036_0036.jpg 1 44 14 36 36
1646_0029_0018_0056_0056.jpg 1 29 18 56 56
1647_0033_0034_0052_0052.jpg 1 33 34 52 52
1648_0014_0010_0063_0063.jpg 1 14 10 63 63
1649_0018_0016_0060_0060.jpg 1 18 16 60 60
1650_0011_0036_0041_0041.jpg 1 11 36 41 41
1651_0013_0010_0064_0064.jpg 1 13 10 64 64
1652_0006_0023_0045_0045.jpg 1 6 23 45 45
1653_0029_0017_0067_0067.jpg 1 29 17 67 67
1654_0041_0005_0053_0053.jpg 1 41 5 53 53
1655_0035_0008_0041_0041.jpg 1 35 8 41 41
1656_0040_0024_0042_0042.jpg 1 40 24 42 42
1657_0011_0015_0038_0038.jpg 1 11 15 38 38
1658_0047_0026_0034_0034.jpg 1 47 26 34 34
1659_0028_0020_0051_0051.jpg 1 28 20 51 51
1660_0035_0043_0050_0050.jpg 1 35 43 50 50
1661_0033_0036_0058_0058.jpg 1 33 36 58 58
1662_0037_0049_0044_0044.jpg 1 37 49 44 44
1663_0016_0032_0047_0047.jpg 1 16 32 47 47
1664_0032_0039_0054_0054.jpg 1 32 39 54 54
1665_0016_0027_0062_0062.jpg 1 16 27 62 62
1666_0012_0036_0033_0033.jpg 1 12 36 33 33
1667_0009_0022_0038_0038.jpg 1 9 22 38 38
1668_0043_0034_0044_0044.jpg 1 43 34 44 44
1669_0006_0006_0064_0064.jpg 1 6 6 64 64
1670_0029_0027_0048_0048.jpg 1 29 27 48 48
1671_0020_0023_0069_0069.jpg 1 20 23 69 69
1672_0045_0021_0038_0038.jpg 1 45 21 38 38
1673_0025_0016_0065_0065.jpg 1 25 16 65 65
1674_0021_0044_0039_0039.jpg 1 21 44 39 39
1675_0053_0056_0028_0028.jpg 1 53 56 28 28
1676_0028_0015_0057_0057.jpg 1 28 15 57 57
1677_0018_0017_0066_0066.jpg 1 18 17 66 66
1678_0005_0009_0053_0053.jpg 1 5 9 53 53
1679_0010_0018_0047_0047.jpg 1 10 18 47 47
1680_0031_0035_0059_0059.jpg 1 31 35 59 59
1681_0027_0020_0045_0045.jpg 1 27 20 45 45
1682_0049_0033_0033_0033.jpg 1 49 33 33 33
1683_0037_0018_0047_0047.jpg 1 37 18 47 47
1684_0044_0036_0024_0024.jpg 1 44 36 24 24
1685_0045_0043_0046_0046.jpg 1 45 43 46 46
1686_0042_0023_0049_0049.jpg 1 42 23 49 49
1687_0044_0027_0042_0042.jpg 1 44 27 42 42
1688_0037_0051_0026_0026.jpg 1 37 51 26 26
1689_0033_0023_0052_0052.jpg 1 33 23 52 52
1690_0009_0008_0060_0060.jpg 1 9 8 60 60
1691_0062_0046_0028_0028.jpg 1 62 46 28 28
1692_0037_0016_0024_0024.jpg 1 37 16 24 24
1693_0054_0006_0035_0035.jpg 1 54 6 35 35
1694_0017_0020_0024_0024.jpg 1 17 20 24 24
1695_0040_0043_0050_0050.jpg 1 40 43 50 50
1696_0014_0028_0036_0036.jpg 1 14 28 36 36
1697_0026_0009_0044_0044.jpg 1 26 9 44 44
1698_0030_0005_0041_0041.jpg 1 30 5 41 41
1699_0042_0006_0049_0049.jpg 1 42 6 49 49
1700_0015_0011_0064_0064.jpg 1 15 11 64 64
1701_0004_0024_0066_0066.jpg 1 4 24 66 66
1702_0029_0047_0045_0045.jpg 1 29 47 45 45
1703_0043_0033_0043_0043.jpg 1 43 33 43 43
1704_0017_0045_0035_0035.jpg 1 17 45 35 35
1705_0027_0032_0050_0050.jpg 1 27 32 50 50
1706_0035_0032_0050_0050.jpg 1 35 32 50 50
1707_0026_0035_0034_0034.jpg 1 26 35 34 34
1708_0027_0019_0039_0039.jpg 1 27 19 39 39
1709_0011_0036_0036_0036.jpg 1 11 36 36 36
1710_0015_0028_0047_0047.jpg 1 15 28 47 47
1711_0020_0007_0028_0028.jpg 1 20 7 28 28
1712_0032_0047_0046_0046.jpg 1 32 47 46 46
1713_0051_0035_0037_0037.jpg 1 51 35 37 37
1714_0039_0017_0050_0050.jpg 1 39 17 50 50
1715_0024_0044_0035_0035.jpg 1 24 44 35 35
1716_0006_0014_0047_0047.jpg 1 6 14 47 47
1717_0047_0015_0038_0038.jpg 1 47 15 38 38
1718_0008_0031_0043_0043.jpg 1 8 31 43 43
1719_0009_0021_0065_0065.jpg 1 9 21 65 65
1720_0009_0010_0043_0043.jpg 1 9 10 43 43
1721_0046_0017_0035_0035.jpg 1 46 17 35 35
1722_0034_0028_0043_0043.jpg 1 34 28 43 43
1723_0020_0004_0067_0067.jpg 1 20 4 67 67
1724_0048_0063_0024_0024.jpg 1 48 63 24 24
1725_0040_0032_0038_0038.jpg 1 40 32 38 38
1726_0018_0041_0053_0053.jpg 1 18 41 53 53
1727_0012_0035_0043_0043.jpg 1 12 35 43 43
1728_0023_0025_0048_0048.jpg 1 23 25 48 48
1729_0024_0015_0043_0043.jpg 1 24 15 43 43
1730_0036_0037_0036_0036.jpg 1 36 37 36 36
1731_0031_0016_0060_0060.jpg 1 31 16 60 60
1732_0008_0039_0031_0031.jpg 1 8 39 31 31
1733_0031_0031_0057_0057.jpg 1 31 31 57 57
1734_0021_0023_0063_0063.jpg 1 21 23 63 63
1735_0021_0022_0061_0061.jpg 1 21 22 61 61
1736_0011_0030_0053_0053.jpg 1 11 30 53 53
1737_0022_0030_0055_0055.jpg 1 22 30 55 55
1738_0040_0014_0039_0039.jpg 1 40 14 39 39
1739_0008_0026_0049_0049.jpg 1 8 26 49 49
1740_0032_0034_0054_0054.jpg 1 32 34 54 54
1741_0012_0008_0054_0054.jpg 1 12 8 54 54
1742_0024_0042_0050_0050.jpg 1 24 42 50 50
1743_0009_0008_0050_0050.jpg 1 9 8 50 50
1744_0041_0038_0030_0030.jpg 1 41 38 30 30
1745_0010_0021_0065_0065.jpg 1 10 21 65 65
1746_0009_0019_0036_0036.jpg 1 9 19 36 36
1747_0030_0044_0030_0030.jpg 1 30 44 30 30
1748_0019_0012_0055_0055.jpg 1 19 12 55 55
1749_0007_0015_0043_0043.jpg 1 7 15 43 43
1750_0023_0031_0041_0041.jpg 1 23 31 41 41
1751_0015_0018_0042_0042.jpg 1 15 18 42 42
1752_0012_0011_0062_0062.jpg 1 12 11 62 62
1753_0047_0011_0044_0044.jpg 1 47 11 44 44
1754_0009_0034_0035_0035.jpg 1 9 34 35 35
1755_0027_0032_0045_0045.jpg 1 27 32 45 45
1756_0015_0017_0066_0066.jpg 1 15 17 66 66
1757_0021_0061_0024_0024.jpg 1 21 61 24 24
1758_0005_0029_0063_0063.jpg 1 5 29 63 63
1759_0061_0050_0024_0024.jpg 1 61 50 24 24
1760_0015_0029_0047_0047.jpg 1 15 29 47 47
1761_0020_0006_0058_0058.jpg 1 20 6 58 58
1762_0019_0029_0047_0047.jpg 1 19 29 47 47
1763_0011_0031_0045_0045.jpg 1 11 31 45 45
1764_0047_0026_0031_0031.jpg 1 47 26 31 31
1765_0029_0025_0061_0061.jpg 1 29 25 61 61
1766_0013_0025_0053_0053.jpg 1 13 25 53 53
1767_0008_0020_0041_0041.jpg 1 8 20 41 41
1768_0020_0026_0052_0052.jpg 1 20 26 52 52
1769_0032_0029_0061_0061.jpg 1 32 29 61 61
1770_0013_0022_0051_0051.jpg 1 13 22 51 51
1771_0005_0017_0068_0068.jpg 1 5 17 68 68
1772_0034_0018_0053_0053.jpg 1 34 18 53 53
1773_0057_0014_0036_0036.jpg 1 57 14 36 36
1774_0038_0023_0026_0026.jpg 1 38 23 26 26
1775_0016_0015_0028_0028.jpg 1 16 15 28 28
1776_0029_0044_0040_0040.jpg 1 29 44 40 40
1777_0025_0025_0054_0054.jpg 1 25 25 54 54
1778_0037_0007_0054_0054.jpg 1 37 7 54 54
1779_0038_0018_0052_0052.jpg 1 38 18 52 52
1780_0020_0017_0066_0066.jpg 1 20 17 66 66
1781_0035_0033_0034_0034.jpg 1 35 33 34 34
1782_0014_0004_0054_0054.jpg 1 14 4 54 54
1783_0031_0020_0059_0059.jpg 1 31 20 59 59
1784_0019_0035_0052_0052.jpg 1 19 35 52 52
1785_0042_0019_0027_0027.jpg 1 42 19 27 27
1786_0028_0044_0029_0029.jpg 1 28 44 29 29
1787_0029_0050_0040_0040.jpg 1 29 50 40 40
1788_0052_0050_0032_0032.jpg 1 52 50 32 32
1789_0024_0022_0053_0053.jpg 1 24 22 53 53
1790_0021_0041_0053_0053.jpg 1 21 41 53 53
1791_0008_0033_0059_0059.jpg 1 8 33 59 59
1792_0022_0049_0032_0032.jpg 1 22 49 32 32
1793_0013_0035_0048_0048.jpg 1 13 35 48 48
1794_0006_0036_0035_0035.jpg 1 6 36 35 35
1795_0021_0011_0033_0033.jpg 1 21 11 33 33
1796_0013_0017_0068_0068.jpg 1 13 17 68 68
1797_0030_0055_0029_0029.jpg 1 30 55 29 29
1798_0007_0025_0061_0061.jpg 1 7 25 61 61
1799_0041_0006_0041_0041.jpg 1 41 6 41 41
1800_0013_0011_0053_0053.jpg 1 13 11 53 53
1801_0016_0035_0051_0051.jpg 1 16 35 51 51
1802_0013_0021_0063_0063.jpg 1 13 21 63 63
1803_0004_0017_0060_0060.jpg 1 4 17 60 60
1804_0018_0024_0053_0053.jpg 1 18 24 53 53
1805_0015_0004_0054_0054.jpg 1 15 4 54 54
1806_0043_0034_0030_0030.jpg 1 43 34 30 30
1807_0024_0007_0031_0031.jpg 1 24 7 31 31
1808_0053_0023_0038_0038.jpg 1 53 23 38 38
1809_0014_0004_0055_0055.jpg 1 14 4 55 55
1810_0035_0010_0056_0056.jpg 1 35 10 56 56
1811_0011_0013_0068_0068.jpg 1 11 13 68 68
1812_0011_0029_0031_0031.jpg 1 11 29 31 31
1813_0007_0010_0038_0038.jpg 1 7 10 38 38
1814_0014_0018_0067_0067.jpg 1 14 18 67 67
1815_0018_0003_0069_0069.jpg 1 18 3 69 69
1816_0007_0017_0043_0043.jpg 1 7 17 43 43
1817_0022_0061_0028_0028.jpg 1 22 61 28 28
1818_0017_0016_0067_0067.jpg 1 17 16 67 67
1819_0027_0061_0027_0027.jpg 1 27 61 27 27
1820_0006_0026_0068_0068.jpg 1 6 26 68 68
1821_0053_0013_0037_0037.jpg 1 53 13 37 37
1822_0023_0049_0044_0044.jpg 1 23 49 44 44
1823_0022_0027_0064_0064.jpg 1 22 27 64 64
1824_0047_0009_0046_0046.jpg 1 47 9 46 46
1825_0025_0020_0052_0052.jpg 1 25 20 52 52
1826_0041_0012_0045_0045.jpg 1 41 12 45 45
1827_0020_0026_0063_0063.jpg 1 20 26 63 63
1828_0012_0018_0067_0067.jpg 1 12 18 67 67
1829_0030_0025_0060_0060.jpg 1 30 25 60 60
1830_0005_0019_0052_0052.jpg 1 5 19 52 52
1831_0021_0034_0055_0055.jpg 1 21 34 55 55
1832_0011_0011_0067_0067.jpg 1 11 11 67 67
1833_0027_0022_0043_0043.jpg 1 27 22 43 43
1834_0020_0016_0041_0041.jpg 1 20 16 41 41
1835_0037_0011_0053_0053.jpg 1 37 11 53 53
1836_0018_0023_0066_0066.jpg 1 18 23 66 66
1837_0035_0015_0044_0044.jpg 1 35 15 44 44
1838_0012_0006_0062_0062.jpg 1 12 6 62 62
1839_0043_0021_0035_0035.jpg 1 43 21 35 35
1840_0016_0032_0029_0029.jpg 1 16 32 29 29
1841_0020_0028_0063_0063.jpg 1 20 28 63 63
1842_0026_0032_0053_0053.jpg 1 26 32 53 53
1843_0055_0024_0037_0037.jpg 1 55 24 37 37
1844_0035_0038_0046_0046.jpg 1 35 38 46 46
1845_0006_0027_0049_0049.jpg 1 6 27 49 49
1846_0033_0046_0028_0028.jpg 1 33 46 28 28
1847_0025_0020_0028_0028.jpg 1 25 20 28 28
1848_0020_0014_0052_0052.jpg 1 20 14 52 52
1849_0023_0041_0025_0025.jpg 1 23 41 25 25
1850_0049_0034_0039_0039.jpg 1 49 34 39 39
1851_0021_0020_0038_0038.jpg 1 21 20 38 38
1852_0034_0049_0044_0044.jpg 1 34 49 44 44
1853_0019_0044_0048_0048.jpg 1 19 44 48 48
1854_0018_0006_0056_0056.jpg 1 18 6 56 56
1855_0014_0005_0049_0049.jpg 1 14 5 49 49
1856_0009_0044_0042_0042.jpg 1 9 44 42 42
1857_0059_0047_0030_0030.jpg 1 59 47 30 30
1858_0010_0020_0063_0063.jpg 1 10 20 63 63
1859_0031_0005_0050_0050.jpg 1 31 5 50 50
1860_0037_0030_0053_0053.jpg 1 37 30 53 53
1861_0063_0045_0024_0024.jpg 1 63 45 24 24
1862_0015_0028_0045_0045.jpg 1 15 28 45 45
1863_0007_0006_0049_0049.jpg 1 7 6 49 49
1864_0015_0012_0033_0033.jpg 1 15 12 33 33
1865_0012_0013_0055_0055.jpg 1 12 13 55 55
1866_0014_0014_0059_0059.jpg 1 14 14 59 59
1867_0031_0026_0040_0040.jpg 1 31 26 40 40
1868_0031_0059_0030_0030.jpg 1 31 59 30 30
1869_0031_0034_0056_0056.jpg 1 31 34 56 56
1870_0017_0030_0049_0049.jpg 1 17 30 49 49
1871_0034_0011_0045_0045.jpg 1 34 11 45 45
1872_0011_0042_0051_0051.jpg 1 11 42 51 51
1873_0034_0010_0037_0037.jpg 1 34 10 37 37
1874_0022_0037_0058_0058.jpg 1 22 37 58 58
1875_0014_0009_0067_0067.jpg 1 14 9 67 67
1876_0028_0019_0043_0043.jpg 1 28 19 43 43
1877_0030_0010_0035_0035.jpg 1 30 10 35 35
1878_0008_0032_0058_0058.jpg 1 8 32 58 58
1879_0026_0040_0038_0038.jpg 1 26 40 38 38
1880_0038_0024_0034_0034.jpg 1 38 24 34 34
1881_0024_0026_0069_0069.jpg 1 24 26 69 69
1882_0028_0008_0045_0045.jpg 1 28 8 45 45
1883_0014_0045_0045_0045.jpg 1 14 45 45 45
1884_0020_0041_0037_0037.jpg 1 20 41 37 37
1885_0022_0026_0036_0036.jpg 1 22 26 36 36
1886_0013_0024_0053_0053.jpg 1 13 24 53 53
1887_0021_0008_0038_0038.jpg 1 21 8 38 38
1888_0008_0025_0054_0054.jpg 1 8 25 54 54
1889_0025_0006_0048_0048.jpg 1 25 6 48 48
1890_0016_0027_0038_0038.jpg 1 16 27 38 38
1891_0016_0047_0029_0029.jpg 1 16 47 29 29
1892_0009_0043_0050_0050.jpg 1 9 43 50 50
1893_0036_0036_0025_0025.jpg 1 36 36 25 25
1894_0011_0033_0033_0033.jpg 1 11 33 33 33
1895_0017_0014_0069_0069.jpg 1 17 14 69 69
1896_0034_0039_0047_0047.jpg 1 34 39 47 47
1897_0060_0057_0027_0027.jpg 1 60 57 27 27
1898_0010_0015_0068_0068.jpg 1 10 15 68 68
1899_0045_0037_0048_0048.jpg 1 45 37 48 48
1900_0044_0023_0049_0049.jpg 1 44 23 49 49
1901_0008_0009_0061_0061.jpg 1 8 9 61 61
1902_0033_0015_0037_0037.jpg 1 33 15 37 37
1903_0049_0034_0038_0038.jpg 1 49 34 38 38
1904_0056_0010_0036_0036.jpg 1 56 10 36 36
1905_0007_0012_0055_0055.jpg 1 7 12 55 55
1906_0024_0044_0028_0028.jpg 1 24 44 28 28
1907_0005_0013_0067_0067.jpg 1 5 13 67 67
1908_0045_0019_0033_0033.jpg 1 45 19 33 33
1909_0008_0005_0058_0058.jpg 1 8 5 58 58
1910_0030_0029_0039_0039.jpg 1 30 29 39 39
1911_0023_0016_0049_0049.jpg 1 23 16 49 49
1912_0016_0026_0064_0064.jpg 1 16 26 64 64
1913_0016_0020_0055_0055.jpg 1 16 20 55 55
1914_0003_0022_0068_0068.jpg 1 3 22 68 68
1915_0026_0029_0040_0040.jpg 1 26 29 40 40
1916_0020_0028_0051_0051.jpg 1 20 28 51 51
1917_0044_0025_0033_0033.jpg 1 44 25 33 33
1918_0057_0022_0034_0034.jpg 1 57 22 34 34
1919_0010_0022_0064_0064.jpg 1 10 22 64 64
1920_0029_0023_0066_0066.jpg 1 29 23 66 66
1921_0022_0043_0041_0041.jpg 1 22 43 41 41
1922_0018_0017_0062_0062.jpg 1 18 17 62 62
1923_0023_0014_0026_0026.jpg 1 23 14 26 26
1924_0062_0008_0025_0025.jpg 1 62 8 25 25
1925_0018_0036_0058_0058.jpg 1 18 36 58 58
1926_0039_0033_0046_0046.jpg 1 39 33 46 46
1927_0027_0023_0058_0058.jpg 1 27 23 58 58
1928_0011_0007_0053_0053.jpg 1 11 7 53 53
1929_0027_0006_0061_0061.jpg 1 27 6 61 61
1930_0024_0007_0052_0052.jpg 1 24 7 52 52
1931_0029_0055_0028_0028.jpg 1 29 55 28 28
1932_0009_0031_0028_0028.jpg 1 9 31 28 28
1933_0030_0007_0054_0054.jpg 1 30 7 54 54
1934_0033_0027_0037_0037.jpg 1 33 27 37 37
1935_0012_0036_0044_0044.jpg 1 12 36 44 44
1936_0035_0006_0058_0058.jpg 1 35 6 58 58
1937_0034_0016_0042_0042.jpg 1 34 16 42 42
1938_0021_0017_0045_0045.jpg 1 21 17 45 45
1939_0026_0018_0064_0064.jpg 1 26 18 64 64
1940_0026_0013_0066_0066.jpg 1 26 13 66 66
1941_0048_0033_0044_0044.jpg 1 48 33 44 44
1942_0008_0046_0043_0043.jpg 1 8 46 43 43
1943_0039_0056_0029_0029.jpg 1 39 56 29 29
1944_0046_0044_0029_0029.jpg 1 46 44 29 29
1945_0017_0011_0063_0063.jpg 1 17 11 63 63
1946_0008_0010_0044_0044.jpg 1 8 10 44 44
1947_0015_0013_0041_0041.jpg 1 15 13 41 41
1948_0017_0030_0060_0060.jpg 1 17 30 60 60
1949_0021_0012_0065_0065.jpg 1 21 12 65 65
1950_0013_0052_0030_0030.jpg 1 13 52 30 30
