0001_0029_0035_0045_0045.jpg 1 29 35 45 45
0002_0014_0013_0062_0062.jpg 1 14 13 62 62
0003_0021_0012_0061_0061.jpg 1 21 12 61 61
0004_0050_0009_0036_0036.jpg 1 50 9 36 36
0005_0034_0047_0046_0046.jpg 1 34 47 46 46
0006_0018_0026_0067_0067.jpg 1 18 26 67 67
0007_0044_0040_0049_0049.jpg 1 44 40 49 49
0008_0015_0037_0049_0049.jpg 1 15 37 49 49
0009_0029_0025_0067_0067.jpg 1 29 25 67 67
0010_0006_0022_0062_0062.jpg 1 6 22 62 62
0011_0048_0060_0027_0027.jpg 1 48 60 27 27
0012_0011_0031_0060_0060.jpg 1 11 31 60 60
0013_0028_0041_0048_0048.jpg 1 28 41 48 48
0014_0010_0025_0066_0066.jpg 1 10 25 66 66
0015_0034_0009_0030_0030.jpg 1 34 9 30 30
0016_0046_0006_0039_0039.jpg 1 46 6 39 39
0017_0060_0031_0030_0030.jpg 1 60 31 30 30
0018_0039_0007_0043_0043.jpg 1 39 7 43 43
0019_0035_0034_0038_0038.jpg 1 35 34 38 38
0020_0006_0019_0069_0069.jpg 1 6 19 69 69
0021_0045_0005_0048_0048.jpg 1 45 5 48 48
0022_0021_0010_0065_0065.jpg 1 21 10 65 65
0023_0015_0020_0032_0032.jpg 1 15 20 32 32
0024_0042_0023_0041_0041.jpg 1 42 23 41 41
0025_0031_0011_0059_0059.jpg 1 31 11 59 59
0026_0005_0029_0051_0051.jpg 1 5 29 51 51
0027_0026_0032_0063_0063.jpg 1 26 32 63 63
0028_0023_0017_0034_0034.jpg 1 23 17 34 34
0029_0008_0033_0038_0038.jpg 1 8 33 38 38
0030_0053_0054_0036_0036.jpg 1 53 54 36 36
0031_0019_0028_0036_0036.jpg 1 19 28 36 36
0032_0032_0011_0057_0057.jpg 1 32 11 57 57
0033_0007_0009_0069_0069.jpg 1 7 9 69 69
0034_0040_0018_0051_0051.jpg 1 40 18 51 51
0035_0026_0024_0062_0062.jpg 1 26 24 62 62
0036_0027_0032_0054_0054.jpg 1 27 32 54 54
0037_0037_0010_0038_0038.jpg 1 37 10 38 38
0038_0032_0053_0028_0028.jpg 1 32 53 28 28
0039_0023_0028_0035_0035.jpg 1 23 28 35 35
0040_0012_0013_0067_0067.jpg 1 12 13 67 67
0041_0027_0035_0047_0047.jpg 1 27 35 47 47
0042_0010_0034_0044_0044.jpg 1 10 34 44 44
0043_0036_0043_0037_0037.jpg 1 36 43 37 37
0044_0051_0024_0036_0036.jpg 1 51 24 36 36
0045_0018_0044_0045_0045.jpg 1 18 44 45 45
0046_0046_0021_0031_0031.jpg 1 46 21 31 31
0047_0059_0018_0032_0032.jpg 1 59 18 32 32
0048_0040_0058_0031_0031.jpg 1 40 58 31 31
0049_0057_0045_0028_0028.jpg 1 57 45 28 28
0050_0013_0021_0051_0051.jpg 1 13 21 51 51
0051_0006_0014_0065_0065.jpg 1 6 14 65 65
0052_0042_0009_0032_0032.jpg 1 42 9 32 32
0053_0014_0029_0045_0045.jpg 1 14 29 45 45
0054_0029_0018_0051_0051.jpg 1 29 18 51 51
0055_0009_0020_0046_0046.jpg 1 9 20 46 46
0056_0022_0025_0036_0036.jpg 1 22 25 36 36
0057_0049_0028_0035_0035.jpg 1 49 28 35 35
0058_0022_0007_0047_0047.jpg 1 22 7 47 47
0059_0041_0059_0029_0029.jpg 1 41 59 29 29
0060_0007_0026_0057_0057.jpg 1 7 26 57 57
0061_0023_0022_0059_0059.jpg 1 23 22 59 59
0062_0019_0016_0045_0045.jpg 1 19 16 45 45
0063_0013_0045_0044_0044.jpg 1 13 45 44 44
0064_0017_0028_0064_0064.jpg 1 17 28 64 64
0065_0018_0019_0054_0054.jpg 1 18 19 54 54
0066_0027_0028_0049_0049.jpg 1 27 28 49 49
0067_0056_0027_0035_0035.jpg 1 56 27 35 35
0068_0040_0015_0055_0055.jpg 1 40 15 55 55
0069_0008_0033_0061_0061.jpg 1 8 33 61 61
0070_0035_0013_0027_0027.jpg 1 35 13 27 27
0071_0030_0018_0045_0045.jpg 1 30 18 45 45
0072_0006_0034_0055_0055.jpg 1 6 34 55 55
0073_0016_0020_0059_0059.jpg 1 16 20 59 59
0074_0016_0026_0055_0055.jpg 1 16 26 55 55
0075_0028_0009_0063_0063.jpg 1 28 9 63 63
0076_0004_0020_0061_0061.jpg 1 4 20 61 61
0077_0019_0028_0028_0028.jpg 1 19 28 28 28
0078_0023_0013_0044_0044.jpg 1 23 13 44 44
0079_0031_0016_0057_0057.jpg 1 31 16 57 57
0080_0029_0037_0044_0044.jpg 1 29 37 44 44
0081_0029_0015_0045_0045.jpg 1 29 15 45 45
0082_0027_0013_0035_0035.jpg 1 27 13 35 35
0083_0025_0024_0052_0052.jpg 1 25 24 52 52
0084_0016_0046_0039_0039.jpg 1 16 46 39 39
0085_0008_0048_0044_0044.jpg 1 8 48 44 44
0086_0040_0043_0045_0045.jpg 1 40 43 45 45
0087_0041_0062_0030_0030.jpg 1 41 62 30 30
0088_0041_0018_0034_0034.jpg 1 41 18 34 34
0089_0007_0027_0054_0054.jpg 1 7 27 54 54
0090_0028_0033_0056_0056.jpg 1 28 33 56 56
0091_0038_0011_0054_0054.jpg 1 38 11 54 54
0092_0027_0032_0055_0055.jpg 1 27 32 55 55
0093_0041_0030_0036_0036.jpg 1 41 30 36 36
0094_0017_0027_0051_0051.jpg 1 17 27 51 51
0095_0010_0024_0033_0033.jpg 1 10 24 33 33
0096_0015_0011_0036_0036.jpg 1 15 11 36 36
0097_0021_0006_0069_0069.jpg 1 21 6 69 69
0098_0029_0033_0035_0035.jpg 1 29 33 35 35
0099_0049_0044_0041_0041.jpg 1 49 44 41 41
0100_0023_0020_0031_0031.jpg 1 23 20 31 31
0101_0032_0041_0030_0030.jpg 1 32 41 30 30
0102_0048_0015_0036_0036.jpg 1 48 15 36 36
0103_0057_0009_0032_0032.jpg 1 57 9 32 32
0104_0012_0012_0041_0041.jpg 1 12 12 41 41
0105_0012_0023_0069_0069.jpg 1 12 23 69 69
0106_0022_0021_0034_0034.jpg 1 22 21 34 34
0107_0029_0025_0032_0032.jpg 1 29 25 32 32
0108_0004_0008_0064_0064.jpg 1 4 8 64 64
0109_0016_0052_0036_0036.jpg 1 16 52 36 36
0110_0030_0009_0029_0029.jpg 1 30 9 29 29
0111_0008_0026_0068_0068.jpg 1 8 26 68 68
0112_0039_0012_0051_0051.jpg 1 39 12 51 51
0113_0046_0018_0039_0039.jpg 1 46 18 39 39
0114_0029_0014_0040_0040.jpg 1 29 14 40 40
0115_0022_0015_0040_0040.jpg 1 22 15 40 40
0116_0039_0010_0041_0041.jpg 1 39 10 41 41
0117_0018_0043_0050_0050.jpg 1 18 43 50 50
0118_0020_0012_0068_0068.jpg 1 20 12 68 68
0119_0008_0029_0056_0056.jpg 1 8 29 56 56
0120_0036_0012_0045_0045.jpg 1 36 12 45 45
0121_0038_0028_0054_0054.jpg 1 38 28 54 54
0122_0011_0005_0069_0069.jpg 1 11 5 69 69
0123_0045_0023_0028_0028.jpg 1 45 23 28 28
0124_0042_0019_0051_0051.jpg 1 42 19 51 51
0125_0013_0049_0045_0045.jpg 1 13 49 45 45
0126_0022_0031_0043_0043.jpg 1 22 31 43 43
0127_0039_0022_0049_0049.jpg 1 39 22 49 49
0128_0022_0031_0039_0039.jpg 1 22 31 39 39
0129_0026_0008_0066_0066.jpg 1 26 8 66 66
0130_0012_0046_0028_0028.jpg 1 12 46 28 28
0131_0014_0028_0037_0037.jpg 1 14 28 37 37
0132_0056_0026_0034_0034.jpg 1 56 26 34 34
0133_0027_0015_0049_0049.jpg 1 27 15 49 49
0134_0014_0014_0067_0067.jpg 1 14 14 67 67
0135_0010_0009_0057_0057.jpg 1 10 9 57 57
0136_0020_0024_0067_0067.jpg 1 20 24 67 67
0137_0030_0042_0033_0033.jpg 1 30 42 33 33
0138_0015_0020_0064_0064.jpg 1 15 20 64 64
0139_0031_0022_0058_0058.jpg 1 31 22 58 58
0140_0034_0053_0035_0035.jpg 1 34 53 35 35
0141_0011_0040_0038_0038.jpg 1 11 40 38 38
0142_0046_0031_0032_0032.jpg 1 46 31 32 32
0143_0038_0055_0037_0037.jpg 1 38 55 37 37
0144_0005_0009_0045_0045.jpg 1 5 9 45 45
0145_0047_0035_0036_0036.jpg 1 47 35 36 36
0146_0035_0028_0051_0051.jpg 1 35 28 51 51
0147_0005_0035_0045_0045.jpg 1 5 35 45 45
0148_0013_0026_0060_0060.jpg 1 13 26 60 60
0149_0046_0025_0033_0033.jpg 1 46 25 33 33
0150_0037_0027_0051_0051.jpg 1 37 27 51 51
0151_0031_0012_0049_0049.jpg 1 31 12 49 49
0152_0023_0016_0049_0049.jpg 1 23 16 49 49
0153_0010_0033_0037_0037.jpg 1 10 33 37 37
0154_0018_0015_0048_0048.jpg 1 18 15 48 48
0155_0037_0014_0048_0048.jpg 1 37 14 48 48
0156_0033_0022_0061_0061.jpg 1 33 22 61 61
0157_0017_0040_0055_0055.jpg 1 17 40 55 55
0158_0036_0019_0042_0042.jpg 1 36 19 42 42
0159_0032_0038_0053_0053.jpg 1 32 38 53 53
0160_0006_0019_0068_0068.jpg 1 6 19 68 68
0161_0026_0009_0032_0032.jpg 1 26 9 32 32
0162_0024_0007_0056_0056.jpg 1 24 7 56 56
0163_0039_0021_0051_0051.jpg 1 39 21 51 51
0164_0005_0024_0057_0057.jpg 1 5 24 57 57
0165_0011_0054_0032_0032.jpg 1 11 54 32 32
0166_0018_0037_0052_0052.jpg 1 18 37 52 52
0167_0006_0009_0054_0054.jpg 1 6 9 54 54
0168_0007_0029_0061_0061.jpg 1 7 29 61 61
0169_0011_0033_0059_0059.jpg 1 11 33 59 59
0170_0026_0015_0053_0053.jpg 1 26 15 53 53
0171_0032_0030_0047_0047.jpg 1 32 30 47 47
0172_0052_0019_0032_0032.jpg 1 52 19 32 32
0173_0009_0025_0068_0068.jpg 1 9 25 68 68
0174_0012_0024_0057_0057.jpg 1 12 24 57 57
0175_0015_0020_0069_0069.jpg 1 15 20 69 69
0176_0052_0023_0025_0025.jpg 1 52 23 25 25
0177_0054_0023_0030_0030.jpg 1 54 23 30 30
0178_0053_0035_0027_0027.jpg 1 53 35 27 27
0179_0019_0022_0063_0063.jpg 1 19 22 63 63
0180_0023_0009_0061_0061.jpg 1 23 9 61 61
0181_0026_0037_0028_0028.jpg 1 26 37 28 28
0182_0025_0039_0052_0052.jpg 1 25 39 52 52
0183_0010_0037_0040_0040.jpg 1 10 37 40 40
0184_0019_0025_0055_0055.jpg 1 19 25 55 55
0185_0035_0026_0048_0048.jpg 1 35 26 48 48
0186_0027_0021_0060_0060.jpg 1 27 21 60 60
0187_0021_0022_0030_0030.jpg 1 21 22 30 30
0188_0043_0030_0044_0044.jpg 1 43 30 44 44
0189_0026_0031_0028_0028.jpg 1 26 31 28 28
0190_0018_0042_0036_0036.jpg 1 18 42 36 36
0191_0020_0020_0059_0059.jpg 1 20 20 59 59
0192_0051_0055_0034_0034.jpg 1 51 55 34 34
0193_0029_0019_0033_0033.jpg 1 29 19 33 33
0194_0025_0016_0052_0052.jpg 1 25 16 52 52
0195_0048_0012_0033_0033.jpg 1 48 12 33 33
0196_0013_0022_0067_0067.jpg 1 13 22 67 67
0197_0030_0044_0047_0047.jpg 1 30 44 47 47
0198_0014_0005_0050_0050.jpg 1 14 5 50 50
0199_0019_0018_0038_0038.jpg 1 19 18 38 38
0200_0044_0049_0027_0027.jpg 1 44 49 27 27
0201_0013_0041_0049_0049.jpg 1 13 41 49 49
0202_0016_0025_0065_0065.jpg 1 16 25 65 65
0203_0047_0012_0030_0030.jpg 1 47 12 30 30
0204_0028_0007_0050_0050.jpg 1 28 7 50 50
0205_0011_0032_0048_0048.jpg 1 11 32 48 48
0206_0053_0024_0040_0040.jpg 1 53 24 40 40
0207_0017_0005_0054_0054.jpg 1 17 5 54 54
0208_0061_0033_0030_0030.jpg 1 61 33 30 30
0209_0009_0049_0043_0043.jpg 1 9 49 43 43
0210_0042_0036_0048_0048.jpg 1 42 36 48 48
0211_0044_0028_0047_0047.jpg 1 44 28 47 47
0212_0012_0015_0069_0069.jpg 1 12 15 69 69
0213_0055_0052_0032_0032.jpg 1 55 52 32 32
0214_0025_0031_0051_0051.jpg 1 25 31 51 51
0215_0030_0014_0063_0063.jpg 1 30 14 63 63
0216_0038_0017_0039_0039.jpg 1 38 17 39 39
0217_0044_0019_0040_0040.jpg 1 44 19 40 40
0218_0027_0019_0067_0067.jpg 1 27 19 67 67
0219_0006_0009_0060_0060.jpg 1 6 9 60 60
0220_0042_0037_0031_0031.jpg 1 42 37 31 31
0221_0016_0044_0047_0047.jpg 1 16 44 47 47
0222_0056_0016_0031_0031.jpg 1 56 16 31 31
0223_0015_0036_0029_0029.jpg 1 15 36 29 29
0224_0024_0025_0060_0060.jpg 1 24 25 60 60
0225_0036_0036_0045_0045.jpg 1 36 36 45 45
0226_0005_0038_0055_0055.jpg 1 5 38 55 55
0227_0006_0014_0061_0061.jpg 1 6 14 61 61
0228_0016_0006_0061_0061.jpg 1 16 6 61 61
0229_0031_0028_0065_0065.jpg 1 31 28 65 65
0230_0026_0032_0047_0047.jpg 1 26 32 47 47
0231_0033_0011_0052_0052.jpg 1 33 11 52 52
0232_0062_0043_0029_0029.jpg 1 62 43 29 29
0233_0038_0053_0040_0040.jpg 1 38 53 40 40
0234_0013_0016_0064_0064.jpg 1 13 16 64 64
0235_0046_0028_0032_0032.jpg 1 46 28 32 32
0236_0006_0019_0047_0047.jpg 1 6 19 47 47
0237_0015_0021_0046_0046.jpg 1 15 21 46 46
0238_0028_0035_0057_0057.jpg 1 28 35 57 57
0239_0021_0008_0056_0056.jpg 1 21 8 56 56
0240_0027_0006_0055_0055.jpg 1 27 6 55 55
0241_0036_0030_0059_0059.jpg 1 36 30 59 59
0242_0017_0018_0069_0069.jpg 1 17 18 69 69
0243_0007_0016_0062_0062.jpg 1 7 16 62 62
0244_0025_0016_0051_0051.jpg 1 25 16 51 51
0245_0010_0013_0058_0058.jpg 1 10 13 58 58
0246_0027_0014_0034_0034.jpg 1 27 14 34 34
0247_0010_0019_0066_0066.jpg 1 10 19 66 66
0248_0040_0031_0054_0054.jpg 1 40 31 54 54
0249_0020_0022_0059_0059.jpg 1 20 22 59 59
0250_0027_0008_0055_0055.jpg 1 27 8 55 55
0251_0049_0059_0034_0034.jpg 1 49 59 34 34
0252_0027_0026_0039_0039.jpg 1 27 26 39 39
0253_0008_0061_0028_0028.jpg 1 8 61 28 28
0254_0032_0016_0042_0042.jpg 1 32 16 42 42
0255_0043_0045_0027_0027.jpg 1 43 45 27 27
0256_0041_0045_0036_0036.jpg 1 41 45 36 36
0257_0041_0008_0043_0043.jpg 1 41 8 43 43
0258_0012_0021_0065_0065.jpg 1 12 21 65 65
0259_0016_0035_0037_0037.jpg 1 16 35 37 37
0260_0032_0005_0058_0058.jpg 1 32 5 58 58
0261_0017_0006_0046_0046.jpg 1 17 6 46 46
0262_0016_0027_0069_0069.jpg 1 16 27 69 69
0263_0023_0018_0066_0066.jpg 1 23 18 66 66
0264_0014_0012_0059_0059.jpg 1 14 12 59 59
0265_0014_0008_0054_0054.jpg 1 14 8 54 54
0266_0014_0010_0040_0040.jpg 1 14 10 40 40
0267_0030_0053_0036_0036.jpg 1 30 53 36 36
0268_0048_0012_0042_0042.jpg 1 48 12 42 42
0269_0015_0022_0053_0053.jpg 1 15 22 53 53
0270_0023_0038_0045_0045.jpg 1 23 38 45 45
0271_0058_0035_0029_0029.jpg 1 58 35 29 29
0272_0046_0031_0027_0027.jpg 1 46 31 27 27
0273_0043_0025_0042_0042.jpg 1 43 25 42 42
0274_0031_0020_0055_0055.jpg 1 31 20 55 55
0275_0006_0034_0060_0060.jpg 1 6 34 60 60
0276_0041_0011_0032_0032.jpg 1 41 11 32 32
0277_0023_0039_0029_0029.jpg 1 23 39 29 29
0278_0004_0015_0066_0066.jpg 1 4 15 66 66
0279_0042_0013_0025_0025.jpg 1 42 13 25 25
0280_0017_0012_0054_0054.jpg 1 17 12 54 54
0281_0025_0023_0049_0049.jpg 1 25 23 49 49
0282_0015_0028_0065_0065.jpg 1 15 28 65 65
0283_0061_0057_0028_0028.jpg 1 61 57 28 28
0284_0005_0028_0053_0053.jpg 1 5 28 53 53
0285_0039_0014_0033_0033.jpg 1 39 14 33 33
0286_0012_0033_0055_0055.jpg 1 12 33 55 55
0287_0035_0045_0030_0030.jpg 1 35 45 30 30
0288_0019_0012_0060_0060.jpg 1 19 12 60 60
0289_0024_0037_0054_0054.jpg 1 24 37 54 54
0290_0028_0053_0024_0024.jpg 1 28 53 24 24
0291_0025_0008_0048_0048.jpg 1 25 8 48 48
0292_0009_0008_0060_0060.jpg 1 9 8 60 60
0293_0050_0034_0036_0036.jpg 1 50 34 36 36
0294_0054_0035_0037_0037.jpg 1 54 35 37 37
0295_0006_0011_0064_0064.jpg 1 6 11 64 64
0296_0021_0030_0058_0058.jpg 1 21 30 58 58
0297_0008_0017_0066_0066.jpg 1 8 17 66 66
0298_0011_0006_0038_0038.jpg 1 11 6 38 38
0299_0009_0028_0052_0052.jpg 1 9 28 52 52
0300_0047_0040_0046_0046.jpg 1 47 40 46 46
0301_0018_0012_0026_0026.jpg 1 18 12 26 26
0302_0022_0033_0059_0059.jpg 1 22 33 59 59
0303_0033_0028_0052_0052.jpg 1 33 28 52 52
0304_0006_0048_0043_0043.jpg 1 6 48 43 43
0305_0024_0022_0037_0037.jpg 1 24 22 37 37
0306_0044_0006_0039_0039.jpg 1 44 6 39 39
0307_0026_0029_0056_0056.jpg 1 26 29 56 56
0308_0053_0022_0032_0032.jpg 1 53 22 32 32
0309_0047_0024_0043_0043.jpg 1 47 24 43 43
0310_0006_0026_0048_0048.jpg 1 6 26 48 48
0311_0015_0033_0056_0056.jpg 1 15 33 56 56
0312_0009_0030_0063_0063.jpg 1 9 30 63 63
0313_0033_0011_0062_0062.jpg 1 33 11 62 62
0314_0047_0058_0030_0030.jpg 1 47 58 30 30
0315_0010_0013_0063_0063.jpg 1 10 13 63 63
0316_0005_0018_0049_0049.jpg 1 5 18 49 49
0317_0054_0051_0027_0027.jpg 1 54 51 27 27
0318_0007_0023_0069_0069.jpg 1 7 23 69 69
0319_0035_0009_0051_0051.jpg 1 35 9 51 51
0320_0013_0017_0064_0064.jpg 1 13 17 64 64
0321_0028_0066_0025_0025.jpg 1 28 66 25 25
0322_0014_0024_0060_0060.jpg 1 14 24 60 60
0323_0026_0022_0068_0068.jpg 1 26 22 68 68
0324_0014_0027_0043_0043.jpg 1 14 27 43 43
0325_0062_0038_0029_0029.jpg 1 62 38 29 29
0326_0027_0047_0028_0028.jpg 1 27 47 28 28
0327_0006_0037_0043_0043.jpg 1 6 37 43 43
0328_0045_0007_0049_0049.jpg 1 45 7 49 49
0329_0011_0009_0059_0059.jpg 1 11 9 59 59
0330_0006_0009_0064_0064.jpg 1 6 9 64 64
0331_0010_0011_0034_0034.jpg 1 10 11 34 34
0332_0030_0045_0049_0049.jpg 1 30 45 49 49
0333_0023_0022_0030_0030.jpg 1 23 22 30 30
0334_0008_0006_0061_0061.jpg 1 8 6 61 61
0335_0028_0032_0062_0062.jpg 1 28 32 62 62
0336_0010_0022_0061_0061.jpg 1 10 22 61 61
0337_0031_0029_0060_0060.jpg 1 31 29 60 60
0338_0004_0021_0065_0065.jpg 1 4 21 65 65
0339_0020_0016_0064_0064.jpg 1 20 16 64 64
0340_0018_0036_0047_0047.jpg 1 18 36 47 47
0341_0024_0027_0063_0063.jpg 1 24 27 63 63
0342_0018_0005_0069_0069.jpg 1 18 5 69 69
0343_0027_0062_0029_0029.jpg 1 27 62 29 29
0344_0019_0009_0053_0053.jpg 1 19 9 53 53
0345_0013_0026_0067_0067.jpg 1 13 26 67 67
0346_0018_0047_0035_0035.jpg 1 18 47 35 35
0347_0039_0022_0054_0054.jpg 1 39 22 54 54
0348_0006_0037_0046_0046.jpg 1 6 37 46 46
0349_0028_0033_0024_0024.jpg 1 28 33 24 24
0350_0021_0019_0065_0065.jpg 1 21 19 65 65
0351_0034_0038_0050_0050.jpg 1 34 38 50 50
0352_0058_0008_0030_0030.jpg 1 58 8 30 30
0353_0013_0017_0064_0064.jpg 1 13 17 64 64
0354_0049_0021_0039_0039.jpg 1 49 21 39 39
0355_0029_0019_0065_0065.jpg 1 29 19 65 65
0356_0036_0020_0054_0054.jpg 1 36 20 54 54
0357_0012_0024_0050_0050.jpg 1 12 24 50 50
0358_0031_0034_0057_0057.jpg 1 31 34 57 57
0359_0018_0037_0035_0035.jpg 1 18 37 35 35
0360_0019_0013_0053_0053.jpg 1 19 13 53 53
0361_0046_0015_0048_0048.jpg 1 46 15 48 48
0362_0005_0009_0054_0054.jpg 1 5 9 54 54
0363_0004_0007_0062_0062.jpg 1 4 7 62 62
0364_0036_0019_0044_0044.jpg 1 36 19 44 44
0365_0028_0018_0059_0059.jpg 1 28 18 59 59
0366_0033_0054_0036_0036.jpg 1 33 54 36 36
0367_0047_0051_0030_0030.jpg 1 47 51 30 30
0368_0021_0036_0059_0059.jpg 1 21 36 59 59
0369_0009_0019_0061_0061.jpg 1 9 19 61 61
0370_0049_0011_0025_0025.jpg 1 49 11 25 25
0371_0020_0029_0059_0059.jpg 1 20 29 59 59
0372_0017_0012_0035_0035.jpg 1 17 12 35 35
0373_0025_0020_0065_0065.jpg 1 25 20 65 65
0374_0039_0035_0049_0049.jpg 1 39 35 49 49
0375_0039_0045_0036_0036.jpg 1 39 45 36 36
0376_0025_0017_0056_0056.jpg 1 25 17 56 56
0377_0056_0017_0024_0024.jpg 1 56 17 24 24
0378_0041_0012_0040_0040.jpg 1 41 12 40 40
0379_0015_0021_0042_0042.jpg 1 15 21 42 42
0380_0019_0028_0036_0036.jpg 1 19 28 36 36
0381_0007_0029_0059_0059.jpg 1 7 29 59 59
0382_0046_0007_0033_0033.jpg 1 46 7 33 33
0383_0028_0024_0061_0061.jpg 1 28 24 61 61
0384_0040_0016_0048_0048.jpg 1 40 16 48 48
0385_0042_0024_0049_0049.jpg 1 42 24 49 49
0386_0042_0021_0034_0034.jpg 1 42 21 34 34
0387_0036_0048_0028_0028.jpg 1 36 48 28 28
0388_0019_0043_0027_0027.jpg 1 19 43 27 27
0389_0016_0006_0061_0061.jpg 1 16 6 61 61
0390_0021_0035_0050_0050.jpg 1 21 35 50 50
0391_0039_0039_0053_0053.jpg 1 39 39 53 53
0392_0012_0045_0030_0030.jpg 1 12 45 30 30
0393_0006_0014_0059_0059.jpg 1 6 14 59 59
0394_0021_0065_0024_0024.jpg 1 21 65 24 24
0395_0004_0010_0054_0054.jpg 1 4 10 54 54
0396_0028_0031_0055_0055.jpg 1 28 31 55 55
0397_0031_0016_0063_0063.jpg 1 31 16 63 63
0398_0061_0041_0029_0029.jpg 1 61 41 29 29
0399_0035_0021_0043_0043.jpg 1 35 21 43 43
0400_0016_0036_0055_0055.jpg 1 16 36 55 55
0401_0059_0043_0033_0033.jpg 1 59 43 33 33
0402_0011_0042_0039_0039.jpg 1 11 42 39 39
0403_0027_0027_0056_0056.jpg 1 27 27 56 56
0404_0033_0044_0035_0035.jpg 1 33 44 35 35
0405_0005_0014_0064_0064.jpg 1 5 14 64 64
0406_0009_0052_0039_0039.jpg 1 9 52 39 39
0407_0037_0039_0028_0028.jpg 1 37 39 28 28
0408_0027_0032_0060_0060.jpg 1 27 32 60 60
0409_0031_0027_0061_0061.jpg 1 31 27 61 61
0410_0010_0018_0054_0054.jpg 1 10 18 54 54
0411_0011_0013_0038_0038.jpg 1 11 13 38 38
0412_0013_0027_0033_0033.jpg 1 13 27 33 33
0413_0033_0026_0039_0039.jpg 1 33 26 39 39
0414_0048_0033_0032_0032.jpg 1 48 33 32 32
0415_0005_0040_0047_0047.jpg 1 5 40 47 47
0416_0045_0030_0048_0048.jpg 1 45 30 48 48
0417_0026_0020_0067_0067.jpg 1 26 20 67 67
0418_0006_0029_0063_0063.jpg 1 6 29 63 63
0419_0031_0019_0053_0053.jpg 1 31 19 53 53
0420_0034_0032_0047_0047.jpg 1 34 32 47 47
0421_0030_0038_0055_0055.jpg 1 30 38 55 55
0422_0040_0032_0042_0042.jpg 1 40 32 42 42
0423_0029_0053_0037_0037.jpg 1 29 53 37 37
0424_0030_0024_0054_0054.jpg 1 30 24 54 54
0425_0015_0034_0046_0046.jpg 1 15 34 46 46
0426_0011_0009_0055_0055.jpg 1 11 9 55 55
0427_0031_0019_0042_0042.jpg 1 31 19 42 42
0428_0041_0020_0034_0034.jpg 1 41 20 34 34
0429_0019_0031_0041_0041.jpg 1 19 31 41 41
0430_0035_0007_0053_0053.jpg 1 35 7 53 53
0431_0038_0017_0037_0037.jpg 1 38 17 37 37
0432_0028_0029_0058_0058.jpg 1 28 29 58 58
0433_0024_0014_0043_0043.jpg 1 24 14 43 43
0434_0013_0004_0057_0057.jpg 1 13 4 57 57
0435_0045_0033_0025_0025.jpg 1 45 33 25 25
0436_0031_0035_0028_0028.jpg 1 31 35 28 28
0437_0010_0013_0051_0051.jpg 1 10 13 51 51
0438_0055_0057_0025_0025.jpg 1 55 57 25 25
0439_0054_0036_0031_0031.jpg 1 54 36 31 31
0440_0024_0033_0061_0061.jpg 1 24 33 61 61
0441_0055_0026_0030_0030.jpg 1 55 26 30 30
0442_0060_0035_0030_0030.jpg 1 60 35 30 30
0443_0052_0023_0041_0041.jpg 1 52 23 41 41
0444_0007_0042_0031_0031.jpg 1 7 42 31 31
0445_0007_0007_0042_0042.jpg 1 7 7 42 42
0446_0026_0025_0061_0061.jpg 1 26 25 61 61
0447_0006_0011_0051_0051.jpg 1 6 11 51 51
0448_0033_0005_0055_0055.jpg 1 33 5 55 55
0449_0029_0019_0060_0060.jpg 1 29 19 60 60
0450_0009_0009_0046_0046.jpg 1 9 9 46 46
0451_0032_0034_0052_0052.jpg 1 32 34 52 52
0452_0021_0016_0065_0065.jpg 1 21 16 65 65
0453_0030_0010_0056_0056.jpg 1 30 10 56 56
0454_0019_0061_0024_0024.jpg 1 19 61 24 24
0455_0021_0030_0063_0063.jpg 1 21 30 63 63
0456_0049_0010_0036_0036.jpg 1 49 10 36 36
0457_0009_0039_0038_0038.jpg 1 9 39 38 38
0458_0016_0017_0067_0067.jpg 1 16 17 67 67
0459_0027_0041_0042_0042.jpg 1 27 41 42 42
0460_0006_0016_0045_0045.jpg 1 6 16 45 45
0461_0021_0024_0060_0060.jpg 1 21 24 60 60
0462_0008_0007_0052_0052.jpg 1 8 7 52 52
0463_0015_0033_0058_0058.jpg 1 15 33 58 58
0464_0044_0026_0050_0050.jpg 1 44 26 50 50
0465_0014_0026_0067_0067.jpg 1 14 26 67 67
0466_0022_0020_0045_0045.jpg 1 22 20 45 45
0467_0023_0057_0030_0030.jpg 1 23 57 30 30
0468_0022_0022_0026_0026.jpg 1 22 22 26 26
0469_0027_0061_0024_0024.jpg 1 27 61 24 24
0470_0005_0037_0054_0054.jpg 1 5 37 54 54
0471_0012_0010_0065_0065.jpg 1 12 10 65 65
0472_0027_0059_0028_0028.jpg 1 27 59 28 28
0473_0040_0005_0054_0054.jpg 1 40 5 54 54
0474_0048_0049_0035_0035.jpg 1 48 49 35 35
0475_0010_0033_0046_0046.jpg 1 10 33 46 46
0476_0035_0008_0056_0056.jpg 1 35 8 56 56
0477_0024_0028_0068_0068.jpg 1 24 28 68 68
0478_0029_0041_0038_0038.jpg 1 29 41 38 38
0479_0032_0020_0059_0059.jpg 1 32 20 59 59
0480_0020_0043_0050_0050.jpg 1 20 43 50 50
0481_0048_0046_0032_0032.jpg 1 48 46 32 32
0482_0006_0028_0058_0058.jpg 1 6 28 58 58
0483_0026_0015_0033_0033.jpg 1 26 15 33 33
0484_0024_0029_0058_0058.jpg 1 24 29 58 58
0485_0020_0024_0067_0067.jpg 1 20 24 67 67
0486_0013_0019_0038_0038.jpg 1 13 19 38 38
0487_0033_0015_0048_0048.jpg 1 33 15 48 48
0488_0022_0034_0058_0058.jpg 1 22 34 58 58
0489_0018_0006_0062_0062.jpg 1 18 6 62 62
0490_0024_0031_0040_0040.jpg 1 24 31 40 40
0491_0021_0007_0054_0054.jpg 1 21 7 54 54
0492_0021_0008_0068_0068.jpg 1 21 8 68 68
0493_0021_0013_0056_0056.jpg 1 21 13 56 56
0494_0012_0042_0047_0047.jpg 1 12 42 47 47
0495_0033_0040_0036_0036.jpg 1 33 40 36 36
0496_0012_0012_0054_0054.jpg 1 12 12 54 54
0497_0041_0029_0048_0048.jpg 1 41 29 48 48
0498_0012_0015_0052_0052.jpg 1 12 15 52 52
0499_0050_0051_0036_0036.jpg 1 50 51 36 36
0500_0009_0048_0026_0026.jpg 1 9 48 26 26
0501_0031_0046_0042_0042.jpg 1 31 46 42 42
0502_0044_0053_0030_0030.jpg 1 44 53 30 30
0503_0007_0048_0034_0034.jpg 1 7 48 34 34
0504_0043_0059_0030_0030.jpg 1 43 59 30 30
0505_0031_0039_0055_0055.jpg 1 31 39 55 55
0506_0027_0041_0035_0035.jpg 1 27 41 35 35
0507_0041_0026_0026_0026.jpg 1 41 26 26 26
0508_0064_0051_0027_0027.jpg 1 64 51 27 27
0509_0040_0005_0051_0051.jpg 1 40 5 51 51
0510_0026_0029_0045_0045.jpg 1 26 29 45 45
0511_0016_0019_0065_0065.jpg 1 16 19 65 65
0512_0046_0045_0037_0037.jpg 1 46 45 37 37
0513_0022_0016_0066_0066.jpg 1 22 16 66 66
0514_0017_0006_0058_0058.jpg 1 17 6 58 58
0515_0010_0021_0026_0026.jpg 1 10 21 26 26
0516_0006_0009_0066_0066.jpg 1 6 9 66 66
0517_0009_0045_0031_0031.jpg 1 9 45 31 31
0518_0063_0009_0029_0029.jpg 1 63 9 29 29
0519_0021_0037_0042_0042.jpg 1 21 37 42 42
0520_0018_0016_0049_0049.jpg 1 18 16 49 49
0521_0029_0022_0040_0040.jpg 1 29 22 40 40
0522_0015_0009_0062_0062.jpg 1 15 9 62 62
0523_0025_0028_0058_0058.jpg 1 25 28 58 58
0524_0007_0038_0040_0040.jpg 1 7 38 40 40
0525_0005_0021_0056_0056.jpg 1 5 21 56 56
0526_0049_0009_0024_0024.jpg 1 49 9 24 24
0527_0042_0026_0044_0044.jpg 1 42 26 44 44
0528_0033_0024_0035_0035.jpg 1 33 24 35 35
0529_0004_0022_0061_0061.jpg 1 4 22 61 61
0530_0065_0050_0024_0024.jpg 1 65 50 24 24
0531_0011_0016_0062_0062.jpg 1 11 16 62 62
0532_0019_0022_0032_0032.jpg 1 19 22 32 32
0533_0009_0022_0055_0055.jpg 1 9 22 55 55
0534_0018_0026_0026_0026.jpg 1 18 26 26 26
0535_0041_0048_0024_0024.jpg 1 41 48 24 24
0536_0026_0044_0024_0024.jpg 1 26 44 24 24
0537_0008_0025_0060_0060.jpg 1 8 25 60 60
0538_0053_0060_0029_0029.jpg 1 53 60 29 29
0539_0038_0023_0029_0029.jpg 1 38 23 29 29
0540_0021_0007_0066_0066.jpg 1 21 7 66 66
0541_0028_0006_0059_0059.jpg 1 28 6 59 59
0542_0018_0010_0049_0049.jpg 1 18 10 49 49
0543_0014_0023_0068_0068.jpg 1 14 23 68 68
0544_0031_0035_0044_0044.jpg 1 31 35 44 44
0545_0038_0015_0054_0054.jpg 1 38 15 54 54
0546_0051_0032_0030_0030.jpg 1 51 32 30 30
0547_0065_0034_0024_0024.jpg 1 65 34 24 24
0548_0004_0030_0065_0065.jpg 1 4 30 65 65
0549_0021_0030_0063_0063.jpg 1 21 30 63 63
0550_0023_0031_0061_0061.jpg 1 23 31 61 61
0551_0029_0011_0050_0050.jpg 1 29 11 50 50
0552_0012_0011_0063_0063.jpg 1 12 11 63 63
0553_0031_0035_0054_0054.jpg 1 31 35 54 54
0554_0032_0046_0046_0046.jpg 1 32 46 46 46
0555_0023_0021_0045_0045.jpg 1 23 21 45 45
0556_0031_0053_0030_0030.jpg 1 31 53 30 30
0557_0032_0026_0032_0032.jpg 1 32 26 32 32
0558_0008_0022_0067_0067.jpg 1 8 22 67 67
0559_0045_0020_0032_0032.jpg 1 45 20 32 32
0560_0008_0008_0040_0040.jpg 1 8 8 40 40
0561_0038_0016_0054_0054.jpg 1 38 16 54 54
0562_0034_0039_0043_0043.jpg 1 34 39 43 43
0563_0059_0014_0027_0027.jpg 1 59 14 27 27
0564_0050_0061_0029_0029.jpg 1 50 61 29 29
0565_0035_0006_0060_0060.jpg 1 35 6 60 60
0566_0040_0033_0035_0035.jpg 1 40 33 35 35
0567_0022_0036_0056_0056.jpg 1 22 36 56 56
0568_0013_0017_0064_0064.jpg 1 13 17 64 64
0569_0023_0008_0061_0061.jpg 1 23 8 61 61
0570_0036_0013_0059_0059.jpg 1 36 13 59 59
0571_0052_0027_0041_0041.jpg 1 52 27 41 41
0572_0025_0012_0059_0059.jpg 1 25 12 59 59
0573_0056_0053_0032_0032.jpg 1 56 53 32 32
0574_0033_0015_0028_0028.jpg 1 33 15 28 28
0575_0049_0041_0040_0040.jpg 1 49 41 40 40
0576_0045_0036_0047_0047.jpg 1 45 36 47 47
0577_0016_0016_0057_0057.jpg 1 16 16 57 57
0578_0048_0028_0027_0027.jpg 1 48 28 27 27
0579_0020_0015_0060_0060.jpg 1 20 15 60 60
0580_0003_0005_0069_0069.jpg 1 3 5 69 69
0581_0040_0025_0040_0040.jpg 1 40 25 40 40
0582_0025_0031_0054_0054.jpg 1 25 31 54 54
0583_0019_0007_0046_0046.jpg 1 19 7 46 46
0584_0018_0028_0062_0062.jpg 1 18 28 62 62
0585_0024_0027_0063_0063.jpg 1 24 27 63 63
0586_0026_0006_0057_0057.jpg 1 26 6 57 57
0587_0026_0016_0063_0063.jpg 1 26 16 63 63
0588_0030_0025_0062_0062.jpg 1 30 25 62 62
0589_0034_0055_0024_0024.jpg 1 34 55 24 24
0590_0022_0015_0042_0042.jpg 1 22 15 42 42
0591_0043_0007_0035_0035.jpg 1 43 7 35 35
0592_0030_0029_0064_0064.jpg 1 30 29 64 64
0593_0029_0024_0057_0057.jpg 1 29 24 57 57
0594_0025_0005_0064_0064.jpg 1 25 5 64 64
0595_0006_0028_0056_0056.jpg 1 6 28 56 56
0596_0009_0011_0056_0056.jpg 1 9 11 56 56
0597_0035_0020_0033_0033.jpg 1 35 20 33 33
0598_0016_0023_0059_0059.jpg 1 16 23 59 59
0599_0015_0017_0027_0027.jpg 1 15 17 27 27
0600_0022_0013_0026_0026.jpg 1 22 13 26 26
0601_0041_0045_0045_0045.jpg 1 41 45 45 45
0602_0008_0020_0068_0068.jpg 1 8 20 68 68
0603_0024_0018_0061_0061.jpg 1 24 18 61 61
0604_0037_0049_0033_0033.jpg 1 37 49 33 33
0605_0021_0020_0065_0065.jpg 1 21 20 65 65
0606_0023_0005_0061_0061.jpg 1 23 5 61 61
0607_0010_0004_0066_0066.jpg 1 10 4 66 66
0608_0055_0021_0030_0030.jpg 1 55 21 30 30
0609_0040_0052_0037_0037.jpg 1 40 52 37 37
0610_0012_0014_0033_0033.jpg 1 12 14 33 33
0611_0019_0066_0026_0026.jpg 1 19 66 26 26
0612_0031_0032_0053_0053.jpg 1 31 32 53 53
0613_0010_0008_0031_0031.jpg 1 10 8 31 31
0614_0011_0011_0059_0059.jpg 1 11 11 59 59
0615_0006_0023_0050_0050.jpg 1 6 23 50 50
0616_0008_0026_0027_0027.jpg 1 8 26 27 27
0617_0030_0009_0035_0035.jpg 1 30 9 35 35
0618_0014_0024_0031_0031.jpg 1 14 24 31 31
0619_0049_0055_0025_0025.jpg 1 49 55 25 25
0620_0017_0009_0059_0059.jpg 1 17 9 59 59
0621_0024_0028_0054_0054.jpg 1 24 28 54 54
0622_0012_0018_0045_0045.jpg 1 12 18 45 45
0623_0011_0018_0041_0041.jpg 1 11 18 41 41
0624_0047_0036_0044_0044.jpg 1 47 36 44 44
0625_0035_0034_0026_0026.jpg 1 35 34 26 26
0626_0021_0043_0044_0044.jpg 1 21 43 44 44
0627_0027_0022_0055_0055.jpg 1 27 22 55 55
0628_0018_0056_0026_0026.jpg 1 18 56 26 26
0629_0032_0040_0030_0030.jpg 1 32 40 30 30
0630_0017_0013_0037_0037.jpg 1 17 13 37 37
0631_0038_0040_0048_0048.jpg 1 38 40 48 48
0632_0033_0010_0050_0050.jpg 1 33 10 50 50
0633_0012_0029_0051_0051.jpg 1 12 29 51 51
0634_0007_0004_0066_0066.jpg 1 7 4 66 66
0635_0038_0047_0028_0028.jpg 1 38 47 28 28
0636_0048_0051_0029_0029.jpg 1 48 51 29 29
0637_0015_0011_0034_0034.jpg 1 15 11 34 34
0638_0009_0018_0036_0036.jpg 1 9 18 36 36
0639_0007_0027_0069_0069.jpg 1 7 27 69 69
0640_0021_0014_0047_0047.jpg 1 21 14 47 47
0641_0033_0013_0050_0050.jpg 1 33 13 50 50
0642_0036_0011_0040_0040.jpg 1 36 11 40 40
0643_0021_0012_0035_0035.jpg 1 21 12 35 35
0644_0008_0027_0062_0062.jpg 1 8 27 62 62
0645_0017_0025_0067_0067.jpg 1 17 25 67 67
0646_0026_0029_0049_0049.jpg 1 26 29 49 49
0647_0027_0059_0029_0029.jpg 1 27 59 29 29
0648_0026_0042_0047_0047.jpg 1 26 42 47 47
0649_0040_0028_0035_0035.jpg 1 40 28 35 35
0650_0054_0018_0024_0024.jpg 1 54 18 24 24
0651_0036_0037_0054_0054.jpg 1 36 37 54 54
0652_0039_0064_0027_0027.jpg 1 39 64 27 27
0653_0034_0020_0049_0049.jpg 1 34 20 49 49
0654_0020_0034_0038_0038.jpg 1 20 34 38 38
0655_0035_0030_0024_0024.jpg 1 35 30 24 24
0656_0010_0011_0064_0064.jpg 1 10 11 64 64
0657_0018_0028_0030_0030.jpg 1 18 28 30 30
0658_0017_0022_0069_0069.jpg 1 17 22 69 69
0659_0020_0027_0042_0042.jpg 1 20 27 42 42
0660_0026_0035_0041_0041.jpg 1 26 35 41 41
0661_0047_0012_0032_0032.jpg 1 47 12 32 32
0662_0028_0026_0068_0068.jpg 1 28 26 68 68
0663_0025_0022_0058_0058.jpg 1 25 22 58 58
0664_0021_0004_0066_0066.jpg 1 21 4 66 66
0665_0020_0057_0032_0032.jpg 1 20 57 32 32
0666_0030_0011_0054_0054.jpg 1 30 11 54 54
0667_0043_0049_0045_0045.jpg 1 43 49 45 45
0668_0017_0023_0051_0051.jpg 1 17 23 51 51
0669_0018_0012_0031_0031.jpg 1 18 12 31 31
0670_0024_0022_0064_0064.jpg 1 24 22 64 64
0671_0034_0015_0034_0034.jpg 1 34 15 34 34
0672_0051_0046_0033_0033.jpg 1 51 46 33 33
0673_0003_0013_0061_0061.jpg 1 3 13 61 61
0674_0037_0020_0036_0036.jpg 1 37 20 36 36
0675_0029_0028_0055_0055.jpg 1 29 28 55 55
0676_0022_0010_0042_0042.jpg 1 22 10 42 42
0677_0004_0008_0056_0056.jpg 1 4 8 56 56
0678_0024_0035_0044_0044.jpg 1 24 35 44 44
0679_0026_0026_0053_0053.jpg 1 26 26 53 53
0680_0059_0030_0027_0027.jpg 1 59 30 27 27
0681_0012_0031_0053_0053.jpg 1 12 31 53 53
0682_0025_0033_0052_0052.jpg 1 25 33 52 52
0683_0016_0024_0050_0050.jpg 1 16 24 50 50
0684_0027_0011_0055_0055.jpg 1 27 11 55 55
0685_0017_0015_0066_0066.jpg 1 17 15 66 66
0686_0041_0023_0043_0043.jpg 1 41 23 43 43
0687_0014_0031_0056_0056.jpg 1 14 31 56 56
0688_0015_0013_0045_0045.jpg 1 15 13 45 45
0689_0011_0017_0069_0069.jpg 1 11 17 69 69
0690_0010_0006_0048_0048.jpg 1 10 6 48 48
0691_0032_0043_0027_0027.jpg 1 32 43 27 27
0692_0022_0028_0051_0051.jpg 1 22 28 51 51
0693_0041_0035_0032_0032.jpg 1 41 35 32 32
0694_0030_0028_0051_0051.jpg 1 30 28 51 51
0695_0048_0052_0037_0037.jpg 1 48 52 37 37
0696_0017_0055_0036_0036.jpg 1 17 55 36 36
0697_0025_0018_0043_0043.jpg 1 25 18 43 43
0698_0040_0044_0050_0050.jpg 1 40 44 50 50
0699_0024_0021_0036_0036.jpg 1 24 21 36 36
0700_0020_0037_0037_0037.jpg 1 20 37 37 37
0701_0019_0046_0046_0046.jpg 1 19 46 46 46
0702_0042_0016_0045_0045.jpg 1 42 16 45 45
0703_0025_0048_0044_0044.jpg 1 25 48 44 44
0704_0038_0010_0038_0038.jpg 1 38 10 38 38
0705_0023_0025_0024_0024.jpg 1 23 25 24 24
0706_0045_0029_0032_0032.jpg 1 45 29 32 32
0707_0015_0019_0066_0066.jpg 1 15 19 66 66
0708_0019_0006_0052_0052.jpg 1 19 6 52 52
0709_0015_0023_0043_0043.jpg 1 15 23 43 43
0710_0012_0005_0067_0067.jpg 1 12 5 67 67
0711_0005_0013_0064_0064.jpg 1 5 13 64 64
0712_0022_0026_0027_0027.jpg 1 22 26 27 27
0713_0025_0015_0060_0060.jpg 1 25 15 60 60
0714_0025_0029_0033_0033.jpg 1 25 29 33 33
0715_0035_0038_0053_0053.jpg 1 35 38 53 53
0716_0059_0061_0027_0027.jpg 1 59 61 27 27
0717_0061_0033_0025_0025.jpg 1 61 33 25 25
0718_0034_0023_0060_0060.jpg 1 34 23 60 60
0719_0019_0016_0055_0055.jpg 1 19 16 55 55
0720_0024_0027_0034_0034.jpg 1 24 27 34 34
0721_0014_0041_0038_0038.jpg 1 14 41 38 38
0722_0049_0024_0044_0044.jpg 1 49 24 44 44
0723_0035_0037_0058_0058.jpg 1 35 37 58 58
0724_0038_0005_0048_0048.jpg 1 38 5 48 48
0725_0025_0012_0068_0068.jpg 1 25 12 68 68
0726_0055_0012_0032_0032.jpg 1 55 12 32 32
0727_0011_0018_0061_0061.jpg 1 11 18 61 61
0728_0012_0011_0065_0065.jpg 1 12 11 65 65
0729_0016_0034_0043_0043.jpg 1 16 34 43 43
0730_0014_0025_0065_0065.jpg 1 14 25 65 65
0731_0029_0010_0039_0039.jpg 1 29 10 39 39
0732_0027_0010_0041_0041.jpg 1 27 10 41 41
0733_0052_0010_0024_0024.jpg 1 52 10 24 24
0734_0037_0006_0053_0053.jpg 1 37 6 53 53
0735_0012_0024_0058_0058.jpg 1 12 24 58 58
0736_0004_0009_0055_0055.jpg 1 4 9 55 55
0737_0010_0028_0045_0045.jpg 1 10 28 45 45
0738_0017_0006_0050_0050.jpg 1 17 6 50 50
0739_0021_0009_0068_0068.jpg 1 21 9 68 68
0740_0054_0034_0038_0038.jpg 1 54 34 38 38
0741_0037_0017_0025_0025.jpg 1 37 17 25 25
0742_0016_0027_0046_0046.jpg 1 16 27 46 46
0743_0035_0026_0052_0052.jpg 1 35 26 52 52
0744_0049_0055_0027_0027.jpg 1 49 55 27 27
0745_0033_0009_0062_0062.jpg 1 33 9 62 62
0746_0007_0037_0049_0049.jpg 1 7 37 49 49
0747_0017_0033_0032_0032.jpg 1 17 33 32 32
0748_0035_0042_0044_0044.jpg 1 35 42 44 44
0749_0005_0012_0068_0068.jpg 1 5 12 68 68
0750_0018_0011_0064_0064.jpg 1 18 11 64 64
0751_0009_0031_0042_0042.jpg 1 9 31 42 42
0752_0020_0006_0042_0042.jpg 1 20 6 42 42
0753_0023_0021_0056_0056.jpg 1 23 21 56 56
0754_0033_0056_0025_0025.jpg 1 33 56 25 25
0755_0026_0044_0026_0026.jpg 1 26 44 26 26
0756_0010_0017_0061_0061.jpg 1 10 17 61 61
0757_0019_0031_0063_0063.jpg 1 19 31 63 63
0758_0029_0059_0031_0031.jpg 1 29 59 31 31
0759_0037_0008_0025_0025.jpg 1 37 8 25 25
0760_0020_0020_0047_0047.jpg 1 20 20 47 47
0761_0029_0005_0060_0060.jpg 1 29 5 60 60
0762_0009_0006_0049_0049.jpg 1 9 6 49 49
0763_0053_0059_0026_0026.jpg 1 53 59 26 26
0764_0034_0027_0031_0031.jpg 1 34 27 31 31
0765_0041_0049_0045_0045.jpg 1 41 49 45 45
0766_0034_0039_0034_0034.jpg 1 34 39 34 34
0767_0034_0026_0030_0030.jpg 1 34 26 30 30
0768_0017_0027_0048_0048.jpg 1 17 27 48 48
0769_0051_0007_0033_0033.jpg 1 51 7 33 33
0770_0055_0033_0034_0034.jpg 1 55 33 34 34
0771_0035_0027_0057_0057.jpg 1 35 27 57 57
0772_0029_0031_0063_0063.jpg 1 29 31 63 63
0773_0028_0030_0054_0054.jpg 1 28 30 54 54
0774_0049_0030_0028_0028.jpg 1 49 30 28 28
0775_0016_0039_0030_0030.jpg 1 16 39 30 30
0776_0018_0011_0060_0060.jpg 1 18 11 60 60
0777_0022_0018_0053_0053.jpg 1 22 18 53 53
0778_0030_0008_0059_0059.jpg 1 30 8 59 59
0779_0050_0023_0037_0037.jpg 1 50 23 37 37
0780_0038_0008_0052_0052.jpg 1 38 8 52 52
0781_0024_0042_0027_0027.jpg 1 24 42 27 27
0782_0046_0019_0046_0046.jpg 1 46 19 46 46
0783_0020_0008_0047_0047.jpg 1 20 8 47 47
0784_0014_0018_0057_0057.jpg 1 14 18 57 57
0785_0048_0043_0033_0033.jpg 1 48 43 33 33
0786_0025_0033_0055_0055.jpg 1 25 33 55 55
0787_0019_0016_0062_0062.jpg 1 19 16 62 62
0788_0043_0052_0029_0029.jpg 1 43 52 29 29
0789_0007_0022_0055_0055.jpg 1 7 22 55 55
0790_0010_0011_0068_0068.jpg 1 10 11 68 68
0791_0009_0028_0024_0024.jpg 1 9 28 24 24
0792_0017_0027_0038_0038.jpg 1 17 27 38 38
0793_0008_0026_0066_0066.jpg 1 8 26 66 66
0794_0017_0013_0062_0062.jpg 1 17 13 62 62
0795_0012_0041_0050_0050.jpg 1 12 41 50 50
0796_0038_0025_0046_0046.jpg 1 38 25 46 46
0797_0037_0019_0030_0030.jpg 1 37 19 30 30
0798_0027_0051_0031_0031.jpg 1 27 51 31 31
0799_0009_0042_0026_0026.jpg 1 9 42 26 26
0800_0013_0025_0039_0039.jpg 1 13 25 39 39
0801_0007_0026_0065_0065.jpg 1 7 26 65 65
0802_0051_0060_0027_0027.jpg 1 51 60 27 27
0803_0030_0041_0050_0050.jpg 1 30 41 50 50
0804_0024_0028_0062_0062.jpg 1 24 28 62 62
0805_0035_0036_0041_0041.jpg 1 35 36 41 41
0806_0067_0031_0025_0025.jpg 1 67 31 25 25
0807_0031_0058_0028_0028.jpg 1 31 58 28 28
0808_0005_0026_0069_0069.jpg 1 5 26 69 69
0809_0007_0036_0046_0046.jpg 1 7 36 46 46
0810_0026_0017_0065_0065.jpg 1 26 17 65 65
0811_0042_0011_0051_0051.jpg 1 42 11 51 51
0812_0056_0056_0025_0025.jpg 1 56 56 25 25
0813_0009_0012_0039_0039.jpg 1 9 12 39 39
0814_0059_0056_0026_0026.jpg 1 59 56 26 26
0815_0007_0025_0044_0044.jpg 1 7 25 44 44
0816_0022_0008_0060_0060.jpg 1 22 8 60 60
0817_0027_0012_0046_0046.jpg 1 27 12 46 46
0818_0043_0019_0042_0042.jpg 1 43 19 42 42
0819_0035_0020_0056_0056.jpg 1 35 20 56 56
0820_0022_0014_0059_0059.jpg 1 22 14 59 59
0821_0013_0021_0069_0069.jpg 1 13 21 69 69
0822_0012_0006_0069_0069.jpg 1 12 6 69 69
0823_0032_0005_0063_0063.jpg 1 32 5 63 63
0824_0050_0022_0034_0034.jpg 1 50 22 34 34
0825_0037_0004_0055_0055.jpg 1 37 4 55 55
0826_0033_0028_0056_0056.jpg 1 33 28 56 56
0827_0036_0015_0042_0042.jpg 1 36 15 42 42
0828_0005_0028_0065_0065.jpg 1 5 28 65 65
0829_0005_0021_0058_0058.jpg 1 5 21 58 58
0830_0051_0028_0030_0030.jpg 1 51 28 30 30
0831_0014_0011_0064_0064.jpg 1 14 11 64 64
0832_0042_0045_0044_0044.jpg 1 42 45 44 44
0833_0038_0010_0055_0055.jpg 1 38 10 55 55
0834_0032_0037_0033_0033.jpg 1 32 37 33 33
0835_0013_0044_0037_0037.jpg 1 13 44 37 37
0836_0014_0035_0060_0060.jpg 1 14 35 60 60
0837_0044_0025_0039_0039.jpg 1 44 25 39 39
0838_0031_0008_0025_0025.jpg 1 31 8 25 25
0839_0035_0008_0056_0056.jpg 1 35 8 56 56
0840_0005_0008_0059_0059.jpg 1 5 8 59 59
0841_0026_0048_0036_0036.jpg 1 26 48 36 36
0842_0027_0033_0040_0040.jpg 1 27 33 40 40
0843_0050_0041_0038_0038.jpg 1 50 41 38 38
0844_0012_0013_0051_0051.jpg 1 12 13 51 51
0845_0037_0009_0038_0038.jpg 1 37 9 38 38
0846_0037_0042_0050_0050.jpg 1 37 42 50 50
0847_0067_0034_0024_0024.jpg 1 67 34 24 24
0848_0007_0010_0054_0054.jpg 1 7 10 54 54
0849_0051_0031_0032_0032.jpg 1 51 31 32 32
0850_0027_0012_0066_0066.jpg 1 27 12 66 66
0851_0004_0028_0061_0061.jpg 1 4 28 61 61
0852_0036_0008_0049_0049.jpg 1 36 8 49 49
0853_0045_0009_0030_0030.jpg 1 45 9 30 30
0854_0008_0021_0053_0053.jpg 1 8 21 53 53
0855_0016_0021_0039_0039.jpg 1 16 21 39 39
0856_0036_0044_0034_0034.jpg 1 36 44 34 34
0857_0010_0027_0058_0058.jpg 1 10 27 58 58
0858_0021_0035_0055_0055.jpg 1 21 35 55 55
0859_0011_0010_0059_0059.jpg 1 11 10 59 59
0860_0014_0028_0027_0027.jpg 1 14 28 27 27
0861_0012_0031_0063_0063.jpg 1 12 31 63 63
0862_0049_0043_0025_0025.jpg 1 49 43 25 25
0863_0033_0020_0041_0041.jpg 1 33 20 41 41
0864_0011_0012_0028_0028.jpg 1 11 12 28 28
0865_0028_0010_0068_0068.jpg 1 28 10 68 68
0866_0025_0024_0058_0058.jpg 1 25 24 58 58
0867_0050_0050_0026_0026.jpg 1 50 50 26 26
0868_0057_0022_0033_0033.jpg 1 57 22 33 33
0869_0042_0061_0027_0027.jpg 1 42 61 27 27
0870_0047_0030_0041_0041.jpg 1 47 30 41 41
0871_0014_0040_0052_0052.jpg 1 14 40 52 52
0872_0011_0040_0038_0038.jpg 1 11 40 38 38
0873_0029_0022_0055_0055.jpg 1 29 22 55 55
0874_0016_0029_0065_0065.jpg 1 16 29 65 65
0875_0007_0035_0048_0048.jpg 1 7 35 48 48
0876_0040_0016_0037_0037.jpg 1 40 16 37 37
0877_0037_0028_0043_0043.jpg 1 37 28 43 43
0878_0017_0018_0057_0057.jpg 1 17 18 57 57
0879_0035_0036_0027_0027.jpg 1 35 36 27 27
0880_0039_0038_0052_0052.jpg 1 39 38 52 52
0881_0015_0047_0045_0045.jpg 1 15 47 45 45
0882_0029_0015_0025_0025.jpg 1 29 15 25 25
0883_0043_0051_0042_0042.jpg 1 43 51 42 42
0884_0032_0029_0062_0062.jpg 1 32 29 62 62
0885_0016_0025_0035_0035.jpg 1 16 25 35 35
0886_0015_0027_0043_0043.jpg 1 15 27 43 43
0887_0011_0010_0066_0066.jpg 1 11 10 66 66
0888_0035_0033_0045_0045.jpg 1 35 33 45 45
0889_0039_0045_0024_0024.jpg 1 39 45 24 24
0890_0014_0033_0037_0037.jpg 1 14 33 37 37
0891_0034_0026_0034_0034.jpg 1 34 26 34 34
0892_0027_0021_0049_0049.jpg 1 27 21 49 49
0893_0040_0038_0043_0043.jpg 1 40 38 43 43
0894_0049_0061_0030_0030.jpg 1 49 61 30 30
0895_0010_0009_0047_0047.jpg 1 10 9 47 47
0896_0010_0027_0062_0062.jpg 1 10 27 62 62
0897_0012_0030_0056_0056.jpg 1 12 30 56 56
0898_0047_0009_0042_0042.jpg 1 47 9 42 42
0899_0021_0011_0027_0027.jpg 1 21 11 27 27
0900_0033_0025_0033_0033.jpg 1 33 25 33 33
0901_0017_0013_0053_0053.jpg 1 17 13 53 53
0902_0020_0012_0045_0045.jpg 1 20 12 45 45
0903_0020_0014_0057_0057.jpg 1 20 14 57 57
0904_0051_0019_0029_0029.jpg 1 51 19 29 29
0905_0023_0012_0056_0056.jpg 1 23 12 56 56
0906_0025_0028_0027_0027.jpg 1 25 28 27 27
0907_0031_0020_0029_0029.jpg 1 31 20 29 29
0908_0006_0040_0050_0050.jpg 1 6 40 50 50
0909_0046_0025_0044_0044.jpg 1 46 25 44 44
0910_0022_0023_0063_0063.jpg 1 22 23 63 63
0911_0043_0026_0051_0051.jpg 1 43 26 51 51
0912_0008_0008_0037_0037.jpg 1 8 8 37 37
0913_0022_0040_0042_0042.jpg 1 22 40 42 42
0914_0027_0027_0068_0068.jpg 1 27 27 68 68
0915_0023_0027_0032_0032.jpg 1 23 27 32 32
0916_0058_0030_0026_0026.jpg 1 58 30 26 26
0917_0011_0035_0054_0054.jpg 1 11 35 54 54
0918_0005_0026_0065_0065.jpg 1 5 26 65 65
0919_0047_0036_0040_0040.jpg 1 47 36 40 40
0920_0032_0008_0061_0061.jpg 1 32 8 61 61
0921_0006_0022_0063_0063.jpg 1 6 22 63 63
0922_0063_0027_0026_0026.jpg 1 63 27 26 26
0923_0017_0032_0048_0048.jpg 1 17 32 48 48
0924_0034_0012_0054_0054.jpg 1 34 12 54 54
0925_0008_0025_0027_0027.jpg 1 8 25 27 27
0926_0028_0020_0066_0066.jpg 1 28 20 66 66
0927_0018_0017_0043_0043.jpg 1 18 17 43 43
0928_0005_0005_0063_0063.jpg 1 5 5 63 63
0929_0051_0057_0031_0031.jpg 1 51 57 31 31
0930_0024_0014_0056_0056.jpg 1 24 14 56 56
0931_0031_0020_0046_0046.jpg 1 31 20 46 46
0932_0053_0021_0035_0035.jpg 1 53 21 35 35
0933_0040_0037_0037_0037.jpg 1 40 37 37 37
0934_0030_0028_0056_0056.jpg 1 30 28 56 56
0935_0008_0034_0038_0038.jpg 1 8 34 38 38
0936_0012_0036_0033_0033.jpg 1 12 36 33 33
0937_0044_0017_0035_0035.jpg 1 44 17 35 35
0938_0033_0027_0051_0051.jpg 1 33 27 51 51
0939_0034_0021_0058_0058.jpg 1 34 21 58 58
0940_0003_0005_0066_0066.jpg 1 3 5 66 66
0941_0007_0038_0055_0055.jpg 1 7 38 55 55
0942_0034_0011_0054_0054.jpg 1 34 11 54 54
0943_0016_0027_0040_0040.jpg 1 16 27 40 40
0944_0061_0018_0029_0029.jpg 1 61 18 29 29
0945_0040_0032_0036_0036.jpg 1 40 32 36 36
0946_0044_0046_0036_0036.jpg 1 44 46 36 36
0947_0011_0026_0069_0069.jpg 1 11 26 69 69
0948_0005_0008_0048_0048.jpg 1 5 8 48 48
0949_0021_0019_0051_0051.jpg 1 21 19 51 51
0950_0009_0031_0046_0046.jpg 1 9 31 46 46
0951_0030_0037_0041_0041.jpg 1 30 37 41 41
0952_0012_0014_0056_0056.jpg 1 12 14 56 56
0953_0010_0010_0037_0037.jpg 1 10 10 37 37
0954_0050_0006_0040_0040.jpg 1 50 6 40 40
0955_0020_0018_0035_0035.jpg 1 20 18 35 35
0956_0026_0058_0024_0024.jpg 1 26 58 24 24
0957_0018_0051_0037_0037.jpg 1 18 51 37 37
0958_0008_0029_0034_0034.jpg 1 8 29 34 34
0959_0043_0035_0027_0027.jpg 1 43 35 27 27
0960_0009_0025_0064_0064.jpg 1 9 25 64 64
0961_0018_0004_0058_0058.jpg 1 18 4 58 58
0962_0020_0042_0044_0044.jpg 1 20 42 44 44
0963_0061_0051_0027_0027.jpg 1 61 51 27 27
0964_0012_0031_0047_0047.jpg 1 12 31 47 47
0965_0021_0026_0025_0025.jpg 1 21 26 25 25
0966_0012_0012_0069_0069.jpg 1 12 12 69 69
0967_0009_0010_0060_0060.jpg 1 9 10 60 60
0968_0041_0010_0053_0053.jpg 1 41 10 53 53
0969_0012_0004_0067_0067.jpg 1 12 4 67 67
0970_0038_0006_0051_0051.jpg 1 38 6 51 51
0971_0027_0055_0034_0034.jpg 1 27 55 34 34
0972_0055_0030_0029_0029.jpg 1 55 30 29 29
0973_0012_0033_0060_0060.jpg 1 12 33 60 60
0974_0048_0056_0035_0035.jpg 1 48 56 35 35
0975_0028_0040_0045_0045.jpg 1 28 40 45 45
0976_0034_0033_0059_0059.jpg 1 34 33 59 59
0977_0025_0033_0056_0056.jpg 1 25 33 56 56
0978_0010_0009_0030_0030.jpg 1 10 9 30 30
0979_0006_0025_0067_0067.jpg 1 6 25 67 67
0980_0045_0011_0039_0039.jpg 1 45 11 39 39
0981_0021_0013_0044_0044.jpg 1 21 13 44 44
0982_0014_0026_0059_0059.jpg 1 14 26 59 59
0983_0020_0020_0044_0044.jpg 1 20 20 44 44
0984_0020_0013_0062_0062.jpg 1 20 13 62 62
0985_0026_0032_0064_0064.jpg 1 26 32 64 64
0986_0044_0017_0049_0049.jpg 1 44 17 49 49
0987_0005_0040_0054_0054.jpg 1 5 40 54 54
0988_0050_0015_0036_0036.jpg 1 50 15 36 36
0989_0041_0040_0051_0051.jpg 1 41 40 51 51
0990_0044_0043_0033_0033.jpg 1 44 43 33 33
0991_0019_0039_0044_0044.jpg 1 19 39 44 44
0992_0025_0042_0044_0044.jpg 1 25 42 44 44
0993_0036_0018_0048_0048.jpg 1 36 18 48 48
0994_0008_0012_0051_0051.jpg 1 8 12 51 51
0995_0007_0029_0066_0066.jpg 1 7 29 66 66
0996_0051_0045_0029_0029.jpg 1 51 45 29 29
0997_0035_0023_0032_0032.jpg 1 35 23 32 32
0998_0023_0018_0061_0061.jpg 1 23 18 61 61
0999_0032_0053_0034_0034.jpg 1 32 53 34 34
1000_0014_0018_0069_0069.jpg 1 14 18 69 69
1001_0015_0018_0066_0066.jpg 1 15 18 66 66
1002_0009_0015_0053_0053.jpg 1 9 15 53 53
1003_0042_0063_0026_0026.jpg 1 42 63 26 26
1004_0022_0010_0053_0053.jpg 1 22 10 53 53
1005_0042_0013_0040_0040.jpg 1 42 13 40 40
1006_0026_0026_0062_0062.jpg 1 26 26 62 62
1007_0028_0028_0043_0043.jpg 1 28 28 43 43
1008_0022_0037_0038_0038.jpg 1 22 37 38 38
1009_0014_0036_0037_0037.jpg 1 14 36 37 37
1010_0015_0035_0053_0053.jpg 1 15 35 53 53
1011_0038_0017_0026_0026.jpg 1 38 17 26 26
1012_0020_0016_0065_0065.jpg 1 20 16 65 65
1013_0033_0055_0037_0037.jpg 1 33 55 37 37
1014_0029_0019_0065_0065.jpg 1 29 19 65 65
1015_0025_0015_0062_0062.jpg 1 25 15 62 62
1016_0013_0009_0040_0040.jpg 1 13 9 40 40
1017_0014_0013_0068_0068.jpg 1 14 13 68 68
1018_0056_0052_0027_0027.jpg 1 56 52 27 27
1019_0023_0044_0048_0048.jpg 1 23 44 48 48
1020_0049_0042_0043_0043.jpg 1 49 42 43 43
1021_0033_0010_0046_0046.jpg 1 33 10 46 46
1022_0027_0036_0056_0056.jpg 1 27 36 56 56
1023_0029_0027_0053_0053.jpg 1 29 27 53 53
1024_0007_0037_0048_0048.jpg 1 7 37 48 48
1025_0023_0011_0041_0041.jpg 1 23 11 41 41
1026_0050_0045_0043_0043.jpg 1 50 45 43 43
1027_0023_0022_0055_0055.jpg 1 23 22 55 55
1028_0011_0009_0036_0036.jpg 1 11 9 36 36
1029_0039_0024_0054_0054.jpg 1 39 24 54 54
1030_0006_0023_0047_0047.jpg 1 6 23 47 47
1031_0007_0037_0055_0055.jpg 1 7 37 55 55
1032_0009_0061_0026_0026.jpg 1 9 61 26 26
1033_0018_0037_0054_0054.jpg 1 18 37 54 54
1034_0013_0011_0066_0066.jpg 1 13 11 66 66
1035_0011_0031_0060_0060.jpg 1 11 31 60 60
1036_0019_0025_0059_0059.jpg 1 19 25 59 59
1037_0038_0022_0024_0024.jpg 1 38 22 24 24
1038_0030_0063_0025_0025.jpg 1 30 63 25 25
1039_0012_0047_0025_0025.jpg 1 12 47 25 25
1040_0030_0037_0041_0041.jpg 1 30 37 41 41
1041_0018_0015_0049_0049.jpg 1 18 15 49 49
1042_0044_0036_0027_0027.jpg 1 44 36 27 27
1043_0014_0026_0061_0061.jpg 1 14 26 61 61
1044_0036_0026_0059_0059.jpg 1 36 26 59 59
1045_0013_0032_0063_0063.jpg 1 13 32 63 63
1046_0036_0008_0044_0044.jpg 1 36 8 44 44
1047_0054_0063_0026_0026.jpg 1 54 63 26 26
1048_0061_0066_0025_0025.jpg 1 61 66 25 25
1049_0018_0018_0062_0062.jpg 1 18 18 62 62
1050_0020_0015_0051_0051.jpg 1 20 15 51 51
1051_0009_0043_0040_0040.jpg 1 9 43 40 40
1052_0024_0005_0051_0051.jpg 1 24 5 51 51
1053_0029_0022_0062_0062.jpg 1 29 22 62 62
1054_0006_0008_0062_0062.jpg 1 6 8 62 62
1055_0005_0020_0067_0067.jpg 1 5 20 67 67
1056_0008_0018_0064_0064.jpg 1 8 18 64 64
1057_0049_0007_0029_0029.jpg 1 49 7 29 29
1058_0028_0005_0063_0063.jpg 1 28 5 63 63
1059_0031_0030_0059_0059.jpg 1 31 30 59 59
1060_0019_0013_0069_0069.jpg 1 19 13 69 69
1061_0008_0022_0065_0065.jpg 1 8 22 65 65
1062_0033_0028_0060_0060.jpg 1 33 28 60 60
1063_0015_0030_0042_0042.jpg 1 15 30 42 42
1064_0013_0020_0028_0028.jpg 1 13 20 28 28
1065_0029_0010_0060_0060.jpg 1 29 10 60 60
1066_0005_0018_0048_0048.jpg 1 5 18 48 48
1067_0049_0016_0024_0024.jpg 1 49 16 24 24
1068_0012_0011_0027_0027.jpg 1 12 11 27 27
1069_0058_0054_0025_0025.jpg 1 58 54 25 25
1070_0026_0022_0045_0045.jpg 1 26 22 45 45
1071_0015_0037_0047_0047.jpg 1 15 37 47 47
1072_0013_0018_0066_0066.jpg 1 13 18 66 66
1073_0007_0027_0055_0055.jpg 1 7 27 55 55
1074_0041_0031_0045_0045.jpg 1 41 31 45 45
1075_0031_0045_0038_0038.jpg 1 31 45 38 38
1076_0034_0018_0048_0048.jpg 1 34 18 48 48
1077_0018_0014_0052_0052.jpg 1 18 14 52 52
1078_0005_0025_0069_0069.jpg 1 5 25 69 69
1079_0034_0030_0058_0058.jpg 1 34 30 58 58
1080_0035_0005_0061_0061.jpg 1 35 5 61 61
1081_0030_0031_0046_0046.jpg 1 30 31 46 46
1082_0019_0003_0068_0068.jpg 1 19 3 68 68
1083_0037_0027_0039_0039.jpg 1 37 27 39 39
1084_0020_0035_0042_0042.jpg 1 20 35 42 42
1085_0005_0018_0064_0064.jpg 1 5 18 64 64
1086_0019_0020_0057_0057.jpg 1 19 20 57 57
1087_0022_0048_0032_0032.jpg 1 22 48 32 32
1088_0032_0040_0050_0050.jpg 1 32 40 50 50
1089_0038_0029_0046_0046.jpg 1 38 29 46 46
1090_0043_0019_0045_0045.jpg 1 43 19 45 45
1091_0034_0018_0062_0062.jpg 1 34 18 62 62
1092_0007_0013_0060_0060.jpg 1 7 13 60 60
1093_0032_0023_0030_0030.jpg 1 32 23 30 30
1094_0031_0029_0036_0036.jpg 1 31 29 36 36
1095_0024_0009_0065_0065.jpg 1 24 9 65 65
1096_0039_0031_0037_0037.jpg 1 39 31 37 37
1097_0036_0031_0037_0037.jpg 1 36 31 37 37
1098_0040_0048_0035_0035.jpg 1 40 48 35 35
1099_0009_0032_0037_0037.jpg 1 9 32 37 37
1100_0021_0043_0040_0040.jpg 1 21 43 40 40
1101_0030_0046_0032_0032.jpg 1 30 46 32 32
1102_0009_0055_0025_0025.jpg 1 9 55 25 25
1103_0023_0005_0058_0058.jpg 1 23 5 58 58
1104_0030_0007_0043_0043.jpg 1 30 7 43 43
1105_0011_0027_0060_0060.jpg 1 11 27 60 60
1106_0029_0030_0049_0049.jpg 1 29 30 49 49
1107_0009_0038_0037_0037.jpg 1 9 38 37 37
1108_0050_0060_0029_0029.jpg 1 50 60 29 29
1109_0014_0032_0050_0050.jpg 1 14 32 50 50
1110_0032_0018_0063_0063.jpg 1 32 18 63 63
1111_0030_0011_0033_0033.jpg 1 30 11 33 33
1112_0005_0031_0057_0057.jpg 1 5 31 57 57
1113_0004_0005_0064_0064.jpg 1 4 5 64 64
1114_0025_0010_0058_0058.jpg 1 25 10 58 58
1115_0048_0039_0044_0044.jpg 1 48 39 44 44
1116_0007_0005_0058_0058.jpg 1 7 5 58 58
1117_0023_0012_0033_0033.jpg 1 23 12 33 33
1118_0022_0048_0041_0041.jpg 1 22 48 41 41
1119_0019_0061_0027_0027.jpg 1 19 61 27 27
1120_0032_0036_0057_0057.jpg 1 32 36 57 57
1121_0041_0054_0038_0038.jpg 1 41 54 38 38
1122_0017_0029_0039_0039.jpg 1 17 29 39 39
1123_0034_0039_0037_0037.jpg 1 34 39 37 37
1124_0031_0029_0036_0036.jpg 1 31 29 36 36
1125_0047_0008_0025_0025.jpg 1 47 8 25 25
1126_0018_0035_0030_0030.jpg 1 18 35 30 30
1127_0017_0022_0062_0062.jpg 1 17 22 62 62
1128_0010_0010_0063_0063.jpg 1 10 10 63 63
1129_0051_0039_0024_0024.jpg 1 51 39 24 24
1130_0040_0028_0051_0051.jpg 1 40 28 51 51
1131_0022_0033_0054_0054.jpg 1 22 33 54 54
1132_0039_0050_0028_0028.jpg 1 39 50 28 28
1133_0020_0040_0036_0036.jpg 1 20 40 36 36
1134_0019_0012_0039_0039.jpg 1 19 12 39 39
1135_0033_0032_0051_0051.jpg 1 33 32 51 51
1136_0011_0012_0052_0052.jpg 1 11 12 52 52
1137_0018_0012_0061_0061.jpg 1 18 12 61 61
1138_0025_0025_0041_0041.jpg 1 25 25 41 41
1139_0026_0030_0025_0025.jpg 1 26 30 25 25
1140_0024_0007_0028_0028.jpg 1 24 7 28 28
1141_0029_0029_0063_0063.jpg 1 29 29 63 63
1142_0033_0032_0052_0052.jpg 1 33 32 52 52
1143_0064_0046_0028_0028.jpg 1 64 46 28 28
1144_0046_0050_0031_0031.jpg 1 46 50 31 31
1145_0030_0032_0064_0064.jpg 1 30 32 64 64
1146_0015_0036_0055_0055.jpg 1 15 36 55 55
1147_0015_0011_0039_0039.jpg 1 15 11 39 39
1148_0045_0053_0034_0034.jpg 1 45 53 34 34
1149_0009_0019_0066_0066.jpg 1 9 19 66 66
1150_0015_0024_0067_0067.jpg 1 15 24 67 67
1151_0031_0025_0041_0041.jpg 1 31 25 41 41
1152_0047_0045_0032_0032.jpg 1 47 45 32 32
1153_0019_0011_0060_0060.jpg 1 19 11 60 60
1154_0031_0022_0057_0057.jpg 1 31 22 57 57
1155_0035_0027_0037_0037.jpg 1 35 27 37 37
1156_0057_0030_0032_0032.jpg 1 57 30 32 32
1157_0008_0024_0069_0069.jpg 1 8 24 69 69
1158_0010_0027_0052_0052.jpg 1 10 27 52 52
1159_0009_0009_0050_0050.jpg 1 9 9 50 50
1160_0009_0036_0040_0040.jpg 1 9 36 40 40
1161_0012_0022_0051_0051.jpg 1 12 22 51 51
1162_0050_0052_0032_0032.jpg 1 50 52 32 32
1163_0014_0050_0035_0035.jpg 1 14 50 35 35
1164_0038_0057_0028_0028.jpg 1 38 57 28 28
1165_0029_0012_0058_0058.jpg 1 29 12 58 58
1166_0040_0025_0027_0027.jpg 1 40 25 27 27
1167_0009_0019_0063_0063.jpg 1 9 19 63 63
1168_0032_0027_0036_0036.jpg 1 32 27 36 36
1169_0013_0022_0064_0064.jpg 1 13 22 64 64
1170_0010_0012_0029_0029.jpg 1 10 12 29 29
1171_0017_0037_0053_0053.jpg 1 17 37 53 53
1172_0018_0020_0030_0030.jpg 1 18 20 30 30
1173_0018_0023_0059_0059.jpg 1 18 23 59 59
1174_0052_0056_0026_0026.jpg 1 52 56 26 26
1175_0031_0033_0032_0032.jpg 1 31 33 32 32
1176_0046_0059_0025_0025.jpg 1 46 59 25 25
1177_0016_0021_0028_0028.jpg 1 16 21 28 28
1178_0021_0007_0062_0062.jpg 1 21 7 62 62
1179_0032_0029_0064_0064.jpg 1 32 29 64 64
1180_0009_0016_0029_0029.jpg 1 9 16 29 29
1181_0016_0031_0047_0047.jpg 1 16 31 47 47
1182_0046_0016_0044_0044.jpg 1 46 16 44 44
1183_0038_0047_0038_0038.jpg 1 38 47 38 38
1184_0017_0030_0055_0055.jpg 1 17 30 55 55
1185_0008_0010_0056_0056.jpg 1 8 10 56 56
1186_0010_0039_0024_0024.jpg 1 10 39 24 24
1187_0037_0030_0054_0054.jpg 1 37 30 54 54
1188_0018_0005_0058_0058.jpg 1 18 5 58 58
1189_0016_0030_0046_0046.jpg 1 16 30 46 46
1190_0025_0006_0068_0068.jpg 1 25 6 68 68
1191_0018_0037_0052_0052.jpg 1 18 37 52 52
1192_0042_0028_0046_0046.jpg 1 42 28 46 46
1193_0023_0024_0065_0065.jpg 1 23 24 65 65
1194_0052_0026_0031_0031.jpg 1 52 26 31 31
1195_0038_0041_0047_0047.jpg 1 38 41 47 47
1196_0033_0016_0052_0052.jpg 1 33 16 52 52
1197_0029_0019_0059_0059.jpg 1 29 19 59 59
1198_0032_0023_0041_0041.jpg 1 32 23 41 41
1199_0044_0061_0029_0029.jpg 1 44 61 29 29
1200_0036_0051_0041_0041.jpg 1 36 51 41 41
1201_0020_0031_0048_0048.jpg 1 20 31 48 48
1202_0040_0034_0044_0044.jpg 1 40 34 44 44
1203_0025_0009_0053_0053.jpg 1 25 9 53 53
1204_0033_0012_0060_0060.jpg 1 33 12 60 60
1205_0018_0029_0067_0067.jpg 1 18 29 67 67
1206_0047_0021_0036_0036.jpg 1 47 21 36 36
1207_0020_0013_0067_0067.jpg 1 20 13 67 67
1208_0037_0043_0039_0039.jpg 1 37 43 39 39
1209_0048_0050_0029_0029.jpg 1 48 50 29 29
1210_0007_0032_0025_0025.jpg 1 7 32 25 25
1211_0013_0005_0054_0054.jpg 1 13 5 54 54
1212_0039_0016_0045_0045.jpg 1 39 16 45 45
1213_0040_0020_0024_0024.jpg 1 40 20 24 24
1214_0022_0026_0047_0047.jpg 1 22 26 47 47
1215_0030_0034_0041_0041.jpg 1 30 34 41 41
1216_0048_0007_0034_0034.jpg 1 48 7 34 34
1217_0018_0022_0068_0068.jpg 1 18 22 68 68
1218_0042_0031_0052_0052.jpg 1 42 31 52 52
1219_0018_0008_0049_0049.jpg 1 18 8 49 49
1220_0056_0056_0035_0035.jpg 1 56 56 35 35
1221_0036_0048_0033_0033.jpg 1 36 48 33 33
1222_0055_0035_0033_0033.jpg 1 55 35 33 33
1223_0029_0008_0062_0062.jpg 1 29 8 62 62
1224_0022_0015_0030_0030.jpg 1 22 15 30 30
1225_0033_0042_0047_0047.jpg 1 33 42 47 47
1226_0033_0020_0057_0057.jpg 1 33 20 57 57
1227_0007_0044_0049_0049.jpg 1 7 44 49 49
1228_0022_0017_0062_0062.jpg 1 22 17 62 62
1229_0008_0027_0025_0025.jpg 1 8 27 25 25
1230_0017_0019_0066_0066.jpg 1 17 19 66 66
1231_0048_0016_0025_0025.jpg 1 48 16 25 25
1232_0024_0032_0052_0052.jpg 1 24 32 52 52
1233_0043_0018_0045_0045.jpg 1 43 18 45 45
1234_0011_0041_0045_0045.jpg 1 11 41 45 45
1235_0040_0012_0043_0043.jpg 1 40 12 43 43
1236_0019_0016_0067_0067.jpg 1 19 16 67 67
1237_0022_0035_0039_0039.jpg 1 22 35 39 39
1238_0037_0010_0033_0033.jpg 1 37 10 33 33
1239_0046_0008_0031_0031.jpg 1 46 8 31 31
1240_0023_0042_0029_0029.jpg 1 23 42 29 29
1241_0006_0027_0068_0068.jpg 1 6 27 68 68
1242_0029_0024_0046_0046.jpg 1 29 24 46 46
1243_0049_0013_0025_0025.jpg 1 49 13 25 25
1244_0045_0009_0024_0024.jpg 1 45 9 24 24
1245_0006_0018_0060_0060.jpg 1 6 18 60 60
1246_0049_0026_0032_0032.jpg 1 49 26 32 32
1247_0008_0026_0065_0065.jpg 1 8 26 65 65
1248_0009_0009_0027_0027.jpg 1 9 9 27 27
1249_0043_0011_0041_0041.jpg 1 43 11 41 41
1250_0020_0010_0063_0063.jpg 1 20 10 63 63
1251_0040_0040_0053_0053.jpg 1 40 40 53 53
1252_0034_0015_0039_0039.jpg 1 34 15 39 39
1253_0006_0044_0050_0050.jpg 1 6 44 50 50
1254_0014_0020_0055_0055.jpg 1 14 20 55 55
1255_0025_0005_0064_0064.jpg 1 25 5 64 64
1256_0032_0035_0048_0048.jpg 1 32 35 48 48
1257_0032_0032_0063_0063.jpg 1 32 32 63 63
1258_0008_0010_0067_0067.jpg 1 8 10 67 67
1259_0040_0026_0054_0054.jpg 1 40 26 54 54
1260_0038_0013_0045_0045.jpg 1 38 13 45 45
1261_0011_0036_0032_0032.jpg 1 11 36 32 32
1262_0023_0021_0048_0048.jpg 1 23 21 48 48
1263_0026_0004_0061_0061.jpg 1 26 4 61 61
1264_0021_0026_0069_0069.jpg 1 21 26 69 69
1265_0043_0021_0025_0025.jpg 1 43 21 25 25
1266_0021_0043_0049_0049.jpg 1 21 43 49 49
1267_0023_0024_0048_0048.jpg 1 23 24 48 48
1268_0012_0017_0052_0052.jpg 1 12 17 52 52
1269_0011_0010_0054_0054.jpg 1 11 10 54 54
1270_0044_0049_0036_0036.jpg 1 44 49 36 36
1271_0007_0005_0068_0068.jpg 1 7 5 68 68
1272_0040_0025_0053_0053.jpg 1 40 25 53 53
1273_0027_0014_0040_0040.jpg 1 27 14 40 40
1274_0048_0024_0032_0032.jpg 1 48 24 32 32
1275_0029_0023_0042_0042.jpg 1 29 23 42 42
1276_0035_0035_0055_0055.jpg 1 35 35 55 55
1277_0031_0039_0051_0051.jpg 1 31 39 51 51
1278_0030_0022_0049_0049.jpg 1 30 22 49 49
1279_0050_0021_0038_0038.jpg 1 50 21 38 38
1280_0005_0021_0063_0063.jpg 1 5 21 63 63
1281_0006_0010_0036_0036.jpg 1 6 10 36 36
1282_0031_0040_0054_0054.jpg 1 31 40 54 54
1283_0014_0027_0069_0069.jpg 1 14 27 69 69
1284_0030_0044_0044_0044.jpg 1 30 44 44 44
1285_0013_0012_0069_0069.jpg 1 13 12 69 69
1286_0026_0049_0041_0041.jpg 1 26 49 41 41
1287_0005_0028_0064_0064.jpg 1 5 28 64 64
1288_0016_0035_0054_0054.jpg 1 16 35 54 54
1289_0046_0034_0042_0042.jpg 1 46 34 42 42
1290_0011_0009_0067_0067.jpg 1 11 9 67 67
1291_0008_0007_0061_0061.jpg 1 8 7 61 61
1292_0052_0039_0034_0034.jpg 1 52 39 34 34
1293_0009_0013_0068_0068.jpg 1 9 13 68 68
1294_0024_0037_0044_0044.jpg 1 24 37 44 44
1295_0019_0025_0067_0067.jpg 1 19 25 67 67
1296_0028_0021_0052_0052.jpg 1 28 21 52 52
1297_0026_0059_0027_0027.jpg 1 26 59 27 27
1298_0026_0012_0052_0052.jpg 1 26 12 52 52
1299_0021_0014_0031_0031.jpg 1 21 14 31 31
1300_0013_0011_0043_0043.jpg 1 13 11 43 43
1301_0027_0048_0039_0039.jpg 1 27 48 39 39
1302_0045_0011_0038_0038.jpg 1 45 11 38 38
1303_0047_0061_0031_0031.jpg 1 47 61 31 31
1304_0019_0032_0063_0063.jpg 1 19 32 63 63
1305_0015_0039_0044_0044.jpg 1 15 39 44 44
1306_0028_0021_0062_0062.jpg 1 28 21 62 62
1307_0025_0025_0050_0050.jpg 1 25 25 50 50
1308_0043_0020_0027_0027.jpg 1 43 20 27 27
1309_0026_0020_0066_0066.jpg 1 26 20 66 66
1310_0015_0012_0048_0048.jpg 1 15 12 48 48
1311_0043_0010_0027_0027.jpg 1 43 10 27 27
1312_0024_0012_0059_0059.jpg 1 24 12 59 59
1313_0052_0048_0032_0032.jpg 1 52 48 32 32
1314_0032_0029_0056_0056.jpg 1 32 29 56 56
1315_0021_0022_0052_0052.jpg 1 21 22 52 52
1316_0045_0052_0024_0024.jpg 1 45 52 24 24
1317_0024_0053_0029_0029.jpg 1 24 53 29 29
1318_0025_0030_0061_0061.jpg 1 25 30 61 61
1319_0014_0018_0031_0031.jpg 1 14 18 31 31
1320_0026_0017_0050_0050.jpg 1 26 17 50 50
1321_0045_0061_0026_0026.jpg 1 45 61 26 26
1322_0009_0025_0066_0066.jpg 1 9 25 66 66
1323_0011_0012_0045_0045.jpg 1 11 12 45 45
1324_0050_0017_0033_0033.jpg 1 50 17 33 33
1325_0022_0033_0042_0042.jpg 1 22 33 42 42
1326_0016_0019_0068_0068.jpg 1 16 19 68 68
1327_0032_0010_0062_0062.jpg 1 32 10 62 62
1328_0026_0014_0044_0044.jpg 1 26 14 44 44
1329_0021_0014_0054_0054.jpg 1 21 14 54 54
1330_0005_0030_0058_0058.jpg 1 5 30 58 58
1331_0038_0027_0057_0057.jpg 1 38 27 57 57
1332_0015_0020_0039_0039.jpg 1 15 20 39 39
1333_0047_0063_0026_0026.jpg 1 47 63 26 26
1334_0037_0018_0052_0052.jpg 1 37 18 52 52
1335_0024_0026_0060_0060.jpg 1 24 26 60 60
1336_0023_0017_0056_0056.jpg 1 23 17 56 56
1337_0049_0018_0038_0038.jpg 1 49 18 38 38
1338_0039_0021_0028_0028.jpg 1 39 21 28 28
1339_0029_0038_0039_0039.jpg 1 29 38 39 39
1340_0024_0029_0047_0047.jpg 1 24 29 47 47
1341_0019_0021_0067_0067.jpg 1 19 21 67 67
1342_0027_0017_0055_0055.jpg 1 27 17 55 55
1343_0009_0040_0026_0026.jpg 1 9 40 26 26
1344_0038_0015_0054_0054.jpg 1 38 15 54 54
1345_0033_0007_0037_0037.jpg 1 33 7 37 37
1346_0035_0034_0054_0054.jpg 1 35 34 54 54
1347_0024_0010_0024_0024.jpg 1 24 10 24 24
1348_0030_0004_0058_0058.jpg 1 30 4 58 58
1349_0031_0007_0026_0026.jpg 1 31 7 26 26
1350_0048_0009_0044_0044.jpg 1 48 9 44 44
1351_0019_0015_0039_0039.jpg 1 19 15 39 39
1352_0026_0013_0066_0066.jpg 1 26 13 66 66
1353_0038_0043_0046_0046.jpg 1 38 43 46 46
1354_0011_0026_0060_0060.jpg 1 11 26 60 60
1355_0056_0008_0037_0037.jpg 1 56 8 37 37
1356_0010_0018_0068_0068.jpg 1 10 18 68 68
1357_0025_0007_0054_0054.jpg 1 25 7 54 54
1358_0019_0021_0052_0052.jpg 1 19 21 52 52
1359_0029_0043_0039_0039.jpg 1 29 43 39 39
1360_0012_0027_0049_0049.jpg 1 12 27 49 49
1361_0024_0046_0035_0035.jpg 1 24 46 35 35
1362_0036_0036_0042_0042.jpg 1 36 36 42 42
1363_0030_0062_0030_0030.jpg 1 30 62 30 30
1364_0018_0030_0032_0032.jpg 1 18 30 32 32
1365_0028_0038_0053_0053.jpg 1 28 38 53 53
1366_0017_0025_0065_0065.jpg 1 17 25 65 65
1367_0034_0027_0032_0032.jpg 1 34 27 32 32
1368_0036_0039_0045_0045.jpg 1 36 39 45 45
1369_0022_0024_0057_0057.jpg 1 22 24 57 57
1370_0012_0037_0032_0032.jpg 1 12 37 32 32
1371_0017_0012_0068_0068.jpg 1 17 12 68 68
1372_0025_0018_0044_0044.jpg 1 25 18 44 44
1373_0027_0017_0050_0050.jpg 1 27 17 50 50
1374_0030_0026_0054_0054.jpg 1 30 26 54 54
1375_0032_0050_0028_0028.jpg 1 32 50 28 28
1376_0007_0029_0037_0037.jpg 1 7 29 37 37
1377_0023_0044_0027_0027.jpg 1 23 44 27 27
1378_0023_0044_0048_0048.jpg 1 23 44 48 48
1379_0038_0026_0049_0049.jpg 1 38 26 49 49
1380_0038_0008_0055_0055.jpg 1 38 8 55 55
1381_0032_0026_0053_0053.jpg 1 32 26 53 53
1382_0046_0008_0044_0044.jpg 1 46 8 44 44
1383_0017_0018_0039_0039.jpg 1 17 18 39 39
1384_0006_0023_0042_0042.jpg 1 6 23 42 42
1385_0011_0053_0026_0026.jpg 1 11 53 26 26
1386_0031_0005_0060_0060.jpg 1 31 5 60 60
1387_0015_0022_0053_0053.jpg 1 15 22 53 53
1388_0027_0032_0054_0054.jpg 1 27 32 54 54
1389_0024_0005_0056_0056.jpg 1 24 5 56 56
1390_0016_0049_0030_0030.jpg 1 16 49 30 30
1391_0052_0046_0031_0031.jpg 1 52 46 31 31
1392_0038_0019_0029_0029.jpg 1 38 19 29 29
1393_0015_0052_0032_0032.jpg 1 15 52 32 32
1394_0020_0014_0067_0067.jpg 1 20 14 67 67
1395_0025_0016_0054_0054.jpg 1 25 16 54 54
1396_0036_0051_0027_0027.jpg 1 36 51 27 27
1397_0039_0036_0042_0042.jpg 1 39 36 42 42
1398_0037_0037_0055_0055.jpg 1 37 37 55 55
1399_0020_0005_0060_0060.jpg 1 20 5 60 60
1400_0010_0023_0069_0069.jpg 1 10 23 69 69
1401_0024_0019_0032_0032.jpg 1 24 19 32 32
1402_0038_0013_0042_0042.jpg 1 38 13 42 42
1403_0060_0051_0025_0025.jpg 1 60 51 25 25
1404_0019_0010_0046_0046.jpg 1 19 10 46 46
1405_0048_0042_0031_0031.jpg 1 48 42 31 31
1406_0043_0046_0040_0040.jpg 1 43 46 40 40
1407_0009_0005_0067_0067.jpg 1 9 5 67 67
1408_0021_0013_0050_0050.jpg 1 21 13 50 50
1409_0017_0023_0032_0032.jpg 1 17 23 32 32
1410_0036_0016_0049_0049.jpg 1 36 16 49 49
1411_0027_0007_0068_0068.jpg 1 27 7 68 68
1412_0033_0018_0062_0062.jpg 1 33 18 62 62
1413_0008_0015_0066_0066.jpg 1 8 15 66 66
1414_0027_0050_0027_0027.jpg 1 27 50 27 27
1415_0017_0018_0063_0063.jpg 1 17 18 63 63
1416_0029_0023_0050_0050.jpg 1 29 23 50 50
1417_0008_0026_0064_0064.jpg 1 8 26 64 64
1418_0039_0025_0048_0048.jpg 1 39 25 48 48
1419_0007_0013_0056_0056.jpg 1 7 13 56 56
1420_0026_0029_0066_0066.jpg 1 26 29 66 66
1421_0030_0007_0043_0043.jpg 1 30 7 43 43
1422_0018_0021_0034_0034.jpg 1 18 21 34 34
1423_0015_0022_0046_0046.jpg 1 15 22 46 46
1424_0048_0010_0037_0037.jpg 1 48 10 37 37
1425_0043_0047_0033_0033.jpg 1 43 47 33 33
1426_0024_0030_0063_0063.jpg 1 24 30 63 63
1427_0043_0043_0026_0026.jpg 1 43 43 26 26
1428_0017_0024_0066_0066.jpg 1 17 24 66 66
1429_0032_0038_0037_0037.jpg 1 32 38 37 37
1430_0035_0034_0055_0055.jpg 1 35 34 55 55
1431_0010_0031_0064_0064.jpg 1 10 31 64 64
1432_0044_0012_0031_0031.jpg 1 44 12 31 31
1433_0033_0038_0053_0053.jpg 1 33 38 53 53
1434_0018_0020_0041_0041.jpg 1 18 20 41 41
1435_0020_0049_0030_0030.jpg 1 20 49 30 30
1436_0037_0041_0030_0030.jpg 1 37 41 30 30
1437_0016_0025_0034_0034.jpg 1 16 25 34 34
1438_0060_0034_0028_0028.jpg 1 60 34 28 28
1439_0020_0049_0033_0033.jpg 1 20 49 33 33
1440_0042_0051_0039_0039.jpg 1 42 51 39 39
1441_0026_0005_0060_0060.jpg 1 26 5 60 60
1442_0048_0034_0037_0037.jpg 1 48 34 37 37
1443_0019_0021_0035_0035.jpg 1 19 21 35 35
1444_0023_0015_0063_0063.jpg 1 23 15 63 63
1445_0032_0005_0048_0048.jpg 1 32 5 48 48
1446_0031_0049_0040_0040.jpg 1 31 49 40 40
1447_0013_0049_0043_0043.jpg 1 13 49 43 43
1448_0026_0029_0048_0048.jpg 1 26 29 48 48
1449_0011_0023_0069_0069.jpg 1 11 23 69 69
1450_0062_0007_0026_0026.jpg 1 62 7 26 26
1451_0031_0037_0057_0057.jpg 1 31 37 57 57
1452_0045_0034_0042_0042.jpg 1 45 34 42 42
1453_0054_0025_0034_0034.jpg 1 54 25 34 34
1454_0007_0024_0037_0037.jpg 1 7 24 37 37
1455_0005_0009_0067_0067.jpg 1 5 9 67 67
1456_0013_0003_0064_0064.jpg 1 13 3 64 64
1457_0034_0025_0051_0051.jpg 1 34 25 51 51
1458_0054_0041_0038_0038.jpg 1 54 41 38 38
1459_0047_0023_0039_0039.jpg 1 47 23 39 39
1460_0040_0046_0040_0040.jpg 1 40 46 40 40
1461_0013_0029_0057_0057.jpg 1 13 29 57 57
1462_0009_0030_0064_0064.jpg 1 9 30 64 64
1463_0031_0049_0026_0026.jpg 1 31 49 26 26
1464_0033_0042_0041_0041.jpg 1 33 42 41 41
1465_0043_0044_0043_0043.jpg 1 43 44 43 43
1466_0016_0024_0064_0064.jpg 1 16 24 64 64
1467_0022_0013_0057_0057.jpg 1 22 13 57 57
1468_0015_0006_0063_0063.jpg 1 15 6 63 63
1469_0011_0013_0052_0052.jpg 1 11 13 52 52
1470_0026_0041_0033_0033.jpg 1 26 41 33 33
1471_0045_0036_0025_0025.jpg 1 45 36 25 25
1472_0033_0018_0052_0052.jpg 1 33 18 52 52
1473_0008_0018_0041_0041.jpg 1 8 18 41 41
1474_0012_0008_0061_0061.jpg 1 12 8 61 61
1475_0009_0019_0062_0062.jpg 1 9 19 62 62
1476_0022_0045_0040_0040.jpg 1 22 45 40 40
1477_0018_0021_0066_0066.jpg 1 18 21 66 66
1478_0033_0027_0057_0057.jpg 1 33 27 57 57
1479_0010_0023_0042_0042.jpg 1 10 23 42 42
1480_0008_0022_0066_0066.jpg 1 8 22 66 66
1481_0031_0024_0045_0045.jpg 1 31 24 45 45
1482_0007_0038_0031_0031.jpg 1 7 38 31 31
1483_0022_0039_0034_0034.jpg 1 22 39 34 34
1484_0032_0017_0029_0029.jpg 1 32 17 29 29
1485_0031_0016_0062_0062.jpg 1 31 16 62 62
1486_0012_0037_0048_0048.jpg 1 12 37 48 48
1487_0026_0034_0059_0059.jpg 1 26 34 59 59
1488_0013_0028_0054_0054.jpg 1 13 28 54 54
1489_0024_0004_0067_0067.jpg 1 24 4 67 67
1490_0064_0054_0027_0027.jpg 1 64 54 27 27
1491_0032_0025_0048_0048.jpg 1 32 25 48 48
1492_0045_0013_0031_0031.jpg 1 45 13 31 31
1493_0038_0030_0032_0032.jpg 1 38 30 32 32
1494_0047_0057_0033_0033.jpg 1 47 57 33 33
1495_0011_0029_0036_0036.jpg 1 11 29 36 36
1496_0043_0027_0032_0032.jpg 1 43 27 32 32
1497_0041_0009_0054_0054.jpg 1 41 9 54 54
1498_0055_0036_0025_0025.jpg 1 55 36 25 25
1499_0026_0008_0064_0064.jpg 1 26 8 64 64
1500_0046_0035_0038_0038.jpg 1 46 35 38 38
1501_0014_0040_0049_0049.jpg 1 14 40 49 49
1502_0052_0031_0024_0024.jpg 1 52 31 24 24
1503_0024_0040_0047_0047.jpg 1 24 40 47 47
1504_0015_0008_0064_0064.jpg 1 15 8 64 64
1505_0065_0058_0025_0025.jpg 1 65 58 25 25
1506_0032_0059_0029_0029.jpg 1 32 59 29 29
1507_0030_0026_0050_0050.jpg 1 30 26 50 50
1508_0036_0041_0030_0030.jpg 1 36 41 30 30
1509_0033_0013_0051_0051.jpg 1 33 13 51 51
1510_0040_0018_0050_0050.jpg 1 40 18 50 50
1511_0048_0020_0030_0030.jpg 1 48 20 30 30
1512_0039_0030_0056_0056.jpg 1 39 30 56 56
1513_0021_0050_0034_0034.jpg 1 21 50 34 34
1514_0036_0017_0026_0026.jpg 1 36 17 26 26
1515_0015_0040_0046_0046.jpg 1 15 40 46 46
1516_0056_0061_0025_0025.jpg 1 56 61 25 25
1517_0024_0017_0053_0053.jpg 1 24 17 53 53
1518_0021_0008_0057_0057.jpg 1 21 8 57 57
1519_0030_0017_0055_0055.jpg 1 30 17 55 55
1520_0005_0011_0054_0054.jpg 1 5 11 54 54
1521_0017_0028_0044_0044.jpg 1 17 28 44 44
1522_0042_0048_0027_0027.jpg 1 42 48 27 27
1523_0028_0029_0050_0050.jpg 1 28 29 50 50
1524_0029_0061_0028_0028.jpg 1 29 61 28 28
1525_0021_0023_0047_0047.jpg 1 21 23 47 47
1526_0025_0018_0033_0033.jpg 1 25 18 33 33
1527_0035_0011_0052_0052.jpg 1 35 11 52 52
1528_0032_0036_0059_0059.jpg 1 32 36 59 59
1529_0046_0019_0025_0025.jpg 1 46 19 25 25
1530_0014_0040_0047_0047.jpg 1 14 40 47 47
1531_0055_0015_0036_0036.jpg 1 55 15 36 36
1532_0026_0013_0047_0047.jpg 1 26 13 47 47
1533_0014_0049_0033_0033.jpg 1 14 49 33 33
1534_0011_0052_0041_0041.jpg 1 11 52 41 41
1535_0031_0045_0048_0048.jpg 1 31 45 48 48
1536_0029_0036_0026_0026.jpg 1 29 36 26 26
1537_0016_0039_0034_0034.jpg 1 16 39 34 34
1538_0024_0017_0033_0033.jpg 1 24 17 33 33
1539_0016_0035_0046_0046.jpg 1 16 35 46 46
1540_0022_0027_0031_0031.jpg 1 22 27 31 31
1541_0012_0030_0056_0056.jpg 1 12 30 56 56
1542_0019_0041_0043_0043.jpg 1 19 41 43 43
1543_0028_0037_0053_0053.jpg 1 28 37 53 53
1544_0049_0024_0044_0044.jpg 1 49 24 44 44
1545_0021_0030_0043_0043.jpg 1 21 30 43 43
1546_0012_0024_0037_0037.jpg 1 12 24 37 37
1547_0012_0057_0032_0032.jpg 1 12 57 32 32
1548_0014_0036_0034_0034.jpg 1 14 36 34 34
1549_0045_0032_0037_0037.jpg 1 45 32 37 37
1550_0012_0012_0069_0069.jpg 1 12 12 69 69
1551_0009_0020_0058_0058.jpg 1 9 20 58 58
1552_0035_0012_0045_0045.jpg 1 35 12 45 45
1553_0033_0027_0062_0062.jpg 1 33 27 62 62
1554_0004_0030_0063_0063.jpg 1 4 30 63 63
1555_0005_0009_0055_0055.jpg 1 5 9 55 55
1556_0024_0064_0025_0025.jpg 1 24 64 25 25
1557_0026_0026_0027_0027.jpg 1 26 26 27 27
1558_0022_0019_0058_0058.jpg 1 22 19 58 58
1559_0006_0005_0058_0058.jpg 1 6 5 58 58
1560_0016_0005_0065_0065.jpg 1 16 5 65 65
1561_0018_0038_0031_0031.jpg 1 18 38 31 31
1562_0016_0008_0029_0029.jpg 1 16 8 29 29
1563_0030_0024_0036_0036.jpg 1 30 24 36 36
1564_0044_0029_0024_0024.jpg 1 44 29 24 24
1565_0045_0020_0030_0030.jpg 1 45 20 30 30
1566_0010_0039_0047_0047.jpg 1 10 39 47 47
1567_0013_0025_0066_0066.jpg 1 13 25 66 66
1568_0018_0019_0046_0046.jpg 1 18 19 46 46
1569_0048_0010_0028_0028.jpg 1 48 10 28 28
1570_0043_0044_0040_0040.jpg 1 43 44 40 40
1571_0036_0014_0058_0058.jpg 1 36 14 58 58
1572_0012_0019_0064_0064.jpg 1 12 19 64 64
1573_0011_0038_0047_0047.jpg 1 11 38 47 47
1574_0007_0030_0046_0046.jpg 1 7 30 46 46
1575_0048_0023_0027_0027.jpg 1 48 23 27 27
1576_0023_0018_0047_0047.jpg 1 23 18 47 47
1577_0045_0044_0049_0049.jpg 1 45 44 49 49
1578_0016_0036_0037_0037.jpg 1 16 36 37 37
1579_0009_0011_0067_0067.jpg 1 9 11 67 67
1580_0050_0048_0035_0035.jpg 1 50 48 35 35
1581_0030_0041_0050_0050.jpg 1 30 41 50 50
1582_0033_0007_0054_0054.jpg 1 33 7 54 54
1583_0010_0060_0028_0028.jpg 1 10 60 28 28
1584_0020_0026_0066_0066.jpg 1 20 26 66 66
1585_0010_0030_0040_0040.jpg 1 10 30 40 40
1586_0027_0012_0069_0069.jpg 1 27 12 69 69
1587_0005_0025_0057_0057.jpg 1 5 25 57 57
1588_0018_0016_0039_0039.jpg 1 18 16 39 39
1589_0022_0019_0048_0048.jpg 1 22 19 48 48
1590_0029_0054_0037_0037.jpg 1 29 54 37 37
1591_0008_0012_0043_0043.jpg 1 8 12 43 43
1592_0047_0053_0027_0027.jpg 1 47 53 27 27
1593_0005_0005_0061_0061.jpg 1 5 5 61 61
1594_0026_0006_0059_0059.jpg 1 26 6 59 59
1595_0045_0039_0045_0045.jpg 1 45 39 45 45
1596_0014_0014_0045_0045.jpg 1 14 14 45 45
1597_0032_0011_0031_0031.jpg 1 32 11 31 31
1598_0015_0031_0029_0029.jpg 1 15 31 29 29
1599_0021_0043_0045_0045.jpg 1 21 43 45 45
1600_0026_0021_0041_0041.jpg 1 26 21 41 41
1601_0030_0016_0049_0049.jpg 1 30 16 49 49
1602_0042_0035_0052_0052.jpg 1 42 35 52 52
1603_0006_0006_0069_0069.jpg 1 6 6 69 69
1604_0033_0013_0060_0060.jpg 1 33 13 60 60
1605_0012_0004_0054_0054.jpg 1 12 4 54 54
1606_0047_0008_0047_0047.jpg 1 47 8 47 47
1607_0013_0039_0056_0056.jpg 1 13 39 56 56
1608_0068_0037_0024_0024.jpg 1 68 37 24 24
1609_0036_0028_0033_0033.jpg 1 36 28 33 33
1610_0041_0023_0027_0027.jpg 1 41 23 27 27
1611_0030_0016_0060_0060.jpg 1 30 16 60 60
1612_0008_0011_0065_0065.jpg 1 8 11 65 65
1613_0009_0029_0052_0052.jpg 1 9 29 52 52
1614_0026_0012_0065_0065.jpg 1 26 12 65 65
1615_0015_0047_0047_0047.jpg 1 15 47 47 47
1616_0012_0050_0029_0029.jpg 1 12 50 29 29
1617_0034_0014_0044_0044.jpg 1 34 14 44 44
1618_0032_0028_0058_0058.jpg 1 32 28 58 58
1619_0028_0038_0044_0044.jpg 1 28 38 44 44
1620_0010_0033_0047_0047.jpg 1 10 33 47 47
1621_0043_0025_0048_0048.jpg 1 43 25 48 48
1622_0019_0008_0053_0053.jpg 1 19 8 53 53
1623_0012_0029_0041_0041.jpg 1 12 29 41 41
1624_0036_0030_0043_0043.jpg 1 36 30 43 43
1625_0037_0024_0025_0025.jpg 1 37 24 25 25
1626_0050_0048_0037_0037.jpg 1 50 48 37 37
1627_0025_0027_0044_0044.jpg 1 25 27 44 44
1628_0033_0034_0030_0030.jpg 1 33 34 30 30
1629_0022_0032_0057_0057.jpg 1 22 32 57 57
1630_0020_0021_0066_0066.jpg 1 20 21 66 66
1631_0028_0042_0033_0033.jpg 1 28 42 33 33
1632_0003_0017_0066_0066.jpg 1 3 17 66 66
1633_0010_0018_0028_0028.jpg 1 10 18 28 28
1634_0018_0034_0030_0030.jpg 1 18 34 30 30
1635_0023_0010_0056_0056.jpg 1 23 10 56 56
1636_0044_0021_0044_0044.jpg 1 44 21 44 44
1637_0009_0014_0063_0063.jpg 1 9 14 63 63
1638_0042_0009_0038_0038.jpg 1 42 9 38 38
1639_0005_0016_0065_0065.jpg 1 5 16 65 65
1640_0032_0029_0024_0024.jpg 1 32 29 24 24
1641_0048_0048_0046_0046.jpg 1 48 48 46 46
1642_0028_0029_0059_0059.jpg 1 28 29 59 59
1643_0021_0041_0041_0041.jpg 1 21 41 41 41
1644_0030_0040_0054_0054.jpg 1 30 40 54 54
1645_0054_0036_0035_0035.jpg 1 54 36 35 35
1646_0059_0035_0031_0031.jpg 1 59 35 31 31
1647_0058_0010_0035_0035.jpg 1 58 10 35 35
1648_0013_0019_0069_0069.jpg 1 13 19 69 69
1649_0015_0014_0049_0049.jpg 1 15 14 49 49
1650_0010_0003_0063_0063.jpg 1 10 3 63 63
1651_0023_0032_0041_0041.jpg 1 23 32 41 41
1652_0013_0009_0055_0055.jpg 1 13 9 55 55
1653_0012_0048_0027_0027.jpg 1 12 48 27 27
1654_0021_0032_0049_0049.jpg 1 21 32 49 49
1655_0021_0013_0048_0048.jpg 1 21 13 48 48
1656_0017_0015_0068_0068.jpg 1 17 15 68 68
1657_0067_0035_0024_0024.jpg 1 67 35 24 24
1658_0046_0009_0039_0039.jpg 1 46 9 39 39
1659_0007_0026_0052_0052.jpg 1 7 26 52 52
1660_0016_0024_0069_0069.jpg 1 16 24 69 69
1661_0011_0042_0029_0029.jpg 1 11 42 29 29
1662_0036_0009_0057_0057.jpg 1 36 9 57 57
1663_0010_0007_0068_0068.jpg 1 10 7 68 68
1664_0013_0019_0064_0064.jpg 1 13 19 64 64
1665_0034_0027_0062_0062.jpg 1 34 27 62 62
1666_0012_0007_0061_0061.jpg 1 12 7 61 61
1667_0015_0033_0025_0025.jpg 1 15 33 25 25
1668_0007_0028_0049_0049.jpg 1 7 28 49 49
1669_0017_0024_0026_0026.jpg 1 17 24 26 26
1670_0032_0008_0060_0060.jpg 1 32 8 60 60
1671_0015_0014_0066_0066.jpg 1 15 14 66 66
1672_0025_0055_0027_0027.jpg 1 25 55 27 27
1673_0028_0010_0060_0060.jpg 1 28 10 60 60
1674_0026_0054_0027_0027.jpg 1 26 54 27 27
1675_0042_0011_0051_0051.jpg 1 42 11 51 51
1676_0004_0011_0069_0069.jpg 1 4 11 69 69
1677_0014_0035_0051_0051.jpg 1 14 35 51 51
1678_0022_0005_0063_0063.jpg 1 22 5 63 63
1679_0016_0061_0024_0024.jpg 1 16 61 24 24
1680_0010_0048_0039_0039.jpg 1 10 48 39 39
1681_0062_0040_0030_0030.jpg 1 62 40 30 30
1682_0022_0023_0052_0052.jpg 1 22 23 52 52
1683_0009_0046_0038_0038.jpg 1 9 46 38 38
1684_0060_0066_0024_0024.jpg 1 60 66 24 24
1685_0022_0028_0064_0064.jpg 1 22 28 64 64
1686_0040_0039_0055_0055.jpg 1 40 39 55 55
1687_0048_0014_0039_0039.jpg 1 48 14 39 39
1688_0014_0027_0045_0045.jpg 1 14 27 45 45
1689_0016_0025_0045_0045.jpg 1 16 25 45 45
1690_0043_0021_0052_0052.jpg 1 43 21 52 52
1691_0022_0012_0052_0052.jpg 1 22 12 52 52
1692_0004_0022_0051_0051.jpg 1 4 22 51 51
1693_0055_0059_0030_0030.jpg 1 55 59 30 30
1694_0008_0006_0068_0068.jpg 1 8 6 68 68
1695_0032_0030_0030_0030.jpg 1 32 30 30 30
1696_0014_0025_0067_0067.jpg 1 14 25 67 67
1697_0012_0041_0027_0027.jpg 1 12 41 27 27
1698_0008_0009_0050_0050.jpg 1 8 9 50 50
1699_0031_0031_0037_0037.jpg 1 31 31 37 37
1700_0028_0013_0067_0067.jpg 1 28 13 67 67
1701_0021_0012_0049_0049.jpg 1 21 12 49 49
1702_0024_0038_0038_0038.jpg 1 24 38 38 38
1703_0026_0006_0067_0067.jpg 1 26 6 67 67
1704_0045_0033_0036_0036.jpg 1 45 33 36 36
1705_0029_0010_0034_0034.jpg 1 29 10 34 34
1706_0051_0037_0034_0034.jpg 1 51 37 34 34
1707_0014_0024_0065_0065.jpg 1 14 24 65 65
1708_0030_0048_0037_0037.jpg 1 30 48 37 37
1709_0031_0017_0062_0062.jpg 1 31 17 62 62
1710_0017_0025_0064_0064.jpg 1 17 25 64 64
1711_0049_0035_0038_0038.jpg 1 49 35 38 38
1712_0053_0044_0024_0024.jpg 1 53 44 24 24
1713_0007_0015_0064_0064.jpg 1 7 15 64 64
1714_0055_0042_0030_0030.jpg 1 55 42 30 30
1715_0041_0040_0034_0034.jpg 1 41 40 34 34
1716_0015_0029_0042_0042.jpg 1 15 29 42 42
1717_0018_0021_0069_0069.jpg 1 18 21 69 69
1718_0012_0014_0040_0040.jpg 1 12 14 40 40
1719_0026_0028_0062_0062.jpg 1 26 28 62 62
1720_0037_0038_0046_0046.jpg 1 37 38 46 46
1721_0030_0031_0062_0062.jpg 1 30 31 62 62
1722_0039_0031_0051_0051.jpg 1 39 31 51 51
1723_0046_0037_0032_0032.jpg 1 46 37 32 32
1724_0044_0037_0046_0046.jpg 1 44 37 46 46
1725_0007_0027_0069_0069.jpg 1 7 27 69 69
1726_0016_0036_0051_0051.jpg 1 16 36 51 51
1727_0036_0007_0042_0042.jpg 1 36 7 42 42
1728_0047_0021_0042_0042.jpg 1 47 21 42 42
1729_0013_0019_0050_0050.jpg 1 13 19 50 50
1730_0037_0027_0044_0044.jpg 1 37 27 44 44
1731_0007_0010_0064_0064.jpg 1 7 10 64 64
1732_0031_0024_0060_0060.jpg 1 31 24 60 60
1733_0029_0015_0056_0056.jpg 1 29 15 56 56
1734_0017_0036_0035_0035.jpg 1 17 36 35 35
1735_0033_0031_0044_0044.jpg 1 33 31 44 44
1736_0052_0024_0032_0032.jpg 1 52 24 32 32
1737_0023_0011_0062_0062.jpg 1 23 11 62 62
1738_0023_0028_0059_0059.jpg 1 23 28 59 59
1739_0009_0004_0062_0062.jpg 1 9 4 62 62
1740_0048_0019_0031_0031.jpg 1 48 19 31 31
1741_0011_0011_0069_0069.jpg 1 11 11 69 69
1742_0023_0047_0046_0046.jpg 1 23 47 46 46
1743_0016_0010_0057_0057.jpg 1 16 10 57 57
1744_0037_0025_0051_0051.jpg 1 37 25 51 51
1745_0028_0017_0043_0043.jpg 1 28 17 43 43
1746_0037_0005_0056_0056.jpg 1 37 5 56 56
1747_0036_0024_0054_0054.jpg 1 36 24 54 54
1748_0019_0015_0056_0056.jpg 1 19 15 56 56
1749_0031_0063_0028_0028.jpg 1 31 63 28 28
1750_0025_0033_0053_0053.jpg 1 25 33 53 53
1751_0030_0006_0065_0065.jpg 1 30 6 65 65
1752_0025_0006_0062_0062.jpg 1 25 6 62 62
1753_0009_0012_0052_0052.jpg 1 9 12 52 52
1754_0049_0013_0025_0025.jpg 1 49 13 25 25
1755_0018_0022_0040_0040.jpg 1 18 22 40 40
1756_0032_0022_0035_0035.jpg 1 32 22 35 35
1757_0015_0028_0064_0064.jpg 1 15 28 64 64
1758_0039_0015_0046_0046.jpg 1 39 15 46 46
1759_0008_0022_0049_0049.jpg 1 8 22 49 49
1760_0007_0046_0048_0048.jpg 1 7 46 48 48
1761_0050_0041_0030_0030.jpg 1 50 41 30 30
1762_0053_0040_0032_0032.jpg 1 53 40 32 32
1763_0028_0020_0065_0065.jpg 1 28 20 65 65
1764_0012_0009_0026_0026.jpg 1 12 9 26 26
1765_0030_0017_0065_0065.jpg 1 30 17 65 65
1766_0022_0022_0068_0068.jpg 1 22 22 68 68
1767_0015_0024_0042_0042.jpg 1 15 24 42 42
1768_0008_0042_0052_0052.jpg 1 8 42 52 52
1769_0006_0031_0041_0041.jpg 1 6 31 41 41
1770_0007_0041_0039_0039.jpg 1 7 41 39 39
1771_0044_0025_0044_0044.jpg 1 44 25 44 44
1772_0028_0013_0046_0046.jpg 1 28 13 46 46
1773_0028_0041_0043_0043.jpg 1 28 41 43 43
1774_0046_0014_0048_0048.jpg 1 46 14 48 48
1775_0024_0035_0060_0060.jpg 1 24 35 60 60
1776_0050_0027_0034_0034.jpg 1 50 27 34 34
1777_0039_0022_0039_0039.jpg 1 39 22 39 39
1778_0030_0027_0064_0064.jpg 1 30 27 64 64
1779_0014_0018_0053_0053.jpg 1 14 18 53 53
1780_0012_0021_0062_0062.jpg 1 12 21 62 62
1781_0048_0057_0030_0030.jpg 1 48 57 30 30
1782_0010_0027_0051_0051.jpg 1 10 27 51 51
1783_0027_0005_0064_0064.jpg 1 27 5 64 64
1784_0020_0028_0061_0061.jpg 1 20 28 61 61
1785_0038_0023_0042_0042.jpg 1 38 23 42 42
1786_0048_0056_0033_0033.jpg 1 48 56 33 33
1787_0047_0047_0041_0041.jpg 1 47 47 41 41
1788_0006_0018_0053_0053.jpg 1 6 18 53 53
1789_0025_0028_0056_0056.jpg 1 25 28 56 56
1790_0017_0009_0064_0064.jpg 1 17 9 64 64
1791_0007_0028_0027_0027.jpg 1 7 28 27 27
1792_0052_0056_0024_0024.jpg 1 52 56 24 24
1793_0008_0022_0065_0065.jpg 1 8 22 65 65
1794_0024_0010_0029_0029.jpg 1 24 10 29 29
1795_0011_0025_0065_0065.jpg 1 11 25 65 65
1796_0057_0030_0035_0035.jpg 1 57 30 35 35
1797_0017_0015_0049_0049.jpg 1 17 15 49 49
1798_0008_0023_0065_0065.jpg 1 8 23 65 65
1799_0023_0016_0065_0065.jpg 1 23 16 65 65
1800_0015_0024_0057_0057.jpg 1 15 24 57 57
1801_0008_0038_0031_0031.jpg 1 8 38 31 31
1802_0006_0037_0055_0055.jpg 1 6 37 55 55
1803_0019_0053_0035_0035.jpg 1 19 53 35 35
1804_0032_0036_0040_0040.jpg 1 32 36 40 40
1805_0030_0009_0038_0038.jpg 1 30 9 38 38
1806_0035_0022_0043_0043.jpg 1 35 22 43 43
1807_0045_0052_0041_0041.jpg 1 45 52 41 41
1808_0020_0032_0060_0060.jpg 1 20 32 60 60
1809_0043_0016_0047_0047.jpg 1 43 16 47 47
1810_0018_0011_0044_0044.jpg 1 18 11 44 44
1811_0003_0022_0069_0069.jpg 1 3 22 69 69
1812_0041_0008_0038_0038.jpg 1 41 8 38 38
1813_0011_0011_0068_0068.jpg 1 11 11 68 68
1814_0014_0033_0054_0054.jpg 1 14 33 54 54
1815_0033_0033_0043_0043.jpg 1 33 33 43 43
1816_0020_0031_0041_0041.jpg 1 20 31 41 41
1817_0032_0054_0029_0029.jpg 1 32 54 29 29
1818_0045_0009_0041_0041.jpg 1 45 9 41 41
1819_0027_0045_0042_0042.jpg 1 27 45 42 42
1820_0013_0021_0049_0049.jpg 1 13 21 49 49
1821_0003_0018_0069_0069.jpg 1 3 18 69 69
1822_0028_0040_0029_0029.jpg 1 28 40 29 29
1823_0022_0026_0056_0056.jpg 1 22 26 56 56
1824_0005_0030_0049_0049.jpg 1 5 30 49 49
1825_0044_0016_0032_0032.jpg 1 44 16 32 32
1826_0054_0015_0034_0034.jpg 1 54 15 34 34
1827_0023_0012_0052_0052.jpg 1 23 12 52 52
1828_0023_0018_0056_0056.jpg 1 23 18 56 56
1829_0006_0006_0067_0067.jpg 1 6 6 67 67
1830_0010_0059_0031_0031.jpg 1 10 59 31 31
1831_0036_0063_0025_0025.jpg 1 36 63 25 25
1832_0025_0019_0026_0026.jpg 1 25 19 26 26
1833_0009_0020_0025_0025.jpg 1 9 20 25 25
1834_0055_0018_0032_0032.jpg 1 55 18 32 32
1835_0030_0054_0035_0035.jpg 1 30 54 35 35
1836_0011_0022_0050_0050.jpg 1 11 22 50 50
1837_0019_0009_0049_0049.jpg 1 19 9 49 49
1838_0046_0052_0026_0026.jpg 1 46 52 26 26
1839_0024_0019_0062_0062.jpg 1 24 19 62 62
1840_0025_0010_0036_0036.jpg 1 25 10 36 36
1841_0023_0013_0047_0047.jpg 1 23 13 47 47
1842_0016_0030_0052_0052.jpg 1 16 30 52 52
1843_0026_0039_0044_0044.jpg 1 26 39 44 44
1844_0029_0007_0064_0064.jpg 1 29 7 64 64
1845_0022_0029_0025_0025.jpg 1 22 29 25 25
1846_0043_0008_0047_0047.jpg 1 43 8 47 47
1847_0011_0004_0065_0065.jpg 1 11 4 65 65
1848_0012_0029_0056_0056.jpg 1 12 29 56 56
1849_0030_0009_0066_0066.jpg 1 30 9 66 66
1850_0020_0040_0047_0047.jpg 1 20 40 47 47
1851_0028_0015_0045_0045.jpg 1 28 15 45 45
1852_0022_0007_0051_0051.jpg 1 22 7 51 51
1853_0046_0017_0048_0048.jpg 1 46 17 48 48
1854_0016_0011_0037_0037.jpg 1 16 11 37 37
1855_0030_0054_0027_0027.jpg 1 30 54 27 27
1856_0043_0023_0046_0046.jpg 1 43 23 46 46
1857_0034_0012_0048_0048.jpg 1 34 12 48 48
1858_0016_0005_0050_0050.jpg 1 16 5 50 50
1859_0032_0056_0032_0032.jpg 1 32 56 32 32
1860_0011_0027_0066_0066.jpg 1 11 27 66 66
1861_0012_0012_0032_0032.jpg 1 12 12 32 32
1862_0009_0035_0056_0056.jpg 1 9 35 56 56
1863_0021_0060_0030_0030.jpg 1 21 60 30 30
1864_0057_0032_0029_0029.jpg 1 57 32 29 29
1865_0027_0020_0062_0062.jpg 1 27 20 62 62
1866_0005_0022_0068_0068.jpg 1 5 22 68 68
1867_0028_0049_0043_0043.jpg 1 28 49 43 43
1868_0022_0006_0039_0039.jpg 1 22 6 39 39
1869_0008_0031_0024_0024.jpg 1 8 31 24 24
1870_0023_0033_0034_0034.jpg 1 23 33 34 34
1871_0024_0042_0037_0037.jpg 1 24 42 37 37
1872_0060_0053_0026_0026.jpg 1 60 53 26 26
1873_0007_0013_0067_0067.jpg 1 7 13 67 67
1874_0030_0013_0035_0035.jpg 1 30 13 35 35
1875_0038_0027_0044_0044.jpg 1 38 27 44 44
1876_0020_0015_0049_0049.jpg 1 20 15 49 49
1877_0030_0017_0050_0050.jpg 1 30 17 50 50
1878_0017_0023_0069_0069.jpg 1 17 23 69 69
1879_0027_0026_0054_0054.jpg 1 27 26 54 54
1880_0049_0035_0038_0038.jpg 1 49 35 38 38
1881_0066_0032_0025_0025.jpg 1 66 32 25 25
1882_0008_0048_0032_0032.jpg 1 8 48 32 32
1883_0015_0051_0037_0037.jpg 1 15 51 37 37
1884_0020_0033_0062_0062.jpg 1 20 33 62 62
1885_0027_0027_0051_0051.jpg 1 27 27 51 51
1886_0032_0035_0030_0030.jpg 1 32 35 30 30
1887_0023_0050_0043_0043.jpg 1 23 50 43 43
1888_0035_0044_0024_0024.jpg 1 35 44 24 24
1889_0060_0033_0031_0031.jpg 1 60 33 31 31
1890_0025_0005_0045_0045.jpg 1 25 5 45 45
1891_0012_0011_0042_0042.jpg 1 12 11 42 42
1892_0050_0026_0040_0040.jpg 1 50 26 40 40
1893_0010_0035_0037_0037.jpg 1 10 35 37 37
1894_0037_0051_0032_0032.jpg 1 37 51 32 32
1895_0019_0042_0035_0035.jpg 1 19 42 35 35
1896_0031_0034_0052_0052.jpg 1 31 34 52 52
1897_0021_0015_0043_0043.jpg 1 21 15 43 43
1898_0022_0044_0035_0035.jpg 1 22 44 35 35
1899_0033_0004_0058_0058.jpg 1 33 4 58 58
1900_0059_0039_0033_0033.jpg 1 59 39 33 33
1901_0014_0015_0057_0057.jpg 1 14 15 57 57
1902_0026_0014_0066_0066.jpg 1 26 14 66 66
1903_0017_0034_0058_0058.jpg 1 17 34 58 58
1904_0057_0051_0034_0034.jpg 1 57 51 34 34
1905_0011_0035_0037_0037.jpg 1 11 35 37 37
1906_0050_0008_0041_0041.jpg 1 50 8 41 41
1907_0036_0023_0057_0057.jpg 1 36 23 57 57
1908_0018_0029_0067_0067.jpg 1 18 29 67 67
1909_0045_0041_0049_0049.jpg 1 45 41 49 49
1910_0010_0016_0027_0027.jpg 1 10 16 27 27
1911_0014_0015_0068_0068.jpg 1 14 15 68 68
1912_0029_0022_0067_0067.jpg 1 29 22 67 67
1913_0034_0011_0044_0044.jpg 1 34 11 44 44
1914_0009_0029_0060_0060.jpg 1 9 29 60 60
1915_0009_0022_0068_0068.jpg 1 9 22 68 68
1916_0033_0023_0061_0061.jpg 1 33 23 61 61
1917_0057_0051_0024_0024.jpg 1 57 51 24 24
1918_0009_0051_0025_0025.jpg 1 9 51 25 25
1919_0017_0009_0033_0033.jpg 1 17 9 33 33
1920_0014_0011_0065_0065.jpg 1 14 11 65 65
1921_0045_0052_0024_0024.jpg 1 45 52 24 24
1922_0054_0028_0035_0035.jpg 1 54 28 35 35
1923_0024_0053_0024_0024.jpg 1 24 53 24 24
1924_0015_0017_0024_0024.jpg 1 15 17 24 24
1925_0027_0049_0026_0026.jpg 1 27 49 26 26
1926_0008_0047_0027_0027.jpg 1 8 47 27 27
1927_0017_0022_0049_0049.jpg 1 17 22 49 49
1928_0010_0003_0067_0067.jpg 1 10 3 67 67
1929_0038_0011_0056_0056.jpg 1 38 11 56 56
1930_0015_0019_0045_0045.jpg 1 15 19 45 45
1931_0030_0027_0028_0028.jpg 1 30 27 28 28
1932_0041_0061_0025_0025.jpg 1 41 61 25 25
1933_0003_0028_0063_0063.jpg 1 3 28 63 63
1934_0019_0018_0068_0068.jpg 1 19 18 68 68
1935_0031_0011_0030_0030.jpg 1 31 11 30 30
1936_0030_0057_0030_0030.jpg 1 30 57 30 30
1937_0009_0019_0040_0040.jpg 1 9 19 40 40
1938_0044_0048_0041_0041.jpg 1 44 48 41 41
1939_0006_0014_0069_0069.jpg 1 6 14 69 69
1940_0033_0023_0049_0049.jpg 1 33 23 49 49
1941_0037_0036_0040_0040.jpg 1 37 36 40 40
1942_0011_0013_0056_0056.jpg 1 11 13 56 56
1943_0024_0020_0055_0055.jpg 1 24 20 55 55
1944_0035_0043_0038_0038.jpg 1 35 43 38 38
1945_0033_0025_0057_0057.jpg 1 33 25 57 57
1946_0010_0017_0048_0048.jpg 1 10 17 48 48
1947_0029_0035_0049_0049.jpg 1 29 35 49 49
1948_0011_0024_0069_0069.jpg 1 11 24 69 69
1949_0025_0023_0038_0038.jpg 1 25 23 38 38
1950_0021_0013_0069_0069.jpg 1 21 13 69 69
