0001_0046_0020_0037_0037.jpg 1 46 20 37 37
0002_0026_0016_0053_0053.jpg 1 26 16 53 53
0003_0022_0024_0062_0062.jpg 1 22 24 62 62
0004_0017_0009_0064_0064.jpg 1 17 9 64 64
0005_0020_0009_0053_0053.jpg 1 20 9 53 53
0006_0019_0015_0063_0063.jpg 1 19 15 63 63
0007_0051_0056_0035_0035.jpg 1 51 56 35 35
0008_0035_0017_0030_0030.jpg 1 35 17 30 30
0009_0024_0032_0037_0037.jpg 1 24 32 37 37
0010_0034_0008_0030_0030.jpg 1 34 8 30 30
0011_0047_0030_0044_0044.jpg 1 47 30 44 44
0012_0021_0015_0028_0028.jpg 1 21 15 28 28
0013_0025_0018_0039_0039.jpg 1 25 18 39 39
0014_0017_0033_0040_0040.jpg 1 17 33 40 40
0015_0014_0015_0068_0068.jpg 1 14 15 68 68
0016_0029_0022_0025_0025.jpg 1 29 22 25 25
0017_0032_0014_0057_0057.jpg 1 32 14 57 57
0018_0018_0037_0031_0031.jpg 1 18 37 31 31
0019_0021_0034_0057_0057.jpg 1 21 34 57 57
0020_0004_0013_0067_0067.jpg 1 4 13 67 67
0021_0028_0026_0064_0064.jpg 1 28 26 64 64
0022_0015_0042_0049_0049.jpg 1 15 42 49 49
0023_0022_0019_0045_0045.jpg 1 22 19 45 45
0024_0025_0051_0039_0039.jpg 1 25 51 39 39
0025_0020_0022_0048_0048.jpg 1 20 22 48 48
0026_0026_0037_0045_0045.jpg 1 26 37 45 45
0027_0027_0021_0061_0061.jpg 1 27 21 61 61
0028_0017_0034_0054_0054.jpg 1 17 34 54 54
0029_0010_0006_0069_0069.jpg 1 10 6 69 69
0030_0020_0023_0035_0035.jpg 1 20 23 35 35
0031_0033_0033_0055_0055.jpg 1 33 33 55 55
0032_0031_0027_0032_0032.jpg 1 31 27 32 32
0033_0035_0014_0044_0044.jpg 1 35 14 44 44
0034_0013_0046_0047_0047.jpg 1 13 46 47 47
0035_0036_0019_0056_0056.jpg 1 36 19 56 56
0036_0057_0038_0025_0025.jpg 1 57 38 25 25
0037_0042_0046_0030_0030.jpg 1 42 46 30 30
0038_0065_0053_0025_0025.jpg 1 65 53 25 25
0039_0051_0034_0033_0033.jpg 1 51 34 33 33
0040_0022_0027_0037_0037.jpg 1 22 27 37 37
0041_0007_0041_0037_0037.jpg 1 7 41 37 37
0042_0017_0014_0037_0037.jpg 1 17 14 37 37
0043_0010_0035_0058_0058.jpg 1 10 35 58 58
0044_0015_0009_0067_0067.jpg 1 15 9 67 67
0045_0039_0011_0050_0050.jpg 1 39 11 50 50
0046_0048_0054_0034_0034.jpg 1 48 54 34 34
0047_0011_0042_0028_0028.jpg 1 11 42 28 28
0048_0026_0032_0040_0040.jpg 1 26 32 40 40
0049_0028_0025_0066_0066.jpg 1 28 25 66 66
0050_0031_0038_0031_0031.jpg 1 31 38 31 31
0051_0047_0033_0043_0043.jpg 1 47 33 43 43
0052_0008_0025_0055_0055.jpg 1 8 25 55 55
0053_0033_0007_0048_0048.jpg 1 33 7 48 48
0054_0014_0026_0056_0056.jpg 1 14 26 56 56
0055_0033_0023_0048_0048.jpg 1 33 23 48 48
0056_0004_0028_0065_0065.jpg 1 4 28 65 65
0057_0040_0038_0053_0053.jpg 1 40 38 53 53
0058_0009_0027_0044_0044.jpg 1 9 27 44 44
0059_0044_0043_0047_0047.jpg 1 44 43 47 47
0060_0010_0026_0031_0031.jpg 1 10 26 31 31
0061_0009_0050_0034_0034.jpg 1 9 50 34 34
0062_0043_0034_0045_0045.jpg 1 43 34 45 45
0063_0033_0020_0045_0045.jpg 1 33 20 45 45
0064_0030_0026_0066_0066.jpg 1 30 26 66 66
0065_0007_0011_0063_0063.jpg 1 7 11 63 63
0066_0013_0030_0050_0050.jpg 1 13 30 50 50
0067_0037_0036_0024_0024.jpg 1 37 36 24 24
0068_0046_0045_0046_0046.jpg 1 46 45 46 46
0069_0010_0037_0058_0058.jpg 1 10 37 58 58
0070_0007_0032_0049_0049.jpg 1 7 32 49 49
0071_0021_0037_0035_0035.jpg 1 21 37 35 35
0072_0041_0030_0039_0039.jpg 1 41 30 39 39
0073_0021_0041_0036_0036.jpg 1 21 41 36 36
0074_0024_0031_0063_0063.jpg 1 24 31 63 63
0075_0007_0030_0049_0049.jpg 1 7 30 49 49
0076_0031_0027_0055_0055.jpg 1 31 27 55 55
0077_0052_0019_0040_0040.jpg 1 52 19 40 40
0078_0027_0004_0064_0064.jpg 1 27 4 64 64
0079_0017_0006_0036_0036.jpg 1 17 6 36 36
0080_0013_0045_0046_0046.jpg 1 13 45 46 46
0081_0055_0033_0030_0030.jpg 1 55 33 30 30
0082_0011_0037_0034_0034.jpg 1 11 37 34 34
0083_0034_0022_0058_0058.jpg 1 34 22 58 58
0084_0036_0017_0047_0047.jpg 1 36 17 47 47
0085_0026_0018_0055_0055.jpg 1 26 18 55 55
0086_0007_0022_0043_0043.jpg 1 7 22 43 43
0087_0012_0013_0056_0056.jpg 1 12 13 56 56
0088_0026_0020_0059_0059.jpg 1 26 20 59 59
0089_0027_0024_0051_0051.jpg 1 27 24 51 51
0090_0012_0041_0038_0038.jpg 1 12 41 38 38
0091_0012_0014_0036_0036.jpg 1 12 14 36 36
0092_0052_0025_0041_0041.jpg 1 52 25 41 41
0093_0009_0039_0047_0047.jpg 1 9 39 47 47
0094_0024_0016_0058_0058.jpg 1 24 16 58 58
0095_0044_0040_0026_0026.jpg 1 44 40 26 26
0096_0025_0040_0046_0046.jpg 1 25 40 46 46
0097_0032_0014_0052_0052.jpg 1 32 14 52 52
0098_0019_0014_0063_0063.jpg 1 19 14 63 63
0099_0029_0060_0025_0025.jpg 1 29 60 25 25
0100_0031_0015_0026_0026.jpg 1 31 15 26 26
0101_0029_0049_0040_0040.jpg 1 29 49 40 40
0102_0021_0027_0069_0069.jpg 1 21 27 69 69
0103_0017_0033_0055_0055.jpg 1 17 33 55 55
0104_0031_0032_0060_0060.jpg 1 31 32 60 60
0105_0004_0005_0058_0058.jpg 1 4 5 58 58
0106_0017_0016_0063_0063.jpg 1 17 16 63 63
0107_0042_0035_0040_0040.jpg 1 42 35 40 40
0108_0035_0010_0036_0036.jpg 1 35 10 36 36
0109_0004_0020_0052_0052.jpg 1 4 20 52 52
0110_0020_0030_0054_0054.jpg 1 20 30 54 54
0111_0024_0032_0045_0045.jpg 1 24 32 45 45
0112_0028_0006_0068_0068.jpg 1 28 6 68 68
0113_0025_0032_0060_0060.jpg 1 25 32 60 60
0114_0025_0043_0049_0049.jpg 1 25 43 49 49
0115_0010_0030_0042_0042.jpg 1 10 30 42 42
0116_0031_0026_0055_0055.jpg 1 31 26 55 55
0117_0044_0022_0038_0038.jpg 1 44 22 38 38
0118_0023_0028_0065_0065.jpg 1 23 28 65 65
0119_0027_0021_0046_0046.jpg 1 27 21 46 46
0120_0020_0025_0043_0043.jpg 1 20 25 43 43
0121_0034_0062_0029_0029.jpg 1 34 62 29 29
0122_0005_0020_0058_0058.jpg 1 5 20 58 58
0123_0038_0032_0044_0044.jpg 1 38 32 44 44
0124_0021_0041_0051_0051.jpg 1 21 41 51 51
0125_0041_0050_0030_0030.jpg 1 41 50 30 30
0126_0008_0052_0037_0037.jpg 1 8 52 37 37
0127_0004_0019_0069_0069.jpg 1 4 19 69 69
0128_0011_0024_0056_0056.jpg 1 11 24 56 56
0129_0022_0050_0030_0030.jpg 1 22 50 30 30
0130_0005_0038_0053_0053.jpg 1 5 38 53 53
0131_0024_0041_0028_0028.jpg 1 24 41 28 28
0132_0003_0008_0069_0069.jpg 1 3 8 69 69
0133_0047_0020_0038_0038.jpg 1 47 20 38 38
0134_0023_0055_0030_0030.jpg 1 23 55 30 30
0135_0041_0032_0053_0053.jpg 1 41 32 53 53
0136_0023_0029_0051_0051.jpg 1 23 29 51 51
0137_0004_0013_0068_0068.jpg 1 4 13 68 68
0138_0011_0007_0048_0048.jpg 1 11 7 48 48
0139_0013_0021_0065_0065.jpg 1 13 21 65 65
0140_0041_0043_0042_0042.jpg 1 41 43 42 42
0141_0032_0038_0049_0049.jpg 1 32 38 49 49
0142_0036_0005_0056_0056.jpg 1 36 5 56 56
0143_0031_0044_0030_0030.jpg 1 31 44 30 30
0144_0039_0046_0047_0047.jpg 1 39 46 47 47
0145_0016_0005_0068_0068.jpg 1 16 5 68 68
0146_0031_0036_0054_0054.jpg 1 31 36 54 54
0147_0022_0028_0029_0029.jpg 1 22 28 29 29
0148_0011_0056_0025_0025.jpg 1 11 56 25 25
0149_0016_0025_0045_0045.jpg 1 16 25 45 45
0150_0018_0017_0040_0040.jpg 1 18 17 40 40
0151_0036_0024_0058_0058.jpg 1 36 24 58 58
0152_0034_0012_0053_0053.jpg 1 34 12 53 53
0153_0018_0010_0055_0055.jpg 1 18 10 55 55
0154_0037_0032_0024_0024.jpg 1 37 32 24 24
0155_0034_0013_0061_0061.jpg 1 34 13 61 61
0156_0007_0008_0069_0069.jpg 1 7 8 69 69
0157_0015_0030_0063_0063.jpg 1 15 30 63 63
0158_0049_0016_0039_0039.jpg 1 49 16 39 39
0159_0039_0016_0042_0042.jpg 1 39 16 42 42
0160_0034_0057_0029_0029.jpg 1 34 57 29 29
0161_0032_0038_0038_0038.jpg 1 32 38 38 38
0162_0053_0015_0028_0028.jpg 1 53 15 28 28
0163_0038_0017_0053_0053.jpg 1 38 17 53 53
0164_0013_0049_0042_0042.jpg 1 13 49 42 42
0165_0038_0039_0036_0036.jpg 1 38 39 36 36
0166_0036_0036_0045_0045.jpg 1 36 36 45 45
0167_0026_0009_0046_0046.jpg 1 26 9 46 46
0168_0046_0052_0027_0027.jpg 1 46 52 27 27
0169_0041_0024_0054_0054.jpg 1 41 24 54 54
0170_0062_0061_0025_0025.jpg 1 62 61 25 25
0171_0019_0035_0043_0043.jpg 1 19 35 43 43
0172_0024_0020_0047_0047.jpg 1 24 20 47 47
0173_0022_0007_0063_0063.jpg 1 22 7 63 63
0174_0026_0038_0042_0042.jpg 1 26 38 42 42
0175_0046_0043_0033_0033.jpg 1 46 43 33 33
0176_0018_0025_0060_0060.jpg 1 18 25 60 60
0177_0028_0025_0066_0066.jpg 1 28 25 66 66
0178_0057_0045_0035_0035.jpg 1 57 45 35 35
0179_0051_0051_0026_0026.jpg 1 51 51 26 26
0180_0036_0032_0043_0043.jpg 1 36 32 43 43
0181_0007_0005_0067_0067.jpg 1 7 5 67 67
0182_0014_0032_0025_0025.jpg 1 14 32 25 25
0183_0021_0017_0063_0063.jpg 1 21 17 63 63
0184_0040_0035_0043_0043.jpg 1 40 35 43 43
0185_0035_0020_0059_0059.jpg 1 35 20 59 59
0186_0005_0022_0068_0068.jpg 1 5 22 68 68
0187_0008_0014_0042_0042.jpg 1 8 14 42 42
0188_0004_0010_0066_0066.jpg 1 4 10 66 66
0189_0022_0035_0049_0049.jpg 1 22 35 49 49
0190_0018_0020_0063_0063.jpg 1 18 20 63 63
0191_0007_0033_0044_0044.jpg 1 7 33 44 44
0192_0013_0020_0044_0044.jpg 1 13 20 44 44
0193_0007_0005_0067_0067.jpg 1 7 5 67 67
0194_0030_0034_0031_0031.jpg 1 30 34 31 31
0195_0036_0015_0036_0036.jpg 1 36 15 36 36
0196_0021_0019_0034_0034.jpg 1 21 19 34 34
0197_0007_0033_0052_0052.jpg 1 7 33 52 52
0198_0045_0060_0027_0027.jpg 1 45 60 27 27
0199_0035_0018_0029_0029.jpg 1 35 18 29 29
0200_0016_0009_0068_0068.jpg 1 16 9 68 68
0201_0048_0025_0044_0044.jpg 1 48 25 44 44
0202_0030_0018_0025_0025.jpg 1 30 18 25 25
0203_0007_0048_0029_0029.jpg 1 7 48 29 29
0204_0005_0006_0069_0069.jpg 1 5 6 69 69
0205_0021_0033_0053_0053.jpg 1 21 33 53 53
0206_0015_0016_0031_0031.jpg 1 15 16 31 31
0207_0019_0023_0049_0049.jpg 1 19 23 49 49
0208_0039_0009_0032_0032.jpg 1 39 9 32 32
0209_0030_0018_0043_0043.jpg 1 30 18 43 43
0210_0031_0033_0031_0031.jpg 1 31 33 31 31
0211_0017_0012_0064_0064.jpg 1 17 12 64 64
0212_0036_0037_0053_0053.jpg 1 36 37 53 53
0213_0014_0017_0032_0032.jpg 1 14 17 32 32
0214_0018_0015_0056_0056.jpg 1 18 15 56 56
0215_0013_0055_0024_0024.jpg 1 13 55 24 24
0216_0021_0038_0038_0038.jpg 1 21 38 38 38
0217_0037_0049_0039_0039.jpg 1 37 49 39 39
0218_0008_0057_0026_0026.jpg 1 8 57 26 26
0219_0020_0029_0034_0034.jpg 1 20 29 34 34
0220_0029_0019_0060_0060.jpg 1 29 19 60 60
0221_0014_0018_0024_0024.jpg 1 14 18 24 24
0222_0034_0057_0036_0036.jpg 1 34 57 36 36
0223_0009_0025_0055_0055.jpg 1 9 25 55 55
0224_0029_0020_0064_0064.jpg 1 29 20 64 64
0225_0007_0048_0028_0028.jpg 1 7 48 28 28
0226_0013_0007_0049_0049.jpg 1 13 7 49 49
0227_0009_0018_0041_0041.jpg 1 9 18 41 41
0228_0027_0031_0039_0039.jpg 1 27 31 39 39
0229_0009_0024_0058_0058.jpg 1 9 24 58 58
0230_0042_0006_0038_0038.jpg 1 42 6 38 38
0231_0005_0024_0064_0064.jpg 1 5 24 64 64
0232_0039_0056_0036_0036.jpg 1 39 56 36 36
0233_0024_0041_0026_0026.jpg 1 24 41 26 26
0234_0012_0051_0036_0036.jpg 1 12 51 36 36
0235_0055_0048_0024_0024.jpg 1 55 48 24 24
0236_0047_0025_0047_0047.jpg 1 47 25 47 47
0237_0009_0015_0062_0062.jpg 1 9 15 62 62
0238_0022_0022_0051_0051.jpg 1 22 22 51 51
0239_0052_0046_0035_0035.jpg 1 52 46 35 35
0240_0047_0045_0031_0031.jpg 1 47 45 31 31
0241_0006_0034_0042_0042.jpg 1 6 34 42 42
0242_0011_0019_0063_0063.jpg 1 11 19 63 63
0243_0032_0009_0046_0046.jpg 1 32 9 46 46
0244_0012_0031_0044_0044.jpg 1 12 31 44 44
0245_0007_0006_0034_0034.jpg 1 7 6 34 34
0246_0006_0027_0069_0069.jpg 1 6 27 69 69
0247_0020_0015_0053_0053.jpg 1 20 15 53 53
0248_0031_0017_0057_0057.jpg 1 31 17 57 57
0249_0012_0021_0069_0069.jpg 1 12 21 69 69
0250_0036_0037_0051_0051.jpg 1 36 37 51 51
0251_0039_0012_0049_0049.jpg 1 39 12 49 49
0252_0009_0015_0029_0029.jpg 1 9 15 29 29
0253_0030_0014_0055_0055.jpg 1 30 14 55 55
0254_0037_0037_0051_0051.jpg 1 37 37 51 51
0255_0030_0012_0061_0061.jpg 1 30 12 61 61
0256_0015_0029_0025_0025.jpg 1 15 29 25 25
0257_0019_0041_0032_0032.jpg 1 19 41 32 32
0258_0018_0026_0053_0053.jpg 1 18 26 53 53
0259_0042_0025_0047_0047.jpg 1 42 25 47 47
0260_0027_0017_0060_0060.jpg 1 27 17 60 60
0261_0024_0015_0059_0059.jpg 1 24 15 59 59
0262_0039_0017_0049_0049.jpg 1 39 17 49 49
0263_0007_0041_0035_0035.jpg 1 7 41 35 35
0264_0042_0039_0038_0038.jpg 1 42 39 38 38
0265_0023_0004_0059_0059.jpg 1 23 4 59 59
0266_0037_0037_0057_0057.jpg 1 37 37 57 57
0267_0022_0030_0054_0054.jpg 1 22 30 54 54
0268_0036_0009_0031_0031.jpg 1 36 9 31 31
0269_0038_0013_0037_0037.jpg 1 38 13 37 37
0270_0038_0014_0029_0029.jpg 1 38 14 29 29
0271_0039_0018_0054_0054.jpg 1 39 18 54 54
0272_0026_0014_0055_0055.jpg 1 26 14 55 55
0273_0017_0028_0058_0058.jpg 1 17 28 58 58
0274_0049_0034_0044_0044.jpg 1 49 34 44 44
0275_0019_0026_0061_0061.jpg 1 19 26 61 61
0276_0030_0043_0051_0051.jpg 1 30 43 51 51
0277_0020_0024_0056_0056.jpg 1 20 24 56 56
0278_0023_0024_0055_0055.jpg 1 23 24 55 55
0279_0009_0032_0053_0053.jpg 1 9 32 53 53
0280_0025_0027_0058_0058.jpg 1 25 27 58 58
0281_0013_0027_0069_0069.jpg 1 13 27 69 69
0282_0021_0022_0049_0049.jpg 1 21 22 49 49
0283_0034_0037_0051_0051.jpg 1 34 37 51 51
0284_0037_0021_0050_0050.jpg 1 37 21 50 50
0285_0025_0036_0059_0059.jpg 1 25 36 59 59
0286_0018_0033_0051_0051.jpg 1 18 33 51 51
0287_0021_0030_0029_0029.jpg 1 21 30 29 29
0288_0006_0037_0048_0048.jpg 1 6 37 48 48
0289_0018_0013_0030_0030.jpg 1 18 13 30 30
0290_0018_0029_0057_0057.jpg 1 18 29 57 57
0291_0008_0049_0039_0039.jpg 1 8 49 39 39
0292_0012_0025_0059_0059.jpg 1 12 25 59 59
0293_0050_0014_0037_0037.jpg 1 50 14 37 37
0294_0020_0010_0063_0063.jpg 1 20 10 63 63
0295_0041_0042_0041_0041.jpg 1 41 42 41 41
0296_0029_0051_0040_0040.jpg 1 29 51 40 40
0297_0028_0035_0030_0030.jpg 1 28 35 30 30
0298_0008_0027_0066_0066.jpg 1 8 27 66 66
0299_0021_0011_0069_0069.jpg 1 21 11 69 69
0300_0032_0030_0051_0051.jpg 1 32 30 51 51
0301_0010_0014_0061_0061.jpg 1 10 14 61 61
0302_0008_0012_0069_0069.jpg 1 8 12 69 69
0303_0017_0051_0038_0038.jpg 1 17 51 38 38
0304_0013_0025_0045_0045.jpg 1 13 25 45 45
0305_0019_0012_0067_0067.jpg 1 19 12 67 67
0306_0010_0010_0064_0064.jpg 1 10 10 64 64
0307_0011_0036_0044_0044.jpg 1 11 36 44 44
0308_0012_0029_0063_0063.jpg 1 12 29 63 63
0309_0036_0016_0059_0059.jpg 1 36 16 59 59
0310_0045_0019_0043_0043.jpg 1 45 19 43 43
0311_0023_0027_0068_0068.jpg 1 23 27 68 68
0312_0029_0004_0062_0062.jpg 1 29 4 62 62
0313_0019_0036_0026_0026.jpg 1 19 36 26 26
0314_0007_0010_0047_0047.jpg 1 7 10 47 47
0315_0028_0044_0045_0045.jpg 1 28 44 45 45
0316_0023_0040_0049_0049.jpg 1 23 40 49 49
0317_0050_0026_0038_0038.jpg 1 50 26 38 38
0318_0006_0005_0046_0046.jpg 1 6 5 46 46
0319_0012_0026_0060_0060.jpg 1 12 26 60 60
0320_0003_0019_0069_0069.jpg 1 3 19 69 69
0321_0014_0007_0065_0065.jpg 1 14 7 65 65
0322_0022_0033_0027_0027.jpg 1 22 33 27 27
0323_0033_0036_0044_0044.jpg 1 33 36 44 44
0324_0033_0030_0036_0036.jpg 1 33 30 36 36
0325_0042_0051_0029_0029.jpg 1 42 51 29 29
0326_0014_0006_0069_0069.jpg 1 14 6 69 69
0327_0045_0029_0031_0031.jpg 1 45 29 31 31
0328_0005_0028_0055_0055.jpg 1 5 28 55 55
0329_0038_0027_0049_0049.jpg 1 38 27 49 49
0330_0030_0020_0064_0064.jpg 1 30 20 64 64
0331_0006_0004_0060_0060.jpg 1 6 4 60 60
0332_0029_0031_0057_0057.jpg 1 29 31 57 57
0333_0017_0008_0064_0064.jpg 1 17 8 64 64
0334_0025_0043_0043_0043.jpg 1 25 43 43 43
0335_0034_0032_0058_0058.jpg 1 34 32 58 58
0336_0034_0022_0041_0041.jpg 1 34 22 41 41
0337_0014_0005_0056_0056.jpg 1 14 5 56 56
0338_0039_0018_0053_0053.jpg 1 39 18 53 53
0339_0028_0011_0066_0066.jpg 1 28 11 66 66
0340_0031_0019_0051_0051.jpg 1 31 19 51 51
0341_0005_0015_0049_0049.jpg 1 5 15 49 49
0342_0020_0005_0054_0054.jpg 1 20 5 54 54
0343_0027_0010_0028_0028.jpg 1 27 10 28 28
0344_0031_0020_0065_0065.jpg 1 31 20 65 65
0345_0007_0012_0061_0061.jpg 1 7 12 61 61
0346_0032_0012_0043_0043.jpg 1 32 12 43 43
0347_0015_0038_0044_0044.jpg 1 15 38 44 44
0348_0032_0052_0041_0041.jpg 1 32 52 41 41
0349_0033_0037_0058_0058.jpg 1 33 37 58 58
0350_0016_0030_0056_0056.jpg 1 16 30 56 56
0351_0029_0033_0053_0053.jpg 1 29 33 53 53
0352_0034_0034_0058_0058.jpg 1 34 34 58 58
0353_0021_0039_0053_0053.jpg 1 21 39 53 53
0354_0035_0029_0035_0035.jpg 1 35 29 35 35
0355_0050_0017_0031_0031.jpg 1 50 17 31 31
0356_0017_0059_0025_0025.jpg 1 17 59 25 25
0357_0028_0024_0040_0040.jpg 1 28 24 40 40
0358_0045_0039_0024_0024.jpg 1 45 39 24 24
0359_0026_0025_0067_0067.jpg 1 26 25 67 67
0360_0018_0018_0051_0051.jpg 1 18 18 51 51
0361_0006_0005_0055_0055.jpg 1 6 5 55 55
0362_0010_0013_0065_0065.jpg 1 10 13 65 65
0363_0018_0041_0027_0027.jpg 1 18 41 27 27
0364_0027_0023_0065_0065.jpg 1 27 23 65 65
0365_0006_0030_0062_0062.jpg 1 6 30 62 62
0366_0016_0022_0065_0065.jpg 1 16 22 65 65
0367_0016_0010_0059_0059.jpg 1 16 10 59 59
0368_0011_0023_0049_0049.jpg 1 11 23 49 49
0369_0053_0048_0031_0031.jpg 1 53 48 31 31
0370_0018_0009_0052_0052.jpg 1 18 9 52 52
0371_0028_0032_0052_0052.jpg 1 28 32 52 52
0372_0010_0009_0065_0065.jpg 1 10 9 65 65
0373_0032_0028_0063_0063.jpg 1 32 28 63 63
0374_0020_0011_0065_0065.jpg 1 20 11 65 65
0375_0011_0034_0029_0029.jpg 1 11 34 29 29
0376_0028_0045_0028_0028.jpg 1 28 45 28 28
0377_0011_0034_0057_0057.jpg 1 11 34 57 57
0378_0008_0028_0054_0054.jpg 1 8 28 54 54
0379_0008_0005_0063_0063.jpg 1 8 5 63 63
0380_0009_0048_0030_0030.jpg 1 9 48 30 30
0381_0019_0017_0030_0030.jpg 1 19 17 30 30
0382_0009_0017_0048_0048.jpg 1 9 17 48 48
0383_0045_0041_0025_0025.jpg 1 45 41 25 25
0384_0057_0059_0029_0029.jpg 1 57 59 29 29
0385_0016_0039_0052_0052.jpg 1 16 39 52 52
0386_0015_0040_0051_0051.jpg 1 15 40 51 51
0387_0016_0028_0050_0050.jpg 1 16 28 50 50
0388_0032_0006_0048_0048.jpg 1 32 6 48 48
0389_0053_0024_0040_0040.jpg 1 53 24 40 40
0390_0060_0019_0026_0026.jpg 1 60 19 26 26
0391_0018_0007_0047_0047.jpg 1 18 7 47 47
0392_0036_0050_0024_0024.jpg 1 36 50 24 24
0393_0036_0032_0053_0053.jpg 1 36 32 53 53
0394_0011_0021_0035_0035.jpg 1 11 21 35 35
0395_0033_0043_0026_0026.jpg 1 33 43 26 26
0396_0030_0028_0042_0042.jpg 1 30 28 42 42
0397_0012_0008_0026_0026.jpg 1 12 8 26 26
0398_0043_0040_0048_0048.jpg 1 43 40 48 48
0399_0025_0032_0057_0057.jpg 1 25 32 57 57
0400_0031_0025_0048_0048.jpg 1 31 25 48 48
0401_0011_0032_0056_0056.jpg 1 11 32 56 56
0402_0028_0007_0046_0046.jpg 1 28 7 46 46
0403_0027_0034_0048_0048.jpg 1 27 34 48 48
0404_0057_0024_0025_0025.jpg 1 57 24 25 25
0405_0055_0015_0027_0027.jpg 1 55 15 27 27
0406_0028_0047_0024_0024.jpg 1 28 47 24 24
0407_0029_0027_0060_0060.jpg 1 29 27 60 60
0408_0007_0030_0065_0065.jpg 1 7 30 65 65
0409_0013_0054_0036_0036.jpg 1 13 54 36 36
0410_0007_0005_0061_0061.jpg 1 7 5 61 61
0411_0007_0021_0059_0059.jpg 1 7 21 59 59
0412_0047_0020_0025_0025.jpg 1 47 20 25 25
0413_0015_0026_0067_0067.jpg 1 15 26 67 67
0414_0016_0034_0043_0043.jpg 1 16 34 43 43
0415_0022_0034_0034_0034.jpg 1 22 34 34 34
0416_0016_0034_0044_0044.jpg 1 16 34 44 44
0417_0018_0027_0053_0053.jpg 1 18 27 53 53
0418_0036_0007_0028_0028.jpg 1 36 7 28 28
0419_0032_0029_0042_0042.jpg 1 32 29 42 42
0420_0021_0027_0024_0024.jpg 1 21 27 24 24
0421_0033_0030_0063_0063.jpg 1 33 30 63 63
0422_0009_0040_0040_0040.jpg 1 9 40 40 40
0423_0045_0041_0048_0048.jpg 1 45 41 48 48
0424_0037_0039_0024_0024.jpg 1 37 39 24 24
0425_0040_0041_0037_0037.jpg 1 40 41 37 37
0426_0007_0012_0025_0025.jpg 1 7 12 25 25
0427_0012_0007_0062_0062.jpg 1 12 7 62 62
0428_0019_0021_0069_0069.jpg 1 19 21 69 69
0429_0009_0034_0055_0055.jpg 1 9 34 55 55
0430_0052_0025_0039_0039.jpg 1 52 25 39 39
0431_0021_0008_0063_0063.jpg 1 21 8 63 63
0432_0023_0007_0038_0038.jpg 1 23 7 38 38
0433_0027_0020_0051_0051.jpg 1 27 20 51 51
0434_0015_0022_0044_0044.jpg 1 15 22 44 44
0435_0045_0028_0044_0044.jpg 1 45 28 44 44
0436_0038_0038_0044_0044.jpg 1 38 38 44 44
0437_0037_0032_0051_0051.jpg 1 37 32 51 51
0438_0055_0012_0028_0028.jpg 1 55 12 28 28
0439_0016_0007_0062_0062.jpg 1 16 7 62 62
0440_0042_0044_0026_0026.jpg 1 42 44 26 26
0441_0034_0048_0045_0045.jpg 1 34 48 45 45
0442_0027_0030_0049_0049.jpg 1 27 30 49 49
0443_0021_0008_0058_0058.jpg 1 21 8 58 58
0444_0034_0017_0050_0050.jpg 1 34 17 50 50
0445_0041_0016_0030_0030.jpg 1 41 16 30 30
0446_0027_0036_0048_0048.jpg 1 27 36 48 48
0447_0005_0027_0054_0054.jpg 1 5 27 54 54
0448_0038_0021_0050_0050.jpg 1 38 21 50 50
0449_0028_0035_0060_0060.jpg 1 28 35 60 60
0450_0044_0039_0048_0048.jpg 1 44 39 48 48
0451_0036_0034_0051_0051.jpg 1 36 34 51 51
0452_0029_0023_0066_0066.jpg 1 29 23 66 66
0453_0009_0004_0068_0068.jpg 1 9 4 68 68
0454_0032_0010_0057_0057.jpg 1 32 10 57 57
0455_0044_0046_0045_0045.jpg 1 44 46 45 45
0456_0036_0027_0045_0045.jpg 1 36 27 45 45
0457_0010_0026_0067_0067.jpg 1 10 26 67 67
0458_0031_0015_0060_0060.jpg 1 31 15 60 60
0459_0025_0018_0063_0063.jpg 1 25 18 63 63
0460_0024_0021_0025_0025.jpg 1 24 21 25 25
0461_0017_0032_0030_0030.jpg 1 17 32 30 30
0462_0012_0015_0055_0055.jpg 1 12 15 55 55
0463_0007_0048_0035_0035.jpg 1 7 48 35 35
0464_0010_0026_0060_0060.jpg 1 10 26 60 60
0465_0020_0005_0068_0068.jpg 1 20 5 68 68
0466_0010_0036_0052_0052.jpg 1 10 36 52 52
0467_0012_0026_0038_0038.jpg 1 12 26 38 38
0468_0025_0007_0044_0044.jpg 1 25 7 44 44
0469_0060_0020_0026_0026.jpg 1 60 20 26 26
0470_0010_0010_0048_0048.jpg 1 10 10 48 48
0471_0043_0020_0038_0038.jpg 1 43 20 38 38
0472_0016_0044_0049_0049.jpg 1 16 44 49 49
0473_0021_0010_0055_0055.jpg 1 21 10 55 55
0474_0014_0005_0066_0066.jpg 1 14 5 66 66
0475_0020_0042_0039_0039.jpg 1 20 42 39 39
0476_0023_0034_0060_0060.jpg 1 23 34 60 60
0477_0025_0016_0056_0056.jpg 1 25 16 56 56
0478_0034_0027_0050_0050.jpg 1 34 27 50 50
0479_0024_0027_0026_0026.jpg 1 24 27 26 26
0480_0015_0026_0034_0034.jpg 1 15 26 34 34
0481_0052_0026_0040_0040.jpg 1 52 26 40 40
0482_0024_0024_0069_0069.jpg 1 24 24 69 69
0483_0012_0006_0063_0063.jpg 1 12 6 63 63
0484_0057_0030_0033_0033.jpg 1 57 30 33 33
0485_0040_0009_0049_0049.jpg 1 40 9 49 49
0486_0023_0009_0062_0062.jpg 1 23 9 62 62
0487_0035_0031_0050_0050.jpg 1 35 31 50 50
0488_0031_0006_0060_0060.jpg 1 31 6 60 60
0489_0017_0009_0064_0064.jpg 1 17 9 64 64
0490_0050_0044_0031_0031.jpg 1 50 44 31 31
0491_0009_0031_0032_0032.jpg 1 9 31 32 32
0492_0005_0007_0045_0045.jpg 1 5 7 45 45
0493_0018_0058_0034_0034.jpg 1 18 58 34 34
0494_0028_0003_0066_0066.jpg 1 28 3 66 66
0495_0018_0035_0056_0056.jpg 1 18 35 56 56
0496_0029_0043_0051_0051.jpg 1 29 43 51 51
0497_0034_0008_0028_0028.jpg 1 34 8 28 28
0498_0024_0022_0052_0052.jpg 1 24 22 52 52
0499_0048_0033_0031_0031.jpg 1 48 33 31 31
0500_0026_0034_0048_0048.jpg 1 26 34 48 48
0501_0017_0018_0058_0058.jpg 1 17 18 58 58
0502_0014_0050_0043_0043.jpg 1 14 50 43 43
0503_0014_0060_0025_0025.jpg 1 14 60 25 25
0504_0038_0030_0024_0024.jpg 1 38 30 24 24
0505_0031_0015_0036_0036.jpg 1 31 15 36 36
0506_0040_0013_0052_0052.jpg 1 40 13 52 52
0507_0063_0019_0027_0027.jpg 1 63 19 27 27
0508_0041_0058_0024_0024.jpg 1 41 58 24 24
0509_0012_0009_0066_0066.jpg 1 12 9 66 66
0510_0016_0029_0048_0048.jpg 1 16 29 48 48
0511_0042_0021_0051_0051.jpg 1 42 21 51 51
0512_0010_0013_0052_0052.jpg 1 10 13 52 52
0513_0010_0011_0028_0028.jpg 1 10 11 28 28
0514_0017_0045_0039_0039.jpg 1 17 45 39 39
0515_0049_0017_0024_0024.jpg 1 49 17 24 24
0516_0018_0034_0027_0027.jpg 1 18 34 27 27
0517_0016_0040_0051_0051.jpg 1 16 40 51 51
0518_0007_0023_0058_0058.jpg 1 7 23 58 58
0519_0007_0017_0025_0025.jpg 1 7 17 25 25
0520_0008_0023_0060_0060.jpg 1 8 23 60 60
0521_0029_0028_0057_0057.jpg 1 29 28 57 57
0522_0046_0034_0045_0045.jpg 1 46 34 45 45
0523_0005_0022_0052_0052.jpg 1 5 22 52 52
0524_0040_0029_0053_0053.jpg 1 40 29 53 53
0525_0025_0049_0040_0040.jpg 1 25 49 40 40
0526_0016_0036_0054_0054.jpg 1 16 36 54 54
0527_0016_0007_0059_0059.jpg 1 16 7 59 59
0528_0041_0021_0049_0049.jpg 1 41 21 49 49
0529_0064_0049_0027_0027.jpg 1 64 49 27 27
0530_0009_0007_0027_0027.jpg 1 9 7 27 27
0531_0038_0028_0042_0042.jpg 1 38 28 42 42
0532_0012_0054_0036_0036.jpg 1 12 54 36 36
0533_0039_0012_0056_0056.jpg 1 39 12 56 56
0534_0007_0025_0066_0066.jpg 1 7 25 66 66
0535_0031_0048_0034_0034.jpg 1 31 48 34 34
0536_0039_0013_0049_0049.jpg 1 39 13 49 49
0537_0022_0007_0067_0067.jpg 1 22 7 67 67
0538_0043_0043_0043_0043.jpg 1 43 43 43 43
0539_0039_0035_0028_0028.jpg 1 39 35 28 28
0540_0040_0044_0027_0027.jpg 1 40 44 27 27
0541_0036_0014_0058_0058.jpg 1 36 14 58 58
0542_0041_0031_0042_0042.jpg 1 41 31 42 42
0543_0008_0037_0053_0053.jpg 1 8 37 53 53
0544_0042_0018_0052_0052.jpg 1 42 18 52 52
0545_0054_0018_0027_0027.jpg 1 54 18 27 27
0546_0026_0038_0035_0035.jpg 1 26 38 35 35
0547_0010_0020_0069_0069.jpg 1 10 20 69 69
0548_0049_0046_0032_0032.jpg 1 49 46 32 32
0549_0018_0017_0054_0054.jpg 1 18 17 54 54
0550_0016_0008_0065_0065.jpg 1 16 8 65 65
0551_0028_0009_0026_0026.jpg 1 28 9 26 26
0552_0049_0012_0041_0041.jpg 1 49 12 41 41
0553_0034_0059_0027_0027.jpg 1 34 59 27 27
0554_0059_0031_0028_0028.jpg 1 59 31 28 28
0555_0003_0027_0068_0068.jpg 1 3 27 68 68
0556_0033_0028_0037_0037.jpg 1 33 28 37 37
0557_0041_0005_0043_0043.jpg 1 41 5 43 43
0558_0031_0012_0039_0039.jpg 1 31 12 39 39
0559_0058_0060_0033_0033.jpg 1 58 60 33 33
0560_0013_0048_0044_0044.jpg 1 13 48 44 44
0561_0050_0031_0040_0040.jpg 1 50 31 40 40
0562_0037_0061_0027_0027.jpg 1 37 61 27 27
0563_0040_0038_0052_0052.jpg 1 40 38 52 52
0564_0022_0045_0047_0047.jpg 1 22 45 47 47
0565_0040_0024_0055_0055.jpg 1 40 24 55 55
0566_0006_0036_0057_0057.jpg 1 6 36 57 57
0567_0014_0023_0051_0051.jpg 1 14 23 51 51
0568_0056_0038_0024_0024.jpg 1 56 38 24 24
0569_0014_0007_0036_0036.jpg 1 14 7 36 36
0570_0023_0011_0052_0052.jpg 1 23 11 52 52
0571_0022_0016_0037_0037.jpg 1 22 16 37 37
0572_0053_0040_0027_0027.jpg 1 53 40 27 27
0573_0029_0036_0042_0042.jpg 1 29 36 42 42
0574_0039_0042_0052_0052.jpg 1 39 42 52 52
0575_0063_0062_0028_0028.jpg 1 63 62 28 28
0576_0010_0008_0068_0068.jpg 1 10 8 68 68
0577_0040_0023_0045_0045.jpg 1 40 23 45 45
0578_0047_0040_0031_0031.jpg 1 47 40 31 31
0579_0059_0009_0030_0030.jpg 1 59 9 30 30
0580_0026_0032_0061_0061.jpg 1 26 32 61 61
0581_0007_0023_0037_0037.jpg 1 7 23 37 37
0582_0059_0032_0031_0031.jpg 1 59 32 31 31
0583_0022_0008_0054_0054.jpg 1 22 8 54 54
0584_0026_0009_0037_0037.jpg 1 26 9 37 37
0585_0037_0009_0056_0056.jpg 1 37 9 56 56
0586_0017_0030_0053_0053.jpg 1 17 30 53 53
0587_0044_0023_0040_0040.jpg 1 44 23 40 40
0588_0016_0032_0058_0058.jpg 1 16 32 58 58
0589_0022_0060_0024_0024.jpg 1 22 60 24 24
0590_0028_0029_0028_0028.jpg 1 28 29 28 28
0591_0008_0022_0048_0048.jpg 1 8 22 48 48
0592_0013_0036_0048_0048.jpg 1 13 36 48 48
0593_0027_0016_0053_0053.jpg 1 27 16 53 53
0594_0008_0004_0060_0060.jpg 1 8 4 60 60
0595_0029_0015_0057_0057.jpg 1 29 15 57 57
0596_0023_0008_0060_0060.jpg 1 23 8 60 60
0597_0017_0040_0024_0024.jpg 1 17 40 24 24
0598_0029_0004_0060_0060.jpg 1 29 4 60 60
0599_0022_0022_0068_0068.jpg 1 22 22 68 68
0600_0025_0020_0061_0061.jpg 1 25 20 61 61
0601_0032_0009_0058_0058.jpg 1 32 9 58 58
0602_0009_0039_0042_0042.jpg 1 9 39 42 42
0603_0056_0038_0035_0035.jpg 1 56 38 35 35
0604_0035_0030_0024_0024.jpg 1 35 30 24 24
0605_0025_0053_0026_0026.jpg 1 25 53 26 26
0606_0016_0009_0046_0046.jpg 1 16 9 46 46
0607_0031_0026_0049_0049.jpg 1 31 26 49 49
0608_0006_0019_0064_0064.jpg 1 6 19 64 64
0609_0019_0019_0048_0048.jpg 1 19 19 48 48
0610_0015_0011_0024_0024.jpg 1 15 11 24 24
0611_0014_0037_0051_0051.jpg 1 14 37 51 51
0612_0025_0022_0045_0045.jpg 1 25 22 45 45
0613_0031_0031_0031_0031.jpg 1 31 31 31 31
0614_0008_0019_0069_0069.jpg 1 8 19 69 69
0615_0033_0030_0053_0053.jpg 1 33 30 53 53
0616_0015_0045_0042_0042.jpg 1 15 45 42 42
0617_0016_0029_0055_0055.jpg 1 16 29 55 55
0618_0010_0020_0061_0061.jpg 1 10 20 61 61
0619_0036_0042_0049_0049.jpg 1 36 42 49 49
0620_0036_0020_0056_0056.jpg 1 36 20 56 56
0621_0007_0015_0065_0065.jpg 1 7 15 65 65
0622_0011_0033_0039_0039.jpg 1 11 33 39 39
0623_0022_0038_0056_0056.jpg 1 22 38 56 56
0624_0016_0006_0063_0063.jpg 1 16 6 63 63
0625_0011_0036_0045_0045.jpg 1 11 36 45 45
0626_0028_0011_0063_0063.jpg 1 28 11 63 63
0627_0021_0014_0031_0031.jpg 1 21 14 31 31
0628_0051_0050_0024_0024.jpg 1 51 50 24 24
0629_0028_0013_0024_0024.jpg 1 28 13 24 24
0630_0025_0035_0052_0052.jpg 1 25 35 52 52
0631_0011_0030_0049_0049.jpg 1 11 30 49 49
0632_0011_0015_0051_0051.jpg 1 11 15 51 51
0633_0033_0018_0056_0056.jpg 1 33 18 56 56
0634_0032_0030_0043_0043.jpg 1 32 30 43 43
0635_0018_0051_0026_0026.jpg 1 18 51 26 26
0636_0047_0042_0036_0036.jpg 1 47 42 36 36
0637_0037_0008_0055_0055.jpg 1 37 8 55 55
0638_0004_0025_0063_0063.jpg 1 4 25 63 63
0639_0052_0022_0039_0039.jpg 1 52 22 39 39
0640_0022_0013_0045_0045.jpg 1 22 13 45 45
0641_0022_0039_0045_0045.jpg 1 22 39 45 45
0642_0021_0014_0063_0063.jpg 1 21 14 63 63
0643_0008_0015_0065_0065.jpg 1 8 15 65 65
0644_0007_0009_0069_0069.jpg 1 7 9 69 69
0645_0022_0005_0060_0060.jpg 1 22 5 60 60
0646_0034_0027_0051_0051.jpg 1 34 27 51 51
0647_0044_0047_0026_0026.jpg 1 44 47 26 26
0648_0017_0010_0047_0047.jpg 1 17 10 47 47
0649_0037_0009_0058_0058.jpg 1 37 9 58 58
0650_0049_0009_0041_0041.jpg 1 49 9 41 41
0651_0041_0033_0046_0046.jpg 1 41 33 46 46
0652_0021_0022_0065_0065.jpg 1 21 22 65 65
0653_0020_0010_0039_0039.jpg 1 20 10 39 39
0654_0026_0035_0036_0036.jpg 1 26 35 36 36
0655_0032_0013_0037_0037.jpg 1 32 13 37 37
0656_0012_0003_0063_0063.jpg 1 12 3 63 63
0657_0011_0020_0068_0068.jpg 1 11 20 68 68
0658_0016_0009_0033_0033.jpg 1 16 9 33 33
0659_0010_0014_0056_0056.jpg 1 10 14 56 56
0660_0022_0028_0029_0029.jpg 1 22 28 29 29
0661_0026_0018_0036_0036.jpg 1 26 18 36 36
0662_0037_0024_0055_0055.jpg 1 37 24 55 55
0663_0016_0047_0027_0027.jpg 1 16 47 27 27
0664_0012_0007_0062_0062.jpg 1 12 7 62 62
0665_0026_0012_0067_0067.jpg 1 26 12 67 67
0666_0008_0035_0049_0049.jpg 1 8 35 49 49
0667_0031_0010_0062_0062.jpg 1 31 10 62 62
0668_0003_0027_0063_0063.jpg 1 3 27 63 63
0669_0026_0012_0058_0058.jpg 1 26 12 58 58
0670_0036_0013_0026_0026.jpg 1 36 13 26 26
0671_0020_0067_0024_0024.jpg 1 20 67 24 24
0672_0026_0016_0063_0063.jpg 1 26 16 63 63
0673_0041_0017_0049_0049.jpg 1 41 17 49 49
0674_0030_0022_0045_0045.jpg 1 30 22 45 45
0675_0025_0057_0034_0034.jpg 1 25 57 34 34
0676_0031_0016_0037_0037.jpg 1 31 16 37 37
0677_0052_0025_0034_0034.jpg 1 52 25 34 34
0678_0018_0030_0063_0063.jpg 1 18 30 63 63
0679_0018_0044_0042_0042.jpg 1 18 44 42 42
0680_0057_0047_0025_0025.jpg 1 57 47 25 25
0681_0022_0061_0031_0031.jpg 1 22 61 31 31
0682_0021_0044_0036_0036.jpg 1 21 44 36 36
0683_0007_0032_0061_0061.jpg 1 7 32 61 61
0684_0016_0058_0024_0024.jpg 1 16 58 24 24
0685_0022_0008_0034_0034.jpg 1 22 8 34 34
0686_0024_0025_0064_0064.jpg 1 24 25 64 64
0687_0027_0010_0069_0069.jpg 1 27 10 69 69
0688_0021_0013_0025_0025.jpg 1 21 13 25 25
0689_0017_0016_0060_0060.jpg 1 17 16 60 60
0690_0053_0056_0035_0035.jpg 1 53 56 35 35
0691_0023_0028_0024_0024.jpg 1 23 28 24 24
0692_0040_0009_0025_0025.jpg 1 40 9 25 25
0693_0009_0032_0061_0061.jpg 1 9 32 61 61
0694_0010_0014_0064_0064.jpg 1 10 14 64 64
0695_0021_0009_0069_0069.jpg 1 21 9 69 69
0696_0030_0044_0037_0037.jpg 1 30 44 37 37
0697_0038_0038_0046_0046.jpg 1 38 38 46 46
0698_0039_0035_0054_0054.jpg 1 39 35 54 54
0699_0009_0031_0025_0025.jpg 1 9 31 25 25
0700_0026_0032_0051_0051.jpg 1 26 32 51 51
0701_0019_0005_0043_0043.jpg 1 19 5 43 43
0702_0030_0028_0028_0028.jpg 1 30 28 28 28
0703_0017_0019_0045_0045.jpg 1 17 19 45 45
0704_0046_0041_0036_0036.jpg 1 46 41 36 36
0705_0015_0010_0055_0055.jpg 1 15 10 55 55
0706_0048_0039_0037_0037.jpg 1 48 39 37 37
0707_0026_0023_0051_0051.jpg 1 26 23 51 51
0708_0012_0007_0033_0033.jpg 1 12 7 33 33
0709_0035_0034_0056_0056.jpg 1 35 34 56 56
0710_0007_0025_0039_0039.jpg 1 7 25 39 39
0711_0015_0031_0055_0055.jpg 1 15 31 55 55
0712_0053_0058_0028_0028.jpg 1 53 58 28 28
0713_0016_0035_0025_0025.jpg 1 16 35 25 25
0714_0038_0008_0048_0048.jpg 1 38 8 48 48
0715_0037_0010_0043_0043.jpg 1 37 10 43 43
0716_0035_0027_0042_0042.jpg 1 35 27 42 42
0717_0036_0010_0045_0045.jpg 1 36 10 45 45
0718_0021_0030_0061_0061.jpg 1 21 30 61 61
0719_0008_0008_0061_0061.jpg 1 8 8 61 61
0720_0032_0029_0056_0056.jpg 1 32 29 56 56
0721_0017_0047_0039_0039.jpg 1 17 47 39 39
0722_0016_0008_0053_0053.jpg 1 16 8 53 53
0723_0054_0052_0033_0033.jpg 1 54 52 33 33
0724_0049_0026_0031_0031.jpg 1 49 26 31 31
0725_0016_0030_0025_0025.jpg 1 16 30 25 25
0726_0055_0050_0024_0024.jpg 1 55 50 24 24
0727_0036_0038_0057_0057.jpg 1 36 38 57 57
0728_0048_0007_0030_0030.jpg 1 48 7 30 30
0729_0033_0026_0040_0040.jpg 1 33 26 40 40
0730_0012_0027_0068_0068.jpg 1 12 27 68 68
0731_0011_0033_0028_0028.jpg 1 11 33 28 28
0732_0021_0028_0058_0058.jpg 1 21 28 58 58
0733_0015_0017_0051_0051.jpg 1 15 17 51 51
0734_0054_0057_0024_0024.jpg 1 54 57 24 24
0735_0057_0033_0027_0027.jpg 1 57 33 27 27
0736_0020_0014_0058_0058.jpg 1 20 14 58 58
0737_0026_0022_0057_0057.jpg 1 26 22 57 57
0738_0021_0011_0065_0065.jpg 1 21 11 65 65
0739_0013_0018_0040_0040.jpg 1 13 18 40 40
0740_0010_0031_0063_0063.jpg 1 10 31 63 63
0741_0040_0028_0033_0033.jpg 1 40 28 33 33
0742_0024_0032_0034_0034.jpg 1 24 32 34 34
0743_0055_0039_0038_0038.jpg 1 55 39 38 38
0744_0044_0039_0033_0033.jpg 1 44 39 33 33
0745_0015_0041_0035_0035.jpg 1 15 41 35 35
0746_0016_0045_0026_0026.jpg 1 16 45 26 26
0747_0027_0051_0029_0029.jpg 1 27 51 29 29
0748_0031_0030_0061_0061.jpg 1 31 30 61 61
0749_0007_0041_0049_0049.jpg 1 7 41 49 49
0750_0022_0043_0050_0050.jpg 1 22 43 50 50
0751_0006_0027_0037_0037.jpg 1 6 27 37 37
0752_0021_0021_0046_0046.jpg 1 21 21 46 46
0753_0009_0006_0042_0042.jpg 1 9 6 42 42
0754_0048_0007_0042_0042.jpg 1 48 7 42 42
0755_0051_0043_0033_0033.jpg 1 51 43 33 33
0756_0057_0059_0025_0025.jpg 1 57 59 25 25
0757_0022_0017_0069_0069.jpg 1 22 17 69 69
0758_0052_0022_0041_0041.jpg 1 52 22 41 41
0759_0044_0051_0029_0029.jpg 1 44 51 29 29
0760_0039_0030_0042_0042.jpg 1 39 30 42 42
0761_0019_0042_0034_0034.jpg 1 19 42 34 34
0762_0007_0055_0032_0032.jpg 1 7 55 32 32
0763_0044_0020_0033_0033.jpg 1 44 20 33 33
0764_0040_0021_0045_0045.jpg 1 40 21 45 45
0765_0028_0030_0038_0038.jpg 1 28 30 38 38
0766_0010_0054_0031_0031.jpg 1 10 54 31 31
0767_0025_0016_0058_0058.jpg 1 25 16 58 58
0768_0039_0030_0056_0056.jpg 1 39 30 56 56
0769_0010_0026_0065_0065.jpg 1 10 26 65 65
0770_0009_0036_0058_0058.jpg 1 9 36 58 58
0771_0044_0019_0044_0044.jpg 1 44 19 44 44
0772_0013_0018_0050_0050.jpg 1 13 18 50 50
0773_0027_0012_0065_0065.jpg 1 27 12 65 65
0774_0008_0017_0057_0057.jpg 1 8 17 57 57
0775_0009_0025_0057_0057.jpg 1 9 25 57 57
0776_0012_0040_0053_0053.jpg 1 12 40 53 53
0777_0010_0021_0056_0056.jpg 1 10 21 56 56
0778_0035_0038_0035_0035.jpg 1 35 38 35 35
0779_0035_0010_0058_0058.jpg 1 35 10 58 58
0780_0018_0034_0054_0054.jpg 1 18 34 54 54
0781_0023_0016_0058_0058.jpg 1 23 16 58 58
0782_0018_0012_0025_0025.jpg 1 18 12 25 25
0783_0058_0017_0033_0033.jpg 1 58 17 33 33
0784_0014_0022_0067_0067.jpg 1 14 22 67 67
0785_0038_0017_0048_0048.jpg 1 38 17 48 48
0786_0041_0037_0048_0048.jpg 1 41 37 48 48
0787_0035_0038_0049_0049.jpg 1 35 38 49 49
0788_0060_0062_0026_0026.jpg 1 60 62 26 26
0789_0015_0053_0040_0040.jpg 1 15 53 40 40
0790_0015_0042_0045_0045.jpg 1 15 42 45 45
0791_0034_0022_0053_0053.jpg 1 34 22 53 53
0792_0034_0033_0025_0025.jpg 1 34 33 25 25
0793_0028_0016_0035_0035.jpg 1 28 16 35 35
0794_0032_0033_0044_0044.jpg 1 32 33 44 44
0795_0011_0022_0064_0064.jpg 1 11 22 64 64
0796_0014_0024_0060_0060.jpg 1 14 24 60 60
0797_0056_0033_0024_0024.jpg 1 56 33 24 24
0798_0045_0019_0031_0031.jpg 1 45 19 31 31
0799_0024_0026_0035_0035.jpg 1 24 26 35 35
0800_0005_0018_0043_0043.jpg 1 5 18 43 43
0801_0018_0011_0069_0069.jpg 1 18 11 69 69
0802_0006_0019_0059_0059.jpg 1 6 19 59 59
0803_0021_0013_0037_0037.jpg 1 21 13 37 37
0804_0051_0061_0028_0028.jpg 1 51 61 28 28
0805_0047_0032_0045_0045.jpg 1 47 32 45 45
0806_0010_0062_0027_0027.jpg 1 10 62 27 27
0807_0027_0044_0036_0036.jpg 1 27 44 36 36
0808_0032_0021_0054_0054.jpg 1 32 21 54 54
0809_0007_0046_0046_0046.jpg 1 7 46 46 46
0810_0025_0024_0063_0063.jpg 1 25 24 63 63
0811_0005_0037_0058_0058.jpg 1 5 37 58 58
0812_0042_0046_0038_0038.jpg 1 42 46 38 38
0813_0038_0031_0036_0036.jpg 1 38 31 36 36
0814_0037_0054_0036_0036.jpg 1 37 54 36 36
0815_0041_0031_0053_0053.jpg 1 41 31 53 53
0816_0010_0010_0063_0063.jpg 1 10 10 63 63
0817_0015_0039_0029_0029.jpg 1 15 39 29 29
0818_0026_0013_0054_0054.jpg 1 26 13 54 54
0819_0008_0035_0061_0061.jpg 1 8 35 61 61
0820_0009_0038_0055_0055.jpg 1 9 38 55 55
0821_0014_0049_0044_0044.jpg 1 14 49 44 44
0822_0043_0030_0042_0042.jpg 1 43 30 42 42
0823_0014_0011_0053_0053.jpg 1 14 11 53 53
0824_0012_0036_0042_0042.jpg 1 12 36 42 42
0825_0026_0022_0040_0040.jpg 1 26 22 40 40
0826_0017_0047_0032_0032.jpg 1 17 47 32 32
0827_0019_0004_0066_0066.jpg 1 19 4 66 66
0828_0029_0009_0062_0062.jpg 1 29 9 62 62
0829_0063_0044_0025_0025.jpg 1 63 44 25 25
0830_0042_0029_0045_0045.jpg 1 42 29 45 45
0831_0027_0032_0024_0024.jpg 1 27 32 24 24
0832_0015_0025_0066_0066.jpg 1 15 25 66 66
0833_0043_0044_0049_0049.jpg 1 43 44 49 49
0834_0021_0031_0041_0041.jpg 1 21 31 41 41
0835_0023_0043_0039_0039.jpg 1 23 43 39 39
0836_0032_0022_0059_0059.jpg 1 32 22 59 59
0837_0013_0021_0025_0025.jpg 1 13 21 25 25
0838_0015_0056_0036_0036.jpg 1 15 56 36 36
0839_0017_0038_0038_0038.jpg 1 17 38 38 38
0840_0012_0011_0059_0059.jpg 1 12 11 59 59
0841_0035_0031_0059_0059.jpg 1 35 31 59 59
0842_0032_0013_0057_0057.jpg 1 32 13 57 57
0843_0022_0026_0053_0053.jpg 1 22 26 53 53
0844_0014_0052_0035_0035.jpg 1 14 52 35 35
0845_0033_0005_0045_0045.jpg 1 33 5 45 45
0846_0021_0023_0056_0056.jpg 1 21 23 56 56
0847_0035_0040_0039_0039.jpg 1 35 40 39 39
0848_0044_0032_0041_0041.jpg 1 44 32 41 41
0849_0016_0013_0044_0044.jpg 1 16 13 44 44
0850_0051_0041_0038_0038.jpg 1 51 41 38 38
0851_0010_0017_0062_0062.jpg 1 10 17 62 62
0852_0014_0050_0037_0037.jpg 1 14 50 37 37
0853_0038_0040_0043_0043.jpg 1 38 40 43 43
0854_0010_0030_0061_0061.jpg 1 10 30 61 61
0855_0025_0039_0039_0039.jpg 1 25 39 39 39
0856_0018_0020_0061_0061.jpg 1 18 20 61 61
0857_0030_0023_0052_0052.jpg 1 30 23 52 52
0858_0022_0032_0048_0048.jpg 1 22 32 48 48
0859_0013_0007_0063_0063.jpg 1 13 7 63 63
0860_0045_0027_0036_0036.jpg 1 45 27 36 36
0861_0007_0008_0068_0068.jpg 1 7 8 68 68
0862_0034_0010_0042_0042.jpg 1 34 10 42 42
0863_0004_0018_0059_0059.jpg 1 4 18 59 59
0864_0025_0016_0032_0032.jpg 1 25 16 32 32
0865_0030_0029_0044_0044.jpg 1 30 29 44 44
0866_0036_0038_0057_0057.jpg 1 36 38 57 57
0867_0042_0009_0035_0035.jpg 1 42 9 35 35
0868_0030_0014_0043_0043.jpg 1 30 14 43 43
0869_0047_0018_0035_0035.jpg 1 47 18 35 35
0870_0037_0027_0045_0045.jpg 1 37 27 45 45
0871_0060_0012_0028_0028.jpg 1 60 12 28 28
0872_0015_0053_0027_0027.jpg 1 15 53 27 27
0873_0036_0051_0025_0025.jpg 1 36 51 25 25
0874_0026_0029_0049_0049.jpg 1 26 29 49 49
0875_0026_0032_0058_0058.jpg 1 26 32 58 58
0876_0043_0036_0040_0040.jpg 1 43 36 40 40
0877_0012_0006_0057_0057.jpg 1 12 6 57 57
0878_0011_0006_0037_0037.jpg 1 11 6 37 37
0879_0041_0025_0030_0030.jpg 1 41 25 30 30
0880_0036_0042_0026_0026.jpg 1 36 42 26 26
0881_0058_0045_0031_0031.jpg 1 58 45 31 31
0882_0018_0027_0050_0050.jpg 1 18 27 50 50
0883_0006_0006_0049_0049.jpg 1 6 6 49 49
0884_0045_0018_0047_0047.jpg 1 45 18 47 47
0885_0012_0025_0027_0027.jpg 1 12 25 27 27
0886_0030_0017_0062_0062.jpg 1 30 17 62 62
0887_0005_0010_0053_0053.jpg 1 5 10 53 53
0888_0039_0026_0038_0038.jpg 1 39 26 38 38
0889_0018_0042_0042_0042.jpg 1 18 42 42 42
0890_0005_0006_0063_0063.jpg 1 5 6 63 63
0891_0015_0028_0052_0052.jpg 1 15 28 52 52
0892_0012_0017_0026_0026.jpg 1 12 17 26 26
0893_0047_0052_0031_0031.jpg 1 47 52 31 31
0894_0060_0030_0028_0028.jpg 1 60 30 28 28
0895_0015_0023_0059_0059.jpg 1 15 23 59 59
0896_0010_0031_0062_0062.jpg 1 10 31 62 62
0897_0044_0044_0033_0033.jpg 1 44 44 33 33
0898_0009_0024_0061_0061.jpg 1 9 24 61 61
0899_0054_0037_0039_0039.jpg 1 54 37 39 39
0900_0028_0021_0051_0051.jpg 1 28 21 51 51
0901_0049_0047_0038_0038.jpg 1 49 47 38 38
0902_0038_0032_0056_0056.jpg 1 38 32 56 56
0903_0028_0008_0052_0052.jpg 1 28 8 52 52
0904_0020_0031_0056_0056.jpg 1 20 31 56 56
0905_0004_0022_0066_0066.jpg 1 4 22 66 66
0906_0015_0027_0033_0033.jpg 1 15 27 33 33
0907_0028_0026_0065_0065.jpg 1 28 26 65 65
0908_0031_0012_0039_0039.jpg 1 31 12 39 39
0909_0026_0011_0053_0053.jpg 1 26 11 53 53
0910_0007_0039_0052_0052.jpg 1 7 39 52 52
0911_0041_0035_0042_0042.jpg 1 41 35 42 42
0912_0030_0033_0060_0060.jpg 1 30 33 60 60
0913_0028_0027_0063_0063.jpg 1 28 27 63 63
0914_0020_0020_0047_0047.jpg 1 20 20 47 47
0915_0012_0020_0068_0068.jpg 1 12 20 68 68
0916_0035_0037_0044_0044.jpg 1 35 37 44 44
0917_0041_0031_0030_0030.jpg 1 41 31 30 30
0918_0043_0023_0036_0036.jpg 1 43 23 36 36
0919_0008_0051_0043_0043.jpg 1 8 51 43 43
0920_0035_0015_0028_0028.jpg 1 35 15 28 28
0921_0061_0017_0028_0028.jpg 1 61 17 28 28
0922_0013_0033_0039_0039.jpg 1 13 33 39 39
0923_0042_0021_0039_0039.jpg 1 42 21 39 39
0924_0025_0049_0027_0027.jpg 1 25 49 27 27
0925_0024_0052_0037_0037.jpg 1 24 52 37 37
0926_0007_0040_0030_0030.jpg 1 7 40 30 30
0927_0013_0040_0041_0041.jpg 1 13 40 41 41
0928_0062_0020_0024_0024.jpg 1 62 20 24 24
0929_0022_0021_0062_0062.jpg 1 22 21 62 62
0930_0020_0033_0038_0038.jpg 1 20 33 38 38
0931_0004_0012_0059_0059.jpg 1 4 12 59 59
0932_0023_0026_0069_0069.jpg 1 23 26 69 69
0933_0025_0023_0039_0039.jpg 1 25 23 39 39
0934_0013_0021_0052_0052.jpg 1 13 21 52 52
0935_0008_0024_0040_0040.jpg 1 8 24 40 40
0936_0058_0030_0026_0026.jpg 1 58 30 26 26
0937_0053_0056_0034_0034.jpg 1 53 56 34 34
0938_0021_0014_0060_0060.jpg 1 21 14 60 60
0939_0008_0023_0068_0068.jpg 1 8 23 68 68
0940_0039_0018_0032_0032.jpg 1 39 18 32 32
0941_0028_0016_0062_0062.jpg 1 28 16 62 62
0942_0054_0057_0030_0030.jpg 1 54 57 30 30
0943_0037_0043_0039_0039.jpg 1 37 43 39 39
0944_0020_0017_0028_0028.jpg 1 20 17 28 28
0945_0014_0031_0045_0045.jpg 1 14 31 45 45
0946_0018_0037_0054_0054.jpg 1 18 37 54 54
0947_0046_0043_0041_0041.jpg 1 46 43 41 41
0948_0029_0043_0051_0051.jpg 1 29 43 51 51
0949_0016_0029_0067_0067.jpg 1 16 29 67 67
0950_0022_0027_0054_0054.jpg 1 22 27 54 54
0951_0007_0010_0050_0050.jpg 1 7 10 50 50
0952_0043_0007_0030_0030.jpg 1 43 7 30 30
0953_0035_0034_0046_0046.jpg 1 35 34 46 46
0954_0005_0034_0049_0049.jpg 1 5 34 49 49
0955_0021_0007_0067_0067.jpg 1 21 7 67 67
0956_0043_0023_0032_0032.jpg 1 43 23 32 32
0957_0021_0050_0029_0029.jpg 1 21 50 29 29
0958_0031_0036_0038_0038.jpg 1 31 36 38 38
0959_0028_0040_0055_0055.jpg 1 28 40 55 55
0960_0024_0012_0069_0069.jpg 1 24 12 69 69
0961_0051_0058_0030_0030.jpg 1 51 58 30 30
0962_0006_0025_0059_0059.jpg 1 6 25 59 59
0963_0026_0025_0067_0067.jpg 1 26 25 67 67
0964_0026_0016_0069_0069.jpg 1 26 16 69 69
0965_0010_0031_0039_0039.jpg 1 10 31 39 39
0966_0035_0042_0026_0026.jpg 1 35 42 26 26
0967_0021_0006_0053_0053.jpg 1 21 6 53 53
0968_0014_0042_0042_0042.jpg 1 14 42 42 42
0969_0036_0027_0049_0049.jpg 1 36 27 49 49
0970_0030_0023_0027_0027.jpg 1 30 23 27 27
0971_0043_0030_0046_0046.jpg 1 43 30 46 46
0972_0043_0006_0051_0051.jpg 1 43 6 51 51
0973_0050_0048_0027_0027.jpg 1 50 48 27 27
0974_0006_0016_0060_0060.jpg 1 6 16 60 60
0975_0027_0045_0048_0048.jpg 1 27 45 48 48
0976_0026_0025_0044_0044.jpg 1 26 25 44 44
0977_0012_0031_0061_0061.jpg 1 12 31 61 61
0978_0046_0048_0038_0038.jpg 1 46 48 38 38
0979_0020_0008_0065_0065.jpg 1 20 8 65 65
0980_0010_0035_0044_0044.jpg 1 10 35 44 44
0981_0009_0015_0052_0052.jpg 1 9 15 52 52
0982_0013_0031_0057_0057.jpg 1 13 31 57 57
0983_0009_0028_0048_0048.jpg 1 9 28 48 48
0984_0009_0008_0055_0055.jpg 1 9 8 55 55
0985_0023_0034_0052_0052.jpg 1 23 34 52 52
0986_0004_0021_0051_0051.jpg 1 4 21 51 51
0987_0031_0040_0050_0050.jpg 1 31 40 50 50
0988_0021_0037_0038_0038.jpg 1 21 37 38 38
0989_0032_0044_0048_0048.jpg 1 32 44 48 48
0990_0009_0024_0068_0068.jpg 1 9 24 68 68
0991_0037_0034_0029_0029.jpg 1 37 34 29 29
0992_0058_0026_0028_0028.jpg 1 58 26 28 28
0993_0017_0042_0043_0043.jpg 1 17 42 43 43
0994_0010_0024_0058_0058.jpg 1 10 24 58 58
0995_0010_0015_0068_0068.jpg 1 10 15 68 68
0996_0015_0027_0066_0066.jpg 1 15 27 66 66
0997_0033_0008_0063_0063.jpg 1 33 8 63 63
0998_0007_0014_0069_0069.jpg 1 7 14 69 69
0999_0052_0031_0035_0035.jpg 1 52 31 35 35
1000_0008_0028_0061_0061.jpg 1 8 28 61 61
1001_0008_0003_0069_0069.jpg 1 8 3 69 69
1002_0029_0054_0038_0038.jpg 1 29 54 38 38
1003_0021_0012_0053_0053.jpg 1 21 12 53 53
1004_0048_0049_0038_0038.jpg 1 48 49 38 38
1005_0044_0018_0035_0035.jpg 1 44 18 35 35
1006_0036_0010_0039_0039.jpg 1 36 10 39 39
1007_0017_0034_0053_0053.jpg 1 17 34 53 53
1008_0050_0052_0034_0034.jpg 1 50 52 34 34
1009_0055_0033_0029_0029.jpg 1 55 33 29 29
1010_0042_0049_0044_0044.jpg 1 42 49 44 44
1011_0010_0047_0027_0027.jpg 1 10 47 27 27
1012_0020_0017_0045_0045.jpg 1 20 17 45 45
1013_0051_0045_0041_0041.jpg 1 51 45 41 41
1014_0041_0023_0051_0051.jpg 1 41 23 51 51
1015_0052_0059_0032_0032.jpg 1 52 59 32 32
1016_0058_0016_0033_0033.jpg 1 58 16 33 33
1017_0051_0024_0041_0041.jpg 1 51 24 41 41
1018_0057_0022_0030_0030.jpg 1 57 22 30 30
1019_0039_0016_0043_0043.jpg 1 39 16 43 43
1020_0058_0018_0034_0034.jpg 1 58 18 34 34
1021_0034_0018_0041_0041.jpg 1 34 18 41 41
1022_0035_0038_0040_0040.jpg 1 35 38 40 40
1023_0011_0028_0042_0042.jpg 1 11 28 42 42
1024_0021_0036_0057_0057.jpg 1 21 36 57 57
1025_0007_0008_0062_0062.jpg 1 7 8 62 62
1026_0036_0026_0053_0053.jpg 1 36 26 53 53
1027_0009_0038_0036_0036.jpg 1 9 38 36 36
1028_0054_0040_0032_0032.jpg 1 54 40 32 32
1029_0004_0035_0058_0058.jpg 1 4 35 58 58
1030_0019_0046_0027_0027.jpg 1 19 46 27 27
1031_0021_0013_0027_0027.jpg 1 21 13 27 27
1032_0011_0030_0064_0064.jpg 1 11 30 64 64
1033_0019_0053_0041_0041.jpg 1 19 53 41 41
1034_0019_0009_0066_0066.jpg 1 19 9 66 66
1035_0025_0004_0065_0065.jpg 1 25 4 65 65
1036_0010_0012_0025_0025.jpg 1 10 12 25 25
1037_0016_0015_0064_0064.jpg 1 16 15 64 64
1038_0020_0025_0061_0061.jpg 1 20 25 61 61
1039_0014_0014_0061_0061.jpg 1 14 14 61 61
1040_0017_0023_0057_0057.jpg 1 17 23 57 57
1041_0016_0033_0060_0060.jpg 1 16 33 60 60
1042_0006_0006_0064_0064.jpg 1 6 6 64 64
1043_0028_0028_0054_0054.jpg 1 28 28 54 54
1044_0035_0037_0025_0025.jpg 1 35 37 25 25
1045_0024_0004_0065_0065.jpg 1 24 4 65 65
1046_0032_0026_0045_0045.jpg 1 32 26 45 45
1047_0014_0009_0069_0069.jpg 1 14 9 69 69
1048_0038_0015_0037_0037.jpg 1 38 15 37 37
1049_0032_0026_0063_0063.jpg 1 32 26 63 63
1050_0014_0014_0033_0033.jpg 1 14 14 33 33
1051_0025_0027_0043_0043.jpg 1 25 27 43 43
1052_0045_0057_0025_0025.jpg 1 45 57 25 25
1053_0037_0044_0048_0048.jpg 1 37 44 48 48
1054_0004_0009_0067_0067.jpg 1 4 9 67 67
1055_0019_0039_0037_0037.jpg 1 19 39 37 37
1056_0009_0023_0031_0031.jpg 1 9 23 31 31
1057_0017_0018_0065_0065.jpg 1 17 18 65 65
1058_0006_0004_0069_0069.jpg 1 6 4 69 69
1059_0033_0026_0063_0063.jpg 1 33 26 63 63
1060_0004_0017_0059_0059.jpg 1 4 17 59 59
1061_0025_0038_0036_0036.jpg 1 25 38 36 36
1062_0005_0027_0068_0068.jpg 1 5 27 68 68
1063_0018_0044_0050_0050.jpg 1 18 44 50 50
1064_0029_0022_0059_0059.jpg 1 29 22 59 59
1065_0022_0039_0050_0050.jpg 1 22 39 50 50
1066_0043_0022_0036_0036.jpg 1 43 22 36 36
1067_0012_0015_0069_0069.jpg 1 12 15 69 69
1068_0037_0043_0042_0042.jpg 1 37 43 42 42
1069_0047_0018_0028_0028.jpg 1 47 18 28 28
1070_0052_0043_0026_0026.jpg 1 52 43 26 26
1071_0035_0011_0036_0036.jpg 1 35 11 36 36
1072_0031_0054_0030_0030.jpg 1 31 54 30 30
1073_0021_0007_0047_0047.jpg 1 21 7 47 47
1074_0027_0013_0057_0057.jpg 1 27 13 57 57
1075_0030_0042_0049_0049.jpg 1 30 42 49 49
1076_0032_0044_0038_0038.jpg 1 32 44 38 38
1077_0029_0038_0042_0042.jpg 1 29 38 42 42
1078_0037_0009_0053_0053.jpg 1 37 9 53 53
1079_0037_0043_0041_0041.jpg 1 37 43 41 41
1080_0008_0013_0054_0054.jpg 1 8 13 54 54
1081_0012_0005_0062_0062.jpg 1 12 5 62 62
1082_0053_0058_0031_0031.jpg 1 53 58 31 31
1083_0013_0032_0048_0048.jpg 1 13 32 48 48
1084_0032_0043_0028_0028.jpg 1 32 43 28 28
1085_0021_0032_0057_0057.jpg 1 21 32 57 57
1086_0039_0031_0025_0025.jpg 1 39 31 25 25
1087_0008_0012_0027_0027.jpg 1 8 12 27 27
1088_0029_0010_0051_0051.jpg 1 29 10 51 51
1089_0031_0008_0053_0053.jpg 1 31 8 53 53
1090_0012_0013_0063_0063.jpg 1 12 13 63 63
1091_0029_0015_0065_0065.jpg 1 29 15 65 65
1092_0039_0029_0025_0025.jpg 1 39 29 25 25
1093_0013_0016_0057_0057.jpg 1 13 16 57 57
1094_0036_0006_0055_0055.jpg 1 36 6 55 55
1095_0035_0023_0050_0050.jpg 1 35 23 50 50
1096_0027_0029_0034_0034.jpg 1 27 29 34 34
1097_0011_0025_0057_0057.jpg 1 11 25 57 57
1098_0017_0025_0064_0064.jpg 1 17 25 64 64
1099_0031_0052_0026_0026.jpg 1 31 52 26 26
1100_0027_0051_0043_0043.jpg 1 27 51 43 43
1101_0007_0007_0030_0030.jpg 1 7 7 30 30
1102_0021_0056_0024_0024.jpg 1 21 56 24 24
1103_0020_0050_0034_0034.jpg 1 20 50 34 34
1104_0016_0018_0060_0060.jpg 1 16 18 60 60
1105_0033_0015_0039_0039.jpg 1 33 15 39 39
1106_0023_0005_0045_0045.jpg 1 23 5 45 45
1107_0024_0012_0067_0067.jpg 1 24 12 67 67
1108_0046_0050_0029_0029.jpg 1 46 50 29 29
1109_0006_0037_0056_0056.jpg 1 6 37 56 56
1110_0035_0040_0040_0040.jpg 1 35 40 40 40
1111_0054_0008_0029_0029.jpg 1 54 8 29 29
1112_0029_0011_0031_0031.jpg 1 29 11 31 31
1113_0064_0038_0025_0025.jpg 1 64 38 25 25
1114_0040_0011_0045_0045.jpg 1 40 11 45 45
1115_0022_0042_0049_0049.jpg 1 22 42 49 49
1116_0022_0011_0059_0059.jpg 1 22 11 59 59
1117_0011_0016_0067_0067.jpg 1 11 16 67 67
1118_0010_0007_0043_0043.jpg 1 10 7 43 43
1119_0038_0017_0028_0028.jpg 1 38 17 28 28
1120_0018_0021_0046_0046.jpg 1 18 21 46 46
1121_0026_0009_0040_0040.jpg 1 26 9 40 40
1122_0048_0043_0041_0041.jpg 1 48 43 41 41
1123_0045_0045_0042_0042.jpg 1 45 45 42 42
1124_0040_0008_0024_0024.jpg 1 40 8 24 24
1125_0010_0039_0024_0024.jpg 1 10 39 24 24
1126_0035_0019_0060_0060.jpg 1 35 19 60 60
1127_0012_0020_0049_0049.jpg 1 12 20 49 49
1128_0010_0049_0028_0028.jpg 1 10 49 28 28
1129_0026_0016_0068_0068.jpg 1 26 16 68 68
1130_0033_0026_0048_0048.jpg 1 33 26 48 48
1131_0015_0033_0052_0052.jpg 1 15 33 52 52
1132_0038_0064_0027_0027.jpg 1 38 64 27 27
1133_0004_0005_0059_0059.jpg 1 4 5 59 59
1134_0016_0023_0059_0059.jpg 1 16 23 59 59
1135_0007_0050_0035_0035.jpg 1 7 50 35 35
1136_0026_0027_0062_0062.jpg 1 26 27 62 62
1137_0044_0051_0036_0036.jpg 1 44 51 36 36
1138_0008_0041_0051_0051.jpg 1 8 41 51 51
1139_0013_0025_0054_0054.jpg 1 13 25 54 54
1140_0017_0026_0052_0052.jpg 1 17 26 52 52
1141_0013_0023_0067_0067.jpg 1 13 23 67 67
1142_0024_0016_0068_0068.jpg 1 24 16 68 68
1143_0026_0050_0038_0038.jpg 1 26 50 38 38
1144_0044_0047_0044_0044.jpg 1 44 47 44 44
1145_0016_0018_0069_0069.jpg 1 16 18 69 69
1146_0022_0028_0060_0060.jpg 1 22 28 60 60
1147_0022_0011_0056_0056.jpg 1 22 11 56 56
1148_0035_0047_0041_0041.jpg 1 35 47 41 41
1149_0031_0015_0040_0040.jpg 1 31 15 40 40
1150_0031_0022_0062_0062.jpg 1 31 22 62 62
1151_0012_0019_0064_0064.jpg 1 12 19 64 64
1152_0007_0015_0062_0062.jpg 1 7 15 62 62
1153_0022_0006_0066_0066.jpg 1 22 6 66 66
1154_0010_0005_0065_0065.jpg 1 10 5 65 65
1155_0009_0028_0059_0059.jpg 1 9 28 59 59
1156_0062_0051_0026_0026.jpg 1 62 51 26 26
1157_0045_0021_0029_0029.jpg 1 45 21 29 29
1158_0011_0026_0067_0067.jpg 1 11 26 67 67
1159_0020_0036_0058_0058.jpg 1 20 36 58 58
1160_0020_0049_0028_0028.jpg 1 20 49 28 28
1161_0010_0037_0038_0038.jpg 1 10 37 38 38
1162_0025_0018_0067_0067.jpg 1 25 18 67 67
1163_0019_0012_0049_0049.jpg 1 19 12 49 49
1164_0008_0012_0040_0040.jpg 1 8 12 40 40
1165_0034_0025_0048_0048.jpg 1 34 25 48 48
1166_0050_0049_0044_0044.jpg 1 50 49 44 44
1167_0045_0040_0048_0048.jpg 1 45 40 48 48
1168_0009_0048_0037_0037.jpg 1 9 48 37 37
1169_0008_0023_0067_0067.jpg 1 8 23 67 67
1170_0034_0035_0047_0047.jpg 1 34 35 47 47
1171_0029_0007_0054_0054.jpg 1 29 7 54 54
1172_0033_0015_0057_0057.jpg 1 33 15 57 57
1173_0023_0025_0043_0043.jpg 1 23 25 43 43
1174_0007_0033_0057_0057.jpg 1 7 33 57 57
1175_0022_0035_0047_0047.jpg 1 22 35 47 47
1176_0027_0030_0063_0063.jpg 1 27 30 63 63
1177_0020_0010_0053_0053.jpg 1 20 10 53 53
1178_0035_0037_0051_0051.jpg 1 35 37 51 51
1179_0019_0006_0057_0057.jpg 1 19 6 57 57
1180_0017_0011_0048_0048.jpg 1 17 11 48 48
1181_0004_0005_0061_0061.jpg 1 4 5 61 61
1182_0013_0019_0063_0063.jpg 1 13 19 63 63
1183_0049_0051_0032_0032.jpg 1 49 51 32 32
1184_0022_0032_0061_0061.jpg 1 22 32 61 61
1185_0029_0007_0060_0060.jpg 1 29 7 60 60
1186_0053_0017_0025_0025.jpg 1 53 17 25 25
1187_0016_0009_0036_0036.jpg 1 16 9 36 36
1188_0040_0046_0046_0046.jpg 1 40 46 46 46
1189_0008_0029_0044_0044.jpg 1 8 29 44 44
1190_0005_0023_0067_0067.jpg 1 5 23 67 67
1191_0032_0041_0025_0025.jpg 1 32 41 25 25
1192_0021_0005_0060_0060.jpg 1 21 5 60 60
1193_0019_0008_0037_0037.jpg 1 19 8 37 37
1194_0009_0021_0062_0062.jpg 1 9 21 62 62
1195_0036_0010_0040_0040.jpg 1 36 10 40 40
1196_0009_0008_0051_0051.jpg 1 9 8 51 51
1197_0040_0047_0040_0040.jpg 1 40 47 40 40
1198_0006_0011_0047_0047.jpg 1 6 11 47 47
1199_0013_0026_0033_0033.jpg 1 13 26 33 33
1200_0046_0039_0043_0043.jpg 1 46 39 43 43
1201_0019_0022_0066_0066.jpg 1 19 22 66 66
1202_0024_0046_0025_0025.jpg 1 24 46 25 25
1203_0020_0006_0058_0058.jpg 1 20 6 58 58
1204_0029_0022_0067_0067.jpg 1 29 22 67 67
1205_0009_0031_0061_0061.jpg 1 9 31 61 61
1206_0038_0020_0043_0043.jpg 1 38 20 43 43
1207_0023_0031_0048_0048.jpg 1 23 31 48 48
1208_0025_0050_0041_0041.jpg 1 25 50 41 41
1209_0049_0025_0044_0044.jpg 1 49 25 44 44
1210_0013_0005_0062_0062.jpg 1 13 5 62 62
1211_0018_0036_0055_0055.jpg 1 18 36 55 55
1212_0032_0035_0030_0030.jpg 1 32 35 30 30
1213_0016_0012_0069_0069.jpg 1 16 12 69 69
1214_0033_0019_0056_0056.jpg 1 33 19 56 56
1215_0042_0013_0040_0040.jpg 1 42 13 40 40
1216_0050_0018_0032_0032.jpg 1 50 18 32 32
1217_0021_0008_0039_0039.jpg 1 21 8 39 39
1218_0008_0011_0064_0064.jpg 1 8 11 64 64
1219_0055_0040_0030_0030.jpg 1 55 40 30 30
1220_0041_0040_0037_0037.jpg 1 41 40 37 37
1221_0012_0025_0062_0062.jpg 1 12 25 62 62
1222_0006_0009_0058_0058.jpg 1 6 9 58 58
1223_0035_0023_0055_0055.jpg 1 35 23 55 55
1224_0051_0042_0034_0034.jpg 1 51 42 34 34
1225_0059_0057_0034_0034.jpg 1 59 57 34 34
1226_0036_0034_0057_0057.jpg 1 36 34 57 57
1227_0007_0027_0064_0064.jpg 1 7 27 64 64
1228_0016_0018_0061_0061.jpg 1 16 18 61 61
1229_0057_0046_0026_0026.jpg 1 57 46 26 26
1230_0052_0031_0024_0024.jpg 1 52 31 24 24
1231_0008_0019_0065_0065.jpg 1 8 19 65 65
1232_0013_0014_0042_0042.jpg 1 13 14 42 42
1233_0051_0007_0040_0040.jpg 1 51 7 40 40
1234_0008_0027_0061_0061.jpg 1 8 27 61 61
1235_0019_0006_0060_0060.jpg 1 19 6 60 60
1236_0029_0019_0058_0058.jpg 1 29 19 58 58
1237_0054_0022_0035_0035.jpg 1 54 22 35 35
1238_0023_0016_0065_0065.jpg 1 23 16 65 65
1239_0043_0022_0026_0026.jpg 1 43 22 26 26
1240_0005_0028_0067_0067.jpg 1 5 28 67 67
1241_0019_0014_0038_0038.jpg 1 19 14 38 38
1242_0026_0050_0038_0038.jpg 1 26 50 38 38
1243_0013_0037_0052_0052.jpg 1 13 37 52 52
1244_0023_0016_0062_0062.jpg 1 23 16 62 62
1245_0008_0017_0063_0063.jpg 1 8 17 63 63
1246_0014_0008_0025_0025.jpg 1 14 8 25 25
1247_0038_0014_0044_0044.jpg 1 38 14 44 44
1248_0044_0008_0049_0049.jpg 1 44 8 49 49
1249_0019_0007_0048_0048.jpg 1 19 7 48 48
1250_0057_0013_0033_0033.jpg 1 57 13 33 33
1251_0022_0018_0051_0051.jpg 1 22 18 51 51
1252_0006_0006_0045_0045.jpg 1 6 6 45 45
1253_0032_0015_0034_0034.jpg 1 32 15 34 34
1254_0026_0008_0051_0051.jpg 1 26 8 51 51
1255_0015_0007_0051_0051.jpg 1 15 7 51 51
1256_0030_0033_0033_0033.jpg 1 30 33 33 33
1257_0009_0030_0025_0025.jpg 1 9 30 25 25
1258_0051_0037_0027_0027.jpg 1 51 37 27 27
1259_0049_0013_0043_0043.jpg 1 49 13 43 43
1260_0015_0021_0048_0048.jpg 1 15 21 48 48
1261_0063_0063_0027_0027.jpg 1 63 63 27 27
1262_0057_0017_0028_0028.jpg 1 57 17 28 28
1263_0034_0023_0056_0056.jpg 1 34 23 56 56
1264_0045_0051_0030_0030.jpg 1 45 51 30 30
1265_0017_0042_0032_0032.jpg 1 17 42 32 32
1266_0020_0016_0056_0056.jpg 1 20 16 56 56
1267_0033_0040_0041_0041.jpg 1 33 40 41 41
1268_0008_0010_0054_0054.jpg 1 8 10 54 54
1269_0008_0018_0064_0064.jpg 1 8 18 64 64
1270_0038_0010_0050_0050.jpg 1 38 10 50 50
1271_0018_0005_0050_0050.jpg 1 18 5 50 50
1272_0033_0032_0053_0053.jpg 1 33 32 53 53
1273_0036_0029_0055_0055.jpg 1 36 29 55 55
1274_0043_0015_0047_0047.jpg 1 43 15 47 47
1275_0014_0013_0067_0067.jpg 1 14 13 67 67
1276_0035_0004_0058_0058.jpg 1 35 4 58 58
1277_0039_0008_0052_0052.jpg 1 39 8 52 52
1278_0010_0024_0067_0067.jpg 1 10 24 67 67
1279_0021_0027_0032_0032.jpg 1 21 27 32 32
1280_0033_0047_0025_0025.jpg 1 33 47 25 25
1281_0010_0021_0058_0058.jpg 1 10 21 58 58
1282_0011_0018_0028_0028.jpg 1 11 18 28 28
1283_0009_0008_0060_0060.jpg 1 9 8 60 60
1284_0006_0011_0039_0039.jpg 1 6 11 39 39
1285_0005_0005_0061_0061.jpg 1 5 5 61 61
1286_0012_0028_0053_0053.jpg 1 12 28 53 53
1287_0007_0011_0055_0055.jpg 1 7 11 55 55
1288_0011_0021_0053_0053.jpg 1 11 21 53 53
1289_0010_0014_0046_0046.jpg 1 10 14 46 46
1290_0015_0021_0026_0026.jpg 1 15 21 26 26
1291_0014_0013_0032_0032.jpg 1 14 13 32 32
1292_0010_0028_0030_0030.jpg 1 10 28 30 30
1293_0059_0043_0024_0024.jpg 1 59 43 24 24
1294_0026_0025_0065_0065.jpg 1 26 25 65 65
1295_0054_0061_0028_0028.jpg 1 54 61 28 28
1296_0026_0008_0030_0030.jpg 1 26 8 30 30
1297_0012_0031_0064_0064.jpg 1 12 31 64 64
1298_0020_0015_0054_0054.jpg 1 20 15 54 54
1299_0040_0016_0042_0042.jpg 1 40 16 42 42
1300_0036_0017_0056_0056.jpg 1 36 17 56 56
1301_0035_0012_0029_0029.jpg 1 35 12 29 29
1302_0030_0009_0066_0066.jpg 1 30 9 66 66
1303_0021_0038_0052_0052.jpg 1 21 38 52 52
1304_0022_0007_0049_0049.jpg 1 22 7 49 49
1305_0037_0013_0041_0041.jpg 1 37 13 41 41
1306_0024_0010_0040_0040.jpg 1 24 10 40 40
1307_0016_0024_0047_0047.jpg 1 16 24 47 47
1308_0012_0036_0041_0041.jpg 1 12 36 41 41
1309_0016_0010_0069_0069.jpg 1 16 10 69 69
1310_0010_0028_0052_0052.jpg 1 10 28 52 52
1311_0023_0012_0040_0040.jpg 1 23 12 40 40
1312_0038_0036_0054_0054.jpg 1 38 36 54 54
1313_0019_0011_0061_0061.jpg 1 19 11 61 61
1314_0011_0020_0058_0058.jpg 1 11 20 58 58
1315_0029_0030_0061_0061.jpg 1 29 30 61 61
1316_0012_0031_0047_0047.jpg 1 12 31 47 47
1317_0031_0005_0064_0064.jpg 1 31 5 64 64
1318_0030_0024_0062_0062.jpg 1 30 24 62 62
1319_0031_0006_0063_0063.jpg 1 31 6 63 63
1320_0009_0017_0067_0067.jpg 1 9 17 67 67
1321_0054_0027_0031_0031.jpg 1 54 27 31 31
1322_0033_0010_0062_0062.jpg 1 33 10 62 62
1323_0007_0023_0041_0041.jpg 1 7 23 41 41
1324_0025_0037_0034_0034.jpg 1 25 37 34 34
1325_0042_0062_0024_0024.jpg 1 42 62 24 24
1326_0014_0035_0059_0059.jpg 1 14 35 59 59
1327_0041_0007_0053_0053.jpg 1 41 7 53 53
1328_0004_0019_0065_0065.jpg 1 4 19 65 65
1329_0037_0022_0058_0058.jpg 1 37 22 58 58
1330_0016_0033_0061_0061.jpg 1 16 33 61 61
1331_0020_0021_0040_0040.jpg 1 20 21 40 40
1332_0026_0034_0060_0060.jpg 1 26 34 60 60
1333_0025_0049_0030_0030.jpg 1 25 49 30 30
1334_0022_0037_0050_0050.jpg 1 22 37 50 50
1335_0027_0018_0061_0061.jpg 1 27 18 61 61
1336_0030_0030_0064_0064.jpg 1 30 30 64 64
1337_0037_0024_0036_0036.jpg 1 37 24 36 36
1338_0038_0027_0040_0040.jpg 1 38 27 40 40
1339_0019_0010_0049_0049.jpg 1 19 10 49 49
1340_0045_0025_0024_0024.jpg 1 45 25 24 24
1341_0042_0027_0051_0051.jpg 1 42 27 51 51
1342_0027_0032_0051_0051.jpg 1 27 32 51 51
1343_0025_0008_0069_0069.jpg 1 25 8 69 69
1344_0022_0029_0035_0035.jpg 1 22 29 35 35
1345_0029_0006_0050_0050.jpg 1 29 6 50 50
1346_0046_0039_0035_0035.jpg 1 46 39 35 35
1347_0013_0022_0046_0046.jpg 1 13 22 46 46
1348_0017_0019_0052_0052.jpg 1 17 19 52 52
1349_0044_0029_0024_0024.jpg 1 44 29 24 24
1350_0034_0016_0056_0056.jpg 1 34 16 56 56
1351_0050_0013_0024_0024.jpg 1 50 13 24 24
1352_0018_0027_0038_0038.jpg 1 18 27 38 38
1353_0044_0031_0051_0051.jpg 1 44 31 51 51
1354_0024_0042_0049_0049.jpg 1 24 42 49 49
1355_0008_0038_0035_0035.jpg 1 8 38 35 35
1356_0030_0027_0031_0031.jpg 1 30 27 31 31
1357_0022_0007_0045_0045.jpg 1 22 7 45 45
1358_0009_0025_0067_0067.jpg 1 9 25 67 67
1359_0009_0044_0028_0028.jpg 1 9 44 28 28
1360_0019_0005_0056_0056.jpg 1 19 5 56 56
1361_0030_0026_0058_0058.jpg 1 30 26 58 58
1362_0028_0038_0045_0045.jpg 1 28 38 45 45
1363_0027_0017_0050_0050.jpg 1 27 17 50 50
1364_0023_0024_0067_0067.jpg 1 23 24 67 67
1365_0009_0049_0025_0025.jpg 1 9 49 25 25
1366_0012_0022_0041_0041.jpg 1 12 22 41 41
1367_0028_0020_0062_0062.jpg 1 28 20 62 62
1368_0051_0051_0034_0034.jpg 1 51 51 34 34
1369_0027_0042_0044_0044.jpg 1 27 42 44 44
1370_0029_0018_0057_0057.jpg 1 29 18 57 57
1371_0031_0025_0032_0032.jpg 1 31 25 32 32
1372_0026_0021_0054_0054.jpg 1 26 21 54 54
1373_0021_0013_0043_0043.jpg 1 21 13 43 43
1374_0006_0023_0058_0058.jpg 1 6 23 58 58
1375_0012_0041_0047_0047.jpg 1 12 41 47 47
1376_0018_0021_0066_0066.jpg 1 18 21 66 66
1377_0023_0024_0028_0028.jpg 1 23 24 28 28
1378_0012_0037_0032_0032.jpg 1 12 37 32 32
1379_0044_0030_0039_0039.jpg 1 44 30 39 39
1380_0025_0010_0038_0038.jpg 1 25 10 38 38
1381_0017_0025_0039_0039.jpg 1 17 25 39 39
1382_0011_0012_0054_0054.jpg 1 11 12 54 54
1383_0019_0025_0035_0035.jpg 1 19 25 35 35
1384_0010_0037_0056_0056.jpg 1 10 37 56 56
1385_0041_0023_0053_0053.jpg 1 41 23 53 53
1386_0029_0051_0034_0034.jpg 1 29 51 34 34
1387_0055_0039_0029_0029.jpg 1 55 39 29 29
1388_0016_0020_0058_0058.jpg 1 16 20 58 58
1389_0017_0019_0033_0033.jpg 1 17 19 33 33
1390_0010_0017_0046_0046.jpg 1 10 17 46 46
1391_0011_0028_0066_0066.jpg 1 11 28 66 66
1392_0004_0026_0055_0055.jpg 1 4 26 55 55
1393_0019_0010_0065_0065.jpg 1 19 10 65 65
1394_0029_0009_0053_0053.jpg 1 29 9 53 53
1395_0038_0038_0043_0043.jpg 1 38 38 43 43
1396_0019_0044_0048_0048.jpg 1 19 44 48 48
1397_0057_0046_0030_0030.jpg 1 57 46 30 30
1398_0022_0008_0067_0067.jpg 1 22 8 67 67
1399_0030_0032_0036_0036.jpg 1 30 32 36 36
1400_0029_0010_0066_0066.jpg 1 29 10 66 66
1401_0055_0036_0035_0035.jpg 1 55 36 35 35
1402_0028_0044_0028_0028.jpg 1 28 44 28 28
1403_0038_0035_0054_0054.jpg 1 38 35 54 54
1404_0035_0023_0044_0044.jpg 1 35 23 44 44
1405_0036_0010_0043_0043.jpg 1 36 10 43 43
1406_0062_0035_0030_0030.jpg 1 62 35 30 30
1407_0011_0057_0034_0034.jpg 1 11 57 34 34
1408_0017_0026_0056_0056.jpg 1 17 26 56 56
1409_0029_0035_0055_0055.jpg 1 29 35 55 55
1410_0016_0011_0057_0057.jpg 1 16 11 57 57
1411_0009_0043_0028_0028.jpg 1 9 43 28 28
1412_0025_0015_0060_0060.jpg 1 25 15 60 60
1413_0065_0028_0027_0027.jpg 1 65 28 27 27
1414_0035_0055_0031_0031.jpg 1 35 55 31 31
1415_0016_0007_0056_0056.jpg 1 16 7 56 56
1416_0007_0032_0061_0061.jpg 1 7 32 61 61
1417_0038_0048_0029_0029.jpg 1 38 48 29 29
1418_0021_0028_0067_0067.jpg 1 21 28 67 67
1419_0043_0008_0041_0041.jpg 1 43 8 41 41
1420_0006_0032_0063_0063.jpg 1 6 32 63 63
1421_0011_0034_0061_0061.jpg 1 11 34 61 61
1422_0022_0044_0033_0033.jpg 1 22 44 33 33
1423_0014_0037_0028_0028.jpg 1 14 37 28 28
1424_0032_0052_0041_0041.jpg 1 32 52 41 41
1425_0028_0029_0065_0065.jpg 1 28 29 65 65
1426_0007_0008_0056_0056.jpg 1 7 8 56 56
1427_0031_0027_0047_0047.jpg 1 31 27 47 47
1428_0010_0017_0041_0041.jpg 1 10 17 41 41
1429_0006_0007_0063_0063.jpg 1 6 7 63 63
1430_0011_0019_0065_0065.jpg 1 11 19 65 65
1431_0023_0022_0051_0051.jpg 1 23 22 51 51
1432_0033_0005_0049_0049.jpg 1 33 5 49 49
1433_0025_0030_0053_0053.jpg 1 25 30 53 53
1434_0034_0028_0049_0049.jpg 1 34 28 49 49
1435_0007_0026_0039_0039.jpg 1 7 26 39 39
1436_0017_0059_0034_0034.jpg 1 17 59 34 34
1437_0012_0031_0064_0064.jpg 1 12 31 64 64
1438_0060_0062_0028_0028.jpg 1 60 62 28 28
1439_0019_0027_0032_0032.jpg 1 19 27 32 32
1440_0025_0020_0049_0049.jpg 1 25 20 49 49
1441_0010_0061_0031_0031.jpg 1 10 61 31 31
1442_0062_0009_0028_0028.jpg 1 62 9 28 28
1443_0043_0043_0046_0046.jpg 1 43 43 46 46
1444_0053_0008_0036_0036.jpg 1 53 8 36 36
1445_0035_0049_0044_0044.jpg 1 35 49 44 44
1446_0016_0035_0050_0050.jpg 1 16 35 50 50
1447_0012_0040_0038_0038.jpg 1 12 40 38 38
1448_0031_0048_0029_0029.jpg 1 31 48 29 29
1449_0014_0021_0037_0037.jpg 1 14 21 37 37
1450_0029_0015_0040_0040.jpg 1 29 15 40 40
1451_0034_0027_0060_0060.jpg 1 34 27 60 60
1452_0016_0037_0039_0039.jpg 1 16 37 39 39
1453_0019_0016_0033_0033.jpg 1 19 16 33 33
1454_0013_0005_0063_0063.jpg 1 13 5 63 63
1455_0019_0010_0048_0048.jpg 1 19 10 48 48
1456_0018_0020_0065_0065.jpg 1 18 20 65 65
1457_0024_0017_0048_0048.jpg 1 24 17 48 48
1458_0026_0014_0032_0032.jpg 1 26 14 32 32
1459_0041_0050_0032_0032.jpg 1 41 50 32 32
1460_0032_0050_0026_0026.jpg 1 32 50 26 26
1461_0016_0017_0042_0042.jpg 1 16 17 42 42
1462_0005_0004_0063_0063.jpg 1 5 4 63 63
1463_0022_0014_0038_0038.jpg 1 22 14 38 38
1464_0007_0029_0046_0046.jpg 1 7 29 46 46
1465_0031_0035_0027_0027.jpg 1 31 35 27 27
1466_0022_0008_0066_0066.jpg 1 22 8 66 66
1467_0024_0048_0036_0036.jpg 1 24 48 36 36
1468_0019_0026_0054_0054.jpg 1 19 26 54 54
1469_0035_0024_0028_0028.jpg 1 35 24 28 28
1470_0032_0031_0036_0036.jpg 1 32 31 36 36
1471_0027_0042_0040_0040.jpg 1 27 42 40 40
1472_0016_0011_0055_0055.jpg 1 16 11 55 55
1473_0046_0044_0048_0048.jpg 1 46 44 48 48
1474_0009_0052_0036_0036.jpg 1 9 52 36 36
1475_0044_0030_0049_0049.jpg 1 44 30 49 49
1476_0016_0028_0047_0047.jpg 1 16 28 47 47
1477_0015_0014_0061_0061.jpg 1 15 14 61 61
1478_0021_0017_0040_0040.jpg 1 21 17 40 40
1479_0025_0021_0048_0048.jpg 1 25 21 48 48
1480_0054_0039_0024_0024.jpg 1 54 39 24 24
1481_0017_0004_0066_0066.jpg 1 17 4 66 66
1482_0006_0039_0046_0046.jpg 1 6 39 46 46
1483_0039_0011_0027_0027.jpg 1 39 11 27 27
1484_0042_0030_0037_0037.jpg 1 42 30 37 37
1485_0010_0014_0040_0040.jpg 1 10 14 40 40
1486_0018_0011_0064_0064.jpg 1 18 11 64 64
1487_0022_0026_0051_0051.jpg 1 22 26 51 51
1488_0014_0026_0049_0049.jpg 1 14 26 49 49
1489_0046_0045_0044_0044.jpg 1 46 45 44 44
1490_0046_0011_0045_0045.jpg 1 46 11 45 45
1491_0020_0039_0054_0054.jpg 1 20 39 54 54
1492_0023_0042_0030_0030.jpg 1 23 42 30 30
1493_0024_0012_0068_0068.jpg 1 24 12 68 68
1494_0029_0017_0060_0060.jpg 1 29 17 60 60
1495_0009_0007_0035_0035.jpg 1 9 7 35 35
1496_0019_0003_0069_0069.jpg 1 19 3 69 69
1497_0016_0036_0034_0034.jpg 1 16 36 34 34
1498_0007_0029_0031_0031.jpg 1 7 29 31 31
1499_0021_0018_0034_0034.jpg 1 21 18 34 34
1500_0031_0040_0043_0043.jpg 1 31 40 43 43
1501_0033_0031_0050_0050.jpg 1 33 31 50 50
1502_0037_0034_0049_0049.jpg 1 37 34 49 49
1503_0027_0018_0059_0059.jpg 1 27 18 59 59
1504_0017_0025_0038_0038.jpg 1 17 25 38 38
1505_0033_0047_0035_0035.jpg 1 33 47 35 35
1506_0015_0019_0066_0066.jpg 1 15 19 66 66
1507_0017_0035_0046_0046.jpg 1 17 35 46 46
1508_0024_0015_0065_0065.jpg 1 24 15 65 65
1509_0053_0030_0029_0029.jpg 1 53 30 29 29
1510_0025_0056_0026_0026.jpg 1 25 56 26 26
1511_0037_0053_0029_0029.jpg 1 37 53 29 29
1512_0025_0033_0060_0060.jpg 1 25 33 60 60
1513_0037_0044_0041_0041.jpg 1 37 44 41 41
1514_0052_0014_0024_0024.jpg 1 52 14 24 24
1515_0026_0035_0049_0049.jpg 1 26 35 49 49
1516_0020_0028_0063_0063.jpg 1 20 28 63 63
1517_0054_0041_0038_0038.jpg 1 54 41 38 38
1518_0018_0035_0060_0060.jpg 1 18 35 60 60
1519_0020_0032_0063_0063.jpg 1 20 32 63 63
1520_0015_0052_0032_0032.jpg 1 15 52 32 32
1521_0052_0041_0041_0041.jpg 1 52 41 41 41
1522_0041_0032_0033_0033.jpg 1 41 32 33 33
1523_0050_0030_0024_0024.jpg 1 50 30 24 24
1524_0015_0030_0042_0042.jpg 1 15 30 42 42
1525_0008_0006_0068_0068.jpg 1 8 6 68 68
1526_0006_0017_0042_0042.jpg 1 6 17 42 42
1527_0033_0009_0046_0046.jpg 1 33 9 46 46
1528_0013_0010_0032_0032.jpg 1 13 10 32 32
1529_0016_0013_0063_0063.jpg 1 16 13 63 63
1530_0034_0035_0048_0048.jpg 1 34 35 48 48
1531_0063_0055_0026_0026.jpg 1 63 55 26 26
1532_0021_0015_0032_0032.jpg 1 21 15 32 32
1533_0011_0020_0064_0064.jpg 1 11 20 64 64
1534_0009_0024_0064_0064.jpg 1 9 24 64 64
1535_0008_0005_0063_0063.jpg 1 8 5 63 63
1536_0030_0020_0062_0062.jpg 1 30 20 62 62
1537_0059_0007_0032_0032.jpg 1 59 7 32 32
1538_0038_0028_0055_0055.jpg 1 38 28 55 55
1539_0020_0030_0051_0051.jpg 1 20 30 51 51
1540_0026_0027_0061_0061.jpg 1 26 27 61 61
1541_0005_0011_0064_0064.jpg 1 5 11 64 64
1542_0019_0018_0058_0058.jpg 1 19 18 58 58
1543_0022_0020_0064_0064.jpg 1 22 20 64 64
1544_0045_0043_0025_0025.jpg 1 45 43 25 25
1545_0052_0035_0037_0037.jpg 1 52 35 37 37
1546_0032_0005_0046_0046.jpg 1 32 5 46 46
1547_0014_0006_0062_0062.jpg 1 14 6 62 62
1548_0017_0022_0027_0027.jpg 1 17 22 27 27
1549_0014_0019_0058_0058.jpg 1 14 19 58 58
1550_0016_0020_0030_0030.jpg 1 16 20 30 30
1551_0026_0035_0055_0055.jpg 1 26 35 55 55
1552_0029_0036_0047_0047.jpg 1 29 36 47 47
1553_0023_0020_0058_0058.jpg 1 23 20 58 58
1554_0024_0010_0064_0064.jpg 1 24 10 64 64
1555_0028_0028_0067_0067.jpg 1 28 28 67 67
1556_0024_0004_0067_0067.jpg 1 24 4 67 67
1557_0050_0048_0039_0039.jpg 1 50 48 39 39
1558_0040_0015_0046_0046.jpg 1 40 15 46 46
1559_0045_0033_0030_0030.jpg 1 45 33 30 30
1560_0058_0044_0031_0031.jpg 1 58 44 31 31
1561_0041_0044_0041_0041.jpg 1 41 44 41 41
1562_0053_0053_0024_0024.jpg 1 53 53 24 24
1563_0041_0031_0039_0039.jpg 1 41 31 39 39
1564_0057_0036_0035_0035.jpg 1 57 36 35 35
1565_0003_0012_0065_0065.jpg 1 3 12 65 65
1566_0015_0035_0039_0039.jpg 1 15 35 39 39
1567_0039_0041_0044_0044.jpg 1 39 41 44 44
1568_0048_0042_0034_0034.jpg 1 48 42 34 34
1569_0061_0047_0027_0027.jpg 1 61 47 27 27
1570_0016_0010_0064_0064.jpg 1 16 10 64 64
1571_0009_0010_0042_0042.jpg 1 9 10 42 42
1572_0039_0050_0033_0033.jpg 1 39 50 33 33
1573_0018_0030_0062_0062.jpg 1 18 30 62 62
1574_0011_0045_0030_0030.jpg 1 11 45 30 30
1575_0015_0030_0066_0066.jpg 1 15 30 66 66
1576_0010_0048_0040_0040.jpg 1 10 48 40 40
1577_0029_0005_0052_0052.jpg 1 29 5 52 52
1578_0022_0005_0060_0060.jpg 1 22 5 60 60
1579_0040_0010_0038_0038.jpg 1 40 10 38 38
1580_0034_0026_0045_0045.jpg 1 34 26 45 45
1581_0010_0022_0060_0060.jpg 1 10 22 60 60
1582_0013_0014_0054_0054.jpg 1 13 14 54 54
1583_0008_0014_0045_0045.jpg 1 8 14 45 45
1584_0036_0045_0036_0036.jpg 1 36 45 36 36
1585_0053_0015_0037_0037.jpg 1 53 15 37 37
1586_0015_0016_0048_0048.jpg 1 15 16 48 48
1587_0012_0018_0066_0066.jpg 1 12 18 66 66
1588_0036_0025_0030_0030.jpg 1 36 25 30 30
1589_0015_0006_0067_0067.jpg 1 15 6 67 67
1590_0008_0032_0062_0062.jpg 1 8 32 62 62
1591_0016_0020_0066_0066.jpg 1 16 20 66 66
1592_0031_0014_0024_0024.jpg 1 31 14 24 24
1593_0013_0045_0044_0044.jpg 1 13 45 44 44
1594_0020_0019_0030_0030.jpg 1 20 19 30 30
1595_0022_0018_0027_0027.jpg 1 22 18 27 27
1596_0022_0028_0066_0066.jpg 1 22 28 66 66
1597_0031_0008_0064_0064.jpg 1 31 8 64 64
1598_0042_0013_0050_0050.jpg 1 42 13 50 50
1599_0025_0030_0064_0064.jpg 1 25 30 64 64
1600_0007_0016_0068_0068.jpg 1 7 16 68 68
1601_0043_0026_0048_0048.jpg 1 43 26 48 48
1602_0021_0011_0069_0069.jpg 1 21 11 69 69
1603_0025_0013_0067_0067.jpg 1 25 13 67 67
1604_0039_0037_0033_0033.jpg 1 39 37 33 33
1605_0011_0054_0032_0032.jpg 1 11 54 32 32
1606_0043_0014_0043_0043.jpg 1 43 14 43 43
1607_0034_0005_0058_0058.jpg 1 34 5 58 58
1608_0014_0043_0049_0049.jpg 1 14 43 49 49
1609_0017_0029_0039_0039.jpg 1 17 29 39 39
1610_0006_0019_0067_0067.jpg 1 6 19 67 67
1611_0029_0021_0035_0035.jpg 1 29 21 35 35
1612_0012_0026_0069_0069.jpg 1 12 26 69 69
1613_0025_0021_0067_0067.jpg 1 25 21 67 67
1614_0022_0009_0027_0027.jpg 1 22 9 27 27
1615_0011_0032_0057_0057.jpg 1 11 32 57 57
1616_0024_0049_0035_0035.jpg 1 24 49 35 35
1617_0024_0033_0042_0042.jpg 1 24 33 42 42
1618_0064_0051_0026_0026.jpg 1 64 51 26 26
1619_0023_0048_0041_0041.jpg 1 23 48 41 41
1620_0008_0043_0036_0036.jpg 1 8 43 36 36
1621_0013_0017_0064_0064.jpg 1 13 17 64 64
1622_0048_0049_0024_0024.jpg 1 48 49 24 24
1623_0044_0037_0041_0041.jpg 1 44 37 41 41
1624_0017_0027_0031_0031.jpg 1 17 27 31 31
1625_0055_0035_0029_0029.jpg 1 55 35 29 29
1626_0004_0011_0063_0063.jpg 1 4 11 63 63
1627_0023_0010_0065_0065.jpg 1 23 10 65 65
1628_0033_0037_0042_0042.jpg 1 33 37 42 42
1629_0046_0045_0046_0046.jpg 1 46 45 46 46
1630_0005_0006_0052_0052.jpg 1 5 6 52 52
1631_0015_0010_0031_0031.jpg 1 15 10 31 31
1632_0015_0036_0058_0058.jpg 1 15 36 58 58
1633_0054_0010_0034_0034.jpg 1 54 10 34 34
1634_0028_0057_0029_0029.jpg 1 28 57 29 29
1635_0024_0055_0031_0031.jpg 1 24 55 31 31
1636_0009_0058_0028_0028.jpg 1 9 58 28 28
1637_0013_0036_0058_0058.jpg 1 13 36 58 58
1638_0028_0022_0059_0059.jpg 1 28 22 59 59
1639_0028_0033_0027_0027.jpg 1 28 33 27 27
1640_0029_0018_0066_0066.jpg 1 29 18 66 66
1641_0012_0045_0031_0031.jpg 1 12 45 31 31
1642_0025_0047_0036_0036.jpg 1 25 47 36 36
1643_0049_0010_0044_0044.jpg 1 49 10 44 44
1644_0016_0009_0067_0067.jpg 1 16 9 67 67
1645_0013_0019_0044_0044.jpg 1 13 19 44 44
1646_0043_0063_0027_0027.jpg 1 43 63 27 27
1647_0021_0009_0067_0067.jpg 1 21 9 67 67
1648_0026_0004_0056_0056.jpg 1 26 4 56 56
1649_0029_0010_0056_0056.jpg 1 29 10 56 56
1650_0022_0031_0056_0056.jpg 1 22 31 56 56
1651_0052_0018_0037_0037.jpg 1 52 18 37 37
1652_0008_0010_0064_0064.jpg 1 8 10 64 64
1653_0034_0019_0025_0025.jpg 1 34 19 25 25
1654_0029_0034_0051_0051.jpg 1 29 34 51 51
1655_0026_0015_0044_0044.jpg 1 26 15 44 44
1656_0026_0027_0030_0030.jpg 1 26 27 30 30
1657_0032_0028_0061_0061.jpg 1 32 28 61 61
1658_0037_0036_0052_0052.jpg 1 37 36 52 52
1659_0027_0013_0069_0069.jpg 1 27 13 69 69
1660_0014_0003_0062_0062.jpg 1 14 3 62 62
1661_0004_0005_0065_0065.jpg 1 4 5 65 65
1662_0065_0016_0024_0024.jpg 1 65 16 24 24
1663_0059_0028_0033_0033.jpg 1 59 28 33 33
1664_0017_0023_0062_0062.jpg 1 17 23 62 62
1665_0032_0011_0059_0059.jpg 1 32 11 59 59
1666_0027_0026_0064_0064.jpg 1 27 26 64 64
1667_0010_0027_0063_0063.jpg 1 10 27 63 63
1668_0014_0034_0059_0059.jpg 1 14 34 59 59
1669_0040_0034_0052_0052.jpg 1 40 34 52 52
1670_0042_0034_0044_0044.jpg 1 42 34 44 44
1671_0015_0062_0027_0027.jpg 1 15 62 27 27
1672_0041_0035_0050_0050.jpg 1 41 35 50 50
1673_0035_0024_0060_0060.jpg 1 35 24 60 60
1674_0034_0020_0050_0050.jpg 1 34 20 50 50
1675_0013_0021_0060_0060.jpg 1 13 21 60 60
1676_0026_0016_0057_0057.jpg 1 26 16 57 57
1677_0008_0008_0059_0059.jpg 1 8 8 59 59
1678_0025_0036_0055_0055.jpg 1 25 36 55 55
1679_0022_0030_0048_0048.jpg 1 22 30 48 48
1680_0006_0009_0069_0069.jpg 1 6 9 69 69
1681_0047_0042_0047_0047.jpg 1 47 42 47 47
1682_0023_0038_0039_0039.jpg 1 23 38 39 39
1683_0014_0018_0065_0065.jpg 1 14 18 65 65
1684_0023_0029_0041_0041.jpg 1 23 29 41 41
1685_0039_0019_0029_0029.jpg 1 39 19 29 29
1686_0029_0039_0046_0046.jpg 1 29 39 46 46
1687_0019_0038_0041_0041.jpg 1 19 38 41 41
1688_0009_0027_0041_0041.jpg 1 9 27 41 41
1689_0018_0018_0069_0069.jpg 1 18 18 69 69
1690_0032_0026_0029_0029.jpg 1 32 26 29 29
1691_0047_0028_0038_0038.jpg 1 47 28 38 38
1692_0023_0018_0050_0050.jpg 1 23 18 50 50
1693_0056_0021_0035_0035.jpg 1 56 21 35 35
1694_0048_0009_0026_0026.jpg 1 48 9 26 26
1695_0029_0037_0038_0038.jpg 1 29 37 38 38
1696_0034_0013_0056_0056.jpg 1 34 13 56 56
1697_0008_0006_0052_0052.jpg 1 8 6 52 52
1698_0044_0039_0028_0028.jpg 1 44 39 28 28
1699_0063_0038_0028_0028.jpg 1 63 38 28 28
1700_0043_0028_0035_0035.jpg 1 43 28 35 35
1701_0007_0022_0054_0054.jpg 1 7 22 54 54
1702_0022_0021_0056_0056.jpg 1 22 21 56 56
1703_0047_0008_0047_0047.jpg 1 47 8 47 47
1704_0046_0011_0040_0040.jpg 1 46 11 40 40
1705_0017_0058_0033_0033.jpg 1 17 58 33 33
1706_0012_0008_0026_0026.jpg 1 12 8 26 26
1707_0011_0015_0025_0025.jpg 1 11 15 25 25
1708_0025_0035_0029_0029.jpg 1 25 35 29 29
1709_0022_0056_0034_0034.jpg 1 22 56 34 34
1710_0022_0022_0039_0039.jpg 1 22 22 39 39
1711_0006_0045_0035_0035.jpg 1 6 45 35 35
1712_0029_0045_0046_0046.jpg 1 29 45 46 46
1713_0038_0044_0038_0038.jpg 1 38 44 38 38
1714_0035_0015_0059_0059.jpg 1 35 15 59 59
1715_0025_0009_0063_0063.jpg 1 25 9 63 63
1716_0048_0058_0029_0029.jpg 1 48 58 29 29
1717_0023_0027_0050_0050.jpg 1 23 27 50 50
1718_0023_0048_0035_0035.jpg 1 23 48 35 35
1719_0005_0028_0058_0058.jpg 1 5 28 58 58
1720_0025_0024_0042_0042.jpg 1 25 24 42 42
1721_0010_0011_0068_0068.jpg 1 10 11 68 68
1722_0023_0014_0025_0025.jpg 1 23 14 25 25
1723_0020_0021_0061_0061.jpg 1 20 21 61 61
1724_0024_0038_0046_0046.jpg 1 24 38 46 46
1725_0020_0006_0065_0065.jpg 1 20 6 65 65
1726_0031_0017_0036_0036.jpg 1 31 17 36 36
1727_0024_0041_0040_0040.jpg 1 24 41 40 40
1728_0042_0025_0042_0042.jpg 1 42 25 42 42
1729_0015_0036_0043_0043.jpg 1 15 36 43 43
1730_0037_0049_0027_0027.jpg 1 37 49 27 27
1731_0008_0024_0054_0054.jpg 1 8 24 54 54
1732_0022_0031_0049_0049.jpg 1 22 31 49 49
1733_0038_0019_0046_0046.jpg 1 38 19 46 46
1734_0034_0031_0029_0029.jpg 1 34 31 29 29
1735_0009_0017_0048_0048.jpg 1 9 17 48 48
1736_0026_0019_0047_0047.jpg 1 26 19 47 47
1737_0027_0014_0062_0062.jpg 1 27 14 62 62
1738_0015_0009_0067_0067.jpg 1 15 9 67 67
1739_0019_0040_0034_0034.jpg 1 19 40 34 34
1740_0021_0027_0024_0024.jpg 1 21 27 24 24
1741_0012_0057_0034_0034.jpg 1 12 57 34 34
1742_0011_0051_0025_0025.jpg 1 11 51 25 25
1743_0023_0011_0058_0058.jpg 1 23 11 58 58
1744_0023_0038_0051_0051.jpg 1 23 38 51 51
1745_0023_0027_0054_0054.jpg 1 23 27 54 54
1746_0030_0005_0059_0059.jpg 1 30 5 59 59
1747_0031_0033_0059_0059.jpg 1 31 33 59 59
1748_0023_0018_0062_0062.jpg 1 23 18 62 62
1749_0033_0032_0057_0057.jpg 1 33 32 57 57
1750_0038_0024_0034_0034.jpg 1 38 24 34 34
1751_0019_0022_0064_0064.jpg 1 19 22 64 64
1752_0015_0014_0059_0059.jpg 1 15 14 59 59
1753_0019_0018_0030_0030.jpg 1 19 18 30 30
1754_0063_0014_0029_0029.jpg 1 63 14 29 29
1755_0021_0028_0056_0056.jpg 1 21 28 56 56
1756_0012_0007_0057_0057.jpg 1 12 7 57 57
1757_0015_0035_0051_0051.jpg 1 15 35 51 51
1758_0036_0050_0040_0040.jpg 1 36 50 40 40
1759_0026_0045_0048_0048.jpg 1 26 45 48 48
1760_0006_0010_0066_0066.jpg 1 6 10 66 66
1761_0009_0033_0039_0039.jpg 1 9 33 39 39
1762_0037_0026_0055_0055.jpg 1 37 26 55 55
1763_0015_0023_0027_0027.jpg 1 15 23 27 27
1764_0024_0032_0062_0062.jpg 1 24 32 62 62
1765_0030_0019_0044_0044.jpg 1 30 19 44 44
1766_0034_0006_0048_0048.jpg 1 34 6 48 48
1767_0017_0033_0047_0047.jpg 1 17 33 47 47
1768_0022_0053_0040_0040.jpg 1 22 53 40 40
1769_0059_0012_0029_0029.jpg 1 59 12 29 29
1770_0039_0024_0049_0049.jpg 1 39 24 49 49
1771_0030_0020_0056_0056.jpg 1 30 20 56 56
1772_0050_0026_0041_0041.jpg 1 50 26 41 41
1773_0020_0015_0061_0061.jpg 1 20 15 61 61
1774_0051_0019_0028_0028.jpg 1 51 19 28 28
1775_0012_0006_0064_0064.jpg 1 12 6 64 64
1776_0013_0013_0053_0053.jpg 1 13 13 53 53
1777_0007_0018_0053_0053.jpg 1 7 18 53 53
1778_0018_0021_0054_0054.jpg 1 18 21 54 54
1779_0016_0016_0068_0068.jpg 1 16 16 68 68
1780_0022_0010_0065_0065.jpg 1 22 10 65 65
1781_0018_0042_0050_0050.jpg 1 18 42 50 50
1782_0049_0027_0043_0043.jpg 1 49 27 43 43
1783_0024_0015_0057_0057.jpg 1 24 15 57 57
1784_0024_0014_0048_0048.jpg 1 24 14 48 48
1785_0037_0049_0025_0025.jpg 1 37 49 25 25
1786_0047_0014_0024_0024.jpg 1 47 14 24 24
1787_0016_0016_0063_0063.jpg 1 16 16 63 63
1788_0012_0012_0067_0067.jpg 1 12 12 67 67
1789_0006_0004_0066_0066.jpg 1 6 4 66 66
1790_0009_0018_0060_0060.jpg 1 9 18 60 60
1791_0038_0031_0048_0048.jpg 1 38 31 48 48
1792_0008_0029_0057_0057.jpg 1 8 29 57 57
1793_0026_0011_0065_0065.jpg 1 26 11 65 65
1794_0043_0035_0051_0051.jpg 1 43 35 51 51
1795_0027_0008_0036_0036.jpg 1 27 8 36 36
1796_0006_0014_0066_0066.jpg 1 6 14 66 66
1797_0007_0005_0068_0068.jpg 1 7 5 68 68
1798_0038_0018_0052_0052.jpg 1 38 18 52 52
1799_0045_0023_0041_0041.jpg 1 45 23 41 41
1800_0028_0061_0030_0030.jpg 1 28 61 30 30
1801_0033_0045_0033_0033.jpg 1 33 45 33 33
1802_0007_0006_0036_0036.jpg 1 7 6 36 36
1803_0040_0036_0050_0050.jpg 1 40 36 50 50
1804_0011_0028_0039_0039.jpg 1 11 28 39 39
1805_0037_0018_0037_0037.jpg 1 37 18 37 37
1806_0035_0037_0044_0044.jpg 1 35 37 44 44
1807_0055_0045_0030_0030.jpg 1 55 45 30 30
1808_0054_0014_0036_0036.jpg 1 54 14 36 36
1809_0018_0047_0047_0047.jpg 1 18 47 47 47
1810_0024_0006_0062_0062.jpg 1 24 6 62 62
1811_0048_0039_0036_0036.jpg 1 48 39 36 36
1812_0038_0025_0051_0051.jpg 1 38 25 51 51
1813_0026_0030_0062_0062.jpg 1 26 30 62 62
1814_0017_0024_0056_0056.jpg 1 17 24 56 56
1815_0034_0033_0037_0037.jpg 1 34 33 37 37
1816_0043_0056_0027_0027.jpg 1 43 56 27 27
1817_0024_0006_0058_0058.jpg 1 24 6 58 58
1818_0012_0040_0047_0047.jpg 1 12 40 47 47
1819_0017_0041_0052_0052.jpg 1 17 41 52 52
1820_0053_0016_0031_0031.jpg 1 53 16 31 31
1821_0046_0037_0037_0037.jpg 1 46 37 37 37
1822_0004_0026_0069_0069.jpg 1 4 26 69 69
1823_0042_0020_0039_0039.jpg 1 42 20 39 39
1824_0012_0020_0059_0059.jpg 1 12 20 59 59
1825_0039_0051_0039_0039.jpg 1 39 51 39 39
1826_0016_0037_0031_0031.jpg 1 16 37 31 31
1827_0027_0018_0065_0065.jpg 1 27 18 65 65
1828_0015_0050_0028_0028.jpg 1 15 50 28 28
1829_0021_0048_0034_0034.jpg 1 21 48 34 34
1830_0011_0024_0045_0045.jpg 1 11 24 45 45
1831_0008_0014_0051_0051.jpg 1 8 14 51 51
1832_0027_0010_0052_0052.jpg 1 27 10 52 52
1833_0033_0029_0062_0062.jpg 1 33 29 62 62
1834_0018_0030_0029_0029.jpg 1 18 30 29 29
1835_0009_0026_0069_0069.jpg 1 9 26 69 69
1836_0008_0010_0054_0054.jpg 1 8 10 54 54
1837_0029_0029_0038_0038.jpg 1 29 29 38 38
1838_0017_0020_0056_0056.jpg 1 17 20 56 56
1839_0057_0050_0030_0030.jpg 1 57 50 30 30
1840_0019_0020_0064_0064.jpg 1 19 20 64 64
1841_0037_0022_0024_0024.jpg 1 37 22 24 24
1842_0007_0016_0063_0063.jpg 1 7 16 63 63
1843_0008_0013_0065_0065.jpg 1 8 13 65 65
1844_0025_0019_0067_0067.jpg 1 25 19 67 67
1845_0011_0053_0036_0036.jpg 1 11 53 36 36
1846_0018_0057_0024_0024.jpg 1 18 57 24 24
1847_0033_0010_0058_0058.jpg 1 33 10 58 58
1848_0031_0027_0063_0063.jpg 1 31 27 63 63
1849_0027_0030_0065_0065.jpg 1 27 30 65 65
1850_0016_0033_0040_0040.jpg 1 16 33 40 40
1851_0050_0039_0040_0040.jpg 1 50 39 40 40
1852_0017_0015_0067_0067.jpg 1 17 15 67 67
1853_0021_0008_0029_0029.jpg 1 21 8 29 29
1854_0035_0015_0042_0042.jpg 1 35 15 42 42
1855_0011_0016_0039_0039.jpg 1 11 16 39 39
1856_0055_0046_0035_0035.jpg 1 55 46 35 35
1857_0011_0015_0056_0056.jpg 1 11 15 56 56
1858_0041_0050_0030_0030.jpg 1 41 50 30 30
1859_0013_0059_0031_0031.jpg 1 13 59 31 31
1860_0031_0012_0057_0057.jpg 1 31 12 57 57
1861_0023_0012_0056_0056.jpg 1 23 12 56 56
1862_0031_0042_0026_0026.jpg 1 31 42 26 26
1863_0032_0023_0027_0027.jpg 1 32 23 27 27
1864_0044_0018_0033_0033.jpg 1 44 18 33 33
1865_0016_0041_0050_0050.jpg 1 16 41 50 50
1866_0021_0023_0063_0063.jpg 1 21 23 63 63
1867_0030_0020_0064_0064.jpg 1 30 20 64 64
1868_0018_0029_0043_0043.jpg 1 18 29 43 43
1869_0013_0055_0038_0038.jpg 1 13 55 38 38
1870_0013_0012_0032_0032.jpg 1 13 12 32 32
1871_0025_0034_0026_0026.jpg 1 25 34 26 26
1872_0054_0013_0030_0030.jpg 1 54 13 30 30
1873_0029_0040_0044_0044.jpg 1 29 40 44 44
1874_0008_0008_0057_0057.jpg 1 8 8 57 57
1875_0020_0045_0035_0035.jpg 1 20 45 35 35
1876_0018_0042_0046_0046.jpg 1 18 42 46 46
1877_0014_0010_0068_0068.jpg 1 14 10 68 68
1878_0025_0048_0035_0035.jpg 1 25 48 35 35
1879_0061_0012_0027_0027.jpg 1 61 12 27 27
1880_0034_0009_0050_0050.jpg 1 34 9 50 50
1881_0012_0042_0035_0035.jpg 1 12 42 35 35
1882_0008_0029_0032_0032.jpg 1 8 29 32 32
1883_0044_0013_0043_0043.jpg 1 44 13 43 43
1884_0013_0021_0056_0056.jpg 1 13 21 56 56
1885_0010_0017_0051_0051.jpg 1 10 17 51 51
1886_0060_0027_0030_0030.jpg 1 60 27 30 30
1887_0013_0012_0037_0037.jpg 1 13 12 37 37
1888_0015_0011_0065_0065.jpg 1 15 11 65 65
1889_0039_0023_0045_0045.jpg 1 39 23 45 45
1890_0035_0021_0058_0058.jpg 1 35 21 58 58
1891_0021_0027_0041_0041.jpg 1 21 27 41 41
1892_0018_0049_0027_0027.jpg 1 18 49 27 27
1893_0027_0011_0051_0051.jpg 1 27 11 51 51
1894_0059_0036_0026_0026.jpg 1 59 36 26 26
1895_0010_0021_0057_0057.jpg 1 10 21 57 57
1896_0022_0030_0056_0056.jpg 1 22 30 56 56
1897_0007_0028_0032_0032.jpg 1 7 28 32 32
1898_0042_0029_0052_0052.jpg 1 42 29 52 52
1899_0022_0028_0063_0063.jpg 1 22 28 63 63
1900_0013_0018_0069_0069.jpg 1 13 18 69 69
1901_0018_0015_0068_0068.jpg 1 18 15 68 68
1902_0055_0025_0038_0038.jpg 1 55 25 38 38
1903_0023_0036_0049_0049.jpg 1 23 36 49 49
1904_0009_0019_0041_0041.jpg 1 9 19 41 41
1905_0009_0029_0067_0067.jpg 1 9 29 67 67
1906_0036_0017_0055_0055.jpg 1 36 17 55 55
1907_0016_0028_0064_0064.jpg 1 16 28 64 64
1908_0067_0057_0024_0024.jpg 1 67 57 24 24
1909_0054_0046_0032_0032.jpg 1 54 46 32 32
1910_0017_0004_0058_0058.jpg 1 17 4 58 58
1911_0022_0022_0052_0052.jpg 1 22 22 52 52
1912_0010_0038_0037_0037.jpg 1 10 38 37 37
1913_0039_0013_0037_0037.jpg 1 39 13 37 37
1914_0036_0030_0038_0038.jpg 1 36 30 38 38
1915_0029_0017_0044_0044.jpg 1 29 17 44 44
1916_0005_0009_0068_0068.jpg 1 5 9 68 68
1917_0030_0032_0045_0045.jpg 1 30 32 45 45
1918_0006_0022_0062_0062.jpg 1 6 22 62 62
1919_0049_0057_0035_0035.jpg 1 49 57 35 35
1920_0006_0030_0047_0047.jpg 1 6 30 47 47
1921_0027_0047_0045_0045.jpg 1 27 47 45 45
1922_0009_0005_0061_0061.jpg 1 9 5 61 61
1923_0013_0020_0024_0024.jpg 1 13 20 24 24
1924_0034_0019_0038_0038.jpg 1 34 19 38 38
1925_0007_0005_0060_0060.jpg 1 7 5 60 60
1926_0014_0063_0027_0027.jpg 1 14 63 27 27
1927_0022_0054_0037_0037.jpg 1 22 54 37 37
1928_0017_0011_0038_0038.jpg 1 17 11 38 38
1929_0052_0048_0033_0033.jpg 1 52 48 33 33
1930_0044_0023_0043_0043.jpg 1 44 23 43 43
1931_0035_0021_0038_0038.jpg 1 35 21 38 38
1932_0030_0020_0053_0053.jpg 1 30 20 53 53
1933_0004_0010_0065_0065.jpg 1 4 10 65 65
1934_0025_0028_0029_0029.jpg 1 25 28 29 29
1935_0059_0033_0029_0029.jpg 1 59 33 29 29
1936_0018_0040_0055_0055.jpg 1 18 40 55 55
1937_0032_0022_0063_0063.jpg 1 32 22 63 63
1938_0032_0029_0028_0028.jpg 1 32 29 28 28
1939_0025_0016_0044_0044.jpg 1 25 16 44 44
1940_0040_0027_0043_0043.jpg 1 40 27 43 43
1941_0013_0021_0068_0068.jpg 1 13 21 68 68
1942_0030_0022_0049_0049.jpg 1 30 22 49 49
1943_0016_0042_0027_0027.jpg 1 16 42 27 27
1944_0037_0006_0055_0055.jpg 1 37 6 55 55
1945_0020_0031_0062_0062.jpg 1 20 31 62 62
1946_0028_0037_0035_0035.jpg 1 28 37 35 35
1947_0015_0042_0042_0042.jpg 1 15 42 42 42
1948_0027_0053_0040_0040.jpg 1 27 53 40 40
1949_0038_0041_0052_0052.jpg 1 38 41 52 52
1950_0028_0045_0037_0037.jpg 1 28 45 37 37
