0001_0024_0006_0055_0055.jpg 1 24 6 55 55
0002_0047_0018_0034_0034.jpg 1 47 18 34 34
0003_0022_0038_0026_0026.jpg 1 22 38 26 26
0004_0031_0036_0051_0051.jpg 1 31 36 51 51
0005_0010_0047_0047_0047.jpg 1 10 47 47 47
0006_0037_0032_0055_0055.jpg 1 37 32 55 55
0007_0018_0033_0044_0044.jpg 1 18 33 44 44
0008_0035_0049_0026_0026.jpg 1 35 49 26 26
0009_0022_0032_0042_0042.jpg 1 22 32 42 42
0010_0036_0056_0028_0028.jpg 1 36 56 28 28
0011_0026_0008_0068_0068.jpg 1 26 8 68 68
0012_0013_0028_0068_0068.jpg 1 13 28 68 68
0013_0053_0012_0033_0033.jpg 1 53 12 33 33
0014_0016_0032_0056_0056.jpg 1 16 32 56 56
0015_0009_0010_0066_0066.jpg 1 9 10 66 66
0016_0025_0011_0049_0049.jpg 1 25 11 49 49
0017_0022_0018_0050_0050.jpg 1 22 18 50 50
0018_0012_0041_0046_0046.jpg 1 12 41 46 46
0019_0063_0012_0024_0024.jpg 1 63 12 24 24
0020_0015_0021_0032_0032.jpg 1 15 21 32 32
0021_0039_0013_0031_0031.jpg 1 39 13 31 31
0022_0048_0009_0044_0044.jpg 1 48 9 44 44
0023_0038_0039_0052_0052.jpg 1 38 39 52 52
0024_0009_0025_0055_0055.jpg 1 9 25 55 55
0025_0017_0015_0039_0039.jpg 1 17 15 39 39
0026_0034_0026_0059_0059.jpg 1 34 26 59 59
0027_0005_0009_0059_0059.jpg 1 5 9 59 59
0028_0042_0039_0031_0031.jpg 1 42 39 31 31
0029_0008_0035_0058_0058.jpg 1 8 35 58 58
0030_0019_0029_0059_0059.jpg 1 19 29 59 59
0031_0021_0018_0052_0052.jpg 1 21 18 52 52
0032_0016_0021_0056_0056.jpg 1 16 21 56 56
0033_0011_0006_0046_0046.jpg 1 11 6 46 46
0034_0025_0014_0068_0068.jpg 1 25 14 68 68
0035_0031_0021_0058_0058.jpg 1 31 21 58 58
0036_0044_0012_0027_0027.jpg 1 44 12 27 27
0037_0013_0014_0027_0027.jpg 1 13 14 27 27
0038_0007_0012_0037_0037.jpg 1 7 12 37 37
0039_0009_0007_0049_0049.jpg 1 9 7 49 49
0040_0008_0032_0044_0044.jpg 1 8 32 44 44
0041_0018_0004_0063_0063.jpg 1 18 4 63 63
0042_0010_0032_0058_0058.jpg 1 10 32 58 58
0043_0005_0038_0048_0048.jpg 1 5 38 48 48
0044_0013_0046_0047_0047.jpg 1 13 46 47 47
0045_0005_0028_0051_0051.jpg 1 5 28 51 51
0046_0022_0023_0047_0047.jpg 1 22 23 47 47
0047_0019_0053_0039_0039.jpg 1 19 53 39 39
0048_0037_0014_0057_0057.jpg 1 37 14 57 57
0049_0019_0015_0048_0048.jpg 1 19 15 48 48
0050_0024_0025_0066_0066.jpg 1 24 25 66 66
0051_0024_0034_0039_0039.jpg 1 24 34 39 39
0052_0022_0022_0061_0061.jpg 1 22 22 61 61
0053_0034_0055_0028_0028.jpg 1 34 55 28 28
0054_0008_0010_0056_0056.jpg 1 8 10 56 56
0055_0005_0026_0066_0066.jpg 1 5 26 66 66
0056_0024_0021_0069_0069.jpg 1 24 21 69 69
0057_0037_0048_0028_0028.jpg 1 37 48 28 28
0058_0013_0005_0068_0068.jpg 1 13 5 68 68
0059_0018_0041_0051_0051.jpg 1 18 41 51 51
0060_0007_0013_0063_0063.jpg 1 7 13 63 63
0061_0029_0034_0057_0057.jpg 1 29 34 57 57
0062_0017_0019_0044_0044.jpg 1 17 19 44 44
0063_0016_0030_0028_0028.jpg 1 16 30 28 28
0064_0022_0028_0056_0056.jpg 1 22 28 56 56
0065_0034_0030_0050_0050.jpg 1 34 30 50 50
0066_0044_0033_0029_0029.jpg 1 44 33 29 29
0067_0055_0011_0028_0028.jpg 1 55 11 28 28
0068_0038_0016_0024_0024.jpg 1 38 16 24 24
0069_0047_0031_0030_0030.jpg 1 47 31 30 30
0070_0006_0026_0060_0060.jpg 1 6 26 60 60
0071_0018_0030_0038_0038.jpg 1 18 30 38 38
0072_0024_0047_0046_0046.jpg 1 24 47 46 46
0073_0016_0027_0037_0037.jpg 1 16 27 37 37
0074_0018_0024_0046_0046.jpg 1 18 24 46 46
0075_0027_0016_0062_0062.jpg 1 27 16 62 62
0076_0012_0029_0031_0031.jpg 1 12 29 31 31
0077_0034_0019_0059_0059.jpg 1 34 19 59 59
0078_0041_0037_0028_0028.jpg 1 41 37 28 28
0079_0010_0024_0027_0027.jpg 1 10 24 27 27
0080_0016_0015_0066_0066.jpg 1 16 15 66 66
0081_0020_0037_0052_0052.jpg 1 20 37 52 52
0082_0015_0021_0053_0053.jpg 1 15 21 53 53
0083_0013_0006_0053_0053.jpg 1 13 6 53 53
0084_0031_0005_0063_0063.jpg 1 31 5 63 63
0085_0007_0029_0036_0036.jpg 1 7 29 36 36
0086_0021_0024_0044_0044.jpg 1 21 24 44 44
0087_0025_0012_0054_0054.jpg 1 25 12 54 54
0088_0021_0062_0030_0030.jpg 1 21 62 30 30
0089_0031_0045_0042_0042.jpg 1 31 45 42 42
0090_0010_0031_0060_0060.jpg 1 10 31 60 60
0091_0020_0054_0025_0025.jpg 1 20 54 25 25
0092_0042_0021_0050_0050.jpg 1 42 21 50 50
0093_0035_0030_0054_0054.jpg 1 35 30 54 54
0094_0007_0009_0063_0063.jpg 1 7 9 63 63
0095_0029_0039_0042_0042.jpg 1 29 39 42 42
0096_0005_0028_0054_0054.jpg 1 5 28 54 54
0097_0025_0010_0068_0068.jpg 1 25 10 68 68
0098_0037_0038_0045_0045.jpg 1 37 38 45 45
0099_0012_0037_0033_0033.jpg 1 12 37 33 33
0100_0043_0007_0029_0029.jpg 1 43 7 29 29
0101_0033_0024_0034_0034.jpg 1 33 24 34 34
0102_0018_0015_0053_0053.jpg 1 18 15 53 53
0103_0020_0031_0029_0029.jpg 1 20 31 29 29
0104_0017_0028_0051_0051.jpg 1 17 28 51 51
0105_0052_0053_0035_0035.jpg 1 52 53 35 35
0106_0035_0024_0058_0058.jpg 1 35 24 58 58
0107_0025_0040_0054_0054.jpg 1 25 40 54 54
0108_0027_0013_0068_0068.jpg 1 27 13 68 68
0109_0029_0014_0065_0065.jpg 1 29 14 65 65
0110_0008_0010_0068_0068.jpg 1 8 10 68 68
0111_0010_0040_0037_0037.jpg 1 10 40 37 37
0112_0005_0019_0056_0056.jpg 1 5 19 56 56
0113_0020_0050_0043_0043.jpg 1 20 50 43 43
0114_0020_0014_0035_0035.jpg 1 20 14 35 35
0115_0033_0007_0059_0059.jpg 1 33 7 59 59
0116_0026_0011_0024_0024.jpg 1 26 11 24 24
0117_0025_0033_0054_0054.jpg 1 25 33 54 54
0118_0049_0021_0033_0033.jpg 1 49 21 33 33
0119_0016_0024_0032_0032.jpg 1 16 24 32 32
0120_0022_0037_0050_0050.jpg 1 22 37 50 50
0121_0014_0029_0057_0057.jpg 1 14 29 57 57
0122_0006_0019_0069_0069.jpg 1 6 19 69 69
0123_0056_0007_0025_0025.jpg 1 56 7 25 25
0124_0039_0026_0038_0038.jpg 1 39 26 38 38
0125_0038_0010_0029_0029.jpg 1 38 10 29 29
0126_0016_0023_0062_0062.jpg 1 16 23 62 62
0127_0011_0020_0043_0043.jpg 1 11 20 43 43
0128_0019_0026_0049_0049.jpg 1 19 26 49 49
0129_0030_0038_0049_0049.jpg 1 30 38 49 49
0130_0049_0028_0025_0025.jpg 1 49 28 25 25
0131_0012_0007_0043_0043.jpg 1 12 7 43 43
0132_0033_0016_0043_0043.jpg 1 33 16 43 43
0133_0015_0024_0041_0041.jpg 1 15 24 41 41
0134_0007_0033_0052_0052.jpg 1 7 33 52 52
0135_0021_0009_0035_0035.jpg 1 21 9 35 35
0136_0011_0014_0049_0049.jpg 1 11 14 49 49
0137_0018_0035_0054_0054.jpg 1 18 35 54 54
0138_0017_0033_0059_0059.jpg 1 17 33 59 59
0139_0035_0020_0060_0060.jpg 1 35 20 60 60
0140_0050_0028_0043_0043.jpg 1 50 28 43 43
0141_0004_0009_0054_0054.jpg 1 4 9 54 54
0142_0034_0046_0046_0046.jpg 1 34 46 46 46
0143_0016_0010_0054_0054.jpg 1 16 10 54 54
0144_0026_0060_0026_0026.jpg 1 26 60 26 26
0145_0036_0034_0058_0058.jpg 1 36 34 58 58
0146_0061_0049_0028_0028.jpg 1 61 49 28 28
0147_0023_0023_0042_0042.jpg 1 23 23 42 42
0148_0056_0047_0030_0030.jpg 1 56 47 30 30
0149_0023_0026_0034_0034.jpg 1 23 26 34 34
0150_0013_0027_0062_0062.jpg 1 13 27 62 62
0151_0013_0031_0064_0064.jpg 1 13 31 64 64
0152_0019_0031_0044_0044.jpg 1 19 31 44 44
0153_0026_0027_0067_0067.jpg 1 26 27 67 67
0154_0003_0010_0067_0067.jpg 1 3 10 67 67
0155_0025_0008_0048_0048.jpg 1 25 8 48 48
0156_0003_0026_0068_0068.jpg 1 3 26 68 68
0157_0013_0024_0064_0064.jpg 1 13 24 64 64
0158_0019_0052_0040_0040.jpg 1 19 52 40 40
0159_0020_0028_0058_0058.jpg 1 20 28 58 58
0160_0036_0039_0054_0054.jpg 1 36 39 54 54
0161_0014_0037_0057_0057.jpg 1 14 37 57 57
0162_0006_0022_0043_0043.jpg 1 6 22 43 43
0163_0013_0053_0025_0025.jpg 1 13 53 25 25
0164_0009_0038_0056_0056.jpg 1 9 38 56 56
0165_0030_0028_0052_0052.jpg 1 30 28 52 52
0166_0014_0013_0057_0057.jpg 1 14 13 57 57
0167_0017_0025_0053_0053.jpg 1 17 25 53 53
0168_0020_0005_0053_0053.jpg 1 20 5 53 53
0169_0047_0010_0046_0046.jpg 1 47 10 46 46
0170_0041_0016_0044_0044.jpg 1 41 16 44 44
0171_0016_0017_0069_0069.jpg 1 16 17 69 69
0172_0039_0014_0043_0043.jpg 1 39 14 43 43
0173_0023_0010_0062_0062.jpg 1 23 10 62 62
0174_0010_0006_0061_0061.jpg 1 10 6 61 61
0175_0006_0007_0069_0069.jpg 1 6 7 69 69
0176_0048_0041_0042_0042.jpg 1 48 41 42 42
0177_0010_0029_0041_0041.jpg 1 10 29 41 41
0178_0053_0038_0040_0040.jpg 1 53 38 40 40
0179_0035_0010_0051_0051.jpg 1 35 10 51 51
0180_0033_0023_0060_0060.jpg 1 33 23 60 60
0181_0027_0019_0063_0063.jpg 1 27 19 63 63
0182_0049_0020_0034_0034.jpg 1 49 20 34 34
0183_0035_0043_0049_0049.jpg 1 35 43 49 49
0184_0036_0020_0050_0050.jpg 1 36 20 50 50
0185_0035_0017_0060_0060.jpg 1 35 17 60 60
0186_0027_0006_0044_0044.jpg 1 27 6 44 44
0187_0031_0015_0046_0046.jpg 1 31 15 46 46
0188_0024_0015_0068_0068.jpg 1 24 15 68 68
0189_0054_0058_0030_0030.jpg 1 54 58 30 30
0190_0035_0013_0057_0057.jpg 1 35 13 57 57
0191_0015_0025_0065_0065.jpg 1 15 25 65 65
0192_0012_0012_0065_0065.jpg 1 12 12 65 65
0193_0022_0017_0069_0069.jpg 1 22 17 69 69
0194_0008_0021_0032_0032.jpg 1 8 21 32 32
0195_0054_0028_0034_0034.jpg 1 54 28 34 34
0196_0016_0025_0060_0060.jpg 1 16 25 60 60
0197_0015_0033_0039_0039.jpg 1 15 33 39 39
0198_0053_0019_0033_0033.jpg 1 53 19 33 33
0199_0044_0014_0043_0043.jpg 1 44 14 43 43
0200_0010_0021_0039_0039.jpg 1 10 21 39 39
0201_0019_0026_0064_0064.jpg 1 19 26 64 64
0202_0035_0017_0046_0046.jpg 1 35 17 46 46
0203_0024_0036_0033_0033.jpg 1 24 36 33 33
0204_0021_0020_0068_0068.jpg 1 21 20 68 68
0205_0010_0035_0052_0052.jpg 1 10 35 52 52
0206_0016_0009_0055_0055.jpg 1 16 9 55 55
0207_0005_0014_0044_0044.jpg 1 5 14 44 44
0208_0058_0029_0035_0035.jpg 1 58 29 35 35
0209_0035_0008_0052_0052.jpg 1 35 8 52 52
0210_0060_0017_0028_0028.jpg 1 60 17 28 28
0211_0006_0053_0041_0041.jpg 1 6 53 41 41
0212_0049_0019_0039_0039.jpg 1 49 19 39 39
0213_0015_0055_0032_0032.jpg 1 15 55 32 32
0214_0034_0039_0050_0050.jpg 1 34 39 50 50
0215_0034_0014_0046_0046.jpg 1 34 14 46 46
0216_0017_0059_0034_0034.jpg 1 17 59 34 34
0217_0036_0024_0053_0053.jpg 1 36 24 53 53
0218_0034_0034_0044_0044.jpg 1 34 34 44 44
0219_0020_0005_0067_0067.jpg 1 20 5 67 67
0220_0013_0032_0045_0045.jpg 1 13 32 45 45
0221_0039_0028_0056_0056.jpg 1 39 28 56 56
0222_0017_0066_0025_0025.jpg 1 17 66 25 25
0223_0029_0022_0031_0031.jpg 1 29 22 31 31
0224_0026_0016_0064_0064.jpg 1 26 16 64 64
0225_0023_0016_0048_0048.jpg 1 23 16 48 48
0226_0048_0011_0030_0030.jpg 1 48 11 30 30
0227_0008_0022_0060_0060.jpg 1 8 22 60 60
0228_0050_0031_0033_0033.jpg 1 50 31 33 33
0229_0039_0049_0031_0031.jpg 1 39 49 31 31
0230_0036_0057_0035_0035.jpg 1 36 57 35 35
0231_0057_0055_0029_0029.jpg 1 57 55 29 29
0232_0018_0011_0061_0061.jpg 1 18 11 61 61
0233_0010_0026_0062_0062.jpg 1 10 26 62 62
0234_0035_0053_0034_0034.jpg 1 35 53 34 34
0235_0008_0022_0052_0052.jpg 1 8 22 52 52
0236_0021_0003_0069_0069.jpg 1 21 3 69 69
0237_0039_0036_0054_0054.jpg 1 39 36 54 54
0238_0013_0044_0050_0050.jpg 1 13 44 50 50
0239_0026_0005_0065_0065.jpg 1 26 5 65 65
0240_0021_0059_0028_0028.jpg 1 21 59 28 28
0241_0028_0007_0059_0059.jpg 1 28 7 59 59
0242_0019_0040_0027_0027.jpg 1 19 40 27 27
0243_0052_0009_0041_0041.jpg 1 52 9 41 41
0244_0049_0029_0043_0043.jpg 1 49 29 43 43
0245_0024_0025_0037_0037.jpg 1 24 25 37 37
0246_0040_0024_0048_0048.jpg 1 40 24 48 48
0247_0028_0019_0063_0063.jpg 1 28 19 63 63
0248_0007_0013_0067_0067.jpg 1 7 13 67 67
0249_0025_0035_0036_0036.jpg 1 25 35 36 36
0250_0039_0020_0041_0041.jpg 1 39 20 41 41
0251_0045_0044_0041_0041.jpg 1 45 44 41 41
0252_0041_0007_0046_0046.jpg 1 41 7 46 46
0253_0020_0018_0031_0031.jpg 1 20 18 31 31
0254_0029_0007_0051_0051.jpg 1 29 7 51 51
0255_0036_0009_0025_0025.jpg 1 36 9 25 25
0256_0028_0007_0049_0049.jpg 1 28 7 49 49
0257_0036_0039_0026_0026.jpg 1 36 39 26 26
0258_0059_0053_0028_0028.jpg 1 59 53 28 28
0259_0043_0047_0035_0035.jpg 1 43 47 35 35
0260_0019_0029_0054_0054.jpg 1 19 29 54 54
0261_0035_0035_0054_0054.jpg 1 35 35 54 54
0262_0031_0009_0059_0059.jpg 1 31 9 59 59
0263_0012_0024_0060_0060.jpg 1 12 24 60 60
0264_0018_0020_0038_0038.jpg 1 18 20 38 38
0265_0017_0010_0038_0038.jpg 1 17 10 38 38
0266_0045_0022_0037_0037.jpg 1 45 22 37 37
0267_0026_0008_0058_0058.jpg 1 26 8 58 58
0268_0005_0011_0068_0068.jpg 1 5 11 68 68
0269_0030_0024_0059_0059.jpg 1 30 24 59 59
0270_0025_0017_0038_0038.jpg 1 25 17 38 38
0271_0047_0018_0040_0040.jpg 1 47 18 40 40
0272_0030_0053_0028_0028.jpg 1 30 53 28 28
0273_0053_0064_0028_0028.jpg 1 53 64 28 28
0274_0005_0007_0069_0069.jpg 1 5 7 69 69
0275_0035_0021_0042_0042.jpg 1 35 21 42 42
0276_0047_0050_0029_0029.jpg 1 47 50 29 29
0277_0025_0052_0035_0035.jpg 1 25 52 35 35
0278_0043_0045_0024_0024.jpg 1 43 45 24 24
0279_0010_0018_0069_0069.jpg 1 10 18 69 69
0280_0007_0003_0067_0067.jpg 1 7 3 67 67
0281_0027_0005_0063_0063.jpg 1 27 5 63 63
0282_0007_0025_0025_0025.jpg 1 7 25 25 25
0283_0064_0032_0028_0028.jpg 1 64 32 28 28
0284_0031_0052_0041_0041.jpg 1 31 52 41 41
0285_0009_0034_0056_0056.jpg 1 9 34 56 56
0286_0021_0021_0055_0055.jpg 1 21 21 55 55
0287_0034_0015_0042_0042.jpg 1 34 15 42 42
0288_0042_0055_0036_0036.jpg 1 42 55 36 36
0289_0013_0047_0034_0034.jpg 1 13 47 34 34
0290_0022_0015_0052_0052.jpg 1 22 15 52 52
0291_0017_0023_0049_0049.jpg 1 17 23 49 49
0292_0022_0028_0066_0066.jpg 1 22 28 66 66
0293_0014_0033_0056_0056.jpg 1 14 33 56 56
0294_0027_0008_0067_0067.jpg 1 27 8 67 67
0295_0034_0015_0030_0030.jpg 1 34 15 30 30
0296_0024_0015_0066_0066.jpg 1 24 15 66 66
0297_0039_0052_0041_0041.jpg 1 39 52 41 41
0298_0036_0029_0032_0032.jpg 1 36 29 32 32
0299_0008_0036_0056_0056.jpg 1 8 36 56 56
0300_0008_0026_0057_0057.jpg 1 8 26 57 57
0301_0022_0026_0041_0041.jpg 1 22 26 41 41
0302_0033_0008_0055_0055.jpg 1 33 8 55 55
0303_0023_0012_0064_0064.jpg 1 23 12 64 64
0304_0043_0042_0034_0034.jpg 1 43 42 34 34
0305_0024_0008_0045_0045.jpg 1 24 8 45 45
0306_0015_0014_0062_0062.jpg 1 15 14 62 62
0307_0036_0048_0025_0025.jpg 1 36 48 25 25
0308_0013_0029_0051_0051.jpg 1 13 29 51 51
0309_0017_0037_0058_0058.jpg 1 17 37 58 58
0310_0018_0042_0047_0047.jpg 1 18 42 47 47
0311_0016_0021_0052_0052.jpg 1 16 21 52 52
0312_0046_0033_0048_0048.jpg 1 46 33 48 48
0313_0037_0035_0044_0044.jpg 1 37 35 44 44
0314_0022_0044_0038_0038.jpg 1 22 44 38 38
0315_0013_0025_0031_0031.jpg 1 13 25 31 31
0316_0009_0046_0037_0037.jpg 1 9 46 37 37
0317_0031_0005_0062_0062.jpg 1 31 5 62 62
0318_0024_0014_0068_0068.jpg 1 24 14 68 68
0319_0005_0015_0052_0052.jpg 1 5 15 52 52
0320_0023_0027_0068_0068.jpg 1 23 27 68 68
0321_0026_0048_0045_0045.jpg 1 26 48 45 45
0322_0008_0018_0057_0057.jpg 1 8 18 57 57
0323_0005_0022_0051_0051.jpg 1 5 22 51 51
0324_0022_0050_0026_0026.jpg 1 22 50 26 26
0325_0029_0047_0030_0030.jpg 1 29 47 30 30
0326_0016_0008_0031_0031.jpg 1 16 8 31 31
0327_0014_0009_0039_0039.jpg 1 14 9 39 39
0328_0013_0012_0053_0053.jpg 1 13 12 53 53
0329_0028_0007_0036_0036.jpg 1 28 7 36 36
0330_0030_0023_0051_0051.jpg 1 30 23 51 51
0331_0025_0030_0030_0030.jpg 1 25 30 30 30
0332_0022_0009_0054_0054.jpg 1 22 9 54 54
0333_0019_0042_0045_0045.jpg 1 19 42 45 45
0334_0015_0016_0038_0038.jpg 1 15 16 38 38
0335_0022_0039_0054_0054.jpg 1 22 39 54 54
0336_0028_0031_0027_0027.jpg 1 28 31 27 27
0337_0028_0010_0047_0047.jpg 1 28 10 47 47
0338_0033_0025_0061_0061.jpg 1 33 25 61 61
0339_0013_0025_0048_0048.jpg 1 13 25 48 48
0340_0024_0020_0050_0050.jpg 1 24 20 50 50
0341_0011_0049_0029_0029.jpg 1 11 49 29 29
0342_0053_0014_0032_0032.jpg 1 53 14 32 32
0343_0048_0010_0028_0028.jpg 1 48 10 28 28
0344_0036_0023_0055_0055.jpg 1 36 23 55 55
0345_0014_0051_0028_0028.jpg 1 14 51 28 28
0346_0005_0026_0061_0061.jpg 1 5 26 61 61
0347_0032_0033_0062_0062.jpg 1 32 33 62 62
0348_0007_0017_0066_0066.jpg 1 7 17 66 66
0349_0019_0017_0067_0067.jpg 1 19 17 67 67
0350_0011_0013_0062_0062.jpg 1 11 13 62 62
0351_0059_0027_0024_0024.jpg 1 59 27 24 24
0352_0024_0028_0053_0053.jpg 1 24 28 53 53
0353_0048_0030_0034_0034.jpg 1 48 30 34 34
0354_0009_0016_0053_0053.jpg 1 9 16 53 53
0355_0050_0010_0035_0035.jpg 1 50 10 35 35
0356_0027_0024_0069_0069.jpg 1 27 24 69 69
0357_0037_0032_0024_0024.jpg 1 37 32 24 24
0358_0038_0026_0050_0050.jpg 1 38 26 50 50
0359_0032_0063_0029_0029.jpg 1 32 63 29 29
0360_0016_0023_0050_0050.jpg 1 16 23 50 50
0361_0014_0005_0063_0063.jpg 1 14 5 63 63
0362_0036_0018_0036_0036.jpg 1 36 18 36 36
0363_0013_0018_0059_0059.jpg 1 13 18 59 59
0364_0025_0011_0058_0058.jpg 1 25 11 58 58
0365_0025_0052_0026_0026.jpg 1 25 52 26 26
0366_0023_0048_0043_0043.jpg 1 23 48 43 43
0367_0030_0024_0052_0052.jpg 1 30 24 52 52
0368_0045_0043_0040_0040.jpg 1 45 43 40 40
0369_0043_0013_0044_0044.jpg 1 43 13 44 44
0370_0040_0039_0053_0053.jpg 1 40 39 53 53
0371_0008_0016_0039_0039.jpg 1 8 16 39 39
0372_0035_0006_0043_0043.jpg 1 35 6 43 43
0373_0013_0018_0054_0054.jpg 1 13 18 54 54
0374_0042_0043_0031_0031.jpg 1 42 43 31 31
0375_0011_0019_0068_0068.jpg 1 11 19 68 68
0376_0013_0025_0067_0067.jpg 1 13 25 67 67
0377_0021_0014_0048_0048.jpg 1 21 14 48 48
0378_0015_0045_0031_0031.jpg 1 15 45 31 31
0379_0017_0016_0040_0040.jpg 1 17 16 40 40
0380_0026_0020_0048_0048.jpg 1 26 20 48 48
0381_0021_0036_0036_0036.jpg 1 21 36 36 36
0382_0020_0023_0061_0061.jpg 1 20 23 61 61
0383_0013_0010_0048_0048.jpg 1 13 10 48 48
0384_0004_0015_0059_0059.jpg 1 4 15 59 59
0385_0021_0049_0043_0043.jpg 1 21 49 43 43
0386_0037_0014_0039_0039.jpg 1 37 14 39 39
0387_0042_0007_0050_0050.jpg 1 42 7 50 50
0388_0042_0024_0027_0027.jpg 1 42 24 27 27
0389_0031_0016_0055_0055.jpg 1 31 16 55 55
0390_0032_0023_0051_0051.jpg 1 32 23 51 51
0391_0004_0011_0069_0069.jpg 1 4 11 69 69
0392_0031_0019_0059_0059.jpg 1 31 19 59 59
0393_0011_0034_0060_0060.jpg 1 11 34 60 60
0394_0029_0012_0054_0054.jpg 1 29 12 54 54
0395_0043_0041_0050_0050.jpg 1 43 41 50 50
0396_0054_0041_0038_0038.jpg 1 54 41 38 38
0397_0021_0039_0039_0039.jpg 1 21 39 39 39
0398_0066_0026_0025_0025.jpg 1 66 26 25 25
0399_0042_0035_0039_0039.jpg 1 42 35 39 39
0400_0027_0031_0064_0064.jpg 1 27 31 64 64
0401_0009_0013_0069_0069.jpg 1 9 13 69 69
0402_0024_0038_0055_0055.jpg 1 24 38 55 55
0403_0017_0012_0068_0068.jpg 1 17 12 68 68
0404_0017_0014_0040_0040.jpg 1 17 14 40 40
0405_0029_0011_0064_0064.jpg 1 29 11 64 64
0406_0019_0029_0044_0044.jpg 1 19 29 44 44
0407_0031_0015_0039_0039.jpg 1 31 15 39 39
0408_0035_0009_0036_0036.jpg 1 35 9 36 36
0409_0008_0003_0069_0069.jpg 1 8 3 69 69
0410_0025_0024_0030_0030.jpg 1 25 24 30 30
0411_0009_0017_0055_0055.jpg 1 9 17 55 55
0412_0030_0049_0041_0041.jpg 1 30 49 41 41
0413_0038_0040_0034_0034.jpg 1 38 40 34 34
0414_0014_0040_0044_0044.jpg 1 14 40 44 44
0415_0015_0015_0069_0069.jpg 1 15 15 69 69
0416_0023_0033_0032_0032.jpg 1 23 33 32 32
0417_0020_0059_0034_0034.jpg 1 20 59 34 34
0418_0049_0030_0034_0034.jpg 1 49 30 34 34
0419_0040_0022_0046_0046.jpg 1 40 22 46 46
0420_0030_0042_0033_0033.jpg 1 30 42 33 33
0421_0024_0042_0028_0028.jpg 1 24 42 28 28
0422_0024_0064_0025_0025.jpg 1 24 64 25 25
0423_0036_0019_0051_0051.jpg 1 36 19 51 51
0424_0052_0039_0029_0029.jpg 1 52 39 29 29
0425_0028_0009_0063_0063.jpg 1 28 9 63 63
0426_0039_0041_0047_0047.jpg 1 39 41 47 47
0427_0033_0011_0060_0060.jpg 1 33 11 60 60
0428_0033_0009_0061_0061.jpg 1 33 9 61 61
0429_0025_0009_0043_0043.jpg 1 25 9 43 43
0430_0009_0020_0057_0057.jpg 1 9 20 57 57
0431_0044_0032_0032_0032.jpg 1 44 32 32 32
0432_0027_0027_0065_0065.jpg 1 27 27 65 65
0433_0016_0032_0049_0049.jpg 1 16 32 49 49
0434_0026_0050_0035_0035.jpg 1 26 50 35 35
0435_0049_0036_0029_0029.jpg 1 49 36 29 29
0436_0044_0032_0045_0045.jpg 1 44 32 45 45
0437_0024_0057_0034_0034.jpg 1 24 57 34 34
0438_0034_0016_0032_0032.jpg 1 34 16 32 32
0439_0025_0027_0038_0038.jpg 1 25 27 38 38
0440_0010_0034_0059_0059.jpg 1 10 34 59 59
0441_0016_0016_0066_0066.jpg 1 16 16 66 66
0442_0030_0038_0048_0048.jpg 1 30 38 48 48
0443_0047_0010_0039_0039.jpg 1 47 10 39 39
0444_0014_0011_0034_0034.jpg 1 14 11 34 34
0445_0030_0037_0057_0057.jpg 1 30 37 57 57
0446_0032_0028_0063_0063.jpg 1 32 28 63 63
0447_0013_0020_0055_0055.jpg 1 13 20 55 55
0448_0017_0019_0051_0051.jpg 1 17 19 51 51
0449_0006_0009_0064_0064.jpg 1 6 9 64 64
0450_0022_0022_0069_0069.jpg 1 22 22 69 69
0451_0006_0020_0068_0068.jpg 1 6 20 68 68
0452_0030_0021_0063_0063.jpg 1 30 21 63 63
0453_0035_0015_0042_0042.jpg 1 35 15 42 42
0454_0034_0034_0058_0058.jpg 1 34 34 58 58
0455_0032_0015_0063_0063.jpg 1 32 15 63 63
0456_0023_0028_0052_0052.jpg 1 23 28 52 52
0457_0042_0048_0041_0041.jpg 1 42 48 41 41
0458_0044_0041_0048_0048.jpg 1 44 41 48 48
0459_0027_0038_0054_0054.jpg 1 27 38 54 54
0460_0026_0004_0061_0061.jpg 1 26 4 61 61
0461_0051_0040_0034_0034.jpg 1 51 40 34 34
0462_0037_0005_0058_0058.jpg 1 37 5 58 58
0463_0023_0026_0035_0035.jpg 1 23 26 35 35
0464_0028_0027_0052_0052.jpg 1 28 27 52 52
0465_0020_0013_0068_0068.jpg 1 20 13 68 68
0466_0031_0026_0059_0059.jpg 1 31 26 59 59
0467_0029_0039_0045_0045.jpg 1 29 39 45 45
0468_0016_0047_0044_0044.jpg 1 16 47 44 44
0469_0038_0024_0056_0056.jpg 1 38 24 56 56
0470_0043_0009_0027_0027.jpg 1 43 9 27 27
0471_0013_0037_0037_0037.jpg 1 13 37 37 37
0472_0022_0019_0068_0068.jpg 1 22 19 68 68
0473_0023_0021_0065_0065.jpg 1 23 21 65 65
0474_0057_0013_0032_0032.jpg 1 57 13 32 32
0475_0031_0023_0064_0064.jpg 1 31 23 64 64
0476_0014_0020_0069_0069.jpg 1 14 20 69 69
0477_0008_0004_0066_0066.jpg 1 8 4 66 66
0478_0025_0018_0066_0066.jpg 1 25 18 66 66
0479_0036_0015_0049_0049.jpg 1 36 15 49 49
0480_0017_0028_0028_0028.jpg 1 17 28 28 28
0481_0021_0018_0047_0047.jpg 1 21 18 47 47
0482_0034_0023_0041_0041.jpg 1 34 23 41 41
0483_0023_0020_0038_0038.jpg 1 23 20 38 38
0484_0009_0016_0067_0067.jpg 1 9 16 67 67
0485_0027_0029_0059_0059.jpg 1 27 29 59 59
0486_0044_0019_0045_0045.jpg 1 44 19 45 45
0487_0009_0005_0065_0065.jpg 1 9 5 65 65
0488_0035_0007_0059_0059.jpg 1 35 7 59 59
0489_0046_0041_0030_0030.jpg 1 46 41 30 30
0490_0012_0020_0066_0066.jpg 1 12 20 66 66
0491_0015_0037_0044_0044.jpg 1 15 37 44 44
0492_0008_0016_0057_0057.jpg 1 8 16 57 57
0493_0018_0022_0050_0050.jpg 1 18 22 50 50
0494_0021_0011_0058_0058.jpg 1 21 11 58 58
0495_0016_0029_0067_0067.jpg 1 16 29 67 67
0496_0031_0028_0056_0056.jpg 1 31 28 56 56
0497_0068_0050_0024_0024.jpg 1 68 50 24 24
0498_0007_0018_0038_0038.jpg 1 7 18 38 38
0499_0013_0012_0033_0033.jpg 1 13 12 33 33
0500_0009_0063_0029_0029.jpg 1 9 63 29 29
0501_0022_0019_0061_0061.jpg 1 22 19 61 61
0502_0036_0015_0036_0036.jpg 1 36 15 36 36
0503_0024_0016_0058_0058.jpg 1 24 16 58 58
0504_0008_0022_0061_0061.jpg 1 8 22 61 61
0505_0027_0018_0046_0046.jpg 1 27 18 46 46
0506_0018_0015_0034_0034.jpg 1 18 15 34 34
0507_0040_0031_0035_0035.jpg 1 40 31 35 35
0508_0023_0045_0039_0039.jpg 1 23 45 39 39
0509_0054_0055_0035_0035.jpg 1 54 55 35 35
0510_0015_0010_0068_0068.jpg 1 15 10 68 68
0511_0016_0050_0035_0035.jpg 1 16 50 35 35
0512_0009_0014_0056_0056.jpg 1 9 14 56 56
0513_0013_0013_0068_0068.jpg 1 13 13 68 68
0514_0018_0031_0060_0060.jpg 1 18 31 60 60
0515_0030_0028_0035_0035.jpg 1 30 28 35 35
0516_0015_0052_0032_0032.jpg 1 15 52 32 32
0517_0029_0012_0061_0061.jpg 1 29 12 61 61
0518_0028_0059_0026_0026.jpg 1 28 59 26 26
0519_0014_0036_0024_0024.jpg 1 14 36 24 24
0520_0018_0006_0054_0054.jpg 1 18 6 54 54
0521_0061_0054_0025_0025.jpg 1 61 54 25 25
0522_0018_0040_0041_0041.jpg 1 18 40 41 41
0523_0015_0039_0050_0050.jpg 1 15 39 50 50
0524_0033_0010_0035_0035.jpg 1 33 10 35 35
0525_0050_0018_0041_0041.jpg 1 50 18 41 41
0526_0036_0043_0035_0035.jpg 1 36 43 35 35
0527_0045_0016_0024_0024.jpg 1 45 16 24 24
0528_0043_0061_0032_0032.jpg 1 43 61 32 32
0529_0044_0041_0038_0038.jpg 1 44 41 38 38
0530_0004_0015_0054_0054.jpg 1 4 15 54 54
0531_0015_0032_0037_0037.jpg 1 15 32 37 37
0532_0033_0016_0037_0037.jpg 1 33 16 37 37
0533_0048_0055_0031_0031.jpg 1 48 55 31 31
0534_0022_0023_0064_0064.jpg 1 22 23 64 64
0535_0020_0023_0063_0063.jpg 1 20 23 63 63
0536_0019_0021_0030_0030.jpg 1 19 21 30 30
0537_0008_0012_0032_0032.jpg 1 8 12 32 32
0538_0014_0031_0039_0039.jpg 1 14 31 39 39
0539_0028_0027_0065_0065.jpg 1 28 27 65 65
0540_0031_0034_0043_0043.jpg 1 31 34 43 43
0541_0036_0051_0029_0029.jpg 1 36 51 29 29
0542_0040_0005_0054_0054.jpg 1 40 5 54 54
0543_0016_0033_0033_0033.jpg 1 16 33 33 33
0544_0006_0008_0066_0066.jpg 1 6 8 66 66
0545_0024_0034_0050_0050.jpg 1 24 34 50 50
0546_0026_0003_0066_0066.jpg 1 26 3 66 66
0547_0004_0008_0064_0064.jpg 1 4 8 64 64
0548_0047_0048_0042_0042.jpg 1 47 48 42 42
0549_0029_0018_0059_0059.jpg 1 29 18 59 59
0550_0028_0043_0040_0040.jpg 1 28 43 40 40
0551_0041_0041_0047_0047.jpg 1 41 41 47 47
0552_0014_0049_0036_0036.jpg 1 14 49 36 36
0553_0008_0025_0062_0062.jpg 1 8 25 62 62
0554_0017_0032_0058_0058.jpg 1 17 32 58 58
0555_0020_0009_0024_0024.jpg 1 20 9 24 24
0556_0015_0013_0069_0069.jpg 1 15 13 69 69
0557_0023_0005_0052_0052.jpg 1 23 5 52 52
0558_0048_0017_0030_0030.jpg 1 48 17 30 30
0559_0010_0018_0064_0064.jpg 1 10 18 64 64
0560_0028_0011_0053_0053.jpg 1 28 11 53 53
0561_0032_0015_0050_0050.jpg 1 32 15 50 50
0562_0013_0022_0024_0024.jpg 1 13 22 24 24
0563_0029_0015_0061_0061.jpg 1 29 15 61 61
0564_0039_0029_0024_0024.jpg 1 39 29 24 24
0565_0021_0032_0056_0056.jpg 1 21 32 56 56
0566_0042_0043_0024_0024.jpg 1 42 43 24 24
0567_0032_0011_0054_0054.jpg 1 32 11 54 54
0568_0030_0041_0043_0043.jpg 1 30 41 43 43
0569_0014_0015_0069_0069.jpg 1 14 15 69 69
0570_0013_0041_0039_0039.jpg 1 13 41 39 39
0571_0007_0043_0034_0034.jpg 1 7 43 34 34
0572_0014_0007_0066_0066.jpg 1 14 7 66 66
0573_0060_0029_0026_0026.jpg 1 60 29 26 26
0574_0017_0026_0032_0032.jpg 1 17 26 32 32
0575_0059_0040_0024_0024.jpg 1 59 40 24 24
0576_0009_0047_0040_0040.jpg 1 9 47 40 40
0577_0018_0041_0037_0037.jpg 1 18 41 37 37
0578_0043_0041_0039_0039.jpg 1 43 41 39 39
0579_0039_0010_0050_0050.jpg 1 39 10 50 50
0580_0016_0017_0067_0067.jpg 1 16 17 67 67
0581_0013_0007_0035_0035.jpg 1 13 7 35 35
0582_0036_0024_0053_0053.jpg 1 36 24 53 53
0583_0034_0018_0053_0053.jpg 1 34 18 53 53
0584_0046_0047_0042_0042.jpg 1 46 47 42 42
0585_0014_0028_0038_0038.jpg 1 14 28 38 38
0586_0024_0035_0040_0040.jpg 1 24 35 40 40
0587_0022_0012_0059_0059.jpg 1 22 12 59 59
0588_0018_0047_0033_0033.jpg 1 18 47 33 33
0589_0020_0019_0044_0044.jpg 1 20 19 44 44
0590_0015_0007_0043_0043.jpg 1 15 7 43 43
0591_0014_0012_0046_0046.jpg 1 14 12 46 46
0592_0019_0045_0047_0047.jpg 1 19 45 47 47
0593_0042_0033_0047_0047.jpg 1 42 33 47 47
0594_0011_0037_0050_0050.jpg 1 11 37 50 50
0595_0021_0031_0063_0063.jpg 1 21 31 63 63
0596_0015_0032_0045_0045.jpg 1 15 32 45 45
0597_0023_0023_0067_0067.jpg 1 23 23 67 67
0598_0011_0018_0030_0030.jpg 1 11 18 30 30
0599_0019_0025_0068_0068.jpg 1 19 25 68 68
0600_0015_0010_0055_0055.jpg 1 15 10 55 55
0601_0025_0032_0057_0057.jpg 1 25 32 57 57
0602_0028_0035_0050_0050.jpg 1 28 35 50 50
0603_0013_0027_0045_0045.jpg 1 13 27 45 45
0604_0009_0009_0055_0055.jpg 1 9 9 55 55
0605_0012_0027_0053_0053.jpg 1 12 27 53 53
0606_0041_0021_0053_0053.jpg 1 41 21 53 53
0607_0009_0052_0035_0035.jpg 1 9 52 35 35
0608_0015_0008_0060_0060.jpg 1 15 8 60 60
0609_0008_0031_0055_0055.jpg 1 8 31 55 55
0610_0056_0037_0024_0024.jpg 1 56 37 24 24
0611_0032_0035_0041_0041.jpg 1 32 35 41 41
0612_0026_0051_0037_0037.jpg 1 26 51 37 37
0613_0008_0020_0057_0057.jpg 1 8 20 57 57
0614_0028_0034_0027_0027.jpg 1 28 34 27 27
0615_0052_0038_0025_0025.jpg 1 52 38 25 25
0616_0018_0009_0040_0040.jpg 1 18 9 40 40
0617_0032_0035_0025_0025.jpg 1 32 35 25 25
0618_0013_0019_0068_0068.jpg 1 13 19 68 68
0619_0015_0036_0057_0057.jpg 1 15 36 57 57
0620_0007_0014_0051_0051.jpg 1 7 14 51 51
0621_0015_0006_0065_0065.jpg 1 15 6 65 65
0622_0017_0032_0051_0051.jpg 1 17 32 51 51
0623_0014_0013_0044_0044.jpg 1 14 13 44 44
0624_0016_0007_0047_0047.jpg 1 16 7 47 47
0625_0009_0011_0057_0057.jpg 1 9 11 57 57
0626_0016_0034_0029_0029.jpg 1 16 34 29 29
0627_0030_0012_0042_0042.jpg 1 30 12 42 42
0628_0022_0018_0047_0047.jpg 1 22 18 47 47
0629_0032_0054_0038_0038.jpg 1 32 54 38 38
0630_0022_0044_0032_0032.jpg 1 22 44 32 32
0631_0016_0031_0036_0036.jpg 1 16 31 36 36
0632_0040_0024_0046_0046.jpg 1 40 24 46 46
0633_0019_0039_0041_0041.jpg 1 19 39 41 41
0634_0038_0046_0047_0047.jpg 1 38 46 47 47
0635_0005_0008_0060_0060.jpg 1 5 8 60 60
0636_0045_0046_0046_0046.jpg 1 45 46 46 46
0637_0040_0008_0049_0049.jpg 1 40 8 49 49
0638_0038_0020_0031_0031.jpg 1 38 20 31 31
0639_0021_0036_0052_0052.jpg 1 21 36 52 52
0640_0010_0028_0063_0063.jpg 1 10 28 63 63
0641_0020_0008_0057_0057.jpg 1 20 8 57 57
0642_0006_0022_0056_0056.jpg 1 6 22 56 56
0643_0018_0017_0047_0047.jpg 1 18 17 47 47
0644_0032_0015_0032_0032.jpg 1 32 15 32 32
0645_0047_0021_0034_0034.jpg 1 47 21 34 34
0646_0022_0014_0063_0063.jpg 1 22 14 63 63
0647_0035_0027_0056_0056.jpg 1 35 27 56 56
0648_0007_0016_0053_0053.jpg 1 7 16 53 53
0649_0021_0045_0047_0047.jpg 1 21 45 47 47
0650_0058_0010_0034_0034.jpg 1 58 10 34 34
0651_0028_0009_0046_0046.jpg 1 28 9 46 46
0652_0063_0056_0029_0029.jpg 1 63 56 29 29
0653_0019_0021_0052_0052.jpg 1 19 21 52 52
0654_0010_0014_0046_0046.jpg 1 10 14 46 46
0655_0005_0008_0058_0058.jpg 1 5 8 58 58
0656_0015_0044_0039_0039.jpg 1 15 44 39 39
0657_0015_0027_0068_0068.jpg 1 15 27 68 68
0658_0054_0032_0036_0036.jpg 1 54 32 36 36
0659_0016_0007_0066_0066.jpg 1 16 7 66 66
0660_0036_0004_0056_0056.jpg 1 36 4 56 56
0661_0007_0022_0030_0030.jpg 1 7 22 30 30
0662_0022_0030_0042_0042.jpg 1 22 30 42 42
0663_0040_0023_0037_0037.jpg 1 40 23 37 37
0664_0022_0043_0036_0036.jpg 1 22 43 36 36
0665_0020_0011_0063_0063.jpg 1 20 11 63 63
0666_0020_0010_0066_0066.jpg 1 20 10 66 66
0667_0013_0009_0065_0065.jpg 1 13 9 65 65
0668_0036_0017_0056_0056.jpg 1 36 17 56 56
0669_0012_0034_0057_0057.jpg 1 12 34 57 57
0670_0006_0036_0039_0039.jpg 1 6 36 39 39
0671_0048_0062_0030_0030.jpg 1 48 62 30 30
0672_0010_0033_0054_0054.jpg 1 10 33 54 54
0673_0042_0040_0039_0039.jpg 1 42 40 39 39
0674_0052_0054_0029_0029.jpg 1 52 54 29 29
0675_0026_0013_0038_0038.jpg 1 26 13 38 38
0676_0033_0005_0055_0055.jpg 1 33 5 55 55
0677_0055_0046_0026_0026.jpg 1 55 46 26 26
0678_0009_0008_0061_0061.jpg 1 9 8 61 61
0679_0013_0064_0026_0026.jpg 1 13 64 26 26
0680_0013_0027_0045_0045.jpg 1 13 27 45 45
0681_0022_0029_0061_0061.jpg 1 22 29 61 61
0682_0042_0013_0025_0025.jpg 1 42 13 25 25
0683_0041_0050_0028_0028.jpg 1 41 50 28 28
0684_0019_0017_0065_0065.jpg 1 19 17 65 65
0685_0046_0036_0041_0041.jpg 1 46 36 41 41
0686_0026_0015_0057_0057.jpg 1 26 15 57 57
0687_0013_0016_0057_0057.jpg 1 13 16 57 57
0688_0032_0020_0026_0026.jpg 1 32 20 26 26
0689_0014_0023_0063_0063.jpg 1 14 23 63 63
0690_0016_0007_0064_0064.jpg 1 16 7 64 64
0691_0021_0034_0058_0058.jpg 1 21 34 58 58
0692_0016_0008_0061_0061.jpg 1 16 8 61 61
0693_0034_0023_0058_0058.jpg 1 34 23 58 58
0694_0052_0035_0029_0029.jpg 1 52 35 29 29
0695_0021_0025_0046_0046.jpg 1 21 25 46 46
0696_0009_0013_0053_0053.jpg 1 9 13 53 53
0697_0059_0036_0030_0030.jpg 1 59 36 30 30
0698_0007_0036_0056_0056.jpg 1 7 36 56 56
0699_0004_0019_0054_0054.jpg 1 4 19 54 54
0700_0040_0006_0038_0038.jpg 1 40 6 38 38
0701_0010_0030_0040_0040.jpg 1 10 30 40 40
0702_0038_0012_0036_0036.jpg 1 38 12 36 36
0703_0019_0017_0052_0052.jpg 1 19 17 52 52
0704_0023_0021_0024_0024.jpg 1 23 21 24 24
0705_0050_0053_0032_0032.jpg 1 50 53 32 32
0706_0009_0007_0063_0063.jpg 1 9 7 63 63
0707_0026_0052_0034_0034.jpg 1 26 52 34 34
0708_0012_0031_0034_0034.jpg 1 12 31 34 34
0709_0043_0045_0034_0034.jpg 1 43 45 34 34
0710_0036_0048_0036_0036.jpg 1 36 48 36 36
0711_0005_0010_0066_0066.jpg 1 5 10 66 66
0712_0024_0029_0054_0054.jpg 1 24 29 54 54
0713_0023_0034_0039_0039.jpg 1 23 34 39 39
0714_0013_0026_0059_0059.jpg 1 13 26 59 59
0715_0035_0019_0046_0046.jpg 1 35 19 46 46
0716_0010_0026_0067_0067.jpg 1 10 26 67 67
0717_0022_0007_0049_0049.jpg 1 22 7 49 49
0718_0024_0036_0056_0056.jpg 1 24 36 56 56
0719_0029_0031_0051_0051.jpg 1 29 31 51 51
0720_0041_0023_0040_0040.jpg 1 41 23 40 40
0721_0038_0045_0042_0042.jpg 1 38 45 42 42
0722_0011_0014_0069_0069.jpg 1 11 14 69 69
0723_0049_0042_0034_0034.jpg 1 49 42 34 34
0724_0031_0018_0047_0047.jpg 1 31 18 47 47
0725_0042_0031_0051_0051.jpg 1 42 31 51 51
0726_0037_0054_0032_0032.jpg 1 37 54 32 32
0727_0021_0004_0062_0062.jpg 1 21 4 62 62
0728_0050_0059_0024_0024.jpg 1 50 59 24 24
0729_0021_0031_0051_0051.jpg 1 21 31 51 51
0730_0032_0016_0060_0060.jpg 1 32 16 60 60
0731_0028_0027_0024_0024.jpg 1 28 27 24 24
0732_0035_0061_0029_0029.jpg 1 35 61 29 29
0733_0032_0017_0063_0063.jpg 1 32 17 63 63
0734_0021_0025_0063_0063.jpg 1 21 25 63 63
0735_0022_0018_0053_0053.jpg 1 22 18 53 53
0736_0039_0004_0055_0055.jpg 1 39 4 55 55
0737_0017_0031_0060_0060.jpg 1 17 31 60 60
0738_0015_0014_0056_0056.jpg 1 15 14 56 56
0739_0016_0043_0051_0051.jpg 1 16 43 51 51
0740_0019_0039_0042_0042.jpg 1 19 39 42 42
0741_0029_0043_0032_0032.jpg 1 29 43 32 32
0742_0038_0030_0057_0057.jpg 1 38 30 57 57
0743_0037_0036_0027_0027.jpg 1 37 36 27 27
0744_0036_0035_0054_0054.jpg 1 36 35 54 54
0745_0040_0009_0044_0044.jpg 1 40 9 44 44
0746_0057_0052_0030_0030.jpg 1 57 52 30 30
0747_0035_0027_0058_0058.jpg 1 35 27 58 58
0748_0013_0024_0063_0063.jpg 1 13 24 63 63
0749_0019_0034_0058_0058.jpg 1 19 34 58 58
0750_0030_0018_0054_0054.jpg 1 30 18 54 54
0751_0053_0038_0031_0031.jpg 1 53 38 31 31
0752_0048_0011_0033_0033.jpg 1 48 11 33 33
0753_0064_0061_0026_0026.jpg 1 64 61 26 26
0754_0027_0033_0049_0049.jpg 1 27 33 49 49
0755_0043_0036_0044_0044.jpg 1 43 36 44 44
0756_0023_0020_0059_0059.jpg 1 23 20 59 59
0757_0013_0030_0062_0062.jpg 1 13 30 62 62
0758_0016_0025_0066_0066.jpg 1 16 25 66 66
0759_0008_0006_0062_0062.jpg 1 8 6 62 62
0760_0029_0035_0029_0029.jpg 1 29 35 29 29
0761_0025_0010_0057_0057.jpg 1 25 10 57 57
0762_0043_0026_0046_0046.jpg 1 43 26 46 46
0763_0024_0012_0068_0068.jpg 1 24 12 68 68
0764_0018_0017_0028_0028.jpg 1 18 17 28 28
0765_0024_0032_0059_0059.jpg 1 24 32 59 59
0766_0013_0020_0041_0041.jpg 1 13 20 41 41
0767_0052_0022_0037_0037.jpg 1 52 22 37 37
0768_0009_0024_0051_0051.jpg 1 9 24 51 51
0769_0007_0025_0060_0060.jpg 1 7 25 60 60
0770_0033_0023_0045_0045.jpg 1 33 23 45 45
0771_0054_0030_0032_0032.jpg 1 54 30 32 32
0772_0012_0027_0065_0065.jpg 1 12 27 65 65
0773_0027_0031_0042_0042.jpg 1 27 31 42 42
0774_0013_0009_0040_0040.jpg 1 13 9 40 40
0775_0042_0019_0040_0040.jpg 1 42 19 40 40
0776_0026_0019_0061_0061.jpg 1 26 19 61 61
0777_0030_0018_0053_0053.jpg 1 30 18 53 53
0778_0032_0023_0058_0058.jpg 1 32 23 58 58
0779_0016_0026_0033_0033.jpg 1 16 26 33 33
0780_0019_0058_0029_0029.jpg 1 19 58 29 29
0781_0055_0038_0038_0038.jpg 1 55 38 38 38
0782_0018_0010_0052_0052.jpg 1 18 10 52 52
0783_0039_0015_0028_0028.jpg 1 39 15 28 28
0784_0010_0018_0056_0056.jpg 1 10 18 56 56
0785_0025_0013_0053_0053.jpg 1 25 13 53 53
0786_0037_0005_0056_0056.jpg 1 37 5 56 56
0787_0008_0004_0067_0067.jpg 1 8 4 67 67
0788_0053_0010_0031_0031.jpg 1 53 10 31 31
0789_0027_0013_0035_0035.jpg 1 27 13 35 35
0790_0041_0043_0045_0045.jpg 1 41 43 45 45
0791_0048_0044_0035_0035.jpg 1 48 44 35 35
0792_0030_0035_0027_0027.jpg 1 30 35 27 27
0793_0030_0027_0056_0056.jpg 1 30 27 56 56
0794_0036_0007_0059_0059.jpg 1 36 7 59 59
0795_0004_0036_0058_0058.jpg 1 4 36 58 58
0796_0026_0053_0025_0025.jpg 1 26 53 25 25
0797_0015_0033_0043_0043.jpg 1 15 33 43 43
0798_0013_0044_0036_0036.jpg 1 13 44 36 36
0799_0025_0027_0051_0051.jpg 1 25 27 51 51
0800_0016_0021_0038_0038.jpg 1 16 21 38 38
0801_0026_0007_0041_0041.jpg 1 26 7 41 41
0802_0059_0021_0024_0024.jpg 1 59 21 24 24
0803_0040_0017_0043_0043.jpg 1 40 17 43 43
0804_0007_0034_0050_0050.jpg 1 7 34 50 50
0805_0041_0020_0047_0047.jpg 1 41 20 47 47
0806_0043_0017_0037_0037.jpg 1 43 17 37 37
0807_0032_0019_0061_0061.jpg 1 32 19 61 61
0808_0043_0035_0028_0028.jpg 1 43 35 28 28
0809_0010_0041_0029_0029.jpg 1 10 41 29 29
0810_0028_0005_0067_0067.jpg 1 28 5 67 67
0811_0030_0026_0035_0035.jpg 1 30 26 35 35
0812_0021_0008_0058_0058.jpg 1 21 8 58 58
0813_0011_0014_0058_0058.jpg 1 11 14 58 58
0814_0018_0014_0029_0029.jpg 1 18 14 29 29
0815_0015_0035_0047_0047.jpg 1 15 35 47 47
0816_0018_0026_0065_0065.jpg 1 18 26 65 65
0817_0034_0009_0056_0056.jpg 1 34 9 56 56
0818_0017_0026_0069_0069.jpg 1 17 26 69 69
0819_0021_0021_0041_0041.jpg 1 21 21 41 41
0820_0013_0013_0063_0063.jpg 1 13 13 63 63
0821_0026_0025_0049_0049.jpg 1 26 25 49 49
0822_0008_0019_0052_0052.jpg 1 8 19 52 52
0823_0023_0019_0056_0056.jpg 1 23 19 56 56
0824_0049_0040_0028_0028.jpg 1 49 40 28 28
0825_0019_0028_0026_0026.jpg 1 19 28 26 26
0826_0024_0035_0030_0030.jpg 1 24 35 30 30
0827_0015_0039_0044_0044.jpg 1 15 39 44 44
0828_0020_0029_0057_0057.jpg 1 20 29 57 57
0829_0050_0026_0034_0034.jpg 1 50 26 34 34
0830_0026_0027_0035_0035.jpg 1 26 27 35 35
0831_0021_0007_0059_0059.jpg 1 21 7 59 59
0832_0015_0024_0049_0049.jpg 1 15 24 49 49
0833_0040_0036_0026_0026.jpg 1 40 36 26 26
0834_0006_0018_0050_0050.jpg 1 6 18 50 50
0835_0027_0021_0044_0044.jpg 1 27 21 44 44
0836_0006_0010_0053_0053.jpg 1 6 10 53 53
0837_0023_0015_0068_0068.jpg 1 23 15 68 68
0838_0010_0049_0034_0034.jpg 1 10 49 34 34
0839_0041_0033_0048_0048.jpg 1 41 33 48 48
0840_0021_0022_0041_0041.jpg 1 21 22 41 41
0841_0037_0045_0040_0040.jpg 1 37 45 40 40
0842_0045_0017_0037_0037.jpg 1 45 17 37 37
0843_0010_0060_0024_0024.jpg 1 10 60 24 24
0844_0035_0032_0028_0028.jpg 1 35 32 28 28
0845_0006_0021_0046_0046.jpg 1 6 21 46 46
0846_0004_0007_0069_0069.jpg 1 4 7 69 69
0847_0017_0013_0035_0035.jpg 1 17 13 35 35
0848_0043_0047_0031_0031.jpg 1 43 47 31 31
0849_0015_0024_0062_0062.jpg 1 15 24 62 62
0850_0049_0030_0042_0042.jpg 1 49 30 42 42
0851_0028_0021_0062_0062.jpg 1 28 21 62 62
0852_0050_0029_0030_0030.jpg 1 50 29 30 30
0853_0009_0004_0065_0065.jpg 1 9 4 65 65
0854_0012_0023_0068_0068.jpg 1 12 23 68 68
0855_0051_0033_0033_0033.jpg 1 51 33 33 33
0856_0031_0038_0052_0052.jpg 1 31 38 52 52
0857_0016_0013_0067_0067.jpg 1 16 13 67 67
0858_0009_0027_0047_0047.jpg 1 9 27 47 47
0859_0016_0005_0052_0052.jpg 1 16 5 52 52
0860_0031_0030_0030_0030.jpg 1 31 30 30 30
0861_0019_0044_0025_0025.jpg 1 19 44 25 25
0862_0030_0035_0058_0058.jpg 1 30 35 58 58
0863_0057_0048_0026_0026.jpg 1 57 48 26 26
0864_0022_0052_0041_0041.jpg 1 22 52 41 41
0865_0022_0028_0032_0032.jpg 1 22 28 32 32
0866_0036_0026_0057_0057.jpg 1 36 26 57 57
0867_0041_0031_0042_0042.jpg 1 41 31 42 42
0868_0056_0050_0032_0032.jpg 1 56 50 32 32
0869_0013_0021_0062_0062.jpg 1 13 21 62 62
0870_0035_0011_0045_0045.jpg 1 35 11 45 45
0871_0048_0009_0044_0044.jpg 1 48 9 44 44
0872_0008_0035_0050_0050.jpg 1 8 35 50 50
0873_0010_0053_0030_0030.jpg 1 10 53 30 30
0874_0013_0019_0069_0069.jpg 1 13 19 69 69
0875_0006_0034_0053_0053.jpg 1 6 34 53 53
0876_0045_0025_0042_0042.jpg 1 45 25 42 42
0877_0035_0032_0058_0058.jpg 1 35 32 58 58
0878_0019_0040_0030_0030.jpg 1 19 40 30 30
0879_0032_0023_0062_0062.jpg 1 32 23 62 62
0880_0004_0013_0063_0063.jpg 1 4 13 63 63
0881_0011_0051_0041_0041.jpg 1 11 51 41 41
0882_0011_0013_0066_0066.jpg 1 11 13 66 66
0883_0047_0061_0029_0029.jpg 1 47 61 29 29
0884_0013_0039_0042_0042.jpg 1 13 39 42 42
0885_0046_0045_0029_0029.jpg 1 46 45 29 29
0886_0022_0044_0045_0045.jpg 1 22 44 45 45
0887_0039_0017_0036_0036.jpg 1 39 17 36 36
0888_0004_0019_0069_0069.jpg 1 4 19 69 69
0889_0028_0043_0031_0031.jpg 1 28 43 31 31
0890_0019_0021_0032_0032.jpg 1 19 21 32 32
0891_0038_0057_0031_0031.jpg 1 38 57 31 31
0892_0013_0009_0031_0031.jpg 1 13 9 31 31
0893_0040_0006_0051_0051.jpg 1 40 6 51 51
0894_0007_0031_0062_0062.jpg 1 7 31 62 62
0895_0019_0056_0031_0031.jpg 1 19 56 31 31
0896_0029_0034_0039_0039.jpg 1 29 34 39 39
0897_0044_0041_0045_0045.jpg 1 44 41 45 45
0898_0057_0049_0036_0036.jpg 1 57 49 36 36
0899_0006_0035_0053_0053.jpg 1 6 35 53 53
0900_0033_0012_0050_0050.jpg 1 33 12 50 50
0901_0013_0051_0040_0040.jpg 1 13 51 40 40
0902_0030_0028_0064_0064.jpg 1 30 28 64 64
0903_0028_0049_0044_0044.jpg 1 28 49 44 44
0904_0030_0006_0065_0065.jpg 1 30 6 65 65
0905_0004_0028_0061_0061.jpg 1 4 28 61 61
0906_0041_0029_0040_0040.jpg 1 41 29 40 40
0907_0005_0042_0042_0042.jpg 1 5 42 42 42
0908_0006_0005_0065_0065.jpg 1 6 5 65 65
0909_0021_0018_0037_0037.jpg 1 21 18 37 37
0910_0056_0026_0029_0029.jpg 1 56 26 29 29
0911_0014_0004_0065_0065.jpg 1 14 4 65 65
0912_0020_0047_0036_0036.jpg 1 20 47 36 36
0913_0009_0021_0025_0025.jpg 1 9 21 25 25
0914_0033_0016_0055_0055.jpg 1 33 16 55 55
0915_0043_0012_0042_0042.jpg 1 43 12 42 42
0916_0022_0043_0039_0039.jpg 1 22 43 39 39
0917_0003_0004_0064_0064.jpg 1 3 4 64 64
0918_0037_0009_0052_0052.jpg 1 37 9 52 52
0919_0009_0019_0060_0060.jpg 1 9 19 60 60
0920_0024_0024_0068_0068.jpg 1 24 24 68 68
0921_0025_0042_0045_0045.jpg 1 25 42 45 45
0922_0034_0006_0057_0057.jpg 1 34 6 57 57
0923_0023_0003_0068_0068.jpg 1 23 3 68 68
0924_0038_0050_0037_0037.jpg 1 38 50 37 37
0925_0005_0034_0049_0049.jpg 1 5 34 49 49
0926_0016_0061_0024_0024.jpg 1 16 61 24 24
0927_0022_0012_0056_0056.jpg 1 22 12 56 56
0928_0014_0007_0056_0056.jpg 1 14 7 56 56
0929_0010_0050_0043_0043.jpg 1 10 50 43 43
0930_0054_0010_0027_0027.jpg 1 54 10 27 27
0931_0051_0038_0029_0029.jpg 1 51 38 29 29
0932_0023_0036_0051_0051.jpg 1 23 36 51 51
0933_0060_0056_0027_0027.jpg 1 60 56 27 27
0934_0046_0019_0036_0036.jpg 1 46 19 36 36
0935_0010_0032_0036_0036.jpg 1 10 32 36 36
0936_0053_0037_0039_0039.jpg 1 53 37 39 39
0937_0014_0023_0068_0068.jpg 1 14 23 68 68
0938_0066_0020_0025_0025.jpg 1 66 20 25 25
0939_0038_0053_0031_0031.jpg 1 38 53 31 31
0940_0012_0041_0053_0053.jpg 1 12 41 53 53
0941_0029_0033_0057_0057.jpg 1 29 33 57 57
0942_0038_0016_0057_0057.jpg 1 38 16 57 57
0943_0025_0019_0063_0063.jpg 1 25 19 63 63
0944_0007_0030_0027_0027.jpg 1 7 30 27 27
0945_0023_0024_0055_0055.jpg 1 23 24 55 55
0946_0019_0010_0069_0069.jpg 1 19 10 69 69
0947_0023_0039_0053_0053.jpg 1 23 39 53 53
0948_0030_0039_0039_0039.jpg 1 30 39 39 39
0949_0010_0047_0026_0026.jpg 1 10 47 26 26
0950_0007_0008_0064_0064.jpg 1 7 8 64 64
0951_0016_0030_0064_0064.jpg 1 16 30 64 64
0952_0006_0019_0051_0051.jpg 1 6 19 51 51
0953_0021_0018_0067_0067.jpg 1 21 18 67 67
0954_0029_0025_0058_0058.jpg 1 29 25 58 58
0955_0054_0058_0028_0028.jpg 1 54 58 28 28
0956_0027_0011_0064_0064.jpg 1 27 11 64 64
0957_0019_0006_0063_0063.jpg 1 19 6 63 63
0958_0030_0019_0062_0062.jpg 1 30 19 62 62
0959_0034_0007_0060_0060.jpg 1 34 7 60 60
0960_0027_0033_0038_0038.jpg 1 27 33 38 38
0961_0051_0056_0035_0035.jpg 1 51 56 35 35
0962_0012_0061_0027_0027.jpg 1 12 61 27 27
0963_0060_0010_0028_0028.jpg 1 60 10 28 28
0964_0017_0012_0029_0029.jpg 1 17 12 29 29
0965_0027_0004_0068_0068.jpg 1 27 4 68 68
0966_0015_0006_0056_0056.jpg 1 15 6 56 56
0967_0014_0044_0040_0040.jpg 1 14 44 40 40
0968_0015_0022_0068_0068.jpg 1 15 22 68 68
0969_0025_0012_0058_0058.jpg 1 25 12 58 58
0970_0031_0014_0058_0058.jpg 1 31 14 58 58
0971_0048_0010_0033_0033.jpg 1 48 10 33 33
0972_0028_0025_0031_0031.jpg 1 28 25 31 31
0973_0019_0041_0030_0030.jpg 1 19 41 30 30
0974_0006_0023_0066_0066.jpg 1 6 23 66 66
0975_0033_0036_0055_0055.jpg 1 33 36 55 55
0976_0006_0013_0037_0037.jpg 1 6 13 37 37
0977_0018_0011_0069_0069.jpg 1 18 11 69 69
0978_0046_0021_0044_0044.jpg 1 46 21 44 44
0979_0027_0023_0067_0067.jpg 1 27 23 67 67
0980_0018_0036_0052_0052.jpg 1 18 36 52 52
0981_0033_0035_0028_0028.jpg 1 33 35 28 28
0982_0027_0041_0052_0052.jpg 1 27 41 52 52
0983_0043_0034_0049_0049.jpg 1 43 34 49 49
0984_0041_0017_0051_0051.jpg 1 41 17 51 51
0985_0030_0008_0059_0059.jpg 1 30 8 59 59
0986_0019_0015_0058_0058.jpg 1 19 15 58 58
0987_0045_0054_0032_0032.jpg 1 45 54 32 32
0988_0037_0037_0046_0046.jpg 1 37 37 46 46
0989_0043_0019_0025_0025.jpg 1 43 19 25 25
0990_0033_0016_0050_0050.jpg 1 33 16 50 50
0991_0013_0033_0056_0056.jpg 1 13 33 56 56
0992_0032_0011_0048_0048.jpg 1 32 11 48 48
0993_0003_0023_0066_0066.jpg 1 3 23 66 66
0994_0025_0023_0055_0055.jpg 1 25 23 55 55
0995_0041_0043_0047_0047.jpg 1 41 43 47 47
0996_0058_0058_0034_0034.jpg 1 58 58 34 34
0997_0008_0016_0046_0046.jpg 1 8 16 46 46
0998_0051_0013_0039_0039.jpg 1 51 13 39 39
0999_0005_0004_0059_0059.jpg 1 5 4 59 59
1000_0028_0033_0041_0041.jpg 1 28 33 41 41
1001_0040_0039_0035_0035.jpg 1 40 39 35 35
1002_0029_0032_0041_0041.jpg 1 29 32 41 41
1003_0009_0064_0024_0024.jpg 1 9 64 24 24
1004_0034_0033_0030_0030.jpg 1 34 33 30 30
1005_0016_0023_0037_0037.jpg 1 16 23 37 37
1006_0009_0022_0060_0060.jpg 1 9 22 60 60
1007_0041_0039_0037_0037.jpg 1 41 39 37 37
1008_0031_0015_0035_0035.jpg 1 31 15 35 35
1009_0014_0016_0053_0053.jpg 1 14 16 53 53
1010_0033_0025_0050_0050.jpg 1 33 25 50 50
1011_0011_0026_0048_0048.jpg 1 11 26 48 48
1012_0007_0023_0057_0057.jpg 1 7 23 57 57
1013_0007_0022_0045_0045.jpg 1 7 22 45 45
1014_0008_0017_0066_0066.jpg 1 8 17 66 66
1015_0020_0014_0057_0057.jpg 1 20 14 57 57
1016_0024_0012_0066_0066.jpg 1 24 12 66 66
1017_0025_0028_0066_0066.jpg 1 25 28 66 66
1018_0028_0046_0029_0029.jpg 1 28 46 29 29
1019_0031_0015_0049_0049.jpg 1 31 15 49 49
1020_0007_0030_0026_0026.jpg 1 7 30 26 26
1021_0036_0022_0031_0031.jpg 1 36 22 31 31
1022_0016_0009_0068_0068.jpg 1 16 9 68 68
1023_0023_0022_0056_0056.jpg 1 23 22 56 56
1024_0035_0064_0024_0024.jpg 1 35 64 24 24
1025_0012_0004_0069_0069.jpg 1 12 4 69 69
1026_0006_0010_0059_0059.jpg 1 6 10 59 59
1027_0025_0006_0066_0066.jpg 1 25 6 66 66
1028_0010_0024_0045_0045.jpg 1 10 24 45 45
1029_0022_0019_0062_0062.jpg 1 22 19 62 62
1030_0010_0013_0052_0052.jpg 1 10 13 52 52
1031_0025_0028_0062_0062.jpg 1 25 28 62 62
1032_0054_0049_0027_0027.jpg 1 54 49 27 27
1033_0008_0008_0053_0053.jpg 1 8 8 53 53
1034_0046_0038_0044_0044.jpg 1 46 38 44 44
1035_0015_0004_0058_0058.jpg 1 15 4 58 58
1036_0023_0014_0027_0027.jpg 1 23 14 27 27
1037_0031_0008_0047_0047.jpg 1 31 8 47 47
1038_0054_0061_0026_0026.jpg 1 54 61 26 26
1039_0006_0003_0062_0062.jpg 1 6 3 62 62
1040_0013_0004_0069_0069.jpg 1 13 4 69 69
1041_0020_0012_0065_0065.jpg 1 20 12 65 65
1042_0048_0007_0039_0039.jpg 1 48 7 39 39
1043_0025_0023_0067_0067.jpg 1 25 23 67 67
1044_0035_0013_0057_0057.jpg 1 35 13 57 57
1045_0017_0034_0052_0052.jpg 1 17 34 52 52
1046_0027_0038_0024_0024.jpg 1 27 38 24 24
1047_0043_0034_0041_0041.jpg 1 43 34 41 41
1048_0053_0047_0032_0032.jpg 1 53 47 32 32
1049_0012_0024_0068_0068.jpg 1 12 24 68 68
1050_0050_0054_0034_0034.jpg 1 50 54 34 34
1051_0014_0025_0060_0060.jpg 1 14 25 60 60
1052_0039_0048_0034_0034.jpg 1 39 48 34 34
1053_0037_0015_0057_0057.jpg 1 37 15 57 57
1054_0025_0030_0057_0057.jpg 1 25 30 57 57
1055_0057_0014_0032_0032.jpg 1 57 14 32 32
1056_0056_0047_0029_0029.jpg 1 56 47 29 29
1057_0035_0007_0045_0045.jpg 1 35 7 45 45
1058_0023_0015_0027_0027.jpg 1 23 15 27 27
1059_0029_0024_0059_0059.jpg 1 29 24 59 59
1060_0050_0020_0044_0044.jpg 1 50 20 44 44
1061_0037_0021_0051_0051.jpg 1 37 21 51 51
1062_0037_0015_0058_0058.jpg 1 37 15 58 58
1063_0026_0035_0053_0053.jpg 1 26 35 53 53
1064_0016_0005_0050_0050.jpg 1 16 5 50 50
1065_0008_0030_0053_0053.jpg 1 8 30 53 53
1066_0010_0018_0025_0025.jpg 1 10 18 25 25
1067_0029_0019_0056_0056.jpg 1 29 19 56 56
1068_0056_0011_0028_0028.jpg 1 56 11 28 28
1069_0029_0020_0058_0058.jpg 1 29 20 58 58
1070_0025_0051_0034_0034.jpg 1 25 51 34 34
1071_0020_0011_0045_0045.jpg 1 20 11 45 45
1072_0014_0055_0026_0026.jpg 1 14 55 26 26
1073_0062_0017_0028_0028.jpg 1 62 17 28 28
1074_0035_0030_0060_0060.jpg 1 35 30 60 60
1075_0033_0031_0043_0043.jpg 1 33 31 43 43
1076_0023_0007_0051_0051.jpg 1 23 7 51 51
1077_0030_0035_0038_0038.jpg 1 30 35 38 38
1078_0008_0022_0062_0062.jpg 1 8 22 62 62
1079_0008_0021_0039_0039.jpg 1 8 21 39 39
1080_0049_0016_0041_0041.jpg 1 49 16 41 41
1081_0009_0030_0059_0059.jpg 1 9 30 59 59
1082_0038_0049_0028_0028.jpg 1 38 49 28 28
1083_0007_0011_0053_0053.jpg 1 7 11 53 53
1084_0025_0007_0063_0063.jpg 1 25 7 63 63
1085_0033_0014_0043_0043.jpg 1 33 14 43 43
1086_0040_0020_0026_0026.jpg 1 40 20 26 26
1087_0008_0053_0026_0026.jpg 1 8 53 26 26
1088_0016_0012_0067_0067.jpg 1 16 12 67 67
1089_0015_0033_0063_0063.jpg 1 15 33 63 63
1090_0020_0039_0047_0047.jpg 1 20 39 47 47
1091_0038_0030_0047_0047.jpg 1 38 30 47 47
1092_0040_0016_0026_0026.jpg 1 40 16 26 26
1093_0027_0009_0066_0066.jpg 1 27 9 66 66
1094_0056_0019_0027_0027.jpg 1 56 19 27 27
1095_0010_0054_0038_0038.jpg 1 10 54 38 38
1096_0030_0060_0028_0028.jpg 1 30 60 28 28
1097_0036_0012_0056_0056.jpg 1 36 12 56 56
1098_0019_0008_0065_0065.jpg 1 19 8 65 65
1099_0047_0010_0038_0038.jpg 1 47 10 38 38
1100_0020_0008_0069_0069.jpg 1 20 8 69 69
1101_0042_0027_0041_0041.jpg 1 42 27 41 41
1102_0009_0009_0046_0046.jpg 1 9 9 46 46
1103_0055_0066_0025_0025.jpg 1 55 66 25 25
1104_0024_0028_0059_0059.jpg 1 24 28 59 59
1105_0022_0007_0049_0049.jpg 1 22 7 49 49
1106_0023_0037_0037_0037.jpg 1 23 37 37 37
1107_0019_0007_0054_0054.jpg 1 19 7 54 54
1108_0037_0031_0051_0051.jpg 1 37 31 51 51
1109_0005_0035_0059_0059.jpg 1 5 35 59 59
1110_0033_0022_0024_0024.jpg 1 33 22 24 24
1111_0013_0041_0049_0049.jpg 1 13 41 49 49
1112_0008_0049_0036_0036.jpg 1 8 49 36 36
1113_0024_0023_0058_0058.jpg 1 24 23 58 58
1114_0020_0030_0052_0052.jpg 1 20 30 52 52
1115_0008_0035_0054_0054.jpg 1 8 35 54 54
1116_0034_0013_0038_0038.jpg 1 34 13 38 38
1117_0022_0047_0041_0041.jpg 1 22 47 41 41
1118_0055_0008_0034_0034.jpg 1 55 8 34 34
1119_0054_0008_0039_0039.jpg 1 54 8 39 39
1120_0016_0038_0036_0036.jpg 1 16 38 36 36
1121_0039_0039_0054_0054.jpg 1 39 39 54 54
1122_0011_0022_0055_0055.jpg 1 11 22 55 55
1123_0028_0014_0046_0046.jpg 1 28 14 46 46
1124_0011_0006_0054_0054.jpg 1 11 6 54 54
1125_0009_0041_0040_0040.jpg 1 9 41 40 40
1126_0006_0003_0069_0069.jpg 1 6 3 69 69
1127_0024_0038_0037_0037.jpg 1 24 38 37 37
1128_0049_0018_0025_0025.jpg 1 49 18 25 25
1129_0015_0003_0066_0066.jpg 1 15 3 66 66
1130_0038_0004_0055_0055.jpg 1 38 4 55 55
1131_0026_0023_0035_0035.jpg 1 26 23 35 35
1132_0011_0016_0056_0056.jpg 1 11 16 56 56
1133_0044_0011_0041_0041.jpg 1 44 11 41 41
1134_0020_0024_0037_0037.jpg 1 20 24 37 37
1135_0023_0041_0053_0053.jpg 1 23 41 53 53
1136_0027_0025_0034_0034.jpg 1 27 25 34 34
1137_0010_0034_0053_0053.jpg 1 10 34 53 53
1138_0025_0048_0045_0045.jpg 1 25 48 45 45
1139_0006_0022_0056_0056.jpg 1 6 22 56 56
1140_0016_0039_0053_0053.jpg 1 16 39 53 53
1141_0045_0033_0040_0040.jpg 1 45 33 40 40
1142_0032_0044_0040_0040.jpg 1 32 44 40 40
1143_0010_0045_0024_0024.jpg 1 10 45 24 24
1144_0011_0031_0044_0044.jpg 1 11 31 44 44
1145_0026_0019_0048_0048.jpg 1 26 19 48 48
1146_0044_0048_0039_0039.jpg 1 44 48 39 39
1147_0062_0027_0029_0029.jpg 1 62 27 29 29
1148_0030_0029_0034_0034.jpg 1 30 29 34 34
1149_0008_0053_0040_0040.jpg 1 8 53 40 40
1150_0019_0031_0058_0058.jpg 1 19 31 58 58
1151_0012_0031_0057_0057.jpg 1 12 31 57 57
1152_0007_0044_0049_0049.jpg 1 7 44 49 49
1153_0020_0009_0068_0068.jpg 1 20 9 68 68
1154_0033_0015_0062_0062.jpg 1 33 15 62 62
1155_0011_0041_0039_0039.jpg 1 11 41 39 39
1156_0031_0056_0026_0026.jpg 1 31 56 26 26
1157_0018_0028_0057_0057.jpg 1 18 28 57 57
1158_0013_0008_0059_0059.jpg 1 13 8 59 59
1159_0015_0011_0043_0043.jpg 1 15 11 43 43
1160_0039_0021_0056_0056.jpg 1 39 21 56 56
1161_0009_0026_0054_0054.jpg 1 9 26 54 54
1162_0011_0038_0025_0025.jpg 1 11 38 25 25
1163_0011_0013_0053_0053.jpg 1 11 13 53 53
1164_0017_0032_0061_0061.jpg 1 17 32 61 61
1165_0037_0046_0045_0045.jpg 1 37 46 45 45
1166_0058_0039_0028_0028.jpg 1 58 39 28 28
1167_0037_0031_0027_0027.jpg 1 37 31 27 27
1168_0032_0042_0040_0040.jpg 1 32 42 40 40
1169_0055_0020_0028_0028.jpg 1 55 20 28 28
1170_0023_0039_0044_0044.jpg 1 23 39 44 44
1171_0010_0014_0028_0028.jpg 1 10 14 28 28
1172_0018_0015_0057_0057.jpg 1 18 15 57 57
1173_0007_0017_0057_0057.jpg 1 7 17 57 57
1174_0036_0010_0059_0059.jpg 1 36 10 59 59
1175_0008_0054_0029_0029.jpg 1 8 54 29 29
1176_0010_0014_0065_0065.jpg 1 10 14 65 65
1177_0042_0018_0037_0037.jpg 1 42 18 37 37
1178_0036_0034_0056_0056.jpg 1 36 34 56 56
1179_0024_0013_0069_0069.jpg 1 24 13 69 69
1180_0040_0025_0040_0040.jpg 1 40 25 40 40
1181_0030_0010_0061_0061.jpg 1 30 10 61 61
1182_0039_0021_0056_0056.jpg 1 39 21 56 56
1183_0026_0018_0046_0046.jpg 1 26 18 46 46
1184_0017_0012_0069_0069.jpg 1 17 12 69 69
1185_0022_0015_0064_0064.jpg 1 22 15 64 64
1186_0050_0019_0035_0035.jpg 1 50 19 35 35
1187_0030_0041_0030_0030.jpg 1 30 41 30 30
1188_0017_0022_0066_0066.jpg 1 17 22 66 66
1189_0039_0023_0040_0040.jpg 1 39 23 40 40
1190_0007_0031_0048_0048.jpg 1 7 31 48 48
1191_0041_0019_0052_0052.jpg 1 41 19 52 52
1192_0035_0046_0025_0025.jpg 1 35 46 25 25
1193_0037_0027_0053_0053.jpg 1 37 27 53 53
1194_0020_0062_0028_0028.jpg 1 20 62 28 28
1195_0017_0022_0051_0051.jpg 1 17 22 51 51
1196_0059_0015_0029_0029.jpg 1 59 15 29 29
1197_0010_0032_0035_0035.jpg 1 10 32 35 35
1198_0019_0012_0064_0064.jpg 1 19 12 64 64
1199_0029_0007_0047_0047.jpg 1 29 7 47 47
1200_0007_0025_0044_0044.jpg 1 7 25 44 44
1201_0013_0026_0050_0050.jpg 1 13 26 50 50
1202_0046_0049_0025_0025.jpg 1 46 49 25 25
1203_0020_0035_0059_0059.jpg 1 20 35 59 59
1204_0016_0020_0035_0035.jpg 1 16 20 35 35
1205_0019_0041_0053_0053.jpg 1 19 41 53 53
1206_0015_0012_0068_0068.jpg 1 15 12 68 68
1207_0011_0012_0067_0067.jpg 1 11 12 67 67
1208_0026_0018_0063_0063.jpg 1 26 18 63 63
1209_0021_0012_0041_0041.jpg 1 21 12 41 41
1210_0026_0050_0035_0035.jpg 1 26 50 35 35
1211_0045_0016_0049_0049.jpg 1 45 16 49 49
1212_0026_0028_0044_0044.jpg 1 26 28 44 44
1213_0046_0027_0044_0044.jpg 1 46 27 44 44
1214_0014_0004_0065_0065.jpg 1 14 4 65 65
1215_0021_0034_0060_0060.jpg 1 21 34 60 60
1216_0008_0021_0054_0054.jpg 1 8 21 54 54
1217_0006_0007_0061_0061.jpg 1 6 7 61 61
1218_0005_0028_0065_0065.jpg 1 5 28 65 65
1219_0024_0013_0047_0047.jpg 1 24 13 47 47
1220_0036_0019_0048_0048.jpg 1 36 19 48 48
1221_0051_0030_0033_0033.jpg 1 51 30 33 33
1222_0004_0019_0062_0062.jpg 1 4 19 62 62
1223_0033_0027_0061_0061.jpg 1 33 27 61 61
1224_0066_0012_0026_0026.jpg 1 66 12 26 26
1225_0057_0015_0031_0031.jpg 1 57 15 31 31
1226_0033_0040_0041_0041.jpg 1 33 40 41 41
1227_0067_0023_0024_0024.jpg 1 67 23 24 24
1228_0033_0031_0051_0051.jpg 1 33 31 51 51
1229_0024_0005_0065_0065.jpg 1 24 5 65 65
1230_0049_0050_0042_0042.jpg 1 49 50 42 42
1231_0027_0018_0039_0039.jpg 1 27 18 39 39
1232_0027_0036_0034_0034.jpg 1 27 36 34 34
1233_0012_0029_0031_0031.jpg 1 12 29 31 31
1234_0040_0024_0030_0030.jpg 1 40 24 30 30
1235_0019_0009_0044_0044.jpg 1 19 9 44 44
1236_0016_0023_0065_0065.jpg 1 16 23 65 65
1237_0009_0017_0057_0057.jpg 1 9 17 57 57
1238_0057_0049_0025_0025.jpg 1 57 49 25 25
1239_0030_0007_0064_0064.jpg 1 30 7 64 64
1240_0042_0040_0046_0046.jpg 1 42 40 46 46
1241_0037_0015_0052_0052.jpg 1 37 15 52 52
1242_0029_0019_0047_0047.jpg 1 29 19 47 47
1243_0006_0014_0056_0056.jpg 1 6 14 56 56
1244_0062_0050_0028_0028.jpg 1 62 50 28 28
1245_0010_0025_0063_0063.jpg 1 10 25 63 63
1246_0046_0043_0032_0032.jpg 1 46 43 32 32
1247_0031_0043_0047_0047.jpg 1 31 43 47 47
1248_0028_0036_0050_0050.jpg 1 28 36 50 50
1249_0060_0061_0025_0025.jpg 1 60 61 25 25
1250_0049_0039_0032_0032.jpg 1 49 39 32 32
1251_0057_0018_0030_0030.jpg 1 57 18 30 30
1252_0024_0025_0062_0062.jpg 1 24 25 62 62
1253_0036_0029_0055_0055.jpg 1 36 29 55 55
1254_0007_0028_0067_0067.jpg 1 7 28 67 67
1255_0048_0029_0027_0027.jpg 1 48 29 27 27
1256_0048_0011_0040_0040.jpg 1 48 11 40 40
1257_0016_0027_0043_0043.jpg 1 16 27 43 43
1258_0043_0042_0029_0029.jpg 1 43 42 29 29
1259_0016_0012_0026_0026.jpg 1 16 12 26 26
1260_0059_0016_0032_0032.jpg 1 59 16 32 32
1261_0005_0042_0044_0044.jpg 1 5 42 44 44
1262_0014_0019_0051_0051.jpg 1 14 19 51 51
1263_0016_0005_0055_0055.jpg 1 16 5 55 55
1264_0018_0005_0058_0058.jpg 1 18 5 58 58
1265_0029_0010_0044_0044.jpg 1 29 10 44 44
1266_0025_0005_0062_0062.jpg 1 25 5 62 62
1267_0031_0016_0054_0054.jpg 1 31 16 54 54
1268_0035_0037_0036_0036.jpg 1 35 37 36 36
1269_0014_0017_0056_0056.jpg 1 14 17 56 56
1270_0012_0012_0038_0038.jpg 1 12 12 38 38
1271_0021_0050_0034_0034.jpg 1 21 50 34 34
1272_0007_0007_0034_0034.jpg 1 7 7 34 34
1273_0013_0023_0058_0058.jpg 1 13 23 58 58
1274_0008_0037_0028_0028.jpg 1 8 37 28 28
1275_0039_0030_0054_0054.jpg 1 39 30 54 54
1276_0014_0008_0036_0036.jpg 1 14 8 36 36
1277_0031_0018_0059_0059.jpg 1 31 18 59 59
1278_0025_0023_0064_0064.jpg 1 25 23 64 64
1279_0047_0033_0032_0032.jpg 1 47 33 32 32
1280_0006_0025_0057_0057.jpg 1 6 25 57 57
1281_0027_0056_0031_0031.jpg 1 27 56 31 31
1282_0016_0028_0050_0050.jpg 1 16 28 50 50
1283_0015_0005_0062_0062.jpg 1 15 5 62 62
1284_0050_0016_0035_0035.jpg 1 50 16 35 35
1285_0008_0018_0051_0051.jpg 1 8 18 51 51
1286_0004_0018_0057_0057.jpg 1 4 18 57 57
1287_0040_0012_0050_0050.jpg 1 40 12 50 50
1288_0020_0015_0052_0052.jpg 1 20 15 52 52
1289_0011_0033_0061_0061.jpg 1 11 33 61 61
1290_0046_0035_0038_0038.jpg 1 46 35 38 38
1291_0004_0025_0066_0066.jpg 1 4 25 66 66
1292_0054_0007_0031_0031.jpg 1 54 7 31 31
1293_0040_0007_0050_0050.jpg 1 40 7 50 50
1294_0017_0030_0060_0060.jpg 1 17 30 60 60
1295_0017_0019_0063_0063.jpg 1 17 19 63 63
1296_0025_0016_0066_0066.jpg 1 25 16 66 66
1297_0041_0041_0054_0054.jpg 1 41 41 54 54
1298_0012_0024_0034_0034.jpg 1 12 24 34 34
1299_0030_0011_0050_0050.jpg 1 30 11 50 50
1300_0035_0025_0054_0054.jpg 1 35 25 54 54
1301_0023_0048_0035_0035.jpg 1 23 48 35 35
1302_0023_0023_0038_0038.jpg 1 23 23 38 38
1303_0034_0014_0051_0051.jpg 1 34 14 51 51
1304_0055_0010_0032_0032.jpg 1 55 10 32 32
1305_0051_0057_0035_0035.jpg 1 51 57 35 35
1306_0028_0059_0031_0031.jpg 1 28 59 31 31
1307_0031_0036_0047_0047.jpg 1 31 36 47 47
1308_0031_0006_0038_0038.jpg 1 31 6 38 38
1309_0011_0005_0057_0057.jpg 1 11 5 57 57
1310_0044_0036_0025_0025.jpg 1 44 36 25 25
1311_0050_0033_0031_0031.jpg 1 50 33 31 31
1312_0018_0025_0067_0067.jpg 1 18 25 67 67
1313_0043_0010_0049_0049.jpg 1 43 10 49 49
1314_0014_0025_0039_0039.jpg 1 14 25 39 39
1315_0053_0055_0038_0038.jpg 1 53 55 38 38
1316_0017_0028_0026_0026.jpg 1 17 28 26 26
1317_0052_0022_0040_0040.jpg 1 52 22 40 40
1318_0005_0006_0054_0054.jpg 1 5 6 54 54
1319_0035_0008_0049_0049.jpg 1 35 8 49 49
1320_0037_0037_0028_0028.jpg 1 37 37 28 28
1321_0015_0015_0068_0068.jpg 1 15 15 68 68
1322_0006_0010_0069_0069.jpg 1 6 10 69 69
1323_0005_0009_0064_0064.jpg 1 5 9 64 64
1324_0024_0019_0054_0054.jpg 1 24 19 54 54
1325_0025_0016_0066_0066.jpg 1 25 16 66 66
1326_0009_0017_0066_0066.jpg 1 9 17 66 66
1327_0052_0021_0032_0032.jpg 1 52 21 32 32
1328_0016_0039_0044_0044.jpg 1 16 39 44 44
1329_0035_0055_0032_0032.jpg 1 35 55 32 32
1330_0018_0029_0054_0054.jpg 1 18 29 54 54
1331_0039_0047_0047_0047.jpg 1 39 47 47 47
1332_0027_0012_0047_0047.jpg 1 27 12 47 47
1333_0042_0015_0041_0041.jpg 1 42 15 41 41
1334_0019_0033_0046_0046.jpg 1 19 33 46 46
1335_0040_0040_0026_0026.jpg 1 40 40 26 26
1336_0035_0010_0059_0059.jpg 1 35 10 59 59
1337_0017_0023_0062_0062.jpg 1 17 23 62 62
1338_0023_0018_0062_0062.jpg 1 23 18 62 62
1339_0029_0059_0025_0025.jpg 1 29 59 25 25
1340_0054_0042_0030_0030.jpg 1 54 42 30 30
1341_0011_0028_0067_0067.jpg 1 11 28 67 67
1342_0045_0014_0044_0044.jpg 1 45 14 44 44
1343_0045_0005_0046_0046.jpg 1 45 5 46 46
1344_0031_0054_0031_0031.jpg 1 31 54 31 31
1345_0018_0036_0059_0059.jpg 1 18 36 59 59
1346_0007_0023_0060_0060.jpg 1 7 23 60 60
1347_0028_0012_0065_0065.jpg 1 28 12 65 65
1348_0037_0007_0042_0042.jpg 1 37 7 42 42
1349_0043_0007_0040_0040.jpg 1 43 7 40 40
1350_0031_0025_0065_0065.jpg 1 31 25 65 65
1351_0020_0032_0060_0060.jpg 1 20 32 60 60
1352_0005_0006_0059_0059.jpg 1 5 6 59 59
1353_0024_0057_0035_0035.jpg 1 24 57 35 35
1354_0024_0038_0057_0057.jpg 1 24 38 57 57
1355_0030_0043_0038_0038.jpg 1 30 43 38 38
1356_0020_0009_0062_0062.jpg 1 20 9 62 62
1357_0017_0010_0052_0052.jpg 1 17 10 52 52
1358_0005_0020_0063_0063.jpg 1 5 20 63 63
1359_0043_0055_0031_0031.jpg 1 43 55 31 31
1360_0022_0014_0067_0067.jpg 1 22 14 67 67
1361_0021_0007_0064_0064.jpg 1 21 7 64 64
1362_0032_0007_0037_0037.jpg 1 32 7 37 37
1363_0048_0035_0024_0024.jpg 1 48 35 24 24
1364_0040_0022_0053_0053.jpg 1 40 22 53 53
1365_0010_0034_0037_0037.jpg 1 10 34 37 37
1366_0031_0010_0030_0030.jpg 1 31 10 30 30
1367_0048_0063_0027_0027.jpg 1 48 63 27 27
1368_0028_0003_0065_0065.jpg 1 28 3 65 65
1369_0025_0062_0028_0028.jpg 1 25 62 28 28
1370_0030_0026_0065_0065.jpg 1 30 26 65 65
1371_0014_0003_0066_0066.jpg 1 14 3 66 66
1372_0014_0021_0066_0066.jpg 1 14 21 66 66
1373_0037_0024_0054_0054.jpg 1 37 24 54 54
1374_0009_0022_0052_0052.jpg 1 9 22 52 52
1375_0015_0029_0055_0055.jpg 1 15 29 55 55
1376_0026_0029_0067_0067.jpg 1 26 29 67 67
1377_0020_0015_0052_0052.jpg 1 20 15 52 52
1378_0054_0035_0036_0036.jpg 1 54 35 36 36
1379_0015_0023_0048_0048.jpg 1 15 23 48 48
1380_0021_0029_0032_0032.jpg 1 21 29 32 32
1381_0018_0027_0059_0059.jpg 1 18 27 59 59
1382_0011_0015_0053_0053.jpg 1 11 15 53 53
1383_0032_0048_0032_0032.jpg 1 32 48 32 32
1384_0022_0029_0040_0040.jpg 1 22 29 40 40
1385_0031_0006_0045_0045.jpg 1 31 6 45 45
1386_0031_0009_0062_0062.jpg 1 31 9 62 62
1387_0034_0046_0037_0037.jpg 1 34 46 37 37
1388_0026_0011_0049_0049.jpg 1 26 11 49 49
1389_0043_0024_0029_0029.jpg 1 43 24 29 29
1390_0015_0052_0039_0039.jpg 1 15 52 39 39
1391_0012_0022_0066_0066.jpg 1 12 22 66 66
1392_0011_0036_0046_0046.jpg 1 11 36 46 46
1393_0009_0016_0067_0067.jpg 1 9 16 67 67
1394_0024_0021_0057_0057.jpg 1 24 21 57 57
1395_0016_0004_0062_0062.jpg 1 16 4 62 62
1396_0043_0044_0028_0028.jpg 1 43 44 28 28
1397_0015_0048_0028_0028.jpg 1 15 48 28 28
1398_0037_0011_0036_0036.jpg 1 37 11 36 36
1399_0017_0033_0038_0038.jpg 1 17 33 38 38
1400_0013_0012_0032_0032.jpg 1 13 12 32 32
1401_0014_0017_0061_0061.jpg 1 14 17 61 61
1402_0005_0024_0047_0047.jpg 1 5 24 47 47
1403_0041_0039_0045_0045.jpg 1 41 39 45 45
1404_0038_0039_0049_0049.jpg 1 38 39 49 49
1405_0040_0031_0051_0051.jpg 1 40 31 51 51
1406_0022_0044_0042_0042.jpg 1 22 44 42 42
1407_0016_0027_0056_0056.jpg 1 16 27 56 56
1408_0051_0022_0041_0041.jpg 1 51 22 41 41
1409_0029_0031_0053_0053.jpg 1 29 31 53 53
1410_0032_0026_0060_0060.jpg 1 32 26 60 60
1411_0030_0009_0065_0065.jpg 1 30 9 65 65
1412_0049_0029_0028_0028.jpg 1 49 29 28 28
1413_0022_0042_0042_0042.jpg 1 22 42 42 42
1414_0034_0007_0057_0057.jpg 1 34 7 57 57
1415_0011_0007_0059_0059.jpg 1 11 7 59 59
1416_0017_0037_0027_0027.jpg 1 17 37 27 27
1417_0016_0059_0030_0030.jpg 1 16 59 30 30
1418_0032_0014_0064_0064.jpg 1 32 14 64 64
1419_0024_0048_0046_0046.jpg 1 24 48 46 46
1420_0011_0019_0054_0054.jpg 1 11 19 54 54
1421_0009_0024_0062_0062.jpg 1 9 24 62 62
1422_0024_0030_0066_0066.jpg 1 24 30 66 66
1423_0043_0031_0032_0032.jpg 1 43 31 32 32
1424_0016_0030_0054_0054.jpg 1 16 30 54 54
1425_0013_0025_0053_0053.jpg 1 13 25 53 53
1426_0054_0035_0032_0032.jpg 1 54 35 32 32
1427_0020_0029_0048_0048.jpg 1 20 29 48 48
1428_0026_0022_0051_0051.jpg 1 26 22 51 51
1429_0055_0011_0029_0029.jpg 1 55 11 29 29
1430_0047_0019_0033_0033.jpg 1 47 19 33 33
1431_0041_0029_0050_0050.jpg 1 41 29 50 50
1432_0016_0019_0062_0062.jpg 1 16 19 62 62
1433_0009_0031_0057_0057.jpg 1 9 31 57 57
1434_0006_0013_0063_0063.jpg 1 6 13 63 63
1435_0029_0008_0057_0057.jpg 1 29 8 57 57
1436_0044_0010_0042_0042.jpg 1 44 10 42 42
1437_0032_0038_0053_0053.jpg 1 32 38 53 53
1438_0015_0038_0052_0052.jpg 1 15 38 52 52
1439_0054_0042_0029_0029.jpg 1 54 42 29 29
1440_0019_0046_0040_0040.jpg 1 19 46 40 40
1441_0022_0028_0051_0051.jpg 1 22 28 51 51
1442_0028_0037_0037_0037.jpg 1 28 37 37 37
1443_0028_0031_0055_0055.jpg 1 28 31 55 55
1444_0007_0006_0052_0052.jpg 1 7 6 52 52
1445_0054_0033_0039_0039.jpg 1 54 33 39 39
1446_0013_0031_0063_0063.jpg 1 13 31 63 63
1447_0044_0025_0049_0049.jpg 1 44 25 49 49
1448_0018_0009_0051_0051.jpg 1 18 9 51 51
1449_0037_0016_0056_0056.jpg 1 37 16 56 56
1450_0015_0037_0046_0046.jpg 1 15 37 46 46
1451_0012_0029_0048_0048.jpg 1 12 29 48 48
1452_0009_0020_0062_0062.jpg 1 9 20 62 62
1453_0019_0013_0065_0065.jpg 1 19 13 65 65
1454_0035_0013_0042_0042.jpg 1 35 13 42 42
1455_0011_0008_0061_0061.jpg 1 11 8 61 61
1456_0009_0008_0057_0057.jpg 1 9 8 57 57
1457_0005_0017_0044_0044.jpg 1 5 17 44 44
1458_0009_0044_0036_0036.jpg 1 9 44 36 36
1459_0013_0044_0037_0037.jpg 1 13 44 37 37
1460_0045_0022_0049_0049.jpg 1 45 22 49 49
1461_0036_0019_0056_0056.jpg 1 36 19 56 56
1462_0020_0028_0045_0045.jpg 1 20 28 45 45
1463_0015_0028_0040_0040.jpg 1 15 28 40 40
1464_0007_0011_0056_0056.jpg 1 7 11 56 56
1465_0020_0030_0043_0043.jpg 1 20 30 43 43
1466_0039_0021_0051_0051.jpg 1 39 21 51 51
1467_0041_0024_0047_0047.jpg 1 41 24 47 47
1468_0028_0042_0038_0038.jpg 1 28 42 38 38
1469_0042_0018_0044_0044.jpg 1 42 18 44 44
1470_0041_0055_0035_0035.jpg 1 41 55 35 35
1471_0059_0034_0033_0033.jpg 1 59 34 33 33
1472_0013_0017_0061_0061.jpg 1 13 17 61 61
1473_0034_0026_0048_0048.jpg 1 34 26 48 48
1474_0011_0026_0069_0069.jpg 1 11 26 69 69
1475_0013_0017_0036_0036.jpg 1 13 17 36 36
1476_0029_0004_0065_0065.jpg 1 29 4 65 65
1477_0024_0046_0042_0042.jpg 1 24 46 42 42
1478_0057_0023_0034_0034.jpg 1 57 23 34 34
1479_0024_0028_0065_0065.jpg 1 24 28 65 65
1480_0045_0025_0034_0034.jpg 1 45 25 34 34
1481_0025_0009_0063_0063.jpg 1 25 9 63 63
1482_0034_0035_0043_0043.jpg 1 34 35 43 43
1483_0026_0030_0051_0051.jpg 1 26 30 51 51
1484_0005_0012_0051_0051.jpg 1 5 12 51 51
1485_0041_0034_0035_0035.jpg 1 41 34 35 35
1486_0048_0018_0046_0046.jpg 1 48 18 46 46
1487_0016_0033_0030_0030.jpg 1 16 33 30 30
1488_0040_0033_0034_0034.jpg 1 40 33 34 34
1489_0023_0028_0068_0068.jpg 1 23 28 68 68
1490_0036_0051_0032_0032.jpg 1 36 51 32 32
1491_0008_0016_0039_0039.jpg 1 8 16 39 39
1492_0029_0047_0043_0043.jpg 1 29 47 43 43
1493_0033_0010_0047_0047.jpg 1 33 10 47 47
1494_0034_0014_0037_0037.jpg 1 34 14 37 37
1495_0012_0039_0054_0054.jpg 1 12 39 54 54
1496_0031_0056_0027_0027.jpg 1 31 56 27 27
1497_0004_0014_0063_0063.jpg 1 4 14 63 63
1498_0037_0038_0037_0037.jpg 1 37 38 37 37
1499_0028_0007_0045_0045.jpg 1 28 7 45 45
1500_0012_0026_0058_0058.jpg 1 12 26 58 58
1501_0032_0018_0063_0063.jpg 1 32 18 63 63
1502_0042_0019_0050_0050.jpg 1 42 19 50 50
1503_0025_0011_0055_0055.jpg 1 25 11 55 55
1504_0065_0030_0025_0025.jpg 1 65 30 25 25
1505_0028_0033_0046_0046.jpg 1 28 33 46 46
1506_0011_0010_0069_0069.jpg 1 11 10 69 69
1507_0009_0014_0054_0054.jpg 1 9 14 54 54
1508_0039_0019_0031_0031.jpg 1 39 19 31 31
1509_0038_0049_0025_0025.jpg 1 38 49 25 25
1510_0047_0031_0041_0041.jpg 1 47 31 41 41
1511_0054_0012_0028_0028.jpg 1 54 12 28 28
1512_0005_0017_0066_0066.jpg 1 5 17 66 66
1513_0019_0008_0026_0026.jpg 1 19 8 26 26
1514_0026_0046_0038_0038.jpg 1 26 46 38 38
1515_0014_0006_0066_0066.jpg 1 14 6 66 66
1516_0033_0041_0051_0051.jpg 1 33 41 51 51
1517_0026_0019_0056_0056.jpg 1 26 19 56 56
1518_0035_0014_0058_0058.jpg 1 35 14 58 58
1519_0038_0017_0045_0045.jpg 1 38 17 45 45
1520_0031_0012_0050_0050.jpg 1 31 12 50 50
1521_0038_0008_0053_0053.jpg 1 38 8 53 53
1522_0014_0042_0026_0026.jpg 1 14 42 26 26
1523_0012_0046_0045_0045.jpg 1 12 46 45 45
1524_0010_0028_0053_0053.jpg 1 10 28 53 53
1525_0042_0056_0037_0037.jpg 1 42 56 37 37
1526_0061_0049_0027_0027.jpg 1 61 49 27 27
1527_0039_0020_0046_0046.jpg 1 39 20 46 46
1528_0021_0038_0052_0052.jpg 1 21 38 52 52
1529_0014_0027_0025_0025.jpg 1 14 27 25 25
1530_0006_0009_0061_0061.jpg 1 6 9 61 61
1531_0047_0052_0040_0040.jpg 1 47 52 40 40
1532_0020_0042_0036_0036.jpg 1 20 42 36 36
1533_0004_0028_0068_0068.jpg 1 4 28 68 68
1534_0006_0025_0060_0060.jpg 1 6 25 60 60
1535_0005_0025_0047_0047.jpg 1 5 25 47 47
1536_0020_0012_0067_0067.jpg 1 20 12 67 67
1537_0027_0026_0050_0050.jpg 1 27 26 50 50
1538_0006_0009_0065_0065.jpg 1 6 9 65 65
1539_0060_0052_0030_0030.jpg 1 60 52 30 30
1540_0029_0026_0033_0033.jpg 1 29 26 33 33
1541_0020_0019_0065_0065.jpg 1 20 19 65 65
1542_0040_0034_0024_0024.jpg 1 40 34 24 24
1543_0016_0022_0054_0054.jpg 1 16 22 54 54
1544_0027_0005_0067_0067.jpg 1 27 5 67 67
1545_0018_0056_0035_0035.jpg 1 18 56 35 35
1546_0017_0036_0044_0044.jpg 1 17 36 44 44
1547_0020_0013_0053_0053.jpg 1 20 13 53 53
1548_0035_0016_0054_0054.jpg 1 35 16 54 54
1549_0012_0028_0038_0038.jpg 1 12 28 38 38
1550_0008_0024_0062_0062.jpg 1 8 24 62 62
1551_0046_0051_0027_0027.jpg 1 46 51 27 27
1552_0022_0024_0051_0051.jpg 1 22 24 51 51
1553_0017_0013_0053_0053.jpg 1 17 13 53 53
1554_0020_0032_0059_0059.jpg 1 20 32 59 59
1555_0026_0051_0037_0037.jpg 1 26 51 37 37
1556_0041_0012_0036_0036.jpg 1 41 12 36 36
1557_0028_0010_0065_0065.jpg 1 28 10 65 65
1558_0020_0037_0035_0035.jpg 1 20 37 35 35
1559_0029_0015_0025_0025.jpg 1 29 15 25 25
1560_0032_0029_0054_0054.jpg 1 32 29 54 54
1561_0039_0037_0051_0051.jpg 1 39 37 51 51
1562_0029_0018_0067_0067.jpg 1 29 18 67 67
1563_0027_0039_0053_0053.jpg 1 27 39 53 53
1564_0026_0033_0052_0052.jpg 1 26 33 52 52
1565_0049_0024_0027_0027.jpg 1 49 24 27 27
1566_0010_0036_0042_0042.jpg 1 10 36 42 42
1567_0029_0026_0059_0059.jpg 1 29 26 59 59
1568_0015_0004_0064_0064.jpg 1 15 4 64 64
1569_0024_0053_0035_0035.jpg 1 24 53 35 35
1570_0023_0025_0057_0057.jpg 1 23 25 57 57
1571_0020_0008_0068_0068.jpg 1 20 8 68 68
1572_0008_0035_0041_0041.jpg 1 8 35 41 41
1573_0061_0017_0031_0031.jpg 1 61 17 31 31
1574_0013_0017_0054_0054.jpg 1 13 17 54 54
1575_0016_0033_0052_0052.jpg 1 16 33 52 52
1576_0055_0047_0032_0032.jpg 1 55 47 32 32
1577_0048_0010_0044_0044.jpg 1 48 10 44 44
1578_0018_0039_0051_0051.jpg 1 18 39 51 51
1579_0016_0016_0051_0051.jpg 1 16 16 51 51
1580_0043_0041_0039_0039.jpg 1 43 41 39 39
1581_0034_0036_0043_0043.jpg 1 34 36 43 43
1582_0046_0052_0024_0024.jpg 1 46 52 24 24
1583_0032_0008_0029_0029.jpg 1 32 8 29 29
1584_0041_0037_0043_0043.jpg 1 41 37 43 43
1585_0014_0054_0027_0027.jpg 1 14 54 27 27
1586_0017_0014_0054_0054.jpg 1 17 14 54 54
1587_0039_0013_0049_0049.jpg 1 39 13 49 49
1588_0031_0021_0062_0062.jpg 1 31 21 62 62
1589_0007_0021_0034_0034.jpg 1 7 21 34 34
1590_0042_0010_0028_0028.jpg 1 42 10 28 28
1591_0030_0024_0047_0047.jpg 1 30 24 47 47
1592_0065_0065_0026_0026.jpg 1 65 65 26 26
1593_0044_0011_0048_0048.jpg 1 44 11 48 48
1594_0021_0022_0045_0045.jpg 1 21 22 45 45
1595_0028_0022_0068_0068.jpg 1 28 22 68 68
1596_0030_0038_0040_0040.jpg 1 30 38 40 40
1597_0026_0015_0057_0057.jpg 1 26 15 57 57
1598_0028_0021_0056_0056.jpg 1 28 21 56 56
1599_0019_0061_0031_0031.jpg 1 19 61 31 31
1600_0016_0015_0028_0028.jpg 1 16 15 28 28
1601_0014_0008_0049_0049.jpg 1 14 8 49 49
1602_0012_0021_0044_0044.jpg 1 12 21 44 44
1603_0033_0053_0040_0040.jpg 1 33 53 40 40
1604_0020_0029_0035_0035.jpg 1 20 29 35 35
1605_0014_0057_0031_0031.jpg 1 14 57 31 31
1606_0021_0027_0064_0064.jpg 1 21 27 64 64
1607_0030_0035_0054_0054.jpg 1 30 35 54 54
1608_0004_0030_0064_0064.jpg 1 4 30 64 64
1609_0038_0032_0037_0037.jpg 1 38 32 37 37
1610_0019_0013_0053_0053.jpg 1 19 13 53 53
1611_0015_0024_0069_0069.jpg 1 15 24 69 69
1612_0013_0022_0065_0065.jpg 1 13 22 65 65
1613_0033_0028_0048_0048.jpg 1 33 28 48 48
1614_0033_0029_0029_0029.jpg 1 33 29 29 29
1615_0020_0029_0064_0064.jpg 1 20 29 64 64
1616_0040_0041_0034_0034.jpg 1 40 41 34 34
1617_0026_0046_0033_0033.jpg 1 26 46 33 33
1618_0058_0052_0029_0029.jpg 1 58 52 29 29
1619_0042_0036_0044_0044.jpg 1 42 36 44 44
1620_0027_0008_0060_0060.jpg 1 27 8 60 60
1621_0033_0030_0048_0048.jpg 1 33 30 48 48
1622_0033_0026_0059_0059.jpg 1 33 26 59 59
1623_0029_0022_0051_0051.jpg 1 29 22 51 51
1624_0027_0031_0057_0057.jpg 1 27 31 57 57
1625_0011_0006_0066_0066.jpg 1 11 6 66 66
1626_0020_0025_0050_0050.jpg 1 20 25 50 50
1627_0010_0007_0055_0055.jpg 1 10 7 55 55
1628_0039_0056_0036_0036.jpg 1 39 56 36 36
1629_0031_0044_0049_0049.jpg 1 31 44 49 49
1630_0044_0043_0038_0038.jpg 1 44 43 38 38
1631_0059_0051_0024_0024.jpg 1 59 51 24 24
1632_0047_0013_0046_0046.jpg 1 47 13 46 46
1633_0018_0046_0045_0045.jpg 1 18 46 45 45
1634_0050_0034_0033_0033.jpg 1 50 34 33 33
1635_0047_0047_0028_0028.jpg 1 47 47 28 28
1636_0029_0053_0038_0038.jpg 1 29 53 38 38
1637_0043_0038_0045_0045.jpg 1 43 38 45 45
1638_0015_0046_0037_0037.jpg 1 15 46 37 37
1639_0010_0004_0057_0057.jpg 1 10 4 57 57
1640_0015_0008_0045_0045.jpg 1 15 8 45 45
1641_0032_0015_0038_0038.jpg 1 32 15 38 38
1642_0010_0050_0025_0025.jpg 1 10 50 25 25
1643_0011_0006_0047_0047.jpg 1 11 6 47 47
1644_0040_0042_0046_0046.jpg 1 40 42 46 46
1645_0021_0042_0028_0028.jpg 1 21 42 28 28
1646_0012_0011_0032_0032.jpg 1 12 11 32 32
1647_0027_0021_0067_0067.jpg 1 27 21 67 67
1648_0011_0035_0050_0050.jpg 1 11 35 50 50
1649_0062_0021_0030_0030.jpg 1 62 21 30 30
1650_0009_0031_0039_0039.jpg 1 9 31 39 39
1651_0011_0007_0069_0069.jpg 1 11 7 69 69
1652_0040_0029_0043_0043.jpg 1 40 29 43 43
1653_0025_0035_0050_0050.jpg 1 25 35 50 50
1654_0040_0048_0040_0040.jpg 1 40 48 40 40
1655_0004_0034_0056_0056.jpg 1 4 34 56 56
1656_0046_0007_0026_0026.jpg 1 46 7 26 26
1657_0027_0047_0043_0043.jpg 1 27 47 43 43
1658_0018_0038_0038_0038.jpg 1 18 38 38 38
1659_0039_0037_0047_0047.jpg 1 39 37 47 47
1660_0033_0018_0025_0025.jpg 1 33 18 25 25
1661_0038_0019_0048_0048.jpg 1 38 19 48 48
1662_0014_0028_0060_0060.jpg 1 14 28 60 60
1663_0034_0012_0047_0047.jpg 1 34 12 47 47
1664_0020_0029_0059_0059.jpg 1 20 29 59 59
1665_0033_0011_0055_0055.jpg 1 33 11 55 55
1666_0027_0005_0068_0068.jpg 1 27 5 68 68
1667_0025_0065_0025_0025.jpg 1 25 65 25 25
1668_0024_0024_0050_0050.jpg 1 24 24 50 50
1669_0020_0032_0064_0064.jpg 1 20 32 64 64
1670_0054_0047_0026_0026.jpg 1 54 47 26 26
1671_0055_0040_0036_0036.jpg 1 55 40 36 36
1672_0028_0004_0065_0065.jpg 1 28 4 65 65
1673_0017_0028_0068_0068.jpg 1 17 28 68 68
1674_0011_0028_0057_0057.jpg 1 11 28 57 57
1675_0009_0007_0044_0044.jpg 1 9 7 44 44
1676_0050_0020_0027_0027.jpg 1 50 20 27 27
1677_0033_0031_0061_0061.jpg 1 33 31 61 61
1678_0030_0015_0064_0064.jpg 1 30 15 64 64
1679_0024_0039_0036_0036.jpg 1 24 39 36 36
1680_0021_0014_0063_0063.jpg 1 21 14 63 63
1681_0022_0007_0032_0032.jpg 1 22 7 32 32
1682_0008_0028_0067_0067.jpg 1 8 28 67 67
1683_0038_0018_0042_0042.jpg 1 38 18 42 42
1684_0012_0043_0027_0027.jpg 1 12 43 27 27
1685_0015_0025_0068_0068.jpg 1 15 25 68 68
1686_0033_0033_0040_0040.jpg 1 33 33 40 40
1687_0027_0014_0051_0051.jpg 1 27 14 51 51
1688_0012_0048_0042_0042.jpg 1 12 48 42 42
1689_0031_0020_0041_0041.jpg 1 31 20 41 41
1690_0012_0031_0061_0061.jpg 1 12 31 61 61
1691_0015_0014_0067_0067.jpg 1 15 14 67 67
1692_0010_0023_0050_0050.jpg 1 10 23 50 50
1693_0025_0027_0048_0048.jpg 1 25 27 48 48
1694_0032_0009_0051_0051.jpg 1 32 9 51 51
1695_0044_0027_0031_0031.jpg 1 44 27 31 31
1696_0023_0019_0063_0063.jpg 1 23 19 63 63
1697_0039_0018_0042_0042.jpg 1 39 18 42 42
1698_0008_0033_0061_0061.jpg 1 8 33 61 61
1699_0038_0018_0041_0041.jpg 1 38 18 41 41
1700_0012_0010_0024_0024.jpg 1 12 10 24 24
1701_0024_0012_0045_0045.jpg 1 24 12 45 45
1702_0041_0010_0038_0038.jpg 1 41 10 38 38
1703_0020_0004_0064_0064.jpg 1 20 4 64 64
1704_0033_0042_0028_0028.jpg 1 33 42 28 28
1705_0017_0020_0055_0055.jpg 1 17 20 55 55
1706_0030_0017_0054_0054.jpg 1 30 17 54 54
1707_0013_0039_0046_0046.jpg 1 13 39 46 46
1708_0049_0025_0042_0042.jpg 1 49 25 42 42
1709_0020_0018_0041_0041.jpg 1 20 18 41 41
1710_0029_0020_0046_0046.jpg 1 29 20 46 46
1711_0017_0020_0054_0054.jpg 1 17 20 54 54
1712_0025_0013_0063_0063.jpg 1 25 13 63 63
1713_0009_0025_0069_0069.jpg 1 9 25 69 69
1714_0042_0031_0024_0024.jpg 1 42 31 24 24
1715_0023_0017_0029_0029.jpg 1 23 17 29 29
1716_0004_0013_0067_0067.jpg 1 4 13 67 67
1717_0023_0036_0047_0047.jpg 1 23 36 47 47
1718_0008_0020_0063_0063.jpg 1 8 20 63 63
1719_0006_0014_0069_0069.jpg 1 6 14 69 69
1720_0026_0063_0028_0028.jpg 1 26 63 28 28
1721_0017_0009_0060_0060.jpg 1 17 9 60 60
1722_0018_0056_0030_0030.jpg 1 18 56 30 30
1723_0011_0016_0060_0060.jpg 1 11 16 60 60
1724_0031_0009_0037_0037.jpg 1 31 9 37 37
1725_0052_0045_0034_0034.jpg 1 52 45 34 34
1726_0029_0006_0066_0066.jpg 1 29 6 66 66
1727_0004_0029_0067_0067.jpg 1 4 29 67 67
1728_0035_0024_0061_0061.jpg 1 35 24 61 61
1729_0007_0035_0048_0048.jpg 1 7 35 48 48
1730_0044_0058_0033_0033.jpg 1 44 58 33 33
1731_0005_0028_0052_0052.jpg 1 5 28 52 52
1732_0004_0031_0060_0060.jpg 1 4 31 60 60
1733_0025_0029_0040_0040.jpg 1 25 29 40 40
1734_0035_0058_0030_0030.jpg 1 35 58 30 30
1735_0016_0006_0054_0054.jpg 1 16 6 54 54
1736_0013_0030_0043_0043.jpg 1 13 30 43 43
1737_0015_0006_0068_0068.jpg 1 15 6 68 68
1738_0011_0010_0049_0049.jpg 1 11 10 49 49
1739_0018_0035_0058_0058.jpg 1 18 35 58 58
1740_0023_0064_0026_0026.jpg 1 23 64 26 26
1741_0049_0008_0035_0035.jpg 1 49 8 35 35
1742_0017_0024_0057_0057.jpg 1 17 24 57 57
1743_0031_0027_0024_0024.jpg 1 31 27 24 24
1744_0021_0035_0057_0057.jpg 1 21 35 57 57
1745_0008_0030_0044_0044.jpg 1 8 30 44 44
1746_0032_0016_0029_0029.jpg 1 32 16 29 29
1747_0006_0053_0039_0039.jpg 1 6 53 39 39
1748_0042_0012_0037_0037.jpg 1 42 12 37 37
1749_0041_0045_0048_0048.jpg 1 41 45 48 48
1750_0039_0036_0031_0031.jpg 1 39 36 31 31
1751_0023_0010_0068_0068.jpg 1 23 10 68 68
1752_0054_0047_0038_0038.jpg 1 54 47 38 38
1753_0005_0043_0051_0051.jpg 1 5 43 51 51
1754_0021_0003_0067_0067.jpg 1 21 3 67 67
1755_0023_0007_0056_0056.jpg 1 23 7 56 56
1756_0029_0043_0043_0043.jpg 1 29 43 43 43
1757_0006_0009_0051_0051.jpg 1 6 9 51 51
1758_0027_0061_0028_0028.jpg 1 27 61 28 28
1759_0011_0009_0025_0025.jpg 1 11 9 25 25
1760_0013_0019_0054_0054.jpg 1 13 19 54 54
1761_0036_0046_0033_0033.jpg 1 36 46 33 33
1762_0008_0013_0062_0062.jpg 1 8 13 62 62
1763_0035_0037_0058_0058.jpg 1 35 37 58 58
1764_0030_0039_0051_0051.jpg 1 30 39 51 51
1765_0024_0014_0036_0036.jpg 1 24 14 36 36
1766_0035_0018_0042_0042.jpg 1 35 18 42 42
1767_0022_0024_0028_0028.jpg 1 22 24 28 28
1768_0008_0015_0063_0063.jpg 1 8 15 63 63
1769_0055_0046_0033_0033.jpg 1 55 46 33 33
1770_0019_0031_0037_0037.jpg 1 19 31 37 37
1771_0017_0016_0055_0055.jpg 1 17 16 55 55
1772_0007_0034_0055_0055.jpg 1 7 34 55 55
1773_0018_0049_0041_0041.jpg 1 18 49 41 41
1774_0021_0022_0064_0064.jpg 1 21 22 64 64
1775_0026_0012_0069_0069.jpg 1 26 12 69 69
1776_0020_0029_0061_0061.jpg 1 20 29 61 61
1777_0009_0016_0028_0028.jpg 1 9 16 28 28
1778_0019_0018_0057_0057.jpg 1 19 18 57 57
1779_0017_0016_0060_0060.jpg 1 17 16 60 60
1780_0019_0008_0060_0060.jpg 1 19 8 60 60
1781_0011_0038_0043_0043.jpg 1 11 38 43 43
1782_0027_0006_0058_0058.jpg 1 27 6 58 58
1783_0031_0014_0028_0028.jpg 1 31 14 28 28
1784_0016_0027_0024_0024.jpg 1 16 27 24 24
1785_0008_0055_0026_0026.jpg 1 8 55 26 26
1786_0009_0011_0044_0044.jpg 1 9 11 44 44
1787_0028_0010_0056_0056.jpg 1 28 10 56 56
1788_0042_0020_0028_0028.jpg 1 42 20 28 28
1789_0006_0022_0043_0043.jpg 1 6 22 43 43
1790_0014_0017_0058_0058.jpg 1 14 17 58 58
1791_0064_0056_0026_0026.jpg 1 64 56 26 26
1792_0014_0012_0055_0055.jpg 1 14 12 55 55
1793_0012_0019_0066_0066.jpg 1 12 19 66 66
1794_0054_0006_0039_0039.jpg 1 54 6 39 39
1795_0022_0010_0058_0058.jpg 1 22 10 58 58
1796_0035_0055_0035_0035.jpg 1 35 55 35 35
1797_0005_0025_0062_0062.jpg 1 5 25 62 62
1798_0032_0020_0047_0047.jpg 1 32 20 47 47
1799_0036_0012_0051_0051.jpg 1 36 12 51 51
1800_0010_0005_0049_0049.jpg 1 10 5 49 49
1801_0007_0004_0064_0064.jpg 1 7 4 64 64
1802_0019_0027_0047_0047.jpg 1 19 27 47 47
1803_0040_0029_0046_0046.jpg 1 40 29 46 46
1804_0026_0031_0053_0053.jpg 1 26 31 53 53
1805_0005_0016_0065_0065.jpg 1 5 16 65 65
1806_0025_0030_0042_0042.jpg 1 25 30 42 42
1807_0026_0018_0041_0041.jpg 1 26 18 41 41
1808_0033_0054_0039_0039.jpg 1 33 54 39 39
1809_0046_0031_0046_0046.jpg 1 46 31 46 46
1810_0014_0024_0057_0057.jpg 1 14 24 57 57
1811_0016_0020_0067_0067.jpg 1 16 20 67 67
1812_0036_0025_0032_0032.jpg 1 36 25 32 32
1813_0035_0036_0037_0037.jpg 1 35 36 37 37
1814_0023_0019_0062_0062.jpg 1 23 19 62 62
1815_0018_0004_0058_0058.jpg 1 18 4 58 58
1816_0020_0004_0060_0060.jpg 1 20 4 60 60
1817_0040_0053_0030_0030.jpg 1 40 53 30 30
1818_0049_0060_0024_0024.jpg 1 49 60 24 24
1819_0015_0047_0026_0026.jpg 1 15 47 26 26
1820_0019_0009_0042_0042.jpg 1 19 9 42 42
1821_0007_0016_0053_0053.jpg 1 7 16 53 53
1822_0007_0037_0037_0037.jpg 1 7 37 37 37
1823_0029_0041_0054_0054.jpg 1 29 41 54 54
1824_0007_0030_0047_0047.jpg 1 7 30 47 47
1825_0054_0056_0031_0031.jpg 1 54 56 31 31
1826_0037_0041_0051_0051.jpg 1 37 41 51 51
1827_0011_0024_0067_0067.jpg 1 11 24 67 67
1828_0041_0023_0044_0044.jpg 1 41 23 44 44
1829_0030_0014_0043_0043.jpg 1 30 14 43 43
1830_0025_0036_0043_0043.jpg 1 25 36 43 43
1831_0047_0014_0043_0043.jpg 1 47 14 43 43
1832_0034_0027_0037_0037.jpg 1 34 27 37 37
1833_0037_0020_0047_0047.jpg 1 37 20 47 47
1834_0017_0045_0035_0035.jpg 1 17 45 35 35
1835_0027_0019_0043_0043.jpg 1 27 19 43 43
1836_0048_0033_0045_0045.jpg 1 48 33 45 45
1837_0015_0016_0068_0068.jpg 1 15 16 68 68
1838_0036_0030_0026_0026.jpg 1 36 30 26 26
1839_0032_0007_0063_0063.jpg 1 32 7 63 63
1840_0015_0024_0044_0044.jpg 1 15 24 44 44
1841_0059_0055_0029_0029.jpg 1 59 55 29 29
1842_0038_0027_0042_0042.jpg 1 38 27 42 42
1843_0008_0047_0037_0037.jpg 1 8 47 37 37
1844_0020_0028_0028_0028.jpg 1 20 28 28 28
1845_0010_0029_0055_0055.jpg 1 10 29 55 55
1846_0017_0023_0027_0027.jpg 1 17 23 27 27
1847_0034_0032_0052_0052.jpg 1 34 32 52 52
1848_0023_0048_0038_0038.jpg 1 23 48 38 38
1849_0027_0038_0057_0057.jpg 1 27 38 57 57
1850_0043_0062_0029_0029.jpg 1 43 62 29 29
1851_0016_0014_0064_0064.jpg 1 16 14 64 64
1852_0039_0040_0031_0031.jpg 1 39 40 31 31
1853_0047_0023_0032_0032.jpg 1 47 23 32 32
1854_0014_0012_0054_0054.jpg 1 14 12 54 54
1855_0036_0042_0045_0045.jpg 1 36 42 45 45
1856_0005_0008_0045_0045.jpg 1 5 8 45 45
1857_0044_0061_0029_0029.jpg 1 44 61 29 29
1858_0051_0011_0037_0037.jpg 1 51 11 37 37
1859_0024_0038_0055_0055.jpg 1 24 38 55 55
1860_0004_0012_0063_0063.jpg 1 4 12 63 63
1861_0021_0006_0065_0065.jpg 1 21 6 65 65
1862_0019_0033_0054_0054.jpg 1 19 33 54 54
1863_0030_0019_0058_0058.jpg 1 30 19 58 58
1864_0021_0026_0064_0064.jpg 1 21 26 64 64
1865_0039_0035_0043_0043.jpg 1 39 35 43 43
1866_0053_0062_0029_0029.jpg 1 53 62 29 29
1867_0012_0008_0065_0065.jpg 1 12 8 65 65
1868_0017_0066_0025_0025.jpg 1 17 66 25 25
1869_0022_0012_0057_0057.jpg 1 22 12 57 57
1870_0038_0048_0037_0037.jpg 1 38 48 37 37
1871_0053_0011_0027_0027.jpg 1 53 11 27 27
1872_0012_0004_0061_0061.jpg 1 12 4 61 61
1873_0007_0036_0056_0056.jpg 1 7 36 56 56
1874_0023_0008_0046_0046.jpg 1 23 8 46 46
1875_0032_0027_0040_0040.jpg 1 32 27 40 40
1876_0044_0008_0051_0051.jpg 1 44 8 51 51
1877_0023_0014_0064_0064.jpg 1 23 14 64 64
1878_0028_0018_0055_0055.jpg 1 28 18 55 55
1879_0026_0017_0029_0029.jpg 1 26 17 29 29
1880_0012_0011_0039_0039.jpg 1 12 11 39 39
1881_0006_0015_0068_0068.jpg 1 6 15 68 68
1882_0026_0066_0025_0025.jpg 1 26 66 25 25
1883_0009_0004_0065_0065.jpg 1 9 4 65 65
1884_0043_0037_0041_0041.jpg 1 43 37 41 41
1885_0051_0030_0034_0034.jpg 1 51 30 34 34
1886_0016_0018_0059_0059.jpg 1 16 18 59 59
1887_0061_0053_0024_0024.jpg 1 61 53 24 24
1888_0008_0022_0058_0058.jpg 1 8 22 58 58
1889_0013_0021_0062_0062.jpg 1 13 21 62 62
1890_0033_0022_0043_0043.jpg 1 33 22 43 43
1891_0046_0013_0042_0042.jpg 1 46 13 42 42
1892_0019_0021_0058_0058.jpg 1 19 21 58 58
1893_0026_0024_0058_0058.jpg 1 26 24 58 58
1894_0038_0026_0055_0055.jpg 1 38 26 55 55
1895_0026_0040_0037_0037.jpg 1 26 40 37 37
1896_0036_0056_0030_0030.jpg 1 36 56 30 30
1897_0022_0015_0056_0056.jpg 1 22 15 56 56
1898_0040_0031_0052_0052.jpg 1 40 31 52 52
1899_0024_0025_0056_0056.jpg 1 24 25 56 56
1900_0032_0025_0058_0058.jpg 1 32 25 58 58
1901_0008_0027_0052_0052.jpg 1 8 27 52 52
1902_0018_0009_0034_0034.jpg 1 18 9 34 34
1903_0024_0014_0036_0036.jpg 1 24 14 36 36
1904_0046_0045_0037_0037.jpg 1 46 45 37 37
1905_0034_0008_0060_0060.jpg 1 34 8 60 60
1906_0021_0034_0062_0062.jpg 1 21 34 62 62
1907_0026_0030_0051_0051.jpg 1 26 30 51 51
1908_0035_0004_0059_0059.jpg 1 35 4 59 59
1909_0018_0024_0060_0060.jpg 1 18 24 60 60
1910_0005_0017_0050_0050.jpg 1 5 17 50 50
1911_0053_0030_0025_0025.jpg 1 53 30 25 25
1912_0009_0008_0066_0066.jpg 1 9 8 66 66
1913_0008_0028_0066_0066.jpg 1 8 28 66 66
1914_0022_0037_0053_0053.jpg 1 22 37 53 53
1915_0019_0045_0045_0045.jpg 1 19 45 45 45
1916_0026_0065_0027_0027.jpg 1 26 65 27 27
1917_0021_0042_0040_0040.jpg 1 21 42 40 40
1918_0021_0012_0035_0035.jpg 1 21 12 35 35
1919_0044_0010_0047_0047.jpg 1 44 10 47 47
1920_0048_0052_0035_0035.jpg 1 48 52 35 35
1921_0023_0025_0046_0046.jpg 1 23 25 46 46
1922_0020_0051_0042_0042.jpg 1 20 51 42 42
1923_0035_0044_0040_0040.jpg 1 35 44 40 40
1924_0056_0046_0028_0028.jpg 1 56 46 28 28
1925_0020_0045_0027_0027.jpg 1 20 45 27 27
1926_0021_0006_0057_0057.jpg 1 21 6 57 57
1927_0029_0026_0049_0049.jpg 1 29 26 49 49
1928_0008_0029_0030_0030.jpg 1 8 29 30 30
1929_0012_0010_0068_0068.jpg 1 12 10 68 68
1930_0040_0031_0044_0044.jpg 1 40 31 44 44
1931_0009_0012_0069_0069.jpg 1 9 12 69 69
1932_0010_0034_0025_0025.jpg 1 10 34 25 25
1933_0015_0026_0044_0044.jpg 1 15 26 44 44
1934_0024_0006_0047_0047.jpg 1 24 6 47 47
1935_0048_0047_0033_0033.jpg 1 48 47 33 33
1936_0028_0007_0024_0024.jpg 1 28 7 24 24
1937_0008_0008_0066_0066.jpg 1 8 8 66 66
1938_0027_0020_0063_0063.jpg 1 27 20 63 63
1939_0030_0012_0065_0065.jpg 1 30 12 65 65
1940_0035_0011_0033_0033.jpg 1 35 11 33 33
1941_0022_0022_0057_0057.jpg 1 22 22 57 57
1942_0018_0013_0053_0053.jpg 1 18 13 53 53
1943_0013_0029_0044_0044.jpg 1 13 29 44 44
1944_0031_0054_0025_0025.jpg 1 31 54 25 25
1945_0014_0028_0042_0042.jpg 1 14 28 42 42
1946_0020_0037_0025_0025.jpg 1 20 37 25 25
1947_0017_0008_0060_0060.jpg 1 17 8 60 60
1948_0045_0017_0042_0042.jpg 1 45 17 42 42
1949_0010_0011_0029_0029.jpg 1 10 11 29 29
1950_0022_0036_0048_0048.jpg 1 22 36 48 48
