0001_0049_0026_0041_0041.jpg 1 49 26 41 41
0002_0023_0050_0031_0031.jpg 1 23 50 31 31
0003_0019_0023_0029_0029.jpg 1 19 23 29 29
0004_0042_0027_0032_0032.jpg 1 42 27 32 32
0005_0032_0024_0055_0055.jpg 1 32 24 55 55
0006_0030_0018_0036_0036.jpg 1 30 18 36 36
0007_0017_0036_0030_0030.jpg 1 17 36 30 30
0008_0013_0046_0042_0042.jpg 1 13 46 42 42
0009_0025_0018_0061_0061.jpg 1 25 18 61 61
0010_0019_0018_0058_0058.jpg 1 19 18 58 58
0011_0022_0046_0041_0041.jpg 1 22 46 41 41
0012_0037_0027_0041_0041.jpg 1 37 27 41 41
0013_0037_0054_0029_0029.jpg 1 37 54 29 29
0014_0016_0038_0055_0055.jpg 1 16 38 55 55
0015_0025_0022_0063_0063.jpg 1 25 22 63 63
0016_0023_0042_0034_0034.jpg 1 23 42 34 34
0017_0023_0022_0060_0060.jpg 1 23 22 60 60
0018_0023_0034_0037_0037.jpg 1 23 34 37 37
0019_0032_0017_0056_0056.jpg 1 32 17 56 56
0020_0009_0008_0061_0061.jpg 1 9 8 61 61
0021_0043_0006_0042_0042.jpg 1 43 6 42 42
0022_0013_0016_0059_0059.jpg 1 13 16 59 59
0023_0028_0046_0047_0047.jpg 1 28 46 47 47
0024_0007_0039_0027_0027.jpg 1 7 39 27 27
0025_0032_0043_0037_0037.jpg 1 32 43 37 37
0026_0005_0019_0060_0060.jpg 1 5 19 60 60
0027_0031_0037_0055_0055.jpg 1 31 37 55 55
0028_0006_0014_0062_0062.jpg 1 6 14 62 62
0029_0026_0018_0050_0050.jpg 1 26 18 50 50
0030_0028_0007_0059_0059.jpg 1 28 7 59 59
0031_0014_0015_0065_0065.jpg 1 14 15 65 65
0032_0009_0049_0024_0024.jpg 1 9 49 24 24
0033_0042_0053_0032_0032.jpg 1 42 53 32 32
0034_0028_0021_0053_0053.jpg 1 28 21 53 53
0035_0023_0008_0060_0060.jpg 1 23 8 60 60
0036_0040_0012_0039_0039.jpg 1 40 12 39 39
0037_0027_0024_0061_0061.jpg 1 27 24 61 61
0038_0050_0043_0024_0024.jpg 1 50 43 24 24
0039_0037_0018_0058_0058.jpg 1 37 18 58 58
0040_0026_0016_0026_0026.jpg 1 26 16 26 26
0041_0007_0036_0054_0054.jpg 1 7 36 54 54
0042_0019_0022_0041_0041.jpg 1 19 22 41 41
0043_0021_0043_0040_0040.jpg 1 21 43 40 40
0044_0025_0020_0029_0029.jpg 1 25 20 29 29
0045_0020_0008_0047_0047.jpg 1 20 8 47 47
0046_0019_0022_0054_0054.jpg 1 19 22 54 54
0047_0014_0027_0028_0028.jpg 1 14 27 28 28
0048_0008_0030_0049_0049.jpg 1 8 30 49 49
0049_0036_0021_0051_0051.jpg 1 36 21 51 51
0050_0048_0029_0035_0035.jpg 1 48 29 35 35
0051_0032_0013_0031_0031.jpg 1 32 13 31 31
0052_0035_0026_0056_0056.jpg 1 35 26 56 56
0053_0055_0067_0024_0024.jpg 1 55 67 24 24
0054_0043_0053_0041_0041.jpg 1 43 53 41 41
0055_0007_0024_0068_0068.jpg 1 7 24 68 68
0056_0012_0009_0060_0060.jpg 1 12 9 60 60
0057_0029_0006_0045_0045.jpg 1 29 6 45 45
0058_0014_0035_0052_0052.jpg 1 14 35 52 52
0059_0061_0038_0029_0029.jpg 1 61 38 29 29
0060_0010_0009_0066_0066.jpg 1 10 9 66 66
0061_0064_0007_0026_0026.jpg 1 64 7 26 26
0062_0043_0014_0049_0049.jpg 1 43 14 49 49
0063_0009_0028_0045_0045.jpg 1 9 28 45 45
0064_0042_0049_0038_0038.jpg 1 42 49 38 38
0065_0019_0014_0069_0069.jpg 1 19 14 69 69
0066_0026_0030_0050_0050.jpg 1 26 30 50 50
0067_0036_0024_0043_0043.jpg 1 36 24 43 43
0068_0016_0023_0065_0065.jpg 1 16 23 65 65
0069_0032_0019_0053_0053.jpg 1 32 19 53 53
0070_0005_0029_0058_0058.jpg 1 5 29 58 58
0071_0043_0055_0030_0030.jpg 1 43 55 30 30
0072_0022_0035_0035_0035.jpg 1 22 35 35 35
0073_0023_0023_0059_0059.jpg 1 23 23 59 59
0074_0032_0048_0045_0045.jpg 1 32 48 45 45
0075_0026_0046_0036_0036.jpg 1 26 46 36 36
0076_0021_0007_0068_0068.jpg 1 21 7 68 68
0077_0006_0034_0046_0046.jpg 1 6 34 46 46
0078_0049_0053_0035_0035.jpg 1 49 53 35 35
0079_0043_0042_0026_0026.jpg 1 43 42 26 26
0080_0056_0022_0030_0030.jpg 1 56 22 30 30
0081_0014_0025_0062_0062.jpg 1 14 25 62 62
0082_0036_0032_0054_0054.jpg 1 36 32 54 54
0083_0022_0022_0058_0058.jpg 1 22 22 58 58
0084_0015_0016_0065_0065.jpg 1 15 16 65 65
0085_0053_0018_0026_0026.jpg 1 53 18 26 26
0086_0041_0038_0052_0052.jpg 1 41 38 52 52
0087_0021_0005_0046_0046.jpg 1 21 5 46 46
0088_0027_0030_0057_0057.jpg 1 27 30 57 57
0089_0021_0007_0043_0043.jpg 1 21 7 43 43
0090_0016_0012_0054_0054.jpg 1 16 12 54 54
0091_0032_0003_0063_0063.jpg 1 32 3 63 63
0092_0053_0019_0033_0033.jpg 1 53 19 33 33
0093_0008_0017_0055_0055.jpg 1 8 17 55 55
0094_0022_0013_0055_0055.jpg 1 22 13 55 55
0095_0020_0032_0047_0047.jpg 1 20 32 47 47
0096_0025_0026_0069_0069.jpg 1 25 26 69 69
0097_0030_0006_0055_0055.jpg 1 30 6 55 55
0098_0047_0030_0034_0034.jpg 1 47 30 34 34
0099_0011_0022_0063_0063.jpg 1 11 22 63 63
0100_0035_0058_0024_0024.jpg 1 35 58 24 24
0101_0036_0049_0037_0037.jpg 1 36 49 37 37
0102_0009_0029_0048_0048.jpg 1 9 29 48 48
0103_0039_0016_0045_0045.jpg 1 39 16 45 45
0104_0023_0032_0053_0053.jpg 1 23 32 53 53
0105_0041_0029_0053_0053.jpg 1 41 29 53 53
0106_0026_0017_0034_0034.jpg 1 26 17 34 34
0107_0042_0042_0048_0048.jpg 1 42 42 48 48
0108_0024_0007_0066_0066.jpg 1 24 7 66 66
0109_0026_0020_0034_0034.jpg 1 26 20 34 34
0110_0015_0007_0040_0040.jpg 1 15 7 40 40
0111_0008_0026_0031_0031.jpg 1 8 26 31 31
0112_0061_0018_0031_0031.jpg 1 61 18 31 31
0113_0025_0013_0063_0063.jpg 1 25 13 63 63
0114_0037_0022_0040_0040.jpg 1 37 22 40 40
0115_0019_0009_0062_0062.jpg 1 19 9 62 62
0116_0033_0022_0030_0030.jpg 1 33 22 30 30
0117_0014_0025_0058_0058.jpg 1 14 25 58 58
0118_0023_0005_0063_0063.jpg 1 23 5 63 63
0119_0046_0031_0048_0048.jpg 1 46 31 48 48
0120_0020_0015_0066_0066.jpg 1 20 15 66 66
0121_0021_0039_0036_0036.jpg 1 21 39 36 36
0122_0010_0036_0054_0054.jpg 1 10 36 54 54
0123_0044_0009_0032_0032.jpg 1 44 9 32 32
0124_0026_0035_0046_0046.jpg 1 26 35 46 46
0125_0012_0014_0027_0027.jpg 1 12 14 27 27
0126_0017_0025_0057_0057.jpg 1 17 25 57 57
0127_0061_0059_0031_0031.jpg 1 61 59 31 31
0128_0040_0047_0025_0025.jpg 1 40 47 25 25
0129_0013_0007_0060_0060.jpg 1 13 7 60 60
0130_0023_0007_0036_0036.jpg 1 23 7 36 36
0131_0038_0043_0041_0041.jpg 1 38 43 41 41
0132_0013_0045_0036_0036.jpg 1 13 45 36 36
0133_0056_0052_0026_0026.jpg 1 56 52 26 26
0134_0020_0007_0064_0064.jpg 1 20 7 64 64
0135_0018_0016_0066_0066.jpg 1 18 16 66 66
0136_0026_0014_0049_0049.jpg 1 26 14 49 49
0137_0045_0017_0045_0045.jpg 1 45 17 45 45
0138_0028_0025_0064_0064.jpg 1 28 25 64 64
0139_0033_0025_0056_0056.jpg 1 33 25 56 56
0140_0009_0006_0064_0064.jpg 1 9 6 64 64
0141_0020_0021_0062_0062.jpg 1 20 21 62 62
0142_0018_0018_0033_0033.jpg 1 18 18 33 33
0143_0024_0038_0048_0048.jpg 1 24 38 48 48
0144_0007_0010_0040_0040.jpg 1 7 10 40 40
0145_0027_0013_0066_0066.jpg 1 27 13 66 66
0146_0023_0035_0039_0039.jpg 1 23 35 39 39
0147_0019_0031_0049_0049.jpg 1 19 31 49 49
0148_0025_0015_0037_0037.jpg 1 25 15 37 37
0149_0005_0007_0059_0059.jpg 1 5 7 59 59
0150_0013_0067_0024_0024.jpg 1 13 67 24 24
0151_0036_0032_0031_0031.jpg 1 36 32 31 31
0152_0008_0034_0035_0035.jpg 1 8 34 35 35
0153_0020_0007_0052_0052.jpg 1 20 7 52 52
0154_0012_0025_0025_0025.jpg 1 12 25 25 25
0155_0034_0055_0035_0035.jpg 1 34 55 35 35
0156_0040_0027_0052_0052.jpg 1 40 27 52 52
0157_0020_0014_0045_0045.jpg 1 20 14 45 45
0158_0012_0016_0051_0051.jpg 1 12 16 51 51
0159_0024_0008_0056_0056.jpg 1 24 8 56 56
0160_0049_0008_0033_0033.jpg 1 49 8 33 33
0161_0018_0034_0038_0038.jpg 1 18 34 38 38
0162_0008_0059_0030_0030.jpg 1 8 59 30 30
0163_0010_0016_0054_0054.jpg 1 10 16 54 54
0164_0041_0027_0046_0046.jpg 1 41 27 46 46
0165_0004_0033_0056_0056.jpg 1 4 33 56 56
0166_0053_0024_0040_0040.jpg 1 53 24 40 40
0167_0058_0058_0027_0027.jpg 1 58 58 27 27
0168_0023_0006_0055_0055.jpg 1 23 6 55 55
0169_0030_0027_0036_0036.jpg 1 30 27 36 36
0170_0022_0013_0062_0062.jpg 1 22 13 62 62
0171_0018_0011_0051_0051.jpg 1 18 11 51 51
0172_0032_0045_0037_0037.jpg 1 32 45 37 37
0173_0026_0033_0028_0028.jpg 1 26 33 28 28
0174_0036_0026_0034_0034.jpg 1 36 26 34 34
0175_0061_0036_0029_0029.jpg 1 61 36 29 29
0176_0038_0041_0046_0046.jpg 1 38 41 46 46
0177_0027_0024_0061_0061.jpg 1 27 24 61 61
0178_0022_0037_0050_0050.jpg 1 22 37 50 50
0179_0012_0017_0062_0062.jpg 1 12 17 62 62
0180_0022_0026_0069_0069.jpg 1 22 26 69 69
0181_0057_0048_0031_0031.jpg 1 57 48 31 31
0182_0018_0028_0049_0049.jpg 1 18 28 49 49
0183_0005_0032_0057_0057.jpg 1 5 32 57 57
0184_0006_0007_0033_0033.jpg 1 6 7 33 33
0185_0018_0028_0068_0068.jpg 1 18 28 68 68
0186_0033_0034_0049_0049.jpg 1 33 34 49 49
0187_0010_0043_0050_0050.jpg 1 10 43 50 50
0188_0029_0005_0064_0064.jpg 1 29 5 64 64
0189_0034_0034_0061_0061.jpg 1 34 34 61 61
0190_0036_0016_0040_0040.jpg 1 36 16 40 40
0191_0024_0007_0040_0040.jpg 1 24 7 40 40
0192_0031_0006_0060_0060.jpg 1 31 6 60 60
0193_0021_0007_0061_0061.jpg 1 21 7 61 61
0194_0040_0011_0024_0024.jpg 1 40 11 24 24
0195_0025_0032_0055_0055.jpg 1 25 32 55 55
0196_0014_0018_0068_0068.jpg 1 14 18 68 68
0197_0034_0028_0060_0060.jpg 1 34 28 60 60
0198_0008_0051_0037_0037.jpg 1 8 51 37 37
0199_0012_0014_0039_0039.jpg 1 12 14 39 39
0200_0024_0016_0053_0053.jpg 1 24 16 53 53
0201_0036_0009_0047_0047.jpg 1 36 9 47 47
0202_0017_0016_0059_0059.jpg 1 17 16 59 59
0203_0028_0022_0058_0058.jpg 1 28 22 58 58
0204_0023_0029_0061_0061.jpg 1 23 29 61 61
0205_0031_0049_0027_0027.jpg 1 31 49 27 27
0206_0007_0041_0033_0033.jpg 1 7 41 33 33
0207_0020_0012_0060_0060.jpg 1 20 12 60 60
0208_0023_0038_0050_0050.jpg 1 23 38 50 50
0209_0029_0009_0054_0054.jpg 1 29 9 54 54
0210_0025_0037_0057_0057.jpg 1 25 37 57 57
0211_0036_0017_0048_0048.jpg 1 36 17 48 48
0212_0021_0010_0064_0064.jpg 1 21 10 64 64
0213_0022_0049_0041_0041.jpg 1 22 49 41 41
0214_0049_0031_0045_0045.jpg 1 49 31 45 45
0215_0020_0035_0038_0038.jpg 1 20 35 38 38
0216_0052_0024_0038_0038.jpg 1 52 24 38 38
0217_0023_0031_0041_0041.jpg 1 23 31 41 41
0218_0029_0015_0024_0024.jpg 1 29 15 24 24
0219_0050_0052_0040_0040.jpg 1 50 52 40 40
0220_0023_0036_0041_0041.jpg 1 23 36 41 41
0221_0016_0023_0063_0063.jpg 1 16 23 63 63
0222_0019_0023_0069_0069.jpg 1 19 23 69 69
0223_0026_0007_0064_0064.jpg 1 26 7 64 64
0224_0015_0025_0060_0060.jpg 1 15 25 60 60
0225_0016_0034_0062_0062.jpg 1 16 34 62 62
0226_0045_0050_0039_0039.jpg 1 45 50 39 39
0227_0035_0023_0040_0040.jpg 1 35 23 40 40
0228_0037_0039_0048_0048.jpg 1 37 39 48 48
0229_0022_0017_0068_0068.jpg 1 22 17 68 68
0230_0028_0003_0067_0067.jpg 1 28 3 67 67
0231_0011_0039_0056_0056.jpg 1 11 39 56 56
0232_0035_0013_0059_0059.jpg 1 35 13 59 59
0233_0031_0008_0061_0061.jpg 1 31 8 61 61
0234_0014_0022_0061_0061.jpg 1 14 22 61 61
0235_0020_0020_0065_0065.jpg 1 20 20 65 65
0236_0024_0011_0047_0047.jpg 1 24 11 47 47
0237_0024_0046_0046_0046.jpg 1 24 46 46 46
0238_0004_0019_0059_0059.jpg 1 4 19 59 59
0239_0027_0034_0050_0050.jpg 1 27 34 50 50
0240_0014_0029_0060_0060.jpg 1 14 29 60 60
0241_0009_0038_0033_0033.jpg 1 9 38 33 33
0242_0050_0028_0024_0024.jpg 1 50 28 24 24
0243_0004_0004_0069_0069.jpg 1 4 4 69 69
0244_0030_0021_0064_0064.jpg 1 30 21 64 64
0245_0039_0039_0040_0040.jpg 1 39 39 40 40
0246_0028_0021_0051_0051.jpg 1 28 21 51 51
0247_0016_0015_0067_0067.jpg 1 16 15 67 67
0248_0056_0013_0030_0030.jpg 1 56 13 30 30
0249_0013_0019_0060_0060.jpg 1 13 19 60 60
0250_0041_0012_0051_0051.jpg 1 41 12 51 51
0251_0016_0024_0045_0045.jpg 1 16 24 45 45
0252_0052_0028_0030_0030.jpg 1 52 28 30 30
0253_0041_0037_0047_0047.jpg 1 41 37 47 47
0254_0008_0008_0069_0069.jpg 1 8 8 69 69
0255_0029_0021_0025_0025.jpg 1 29 21 25 25
0256_0008_0025_0068_0068.jpg 1 8 25 68 68
0257_0052_0017_0037_0037.jpg 1 52 17 37 37
0258_0004_0030_0060_0060.jpg 1 4 30 60 60
0259_0020_0036_0054_0054.jpg 1 20 36 54 54
0260_0014_0047_0033_0033.jpg 1 14 47 33 33
0261_0015_0014_0066_0066.jpg 1 15 14 66 66
0262_0011_0007_0063_0063.jpg 1 11 7 63 63
0263_0032_0041_0053_0053.jpg 1 32 41 53 53
0264_0012_0008_0066_0066.jpg 1 12 8 66 66
0265_0059_0030_0033_0033.jpg 1 59 30 33 33
0266_0035_0021_0055_0055.jpg 1 35 21 55 55
0267_0040_0006_0050_0050.jpg 1 40 6 50 50
0268_0004_0012_0067_0067.jpg 1 4 12 67 67
0269_0007_0022_0048_0048.jpg 1 7 22 48 48
0270_0045_0019_0040_0040.jpg 1 45 19 40 40
0271_0014_0020_0051_0051.jpg 1 14 20 51 51
0272_0021_0007_0065_0065.jpg 1 21 7 65 65
0273_0031_0007_0055_0055.jpg 1 31 7 55 55
0274_0026_0029_0035_0035.jpg 1 26 29 35 35
0275_0025_0051_0038_0038.jpg 1 25 51 38 38
0276_0015_0007_0067_0067.jpg 1 15 7 67 67
0277_0022_0031_0026_0026.jpg 1 22 31 26 26
0278_0028_0038_0037_0037.jpg 1 28 38 37 37
0279_0019_0017_0062_0062.jpg 1 19 17 62 62
0280_0009_0008_0033_0033.jpg 1 9 8 33 33
0281_0039_0018_0046_0046.jpg 1 39 18 46 46
0282_0012_0018_0050_0050.jpg 1 12 18 50 50
0283_0027_0012_0069_0069.jpg 1 27 12 69 69
0284_0025_0058_0028_0028.jpg 1 25 58 28 28
0285_0009_0006_0061_0061.jpg 1 9 6 61 61
0286_0033_0032_0038_0038.jpg 1 33 32 38 38
0287_0012_0030_0050_0050.jpg 1 12 30 50 50
0288_0028_0020_0048_0048.jpg 1 28 20 48 48
0289_0025_0013_0042_0042.jpg 1 25 13 42 42
0290_0023_0014_0053_0053.jpg 1 23 14 53 53
0291_0029_0030_0041_0041.jpg 1 29 30 41 41
0292_0005_0021_0067_0067.jpg 1 5 21 67 67
0293_0009_0018_0067_0067.jpg 1 9 18 67 67
0294_0013_0033_0031_0031.jpg 1 13 33 31 31
0295_0030_0029_0062_0062.jpg 1 30 29 62 62
0296_0006_0026_0066_0066.jpg 1 6 26 66 66
0297_0011_0033_0057_0057.jpg 1 11 33 57 57
0298_0039_0029_0053_0053.jpg 1 39 29 53 53
0299_0048_0012_0043_0043.jpg 1 48 12 43 43
0300_0041_0017_0050_0050.jpg 1 41 17 50 50
0301_0028_0026_0065_0065.jpg 1 28 26 65 65
0302_0004_0004_0063_0063.jpg 1 4 4 63 63
0303_0039_0034_0051_0051.jpg 1 39 34 51 51
0304_0012_0015_0052_0052.jpg 1 12 15 52 52
0305_0022_0014_0067_0067.jpg 1 22 14 67 67
0306_0017_0028_0038_0038.jpg 1 17 28 38 38
0307_0048_0057_0033_0033.jpg 1 48 57 33 33
0308_0015_0037_0050_0050.jpg 1 15 37 50 50
0309_0015_0025_0064_0064.jpg 1 15 25 64 64
0310_0011_0034_0039_0039.jpg 1 11 34 39 39
0311_0005_0014_0049_0049.jpg 1 5 14 49 49
0312_0010_0029_0067_0067.jpg 1 10 29 67 67
0313_0030_0050_0041_0041.jpg 1 30 50 41 41
0314_0038_0007_0047_0047.jpg 1 38 7 47 47
0315_0010_0058_0025_0025.jpg 1 10 58 25 25
0316_0023_0031_0047_0047.jpg 1 23 31 47 47
0317_0023_0030_0048_0048.jpg 1 23 30 48 48
0318_0034_0006_0039_0039.jpg 1 34 6 39 39
0319_0032_0031_0052_0052.jpg 1 32 31 52 52
0320_0009_0018_0062_0062.jpg 1 9 18 62 62
0321_0029_0007_0056_0056.jpg 1 29 7 56 56
0322_0019_0008_0066_0066.jpg 1 19 8 66 66
0323_0027_0044_0025_0025.jpg 1 27 44 25 25
0324_0009_0023_0033_0033.jpg 1 9 23 33 33
0325_0038_0045_0042_0042.jpg 1 38 45 42 42
0326_0026_0017_0024_0024.jpg 1 26 17 24 24
0327_0010_0040_0044_0044.jpg 1 10 40 44 44
0328_0037_0008_0031_0031.jpg 1 37 8 31 31
0329_0035_0027_0050_0050.jpg 1 35 27 50 50
0330_0006_0012_0046_0046.jpg 1 6 12 46 46
0331_0018_0048_0027_0027.jpg 1 18 48 27 27
0332_0028_0013_0053_0053.jpg 1 28 13 53 53
0333_0015_0019_0063_0063.jpg 1 15 19 63 63
0334_0045_0034_0037_0037.jpg 1 45 34 37 37
0335_0040_0041_0044_0044.jpg 1 40 41 44 44
0336_0027_0010_0044_0044.jpg 1 27 10 44 44
0337_0027_0045_0043_0043.jpg 1 27 45 43 43
0338_0026_0017_0031_0031.jpg 1 26 17 31 31
0339_0018_0028_0038_0038.jpg 1 18 28 38 38
0340_0037_0025_0055_0055.jpg 1 37 25 55 55
0341_0036_0005_0059_0059.jpg 1 36 5 59 59
0342_0033_0034_0059_0059.jpg 1 33 34 59 59
0343_0009_0006_0068_0068.jpg 1 9 6 68 68
0344_0025_0024_0067_0067.jpg 1 25 24 67 67
0345_0032_0006_0045_0045.jpg 1 32 6 45 45
0346_0056_0050_0025_0025.jpg 1 56 50 25 25
0347_0022_0024_0047_0047.jpg 1 22 24 47 47
0348_0046_0061_0029_0029.jpg 1 46 61 29 29
0349_0040_0012_0054_0054.jpg 1 40 12 54 54
0350_0038_0034_0046_0046.jpg 1 38 34 46 46
0351_0020_0024_0063_0063.jpg 1 20 24 63 63
0352_0023_0053_0038_0038.jpg 1 23 53 38 38
0353_0030_0031_0038_0038.jpg 1 30 31 38 38
0354_0038_0006_0049_0049.jpg 1 38 6 49 49
0355_0014_0027_0062_0062.jpg 1 14 27 62 62
0356_0014_0024_0057_0057.jpg 1 14 24 57 57
0357_0022_0026_0052_0052.jpg 1 22 26 52 52
0358_0031_0025_0065_0065.jpg 1 31 25 65 65
0359_0028_0012_0064_0064.jpg 1 28 12 64 64
0360_0004_0016_0057_0057.jpg 1 4 16 57 57
0361_0008_0018_0052_0052.jpg 1 8 18 52 52
0362_0005_0031_0054_0054.jpg 1 5 31 54 54
0363_0032_0013_0043_0043.jpg 1 32 13 43 43
0364_0031_0018_0061_0061.jpg 1 31 18 61 61
0365_0019_0047_0040_0040.jpg 1 19 47 40 40
0366_0050_0032_0038_0038.jpg 1 50 32 38 38
0367_0053_0024_0040_0040.jpg 1 53 24 40 40
0368_0030_0024_0060_0060.jpg 1 30 24 60 60
0369_0047_0012_0026_0026.jpg 1 47 12 26 26
0370_0016_0027_0058_0058.jpg 1 16 27 58 58
0371_0038_0026_0030_0030.jpg 1 38 26 30 30
0372_0020_0018_0033_0033.jpg 1 20 18 33 33
0373_0010_0027_0058_0058.jpg 1 10 27 58 58
0374_0025_0020_0033_0033.jpg 1 25 20 33 33
0375_0019_0032_0031_0031.jpg 1 19 32 31 31
0376_0006_0050_0041_0041.jpg 1 6 50 41 41
0377_0010_0018_0066_0066.jpg 1 10 18 66 66
0378_0048_0058_0031_0031.jpg 1 48 58 31 31
0379_0013_0024_0054_0054.jpg 1 13 24 54 54
0380_0030_0007_0051_0051.jpg 1 30 7 51 51
0381_0032_0025_0046_0046.jpg 1 32 25 46 46
0382_0026_0038_0043_0043.jpg 1 26 38 43 43
0383_0047_0053_0035_0035.jpg 1 47 53 35 35
0384_0017_0013_0047_0047.jpg 1 17 13 47 47
0385_0029_0012_0062_0062.jpg 1 29 12 62 62
0386_0020_0007_0061_0061.jpg 1 20 7 61 61
0387_0021_0031_0055_0055.jpg 1 21 31 55 55
0388_0020_0029_0046_0046.jpg 1 20 29 46 46
0389_0052_0021_0029_0029.jpg 1 52 21 29 29
0390_0035_0028_0048_0048.jpg 1 35 28 48 48
0391_0026_0012_0056_0056.jpg 1 26 12 56 56
0392_0025_0040_0050_0050.jpg 1 25 40 50 50
0393_0009_0013_0062_0062.jpg 1 9 13 62 62
0394_0021_0028_0062_0062.jpg 1 21 28 62 62
0395_0049_0013_0037_0037.jpg 1 49 13 37 37
0396_0042_0058_0034_0034.jpg 1 42 58 34 34
0397_0014_0015_0041_0041.jpg 1 14 15 41 41
0398_0026_0038_0039_0039.jpg 1 26 38 39 39
0399_0011_0027_0055_0055.jpg 1 11 27 55 55
0400_0051_0035_0040_0040.jpg 1 51 35 40 40
0401_0040_0032_0054_0054.jpg 1 40 32 54 54
0402_0022_0027_0068_0068.jpg 1 22 27 68 68
0403_0011_0015_0065_0065.jpg 1 11 15 65 65
0404_0042_0054_0029_0029.jpg 1 42 54 29 29
0405_0028_0032_0054_0054.jpg 1 28 32 54 54
0406_0040_0031_0037_0037.jpg 1 40 31 37 37
0407_0010_0049_0043_0043.jpg 1 10 49 43 43
0408_0025_0044_0028_0028.jpg 1 25 44 28 28
0409_0026_0052_0029_0029.jpg 1 26 52 29 29
0410_0010_0022_0065_0065.jpg 1 10 22 65 65
0411_0003_0015_0066_0066.jpg 1 3 15 66 66
0412_0018_0008_0034_0034.jpg 1 18 8 34 34
0413_0019_0022_0058_0058.jpg 1 19 22 58 58
0414_0011_0025_0067_0067.jpg 1 11 25 67 67
0415_0021_0038_0051_0051.jpg 1 21 38 51 51
0416_0032_0026_0059_0059.jpg 1 32 26 59 59
0417_0008_0008_0067_0067.jpg 1 8 8 67 67
0418_0004_0013_0062_0062.jpg 1 4 13 62 62
0419_0020_0017_0063_0063.jpg 1 20 17 63 63
0420_0010_0007_0051_0051.jpg 1 10 7 51 51
0421_0050_0057_0026_0026.jpg 1 50 57 26 26
0422_0034_0006_0049_0049.jpg 1 34 6 49 49
0423_0017_0028_0053_0053.jpg 1 17 28 53 53
0424_0038_0017_0056_0056.jpg 1 38 17 56 56
0425_0009_0022_0050_0050.jpg 1 9 22 50 50
0426_0051_0061_0027_0027.jpg 1 51 61 27 27
0427_0019_0043_0044_0044.jpg 1 19 43 44 44
0428_0033_0016_0057_0057.jpg 1 33 16 57 57
0429_0043_0024_0045_0045.jpg 1 43 24 45 45
0430_0041_0015_0045_0045.jpg 1 41 15 45 45
0431_0036_0039_0034_0034.jpg 1 36 39 34 34
0432_0054_0024_0033_0033.jpg 1 54 24 33 33
0433_0042_0011_0045_0045.jpg 1 42 11 45 45
0434_0016_0060_0031_0031.jpg 1 16 60 31 31
0435_0042_0033_0049_0049.jpg 1 42 33 49 49
0436_0020_0025_0044_0044.jpg 1 20 25 44 44
0437_0045_0013_0029_0029.jpg 1 45 13 29 29
0438_0059_0036_0033_0033.jpg 1 59 36 33 33
0439_0007_0014_0067_0067.jpg 1 7 14 67 67
0440_0037_0019_0049_0049.jpg 1 37 19 49 49
0441_0009_0054_0028_0028.jpg 1 9 54 28 28
0442_0012_0028_0062_0062.jpg 1 12 28 62 62
0443_0041_0007_0036_0036.jpg 1 41 7 36 36
0444_0025_0030_0057_0057.jpg 1 25 30 57 57
0445_0009_0027_0067_0067.jpg 1 9 27 67 67
0446_0016_0042_0033_0033.jpg 1 16 42 33 33
0447_0020_0008_0054_0054.jpg 1 20 8 54 54
0448_0057_0027_0032_0032.jpg 1 57 27 32 32
0449_0025_0024_0062_0062.jpg 1 25 24 62 62
0450_0029_0049_0040_0040.jpg 1 29 49 40 40
0451_0051_0043_0041_0041.jpg 1 51 43 41 41
0452_0022_0005_0053_0053.jpg 1 22 5 53 53
0453_0012_0014_0068_0068.jpg 1 12 14 68 68
0454_0016_0026_0061_0061.jpg 1 16 26 61 61
0455_0033_0020_0058_0058.jpg 1 33 20 58 58
0456_0023_0044_0035_0035.jpg 1 23 44 35 35
0457_0007_0005_0068_0068.jpg 1 7 5 68 68
0458_0036_0033_0032_0032.jpg 1 36 33 32 32
0459_0022_0024_0067_0067.jpg 1 22 24 67 67
0460_0032_0007_0041_0041.jpg 1 32 7 41 41
0461_0017_0006_0044_0044.jpg 1 17 6 44 44
0462_0047_0037_0042_0042.jpg 1 47 37 42 42
0463_0039_0033_0036_0036.jpg 1 39 33 36 36
0464_0037_0045_0035_0035.jpg 1 37 45 35 35
0465_0016_0017_0052_0052.jpg 1 16 17 52 52
0466_0035_0012_0038_0038.jpg 1 35 12 38 38
0467_0012_0037_0051_0051.jpg 1 12 37 51 51
0468_0015_0023_0062_0062.jpg 1 15 23 62 62
0469_0019_0020_0028_0028.jpg 1 19 20 28 28
0470_0010_0012_0050_0050.jpg 1 10 12 50 50
0471_0042_0042_0045_0045.jpg 1 42 42 45 45
0472_0035_0024_0040_0040.jpg 1 35 24 40 40
0473_0009_0041_0038_0038.jpg 1 9 41 38 38
0474_0042_0042_0049_0049.jpg 1 42 42 49 49
0475_0039_0038_0025_0025.jpg 1 39 38 25 25
0476_0014_0010_0039_0039.jpg 1 14 10 39 39
0477_0032_0031_0029_0029.jpg 1 32 31 29 29
0478_0016_0028_0053_0053.jpg 1 16 28 53 53
0479_0034_0041_0047_0047.jpg 1 34 41 47 47
0480_0025_0032_0057_0057.jpg 1 25 32 57 57
0481_0050_0028_0035_0035.jpg 1 50 28 35 35
0482_0041_0029_0053_0053.jpg 1 41 29 53 53
0483_0026_0023_0066_0066.jpg 1 26 23 66 66
0484_0043_0011_0033_0033.jpg 1 43 11 33 33
0485_0024_0012_0060_0060.jpg 1 24 12 60 60
0486_0034_0012_0059_0059.jpg 1 34 12 59 59
0487_0005_0010_0063_0063.jpg 1 5 10 63 63
0488_0022_0028_0066_0066.jpg 1 22 28 66 66
0489_0017_0043_0044_0044.jpg 1 17 43 44 44
0490_0017_0005_0062_0062.jpg 1 17 5 62 62
0491_0017_0049_0036_0036.jpg 1 17 49 36 36
0492_0021_0014_0059_0059.jpg 1 21 14 59 59
0493_0020_0014_0056_0056.jpg 1 20 14 56 56
0494_0003_0009_0069_0069.jpg 1 3 9 69 69
0495_0060_0008_0030_0030.jpg 1 60 8 30 30
0496_0014_0036_0040_0040.jpg 1 14 36 40 40
0497_0006_0003_0066_0066.jpg 1 6 3 66 66
0498_0025_0010_0061_0061.jpg 1 25 10 61 61
0499_0009_0004_0055_0055.jpg 1 9 4 55 55
0500_0029_0050_0042_0042.jpg 1 29 50 42 42
0501_0023_0017_0062_0062.jpg 1 23 17 62 62
0502_0022_0017_0069_0069.jpg 1 22 17 69 69
0503_0039_0038_0028_0028.jpg 1 39 38 28 28
0504_0055_0033_0025_0025.jpg 1 55 33 25 25
0505_0008_0053_0038_0038.jpg 1 8 53 38 38
0506_0015_0008_0043_0043.jpg 1 15 8 43 43
0507_0009_0029_0061_0061.jpg 1 9 29 61 61
0508_0034_0013_0040_0040.jpg 1 34 13 40 40
0509_0022_0004_0068_0068.jpg 1 22 4 68 68
0510_0039_0008_0024_0024.jpg 1 39 8 24 24
0511_0023_0024_0069_0069.jpg 1 23 24 69 69
0512_0008_0050_0032_0032.jpg 1 8 50 32 32
0513_0026_0027_0060_0060.jpg 1 26 27 60 60
0514_0020_0030_0056_0056.jpg 1 20 30 56 56
0515_0025_0009_0026_0026.jpg 1 25 9 26 26
0516_0036_0040_0043_0043.jpg 1 36 40 43 43
0517_0006_0027_0046_0046.jpg 1 6 27 46 46
0518_0022_0030_0051_0051.jpg 1 22 30 51 51
0519_0062_0018_0029_0029.jpg 1 62 18 29 29
0520_0038_0019_0053_0053.jpg 1 38 19 53 53
0521_0010_0036_0055_0055.jpg 1 10 36 55 55
0522_0016_0010_0060_0060.jpg 1 16 10 60 60
0523_0047_0058_0032_0032.jpg 1 47 58 32 32
0524_0018_0043_0052_0052.jpg 1 18 43 52 52
0525_0024_0036_0043_0043.jpg 1 24 36 43 43
0526_0043_0047_0036_0036.jpg 1 43 47 36 36
0527_0013_0022_0024_0024.jpg 1 13 22 24 24
0528_0020_0037_0027_0027.jpg 1 20 37 27 27
0529_0010_0006_0062_0062.jpg 1 10 6 62 62
0530_0027_0031_0060_0060.jpg 1 27 31 60 60
0531_0022_0043_0047_0047.jpg 1 22 43 47 47
0532_0042_0043_0041_0041.jpg 1 42 43 41 41
0533_0028_0012_0054_0054.jpg 1 28 12 54 54
0534_0030_0006_0049_0049.jpg 1 30 6 49 49
0535_0022_0041_0053_0053.jpg 1 22 41 53 53
0536_0015_0014_0048_0048.jpg 1 15 14 48 48
0537_0030_0045_0043_0043.jpg 1 30 45 43 43
0538_0026_0033_0053_0053.jpg 1 26 33 53 53
0539_0032_0029_0052_0052.jpg 1 32 29 52 52
0540_0062_0032_0026_0026.jpg 1 62 32 26 26
0541_0037_0011_0050_0050.jpg 1 37 11 50 50
0542_0051_0046_0027_0027.jpg 1 51 46 27 27
0543_0038_0012_0043_0043.jpg 1 38 12 43 43
0544_0013_0021_0066_0066.jpg 1 13 21 66 66
0545_0017_0030_0066_0066.jpg 1 17 30 66 66
0546_0020_0018_0052_0052.jpg 1 20 18 52 52
0547_0036_0044_0046_0046.jpg 1 36 44 46 46
0548_0017_0037_0042_0042.jpg 1 17 37 42 42
0549_0027_0021_0062_0062.jpg 1 27 21 62 62
0550_0010_0030_0038_0038.jpg 1 10 30 38 38
0551_0023_0014_0049_0049.jpg 1 23 14 49 49
0552_0045_0011_0032_0032.jpg 1 45 11 32 32
0553_0006_0050_0035_0035.jpg 1 6 50 35 35
0554_0017_0040_0034_0034.jpg 1 17 40 34 34
0555_0014_0006_0052_0052.jpg 1 14 6 52 52
0556_0006_0028_0062_0062.jpg 1 6 28 62 62
0557_0051_0008_0039_0039.jpg 1 51 8 39 39
0558_0067_0014_0024_0024.jpg 1 67 14 24 24
0559_0030_0036_0056_0056.jpg 1 30 36 56 56
0560_0015_0045_0041_0041.jpg 1 15 45 41 41
0561_0009_0015_0066_0066.jpg 1 9 15 66 66
0562_0026_0043_0036_0036.jpg 1 26 43 36 36
0563_0010_0011_0067_0067.jpg 1 10 11 67 67
0564_0010_0037_0027_0027.jpg 1 10 37 27 27
0565_0014_0024_0042_0042.jpg 1 14 24 42 42
0566_0009_0008_0068_0068.jpg 1 9 8 68 68
0567_0048_0031_0028_0028.jpg 1 48 31 28 28
0568_0010_0009_0067_0067.jpg 1 10 9 67 67
0569_0050_0027_0039_0039.jpg 1 50 27 39 39
0570_0038_0028_0054_0054.jpg 1 38 28 54 54
0571_0045_0030_0041_0041.jpg 1 45 30 41 41
0572_0050_0041_0042_0042.jpg 1 50 41 42 42
0573_0006_0026_0047_0047.jpg 1 6 26 47 47
0574_0026_0014_0063_0063.jpg 1 26 14 63 63
0575_0035_0034_0052_0052.jpg 1 35 34 52 52
0576_0004_0025_0062_0062.jpg 1 4 25 62 62
0577_0007_0027_0026_0026.jpg 1 7 27 26 26
0578_0025_0020_0057_0057.jpg 1 25 20 57 57
0579_0016_0033_0055_0055.jpg 1 16 33 55 55
0580_0027_0028_0044_0044.jpg 1 27 28 44 44
0581_0035_0039_0035_0035.jpg 1 35 39 35 35
0582_0023_0011_0048_0048.jpg 1 23 11 48 48
0583_0019_0029_0037_0037.jpg 1 19 29 37 37
0584_0026_0037_0038_0038.jpg 1 26 37 38 38
0585_0036_0043_0024_0024.jpg 1 36 43 24 24
0586_0010_0032_0033_0033.jpg 1 10 32 33 33
0587_0032_0036_0044_0044.jpg 1 32 36 44 44
0588_0020_0012_0069_0069.jpg 1 20 12 69 69
0589_0043_0023_0034_0034.jpg 1 43 23 34 34
0590_0051_0021_0027_0027.jpg 1 51 21 27 27
0591_0013_0032_0051_0051.jpg 1 13 32 51 51
0592_0060_0008_0032_0032.jpg 1 60 8 32 32
0593_0035_0027_0039_0039.jpg 1 35 27 39 39
0594_0033_0035_0048_0048.jpg 1 33 35 48 48
0595_0020_0029_0063_0063.jpg 1 20 29 63 63
0596_0016_0019_0064_0064.jpg 1 16 19 64 64
0597_0003_0012_0064_0064.jpg 1 3 12 64 64
0598_0014_0006_0059_0059.jpg 1 14 6 59 59
0599_0015_0005_0052_0052.jpg 1 15 5 52 52
0600_0011_0012_0057_0057.jpg 1 11 12 57 57
0601_0020_0025_0026_0026.jpg 1 20 25 26 26
0602_0006_0034_0057_0057.jpg 1 6 34 57 57
0603_0030_0033_0038_0038.jpg 1 30 33 38 38
0604_0008_0014_0052_0052.jpg 1 8 14 52 52
0605_0025_0005_0066_0066.jpg 1 25 5 66 66
0606_0043_0044_0048_0048.jpg 1 43 44 48 48
0607_0017_0009_0049_0049.jpg 1 17 9 49 49
0608_0031_0040_0042_0042.jpg 1 31 40 42 42
0609_0032_0022_0047_0047.jpg 1 32 22 47 47
0610_0037_0031_0047_0047.jpg 1 37 31 47 47
0611_0058_0047_0029_0029.jpg 1 58 47 29 29
0612_0028_0030_0046_0046.jpg 1 28 30 46 46
0613_0032_0041_0025_0025.jpg 1 32 41 25 25
0614_0024_0009_0029_0029.jpg 1 24 9 29 29
0615_0038_0050_0036_0036.jpg 1 38 50 36 36
0616_0031_0035_0045_0045.jpg 1 31 35 45 45
0617_0022_0053_0033_0033.jpg 1 22 53 33 33
0618_0034_0010_0050_0050.jpg 1 34 10 50 50
0619_0031_0017_0051_0051.jpg 1 31 17 51 51
0620_0051_0046_0030_0030.jpg 1 51 46 30 30
0621_0023_0010_0055_0055.jpg 1 23 10 55 55
0622_0046_0038_0045_0045.jpg 1 46 38 45 45
0623_0008_0013_0056_0056.jpg 1 8 13 56 56
0624_0003_0028_0065_0065.jpg 1 3 28 65 65
0625_0015_0043_0041_0041.jpg 1 15 43 41 41
0626_0036_0025_0035_0035.jpg 1 36 25 35 35
0627_0004_0024_0066_0066.jpg 1 4 24 66 66
0628_0038_0014_0047_0047.jpg 1 38 14 47 47
0629_0038_0022_0034_0034.jpg 1 38 22 34 34
0630_0016_0025_0041_0041.jpg 1 16 25 41 41
0631_0024_0007_0060_0060.jpg 1 24 7 60 60
0632_0025_0038_0043_0043.jpg 1 25 38 43 43
0633_0004_0026_0058_0058.jpg 1 4 26 58 58
0634_0047_0007_0036_0036.jpg 1 47 7 36 36
0635_0041_0033_0052_0052.jpg 1 41 33 52 52
0636_0052_0018_0039_0039.jpg 1 52 18 39 39
0637_0009_0011_0068_0068.jpg 1 9 11 68 68
0638_0030_0044_0028_0028.jpg 1 30 44 28 28
0639_0044_0058_0029_0029.jpg 1 44 58 29 29
0640_0033_0031_0058_0058.jpg 1 33 31 58 58
0641_0023_0008_0069_0069.jpg 1 23 8 69 69
0642_0008_0028_0038_0038.jpg 1 8 28 38 38
0643_0007_0024_0032_0032.jpg 1 7 24 32 32
0644_0005_0027_0067_0067.jpg 1 5 27 67 67
0645_0038_0038_0025_0025.jpg 1 38 38 25 25
0646_0025_0017_0069_0069.jpg 1 25 17 69 69
0647_0034_0017_0032_0032.jpg 1 34 17 32 32
0648_0025_0013_0058_0058.jpg 1 25 13 58 58
0649_0026_0023_0064_0064.jpg 1 26 23 64 64
0650_0027_0024_0066_0066.jpg 1 27 24 66 66
0651_0043_0009_0046_0046.jpg 1 43 9 46 46
0652_0054_0048_0028_0028.jpg 1 54 48 28 28
0653_0031_0025_0042_0042.jpg 1 31 25 42 42
0654_0009_0022_0067_0067.jpg 1 9 22 67 67
0655_0019_0026_0048_0048.jpg 1 19 26 48 48
0656_0031_0018_0040_0040.jpg 1 31 18 40 40
0657_0044_0006_0043_0043.jpg 1 44 6 43 43
0658_0021_0021_0069_0069.jpg 1 21 21 69 69
0659_0011_0026_0026_0026.jpg 1 11 26 26 26
0660_0060_0028_0033_0033.jpg 1 60 28 33 33
0661_0014_0061_0026_0026.jpg 1 14 61 26 26
0662_0028_0020_0057_0057.jpg 1 28 20 57 57
0663_0005_0013_0063_0063.jpg 1 5 13 63 63
0664_0023_0004_0063_0063.jpg 1 23 4 63 63
0665_0024_0015_0042_0042.jpg 1 24 15 42 42
0666_0010_0030_0029_0029.jpg 1 10 30 29 29
0667_0006_0018_0054_0054.jpg 1 6 18 54 54
0668_0018_0025_0030_0030.jpg 1 18 25 30 30
0669_0029_0024_0060_0060.jpg 1 29 24 60 60
0670_0020_0021_0061_0061.jpg 1 20 21 61 61
0671_0013_0010_0052_0052.jpg 1 13 10 52 52
0672_0045_0013_0031_0031.jpg 1 45 13 31 31
0673_0049_0053_0035_0035.jpg 1 49 53 35 35
0674_0030_0023_0064_0064.jpg 1 30 23 64 64
0675_0016_0016_0061_0061.jpg 1 16 16 61 61
0676_0011_0012_0056_0056.jpg 1 11 12 56 56
0677_0035_0029_0049_0049.jpg 1 35 29 49 49
0678_0026_0018_0057_0057.jpg 1 26 18 57 57
0679_0028_0010_0066_0066.jpg 1 28 10 66 66
0680_0041_0030_0035_0035.jpg 1 41 30 35 35
0681_0024_0029_0037_0037.jpg 1 24 29 37 37
0682_0026_0040_0054_0054.jpg 1 26 40 54 54
0683_0034_0026_0052_0052.jpg 1 34 26 52 52
0684_0014_0007_0059_0059.jpg 1 14 7 59 59
0685_0051_0024_0042_0042.jpg 1 51 24 42 42
0686_0018_0033_0048_0048.jpg 1 18 33 48 48
0687_0042_0040_0035_0035.jpg 1 42 40 35 35
0688_0010_0004_0068_0068.jpg 1 10 4 68 68
0689_0023_0051_0032_0032.jpg 1 23 51 32 32
0690_0011_0011_0035_0035.jpg 1 11 11 35 35
0691_0036_0035_0047_0047.jpg 1 36 35 47 47
0692_0038_0030_0024_0024.jpg 1 38 30 24 24
0693_0010_0036_0059_0059.jpg 1 10 36 59 59
0694_0058_0036_0024_0024.jpg 1 58 36 24 24
0695_0032_0006_0044_0044.jpg 1 32 6 44 44
0696_0029_0023_0040_0040.jpg 1 29 23 40 40
0697_0051_0016_0037_0037.jpg 1 51 16 37 37
0698_0033_0021_0062_0062.jpg 1 33 21 62 62
0699_0021_0012_0060_0060.jpg 1 21 12 60 60
0700_0020_0007_0058_0058.jpg 1 20 7 58 58
0701_0013_0042_0048_0048.jpg 1 13 42 48 48
0702_0008_0005_0066_0066.jpg 1 8 5 66 66
0703_0012_0019_0058_0058.jpg 1 12 19 58 58
0704_0037_0032_0055_0055.jpg 1 37 32 55 55
0705_0057_0037_0027_0027.jpg 1 57 37 27 27
0706_0016_0027_0036_0036.jpg 1 16 27 36 36
0707_0036_0007_0049_0049.jpg 1 36 7 49 49
0708_0028_0030_0053_0053.jpg 1 28 30 53 53
0709_0014_0008_0045_0045.jpg 1 14 8 45 45
0710_0039_0024_0037_0037.jpg 1 39 24 37 37
0711_0016_0019_0025_0025.jpg 1 16 19 25 25
0712_0008_0049_0030_0030.jpg 1 8 49 30 30
0713_0020_0033_0044_0044.jpg 1 20 33 44 44
0714_0035_0034_0053_0053.jpg 1 35 34 53 53
0715_0010_0027_0067_0067.jpg 1 10 27 67 67
0716_0031_0010_0059_0059.jpg 1 31 10 59 59
0717_0012_0029_0064_0064.jpg 1 12 29 64 64
0718_0019_0016_0057_0057.jpg 1 19 16 57 57
0719_0041_0023_0037_0037.jpg 1 41 23 37 37
0720_0030_0019_0042_0042.jpg 1 30 19 42 42
0721_0019_0037_0048_0048.jpg 1 19 37 48 48
0722_0028_0036_0055_0055.jpg 1 28 36 55 55
0723_0032_0032_0053_0053.jpg 1 32 32 53 53
0724_0009_0007_0061_0061.jpg 1 9 7 61 61
0725_0058_0047_0024_0024.jpg 1 58 47 24 24
0726_0024_0020_0058_0058.jpg 1 24 20 58 58
0727_0042_0043_0030_0030.jpg 1 42 43 30 30
0728_0025_0028_0048_0048.jpg 1 25 28 48 48
0729_0046_0036_0048_0048.jpg 1 46 36 48 48
0730_0010_0040_0053_0053.jpg 1 10 40 53 53
0731_0045_0021_0046_0046.jpg 1 45 21 46 46
0732_0029_0032_0039_0039.jpg 1 29 32 39 39
0733_0030_0012_0032_0032.jpg 1 30 12 32 32
0734_0019_0023_0065_0065.jpg 1 19 23 65 65
0735_0025_0031_0025_0025.jpg 1 25 31 25 25
0736_0025_0053_0036_0036.jpg 1 25 53 36 36
0737_0047_0013_0040_0040.jpg 1 47 13 40 40
0738_0042_0034_0030_0030.jpg 1 42 34 30 30
0739_0021_0022_0064_0064.jpg 1 21 22 64 64
0740_0009_0004_0067_0067.jpg 1 9 4 67 67
0741_0019_0018_0067_0067.jpg 1 19 18 67 67
0742_0015_0007_0048_0048.jpg 1 15 7 48 48
0743_0062_0011_0030_0030.jpg 1 62 11 30 30
0744_0020_0034_0049_0049.jpg 1 20 34 49 49
0745_0033_0017_0052_0052.jpg 1 33 17 52 52
0746_0035_0040_0050_0050.jpg 1 35 40 50 50
0747_0021_0024_0045_0045.jpg 1 21 24 45 45
0748_0023_0019_0066_0066.jpg 1 23 19 66 66
0749_0015_0021_0043_0043.jpg 1 15 21 43 43
0750_0040_0046_0039_0039.jpg 1 40 46 39 39
0751_0058_0055_0028_0028.jpg 1 58 55 28 28
0752_0014_0041_0044_0044.jpg 1 14 41 44 44
0753_0007_0007_0057_0057.jpg 1 7 7 57 57
0754_0038_0017_0052_0052.jpg 1 38 17 52 52
0755_0015_0052_0041_0041.jpg 1 15 52 41 41
0756_0041_0033_0054_0054.jpg 1 41 33 54 54
0757_0009_0015_0024_0024.jpg 1 9 15 24 24
0758_0045_0046_0044_0044.jpg 1 45 46 44 44
0759_0039_0012_0028_0028.jpg 1 39 12 28 28
0760_0017_0010_0046_0046.jpg 1 17 10 46 46
0761_0006_0019_0064_0064.jpg 1 6 19 64 64
0762_0030_0010_0065_0065.jpg 1 30 10 65 65
0763_0036_0020_0033_0033.jpg 1 36 20 33 33
0764_0027_0024_0064_0064.jpg 1 27 24 64 64
0765_0030_0005_0050_0050.jpg 1 30 5 50 50
0766_0015_0051_0032_0032.jpg 1 15 51 32 32
0767_0039_0050_0040_0040.jpg 1 39 50 40 40
0768_0025_0004_0059_0059.jpg 1 25 4 59 59
0769_0051_0037_0040_0040.jpg 1 51 37 40 40
0770_0012_0053_0026_0026.jpg 1 12 53 26 26
0771_0028_0008_0042_0042.jpg 1 28 8 42 42
0772_0007_0018_0045_0045.jpg 1 7 18 45 45
0773_0010_0030_0044_0044.jpg 1 10 30 44 44
0774_0023_0011_0025_0025.jpg 1 23 11 25 25
0775_0026_0035_0050_0050.jpg 1 26 35 50 50
0776_0008_0038_0050_0050.jpg 1 8 38 50 50
0777_0006_0015_0068_0068.jpg 1 6 15 68 68
0778_0015_0022_0069_0069.jpg 1 15 22 69 69
0779_0006_0027_0066_0066.jpg 1 6 27 66 66
0780_0044_0041_0030_0030.jpg 1 44 41 30 30
0781_0028_0043_0043_0043.jpg 1 28 43 43 43
0782_0016_0032_0059_0059.jpg 1 16 32 59 59
0783_0028_0025_0057_0057.jpg 1 28 25 57 57
0784_0033_0003_0062_0062.jpg 1 33 3 62 62
0785_0005_0021_0049_0049.jpg 1 5 21 49 49
0786_0009_0024_0057_0057.jpg 1 9 24 57 57
0787_0039_0057_0028_0028.jpg 1 39 57 28 28
0788_0025_0016_0060_0060.jpg 1 25 16 60 60
0789_0034_0034_0058_0058.jpg 1 34 34 58 58
0790_0008_0007_0068_0068.jpg 1 8 7 68 68
0791_0046_0034_0037_0037.jpg 1 46 34 37 37
0792_0030_0029_0058_0058.jpg 1 30 29 58 58
0793_0021_0037_0054_0054.jpg 1 21 37 54 54
0794_0027_0022_0055_0055.jpg 1 27 22 55 55
0795_0029_0004_0062_0062.jpg 1 29 4 62 62
0796_0040_0042_0039_0039.jpg 1 40 42 39 39
0797_0026_0010_0033_0033.jpg 1 26 10 33 33
0798_0012_0026_0066_0066.jpg 1 12 26 66 66
0799_0013_0024_0062_0062.jpg 1 13 24 62 62
0800_0030_0011_0063_0063.jpg 1 30 11 63 63
0801_0059_0008_0032_0032.jpg 1 59 8 32 32
0802_0017_0028_0058_0058.jpg 1 17 28 58 58
0803_0033_0023_0054_0054.jpg 1 33 23 54 54
0804_0029_0023_0060_0060.jpg 1 29 23 60 60
0805_0015_0015_0066_0066.jpg 1 15 15 66 66
0806_0014_0017_0063_0063.jpg 1 14 17 63 63
0807_0024_0015_0069_0069.jpg 1 24 15 69 69
0808_0013_0022_0054_0054.jpg 1 13 22 54 54
0809_0027_0024_0041_0041.jpg 1 27 24 41 41
0810_0035_0041_0051_0051.jpg 1 35 41 51 51
0811_0035_0020_0059_0059.jpg 1 35 20 59 59
0812_0005_0009_0063_0063.jpg 1 5 9 63 63
0813_0024_0051_0035_0035.jpg 1 24 51 35 35
0814_0029_0013_0067_0067.jpg 1 29 13 67 67
0815_0016_0023_0044_0044.jpg 1 16 23 44 44
0816_0017_0026_0051_0051.jpg 1 17 26 51 51
0817_0027_0008_0062_0062.jpg 1 27 8 62 62
0818_0016_0011_0038_0038.jpg 1 16 11 38 38
0819_0011_0025_0043_0043.jpg 1 11 25 43 43
0820_0038_0030_0052_0052.jpg 1 38 30 52 52
0821_0022_0007_0053_0053.jpg 1 22 7 53 53
0822_0039_0026_0037_0037.jpg 1 39 26 37 37
0823_0054_0018_0039_0039.jpg 1 54 18 39 39
0824_0010_0008_0038_0038.jpg 1 10 8 38 38
0825_0032_0021_0059_0059.jpg 1 32 21 59 59
0826_0012_0020_0065_0065.jpg 1 12 20 65 65
0827_0021_0030_0066_0066.jpg 1 21 30 66 66
0828_0008_0017_0042_0042.jpg 1 8 17 42 42
0829_0013_0013_0060_0060.jpg 1 13 13 60 60
0830_0013_0027_0062_0062.jpg 1 13 27 62 62
0831_0049_0035_0038_0038.jpg 1 49 35 38 38
0832_0027_0049_0036_0036.jpg 1 27 49 36 36
0833_0025_0014_0053_0053.jpg 1 25 14 53 53
0834_0008_0004_0063_0063.jpg 1 8 4 63 63
0835_0029_0021_0065_0065.jpg 1 29 21 65 65
0836_0026_0028_0036_0036.jpg 1 26 28 36 36
0837_0027_0012_0061_0061.jpg 1 27 12 61 61
0838_0003_0013_0069_0069.jpg 1 3 13 69 69
0839_0010_0031_0037_0037.jpg 1 10 31 37 37
0840_0049_0035_0035_0035.jpg 1 49 35 35 35
0841_0036_0024_0057_0057.jpg 1 36 24 57 57
0842_0003_0008_0067_0067.jpg 1 3 8 67 67
0843_0018_0018_0069_0069.jpg 1 18 18 69 69
0844_0058_0014_0024_0024.jpg 1 58 14 24 24
0845_0026_0006_0047_0047.jpg 1 26 6 47 47
0846_0035_0006_0041_0041.jpg 1 35 6 41 41
0847_0050_0052_0042_0042.jpg 1 50 52 42 42
0848_0007_0009_0059_0059.jpg 1 7 9 59 59
0849_0019_0007_0050_0050.jpg 1 19 7 50 50
0850_0044_0064_0028_0028.jpg 1 44 64 28 28
0851_0030_0026_0064_0064.jpg 1 30 26 64 64
0852_0011_0007_0055_0055.jpg 1 11 7 55 55
0853_0004_0018_0066_0066.jpg 1 4 18 66 66
0854_0016_0026_0028_0028.jpg 1 16 26 28 28
0855_0046_0048_0036_0036.jpg 1 46 48 36 36
0856_0049_0022_0042_0042.jpg 1 49 22 42 42
0857_0009_0042_0028_0028.jpg 1 9 42 28 28
0858_0012_0013_0055_0055.jpg 1 12 13 55 55
0859_0014_0037_0058_0058.jpg 1 14 37 58 58
0860_0027_0005_0066_0066.jpg 1 27 5 66 66
0861_0030_0015_0053_0053.jpg 1 30 15 53 53
0862_0021_0008_0064_0064.jpg 1 21 8 64 64
0863_0036_0013_0042_0042.jpg 1 36 13 42 42
0864_0041_0008_0049_0049.jpg 1 41 8 49 49
0865_0023_0018_0034_0034.jpg 1 23 18 34 34
0866_0027_0037_0028_0028.jpg 1 27 37 28 28
0867_0016_0013_0062_0062.jpg 1 16 13 62 62
0868_0028_0031_0060_0060.jpg 1 28 31 60 60
0869_0012_0003_0068_0068.jpg 1 12 3 68 68
0870_0036_0023_0041_0041.jpg 1 36 23 41 41
0871_0009_0034_0045_0045.jpg 1 9 34 45 45
0872_0009_0045_0028_0028.jpg 1 9 45 28 28
0873_0033_0045_0029_0029.jpg 1 33 45 29 29
0874_0054_0031_0035_0035.jpg 1 54 31 35 35
0875_0004_0030_0056_0056.jpg 1 4 30 56 56
0876_0019_0043_0041_0041.jpg 1 19 43 41 41
0877_0021_0024_0035_0035.jpg 1 21 24 35 35
0878_0019_0032_0048_0048.jpg 1 19 32 48 48
0879_0007_0037_0028_0028.jpg 1 7 37 28 28
0880_0027_0045_0024_0024.jpg 1 27 45 24 24
0881_0040_0010_0034_0034.jpg 1 40 10 34 34
0882_0016_0020_0069_0069.jpg 1 16 20 69 69
0883_0020_0029_0049_0049.jpg 1 20 29 49 49
0884_0036_0008_0055_0055.jpg 1 36 8 55 55
0885_0032_0043_0031_0031.jpg 1 32 43 31 31
0886_0013_0015_0069_0069.jpg 1 13 15 69 69
0887_0036_0050_0025_0025.jpg 1 36 50 25 25
0888_0033_0032_0048_0048.jpg 1 33 32 48 48
0889_0023_0009_0027_0027.jpg 1 23 9 27 27
0890_0031_0032_0033_0033.jpg 1 31 32 33 33
0891_0015_0052_0028_0028.jpg 1 15 52 28 28
0892_0058_0010_0030_0030.jpg 1 58 10 30 30
0893_0018_0021_0048_0048.jpg 1 18 21 48 48
0894_0018_0023_0067_0067.jpg 1 18 23 67 67
0895_0054_0049_0024_0024.jpg 1 54 49 24 24
0896_0008_0026_0059_0059.jpg 1 8 26 59 59
0897_0010_0023_0068_0068.jpg 1 10 23 68 68
0898_0019_0033_0051_0051.jpg 1 19 33 51 51
0899_0052_0048_0041_0041.jpg 1 52 48 41 41
0900_0056_0019_0034_0034.jpg 1 56 19 34 34
0901_0007_0042_0042_0042.jpg 1 7 42 42 42
0902_0046_0021_0041_0041.jpg 1 46 21 41 41
0903_0019_0023_0025_0025.jpg 1 19 23 25 25
0904_0038_0009_0051_0051.jpg 1 38 9 51 51
0905_0060_0035_0032_0032.jpg 1 60 35 32 32
0906_0026_0008_0054_0054.jpg 1 26 8 54 54
0907_0016_0068_0024_0024.jpg 1 16 68 24 24
0908_0034_0011_0050_0050.jpg 1 34 11 50 50
0909_0050_0055_0034_0034.jpg 1 50 55 34 34
0910_0042_0008_0052_0052.jpg 1 42 8 52 52
0911_0015_0014_0062_0062.jpg 1 15 14 62 62
0912_0023_0008_0026_0026.jpg 1 23 8 26 26
0913_0017_0056_0027_0027.jpg 1 17 56 27 27
0914_0006_0013_0055_0055.jpg 1 6 13 55 55
0915_0033_0020_0045_0045.jpg 1 33 20 45 45
0916_0043_0019_0040_0040.jpg 1 43 19 40 40
0917_0025_0022_0025_0025.jpg 1 25 22 25 25
0918_0028_0019_0041_0041.jpg 1 28 19 41 41
0919_0018_0030_0065_0065.jpg 1 18 30 65 65
0920_0020_0016_0060_0060.jpg 1 20 16 60 60
0921_0045_0008_0045_0045.jpg 1 45 8 45 45
0922_0026_0014_0056_0056.jpg 1 26 14 56 56
0923_0064_0008_0024_0024.jpg 1 64 8 24 24
0924_0021_0016_0037_0037.jpg 1 21 16 37 37
0925_0020_0054_0034_0034.jpg 1 20 54 34 34
0926_0027_0027_0069_0069.jpg 1 27 27 69 69
0927_0006_0030_0064_0064.jpg 1 6 30 64 64
0928_0029_0021_0030_0030.jpg 1 29 21 30 30
0929_0006_0031_0059_0059.jpg 1 6 31 59 59
0930_0005_0034_0054_0054.jpg 1 5 34 54 54
0931_0005_0017_0067_0067.jpg 1 5 17 67 67
0932_0042_0052_0036_0036.jpg 1 42 52 36 36
0933_0042_0049_0025_0025.jpg 1 42 49 25 25
0934_0018_0012_0068_0068.jpg 1 18 12 68 68
0935_0020_0022_0067_0067.jpg 1 20 22 67 67
0936_0021_0009_0067_0067.jpg 1 21 9 67 67
0937_0025_0043_0043_0043.jpg 1 25 43 43 43
0938_0015_0007_0066_0066.jpg 1 15 7 66 66
0939_0018_0023_0058_0058.jpg 1 18 23 58 58
0940_0061_0058_0029_0029.jpg 1 61 58 29 29
0941_0021_0020_0028_0028.jpg 1 21 20 28 28
0942_0006_0011_0052_0052.jpg 1 6 11 52 52
0943_0045_0057_0033_0033.jpg 1 45 57 33 33
0944_0023_0005_0057_0057.jpg 1 23 5 57 57
0945_0045_0042_0046_0046.jpg 1 45 42 46 46
0946_0058_0056_0025_0025.jpg 1 58 56 25 25
0947_0013_0028_0053_0053.jpg 1 13 28 53 53
0948_0023_0022_0049_0049.jpg 1 23 22 49 49
0949_0013_0038_0054_0054.jpg 1 13 38 54 54
0950_0004_0015_0066_0066.jpg 1 4 15 66 66
0951_0035_0045_0048_0048.jpg 1 35 45 48 48
0952_0009_0010_0044_0044.jpg 1 9 10 44 44
0953_0025_0018_0045_0045.jpg 1 25 18 45 45
0954_0049_0041_0045_0045.jpg 1 49 41 45 45
0955_0022_0009_0053_0053.jpg 1 22 9 53 53
0956_0012_0011_0025_0025.jpg 1 12 11 25 25
0957_0040_0019_0053_0053.jpg 1 40 19 53 53
0958_0044_0030_0048_0048.jpg 1 44 30 48 48
0959_0018_0007_0065_0065.jpg 1 18 7 65 65
0960_0008_0009_0034_0034.jpg 1 8 9 34 34
0961_0044_0027_0047_0047.jpg 1 44 27 47 47
0962_0026_0033_0045_0045.jpg 1 26 33 45 45
0963_0029_0007_0047_0047.jpg 1 29 7 47 47
0964_0034_0032_0045_0045.jpg 1 34 32 45 45
0965_0039_0035_0024_0024.jpg 1 39 35 24 24
0966_0038_0030_0035_0035.jpg 1 38 30 35 35
0967_0051_0027_0024_0024.jpg 1 51 27 24 24
0968_0032_0021_0058_0058.jpg 1 32 21 58 58
0969_0040_0011_0041_0041.jpg 1 40 11 41 41
0970_0035_0034_0026_0026.jpg 1 35 34 26 26
0971_0016_0010_0066_0066.jpg 1 16 10 66 66
0972_0028_0026_0055_0055.jpg 1 28 26 55 55
0973_0013_0017_0052_0052.jpg 1 13 17 52 52
0974_0019_0028_0062_0062.jpg 1 19 28 62 62
0975_0009_0017_0066_0066.jpg 1 9 17 66 66
0976_0029_0015_0055_0055.jpg 1 29 15 55 55
0977_0012_0010_0068_0068.jpg 1 12 10 68 68
0978_0026_0039_0034_0034.jpg 1 26 39 34 34
0979_0056_0032_0034_0034.jpg 1 56 32 34 34
0980_0019_0025_0046_0046.jpg 1 19 25 46 46
0981_0013_0006_0061_0061.jpg 1 13 6 61 61
0982_0009_0016_0064_0064.jpg 1 9 16 64 64
0983_0033_0049_0039_0039.jpg 1 33 49 39 39
0984_0025_0035_0059_0059.jpg 1 25 35 59 59
0985_0017_0020_0057_0057.jpg 1 17 20 57 57
0986_0015_0013_0068_0068.jpg 1 15 13 68 68
0987_0008_0027_0065_0065.jpg 1 8 27 65 65
0988_0038_0029_0038_0038.jpg 1 38 29 38 38
0989_0018_0010_0045_0045.jpg 1 18 10 45 45
0990_0038_0045_0039_0039.jpg 1 38 45 39 39
0991_0013_0008_0043_0043.jpg 1 13 8 43 43
0992_0020_0034_0031_0031.jpg 1 20 34 31 31
0993_0017_0038_0051_0051.jpg 1 17 38 51 51
0994_0017_0046_0039_0039.jpg 1 17 46 39 39
0995_0012_0036_0052_0052.jpg 1 12 36 52 52
0996_0005_0008_0062_0062.jpg 1 5 8 62 62
0997_0031_0027_0056_0056.jpg 1 31 27 56 56
0998_0014_0040_0052_0052.jpg 1 14 40 52 52
0999_0022_0003_0068_0068.jpg 1 22 3 68 68
1000_0023_0008_0049_0049.jpg 1 23 8 49 49
1001_0012_0020_0062_0062.jpg 1 12 20 62 62
1002_0053_0048_0025_0025.jpg 1 53 48 25 25
1003_0049_0012_0043_0043.jpg 1 49 12 43 43
1004_0009_0008_0058_0058.jpg 1 9 8 58 58
1005_0066_0031_0024_0024.jpg 1 66 31 24 24
1006_0021_0021_0025_0025.jpg 1 21 21 25 25
1007_0024_0016_0067_0067.jpg 1 24 16 67 67
1008_0017_0036_0058_0058.jpg 1 17 36 58 58
1009_0004_0016_0064_0064.jpg 1 4 16 64 64
1010_0050_0035_0044_0044.jpg 1 50 35 44 44
1011_0007_0023_0062_0062.jpg 1 7 23 62 62
1012_0014_0012_0065_0065.jpg 1 14 12 65 65
1013_0007_0011_0054_0054.jpg 1 7 11 54 54
1014_0038_0063_0028_0028.jpg 1 38 63 28 28
1015_0005_0016_0059_0059.jpg 1 5 16 59 59
1016_0031_0060_0026_0026.jpg 1 31 60 26 26
1017_0016_0035_0037_0037.jpg 1 16 35 37 37
1018_0041_0031_0053_0053.jpg 1 41 31 53 53
1019_0019_0021_0069_0069.jpg 1 19 21 69 69
1020_0011_0027_0042_0042.jpg 1 11 27 42 42
1021_0034_0021_0034_0034.jpg 1 34 21 34 34
1022_0015_0030_0048_0048.jpg 1 15 30 48 48
1023_0047_0037_0040_0040.jpg 1 47 37 40 40
1024_0014_0035_0060_0060.jpg 1 14 35 60 60
1025_0007_0042_0041_0041.jpg 1 7 42 41 41
1026_0006_0013_0061_0061.jpg 1 6 13 61 61
1027_0025_0052_0038_0038.jpg 1 25 52 38 38
1028_0004_0009_0068_0068.jpg 1 4 9 68 68
1029_0014_0032_0059_0059.jpg 1 14 32 59 59
1030_0027_0020_0041_0041.jpg 1 27 20 41 41
1031_0022_0046_0047_0047.jpg 1 22 46 47 47
1032_0023_0037_0047_0047.jpg 1 23 37 47 47
1033_0019_0004_0063_0063.jpg 1 19 4 63 63
1034_0024_0009_0068_0068.jpg 1 24 9 68 68
1035_0024_0039_0030_0030.jpg 1 24 39 30 30
1036_0064_0051_0024_0024.jpg 1 64 51 24 24
1037_0012_0033_0061_0061.jpg 1 12 33 61 61
1038_0031_0010_0059_0059.jpg 1 31 10 59 59
1039_0027_0039_0050_0050.jpg 1 27 39 50 50
1040_0035_0050_0024_0024.jpg 1 35 50 24 24
1041_0016_0042_0047_0047.jpg 1 16 42 47 47
1042_0014_0040_0042_0042.jpg 1 14 40 42 42
1043_0033_0024_0051_0051.jpg 1 33 24 51 51
1044_0032_0025_0051_0051.jpg 1 32 25 51 51
1045_0021_0039_0029_0029.jpg 1 21 39 29 29
1046_0019_0024_0058_0058.jpg 1 19 24 58 58
1047_0005_0008_0056_0056.jpg 1 5 8 56 56
1048_0010_0008_0067_0067.jpg 1 10 8 67 67
1049_0041_0055_0033_0033.jpg 1 41 55 33 33
1050_0012_0035_0055_0055.jpg 1 12 35 55 55
1051_0042_0015_0029_0029.jpg 1 42 15 29 29
1052_0013_0014_0059_0059.jpg 1 13 14 59 59
1053_0015_0020_0062_0062.jpg 1 15 20 62 62
1054_0024_0024_0028_0028.jpg 1 24 24 28 28
1055_0029_0021_0064_0064.jpg 1 29 21 64 64
1056_0025_0016_0063_0063.jpg 1 25 16 63 63
1057_0044_0019_0045_0045.jpg 1 44 19 45 45
1058_0045_0051_0030_0030.jpg 1 45 51 30 30
1059_0030_0006_0060_0060.jpg 1 30 6 60 60
1060_0049_0028_0032_0032.jpg 1 49 28 32 32
1061_0021_0008_0036_0036.jpg 1 21 8 36 36
1062_0047_0019_0039_0039.jpg 1 47 19 39 39
1063_0016_0007_0048_0048.jpg 1 16 7 48 48
1064_0024_0037_0039_0039.jpg 1 24 37 39 39
1065_0011_0025_0066_0066.jpg 1 11 25 66 66
1066_0046_0038_0045_0045.jpg 1 46 38 45 45
1067_0044_0027_0025_0025.jpg 1 44 27 25 25
1068_0027_0023_0068_0068.jpg 1 27 23 68 68
1069_0029_0021_0030_0030.jpg 1 29 21 30 30
1070_0013_0004_0067_0067.jpg 1 13 4 67 67
1071_0019_0011_0050_0050.jpg 1 19 11 50 50
1072_0008_0034_0057_0057.jpg 1 8 34 57 57
1073_0020_0026_0069_0069.jpg 1 20 26 69 69
1074_0055_0060_0024_0024.jpg 1 55 60 24 24
1075_0021_0006_0036_0036.jpg 1 21 6 36 36
1076_0025_0032_0027_0027.jpg 1 25 32 27 27
1077_0041_0016_0050_0050.jpg 1 41 16 50 50
1078_0034_0016_0052_0052.jpg 1 34 16 52 52
1079_0005_0036_0058_0058.jpg 1 5 36 58 58
1080_0015_0038_0049_0049.jpg 1 15 38 49 49
1081_0015_0018_0061_0061.jpg 1 15 18 61 61
1082_0032_0029_0055_0055.jpg 1 32 29 55 55
1083_0032_0032_0051_0051.jpg 1 32 32 51 51
1084_0022_0016_0053_0053.jpg 1 22 16 53 53
1085_0022_0052_0039_0039.jpg 1 22 52 39 39
1086_0009_0007_0068_0068.jpg 1 9 7 68 68
1087_0018_0050_0028_0028.jpg 1 18 50 28 28
1088_0020_0019_0031_0031.jpg 1 20 19 31 31
1089_0023_0009_0057_0057.jpg 1 23 9 57 57
1090_0012_0039_0042_0042.jpg 1 12 39 42 42
1091_0009_0024_0066_0066.jpg 1 9 24 66 66
1092_0023_0044_0038_0038.jpg 1 23 44 38 38
1093_0030_0053_0037_0037.jpg 1 30 53 37 37
1094_0011_0026_0068_0068.jpg 1 11 26 68 68
1095_0032_0028_0056_0056.jpg 1 32 28 56 56
1096_0037_0024_0051_0051.jpg 1 37 24 51 51
1097_0033_0010_0054_0054.jpg 1 33 10 54 54
1098_0016_0015_0064_0064.jpg 1 16 15 64 64
1099_0015_0010_0061_0061.jpg 1 15 10 61 61
1100_0020_0012_0045_0045.jpg 1 20 12 45 45
1101_0026_0028_0061_0061.jpg 1 26 28 61 61
1102_0013_0039_0040_0040.jpg 1 13 39 40 40
1103_0027_0048_0040_0040.jpg 1 27 48 40 40
1104_0026_0048_0042_0042.jpg 1 26 48 42 42
1105_0010_0004_0069_0069.jpg 1 10 4 69 69
1106_0015_0034_0042_0042.jpg 1 15 34 42 42
1107_0037_0046_0039_0039.jpg 1 37 46 39 39
1108_0006_0024_0066_0066.jpg 1 6 24 66 66
1109_0010_0040_0052_0052.jpg 1 10 40 52 52
1110_0037_0035_0050_0050.jpg 1 37 35 50 50
1111_0038_0036_0039_0039.jpg 1 38 36 39 39
1112_0018_0017_0066_0066.jpg 1 18 17 66 66
1113_0034_0015_0040_0040.jpg 1 34 15 40 40
1114_0008_0019_0049_0049.jpg 1 8 19 49 49
1115_0015_0016_0060_0060.jpg 1 15 16 60 60
1116_0026_0024_0062_0062.jpg 1 26 24 62 62
1117_0008_0007_0032_0032.jpg 1 8 7 32 32
1118_0040_0017_0036_0036.jpg 1 40 17 36 36
1119_0013_0009_0069_0069.jpg 1 13 9 69 69
1120_0015_0020_0065_0065.jpg 1 15 20 65 65
1121_0029_0042_0051_0051.jpg 1 29 42 51 51
1122_0009_0007_0038_0038.jpg 1 9 7 38 38
1123_0038_0033_0047_0047.jpg 1 38 33 47 47
1124_0023_0018_0054_0054.jpg 1 23 18 54 54
1125_0038_0063_0027_0027.jpg 1 38 63 27 27
1126_0019_0021_0067_0067.jpg 1 19 21 67 67
1127_0019_0028_0060_0060.jpg 1 19 28 60 60
1128_0041_0033_0050_0050.jpg 1 41 33 50 50
1129_0031_0026_0055_0055.jpg 1 31 26 55 55
1130_0029_0010_0055_0055.jpg 1 29 10 55 55
1131_0009_0034_0056_0056.jpg 1 9 34 56 56
1132_0019_0040_0046_0046.jpg 1 19 40 46 46
1133_0032_0038_0030_0030.jpg 1 32 38 30 30
1134_0035_0019_0025_0025.jpg 1 35 19 25 25
1135_0012_0025_0041_0041.jpg 1 12 25 41 41
1136_0025_0054_0034_0034.jpg 1 25 54 34 34
1137_0025_0023_0066_0066.jpg 1 25 23 66 66
1138_0018_0015_0065_0065.jpg 1 18 15 65 65
1139_0016_0036_0034_0034.jpg 1 16 36 34 34
1140_0019_0017_0051_0051.jpg 1 19 17 51 51
1141_0033_0033_0052_0052.jpg 1 33 33 52 52
1142_0026_0030_0052_0052.jpg 1 26 30 52 52
1143_0048_0008_0032_0032.jpg 1 48 8 32 32
1144_0021_0026_0025_0025.jpg 1 21 26 25 25
1145_0039_0018_0047_0047.jpg 1 39 18 47 47
1146_0008_0010_0053_0053.jpg 1 8 10 53 53
1147_0015_0007_0054_0054.jpg 1 15 7 54 54
1148_0019_0011_0039_0039.jpg 1 19 11 39 39
1149_0011_0020_0035_0035.jpg 1 11 20 35 35
1150_0055_0017_0026_0026.jpg 1 55 17 26 26
1151_0021_0004_0063_0063.jpg 1 21 4 63 63
1152_0037_0051_0031_0031.jpg 1 37 51 31 31
1153_0014_0015_0046_0046.jpg 1 14 15 46 46
1154_0011_0017_0029_0029.jpg 1 11 17 29 29
1155_0056_0045_0025_0025.jpg 1 56 45 25 25
1156_0021_0010_0066_0066.jpg 1 21 10 66 66
1157_0044_0026_0046_0046.jpg 1 44 26 46 46
1158_0033_0028_0048_0048.jpg 1 33 28 48 48
1159_0026_0024_0053_0053.jpg 1 26 24 53 53
1160_0020_0030_0044_0044.jpg 1 20 30 44 44
1161_0025_0028_0042_0042.jpg 1 25 28 42 42
1162_0003_0009_0066_0066.jpg 1 3 9 66 66
1163_0047_0012_0042_0042.jpg 1 47 12 42 42
1164_0035_0021_0035_0035.jpg 1 35 21 35 35
1165_0025_0015_0061_0061.jpg 1 25 15 61 61
1166_0044_0018_0038_0038.jpg 1 44 18 38 38
1167_0033_0010_0058_0058.jpg 1 33 10 58 58
1168_0034_0056_0035_0035.jpg 1 34 56 35 35
1169_0032_0023_0052_0052.jpg 1 32 23 52 52
1170_0024_0007_0035_0035.jpg 1 24 7 35 35
1171_0015_0029_0055_0055.jpg 1 15 29 55 55
1172_0013_0026_0061_0061.jpg 1 13 26 61 61
1173_0053_0027_0038_0038.jpg 1 53 27 38 38
1174_0020_0006_0058_0058.jpg 1 20 6 58 58
1175_0016_0023_0060_0060.jpg 1 16 23 60 60
1176_0012_0011_0062_0062.jpg 1 12 11 62 62
1177_0020_0025_0065_0065.jpg 1 20 25 65 65
1178_0026_0026_0028_0028.jpg 1 26 26 28 28
1179_0021_0010_0030_0030.jpg 1 21 10 30 30
1180_0026_0009_0037_0037.jpg 1 26 9 37 37
1181_0019_0006_0064_0064.jpg 1 19 6 64 64
1182_0016_0012_0057_0057.jpg 1 16 12 57 57
1183_0035_0014_0058_0058.jpg 1 35 14 58 58
1184_0013_0008_0037_0037.jpg 1 13 8 37 37
1185_0018_0016_0045_0045.jpg 1 18 16 45 45
1186_0032_0029_0059_0059.jpg 1 32 29 59 59
1187_0049_0037_0030_0030.jpg 1 49 37 30 30
1188_0010_0062_0026_0026.jpg 1 10 62 26 26
1189_0025_0037_0049_0049.jpg 1 25 37 49 49
1190_0012_0024_0052_0052.jpg 1 12 24 52 52
1191_0022_0026_0054_0054.jpg 1 22 26 54 54
1192_0041_0021_0049_0049.jpg 1 41 21 49 49
1193_0062_0046_0027_0027.jpg 1 62 46 27 27
1194_0040_0050_0039_0039.jpg 1 40 50 39 39
1195_0028_0037_0047_0047.jpg 1 28 37 47 47
1196_0010_0058_0033_0033.jpg 1 10 58 33 33
1197_0005_0035_0056_0056.jpg 1 5 35 56 56
1198_0021_0033_0047_0047.jpg 1 21 33 47 47
1199_0008_0034_0046_0046.jpg 1 8 34 46 46
1200_0005_0024_0056_0056.jpg 1 5 24 56 56
1201_0016_0015_0047_0047.jpg 1 16 15 47 47
1202_0015_0031_0046_0046.jpg 1 15 31 46 46
1203_0012_0025_0060_0060.jpg 1 12 25 60 60
1204_0017_0030_0063_0063.jpg 1 17 30 63 63
1205_0047_0014_0038_0038.jpg 1 47 14 38 38
1206_0029_0030_0035_0035.jpg 1 29 30 35 35
1207_0014_0042_0037_0037.jpg 1 14 42 37 37
1208_0025_0036_0052_0052.jpg 1 25 36 52 52
1209_0032_0040_0046_0046.jpg 1 32 40 46 46
1210_0012_0007_0035_0035.jpg 1 12 7 35 35
1211_0035_0011_0056_0056.jpg 1 35 11 56 56
1212_0027_0035_0056_0056.jpg 1 27 35 56 56
1213_0025_0023_0061_0061.jpg 1 25 23 61 61
1214_0012_0010_0058_0058.jpg 1 12 10 58 58
1215_0012_0020_0051_0051.jpg 1 12 20 51 51
1216_0008_0009_0035_0035.jpg 1 8 9 35 35
1217_0030_0012_0065_0065.jpg 1 30 12 65 65
1218_0032_0035_0043_0043.jpg 1 32 35 43 43
1219_0047_0038_0044_0044.jpg 1 47 38 44 44
1220_0025_0004_0061_0061.jpg 1 25 4 61 61
1221_0042_0038_0040_0040.jpg 1 42 38 40 40
1222_0044_0022_0049_0049.jpg 1 44 22 49 49
1223_0022_0041_0048_0048.jpg 1 22 41 48 48
1224_0052_0036_0024_0024.jpg 1 52 36 24 24
1225_0005_0022_0054_0054.jpg 1 5 22 54 54
1226_0036_0038_0041_0041.jpg 1 36 38 41 41
1227_0017_0056_0030_0030.jpg 1 17 56 30 30
1228_0049_0017_0035_0035.jpg 1 49 17 35 35
1229_0036_0041_0029_0029.jpg 1 36 41 29 29
1230_0021_0014_0063_0063.jpg 1 21 14 63 63
1231_0004_0026_0060_0060.jpg 1 4 26 60 60
1232_0039_0035_0048_0048.jpg 1 39 35 48 48
1233_0042_0009_0028_0028.jpg 1 42 9 28 28
1234_0011_0027_0065_0065.jpg 1 11 27 65 65
1235_0018_0016_0068_0068.jpg 1 18 16 68 68
1236_0036_0025_0030_0030.jpg 1 36 25 30 30
1237_0017_0038_0054_0054.jpg 1 17 38 54 54
1238_0011_0039_0034_0034.jpg 1 11 39 34 34
1239_0016_0035_0054_0054.jpg 1 16 35 54 54
1240_0035_0015_0054_0054.jpg 1 35 15 54 54
1241_0033_0012_0034_0034.jpg 1 33 12 34 34
1242_0029_0031_0045_0045.jpg 1 29 31 45 45
1243_0022_0044_0049_0049.jpg 1 22 44 49 49
1244_0043_0047_0029_0029.jpg 1 43 47 29 29
1245_0031_0012_0039_0039.jpg 1 31 12 39 39
1246_0031_0027_0050_0050.jpg 1 31 27 50 50
1247_0026_0022_0032_0032.jpg 1 26 22 32 32
1248_0025_0022_0063_0063.jpg 1 25 22 63 63
1249_0054_0054_0038_0038.jpg 1 54 54 38 38
1250_0029_0045_0047_0047.jpg 1 29 45 47 47
1251_0009_0049_0044_0044.jpg 1 9 49 44 44
1252_0009_0013_0069_0069.jpg 1 9 13 69 69
1253_0016_0018_0044_0044.jpg 1 16 18 44 44
1254_0046_0034_0045_0045.jpg 1 46 34 45 45
1255_0020_0011_0065_0065.jpg 1 20 11 65 65
1256_0014_0047_0039_0039.jpg 1 14 47 39 39
1257_0026_0017_0045_0045.jpg 1 26 17 45 45
1258_0038_0015_0055_0055.jpg 1 38 15 55 55
1259_0036_0058_0028_0028.jpg 1 36 58 28 28
1260_0043_0025_0050_0050.jpg 1 43 25 50 50
1261_0032_0032_0024_0024.jpg 1 32 32 24 24
1262_0029_0044_0032_0032.jpg 1 29 44 32 32
1263_0025_0029_0049_0049.jpg 1 25 29 49 49
1264_0035_0017_0037_0037.jpg 1 35 17 37 37
1265_0024_0038_0045_0045.jpg 1 24 38 45 45
1266_0021_0008_0052_0052.jpg 1 21 8 52 52
1267_0031_0014_0054_0054.jpg 1 31 14 54 54
1268_0010_0013_0066_0066.jpg 1 10 13 66 66
1269_0010_0036_0040_0040.jpg 1 10 36 40 40
1270_0011_0017_0051_0051.jpg 1 11 17 51 51
1271_0032_0013_0060_0060.jpg 1 32 13 60 60
1272_0031_0013_0065_0065.jpg 1 31 13 65 65
1273_0017_0011_0039_0039.jpg 1 17 11 39 39
1274_0033_0029_0057_0057.jpg 1 33 29 57 57
1275_0037_0014_0055_0055.jpg 1 37 14 55 55
1276_0022_0021_0069_0069.jpg 1 22 21 69 69
1277_0029_0012_0037_0037.jpg 1 29 12 37 37
1278_0007_0022_0037_0037.jpg 1 7 22 37 37
1279_0007_0012_0065_0065.jpg 1 7 12 65 65
1280_0037_0010_0025_0025.jpg 1 37 10 25 25
1281_0057_0041_0035_0035.jpg 1 57 41 35 35
1282_0012_0019_0027_0027.jpg 1 12 19 27 27
1283_0021_0022_0059_0059.jpg 1 21 22 59 59
1284_0013_0009_0068_0068.jpg 1 13 9 68 68
1285_0006_0014_0061_0061.jpg 1 6 14 61 61
1286_0016_0047_0032_0032.jpg 1 16 47 32 32
1287_0029_0021_0051_0051.jpg 1 29 21 51 51
1288_0035_0022_0060_0060.jpg 1 35 22 60 60
1289_0010_0024_0042_0042.jpg 1 10 24 42 42
1290_0008_0023_0054_0054.jpg 1 8 23 54 54
1291_0043_0013_0048_0048.jpg 1 43 13 48 48
1292_0016_0015_0050_0050.jpg 1 16 15 50 50
1293_0013_0010_0059_0059.jpg 1 13 10 59 59
1294_0025_0026_0057_0057.jpg 1 25 26 57 57
1295_0009_0004_0063_0063.jpg 1 9 4 63 63
1296_0019_0037_0047_0047.jpg 1 19 37 47 47
1297_0062_0020_0025_0025.jpg 1 62 20 25 25
1298_0028_0005_0058_0058.jpg 1 28 5 58 58
1299_0024_0017_0044_0044.jpg 1 24 17 44 44
1300_0013_0036_0040_0040.jpg 1 13 36 40 40
1301_0025_0025_0052_0052.jpg 1 25 25 52 52
1302_0018_0028_0061_0061.jpg 1 18 28 61 61
1303_0029_0022_0059_0059.jpg 1 29 22 59 59
1304_0020_0016_0067_0067.jpg 1 20 16 67 67
1305_0030_0007_0064_0064.jpg 1 30 7 64 64
1306_0027_0035_0059_0059.jpg 1 27 35 59 59
1307_0012_0017_0069_0069.jpg 1 12 17 69 69
1308_0011_0013_0052_0052.jpg 1 11 13 52 52
1309_0022_0034_0051_0051.jpg 1 22 34 51 51
1310_0025_0017_0046_0046.jpg 1 25 17 46 46
1311_0043_0045_0043_0043.jpg 1 43 45 43 43
1312_0026_0008_0050_0050.jpg 1 26 8 50 50
1313_0062_0030_0030_0030.jpg 1 62 30 30 30
1314_0005_0029_0067_0067.jpg 1 5 29 67 67
1315_0018_0006_0068_0068.jpg 1 18 6 68 68
1316_0014_0030_0065_0065.jpg 1 14 30 65 65
1317_0038_0031_0040_0040.jpg 1 38 31 40 40
1318_0005_0041_0052_0052.jpg 1 5 41 52 52
1319_0020_0016_0067_0067.jpg 1 20 16 67 67
1320_0041_0025_0032_0032.jpg 1 41 25 32 32
1321_0036_0011_0032_0032.jpg 1 36 11 32 32
1322_0024_0013_0045_0045.jpg 1 24 13 45 45
1323_0025_0005_0057_0057.jpg 1 25 5 57 57
1324_0016_0012_0054_0054.jpg 1 16 12 54 54
1325_0020_0006_0054_0054.jpg 1 20 6 54 54
1326_0025_0027_0053_0053.jpg 1 25 27 53 53
1327_0018_0015_0038_0038.jpg 1 18 15 38 38
1328_0061_0022_0028_0028.jpg 1 61 22 28 28
1329_0028_0013_0063_0063.jpg 1 28 13 63 63
1330_0038_0023_0036_0036.jpg 1 38 23 36 36
1331_0037_0051_0036_0036.jpg 1 37 51 36 36
1332_0044_0017_0050_0050.jpg 1 44 17 50 50
1333_0028_0033_0031_0031.jpg 1 28 33 31 31
1334_0020_0009_0056_0056.jpg 1 20 9 56 56
1335_0008_0019_0033_0033.jpg 1 8 19 33 33
1336_0062_0050_0029_0029.jpg 1 62 50 29 29
1337_0017_0028_0047_0047.jpg 1 17 28 47 47
1338_0015_0011_0037_0037.jpg 1 15 11 37 37
1339_0052_0061_0030_0030.jpg 1 52 61 30 30
1340_0059_0025_0029_0029.jpg 1 59 25 29 29
1341_0005_0028_0060_0060.jpg 1 5 28 60 60
1342_0038_0038_0026_0026.jpg 1 38 38 26 26
1343_0007_0026_0047_0047.jpg 1 7 26 47 47
1344_0027_0012_0051_0051.jpg 1 27 12 51 51
1345_0025_0012_0028_0028.jpg 1 25 12 28 28
1346_0043_0022_0050_0050.jpg 1 43 22 50 50
1347_0010_0027_0069_0069.jpg 1 10 27 69 69
1348_0062_0051_0027_0027.jpg 1 62 51 27 27
1349_0014_0026_0060_0060.jpg 1 14 26 60 60
1350_0043_0043_0038_0038.jpg 1 43 43 38 38
1351_0032_0027_0042_0042.jpg 1 32 27 42 42
1352_0038_0033_0054_0054.jpg 1 38 33 54 54
1353_0006_0008_0043_0043.jpg 1 6 8 43 43
1354_0047_0034_0037_0037.jpg 1 47 34 37 37
1355_0020_0032_0059_0059.jpg 1 20 32 59 59
1356_0022_0035_0046_0046.jpg 1 22 35 46 46
1357_0007_0049_0026_0026.jpg 1 7 49 26 26
1358_0025_0008_0036_0036.jpg 1 25 8 36 36
1359_0035_0026_0051_0051.jpg 1 35 26 51 51
1360_0011_0015_0056_0056.jpg 1 11 15 56 56
1361_0004_0026_0060_0060.jpg 1 4 26 60 60
1362_0044_0021_0040_0040.jpg 1 44 21 40 40
1363_0020_0023_0050_0050.jpg 1 20 23 50 50
1364_0037_0027_0050_0050.jpg 1 37 27 50 50
1365_0040_0010_0044_0044.jpg 1 40 10 44 44
1366_0033_0027_0048_0048.jpg 1 33 27 48 48
1367_0016_0062_0027_0027.jpg 1 16 62 27 27
1368_0017_0013_0042_0042.jpg 1 17 13 42 42
1369_0010_0022_0064_0064.jpg 1 10 22 64 64
1370_0006_0015_0059_0059.jpg 1 6 15 59 59
1371_0022_0028_0035_0035.jpg 1 22 28 35 35
1372_0040_0048_0042_0042.jpg 1 40 48 42 42
1373_0054_0035_0036_0036.jpg 1 54 35 36 36
1374_0011_0014_0065_0065.jpg 1 11 14 65 65
1375_0029_0006_0038_0038.jpg 1 29 6 38 38
1376_0029_0021_0054_0054.jpg 1 29 21 54 54
1377_0028_0007_0061_0061.jpg 1 28 7 61 61
1378_0043_0054_0032_0032.jpg 1 43 54 32 32
1379_0015_0030_0038_0038.jpg 1 15 30 38 38
1380_0043_0057_0034_0034.jpg 1 43 57 34 34
1381_0013_0017_0053_0053.jpg 1 13 17 53 53
1382_0034_0038_0056_0056.jpg 1 34 38 56 56
1383_0027_0022_0028_0028.jpg 1 27 22 28 28
1384_0006_0018_0060_0060.jpg 1 6 18 60 60
1385_0010_0021_0068_0068.jpg 1 10 21 68 68
1386_0015_0028_0063_0063.jpg 1 15 28 63 63
1387_0034_0048_0043_0043.jpg 1 34 48 43 43
1388_0014_0020_0059_0059.jpg 1 14 20 59 59
1389_0014_0049_0029_0029.jpg 1 14 49 29 29
1390_0032_0043_0043_0043.jpg 1 32 43 43 43
1391_0030_0025_0054_0054.jpg 1 30 25 54 54
1392_0041_0027_0041_0041.jpg 1 41 27 41 41
1393_0044_0026_0035_0035.jpg 1 44 26 35 35
1394_0004_0016_0065_0065.jpg 1 4 16 65 65
1395_0013_0024_0038_0038.jpg 1 13 24 38 38
1396_0039_0019_0051_0051.jpg 1 39 19 51 51
1397_0047_0018_0039_0039.jpg 1 47 18 39 39
1398_0049_0012_0044_0044.jpg 1 49 12 44 44
1399_0024_0015_0063_0063.jpg 1 24 15 63 63
1400_0026_0007_0065_0065.jpg 1 26 7 65 65
1401_0056_0007_0030_0030.jpg 1 56 7 30 30
1402_0011_0022_0036_0036.jpg 1 11 22 36 36
1403_0034_0017_0039_0039.jpg 1 34 17 39 39
1404_0024_0014_0061_0061.jpg 1 24 14 61 61
1405_0041_0033_0054_0054.jpg 1 41 33 54 54
1406_0012_0008_0064_0064.jpg 1 12 8 64 64
1407_0007_0039_0041_0041.jpg 1 7 39 41 41
1408_0015_0036_0058_0058.jpg 1 15 36 58 58
1409_0004_0013_0068_0068.jpg 1 4 13 68 68
1410_0040_0031_0026_0026.jpg 1 40 31 26 26
1411_0007_0019_0064_0064.jpg 1 7 19 64 64
1412_0007_0007_0040_0040.jpg 1 7 7 40 40
1413_0008_0031_0059_0059.jpg 1 8 31 59 59
1414_0007_0016_0065_0065.jpg 1 7 16 65 65
1415_0014_0013_0059_0059.jpg 1 14 13 59 59
1416_0054_0036_0035_0035.jpg 1 54 36 35 35
1417_0005_0015_0056_0056.jpg 1 5 15 56 56
1418_0005_0008_0067_0067.jpg 1 5 8 67 67
1419_0007_0044_0042_0042.jpg 1 7 44 42 42
1420_0023_0012_0040_0040.jpg 1 23 12 40 40
1421_0033_0036_0032_0032.jpg 1 33 36 32 32
1422_0027_0031_0026_0026.jpg 1 27 31 26 26
1423_0024_0025_0055_0055.jpg 1 24 25 55 55
1424_0055_0024_0025_0025.jpg 1 55 24 25 25
1425_0021_0010_0058_0058.jpg 1 21 10 58 58
1426_0018_0025_0068_0068.jpg 1 18 25 68 68
1427_0026_0031_0041_0041.jpg 1 26 31 41 41
1428_0026_0008_0050_0050.jpg 1 26 8 50 50
1429_0026_0015_0069_0069.jpg 1 26 15 69 69
1430_0027_0018_0065_0065.jpg 1 27 18 65 65
1431_0027_0029_0025_0025.jpg 1 27 29 25 25
1432_0047_0007_0042_0042.jpg 1 47 7 42 42
1433_0023_0046_0042_0042.jpg 1 23 46 42 42
1434_0022_0006_0068_0068.jpg 1 22 6 68 68
1435_0047_0038_0029_0029.jpg 1 47 38 29 29
1436_0048_0038_0028_0028.jpg 1 48 38 28 28
1437_0013_0031_0052_0052.jpg 1 13 31 52 52
1438_0035_0020_0042_0042.jpg 1 35 20 42 42
1439_0028_0012_0045_0045.jpg 1 28 12 45 45
1440_0011_0026_0069_0069.jpg 1 11 26 69 69
1441_0018_0034_0036_0036.jpg 1 18 34 36 36
1442_0030_0037_0046_0046.jpg 1 30 37 46 46
1443_0021_0033_0054_0054.jpg 1 21 33 54 54
1444_0022_0021_0063_0063.jpg 1 22 21 63 63
1445_0042_0033_0030_0030.jpg 1 42 33 30 30
1446_0043_0024_0040_0040.jpg 1 43 24 40 40
1447_0011_0011_0068_0068.jpg 1 11 11 68 68
1448_0035_0026_0061_0061.jpg 1 35 26 61 61
1449_0021_0011_0066_0066.jpg 1 21 11 66 66
1450_0043_0037_0041_0041.jpg 1 43 37 41 41
1451_0036_0023_0052_0052.jpg 1 36 23 52 52
1452_0029_0035_0048_0048.jpg 1 29 35 48 48
1453_0015_0017_0050_0050.jpg 1 15 17 50 50
1454_0059_0033_0030_0030.jpg 1 59 33 30 30
1455_0049_0019_0041_0041.jpg 1 49 19 41 41
1456_0036_0022_0027_0027.jpg 1 36 22 27 27
1457_0022_0015_0036_0036.jpg 1 22 15 36 36
1458_0008_0059_0027_0027.jpg 1 8 59 27 27
1459_0017_0053_0032_0032.jpg 1 17 53 32 32
1460_0026_0024_0063_0063.jpg 1 26 24 63 63
1461_0003_0009_0064_0064.jpg 1 3 9 64 64
1462_0014_0024_0030_0030.jpg 1 14 24 30 30
1463_0009_0014_0031_0031.jpg 1 9 14 31 31
1464_0006_0026_0056_0056.jpg 1 6 26 56 56
1465_0012_0041_0054_0054.jpg 1 12 41 54 54
1466_0035_0014_0058_0058.jpg 1 35 14 58 58
1467_0038_0015_0037_0037.jpg 1 38 15 37 37
1468_0035_0009_0039_0039.jpg 1 35 9 39 39
1469_0017_0008_0063_0063.jpg 1 17 8 63 63
1470_0009_0014_0064_0064.jpg 1 9 14 64 64
1471_0018_0007_0044_0044.jpg 1 18 7 44 44
1472_0025_0037_0057_0057.jpg 1 25 37 57 57
1473_0011_0055_0034_0034.jpg 1 11 55 34 34
1474_0019_0021_0063_0063.jpg 1 19 21 63 63
1475_0019_0008_0056_0056.jpg 1 19 8 56 56
1476_0038_0043_0031_0031.jpg 1 38 43 31 31
1477_0026_0029_0066_0066.jpg 1 26 29 66 66
1478_0016_0041_0043_0043.jpg 1 16 41 43 43
1479_0050_0053_0034_0034.jpg 1 50 53 34 34
1480_0050_0016_0042_0042.jpg 1 50 16 42 42
1481_0061_0021_0025_0025.jpg 1 61 21 25 25
1482_0009_0015_0069_0069.jpg 1 9 15 69 69
1483_0039_0039_0040_0040.jpg 1 39 39 40 40
1484_0006_0026_0042_0042.jpg 1 6 26 42 42
1485_0040_0007_0026_0026.jpg 1 40 7 26 26
1486_0024_0007_0067_0067.jpg 1 24 7 67 67
1487_0020_0019_0069_0069.jpg 1 20 19 69 69
1488_0004_0012_0069_0069.jpg 1 4 12 69 69
1489_0050_0025_0030_0030.jpg 1 50 25 30 30
1490_0005_0004_0067_0067.jpg 1 5 4 67 67
1491_0017_0052_0032_0032.jpg 1 17 52 32 32
1492_0021_0032_0056_0056.jpg 1 21 32 56 56
1493_0023_0013_0047_0047.jpg 1 23 13 47 47
1494_0030_0028_0065_0065.jpg 1 30 28 65 65
1495_0020_0041_0047_0047.jpg 1 20 41 47 47
1496_0018_0006_0051_0051.jpg 1 18 6 51 51
1497_0049_0038_0026_0026.jpg 1 49 38 26 26
1498_0035_0010_0053_0053.jpg 1 35 10 53 53
1499_0029_0035_0034_0034.jpg 1 29 35 34 34
1500_0010_0028_0032_0032.jpg 1 10 28 32 32
1501_0029_0008_0061_0061.jpg 1 29 8 61 61
1502_0049_0023_0031_0031.jpg 1 49 23 31 31
1503_0012_0033_0062_0062.jpg 1 12 33 62 62
1504_0019_0041_0050_0050.jpg 1 19 41 50 50
1505_0011_0019_0064_0064.jpg 1 11 19 64 64
1506_0014_0030_0029_0029.jpg 1 14 30 29 29
1507_0038_0031_0029_0029.jpg 1 38 31 29 29
1508_0033_0030_0062_0062.jpg 1 33 30 62 62
1509_0030_0025_0064_0064.jpg 1 30 25 64 64
1510_0009_0044_0036_0036.jpg 1 9 44 36 36
1511_0035_0022_0053_0053.jpg 1 35 22 53 53
1512_0031_0007_0048_0048.jpg 1 31 7 48 48
1513_0004_0012_0056_0056.jpg 1 4 12 56 56
1514_0034_0011_0048_0048.jpg 1 34 11 48 48
1515_0040_0033_0046_0046.jpg 1 40 33 46 46
1516_0017_0015_0057_0057.jpg 1 17 15 57 57
1517_0013_0031_0062_0062.jpg 1 13 31 62 62
1518_0025_0024_0024_0024.jpg 1 25 24 24 24
1519_0041_0031_0054_0054.jpg 1 41 31 54 54
1520_0006_0038_0055_0055.jpg 1 6 38 55 55
1521_0006_0026_0062_0062.jpg 1 6 26 62 62
1522_0029_0024_0056_0056.jpg 1 29 24 56 56
1523_0055_0011_0033_0033.jpg 1 55 11 33 33
1524_0011_0045_0031_0031.jpg 1 11 45 31 31
1525_0053_0006_0039_0039.jpg 1 53 6 39 39
1526_0011_0016_0059_0059.jpg 1 11 16 59 59
1527_0027_0008_0063_0063.jpg 1 27 8 63 63
1528_0023_0032_0039_0039.jpg 1 23 32 39 39
1529_0027_0029_0040_0040.jpg 1 27 29 40 40
1530_0018_0010_0062_0062.jpg 1 18 10 62 62
1531_0016_0009_0045_0045.jpg 1 16 9 45 45
1532_0016_0031_0059_0059.jpg 1 16 31 59 59
1533_0020_0044_0049_0049.jpg 1 20 44 49 49
1534_0011_0048_0037_0037.jpg 1 11 48 37 37
1535_0033_0033_0030_0030.jpg 1 33 33 30 30
1536_0027_0006_0065_0065.jpg 1 27 6 65 65
1537_0039_0017_0054_0054.jpg 1 39 17 54 54
1538_0029_0032_0033_0033.jpg 1 29 32 33 33
1539_0052_0040_0038_0038.jpg 1 52 40 38 38
1540_0038_0006_0040_0040.jpg 1 38 6 40 40
1541_0027_0005_0061_0061.jpg 1 27 5 61 61
1542_0018_0042_0035_0035.jpg 1 18 42 35 35
1543_0013_0049_0038_0038.jpg 1 13 49 38 38
1544_0012_0030_0037_0037.jpg 1 12 30 37 37
1545_0009_0026_0066_0066.jpg 1 9 26 66 66
1546_0033_0040_0029_0029.jpg 1 33 40 29 29
1547_0032_0024_0039_0039.jpg 1 32 24 39 39
1548_0028_0007_0058_0058.jpg 1 28 7 58 58
1549_0015_0008_0064_0064.jpg 1 15 8 64 64
1550_0058_0057_0033_0033.jpg 1 58 57 33 33
1551_0031_0024_0047_0047.jpg 1 31 24 47 47
1552_0035_0034_0060_0060.jpg 1 35 34 60 60
1553_0040_0037_0032_0032.jpg 1 40 37 32 32
1554_0035_0017_0053_0053.jpg 1 35 17 53 53
1555_0028_0026_0068_0068.jpg 1 28 26 68 68
1556_0010_0035_0055_0055.jpg 1 10 35 55 55
1557_0055_0031_0035_0035.jpg 1 55 31 35 35
1558_0007_0044_0040_0040.jpg 1 7 44 40 40
1559_0065_0062_0026_0026.jpg 1 65 62 26 26
1560_0019_0006_0050_0050.jpg 1 19 6 50 50
1561_0049_0018_0028_0028.jpg 1 49 18 28 28
1562_0031_0017_0046_0046.jpg 1 31 17 46 46
1563_0029_0029_0046_0046.jpg 1 29 29 46 46
1564_0013_0053_0036_0036.jpg 1 13 53 36 36
1565_0005_0024_0067_0067.jpg 1 5 24 67 67
1566_0028_0004_0060_0060.jpg 1 28 4 60 60
1567_0016_0008_0036_0036.jpg 1 16 8 36 36
1568_0006_0024_0057_0057.jpg 1 6 24 57 57
1569_0032_0018_0062_0062.jpg 1 32 18 62 62
1570_0005_0014_0068_0068.jpg 1 5 14 68 68
1571_0024_0012_0062_0062.jpg 1 24 12 62 62
1572_0035_0041_0046_0046.jpg 1 35 41 46 46
1573_0036_0020_0044_0044.jpg 1 36 20 44 44
1574_0051_0040_0039_0039.jpg 1 51 40 39 39
1575_0028_0033_0057_0057.jpg 1 28 33 57 57
1576_0035_0033_0047_0047.jpg 1 35 33 47 47
1577_0021_0041_0046_0046.jpg 1 21 41 46 46
1578_0034_0011_0042_0042.jpg 1 34 11 42 42
1579_0029_0024_0045_0045.jpg 1 29 24 45 45
1580_0041_0007_0039_0039.jpg 1 41 7 39 39
1581_0045_0038_0034_0034.jpg 1 45 38 34 34
1582_0014_0032_0031_0031.jpg 1 14 32 31 31
1583_0030_0021_0056_0056.jpg 1 30 21 56 56
1584_0048_0029_0031_0031.jpg 1 48 29 31 31
1585_0025_0005_0056_0056.jpg 1 25 5 56 56
1586_0024_0017_0054_0054.jpg 1 24 17 54 54
1587_0026_0004_0058_0058.jpg 1 26 4 58 58
1588_0047_0020_0024_0024.jpg 1 47 20 24 24
1589_0011_0032_0061_0061.jpg 1 11 32 61 61
1590_0030_0017_0055_0055.jpg 1 30 17 55 55
1591_0026_0035_0048_0048.jpg 1 26 35 48 48
1592_0036_0008_0047_0047.jpg 1 36 8 47 47
1593_0014_0011_0042_0042.jpg 1 14 11 42 42
1594_0019_0028_0052_0052.jpg 1 19 28 52 52
1595_0034_0017_0051_0051.jpg 1 34 17 51 51
1596_0029_0053_0025_0025.jpg 1 29 53 25 25
1597_0024_0047_0025_0025.jpg 1 24 47 25 25
1598_0006_0026_0067_0067.jpg 1 6 26 67 67
1599_0031_0011_0059_0059.jpg 1 31 11 59 59
1600_0017_0028_0067_0067.jpg 1 17 28 67 67
1601_0023_0006_0050_0050.jpg 1 23 6 50 50
1602_0018_0050_0029_0029.jpg 1 18 50 29 29
1603_0029_0012_0067_0067.jpg 1 29 12 67 67
1604_0024_0035_0027_0027.jpg 1 24 35 27 27
1605_0019_0042_0025_0025.jpg 1 19 42 25 25
1606_0016_0006_0064_0064.jpg 1 16 6 64 64
1607_0013_0005_0065_0065.jpg 1 13 5 65 65
1608_0032_0046_0045_0045.jpg 1 32 46 45 45
1609_0024_0010_0049_0049.jpg 1 24 10 49 49
1610_0047_0053_0039_0039.jpg 1 47 53 39 39
1611_0034_0039_0031_0031.jpg 1 34 39 31 31
1612_0027_0005_0061_0061.jpg 1 27 5 61 61
1613_0006_0027_0054_0054.jpg 1 6 27 54 54
1614_0010_0039_0034_0034.jpg 1 10 39 34 34
1615_0021_0011_0065_0065.jpg 1 21 11 65 65
1616_0020_0022_0065_0065.jpg 1 20 22 65 65
1617_0015_0012_0031_0031.jpg 1 15 12 31 31
1618_0012_0009_0043_0043.jpg 1 12 9 43 43
1619_0042_0018_0045_0045.jpg 1 42 18 45 45
1620_0053_0023_0040_0040.jpg 1 53 23 40 40
1621_0024_0030_0044_0044.jpg 1 24 30 44 44
1622_0015_0048_0034_0034.jpg 1 15 48 34 34
1623_0037_0029_0055_0055.jpg 1 37 29 55 55
1624_0025_0011_0064_0064.jpg 1 25 11 64 64
1625_0054_0054_0025_0025.jpg 1 54 54 25 25
1626_0018_0006_0056_0056.jpg 1 18 6 56 56
1627_0019_0048_0032_0032.jpg 1 19 48 32 32
1628_0014_0018_0064_0064.jpg 1 14 18 64 64
1629_0048_0041_0024_0024.jpg 1 48 41 24 24
1630_0042_0030_0040_0040.jpg 1 42 30 40 40
1631_0031_0014_0024_0024.jpg 1 31 14 24 24
1632_0030_0017_0036_0036.jpg 1 30 17 36 36
1633_0020_0012_0042_0042.jpg 1 20 12 42 42
1634_0008_0059_0028_0028.jpg 1 8 59 28 28
1635_0005_0027_0068_0068.jpg 1 5 27 68 68
1636_0038_0018_0035_0035.jpg 1 38 18 35 35
1637_0037_0048_0045_0045.jpg 1 37 48 45 45
1638_0009_0045_0042_0042.jpg 1 9 45 42 42
1639_0028_0026_0054_0054.jpg 1 28 26 54 54
1640_0030_0009_0051_0051.jpg 1 30 9 51 51
1641_0018_0019_0067_0067.jpg 1 18 19 67 67
1642_0009_0035_0056_0056.jpg 1 9 35 56 56
1643_0039_0054_0035_0035.jpg 1 39 54 35 35
1644_0005_0028_0059_0059.jpg 1 5 28 59 59
1645_0017_0016_0064_0064.jpg 1 17 16 64 64
1646_0029_0013_0056_0056.jpg 1 29 13 56 56
1647_0018_0018_0036_0036.jpg 1 18 18 36 36
1648_0011_0009_0063_0063.jpg 1 11 9 63 63
1649_0008_0013_0063_0063.jpg 1 8 13 63 63
1650_0005_0028_0049_0049.jpg 1 5 28 49 49
1651_0022_0036_0052_0052.jpg 1 22 36 52 52
1652_0022_0030_0027_0027.jpg 1 22 30 27 27
1653_0010_0005_0066_0066.jpg 1 10 5 66 66
1654_0040_0033_0028_0028.jpg 1 40 33 28 28
1655_0011_0022_0068_0068.jpg 1 11 22 68 68
1656_0036_0029_0055_0055.jpg 1 36 29 55 55
1657_0029_0038_0026_0026.jpg 1 29 38 26 26
1658_0039_0015_0034_0034.jpg 1 39 15 34 34
1659_0014_0042_0050_0050.jpg 1 14 42 50 50
1660_0044_0015_0049_0049.jpg 1 44 15 49 49
1661_0022_0054_0036_0036.jpg 1 22 54 36 36
1662_0006_0045_0047_0047.jpg 1 6 45 47 47
1663_0032_0048_0043_0043.jpg 1 32 48 43 43
1664_0021_0019_0061_0061.jpg 1 21 19 61 61
1665_0009_0025_0060_0060.jpg 1 9 25 60 60
1666_0031_0011_0060_0060.jpg 1 31 11 60 60
1667_0049_0020_0031_0031.jpg 1 49 20 31 31
1668_0009_0021_0060_0060.jpg 1 9 21 60 60
1669_0024_0026_0042_0042.jpg 1 24 26 42 42
1670_0023_0027_0043_0043.jpg 1 23 27 43 43
1671_0006_0037_0048_0048.jpg 1 6 37 48 48
1672_0016_0009_0046_0046.jpg 1 16 9 46 46
1673_0011_0018_0024_0024.jpg 1 11 18 24 24
1674_0043_0053_0029_0029.jpg 1 43 53 29 29
1675_0030_0008_0058_0058.jpg 1 30 8 58 58
1676_0026_0017_0058_0058.jpg 1 26 17 58 58
1677_0010_0028_0035_0035.jpg 1 10 28 35 35
1678_0025_0015_0065_0065.jpg 1 25 15 65 65
1679_0025_0016_0068_0068.jpg 1 25 16 68 68
1680_0057_0034_0024_0024.jpg 1 57 34 24 24
1681_0019_0048_0033_0033.jpg 1 19 48 33 33
1682_0011_0065_0024_0024.jpg 1 11 65 24 24
1683_0014_0020_0048_0048.jpg 1 14 20 48 48
1684_0011_0045_0031_0031.jpg 1 11 45 31 31
1685_0005_0006_0067_0067.jpg 1 5 6 67 67
1686_0047_0025_0045_0045.jpg 1 47 25 45 45
1687_0032_0022_0037_0037.jpg 1 32 22 37 37
1688_0023_0058_0034_0034.jpg 1 23 58 34 34
1689_0014_0012_0028_0028.jpg 1 14 12 28 28
1690_0020_0019_0031_0031.jpg 1 20 19 31 31
1691_0052_0051_0034_0034.jpg 1 52 51 34 34
1692_0019_0010_0063_0063.jpg 1 19 10 63 63
1693_0059_0051_0028_0028.jpg 1 59 51 28 28
1694_0061_0061_0024_0024.jpg 1 61 61 24 24
1695_0026_0013_0045_0045.jpg 1 26 13 45 45
1696_0018_0031_0059_0059.jpg 1 18 31 59 59
1697_0032_0042_0039_0039.jpg 1 32 42 39 39
1698_0017_0039_0039_0039.jpg 1 17 39 39 39
1699_0030_0021_0056_0056.jpg 1 30 21 56 56
1700_0017_0034_0028_0028.jpg 1 17 34 28 28
1701_0034_0045_0034_0034.jpg 1 34 45 34 34
1702_0007_0009_0066_0066.jpg 1 7 9 66 66
1703_0049_0037_0026_0026.jpg 1 49 37 26 26
1704_0008_0020_0056_0056.jpg 1 8 20 56 56
1705_0025_0021_0036_0036.jpg 1 25 21 36 36
1706_0040_0035_0027_0027.jpg 1 40 35 27 27
1707_0040_0013_0051_0051.jpg 1 40 13 51 51
1708_0026_0019_0069_0069.jpg 1 26 19 69 69
1709_0029_0033_0061_0061.jpg 1 29 33 61 61
1710_0015_0041_0046_0046.jpg 1 15 41 46 46
1711_0049_0037_0040_0040.jpg 1 49 37 40 40
1712_0006_0024_0058_0058.jpg 1 6 24 58 58
1713_0014_0026_0051_0051.jpg 1 14 26 51 51
1714_0019_0047_0046_0046.jpg 1 19 47 46 46
1715_0031_0049_0034_0034.jpg 1 31 49 34 34
1716_0034_0037_0045_0045.jpg 1 34 37 45 45
1717_0007_0006_0067_0067.jpg 1 7 6 67 67
1718_0032_0017_0042_0042.jpg 1 32 17 42 42
1719_0015_0007_0064_0064.jpg 1 15 7 64 64
1720_0017_0031_0035_0035.jpg 1 17 31 35 35
1721_0014_0045_0042_0042.jpg 1 14 45 42 42
1722_0032_0041_0052_0052.jpg 1 32 41 52 52
1723_0044_0044_0030_0030.jpg 1 44 44 30 30
1724_0040_0017_0054_0054.jpg 1 40 17 54 54
1725_0010_0021_0028_0028.jpg 1 10 21 28 28
1726_0006_0017_0068_0068.jpg 1 6 17 68 68
1727_0027_0040_0042_0042.jpg 1 27 40 42 42
1728_0036_0009_0057_0057.jpg 1 36 9 57 57
1729_0021_0010_0061_0061.jpg 1 21 10 61 61
1730_0022_0027_0068_0068.jpg 1 22 27 68 68
1731_0036_0045_0048_0048.jpg 1 36 45 48 48
1732_0037_0044_0038_0038.jpg 1 37 44 38 38
1733_0051_0028_0024_0024.jpg 1 51 28 24 24
1734_0045_0026_0037_0037.jpg 1 45 26 37 37
1735_0013_0029_0062_0062.jpg 1 13 29 62 62
1736_0033_0037_0044_0044.jpg 1 33 37 44 44
1737_0051_0052_0036_0036.jpg 1 51 52 36 36
1738_0012_0011_0059_0059.jpg 1 12 11 59 59
1739_0022_0010_0066_0066.jpg 1 22 10 66 66
1740_0045_0064_0028_0028.jpg 1 45 64 28 28
1741_0050_0026_0028_0028.jpg 1 50 26 28 28
1742_0015_0020_0063_0063.jpg 1 15 20 63 63
1743_0014_0009_0064_0064.jpg 1 14 9 64 64
1744_0031_0032_0044_0044.jpg 1 31 32 44 44
1745_0056_0019_0024_0024.jpg 1 56 19 24 24
1746_0007_0020_0065_0065.jpg 1 7 20 65 65
1747_0052_0035_0033_0033.jpg 1 52 35 33 33
1748_0019_0020_0052_0052.jpg 1 19 20 52 52
1749_0035_0031_0034_0034.jpg 1 35 31 34 34
1750_0042_0042_0040_0040.jpg 1 42 42 40 40
1751_0046_0031_0034_0034.jpg 1 46 31 34 34
1752_0013_0029_0059_0059.jpg 1 13 29 59 59
1753_0026_0004_0068_0068.jpg 1 26 4 68 68
1754_0019_0017_0050_0050.jpg 1 19 17 50 50
1755_0026_0015_0037_0037.jpg 1 26 15 37 37
1756_0018_0021_0060_0060.jpg 1 18 21 60 60
1757_0057_0025_0034_0034.jpg 1 57 25 34 34
1758_0019_0026_0031_0031.jpg 1 19 26 31 31
1759_0041_0024_0052_0052.jpg 1 41 24 52 52
1760_0025_0019_0052_0052.jpg 1 25 19 52 52
1761_0030_0037_0053_0053.jpg 1 30 37 53 53
1762_0022_0011_0031_0031.jpg 1 22 11 31 31
1763_0024_0012_0067_0067.jpg 1 24 12 67 67
1764_0030_0032_0043_0043.jpg 1 30 32 43 43
1765_0023_0020_0057_0057.jpg 1 23 20 57 57
1766_0033_0012_0060_0060.jpg 1 33 12 60 60
1767_0028_0004_0060_0060.jpg 1 28 4 60 60
1768_0022_0019_0066_0066.jpg 1 22 19 66 66
1769_0020_0030_0056_0056.jpg 1 20 30 56 56
1770_0036_0026_0029_0029.jpg 1 36 26 29 29
1771_0006_0036_0049_0049.jpg 1 6 36 49 49
1772_0038_0017_0047_0047.jpg 1 38 17 47 47
1773_0025_0033_0046_0046.jpg 1 25 33 46 46
1774_0059_0007_0028_0028.jpg 1 59 7 28 28
1775_0027_0020_0047_0047.jpg 1 27 20 47 47
1776_0033_0044_0029_0029.jpg 1 33 44 29 29
1777_0007_0013_0050_0050.jpg 1 7 13 50 50
1778_0033_0029_0059_0059.jpg 1 33 29 59 59
1779_0008_0007_0065_0065.jpg 1 8 7 65 65
1780_0007_0021_0039_0039.jpg 1 7 21 39 39
1781_0017_0007_0055_0055.jpg 1 17 7 55 55
1782_0043_0018_0029_0029.jpg 1 43 18 29 29
1783_0019_0008_0066_0066.jpg 1 19 8 66 66
1784_0038_0025_0043_0043.jpg 1 38 25 43 43
1785_0016_0022_0051_0051.jpg 1 16 22 51 51
1786_0053_0034_0038_0038.jpg 1 53 34 38 38
1787_0044_0022_0047_0047.jpg 1 44 22 47 47
1788_0052_0023_0035_0035.jpg 1 52 23 35 35
1789_0032_0026_0059_0059.jpg 1 32 26 59 59
1790_0008_0025_0069_0069.jpg 1 8 25 69 69
1791_0009_0025_0028_0028.jpg 1 9 25 28 28
1792_0010_0043_0040_0040.jpg 1 10 43 40 40
1793_0037_0045_0046_0046.jpg 1 37 45 46 46
1794_0026_0021_0054_0054.jpg 1 26 21 54 54
1795_0037_0048_0025_0025.jpg 1 37 48 25 25
1796_0039_0048_0036_0036.jpg 1 39 48 36 36
1797_0054_0035_0037_0037.jpg 1 54 35 37 37
1798_0009_0032_0057_0057.jpg 1 9 32 57 57
1799_0021_0028_0040_0040.jpg 1 21 28 40 40
1800_0015_0013_0061_0061.jpg 1 15 13 61 61
1801_0004_0027_0067_0067.jpg 1 4 27 67 67
1802_0031_0029_0058_0058.jpg 1 31 29 58 58
1803_0012_0017_0055_0055.jpg 1 12 17 55 55
1804_0031_0013_0064_0064.jpg 1 31 13 64 64
1805_0057_0038_0034_0034.jpg 1 57 38 34 34
1806_0021_0034_0032_0032.jpg 1 21 34 32 32
1807_0026_0016_0058_0058.jpg 1 26 16 58 58
1808_0026_0012_0066_0066.jpg 1 26 12 66 66
1809_0046_0016_0036_0036.jpg 1 46 16 36 36
1810_0051_0008_0033_0033.jpg 1 51 8 33 33
1811_0029_0036_0030_0030.jpg 1 29 36 30 30
1812_0022_0021_0052_0052.jpg 1 22 21 52 52
1813_0020_0045_0046_0046.jpg 1 20 45 46 46
1814_0043_0019_0051_0051.jpg 1 43 19 51 51
1815_0016_0029_0042_0042.jpg 1 16 29 42 42
1816_0023_0035_0059_0059.jpg 1 23 35 59 59
1817_0040_0041_0047_0047.jpg 1 40 41 47 47
1818_0034_0006_0059_0059.jpg 1 34 6 59 59
1819_0015_0010_0046_0046.jpg 1 15 10 46 46
1820_0033_0015_0058_0058.jpg 1 33 15 58 58
1821_0007_0032_0053_0053.jpg 1 7 32 53 53
1822_0005_0024_0050_0050.jpg 1 5 24 50 50
1823_0030_0032_0034_0034.jpg 1 30 32 34 34
1824_0011_0034_0047_0047.jpg 1 11 34 47 47
1825_0028_0049_0027_0027.jpg 1 28 49 27 27
1826_0016_0011_0060_0060.jpg 1 16 11 60 60
1827_0007_0044_0040_0040.jpg 1 7 44 40 40
1828_0033_0059_0027_0027.jpg 1 33 59 27 27
1829_0024_0051_0036_0036.jpg 1 24 51 36 36
1830_0026_0038_0055_0055.jpg 1 26 38 55 55
1831_0010_0037_0051_0051.jpg 1 10 37 51 51
1832_0025_0022_0052_0052.jpg 1 25 22 52 52
1833_0048_0038_0033_0033.jpg 1 48 38 33 33
1834_0046_0054_0026_0026.jpg 1 46 54 26 26
1835_0049_0045_0025_0025.jpg 1 49 45 25 25
1836_0025_0062_0028_0028.jpg 1 25 62 28 28
1837_0035_0042_0031_0031.jpg 1 35 42 31 31
1838_0057_0049_0026_0026.jpg 1 57 49 26 26
1839_0043_0020_0032_0032.jpg 1 43 20 32 32
1840_0028_0051_0041_0041.jpg 1 28 51 41 41
1841_0048_0017_0031_0031.jpg 1 48 17 31 31
1842_0019_0005_0063_0063.jpg 1 19 5 63 63
1843_0011_0005_0068_0068.jpg 1 11 5 68 68
1844_0024_0021_0058_0058.jpg 1 24 21 58 58
1845_0022_0036_0054_0054.jpg 1 22 36 54 54
1846_0018_0034_0050_0050.jpg 1 18 34 50 50
1847_0016_0007_0031_0031.jpg 1 16 7 31 31
1848_0042_0043_0027_0027.jpg 1 42 43 27 27
1849_0010_0013_0060_0060.jpg 1 10 13 60 60
1850_0008_0023_0062_0062.jpg 1 8 23 62 62
1851_0027_0025_0066_0066.jpg 1 27 25 66 66
1852_0003_0030_0064_0064.jpg 1 3 30 64 64
1853_0022_0017_0046_0046.jpg 1 22 17 46 46
1854_0023_0015_0054_0054.jpg 1 23 15 54 54
1855_0034_0014_0056_0056.jpg 1 34 14 56 56
1856_0044_0026_0045_0045.jpg 1 44 26 45 45
1857_0037_0006_0045_0045.jpg 1 37 6 45 45
1858_0013_0038_0047_0047.jpg 1 13 38 47 47
1859_0020_0025_0057_0057.jpg 1 20 25 57 57
1860_0026_0023_0067_0067.jpg 1 26 23 67 67
1861_0004_0025_0065_0065.jpg 1 4 25 65 65
1862_0025_0047_0027_0027.jpg 1 25 47 27 27
1863_0017_0012_0058_0058.jpg 1 17 12 58 58
1864_0040_0024_0042_0042.jpg 1 40 24 42 42
1865_0032_0009_0064_0064.jpg 1 32 9 64 64
1866_0045_0038_0036_0036.jpg 1 45 38 36 36
1867_0005_0026_0060_0060.jpg 1 5 26 60 60
1868_0041_0018_0024_0024.jpg 1 41 18 24 24
1869_0021_0018_0067_0067.jpg 1 21 18 67 67
1870_0003_0021_0067_0067.jpg 1 3 21 67 67
1871_0010_0029_0052_0052.jpg 1 10 29 52 52
1872_0017_0008_0065_0065.jpg 1 17 8 65 65
1873_0012_0017_0041_0041.jpg 1 12 17 41 41
1874_0010_0037_0046_0046.jpg 1 10 37 46 46
1875_0025_0061_0026_0026.jpg 1 25 61 26 26
1876_0025_0012_0066_0066.jpg 1 25 12 66 66
1877_0018_0014_0036_0036.jpg 1 18 14 36 36
1878_0026_0030_0040_0040.jpg 1 26 30 40 40
1879_0017_0013_0057_0057.jpg 1 17 13 57 57
1880_0046_0047_0043_0043.jpg 1 46 47 43 43
1881_0021_0006_0046_0046.jpg 1 21 6 46 46
1882_0032_0014_0062_0062.jpg 1 32 14 62 62
1883_0004_0015_0054_0054.jpg 1 4 15 54 54
1884_0039_0031_0033_0033.jpg 1 39 31 33 33
1885_0045_0013_0038_0038.jpg 1 45 13 38 38
1886_0004_0008_0061_0061.jpg 1 4 8 61 61
1887_0029_0011_0066_0066.jpg 1 29 11 66 66
1888_0056_0028_0032_0032.jpg 1 56 28 32 32
1889_0009_0038_0027_0027.jpg 1 9 38 27 27
1890_0014_0022_0036_0036.jpg 1 14 22 36 36
1891_0017_0032_0034_0034.jpg 1 17 32 34 34
1892_0022_0040_0044_0044.jpg 1 22 40 44 44
1893_0016_0022_0029_0029.jpg 1 16 22 29 29
1894_0020_0058_0030_0030.jpg 1 20 58 30 30
1895_0013_0023_0060_0060.jpg 1 13 23 60 60
1896_0009_0036_0028_0028.jpg 1 9 36 28 28
1897_0007_0026_0031_0031.jpg 1 7 26 31 31
1898_0013_0005_0065_0065.jpg 1 13 5 65 65
1899_0019_0057_0024_0024.jpg 1 19 57 24 24
1900_0033_0028_0055_0055.jpg 1 33 28 55 55
1901_0045_0037_0034_0034.jpg 1 45 37 34 34
1902_0017_0023_0062_0062.jpg 1 17 23 62 62
1903_0016_0028_0055_0055.jpg 1 16 28 55 55
1904_0044_0044_0035_0035.jpg 1 44 44 35 35
1905_0008_0024_0037_0037.jpg 1 8 24 37 37
1906_0036_0031_0042_0042.jpg 1 36 31 42 42
1907_0032_0035_0039_0039.jpg 1 32 35 39 39
1908_0030_0031_0049_0049.jpg 1 30 31 49 49
1909_0018_0035_0057_0057.jpg 1 18 35 57 57
1910_0056_0042_0029_0029.jpg 1 56 42 29 29
1911_0029_0023_0029_0029.jpg 1 29 23 29 29
1912_0006_0032_0045_0045.jpg 1 6 32 45 45
1913_0052_0025_0031_0031.jpg 1 52 25 31 31
1914_0027_0011_0067_0067.jpg 1 27 11 67 67
1915_0026_0019_0051_0051.jpg 1 26 19 51 51
1916_0033_0034_0026_0026.jpg 1 33 34 26 26
1917_0011_0023_0054_0054.jpg 1 11 23 54 54
1918_0022_0045_0040_0040.jpg 1 22 45 40 40
1919_0043_0056_0032_0032.jpg 1 43 56 32 32
1920_0044_0005_0046_0046.jpg 1 44 5 46 46
1921_0014_0032_0048_0048.jpg 1 14 32 48 48
1922_0020_0020_0043_0043.jpg 1 20 20 43 43
1923_0037_0018_0033_0033.jpg 1 37 18 33 33
1924_0016_0019_0069_0069.jpg 1 16 19 69 69
1925_0023_0008_0046_0046.jpg 1 23 8 46 46
1926_0006_0024_0068_0068.jpg 1 6 24 68 68
1927_0039_0011_0055_0055.jpg 1 39 11 55 55
1928_0011_0032_0024_0024.jpg 1 11 32 24 24
1929_0024_0003_0067_0067.jpg 1 24 3 67 67
1930_0028_0012_0059_0059.jpg 1 28 12 59 59
1931_0008_0046_0025_0025.jpg 1 8 46 25 25
1932_0048_0034_0035_0035.jpg 1 48 34 35 35
1933_0028_0016_0031_0031.jpg 1 28 16 31 31
1934_0009_0039_0024_0024.jpg 1 9 39 24 24
1935_0005_0012_0058_0058.jpg 1 5 12 58 58
1936_0008_0021_0056_0056.jpg 1 8 21 56 56
1937_0018_0012_0062_0062.jpg 1 18 12 62 62
1938_0018_0020_0058_0058.jpg 1 18 20 58 58
1939_0052_0043_0038_0038.jpg 1 52 43 38 38
1940_0052_0052_0039_0039.jpg 1 52 52 39 39
1941_0017_0028_0055_0055.jpg 1 17 28 55 55
1942_0014_0023_0062_0062.jpg 1 14 23 62 62
1943_0038_0031_0028_0028.jpg 1 38 31 28 28
1944_0008_0059_0031_0031.jpg 1 8 59 31 31
1945_0027_0013_0063_0063.jpg 1 27 13 63 63
1946_0025_0011_0065_0065.jpg 1 25 11 65 65
1947_0028_0010_0050_0050.jpg 1 28 10 50 50
1948_0024_0011_0055_0055.jpg 1 24 11 55 55
1949_0035_0008_0059_0059.jpg 1 35 8 59 59
1950_0039_0057_0035_0035.jpg 1 39 57 35 35
