0001_0014_0041_0050_0050.jpg 1 14 41 50 50
0002_0037_0013_0027_0027.jpg 1 37 13 27 27
0003_0024_0021_0068_0068.jpg 1 24 21 68 68
0004_0025_0029_0041_0041.jpg 1 25 29 41 41
0005_0061_0042_0031_0031.jpg 1 61 42 31 31
0006_0047_0060_0030_0030.jpg 1 47 60 30 30
0007_0026_0016_0067_0067.jpg 1 26 16 67 67
0008_0016_0028_0060_0060.jpg 1 16 28 60 60
0009_0009_0005_0059_0059.jpg 1 9 5 59 59
0010_0045_0022_0047_0047.jpg 1 45 22 47 47
0011_0063_0043_0028_0028.jpg 1 63 43 28 28
0012_0019_0023_0044_0044.jpg 1 19 23 44 44
0013_0038_0034_0050_0050.jpg 1 38 34 50 50
0014_0053_0015_0031_0031.jpg 1 53 15 31 31
0015_0017_0015_0068_0068.jpg 1 17 15 68 68
0016_0031_0026_0043_0043.jpg 1 31 26 43 43
0017_0024_0012_0068_0068.jpg 1 24 12 68 68
0018_0023_0025_0048_0048.jpg 1 23 25 48 48
0019_0045_0008_0031_0031.jpg 1 45 8 31 31
0020_0044_0052_0026_0026.jpg 1 44 52 26 26
0021_0033_0019_0030_0030.jpg 1 33 19 30 30
0022_0005_0010_0066_0066.jpg 1 5 10 66 66
0023_0024_0007_0031_0031.jpg 1 24 7 31 31
0024_0063_0030_0026_0026.jpg 1 63 30 26 26
0025_0023_0034_0054_0054.jpg 1 23 34 54 54
0026_0022_0044_0033_0033.jpg 1 22 44 33 33
0027_0026_0015_0031_0031.jpg 1 26 15 31 31
0028_0006_0026_0066_0066.jpg 1 6 26 66 66
0029_0027_0016_0064_0064.jpg 1 27 16 64 64
0030_0051_0020_0038_0038.jpg 1 51 20 38 38
0031_0017_0016_0031_0031.jpg 1 17 16 31 31
0032_0013_0007_0059_0059.jpg 1 13 7 59 59
0033_0052_0054_0028_0028.jpg 1 52 54 28 28
0034_0012_0007_0057_0057.jpg 1 12 7 57 57
0035_0018_0012_0060_0060.jpg 1 18 12 60 60
0036_0041_0014_0053_0053.jpg 1 41 14 53 53
0037_0009_0022_0060_0060.jpg 1 9 22 60 60
0038_0028_0039_0037_0037.jpg 1 28 39 37 37
0039_0020_0038_0050_0050.jpg 1 20 38 50 50
0040_0010_0041_0028_0028.jpg 1 10 41 28 28
0041_0017_0033_0045_0045.jpg 1 17 33 45 45
0042_0018_0046_0045_0045.jpg 1 18 46 45 45
0043_0019_0044_0050_0050.jpg 1 19 44 50 50
0044_0022_0029_0055_0055.jpg 1 22 29 55 55
0045_0063_0017_0025_0025.jpg 1 63 17 25 25
0046_0061_0043_0030_0030.jpg 1 61 43 30 30
0047_0020_0018_0062_0062.jpg 1 20 18 62 62
0048_0010_0039_0053_0053.jpg 1 10 39 53 53
0049_0007_0043_0030_0030.jpg 1 7 43 30 30
0050_0006_0029_0066_0066.jpg 1 6 29 66 66
0051_0032_0014_0035_0035.jpg 1 32 14 35 35
0052_0019_0031_0049_0049.jpg 1 19 31 49 49
0053_0025_0028_0027_0027.jpg 1 25 28 27 27
0054_0041_0043_0047_0047.jpg 1 41 43 47 47
0055_0025_0010_0048_0048.jpg 1 25 10 48 48
0056_0016_0037_0044_0044.jpg 1 16 37 44 44
0057_0013_0043_0042_0042.jpg 1 13 43 42 42
0058_0011_0010_0060_0060.jpg 1 11 10 60 60
0059_0014_0015_0058_0058.jpg 1 14 15 58 58
0060_0011_0010_0067_0067.jpg 1 11 10 67 67
0061_0012_0025_0060_0060.jpg 1 12 25 60 60
0062_0027_0015_0054_0054.jpg 1 27 15 54 54
0063_0015_0006_0067_0067.jpg 1 15 6 67 67
0064_0023_0042_0029_0029.jpg 1 23 42 29 29
0065_0059_0064_0028_0028.jpg 1 59 64 28 28
0066_0039_0036_0034_0034.jpg 1 39 36 34 34
0067_0033_0012_0060_0060.jpg 1 33 12 60 60
0068_0025_0036_0054_0054.jpg 1 25 36 54 54
0069_0023_0018_0065_0065.jpg 1 23 18 65 65
0070_0021_0024_0052_0052.jpg 1 21 24 52 52
0071_0037_0018_0034_0034.jpg 1 37 18 34 34
0072_0015_0016_0044_0044.jpg 1 15 16 44 44
0073_0032_0022_0039_0039.jpg 1 32 22 39 39
0074_0059_0027_0033_0033.jpg 1 59 27 33 33
0075_0036_0005_0059_0059.jpg 1 36 5 59 59
0076_0050_0045_0034_0034.jpg 1 50 45 34 34
0077_0051_0028_0024_0024.jpg 1 51 28 24 24
0078_0009_0022_0050_0050.jpg 1 9 22 50 50
0079_0010_0048_0024_0024.jpg 1 10 48 24 24
0080_0028_0015_0062_0062.jpg 1 28 15 62 62
0081_0029_0017_0057_0057.jpg 1 29 17 57 57
0082_0042_0061_0031_0031.jpg 1 42 61 31 31
0083_0014_0012_0069_0069.jpg 1 14 12 69 69
0084_0015_0035_0026_0026.jpg 1 15 35 26 26
0085_0015_0034_0025_0025.jpg 1 15 34 25 25
0086_0011_0015_0044_0044.jpg 1 11 15 44 44
0087_0008_0037_0055_0055.jpg 1 8 37 55 55
0088_0034_0052_0040_0040.jpg 1 34 52 40 40
0089_0029_0014_0050_0050.jpg 1 29 14 50 50
0090_0022_0014_0063_0063.jpg 1 22 14 63 63
0091_0058_0042_0027_0027.jpg 1 58 42 27 27
0092_0015_0019_0068_0068.jpg 1 15 19 68 68
0093_0007_0023_0067_0067.jpg 1 7 23 67 67
0094_0038_0053_0039_0039.jpg 1 38 53 39 39
0095_0035_0013_0055_0055.jpg 1 35 13 55 55
0096_0025_0027_0065_0065.jpg 1 25 27 65 65
0097_0039_0011_0026_0026.jpg 1 39 11 26 26
0098_0026_0029_0037_0037.jpg 1 26 29 37 37
0099_0012_0023_0063_0063.jpg 1 12 23 63 63
0100_0019_0031_0060_0060.jpg 1 19 31 60 60
0101_0009_0007_0055_0055.jpg 1 9 7 55 55
0102_0024_0035_0043_0043.jpg 1 24 35 43 43
0103_0007_0031_0065_0065.jpg 1 7 31 65 65
0104_0038_0043_0040_0040.jpg 1 38 43 40 40
0105_0015_0012_0066_0066.jpg 1 15 12 66 66
0106_0024_0029_0065_0065.jpg 1 24 29 65 65
0107_0028_0005_0062_0062.jpg 1 28 5 62 62
0108_0015_0014_0065_0065.jpg 1 15 14 65 65
0109_0015_0011_0029_0029.jpg 1 15 11 29 29
0110_0019_0009_0066_0066.jpg 1 19 9 66 66
0111_0035_0014_0046_0046.jpg 1 35 14 46 46
0112_0010_0009_0029_0029.jpg 1 10 9 29 29
0113_0017_0022_0059_0059.jpg 1 17 22 59 59
0114_0021_0025_0055_0055.jpg 1 21 25 55 55
0115_0029_0008_0063_0063.jpg 1 29 8 63 63
0116_0037_0017_0036_0036.jpg 1 37 17 36 36
0117_0027_0015_0042_0042.jpg 1 27 15 42 42
0118_0026_0017_0031_0031.jpg 1 26 17 31 31
0119_0015_0026_0061_0061.jpg 1 15 26 61 61
0120_0010_0009_0062_0062.jpg 1 10 9 62 62
0121_0040_0034_0051_0051.jpg 1 40 34 51 51
0122_0035_0019_0043_0043.jpg 1 35 19 43 43
0123_0032_0018_0048_0048.jpg 1 32 18 48 48
0124_0012_0004_0065_0065.jpg 1 12 4 65 65
0125_0029_0033_0049_0049.jpg 1 29 33 49 49
0126_0008_0036_0055_0055.jpg 1 8 36 55 55
0127_0031_0017_0038_0038.jpg 1 31 17 38 38
0128_0018_0009_0048_0048.jpg 1 18 9 48 48
0129_0029_0023_0053_0053.jpg 1 29 23 53 53
0130_0026_0008_0024_0024.jpg 1 26 8 24 24
0131_0010_0016_0068_0068.jpg 1 10 16 68 68
0132_0061_0056_0030_0030.jpg 1 61 56 30 30
0133_0051_0016_0028_0028.jpg 1 51 16 28 28
0134_0038_0031_0044_0044.jpg 1 38 31 44 44
0135_0021_0025_0042_0042.jpg 1 21 25 42 42
0136_0011_0051_0035_0035.jpg 1 11 51 35 35
0137_0018_0030_0064_0064.jpg 1 18 30 64 64
0138_0028_0011_0030_0030.jpg 1 28 11 30 30
0139_0038_0011_0038_0038.jpg 1 38 11 38 38
0140_0031_0023_0063_0063.jpg 1 31 23 63 63
0141_0028_0007_0065_0065.jpg 1 28 7 65 65
0142_0051_0058_0034_0034.jpg 1 51 58 34 34
0143_0022_0016_0060_0060.jpg 1 22 16 60 60
0144_0018_0033_0051_0051.jpg 1 18 33 51 51
0145_0040_0011_0054_0054.jpg 1 40 11 54 54
0146_0020_0013_0066_0066.jpg 1 20 13 66 66
0147_0035_0012_0033_0033.jpg 1 35 12 33 33
0148_0023_0026_0057_0057.jpg 1 23 26 57 57
0149_0023_0050_0044_0044.jpg 1 23 50 44 44
0150_0016_0011_0062_0062.jpg 1 16 11 62 62
0151_0032_0017_0036_0036.jpg 1 32 17 36 36
0152_0023_0045_0029_0029.jpg 1 23 45 29 29
0153_0006_0010_0039_0039.jpg 1 6 10 39 39
0154_0026_0030_0052_0052.jpg 1 26 30 52 52
0155_0027_0032_0062_0062.jpg 1 27 32 62 62
0156_0023_0044_0039_0039.jpg 1 23 44 39 39
0157_0012_0009_0057_0057.jpg 1 12 9 57 57
0158_0013_0034_0034_0034.jpg 1 13 34 34 34
0159_0036_0005_0053_0053.jpg 1 36 5 53 53
0160_0036_0035_0054_0054.jpg 1 36 35 54 54
0161_0011_0048_0038_0038.jpg 1 11 48 38 38
0162_0033_0034_0030_0030.jpg 1 33 34 30 30
0163_0011_0033_0040_0040.jpg 1 11 33 40 40
0164_0051_0049_0034_0034.jpg 1 51 49 34 34
0165_0012_0040_0025_0025.jpg 1 12 40 25 25
0166_0012_0017_0041_0041.jpg 1 12 17 41 41
0167_0022_0017_0046_0046.jpg 1 22 17 46 46
0168_0010_0016_0025_0025.jpg 1 10 16 25 25
0169_0038_0031_0035_0035.jpg 1 38 31 35 35
0170_0012_0034_0056_0056.jpg 1 12 34 56 56
0171_0037_0018_0050_0050.jpg 1 37 18 50 50
0172_0006_0016_0036_0036.jpg 1 6 16 36 36
0173_0013_0059_0029_0029.jpg 1 13 59 29 29
0174_0043_0022_0024_0024.jpg 1 43 22 24 24
0175_0051_0011_0033_0033.jpg 1 51 11 33 33
0176_0011_0015_0062_0062.jpg 1 11 15 62 62
0177_0012_0029_0046_0046.jpg 1 12 29 46 46
0178_0040_0054_0025_0025.jpg 1 40 54 25 25
0179_0021_0022_0056_0056.jpg 1 21 22 56 56
0180_0040_0009_0032_0032.jpg 1 40 9 32 32
0181_0052_0034_0029_0029.jpg 1 52 34 29 29
0182_0046_0055_0035_0035.jpg 1 46 55 35 35
0183_0033_0024_0029_0029.jpg 1 33 24 29 29
0184_0031_0057_0033_0033.jpg 1 31 57 33 33
0185_0031_0046_0024_0024.jpg 1 31 46 24 24
0186_0024_0020_0060_0060.jpg 1 24 20 60 60
0187_0055_0057_0033_0033.jpg 1 55 57 33 33
0188_0036_0030_0058_0058.jpg 1 36 30 58 58
0189_0026_0025_0069_0069.jpg 1 26 25 69 69
0190_0025_0025_0058_0058.jpg 1 25 25 58 58
0191_0012_0014_0046_0046.jpg 1 12 14 46 46
0192_0005_0025_0067_0067.jpg 1 5 25 67 67
0193_0013_0022_0065_0065.jpg 1 13 22 65 65
0194_0048_0014_0043_0043.jpg 1 48 14 43 43
0195_0029_0027_0058_0058.jpg 1 29 27 58 58
0196_0014_0037_0050_0050.jpg 1 14 37 50 50
0197_0011_0039_0042_0042.jpg 1 11 39 42 42
0198_0031_0032_0062_0062.jpg 1 31 32 62 62
0199_0014_0032_0038_0038.jpg 1 14 32 38 38
0200_0016_0016_0034_0034.jpg 1 16 16 34 34
0201_0019_0036_0035_0035.jpg 1 19 36 35 35
0202_0019_0030_0030_0030.jpg 1 19 30 30 30
0203_0038_0010_0038_0038.jpg 1 38 10 38 38
0204_0013_0009_0062_0062.jpg 1 13 9 62 62
0205_0027_0028_0065_0065.jpg 1 27 28 65 65
0206_0021_0022_0063_0063.jpg 1 21 22 63 63
0207_0044_0039_0044_0044.jpg 1 44 39 44 44
0208_0031_0057_0026_0026.jpg 1 31 57 26 26
0209_0006_0007_0069_0069.jpg 1 6 7 69 69
0210_0026_0010_0028_0028.jpg 1 26 10 28 28
0211_0013_0020_0046_0046.jpg 1 13 20 46 46
0212_0012_0033_0050_0050.jpg 1 12 33 50 50
0213_0032_0038_0025_0025.jpg 1 32 38 25 25
0214_0023_0029_0049_0049.jpg 1 23 29 49 49
0215_0012_0035_0046_0046.jpg 1 12 35 46 46
0216_0022_0042_0028_0028.jpg 1 22 42 28 28
0217_0024_0019_0042_0042.jpg 1 24 19 42 42
0218_0012_0015_0038_0038.jpg 1 12 15 38 38
0219_0024_0011_0035_0035.jpg 1 24 11 35 35
0220_0017_0041_0052_0052.jpg 1 17 41 52 52
0221_0009_0018_0066_0066.jpg 1 9 18 66 66
0222_0022_0012_0050_0050.jpg 1 22 12 50 50
0223_0022_0048_0037_0037.jpg 1 22 48 37 37
0224_0043_0046_0031_0031.jpg 1 43 46 31 31
0225_0027_0019_0067_0067.jpg 1 27 19 67 67
0226_0020_0012_0045_0045.jpg 1 20 12 45 45
0227_0057_0049_0035_0035.jpg 1 57 49 35 35
0228_0010_0032_0061_0061.jpg 1 10 32 61 61
0229_0012_0039_0055_0055.jpg 1 12 39 55 55
0230_0027_0007_0047_0047.jpg 1 27 7 47 47
0231_0020_0013_0039_0039.jpg 1 20 13 39 39
0232_0012_0013_0026_0026.jpg 1 12 13 26 26
0233_0010_0023_0046_0046.jpg 1 10 23 46 46
0234_0023_0029_0051_0051.jpg 1 23 29 51 51
0235_0024_0007_0069_0069.jpg 1 24 7 69 69
0236_0047_0024_0044_0044.jpg 1 47 24 44 44
0237_0027_0021_0032_0032.jpg 1 27 21 32 32
0238_0012_0027_0045_0045.jpg 1 12 27 45 45
0239_0048_0043_0027_0027.jpg 1 48 43 27 27
0240_0048_0038_0041_0041.jpg 1 48 38 41 41
0241_0011_0046_0045_0045.jpg 1 11 46 45 45
0242_0009_0013_0030_0030.jpg 1 9 13 30 30
0243_0059_0011_0033_0033.jpg 1 59 11 33 33
0244_0020_0022_0031_0031.jpg 1 20 22 31 31
0245_0035_0022_0060_0060.jpg 1 35 22 60 60
0246_0016_0041_0054_0054.jpg 1 16 41 54 54
0247_0036_0014_0049_0049.jpg 1 36 14 49 49
0248_0011_0033_0050_0050.jpg 1 11 33 50 50
0249_0024_0025_0050_0050.jpg 1 24 25 50 50
0250_0018_0025_0067_0067.jpg 1 18 25 67 67
0251_0033_0027_0036_0036.jpg 1 33 27 36 36
0252_0058_0044_0031_0031.jpg 1 58 44 31 31
0253_0036_0008_0051_0051.jpg 1 36 8 51 51
0254_0038_0060_0031_0031.jpg 1 38 60 31 31
0255_0048_0044_0027_0027.jpg 1 48 44 27 27
0256_0021_0018_0068_0068.jpg 1 21 18 68 68
0257_0009_0022_0065_0065.jpg 1 9 22 65 65
0258_0032_0036_0039_0039.jpg 1 32 36 39 39
0259_0028_0030_0040_0040.jpg 1 28 30 40 40
0260_0025_0022_0041_0041.jpg 1 25 22 41 41
0261_0035_0018_0029_0029.jpg 1 35 18 29 29
0262_0010_0013_0069_0069.jpg 1 10 13 69 69
0263_0028_0064_0024_0024.jpg 1 28 64 24 24
0264_0038_0040_0041_0041.jpg 1 38 40 41 41
0265_0011_0039_0049_0049.jpg 1 11 39 49 49
0266_0026_0027_0062_0062.jpg 1 26 27 62 62
0267_0063_0056_0027_0027.jpg 1 63 56 27 27
0268_0047_0029_0039_0039.jpg 1 47 29 39 39
0269_0027_0019_0027_0027.jpg 1 27 19 27 27
0270_0016_0006_0065_0065.jpg 1 16 6 65 65
0271_0056_0059_0031_0031.jpg 1 56 59 31 31
0272_0008_0017_0058_0058.jpg 1 8 17 58 58
0273_0032_0051_0028_0028.jpg 1 32 51 28 28
0274_0034_0008_0044_0044.jpg 1 34 8 44 44
0275_0046_0033_0026_0026.jpg 1 46 33 26 26
0276_0020_0032_0056_0056.jpg 1 20 32 56 56
0277_0031_0032_0036_0036.jpg 1 31 32 36 36
0278_0029_0017_0040_0040.jpg 1 29 17 40 40
0279_0035_0006_0056_0056.jpg 1 35 6 56 56
0280_0019_0012_0050_0050.jpg 1 19 12 50 50
0281_0021_0040_0042_0042.jpg 1 21 40 42 42
0282_0033_0007_0054_0054.jpg 1 33 7 54 54
0283_0014_0014_0057_0057.jpg 1 14 14 57 57
0284_0012_0014_0066_0066.jpg 1 12 14 66 66
0285_0007_0040_0049_0049.jpg 1 7 40 49 49
0286_0018_0003_0068_0068.jpg 1 18 3 68 68
0287_0041_0027_0047_0047.jpg 1 41 27 47 47
0288_0011_0005_0067_0067.jpg 1 11 5 67 67
0289_0015_0057_0029_0029.jpg 1 15 57 29 29
0290_0035_0031_0037_0037.jpg 1 35 31 37 37
0291_0045_0040_0043_0043.jpg 1 45 40 43 43
0292_0043_0018_0051_0051.jpg 1 43 18 51 51
0293_0014_0012_0069_0069.jpg 1 14 12 69 69
0294_0044_0012_0046_0046.jpg 1 44 12 46 46
0295_0026_0033_0059_0059.jpg 1 26 33 59 59
0296_0020_0041_0051_0051.jpg 1 20 41 51 51
0297_0030_0027_0043_0043.jpg 1 30 27 43 43
0298_0029_0020_0045_0045.jpg 1 29 20 45 45
0299_0043_0021_0040_0040.jpg 1 43 21 40 40
0300_0036_0026_0051_0051.jpg 1 36 26 51 51
0301_0024_0009_0069_0069.jpg 1 24 9 69 69
0302_0042_0031_0051_0051.jpg 1 42 31 51 51
0303_0045_0054_0037_0037.jpg 1 45 54 37 37
0304_0015_0048_0028_0028.jpg 1 15 48 28 28
0305_0017_0012_0047_0047.jpg 1 17 12 47 47
0306_0006_0015_0056_0056.jpg 1 6 15 56 56
0307_0009_0007_0069_0069.jpg 1 9 7 69 69
0308_0042_0031_0038_0038.jpg 1 42 31 38 38
0309_0025_0041_0041_0041.jpg 1 25 41 41 41
0310_0024_0025_0068_0068.jpg 1 24 25 68 68
0311_0010_0030_0037_0037.jpg 1 10 30 37 37
0312_0032_0018_0034_0034.jpg 1 32 18 34 34
0313_0024_0051_0025_0025.jpg 1 24 51 25 25
0314_0024_0021_0067_0067.jpg 1 24 21 67 67
0315_0018_0007_0057_0057.jpg 1 18 7 57 57
0316_0015_0006_0069_0069.jpg 1 15 6 69 69
0317_0041_0034_0042_0042.jpg 1 41 34 42 42
0318_0049_0044_0032_0032.jpg 1 49 44 32 32
0319_0032_0051_0034_0034.jpg 1 32 51 34 34
0320_0020_0007_0055_0055.jpg 1 20 7 55 55
0321_0004_0023_0061_0061.jpg 1 4 23 61 61
0322_0015_0053_0040_0040.jpg 1 15 53 40 40
0323_0058_0034_0027_0027.jpg 1 58 34 27 27
0324_0021_0023_0067_0067.jpg 1 21 23 67 67
0325_0026_0009_0060_0060.jpg 1 26 9 60 60
0326_0041_0012_0029_0029.jpg 1 41 12 29 29
0327_0026_0040_0049_0049.jpg 1 26 40 49 49
0328_0009_0027_0069_0069.jpg 1 9 27 69 69
0329_0015_0031_0034_0034.jpg 1 15 31 34 34
0330_0008_0057_0032_0032.jpg 1 8 57 32 32
0331_0005_0024_0069_0069.jpg 1 5 24 69 69
0332_0017_0011_0050_0050.jpg 1 17 11 50 50
0333_0035_0024_0055_0055.jpg 1 35 24 55 55
0334_0011_0024_0053_0053.jpg 1 11 24 53 53
0335_0032_0022_0061_0061.jpg 1 32 22 61 61
0336_0028_0017_0045_0045.jpg 1 28 17 45 45
0337_0009_0017_0041_0041.jpg 1 9 17 41 41
0338_0004_0036_0058_0058.jpg 1 4 36 58 58
0339_0015_0025_0062_0062.jpg 1 15 25 62 62
0340_0026_0018_0068_0068.jpg 1 26 18 68 68
0341_0036_0033_0052_0052.jpg 1 36 33 52 52
0342_0025_0028_0055_0055.jpg 1 25 28 55 55
0343_0026_0008_0068_0068.jpg 1 26 8 68 68
0344_0051_0044_0038_0038.jpg 1 51 44 38 38
0345_0016_0027_0052_0052.jpg 1 16 27 52 52
0346_0031_0018_0041_0041.jpg 1 31 18 41 41
0347_0020_0036_0044_0044.jpg 1 20 36 44 44
0348_0006_0014_0055_0055.jpg 1 6 14 55 55
0349_0017_0025_0056_0056.jpg 1 17 25 56 56
0350_0025_0018_0040_0040.jpg 1 25 18 40 40
0351_0017_0018_0040_0040.jpg 1 17 18 40 40
0352_0016_0013_0031_0031.jpg 1 16 13 31 31
0353_0007_0025_0061_0061.jpg 1 7 25 61 61
0354_0043_0042_0041_0041.jpg 1 43 42 41 41
0355_0034_0006_0057_0057.jpg 1 34 6 57 57
0356_0018_0007_0031_0031.jpg 1 18 7 31 31
0357_0030_0020_0065_0065.jpg 1 30 20 65 65
0358_0004_0028_0054_0054.jpg 1 4 28 54 54
0359_0031_0012_0060_0060.jpg 1 31 12 60 60
0360_0052_0022_0030_0030.jpg 1 52 22 30 30
0361_0049_0019_0042_0042.jpg 1 49 19 42 42
0362_0022_0016_0048_0048.jpg 1 22 16 48 48
0363_0014_0012_0066_0066.jpg 1 14 12 66 66
0364_0010_0062_0028_0028.jpg 1 10 62 28 28
0365_0014_0009_0067_0067.jpg 1 14 9 67 67
0366_0057_0023_0031_0031.jpg 1 57 23 31 31
0367_0031_0037_0051_0051.jpg 1 31 37 51 51
0368_0059_0050_0026_0026.jpg 1 59 50 26 26
0369_0024_0023_0069_0069.jpg 1 24 23 69 69
0370_0059_0046_0031_0031.jpg 1 59 46 31 31
0371_0005_0019_0067_0067.jpg 1 5 19 67 67
0372_0006_0018_0035_0035.jpg 1 6 18 35 35
0373_0013_0020_0058_0058.jpg 1 13 20 58 58
0374_0020_0032_0063_0063.jpg 1 20 32 63 63
0375_0051_0038_0043_0043.jpg 1 51 38 43 43
0376_0025_0027_0050_0050.jpg 1 25 27 50 50
0377_0032_0012_0056_0056.jpg 1 32 12 56 56
0378_0006_0013_0068_0068.jpg 1 6 13 68 68
0379_0036_0049_0038_0038.jpg 1 36 49 38 38
0380_0029_0058_0024_0024.jpg 1 29 58 24 24
0381_0046_0062_0030_0030.jpg 1 46 62 30 30
0382_0038_0041_0044_0044.jpg 1 38 41 44 44
0383_0052_0017_0037_0037.jpg 1 52 17 37 37
0384_0018_0020_0067_0067.jpg 1 18 20 67 67
0385_0014_0027_0054_0054.jpg 1 14 27 54 54
0386_0023_0027_0030_0030.jpg 1 23 27 30 30
0387_0005_0017_0068_0068.jpg 1 5 17 68 68
0388_0028_0012_0052_0052.jpg 1 28 12 52 52
0389_0017_0025_0033_0033.jpg 1 17 25 33 33
0390_0021_0013_0059_0059.jpg 1 21 13 59 59
0391_0057_0030_0033_0033.jpg 1 57 30 33 33
0392_0007_0005_0048_0048.jpg 1 7 5 48 48
0393_0016_0041_0030_0030.jpg 1 16 41 30 30
0394_0014_0050_0043_0043.jpg 1 14 50 43 43
0395_0008_0008_0041_0041.jpg 1 8 8 41 41
0396_0044_0043_0047_0047.jpg 1 44 43 47 47
0397_0052_0006_0039_0039.jpg 1 52 6 39 39
0398_0040_0011_0024_0024.jpg 1 40 11 24 24
0399_0015_0042_0051_0051.jpg 1 15 42 51 51
0400_0028_0028_0051_0051.jpg 1 28 28 51 51
0401_0029_0029_0036_0036.jpg 1 29 29 36 36
0402_0015_0012_0026_0026.jpg 1 15 12 26 26
0403_0029_0026_0066_0066.jpg 1 29 26 66 66
0404_0024_0042_0040_0040.jpg 1 24 42 40 40
0405_0022_0019_0063_0063.jpg 1 22 19 63 63
0406_0025_0046_0039_0039.jpg 1 25 46 39 39
0407_0010_0008_0046_0046.jpg 1 10 8 46 46
0408_0017_0058_0025_0025.jpg 1 17 58 25 25
0409_0012_0011_0040_0040.jpg 1 12 11 40 40
0410_0025_0032_0062_0062.jpg 1 25 32 62 62
0411_0050_0032_0032_0032.jpg 1 50 32 32 32
0412_0021_0020_0061_0061.jpg 1 21 20 61 61
0413_0015_0028_0047_0047.jpg 1 15 28 47 47
0414_0004_0032_0058_0058.jpg 1 4 32 58 58
0415_0049_0018_0041_0041.jpg 1 49 18 41 41
0416_0041_0033_0048_0048.jpg 1 41 33 48 48
0417_0040_0031_0046_0046.jpg 1 40 31 46 46
0418_0010_0003_0069_0069.jpg 1 10 3 69 69
0419_0013_0018_0052_0052.jpg 1 13 18 52 52
0420_0007_0041_0028_0028.jpg 1 7 41 28 28
0421_0022_0012_0032_0032.jpg 1 22 12 32 32
0422_0020_0027_0058_0058.jpg 1 20 27 58 58
0423_0016_0054_0039_0039.jpg 1 16 54 39 39
0424_0015_0009_0065_0065.jpg 1 15 9 65 65
0425_0059_0049_0033_0033.jpg 1 59 49 33 33
0426_0019_0022_0039_0039.jpg 1 19 22 39 39
0427_0022_0012_0068_0068.jpg 1 22 12 68 68
0428_0029_0019_0044_0044.jpg 1 29 19 44 44
0429_0008_0015_0065_0065.jpg 1 8 15 65 65
0430_0033_0033_0048_0048.jpg 1 33 33 48 48
0431_0050_0020_0032_0032.jpg 1 50 20 32 32
0432_0020_0041_0038_0038.jpg 1 20 41 38 38
0433_0007_0021_0064_0064.jpg 1 7 21 64 64
0434_0021_0009_0025_0025.jpg 1 21 9 25 25
0435_0009_0043_0036_0036.jpg 1 9 43 36 36
0436_0053_0025_0037_0037.jpg 1 53 25 37 37
0437_0031_0041_0040_0040.jpg 1 31 41 40 40
0438_0053_0024_0032_0032.jpg 1 53 24 32 32
0439_0056_0026_0030_0030.jpg 1 56 26 30 30
0440_0009_0023_0053_0053.jpg 1 9 23 53 53
0441_0011_0013_0062_0062.jpg 1 11 13 62 62
0442_0008_0026_0054_0054.jpg 1 8 26 54 54
0443_0009_0033_0046_0046.jpg 1 9 33 46 46
0444_0011_0030_0062_0062.jpg 1 11 30 62 62
0445_0020_0049_0025_0025.jpg 1 20 49 25 25
0446_0009_0020_0063_0063.jpg 1 9 20 63 63
0447_0016_0044_0024_0024.jpg 1 16 44 24 24
0448_0008_0027_0040_0040.jpg 1 8 27 40 40
0449_0018_0022_0037_0037.jpg 1 18 22 37 37
0450_0016_0041_0037_0037.jpg 1 16 41 37 37
0451_0063_0052_0028_0028.jpg 1 63 52 28 28
0452_0015_0028_0064_0064.jpg 1 15 28 64 64
0453_0007_0008_0069_0069.jpg 1 7 8 69 69
0454_0027_0018_0025_0025.jpg 1 27 18 25 25
0455_0024_0040_0042_0042.jpg 1 24 40 42 42
0456_0004_0005_0060_0060.jpg 1 4 5 60 60
0457_0030_0029_0050_0050.jpg 1 30 29 50 50
0458_0051_0047_0042_0042.jpg 1 51 47 42 42
0459_0026_0010_0037_0037.jpg 1 26 10 37 37
0460_0061_0012_0028_0028.jpg 1 61 12 28 28
0461_0058_0021_0024_0024.jpg 1 58 21 24 24
0462_0038_0040_0048_0048.jpg 1 38 40 48 48
0463_0015_0035_0055_0055.jpg 1 15 35 55 55
0464_0016_0008_0062_0062.jpg 1 16 8 62 62
0465_0010_0020_0053_0053.jpg 1 10 20 53 53
0466_0019_0019_0042_0042.jpg 1 19 19 42 42
0467_0037_0045_0033_0033.jpg 1 37 45 33 33
0468_0030_0026_0059_0059.jpg 1 30 26 59 59
0469_0040_0017_0034_0034.jpg 1 40 17 34 34
0470_0033_0023_0027_0027.jpg 1 33 23 27 27
0471_0019_0050_0044_0044.jpg 1 19 50 44 44
0472_0032_0060_0026_0026.jpg 1 32 60 26 26
0473_0023_0024_0063_0063.jpg 1 23 24 63 63
0474_0028_0006_0058_0058.jpg 1 28 6 58 58
0475_0024_0019_0028_0028.jpg 1 24 19 28 28
0476_0029_0029_0050_0050.jpg 1 29 29 50 50
0477_0050_0026_0032_0032.jpg 1 50 26 32 32
0478_0038_0045_0042_0042.jpg 1 38 45 42 42
0479_0018_0005_0049_0049.jpg 1 18 5 49 49
0480_0027_0024_0038_0038.jpg 1 27 24 38 38
0481_0021_0021_0038_0038.jpg 1 21 21 38 38
0482_0034_0022_0055_0055.jpg 1 34 22 55 55
0483_0004_0011_0052_0052.jpg 1 4 11 52 52
0484_0027_0010_0061_0061.jpg 1 27 10 61 61
0485_0033_0029_0060_0060.jpg 1 33 29 60 60
0486_0043_0034_0050_0050.jpg 1 43 34 50 50
0487_0021_0038_0034_0034.jpg 1 21 38 34 34
0488_0005_0035_0058_0058.jpg 1 5 35 58 58
0489_0013_0040_0038_0038.jpg 1 13 40 38 38
0490_0047_0014_0032_0032.jpg 1 47 14 32 32
0491_0016_0011_0043_0043.jpg 1 16 11 43 43
0492_0022_0035_0027_0027.jpg 1 22 35 27 27
0493_0048_0056_0033_0033.jpg 1 48 56 33 33
0494_0059_0056_0032_0032.jpg 1 59 56 32 32
0495_0012_0022_0066_0066.jpg 1 12 22 66 66
0496_0053_0018_0033_0033.jpg 1 53 18 33 33
0497_0043_0026_0045_0045.jpg 1 43 26 45 45
0498_0054_0020_0024_0024.jpg 1 54 20 24 24
0499_0016_0038_0056_0056.jpg 1 16 38 56 56
0500_0052_0042_0032_0032.jpg 1 52 42 32 32
0501_0041_0011_0050_0050.jpg 1 41 11 50 50
0502_0050_0041_0027_0027.jpg 1 50 41 27 27
0503_0046_0019_0035_0035.jpg 1 46 19 35 35
0504_0003_0012_0065_0065.jpg 1 3 12 65 65
0505_0038_0011_0038_0038.jpg 1 38 11 38 38
0506_0009_0016_0058_0058.jpg 1 9 16 58 58
0507_0023_0008_0041_0041.jpg 1 23 8 41 41
0508_0044_0044_0035_0035.jpg 1 44 44 35 35
0509_0031_0029_0048_0048.jpg 1 31 29 48 48
0510_0028_0021_0066_0066.jpg 1 28 21 66 66
0511_0054_0032_0028_0028.jpg 1 54 32 28 28
0512_0005_0021_0068_0068.jpg 1 5 21 68 68
0513_0031_0010_0064_0064.jpg 1 31 10 64 64
0514_0054_0016_0037_0037.jpg 1 54 16 37 37
0515_0023_0012_0061_0061.jpg 1 23 12 61 61
0516_0029_0014_0044_0044.jpg 1 29 14 44 44
0517_0031_0024_0064_0064.jpg 1 31 24 64 64
0518_0047_0050_0034_0034.jpg 1 47 50 34 34
0519_0035_0025_0060_0060.jpg 1 35 25 60 60
0520_0034_0027_0053_0053.jpg 1 34 27 53 53
0521_0031_0016_0026_0026.jpg 1 31 16 26 26
0522_0033_0019_0053_0053.jpg 1 33 19 53 53
0523_0051_0035_0025_0025.jpg 1 51 35 25 25
0524_0046_0021_0030_0030.jpg 1 46 21 30 30
0525_0006_0013_0066_0066.jpg 1 6 13 66 66
0526_0057_0030_0032_0032.jpg 1 57 30 32 32
0527_0035_0022_0052_0052.jpg 1 35 22 52 52
0528_0011_0030_0054_0054.jpg 1 11 30 54 54
0529_0019_0028_0061_0061.jpg 1 19 28 61 61
0530_0048_0015_0028_0028.jpg 1 48 15 28 28
0531_0063_0055_0027_0027.jpg 1 63 55 27 27
0532_0041_0026_0034_0034.jpg 1 41 26 34 34
0533_0039_0019_0040_0040.jpg 1 39 19 40 40
0534_0019_0024_0025_0025.jpg 1 19 24 25 25
0535_0033_0042_0024_0024.jpg 1 33 42 24 24
0536_0056_0031_0033_0033.jpg 1 56 31 33 33
0537_0043_0029_0030_0030.jpg 1 43 29 30 30
0538_0041_0034_0029_0029.jpg 1 41 34 29 29
0539_0034_0008_0047_0047.jpg 1 34 8 47 47
0540_0041_0035_0040_0040.jpg 1 41 35 40 40
0541_0029_0049_0043_0043.jpg 1 29 49 43 43
0542_0011_0055_0034_0034.jpg 1 11 55 34 34
0543_0021_0007_0047_0047.jpg 1 21 7 47 47
0544_0006_0011_0067_0067.jpg 1 6 11 67 67
0545_0015_0027_0057_0057.jpg 1 15 27 57 57
0546_0014_0012_0061_0061.jpg 1 14 12 61 61
0547_0061_0051_0026_0026.jpg 1 61 51 26 26
0548_0036_0033_0050_0050.jpg 1 36 33 50 50
0549_0040_0036_0052_0052.jpg 1 40 36 52 52
0550_0047_0014_0036_0036.jpg 1 47 14 36 36
0551_0030_0014_0029_0029.jpg 1 30 14 29 29
0552_0022_0023_0066_0066.jpg 1 22 23 66 66
0553_0009_0032_0033_0033.jpg 1 9 32 33 33
0554_0011_0038_0049_0049.jpg 1 11 38 49 49
0555_0053_0041_0034_0034.jpg 1 53 41 34 34
0556_0036_0028_0052_0052.jpg 1 36 28 52 52
0557_0006_0018_0042_0042.jpg 1 6 18 42 42
0558_0022_0030_0028_0028.jpg 1 22 30 28 28
0559_0054_0011_0034_0034.jpg 1 54 11 34 34
0560_0049_0031_0029_0029.jpg 1 49 31 29 29
0561_0019_0043_0040_0040.jpg 1 19 43 40 40
0562_0041_0040_0046_0046.jpg 1 41 40 46 46
0563_0022_0013_0034_0034.jpg 1 22 13 34 34
0564_0011_0058_0031_0031.jpg 1 11 58 31 31
0565_0030_0043_0029_0029.jpg 1 30 43 29 29
0566_0024_0015_0048_0048.jpg 1 24 15 48 48
0567_0024_0009_0053_0053.jpg 1 24 9 53 53
0568_0038_0035_0048_0048.jpg 1 38 35 48 48
0569_0026_0031_0030_0030.jpg 1 26 31 30 30
0570_0025_0064_0024_0024.jpg 1 25 64 24 24
0571_0027_0008_0056_0056.jpg 1 27 8 56 56
0572_0012_0021_0067_0067.jpg 1 12 21 67 67
0573_0049_0055_0028_0028.jpg 1 49 55 28 28
0574_0019_0021_0062_0062.jpg 1 19 21 62 62
0575_0023_0020_0051_0051.jpg 1 23 20 51 51
0576_0018_0017_0057_0057.jpg 1 18 17 57 57
0577_0017_0018_0059_0059.jpg 1 17 18 59 59
0578_0026_0057_0030_0030.jpg 1 26 57 30 30
0579_0033_0026_0047_0047.jpg 1 33 26 47 47
0580_0026_0010_0065_0065.jpg 1 26 10 65 65
0581_0016_0034_0059_0059.jpg 1 16 34 59 59
0582_0039_0062_0030_0030.jpg 1 39 62 30 30
0583_0009_0030_0056_0056.jpg 1 9 30 56 56
0584_0050_0062_0025_0025.jpg 1 50 62 25 25
0585_0015_0011_0050_0050.jpg 1 15 11 50 50
0586_0022_0023_0068_0068.jpg 1 22 23 68 68
0587_0038_0032_0050_0050.jpg 1 38 32 50 50
0588_0037_0029_0055_0055.jpg 1 37 29 55 55
0589_0022_0022_0055_0055.jpg 1 22 22 55 55
0590_0026_0037_0042_0042.jpg 1 26 37 42 42
0591_0033_0012_0058_0058.jpg 1 33 12 58 58
0592_0015_0054_0037_0037.jpg 1 15 54 37 37
0593_0012_0014_0063_0063.jpg 1 12 14 63 63
0594_0007_0018_0054_0054.jpg 1 7 18 54 54
0595_0025_0012_0069_0069.jpg 1 25 12 69 69
0596_0028_0022_0024_0024.jpg 1 28 22 24 24
0597_0013_0045_0027_0027.jpg 1 13 45 27 27
0598_0016_0032_0037_0037.jpg 1 16 32 37 37
0599_0043_0009_0036_0036.jpg 1 43 9 36 36
0600_0003_0019_0069_0069.jpg 1 3 19 69 69
0601_0025_0033_0058_0058.jpg 1 25 33 58 58
0602_0016_0011_0060_0060.jpg 1 16 11 60 60
0603_0043_0020_0025_0025.jpg 1 43 20 25 25
0604_0003_0029_0067_0067.jpg 1 3 29 67 67
0605_0026_0032_0056_0056.jpg 1 26 32 56 56
0606_0007_0025_0037_0037.jpg 1 7 25 37 37
0607_0044_0014_0030_0030.jpg 1 44 14 30 30
0608_0018_0009_0062_0062.jpg 1 18 9 62 62
0609_0028_0007_0054_0054.jpg 1 28 7 54 54
0610_0025_0006_0046_0046.jpg 1 25 6 46 46
0611_0013_0019_0056_0056.jpg 1 13 19 56 56
0612_0038_0034_0056_0056.jpg 1 38 34 56 56
0613_0033_0011_0031_0031.jpg 1 33 11 31 31
0614_0044_0020_0026_0026.jpg 1 44 20 26 26
0615_0026_0023_0062_0062.jpg 1 26 23 62 62
0616_0044_0007_0044_0044.jpg 1 44 7 44 44
0617_0021_0023_0038_0038.jpg 1 21 23 38 38
0618_0006_0047_0044_0044.jpg 1 6 47 44 44
0619_0014_0026_0051_0051.jpg 1 14 26 51 51
0620_0009_0026_0069_0069.jpg 1 9 26 69 69
0621_0035_0015_0057_0057.jpg 1 35 15 57 57
0622_0019_0048_0026_0026.jpg 1 19 48 26 26
0623_0010_0036_0028_0028.jpg 1 10 36 28 28
0624_0018_0031_0055_0055.jpg 1 18 31 55 55
0625_0031_0008_0058_0058.jpg 1 31 8 58 58
0626_0016_0004_0069_0069.jpg 1 16 4 69 69
0627_0007_0043_0051_0051.jpg 1 7 43 51 51
0628_0021_0010_0057_0057.jpg 1 21 10 57 57
0629_0014_0010_0032_0032.jpg 1 14 10 32 32
0630_0041_0039_0036_0036.jpg 1 41 39 36 36
0631_0032_0020_0060_0060.jpg 1 32 20 60 60
0632_0013_0033_0059_0059.jpg 1 13 33 59 59
0633_0014_0012_0049_0049.jpg 1 14 12 49 49
0634_0055_0007_0034_0034.jpg 1 55 7 34 34
0635_0004_0028_0061_0061.jpg 1 4 28 61 61
0636_0032_0008_0063_0063.jpg 1 32 8 63 63
0637_0032_0024_0052_0052.jpg 1 32 24 52 52
0638_0031_0014_0028_0028.jpg 1 31 14 28 28
0639_0039_0010_0031_0031.jpg 1 39 10 31 31
0640_0014_0020_0057_0057.jpg 1 14 20 57 57
0641_0035_0058_0030_0030.jpg 1 35 58 30 30
0642_0013_0025_0061_0061.jpg 1 13 25 61 61
0643_0019_0013_0037_0037.jpg 1 19 13 37 37
0644_0026_0018_0050_0050.jpg 1 26 18 50 50
0645_0011_0028_0057_0057.jpg 1 11 28 57 57
0646_0015_0029_0064_0064.jpg 1 15 29 64 64
0647_0018_0034_0056_0056.jpg 1 18 34 56 56
0648_0021_0014_0067_0067.jpg 1 21 14 67 67
0649_0046_0022_0044_0044.jpg 1 46 22 44 44
0650_0022_0035_0047_0047.jpg 1 22 35 47 47
0651_0024_0020_0049_0049.jpg 1 24 20 49 49
0652_0014_0017_0068_0068.jpg 1 14 17 68 68
0653_0028_0039_0027_0027.jpg 1 28 39 27 27
0654_0032_0025_0061_0061.jpg 1 32 25 61 61
0655_0033_0027_0063_0063.jpg 1 33 27 63 63
0656_0017_0051_0035_0035.jpg 1 17 51 35 35
0657_0054_0039_0039_0039.jpg 1 54 39 39 39
0658_0032_0044_0048_0048.jpg 1 32 44 48 48
0659_0028_0035_0041_0041.jpg 1 28 35 41 41
0660_0045_0060_0030_0030.jpg 1 45 60 30 30
0661_0049_0036_0037_0037.jpg 1 49 36 37 37
0662_0029_0052_0032_0032.jpg 1 29 52 32 32
0663_0017_0027_0045_0045.jpg 1 17 27 45 45
0664_0030_0013_0052_0052.jpg 1 30 13 52 52
0665_0022_0028_0067_0067.jpg 1 22 28 67 67
0666_0013_0024_0062_0062.jpg 1 13 24 62 62
0667_0062_0013_0030_0030.jpg 1 62 13 30 30
0668_0032_0045_0048_0048.jpg 1 32 45 48 48
0669_0022_0019_0069_0069.jpg 1 22 19 69 69
0670_0025_0029_0043_0043.jpg 1 25 29 43 43
0671_0030_0012_0046_0046.jpg 1 30 12 46 46
0672_0019_0048_0029_0029.jpg 1 19 48 29 29
0673_0049_0034_0045_0045.jpg 1 49 34 45 45
0674_0043_0032_0045_0045.jpg 1 43 32 45 45
0675_0013_0013_0036_0036.jpg 1 13 13 36 36
0676_0018_0017_0052_0052.jpg 1 18 17 52 52
0677_0034_0019_0053_0053.jpg 1 34 19 53 53
0678_0006_0018_0051_0051.jpg 1 6 18 51 51
0679_0034_0034_0048_0048.jpg 1 34 34 48 48
0680_0061_0052_0029_0029.jpg 1 61 52 29 29
0681_0058_0064_0025_0025.jpg 1 58 64 25 25
0682_0025_0043_0047_0047.jpg 1 25 43 47 47
0683_0014_0047_0025_0025.jpg 1 14 47 25 25
0684_0005_0012_0067_0067.jpg 1 5 12 67 67
0685_0037_0018_0047_0047.jpg 1 37 18 47 47
0686_0028_0039_0034_0034.jpg 1 28 39 34 34
0687_0050_0031_0028_0028.jpg 1 50 31 28 28
0688_0029_0031_0027_0027.jpg 1 29 31 27 27
0689_0054_0028_0037_0037.jpg 1 54 28 37 37
0690_0014_0032_0042_0042.jpg 1 14 32 42 42
0691_0060_0052_0030_0030.jpg 1 60 52 30 30
0692_0012_0031_0036_0036.jpg 1 12 31 36 36
0693_0031_0027_0040_0040.jpg 1 31 27 40 40
0694_0040_0017_0045_0045.jpg 1 40 17 45 45
0695_0013_0008_0067_0067.jpg 1 13 8 67 67
0696_0048_0049_0030_0030.jpg 1 48 49 30 30
0697_0021_0030_0045_0045.jpg 1 21 30 45 45
0698_0012_0033_0040_0040.jpg 1 12 33 40 40
0699_0031_0032_0038_0038.jpg 1 31 32 38 38
0700_0051_0015_0037_0037.jpg 1 51 15 37 37
0701_0031_0018_0063_0063.jpg 1 31 18 63 63
0702_0019_0022_0060_0060.jpg 1 19 22 60 60
0703_0026_0031_0056_0056.jpg 1 26 31 56 56
0704_0017_0024_0066_0066.jpg 1 17 24 66 66
0705_0022_0063_0024_0024.jpg 1 22 63 24 24
0706_0061_0024_0026_0026.jpg 1 61 24 26 26
0707_0004_0028_0063_0063.jpg 1 4 28 63 63
0708_0061_0053_0030_0030.jpg 1 61 53 30 30
0709_0040_0048_0037_0037.jpg 1 40 48 37 37
0710_0017_0045_0042_0042.jpg 1 17 45 42 42
0711_0008_0016_0055_0055.jpg 1 8 16 55 55
0712_0030_0004_0064_0064.jpg 1 30 4 64 64
0713_0062_0039_0028_0028.jpg 1 62 39 28 28
0714_0059_0043_0029_0029.jpg 1 59 43 29 29
0715_0008_0062_0027_0027.jpg 1 8 62 27 27
0716_0045_0045_0031_0031.jpg 1 45 45 31 31
0717_0007_0062_0027_0027.jpg 1 7 62 27 27
0718_0011_0011_0063_0063.jpg 1 11 11 63 63
0719_0012_0019_0033_0033.jpg 1 12 19 33 33
0720_0038_0034_0050_0050.jpg 1 38 34 50 50
0721_0011_0028_0060_0060.jpg 1 11 28 60 60
0722_0025_0024_0068_0068.jpg 1 25 24 68 68
0723_0040_0033_0032_0032.jpg 1 40 33 32 32
0724_0036_0060_0024_0024.jpg 1 36 60 24 24
0725_0033_0050_0042_0042.jpg 1 33 50 42 42
0726_0010_0050_0026_0026.jpg 1 10 50 26 26
0727_0032_0040_0048_0048.jpg 1 32 40 48 48
0728_0028_0015_0027_0027.jpg 1 28 15 27 27
0729_0038_0027_0047_0047.jpg 1 38 27 47 47
0730_0025_0020_0064_0064.jpg 1 25 20 64 64
0731_0037_0032_0057_0057.jpg 1 37 32 57 57
0732_0035_0012_0052_0052.jpg 1 35 12 52 52
0733_0011_0048_0032_0032.jpg 1 11 48 32 32
0734_0036_0045_0043_0043.jpg 1 36 45 43 43
0735_0026_0025_0045_0045.jpg 1 26 25 45 45
0736_0029_0052_0035_0035.jpg 1 29 52 35 35
0737_0015_0029_0052_0052.jpg 1 15 29 52 52
0738_0033_0018_0038_0038.jpg 1 33 18 38 38
0739_0008_0007_0061_0061.jpg 1 8 7 61 61
0740_0011_0039_0051_0051.jpg 1 11 39 51 51
0741_0044_0045_0047_0047.jpg 1 44 45 47 47
0742_0009_0029_0059_0059.jpg 1 9 29 59 59
0743_0004_0003_0069_0069.jpg 1 4 3 69 69
0744_0011_0058_0034_0034.jpg 1 11 58 34 34
0745_0036_0045_0029_0029.jpg 1 36 45 29 29
0746_0008_0023_0057_0057.jpg 1 8 23 57 57
0747_0038_0047_0046_0046.jpg 1 38 47 46 46
0748_0037_0028_0052_0052.jpg 1 37 28 52 52
0749_0033_0024_0028_0028.jpg 1 33 24 28 28
0750_0046_0045_0042_0042.jpg 1 46 45 42 42
0751_0041_0035_0036_0036.jpg 1 41 35 36 36
0752_0041_0019_0047_0047.jpg 1 41 19 47 47
0753_0018_0018_0067_0067.jpg 1 18 18 67 67
0754_0026_0026_0046_0046.jpg 1 26 26 46 46
0755_0047_0009_0030_0030.jpg 1 47 9 30 30
0756_0025_0027_0065_0065.jpg 1 25 27 65 65
0757_0013_0054_0032_0032.jpg 1 13 54 32 32
0758_0026_0020_0040_0040.jpg 1 26 20 40 40
0759_0057_0031_0034_0034.jpg 1 57 31 34 34
0760_0010_0016_0035_0035.jpg 1 10 16 35 35
0761_0034_0043_0049_0049.jpg 1 34 43 49 49
0762_0018_0005_0067_0067.jpg 1 18 5 67 67
0763_0036_0035_0035_0035.jpg 1 36 35 35 35
0764_0024_0029_0025_0025.jpg 1 24 29 25 25
0765_0028_0019_0057_0057.jpg 1 28 19 57 57
0766_0013_0024_0048_0048.jpg 1 13 24 48 48
0767_0018_0030_0058_0058.jpg 1 18 30 58 58
0768_0020_0034_0048_0048.jpg 1 20 34 48 48
0769_0055_0053_0024_0024.jpg 1 55 53 24 24
0770_0016_0030_0041_0041.jpg 1 16 30 41 41
0771_0028_0019_0045_0045.jpg 1 28 19 45 45
0772_0026_0009_0039_0039.jpg 1 26 9 39 39
0773_0020_0004_0055_0055.jpg 1 20 4 55 55
0774_0023_0008_0059_0059.jpg 1 23 8 59 59
0775_0006_0023_0040_0040.jpg 1 6 23 40 40
0776_0027_0009_0065_0065.jpg 1 27 9 65 65
0777_0039_0008_0027_0027.jpg 1 39 8 27 27
0778_0014_0032_0055_0055.jpg 1 14 32 55 55
0779_0021_0007_0053_0053.jpg 1 21 7 53 53
0780_0043_0023_0043_0043.jpg 1 43 23 43 43
0781_0037_0061_0026_0026.jpg 1 37 61 26 26
0782_0014_0031_0064_0064.jpg 1 14 31 64 64
0783_0024_0014_0065_0065.jpg 1 24 14 65 65
0784_0042_0045_0024_0024.jpg 1 42 45 24 24
0785_0011_0055_0035_0035.jpg 1 11 55 35 35
0786_0051_0048_0025_0025.jpg 1 51 48 25 25
0787_0018_0033_0056_0056.jpg 1 18 33 56 56
0788_0057_0016_0029_0029.jpg 1 57 16 29 29
0789_0039_0027_0052_0052.jpg 1 39 27 52 52
0790_0041_0026_0054_0054.jpg 1 41 26 54 54
0791_0037_0048_0037_0037.jpg 1 37 48 37 37
0792_0011_0027_0063_0063.jpg 1 11 27 63 63
0793_0009_0013_0066_0066.jpg 1 9 13 66 66
0794_0024_0026_0031_0031.jpg 1 24 26 31 31
0795_0006_0040_0051_0051.jpg 1 6 40 51 51
0796_0034_0017_0045_0045.jpg 1 34 17 45 45
0797_0038_0009_0039_0039.jpg 1 38 9 39 39
0798_0008_0013_0030_0030.jpg 1 8 13 30 30
0799_0028_0026_0052_0052.jpg 1 28 26 52 52
0800_0055_0007_0035_0035.jpg 1 55 7 35 35
0801_0051_0050_0038_0038.jpg 1 51 50 38 38
0802_0029_0030_0065_0065.jpg 1 29 30 65 65
0803_0015_0047_0028_0028.jpg 1 15 47 28 28
0804_0015_0024_0066_0066.jpg 1 15 24 66 66
0805_0024_0040_0042_0042.jpg 1 24 40 42 42
0806_0026_0011_0066_0066.jpg 1 26 11 66 66
0807_0038_0039_0048_0048.jpg 1 38 39 48 48
0808_0050_0016_0036_0036.jpg 1 50 16 36 36
0809_0019_0018_0049_0049.jpg 1 19 18 49 49
0810_0033_0018_0060_0060.jpg 1 33 18 60 60
0811_0008_0016_0025_0025.jpg 1 8 16 25 25
0812_0031_0032_0035_0035.jpg 1 31 32 35 35
0813_0017_0058_0032_0032.jpg 1 17 58 32 32
0814_0038_0029_0025_0025.jpg 1 38 29 25 25
0815_0014_0004_0066_0066.jpg 1 14 4 66 66
0816_0004_0008_0066_0066.jpg 1 4 8 66 66
0817_0017_0016_0067_0067.jpg 1 17 16 67 67
0818_0013_0017_0068_0068.jpg 1 13 17 68 68
0819_0010_0010_0062_0062.jpg 1 10 10 62 62
0820_0007_0014_0061_0061.jpg 1 7 14 61 61
0821_0018_0029_0066_0066.jpg 1 18 29 66 66
0822_0023_0041_0027_0027.jpg 1 23 41 27 27
0823_0011_0035_0047_0047.jpg 1 11 35 47 47
0824_0015_0032_0027_0027.jpg 1 15 32 27 27
0825_0034_0010_0032_0032.jpg 1 34 10 32 32
0826_0031_0050_0025_0025.jpg 1 31 50 25 25
0827_0018_0045_0045_0045.jpg 1 18 45 45 45
0828_0015_0027_0059_0059.jpg 1 15 27 59 59
0829_0006_0014_0053_0053.jpg 1 6 14 53 53
0830_0014_0017_0048_0048.jpg 1 14 17 48 48
0831_0046_0027_0044_0044.jpg 1 46 27 44 44
0832_0048_0009_0034_0034.jpg 1 48 9 34 34
0833_0016_0013_0065_0065.jpg 1 16 13 65 65
0834_0008_0019_0045_0045.jpg 1 8 19 45 45
0835_0017_0024_0063_0063.jpg 1 17 24 63 63
0836_0009_0007_0025_0025.jpg 1 9 7 25 25
0837_0028_0044_0044_0044.jpg 1 28 44 44 44
0838_0048_0032_0045_0045.jpg 1 48 32 45 45
0839_0038_0032_0049_0049.jpg 1 38 32 49 49
0840_0015_0048_0027_0027.jpg 1 15 48 27 27
0841_0015_0034_0061_0061.jpg 1 15 34 61 61
0842_0027_0019_0024_0024.jpg 1 27 19 24 24
0843_0006_0036_0051_0051.jpg 1 6 36 51 51
0844_0034_0011_0049_0049.jpg 1 34 11 49 49
0845_0009_0029_0046_0046.jpg 1 9 29 46 46
0846_0020_0034_0056_0056.jpg 1 20 34 56 56
0847_0011_0019_0032_0032.jpg 1 11 19 32 32
0848_0023_0016_0066_0066.jpg 1 23 16 66 66
0849_0062_0031_0029_0029.jpg 1 62 31 29 29
0850_0032_0035_0049_0049.jpg 1 32 35 49 49
0851_0029_0009_0033_0033.jpg 1 29 9 33 33
0852_0018_0014_0056_0056.jpg 1 18 14 56 56
0853_0034_0053_0032_0032.jpg 1 34 53 32 32
0854_0029_0022_0039_0039.jpg 1 29 22 39 39
0855_0044_0053_0030_0030.jpg 1 44 53 30 30
0856_0007_0028_0030_0030.jpg 1 7 28 30 30
0857_0044_0048_0032_0032.jpg 1 44 48 32 32
0858_0047_0016_0025_0025.jpg 1 47 16 25 25
0859_0021_0026_0057_0057.jpg 1 21 26 57 57
0860_0028_0036_0052_0052.jpg 1 28 36 52 52
0861_0031_0016_0046_0046.jpg 1 31 16 46 46
0862_0045_0009_0027_0027.jpg 1 45 9 27 27
0863_0016_0016_0064_0064.jpg 1 16 16 64 64
0864_0022_0023_0064_0064.jpg 1 22 23 64 64
0865_0006_0036_0056_0056.jpg 1 6 36 56 56
0866_0015_0031_0054_0054.jpg 1 15 31 54 54
0867_0040_0035_0032_0032.jpg 1 40 35 32 32
0868_0054_0046_0035_0035.jpg 1 54 46 35 35
0869_0009_0011_0048_0048.jpg 1 9 11 48 48
0870_0020_0022_0061_0061.jpg 1 20 22 61 61
0871_0047_0024_0045_0045.jpg 1 47 24 45 45
0872_0022_0044_0048_0048.jpg 1 22 44 48 48
0873_0029_0028_0038_0038.jpg 1 29 28 38 38
0874_0049_0028_0043_0043.jpg 1 49 28 43 43
0875_0059_0017_0029_0029.jpg 1 59 17 29 29
0876_0056_0040_0028_0028.jpg 1 56 40 28 28
0877_0009_0009_0049_0049.jpg 1 9 9 49 49
0878_0027_0010_0037_0037.jpg 1 27 10 37 37
0879_0044_0037_0049_0049.jpg 1 44 37 49 49
0880_0008_0014_0037_0037.jpg 1 8 14 37 37
0881_0018_0010_0067_0067.jpg 1 18 10 67 67
0882_0012_0005_0050_0050.jpg 1 12 5 50 50
0883_0060_0056_0029_0029.jpg 1 60 56 29 29
0884_0017_0011_0056_0056.jpg 1 17 11 56 56
0885_0006_0021_0041_0041.jpg 1 6 21 41 41
0886_0011_0006_0068_0068.jpg 1 11 6 68 68
0887_0030_0023_0054_0054.jpg 1 30 23 54 54
0888_0028_0031_0058_0058.jpg 1 28 31 58 58
0889_0022_0060_0027_0027.jpg 1 22 60 27 27
0890_0030_0025_0042_0042.jpg 1 30 25 42 42
0891_0056_0052_0035_0035.jpg 1 56 52 35 35
0892_0036_0006_0047_0047.jpg 1 36 6 47 47
0893_0044_0039_0040_0040.jpg 1 44 39 40 40
0894_0007_0007_0061_0061.jpg 1 7 7 61 61
0895_0005_0031_0049_0049.jpg 1 5 31 49 49
0896_0027_0026_0053_0053.jpg 1 27 26 53 53
0897_0021_0030_0050_0050.jpg 1 21 30 50 50
0898_0015_0037_0028_0028.jpg 1 15 37 28 28
0899_0041_0024_0041_0041.jpg 1 41 24 41 41
0900_0007_0039_0043_0043.jpg 1 7 39 43 43
0901_0029_0048_0040_0040.jpg 1 29 48 40 40
0902_0023_0022_0055_0055.jpg 1 23 22 55 55
0903_0016_0039_0053_0053.jpg 1 16 39 53 53
0904_0021_0026_0062_0062.jpg 1 21 26 62 62
0905_0017_0010_0068_0068.jpg 1 17 10 68 68
0906_0021_0015_0068_0068.jpg 1 21 15 68 68
0907_0033_0033_0054_0054.jpg 1 33 33 54 54
0908_0023_0022_0066_0066.jpg 1 23 22 66 66
0909_0018_0008_0069_0069.jpg 1 18 8 69 69
0910_0043_0010_0036_0036.jpg 1 43 10 36 36
0911_0027_0028_0065_0065.jpg 1 27 28 65 65
0912_0010_0061_0028_0028.jpg 1 10 61 28 28
0913_0027_0060_0027_0027.jpg 1 27 60 27 27
0914_0016_0009_0066_0066.jpg 1 16 9 66 66
0915_0049_0064_0027_0027.jpg 1 49 64 27 27
0916_0022_0018_0065_0065.jpg 1 22 18 65 65
0917_0012_0038_0035_0035.jpg 1 12 38 35 35
0918_0018_0041_0050_0050.jpg 1 18 41 50 50
0919_0012_0014_0064_0064.jpg 1 12 14 64 64
0920_0015_0040_0050_0050.jpg 1 15 40 50 50
0921_0014_0010_0066_0066.jpg 1 14 10 66 66
0922_0010_0018_0068_0068.jpg 1 10 18 68 68
0923_0014_0030_0025_0025.jpg 1 14 30 25 25
0924_0032_0041_0052_0052.jpg 1 32 41 52 52
0925_0033_0026_0061_0061.jpg 1 33 26 61 61
0926_0036_0021_0036_0036.jpg 1 36 21 36 36
0927_0011_0004_0066_0066.jpg 1 11 4 66 66
0928_0014_0048_0040_0040.jpg 1 14 48 40 40
0929_0058_0041_0030_0030.jpg 1 58 41 30 30
0930_0011_0018_0039_0039.jpg 1 11 18 39 39
0931_0025_0017_0028_0028.jpg 1 25 17 28 28
0932_0003_0007_0068_0068.jpg 1 3 7 68 68
0933_0054_0036_0033_0033.jpg 1 54 36 33 33
0934_0034_0027_0049_0049.jpg 1 34 27 49 49
0935_0038_0038_0032_0032.jpg 1 38 38 32 32
0936_0016_0059_0025_0025.jpg 1 16 59 25 25
0937_0028_0040_0051_0051.jpg 1 28 40 51 51
0938_0041_0032_0046_0046.jpg 1 41 32 46 46
0939_0014_0040_0051_0051.jpg 1 14 40 51 51
0940_0025_0044_0035_0035.jpg 1 25 44 35 35
0941_0054_0053_0028_0028.jpg 1 54 53 28 28
0942_0024_0014_0069_0069.jpg 1 24 14 69 69
0943_0026_0032_0060_0060.jpg 1 26 32 60 60
0944_0040_0038_0035_0035.jpg 1 40 38 35 35
0945_0018_0036_0048_0048.jpg 1 18 36 48 48
0946_0065_0033_0025_0025.jpg 1 65 33 25 25
0947_0032_0021_0035_0035.jpg 1 32 21 35 35
0948_0030_0028_0066_0066.jpg 1 30 28 66 66
0949_0044_0011_0029_0029.jpg 1 44 11 29 29
0950_0028_0008_0045_0045.jpg 1 28 8 45 45
0951_0008_0017_0055_0055.jpg 1 8 17 55 55
0952_0025_0008_0064_0064.jpg 1 25 8 64 64
0953_0022_0025_0069_0069.jpg 1 22 25 69 69
0954_0040_0031_0025_0025.jpg 1 40 31 25 25
0955_0008_0014_0047_0047.jpg 1 8 14 47 47
0956_0015_0005_0061_0061.jpg 1 15 5 61 61
0957_0050_0008_0043_0043.jpg 1 50 8 43 43
0958_0005_0037_0054_0054.jpg 1 5 37 54 54
0959_0009_0027_0043_0043.jpg 1 9 27 43 43
0960_0046_0011_0041_0041.jpg 1 46 11 41 41
0961_0012_0046_0040_0040.jpg 1 12 46 40 40
0962_0040_0060_0026_0026.jpg 1 40 60 26 26
0963_0020_0011_0045_0045.jpg 1 20 11 45 45
0964_0054_0053_0024_0024.jpg 1 54 53 24 24
0965_0006_0005_0067_0067.jpg 1 6 5 67 67
0966_0017_0014_0040_0040.jpg 1 17 14 40 40
0967_0026_0021_0037_0037.jpg 1 26 21 37 37
0968_0041_0042_0026_0026.jpg 1 41 42 26 26
0969_0033_0006_0043_0043.jpg 1 33 6 43 43
0970_0009_0018_0055_0055.jpg 1 9 18 55 55
0971_0046_0044_0044_0044.jpg 1 46 44 44 44
0972_0010_0048_0042_0042.jpg 1 10 48 42 42
0973_0007_0050_0032_0032.jpg 1 7 50 32 32
0974_0042_0038_0026_0026.jpg 1 42 38 26 26
0975_0023_0020_0053_0053.jpg 1 23 20 53 53
0976_0012_0045_0044_0044.jpg 1 12 45 44 44
0977_0032_0033_0048_0048.jpg 1 32 33 48 48
0978_0050_0050_0042_0042.jpg 1 50 50 42 42
0979_0037_0040_0049_0049.jpg 1 37 40 49 49
0980_0026_0024_0064_0064.jpg 1 26 24 64 64
0981_0014_0047_0042_0042.jpg 1 14 47 42 42
0982_0051_0018_0026_0026.jpg 1 51 18 26 26
0983_0039_0045_0045_0045.jpg 1 39 45 45 45
0984_0029_0011_0046_0046.jpg 1 29 11 46 46
0985_0041_0048_0029_0029.jpg 1 41 48 29 29
0986_0023_0049_0044_0044.jpg 1 23 49 44 44
0987_0037_0021_0053_0053.jpg 1 37 21 53 53
0988_0036_0010_0043_0043.jpg 1 36 10 43 43
0989_0007_0014_0066_0066.jpg 1 7 14 66 66
0990_0042_0033_0045_0045.jpg 1 42 33 45 45
0991_0044_0019_0031_0031.jpg 1 44 19 31 31
0992_0014_0035_0040_0040.jpg 1 14 35 40 40
0993_0009_0033_0060_0060.jpg 1 9 33 60 60
0994_0050_0023_0041_0041.jpg 1 50 23 41 41
0995_0015_0026_0059_0059.jpg 1 15 26 59 59
0996_0009_0029_0054_0054.jpg 1 9 29 54 54
0997_0007_0018_0063_0063.jpg 1 7 18 63 63
0998_0014_0029_0041_0041.jpg 1 14 29 41 41
0999_0059_0035_0031_0031.jpg 1 59 35 31 31
1000_0026_0031_0053_0053.jpg 1 26 31 53 53
1001_0045_0059_0024_0024.jpg 1 45 59 24 24
1002_0036_0019_0050_0050.jpg 1 36 19 50 50
1003_0027_0011_0057_0057.jpg 1 27 11 57 57
1004_0005_0045_0049_0049.jpg 1 5 45 49 49
1005_0034_0022_0059_0059.jpg 1 34 22 59 59
1006_0018_0039_0048_0048.jpg 1 18 39 48 48
1007_0020_0043_0028_0028.jpg 1 20 43 28 28
1008_0011_0017_0067_0067.jpg 1 11 17 67 67
1009_0025_0007_0058_0058.jpg 1 25 7 58 58
1010_0017_0026_0066_0066.jpg 1 17 26 66 66
1011_0012_0012_0061_0061.jpg 1 12 12 61 61
1012_0021_0006_0045_0045.jpg 1 21 6 45 45
1013_0021_0037_0056_0056.jpg 1 21 37 56 56
1014_0041_0053_0025_0025.jpg 1 41 53 25 25
1015_0012_0013_0047_0047.jpg 1 12 13 47 47
1016_0019_0017_0065_0065.jpg 1 19 17 65 65
1017_0004_0026_0063_0063.jpg 1 4 26 63 63
1018_0008_0040_0046_0046.jpg 1 8 40 46 46
1019_0032_0025_0056_0056.jpg 1 32 25 56 56
1020_0050_0060_0030_0030.jpg 1 50 60 30 30
1021_0010_0039_0056_0056.jpg 1 10 39 56 56
1022_0022_0025_0026_0026.jpg 1 22 25 26 26
1023_0015_0015_0056_0056.jpg 1 15 15 56 56
1024_0018_0009_0067_0067.jpg 1 18 9 67 67
1025_0031_0023_0033_0033.jpg 1 31 23 33 33
1026_0038_0024_0034_0034.jpg 1 38 24 34 34
1027_0015_0029_0031_0031.jpg 1 15 29 31 31
1028_0016_0023_0060_0060.jpg 1 16 23 60 60
1029_0012_0064_0025_0025.jpg 1 12 64 25 25
1030_0016_0019_0032_0032.jpg 1 16 19 32 32
1031_0012_0025_0048_0048.jpg 1 12 25 48 48
1032_0034_0025_0025_0025.jpg 1 34 25 25 25
1033_0010_0046_0029_0029.jpg 1 10 46 29 29
1034_0012_0030_0034_0034.jpg 1 12 30 34 34
1035_0025_0042_0045_0045.jpg 1 25 42 45 45
1036_0016_0031_0031_0031.jpg 1 16 31 31 31
1037_0057_0043_0035_0035.jpg 1 57 43 35 35
1038_0030_0015_0039_0039.jpg 1 30 15 39 39
1039_0035_0011_0044_0044.jpg 1 35 11 44 44
1040_0006_0007_0059_0059.jpg 1 6 7 59 59
1041_0032_0039_0032_0032.jpg 1 32 39 32 32
1042_0057_0060_0029_0029.jpg 1 57 60 29 29
1043_0021_0029_0038_0038.jpg 1 21 29 38 38
1044_0057_0058_0034_0034.jpg 1 57 58 34 34
1045_0040_0035_0048_0048.jpg 1 40 35 48 48
1046_0008_0012_0046_0046.jpg 1 8 12 46 46
1047_0010_0014_0058_0058.jpg 1 10 14 58 58
1048_0024_0049_0025_0025.jpg 1 24 49 25 25
1049_0005_0008_0069_0069.jpg 1 5 8 69 69
1050_0011_0016_0034_0034.jpg 1 11 16 34 34
1051_0013_0013_0036_0036.jpg 1 13 13 36 36
1052_0018_0007_0053_0053.jpg 1 18 7 53 53
1053_0029_0044_0043_0043.jpg 1 29 44 43 43
1054_0011_0017_0057_0057.jpg 1 11 17 57 57
1055_0019_0004_0064_0064.jpg 1 19 4 64 64
1056_0018_0021_0049_0049.jpg 1 18 21 49 49
1057_0011_0014_0041_0041.jpg 1 11 14 41 41
1058_0007_0010_0069_0069.jpg 1 7 10 69 69
1059_0016_0024_0069_0069.jpg 1 16 24 69 69
1060_0012_0059_0026_0026.jpg 1 12 59 26 26
1061_0015_0009_0062_0062.jpg 1 15 9 62 62
1062_0052_0008_0037_0037.jpg 1 52 8 37 37
1063_0029_0020_0058_0058.jpg 1 29 20 58 58
1064_0036_0034_0038_0038.jpg 1 36 34 38 38
1065_0040_0006_0042_0042.jpg 1 40 6 42 42
1066_0010_0030_0048_0048.jpg 1 10 30 48 48
1067_0031_0004_0060_0060.jpg 1 31 4 60 60
1068_0010_0048_0025_0025.jpg 1 10 48 25 25
1069_0006_0030_0061_0061.jpg 1 6 30 61 61
1070_0034_0044_0050_0050.jpg 1 34 44 50 50
1071_0025_0029_0054_0054.jpg 1 25 29 54 54
1072_0035_0056_0035_0035.jpg 1 35 56 35 35
1073_0014_0029_0027_0027.jpg 1 14 29 27 27
1074_0016_0040_0035_0035.jpg 1 16 40 35 35
1075_0027_0016_0061_0061.jpg 1 27 16 61 61
1076_0049_0006_0043_0043.jpg 1 49 6 43 43
1077_0017_0031_0049_0049.jpg 1 17 31 49 49
1078_0028_0035_0050_0050.jpg 1 28 35 50 50
1079_0005_0006_0063_0063.jpg 1 5 6 63 63
1080_0004_0023_0059_0059.jpg 1 4 23 59 59
1081_0026_0017_0046_0046.jpg 1 26 17 46 46
1082_0005_0005_0053_0053.jpg 1 5 5 53 53
1083_0005_0014_0049_0049.jpg 1 5 14 49 49
1084_0005_0019_0069_0069.jpg 1 5 19 69 69
1085_0018_0032_0033_0033.jpg 1 18 32 33 33
1086_0027_0026_0041_0041.jpg 1 27 26 41 41
1087_0025_0023_0036_0036.jpg 1 25 23 36 36
1088_0007_0036_0052_0052.jpg 1 7 36 52 52
1089_0014_0008_0062_0062.jpg 1 14 8 62 62
1090_0027_0032_0057_0057.jpg 1 27 32 57 57
1091_0009_0049_0041_0041.jpg 1 9 49 41 41
1092_0024_0031_0042_0042.jpg 1 24 31 42 42
1093_0010_0025_0043_0043.jpg 1 10 25 43 43
1094_0025_0060_0029_0029.jpg 1 25 60 29 29
1095_0020_0022_0067_0067.jpg 1 20 22 67 67
1096_0020_0016_0063_0063.jpg 1 20 16 63 63
1097_0041_0006_0052_0052.jpg 1 41 6 52 52
1098_0044_0023_0046_0046.jpg 1 44 23 46 46
1099_0027_0014_0051_0051.jpg 1 27 14 51 51
1100_0007_0034_0052_0052.jpg 1 7 34 52 52
1101_0022_0019_0061_0061.jpg 1 22 19 61 61
1102_0020_0019_0049_0049.jpg 1 20 19 49 49
1103_0038_0031_0053_0053.jpg 1 38 31 53 53
1104_0041_0039_0035_0035.jpg 1 41 39 35 35
1105_0039_0024_0052_0052.jpg 1 39 24 52 52
1106_0025_0044_0033_0033.jpg 1 25 44 33 33
1107_0048_0018_0029_0029.jpg 1 48 18 29 29
1108_0037_0028_0051_0051.jpg 1 37 28 51 51
1109_0009_0035_0059_0059.jpg 1 9 35 59 59
1110_0027_0015_0053_0053.jpg 1 27 15 53 53
1111_0038_0022_0049_0049.jpg 1 38 22 49 49
1112_0021_0017_0069_0069.jpg 1 21 17 69 69
1113_0018_0027_0027_0027.jpg 1 18 27 27 27
1114_0039_0018_0035_0035.jpg 1 39 18 35 35
1115_0012_0013_0044_0044.jpg 1 12 13 44 44
1116_0029_0021_0045_0045.jpg 1 29 21 45 45
1117_0039_0014_0052_0052.jpg 1 39 14 52 52
1118_0012_0011_0064_0064.jpg 1 12 11 64 64
1119_0060_0063_0028_0028.jpg 1 60 63 28 28
1120_0029_0030_0042_0042.jpg 1 29 30 42 42
1121_0018_0014_0063_0063.jpg 1 18 14 63 63
1122_0040_0022_0055_0055.jpg 1 40 22 55 55
1123_0031_0050_0030_0030.jpg 1 31 50 30 30
1124_0028_0025_0061_0061.jpg 1 28 25 61 61
1125_0049_0012_0044_0044.jpg 1 49 12 44 44
1126_0026_0030_0028_0028.jpg 1 26 30 28 28
1127_0042_0035_0029_0029.jpg 1 42 35 29 29
1128_0025_0030_0062_0062.jpg 1 25 30 62 62
1129_0028_0013_0063_0063.jpg 1 28 13 63 63
1130_0027_0016_0030_0030.jpg 1 27 16 30 30
1131_0030_0032_0059_0059.jpg 1 30 32 59 59
1132_0037_0006_0035_0035.jpg 1 37 6 35 35
1133_0019_0041_0043_0043.jpg 1 19 41 43 43
1134_0057_0015_0029_0029.jpg 1 57 15 29 29
1135_0039_0006_0049_0049.jpg 1 39 6 49 49
1136_0043_0012_0034_0034.jpg 1 43 12 34 34
1137_0018_0030_0031_0031.jpg 1 18 30 31 31
1138_0027_0010_0051_0051.jpg 1 27 10 51 51
1139_0023_0020_0067_0067.jpg 1 23 20 67 67
1140_0028_0027_0028_0028.jpg 1 28 27 28 28
1141_0009_0029_0064_0064.jpg 1 9 29 64 64
1142_0033_0006_0059_0059.jpg 1 33 6 59 59
1143_0032_0034_0053_0053.jpg 1 32 34 53 53
1144_0032_0027_0050_0050.jpg 1 32 27 50 50
1145_0040_0007_0054_0054.jpg 1 40 7 54 54
1146_0017_0056_0036_0036.jpg 1 17 56 36 36
1147_0022_0029_0039_0039.jpg 1 22 29 39 39
1148_0042_0022_0050_0050.jpg 1 42 22 50 50
1149_0012_0015_0063_0063.jpg 1 12 15 63 63
1150_0032_0015_0045_0045.jpg 1 32 15 45 45
1151_0055_0012_0035_0035.jpg 1 55 12 35 35
1152_0019_0032_0064_0064.jpg 1 19 32 64 64
1153_0024_0017_0068_0068.jpg 1 24 17 68 68
1154_0009_0003_0067_0067.jpg 1 9 3 67 67
1155_0066_0061_0025_0025.jpg 1 66 61 25 25
1156_0018_0009_0066_0066.jpg 1 18 9 66 66
1157_0036_0014_0030_0030.jpg 1 36 14 30 30
1158_0035_0014_0059_0059.jpg 1 35 14 59 59
1159_0029_0022_0047_0047.jpg 1 29 22 47 47
1160_0032_0021_0045_0045.jpg 1 32 21 45 45
1161_0006_0044_0050_0050.jpg 1 6 44 50 50
1162_0028_0014_0062_0062.jpg 1 28 14 62 62
1163_0020_0026_0038_0038.jpg 1 20 26 38 38
1164_0050_0042_0042_0042.jpg 1 50 42 42 42
1165_0016_0033_0054_0054.jpg 1 16 33 54 54
1166_0033_0011_0062_0062.jpg 1 33 11 62 62
1167_0015_0013_0031_0031.jpg 1 15 13 31 31
1168_0040_0035_0054_0054.jpg 1 40 35 54 54
1169_0010_0023_0069_0069.jpg 1 10 23 69 69
1170_0027_0013_0048_0048.jpg 1 27 13 48 48
1171_0040_0052_0039_0039.jpg 1 40 52 39 39
1172_0042_0031_0051_0051.jpg 1 42 31 51 51
1173_0022_0061_0030_0030.jpg 1 22 61 30 30
1174_0014_0009_0066_0066.jpg 1 14 9 66 66
1175_0024_0014_0035_0035.jpg 1 24 14 35 35
1176_0009_0021_0067_0067.jpg 1 9 21 67 67
1177_0020_0025_0064_0064.jpg 1 20 25 64 64
1178_0011_0043_0029_0029.jpg 1 11 43 29 29
1179_0015_0030_0065_0065.jpg 1 15 30 65 65
1180_0032_0011_0062_0062.jpg 1 32 11 62 62
1181_0052_0038_0033_0033.jpg 1 52 38 33 33
1182_0050_0026_0039_0039.jpg 1 50 26 39 39
1183_0064_0038_0026_0026.jpg 1 64 38 26 26
1184_0043_0023_0049_0049.jpg 1 43 23 49 49
1185_0019_0029_0029_0029.jpg 1 19 29 29 29
1186_0014_0046_0047_0047.jpg 1 14 46 47 47
1187_0016_0004_0069_0069.jpg 1 16 4 69 69
1188_0028_0009_0058_0058.jpg 1 28 9 58 58
1189_0016_0027_0048_0048.jpg 1 16 27 48 48
1190_0018_0037_0056_0056.jpg 1 18 37 56 56
1191_0024_0020_0040_0040.jpg 1 24 20 40 40
1192_0063_0034_0025_0025.jpg 1 63 34 25 25
1193_0033_0030_0057_0057.jpg 1 33 30 57 57
1194_0038_0028_0049_0049.jpg 1 38 28 49 49
1195_0018_0008_0063_0063.jpg 1 18 8 63 63
1196_0023_0054_0026_0026.jpg 1 23 54 26 26
1197_0034_0029_0061_0061.jpg 1 34 29 61 61
1198_0049_0027_0036_0036.jpg 1 49 27 36 36
1199_0011_0037_0030_0030.jpg 1 11 37 30 30
1200_0008_0005_0059_0059.jpg 1 8 5 59 59
1201_0018_0059_0025_0025.jpg 1 18 59 25 25
1202_0006_0025_0068_0068.jpg 1 6 25 68 68
1203_0030_0026_0055_0055.jpg 1 30 26 55 55
1204_0025_0017_0065_0065.jpg 1 25 17 65 65
1205_0027_0009_0027_0027.jpg 1 27 9 27 27
1206_0004_0018_0066_0066.jpg 1 4 18 66 66
1207_0023_0015_0066_0066.jpg 1 23 15 66 66
1208_0042_0013_0052_0052.jpg 1 42 13 52 52
1209_0031_0051_0031_0031.jpg 1 31 51 31 31
1210_0040_0020_0054_0054.jpg 1 40 20 54 54
1211_0031_0026_0039_0039.jpg 1 31 26 39 39
1212_0045_0032_0044_0044.jpg 1 45 32 44 44
1213_0041_0040_0050_0050.jpg 1 41 40 50 50
1214_0034_0009_0061_0061.jpg 1 34 9 61 61
1215_0036_0024_0043_0043.jpg 1 36 24 43 43
1216_0025_0030_0039_0039.jpg 1 25 30 39 39
1217_0011_0024_0047_0047.jpg 1 11 24 47 47
1218_0016_0011_0058_0058.jpg 1 16 11 58 58
1219_0015_0024_0052_0052.jpg 1 15 24 52 52
1220_0027_0039_0033_0033.jpg 1 27 39 33 33
1221_0018_0015_0026_0026.jpg 1 18 15 26 26
1222_0020_0032_0034_0034.jpg 1 20 32 34 34
1223_0043_0020_0041_0041.jpg 1 43 20 41 41
1224_0015_0017_0048_0048.jpg 1 15 17 48 48
1225_0034_0028_0058_0058.jpg 1 34 28 58 58
1226_0035_0029_0049_0049.jpg 1 35 29 49 49
1227_0035_0039_0045_0045.jpg 1 35 39 45 45
1228_0036_0035_0048_0048.jpg 1 36 35 48 48
1229_0027_0045_0044_0044.jpg 1 27 45 44 44
1230_0045_0026_0032_0032.jpg 1 45 26 32 32
1231_0031_0030_0065_0065.jpg 1 31 30 65 65
1232_0012_0046_0039_0039.jpg 1 12 46 39 39
1233_0018_0008_0069_0069.jpg 1 18 8 69 69
1234_0004_0026_0061_0061.jpg 1 4 26 61 61
1235_0036_0029_0041_0041.jpg 1 36 29 41 41
1236_0041_0025_0037_0037.jpg 1 41 25 37 37
1237_0014_0029_0042_0042.jpg 1 14 29 42 42
1238_0046_0044_0038_0038.jpg 1 46 44 38 38
1239_0009_0042_0024_0024.jpg 1 9 42 24 24
1240_0008_0044_0049_0049.jpg 1 8 44 49 49
1241_0052_0042_0031_0031.jpg 1 52 42 31 31
1242_0034_0043_0050_0050.jpg 1 34 43 50 50
1243_0011_0013_0066_0066.jpg 1 11 13 66 66
1244_0018_0038_0034_0034.jpg 1 18 38 34 34
1245_0010_0053_0038_0038.jpg 1 10 53 38 38
1246_0027_0006_0068_0068.jpg 1 27 6 68 68
1247_0043_0034_0032_0032.jpg 1 43 34 32 32
1248_0013_0028_0055_0055.jpg 1 13 28 55 55
1249_0008_0018_0039_0039.jpg 1 8 18 39 39
1250_0007_0012_0053_0053.jpg 1 7 12 53 53
1251_0013_0035_0028_0028.jpg 1 13 35 28 28
1252_0034_0010_0054_0054.jpg 1 34 10 54 54
1253_0039_0031_0055_0055.jpg 1 39 31 55 55
1254_0043_0027_0033_0033.jpg 1 43 27 33 33
1255_0038_0037_0051_0051.jpg 1 38 37 51 51
1256_0022_0015_0045_0045.jpg 1 22 15 45 45
1257_0064_0042_0026_0026.jpg 1 64 42 26 26
1258_0021_0035_0043_0043.jpg 1 21 35 43 43
1259_0054_0044_0027_0027.jpg 1 54 44 27 27
1260_0044_0025_0034_0034.jpg 1 44 25 34 34
1261_0015_0009_0062_0062.jpg 1 15 9 62 62
1262_0041_0013_0051_0051.jpg 1 41 13 51 51
1263_0042_0008_0045_0045.jpg 1 42 8 45 45
1264_0008_0028_0042_0042.jpg 1 8 28 42 42
1265_0036_0019_0047_0047.jpg 1 36 19 47 47
1266_0032_0016_0047_0047.jpg 1 32 16 47 47
1267_0043_0033_0049_0049.jpg 1 43 33 49 49
1268_0039_0043_0037_0037.jpg 1 39 43 37 37
1269_0032_0014_0058_0058.jpg 1 32 14 58 58
1270_0038_0024_0031_0031.jpg 1 38 24 31 31
1271_0031_0005_0055_0055.jpg 1 31 5 55 55
1272_0039_0013_0056_0056.jpg 1 39 13 56 56
1273_0030_0023_0063_0063.jpg 1 30 23 63 63
1274_0004_0013_0068_0068.jpg 1 4 13 68 68
1275_0011_0045_0042_0042.jpg 1 11 45 42 42
1276_0033_0018_0051_0051.jpg 1 33 18 51 51
1277_0052_0021_0040_0040.jpg 1 52 21 40 40
1278_0025_0013_0062_0062.jpg 1 25 13 62 62
1279_0038_0033_0042_0042.jpg 1 38 33 42 42
1280_0021_0025_0068_0068.jpg 1 21 25 68 68
1281_0015_0032_0048_0048.jpg 1 15 32 48 48
1282_0047_0016_0028_0028.jpg 1 47 16 28 28
1283_0017_0028_0043_0043.jpg 1 17 28 43 43
1284_0064_0051_0025_0025.jpg 1 64 51 25 25
1285_0008_0011_0068_0068.jpg 1 8 11 68 68
1286_0021_0004_0066_0066.jpg 1 21 4 66 66
1287_0020_0031_0042_0042.jpg 1 20 31 42 42
1288_0027_0018_0060_0060.jpg 1 27 18 60 60
1289_0016_0057_0029_0029.jpg 1 16 57 29 29
1290_0027_0019_0048_0048.jpg 1 27 19 48 48
1291_0028_0043_0051_0051.jpg 1 28 43 51 51
1292_0012_0057_0032_0032.jpg 1 12 57 32 32
1293_0020_0042_0049_0049.jpg 1 20 42 49 49
1294_0040_0008_0042_0042.jpg 1 40 8 42 42
1295_0031_0017_0043_0043.jpg 1 31 17 43 43
1296_0027_0028_0057_0057.jpg 1 27 28 57 57
1297_0033_0037_0036_0036.jpg 1 33 37 36 36
1298_0008_0005_0052_0052.jpg 1 8 5 52 52
1299_0015_0050_0026_0026.jpg 1 15 50 26 26
1300_0025_0047_0024_0024.jpg 1 25 47 24 24
1301_0021_0019_0048_0048.jpg 1 21 19 48 48
1302_0020_0022_0054_0054.jpg 1 20 22 54 54
1303_0019_0005_0062_0062.jpg 1 19 5 62 62
1304_0052_0051_0039_0039.jpg 1 52 51 39 39
1305_0031_0046_0048_0048.jpg 1 31 46 48 48
1306_0040_0008_0053_0053.jpg 1 40 8 53 53
1307_0025_0012_0055_0055.jpg 1 25 12 55 55
1308_0032_0009_0032_0032.jpg 1 32 9 32 32
1309_0021_0041_0033_0033.jpg 1 21 41 33 33
1310_0039_0043_0052_0052.jpg 1 39 43 52 52
1311_0020_0048_0024_0024.jpg 1 20 48 24 24
1312_0019_0027_0064_0064.jpg 1 19 27 64 64
1313_0036_0037_0048_0048.jpg 1 36 37 48 48
1314_0019_0024_0027_0027.jpg 1 19 24 27 27
1315_0023_0013_0053_0053.jpg 1 23 13 53 53
1316_0037_0007_0031_0031.jpg 1 37 7 31 31
1317_0011_0015_0069_0069.jpg 1 11 15 69 69
1318_0048_0010_0034_0034.jpg 1 48 10 34 34
1319_0008_0035_0047_0047.jpg 1 8 35 47 47
1320_0024_0040_0031_0031.jpg 1 24 40 31 31
1321_0033_0013_0035_0035.jpg 1 33 13 35 35
1322_0049_0033_0043_0043.jpg 1 49 33 43 43
1323_0024_0019_0045_0045.jpg 1 24 19 45 45
1324_0033_0031_0049_0049.jpg 1 33 31 49 49
1325_0019_0019_0054_0054.jpg 1 19 19 54 54
1326_0026_0010_0040_0040.jpg 1 26 10 40 40
1327_0006_0038_0038_0038.jpg 1 6 38 38 38
1328_0011_0006_0065_0065.jpg 1 11 6 65 65
1329_0037_0024_0044_0044.jpg 1 37 24 44 44
1330_0037_0014_0048_0048.jpg 1 37 14 48 48
1331_0030_0027_0033_0033.jpg 1 30 27 33 33
1332_0016_0022_0063_0063.jpg 1 16 22 63 63
1333_0049_0040_0037_0037.jpg 1 49 40 37 37
1334_0048_0035_0035_0035.jpg 1 48 35 35 35
1335_0054_0007_0035_0035.jpg 1 54 7 35 35
1336_0022_0010_0067_0067.jpg 1 22 10 67 67
1337_0024_0007_0057_0057.jpg 1 24 7 57 57
1338_0047_0009_0033_0033.jpg 1 47 9 33 33
1339_0010_0021_0058_0058.jpg 1 10 21 58 58
1340_0028_0040_0044_0044.jpg 1 28 40 44 44
1341_0018_0050_0030_0030.jpg 1 18 50 30 30
1342_0007_0018_0063_0063.jpg 1 7 18 63 63
1343_0016_0019_0058_0058.jpg 1 16 19 58 58
1344_0009_0032_0057_0057.jpg 1 9 32 57 57
1345_0023_0043_0045_0045.jpg 1 23 43 45 45
1346_0035_0031_0032_0032.jpg 1 35 31 32 32
1347_0042_0040_0025_0025.jpg 1 42 40 25 25
1348_0033_0025_0056_0056.jpg 1 33 25 56 56
1349_0027_0008_0058_0058.jpg 1 27 8 58 58
1350_0022_0025_0055_0055.jpg 1 22 25 55 55
1351_0024_0020_0029_0029.jpg 1 24 20 29 29
1352_0035_0030_0059_0059.jpg 1 35 30 59 59
1353_0051_0043_0041_0041.jpg 1 51 43 41 41
1354_0020_0004_0058_0058.jpg 1 20 4 58 58
1355_0007_0030_0063_0063.jpg 1 7 30 63 63
1356_0028_0022_0063_0063.jpg 1 28 22 63 63
1357_0005_0010_0064_0064.jpg 1 5 10 64 64
1358_0027_0056_0037_0037.jpg 1 27 56 37 37
1359_0033_0020_0030_0030.jpg 1 33 20 30 30
1360_0011_0022_0034_0034.jpg 1 11 22 34 34
1361_0058_0047_0033_0033.jpg 1 58 47 33 33
1362_0025_0047_0027_0027.jpg 1 25 47 27 27
1363_0020_0020_0031_0031.jpg 1 20 20 31 31
1364_0033_0033_0037_0037.jpg 1 33 33 37 37
1365_0013_0043_0044_0044.jpg 1 13 43 44 44
1366_0025_0011_0052_0052.jpg 1 25 11 52 52
1367_0041_0033_0050_0050.jpg 1 41 33 50 50
1368_0019_0019_0064_0064.jpg 1 19 19 64 64
1369_0039_0038_0056_0056.jpg 1 39 38 56 56
1370_0010_0026_0041_0041.jpg 1 10 26 41 41
1371_0024_0004_0061_0061.jpg 1 24 4 61 61
1372_0020_0012_0056_0056.jpg 1 20 12 56 56
1373_0028_0022_0029_0029.jpg 1 28 22 29 29
1374_0020_0035_0039_0039.jpg 1 20 35 39 39
1375_0009_0015_0062_0062.jpg 1 9 15 62 62
1376_0061_0034_0029_0029.jpg 1 61 34 29 29
1377_0012_0007_0067_0067.jpg 1 12 7 67 67
1378_0027_0037_0047_0047.jpg 1 27 37 47 47
1379_0049_0045_0044_0044.jpg 1 49 45 44 44
1380_0016_0041_0047_0047.jpg 1 16 41 47 47
1381_0011_0009_0068_0068.jpg 1 11 9 68 68
1382_0047_0043_0036_0036.jpg 1 47 43 36 36
1383_0051_0009_0035_0035.jpg 1 51 9 35 35
1384_0016_0044_0039_0039.jpg 1 16 44 39 39
1385_0042_0030_0051_0051.jpg 1 42 30 51 51
1386_0037_0065_0025_0025.jpg 1 37 65 25 25
1387_0021_0020_0047_0047.jpg 1 21 20 47 47
1388_0018_0045_0031_0031.jpg 1 18 45 31 31
1389_0022_0027_0063_0063.jpg 1 22 27 63 63
1390_0022_0022_0041_0041.jpg 1 22 22 41 41
1391_0036_0006_0055_0055.jpg 1 36 6 55 55
1392_0040_0030_0055_0055.jpg 1 40 30 55 55
1393_0013_0053_0036_0036.jpg 1 13 53 36 36
1394_0024_0036_0024_0024.jpg 1 24 36 24 24
1395_0038_0041_0047_0047.jpg 1 38 41 47 47
1396_0009_0029_0049_0049.jpg 1 9 29 49 49
1397_0048_0034_0036_0036.jpg 1 48 34 36 36
1398_0050_0054_0024_0024.jpg 1 50 54 24 24
1399_0025_0018_0069_0069.jpg 1 25 18 69 69
1400_0043_0040_0051_0051.jpg 1 43 40 51 51
1401_0018_0014_0035_0035.jpg 1 18 14 35 35
1402_0025_0041_0027_0027.jpg 1 25 41 27 27
1403_0037_0025_0050_0050.jpg 1 37 25 50 50
1404_0038_0036_0045_0045.jpg 1 38 36 45 45
1405_0025_0015_0067_0067.jpg 1 25 15 67 67
1406_0009_0015_0064_0064.jpg 1 9 15 64 64
1407_0026_0038_0049_0049.jpg 1 26 38 49 49
1408_0007_0050_0025_0025.jpg 1 7 50 25 25
1409_0030_0014_0042_0042.jpg 1 30 14 42 42
1410_0020_0015_0068_0068.jpg 1 20 15 68 68
1411_0027_0009_0047_0047.jpg 1 27 9 47 47
1412_0064_0057_0027_0027.jpg 1 64 57 27 27
1413_0014_0021_0069_0069.jpg 1 14 21 69 69
1414_0015_0028_0067_0067.jpg 1 15 28 67 67
1415_0059_0065_0026_0026.jpg 1 59 65 26 26
1416_0034_0025_0050_0050.jpg 1 34 25 50 50
1417_0046_0005_0047_0047.jpg 1 46 5 47 47
1418_0018_0011_0034_0034.jpg 1 18 11 34 34
1419_0028_0005_0054_0054.jpg 1 28 5 54 54
1420_0045_0035_0029_0029.jpg 1 45 35 29 29
1421_0018_0051_0041_0041.jpg 1 18 51 41 41
1422_0027_0007_0051_0051.jpg 1 27 7 51 51
1423_0013_0032_0037_0037.jpg 1 13 32 37 37
1424_0029_0045_0032_0032.jpg 1 29 45 32 32
1425_0038_0006_0039_0039.jpg 1 38 6 39 39
1426_0039_0034_0031_0031.jpg 1 39 34 31 31
1427_0034_0014_0056_0056.jpg 1 34 14 56 56
1428_0023_0022_0069_0069.jpg 1 23 22 69 69
1429_0010_0006_0047_0047.jpg 1 10 6 47 47
1430_0065_0065_0024_0024.jpg 1 65 65 24 24
1431_0032_0041_0039_0039.jpg 1 32 41 39 39
1432_0027_0030_0061_0061.jpg 1 27 30 61 61
1433_0023_0040_0049_0049.jpg 1 23 40 49 49
1434_0004_0034_0061_0061.jpg 1 4 34 61 61
1435_0023_0042_0047_0047.jpg 1 23 42 47 47
1436_0031_0024_0053_0053.jpg 1 31 24 53 53
1437_0015_0026_0048_0048.jpg 1 15 26 48 48
1438_0028_0039_0049_0049.jpg 1 28 39 49 49
1439_0010_0039_0046_0046.jpg 1 10 39 46 46
1440_0052_0063_0027_0027.jpg 1 52 63 27 27
1441_0014_0022_0057_0057.jpg 1 14 22 57 57
1442_0020_0023_0059_0059.jpg 1 20 23 59 59
1443_0023_0023_0029_0029.jpg 1 23 23 29 29
1444_0013_0030_0027_0027.jpg 1 13 30 27 27
1445_0014_0014_0037_0037.jpg 1 14 14 37 37
1446_0006_0046_0040_0040.jpg 1 6 46 40 40
1447_0007_0040_0029_0029.jpg 1 7 40 29 29
1448_0024_0033_0052_0052.jpg 1 24 33 52 52
1449_0015_0028_0065_0065.jpg 1 15 28 65 65
1450_0017_0005_0064_0064.jpg 1 17 5 64 64
1451_0020_0028_0068_0068.jpg 1 20 28 68 68
1452_0034_0017_0036_0036.jpg 1 34 17 36 36
1453_0028_0012_0059_0059.jpg 1 28 12 59 59
1454_0029_0025_0059_0059.jpg 1 29 25 59 59
1455_0030_0043_0047_0047.jpg 1 30 43 47 47
1456_0019_0037_0047_0047.jpg 1 19 37 47 47
1457_0058_0009_0027_0027.jpg 1 58 9 27 27
1458_0011_0013_0063_0063.jpg 1 11 13 63 63
1459_0022_0010_0069_0069.jpg 1 22 10 69 69
1460_0011_0022_0059_0059.jpg 1 11 22 59 59
1461_0014_0030_0066_0066.jpg 1 14 30 66 66
1462_0021_0048_0025_0025.jpg 1 21 48 25 25
1463_0005_0045_0048_0048.jpg 1 5 45 48 48
1464_0027_0047_0042_0042.jpg 1 27 47 42 42
1465_0043_0038_0047_0047.jpg 1 43 38 47 47
1466_0025_0012_0060_0060.jpg 1 25 12 60 60
1467_0013_0010_0049_0049.jpg 1 13 10 49 49
1468_0019_0056_0029_0029.jpg 1 19 56 29 29
1469_0021_0028_0065_0065.jpg 1 21 28 65 65
1470_0046_0013_0045_0045.jpg 1 46 13 45 45
1471_0019_0006_0060_0060.jpg 1 19 6 60 60
1472_0023_0034_0046_0046.jpg 1 23 34 46 46
1473_0004_0020_0059_0059.jpg 1 4 20 59 59
1474_0014_0011_0028_0028.jpg 1 14 11 28 28
1475_0014_0016_0050_0050.jpg 1 14 16 50 50
1476_0043_0014_0036_0036.jpg 1 43 14 36 36
1477_0019_0045_0049_0049.jpg 1 19 45 49 49
1478_0048_0029_0045_0045.jpg 1 48 29 45 45
1479_0011_0046_0026_0026.jpg 1 11 46 26 26
1480_0018_0030_0051_0051.jpg 1 18 30 51 51
1481_0025_0045_0040_0040.jpg 1 25 45 40 40
1482_0035_0035_0033_0033.jpg 1 35 35 33 33
1483_0009_0011_0049_0049.jpg 1 9 11 49 49
1484_0015_0047_0032_0032.jpg 1 15 47 32 32
1485_0017_0015_0055_0055.jpg 1 17 15 55 55
1486_0014_0028_0054_0054.jpg 1 14 28 54 54
1487_0014_0007_0053_0053.jpg 1 14 7 53 53
1488_0021_0042_0030_0030.jpg 1 21 42 30 30
1489_0010_0036_0047_0047.jpg 1 10 36 47 47
1490_0034_0006_0037_0037.jpg 1 34 6 37 37
1491_0013_0021_0066_0066.jpg 1 13 21 66 66
1492_0010_0044_0040_0040.jpg 1 10 44 40 40
1493_0003_0022_0068_0068.jpg 1 3 22 68 68
1494_0007_0013_0061_0061.jpg 1 7 13 61 61
1495_0045_0012_0037_0037.jpg 1 45 12 37 37
1496_0034_0005_0052_0052.jpg 1 34 5 52 52
1497_0015_0010_0068_0068.jpg 1 15 10 68 68
1498_0041_0031_0052_0052.jpg 1 41 31 52 52
1499_0016_0025_0066_0066.jpg 1 16 25 66 66
1500_0038_0044_0031_0031.jpg 1 38 44 31 31
1501_0015_0030_0053_0053.jpg 1 15 30 53 53
1502_0013_0023_0059_0059.jpg 1 13 23 59 59
1503_0032_0029_0059_0059.jpg 1 32 29 59 59
1504_0027_0044_0033_0033.jpg 1 27 44 33 33
1505_0026_0027_0058_0058.jpg 1 26 27 58 58
1506_0023_0020_0060_0060.jpg 1 23 20 60 60
1507_0038_0014_0047_0047.jpg 1 38 14 47 47
1508_0023_0028_0043_0043.jpg 1 23 28 43 43
1509_0008_0017_0030_0030.jpg 1 8 17 30 30
1510_0014_0014_0056_0056.jpg 1 14 14 56 56
1511_0041_0005_0053_0053.jpg 1 41 5 53 53
1512_0032_0004_0060_0060.jpg 1 32 4 60 60
1513_0016_0021_0058_0058.jpg 1 16 21 58 58
1514_0032_0009_0041_0041.jpg 1 32 9 41 41
1515_0024_0049_0034_0034.jpg 1 24 49 34 34
1516_0013_0033_0043_0043.jpg 1 13 33 43 43
1517_0046_0044_0034_0034.jpg 1 46 44 34 34
1518_0042_0057_0033_0033.jpg 1 42 57 33 33
1519_0012_0020_0048_0048.jpg 1 12 20 48 48
1520_0038_0008_0035_0035.jpg 1 38 8 35 35
1521_0005_0005_0063_0063.jpg 1 5 5 63 63
1522_0017_0021_0049_0049.jpg 1 17 21 49 49
1523_0021_0030_0047_0047.jpg 1 21 30 47 47
1524_0032_0047_0046_0046.jpg 1 32 47 46 46
1525_0028_0034_0061_0061.jpg 1 28 34 61 61
1526_0025_0020_0041_0041.jpg 1 25 20 41 41
1527_0026_0037_0028_0028.jpg 1 26 37 28 28
1528_0007_0041_0052_0052.jpg 1 7 41 52 52
1529_0016_0041_0035_0035.jpg 1 16 41 35 35
1530_0004_0025_0069_0069.jpg 1 4 25 69 69
1531_0048_0026_0030_0030.jpg 1 48 26 30 30
1532_0064_0009_0027_0027.jpg 1 64 9 27 27
1533_0007_0012_0043_0043.jpg 1 7 12 43 43
1534_0031_0026_0043_0043.jpg 1 31 26 43 43
1535_0011_0011_0068_0068.jpg 1 11 11 68 68
1536_0009_0035_0053_0053.jpg 1 9 35 53 53
1537_0033_0015_0046_0046.jpg 1 33 15 46 46
1538_0038_0007_0039_0039.jpg 1 38 7 39 39
1539_0043_0009_0041_0041.jpg 1 43 9 41 41
1540_0014_0036_0048_0048.jpg 1 14 36 48 48
1541_0015_0028_0029_0029.jpg 1 15 28 29 29
1542_0043_0025_0040_0040.jpg 1 43 25 40 40
1543_0007_0010_0059_0059.jpg 1 7 10 59 59
1544_0013_0030_0055_0055.jpg 1 13 30 55 55
1545_0036_0037_0043_0043.jpg 1 36 37 43 43
1546_0020_0039_0041_0041.jpg 1 20 39 41 41
1547_0018_0030_0062_0062.jpg 1 18 30 62 62
1548_0030_0029_0048_0048.jpg 1 30 29 48 48
1549_0030_0057_0026_0026.jpg 1 30 57 26 26
1550_0007_0013_0065_0065.jpg 1 7 13 65 65
1551_0025_0007_0069_0069.jpg 1 25 7 69 69
1552_0030_0034_0035_0035.jpg 1 30 34 35 35
1553_0065_0037_0026_0026.jpg 1 65 37 26 26
1554_0032_0032_0048_0048.jpg 1 32 32 48 48
1555_0012_0012_0062_0062.jpg 1 12 12 62 62
1556_0014_0021_0058_0058.jpg 1 14 21 58 58
1557_0017_0022_0052_0052.jpg 1 17 22 52 52
1558_0043_0038_0043_0043.jpg 1 43 38 43 43
1559_0039_0007_0053_0053.jpg 1 39 7 53 53
1560_0021_0030_0031_0031.jpg 1 21 30 31 31
1561_0029_0012_0064_0064.jpg 1 29 12 64 64
1562_0055_0061_0030_0030.jpg 1 55 61 30 30
1563_0008_0009_0037_0037.jpg 1 8 9 37 37
1564_0033_0037_0047_0047.jpg 1 33 37 47 47
1565_0035_0029_0056_0056.jpg 1 35 29 56 56
1566_0017_0020_0068_0068.jpg 1 17 20 68 68
1567_0017_0014_0062_0062.jpg 1 17 14 62 62
1568_0007_0019_0064_0064.jpg 1 7 19 64 64
1569_0047_0049_0032_0032.jpg 1 47 49 32 32
1570_0052_0043_0039_0039.jpg 1 52 43 39 39
1571_0036_0044_0034_0034.jpg 1 36 44 34 34
1572_0003_0025_0069_0069.jpg 1 3 25 69 69
1573_0017_0032_0058_0058.jpg 1 17 32 58 58
1574_0009_0033_0030_0030.jpg 1 9 33 30 30
1575_0053_0052_0033_0033.jpg 1 53 52 33 33
1576_0008_0023_0024_0024.jpg 1 8 23 24 24
1577_0015_0015_0069_0069.jpg 1 15 15 69 69
1578_0025_0022_0062_0062.jpg 1 25 22 62 62
1579_0021_0036_0059_0059.jpg 1 21 36 59 59
1580_0041_0015_0040_0040.jpg 1 41 15 40 40
1581_0015_0018_0051_0051.jpg 1 15 18 51 51
1582_0038_0047_0024_0024.jpg 1 38 47 24 24
1583_0030_0018_0046_0046.jpg 1 30 18 46 46
1584_0012_0020_0049_0049.jpg 1 12 20 49 49
1585_0022_0019_0068_0068.jpg 1 22 19 68 68
1586_0020_0030_0063_0063.jpg 1 20 30 63 63
1587_0029_0018_0063_0063.jpg 1 29 18 63 63
1588_0011_0025_0048_0048.jpg 1 11 25 48 48
1589_0029_0032_0040_0040.jpg 1 29 32 40 40
1590_0031_0033_0024_0024.jpg 1 31 33 24 24
1591_0024_0006_0067_0067.jpg 1 24 6 67 67
1592_0024_0015_0037_0037.jpg 1 24 15 37 37
1593_0009_0018_0054_0054.jpg 1 9 18 54 54
1594_0057_0058_0033_0033.jpg 1 57 58 33 33
1595_0033_0025_0061_0061.jpg 1 33 25 61 61
1596_0007_0011_0041_0041.jpg 1 7 11 41 41
1597_0003_0022_0065_0065.jpg 1 3 22 65 65
1598_0046_0018_0040_0040.jpg 1 46 18 40 40
1599_0032_0039_0050_0050.jpg 1 32 39 50 50
1600_0026_0037_0054_0054.jpg 1 26 37 54 54
1601_0030_0024_0048_0048.jpg 1 30 24 48 48
1602_0048_0051_0039_0039.jpg 1 48 51 39 39
1603_0052_0062_0025_0025.jpg 1 52 62 25 25
1604_0054_0008_0031_0031.jpg 1 54 8 31 31
1605_0021_0015_0035_0035.jpg 1 21 15 35 35
1606_0030_0013_0049_0049.jpg 1 30 13 49 49
1607_0034_0012_0027_0027.jpg 1 34 12 27 27
1608_0029_0018_0059_0059.jpg 1 29 18 59 59
1609_0055_0032_0025_0025.jpg 1 55 32 25 25
1610_0033_0007_0031_0031.jpg 1 33 7 31 31
1611_0045_0027_0037_0037.jpg 1 45 27 37 37
1612_0024_0015_0068_0068.jpg 1 24 15 68 68
1613_0049_0014_0034_0034.jpg 1 49 14 34 34
1614_0020_0027_0067_0067.jpg 1 20 27 67 67
1615_0012_0024_0066_0066.jpg 1 12 24 66 66
1616_0031_0018_0059_0059.jpg 1 31 18 59 59
1617_0028_0010_0045_0045.jpg 1 28 10 45 45
1618_0032_0009_0052_0052.jpg 1 32 9 52 52
1619_0030_0016_0057_0057.jpg 1 30 16 57 57
1620_0034_0027_0028_0028.jpg 1 34 27 28 28
1621_0028_0011_0056_0056.jpg 1 28 11 56 56
1622_0018_0018_0056_0056.jpg 1 18 18 56 56
1623_0023_0030_0065_0065.jpg 1 23 30 65 65
1624_0015_0033_0053_0053.jpg 1 15 33 53 53
1625_0016_0026_0052_0052.jpg 1 16 26 52 52
1626_0011_0012_0034_0034.jpg 1 11 12 34 34
1627_0029_0012_0047_0047.jpg 1 29 12 47 47
1628_0005_0022_0041_0041.jpg 1 5 22 41 41
1629_0042_0012_0048_0048.jpg 1 42 12 48 48
1630_0007_0044_0031_0031.jpg 1 7 44 31 31
1631_0030_0055_0038_0038.jpg 1 30 55 38 38
1632_0020_0010_0044_0044.jpg 1 20 10 44 44
1633_0046_0042_0048_0048.jpg 1 46 42 48 48
1634_0027_0018_0030_0030.jpg 1 27 18 30 30
1635_0019_0029_0064_0064.jpg 1 19 29 64 64
1636_0053_0051_0034_0034.jpg 1 53 51 34 34
1637_0006_0020_0057_0057.jpg 1 6 20 57 57
1638_0011_0026_0063_0063.jpg 1 11 26 63 63
1639_0014_0011_0062_0062.jpg 1 14 11 62 62
1640_0042_0023_0044_0044.jpg 1 42 23 44 44
1641_0031_0059_0032_0032.jpg 1 31 59 32 32
1642_0037_0030_0031_0031.jpg 1 37 30 31 31
1643_0037_0016_0056_0056.jpg 1 37 16 56 56
1644_0041_0040_0044_0044.jpg 1 41 40 44 44
1645_0037_0044_0026_0026.jpg 1 37 44 26 26
1646_0066_0045_0024_0024.jpg 1 66 45 24 24
1647_0042_0041_0051_0051.jpg 1 42 41 51 51
1648_0030_0022_0063_0063.jpg 1 30 22 63 63
1649_0009_0037_0057_0057.jpg 1 9 37 57 57
1650_0019_0005_0068_0068.jpg 1 19 5 68 68
1651_0014_0019_0054_0054.jpg 1 14 19 54 54
1652_0010_0056_0028_0028.jpg 1 10 56 28 28
1653_0007_0046_0025_0025.jpg 1 7 46 25 25
1654_0030_0046_0040_0040.jpg 1 30 46 40 40
1655_0045_0046_0030_0030.jpg 1 45 46 30 30
1656_0025_0007_0067_0067.jpg 1 25 7 67 67
1657_0008_0052_0027_0027.jpg 1 8 52 27 27
1658_0041_0043_0026_0026.jpg 1 41 43 26 26
1659_0029_0011_0060_0060.jpg 1 29 11 60 60
1660_0022_0013_0039_0039.jpg 1 22 13 39 39
1661_0009_0015_0042_0042.jpg 1 9 15 42 42
1662_0005_0019_0050_0050.jpg 1 5 19 50 50
1663_0013_0023_0045_0045.jpg 1 13 23 45 45
1664_0008_0014_0066_0066.jpg 1 8 14 66 66
1665_0003_0011_0069_0069.jpg 1 3 11 69 69
1666_0046_0015_0037_0037.jpg 1 46 15 37 37
1667_0017_0005_0066_0066.jpg 1 17 5 66 66
1668_0025_0029_0064_0064.jpg 1 25 29 64 64
1669_0054_0020_0032_0032.jpg 1 54 20 32 32
1670_0008_0009_0064_0064.jpg 1 8 9 64 64
1671_0020_0010_0066_0066.jpg 1 20 10 66 66
1672_0017_0046_0024_0024.jpg 1 17 46 24 24
1673_0040_0020_0051_0051.jpg 1 40 20 51 51
1674_0028_0008_0047_0047.jpg 1 28 8 47 47
1675_0022_0024_0053_0053.jpg 1 22 24 53 53
1676_0018_0007_0043_0043.jpg 1 18 7 43 43
1677_0023_0042_0045_0045.jpg 1 23 42 45 45
1678_0010_0009_0050_0050.jpg 1 10 9 50 50
1679_0044_0028_0048_0048.jpg 1 44 28 48 48
1680_0016_0048_0037_0037.jpg 1 16 48 37 37
1681_0045_0013_0041_0041.jpg 1 45 13 41 41
1682_0019_0017_0063_0063.jpg 1 19 17 63 63
1683_0007_0044_0030_0030.jpg 1 7 44 30 30
1684_0024_0030_0050_0050.jpg 1 24 30 50 50
1685_0031_0018_0030_0030.jpg 1 31 18 30 30
1686_0020_0008_0029_0029.jpg 1 20 8 29 29
1687_0018_0027_0069_0069.jpg 1 18 27 69 69
1688_0014_0028_0046_0046.jpg 1 14 28 46 46
1689_0011_0032_0046_0046.jpg 1 11 32 46 46
1690_0056_0064_0024_0024.jpg 1 56 64 24 24
1691_0019_0018_0031_0031.jpg 1 19 18 31 31
1692_0035_0036_0047_0047.jpg 1 35 36 47 47
1693_0011_0005_0060_0060.jpg 1 11 5 60 60
1694_0020_0027_0039_0039.jpg 1 20 27 39 39
1695_0010_0042_0043_0043.jpg 1 10 42 43 43
1696_0015_0009_0037_0037.jpg 1 15 9 37 37
1697_0030_0021_0051_0051.jpg 1 30 21 51 51
1698_0042_0013_0034_0034.jpg 1 42 13 34 34
1699_0017_0010_0050_0050.jpg 1 17 10 50 50
1700_0011_0004_0061_0061.jpg 1 11 4 61 61
1701_0035_0007_0044_0044.jpg 1 35 7 44 44
1702_0019_0027_0024_0024.jpg 1 19 27 24 24
1703_0010_0021_0061_0061.jpg 1 10 21 61 61
1704_0015_0032_0033_0033.jpg 1 15 32 33 33
1705_0053_0029_0033_0033.jpg 1 53 29 33 33
1706_0017_0020_0056_0056.jpg 1 17 20 56 56
1707_0010_0041_0043_0043.jpg 1 10 41 43 43
1708_0014_0009_0064_0064.jpg 1 14 9 64 64
1709_0060_0031_0027_0027.jpg 1 60 31 27 27
1710_0021_0015_0067_0067.jpg 1 21 15 67 67
1711_0051_0017_0038_0038.jpg 1 51 17 38 38
1712_0039_0006_0046_0046.jpg 1 39 6 46 46
1713_0026_0044_0040_0040.jpg 1 26 44 40 40
1714_0005_0024_0068_0068.jpg 1 5 24 68 68
1715_0011_0009_0031_0031.jpg 1 11 9 31 31
1716_0027_0014_0066_0066.jpg 1 27 14 66 66
1717_0031_0031_0028_0028.jpg 1 31 31 28 28
1718_0019_0021_0053_0053.jpg 1 19 21 53 53
1719_0010_0027_0058_0058.jpg 1 10 27 58 58
1720_0015_0017_0053_0053.jpg 1 15 17 53 53
1721_0044_0017_0038_0038.jpg 1 44 17 38 38
1722_0017_0041_0048_0048.jpg 1 17 41 48 48
1723_0012_0035_0051_0051.jpg 1 12 35 51 51
1724_0019_0022_0059_0059.jpg 1 19 22 59 59
1725_0026_0014_0065_0065.jpg 1 26 14 65 65
1726_0021_0023_0036_0036.jpg 1 21 23 36 36
1727_0044_0037_0032_0032.jpg 1 44 37 32 32
1728_0050_0030_0032_0032.jpg 1 50 30 32 32
1729_0021_0013_0036_0036.jpg 1 21 13 36 36
1730_0019_0034_0030_0030.jpg 1 19 34 30 30
1731_0035_0038_0036_0036.jpg 1 35 38 36 36
1732_0016_0006_0056_0056.jpg 1 16 6 56 56
1733_0059_0009_0030_0030.jpg 1 59 9 30 30
1734_0034_0042_0045_0045.jpg 1 34 42 45 45
1735_0062_0009_0028_0028.jpg 1 62 9 28 28
1736_0004_0013_0058_0058.jpg 1 4 13 58 58
1737_0016_0014_0069_0069.jpg 1 16 14 69 69
1738_0050_0057_0029_0029.jpg 1 50 57 29 29
1739_0009_0024_0048_0048.jpg 1 9 24 48 48
1740_0054_0043_0034_0034.jpg 1 54 43 34 34
1741_0006_0011_0065_0065.jpg 1 6 11 65 65
1742_0016_0050_0032_0032.jpg 1 16 50 32 32
1743_0037_0007_0047_0047.jpg 1 37 7 47 47
1744_0008_0028_0037_0037.jpg 1 8 28 37 37
1745_0009_0010_0054_0054.jpg 1 9 10 54 54
1746_0027_0037_0050_0050.jpg 1 27 37 50 50
1747_0009_0027_0057_0057.jpg 1 9 27 57 57
1748_0026_0014_0036_0036.jpg 1 26 14 36 36
1749_0037_0018_0046_0046.jpg 1 37 18 46 46
1750_0010_0036_0055_0055.jpg 1 10 36 55 55
1751_0012_0030_0029_0029.jpg 1 12 30 29 29
1752_0043_0027_0044_0044.jpg 1 43 27 44 44
1753_0015_0028_0063_0063.jpg 1 15 28 63 63
1754_0038_0042_0040_0040.jpg 1 38 42 40 40
1755_0009_0015_0063_0063.jpg 1 9 15 63 63
1756_0035_0052_0032_0032.jpg 1 35 52 32 32
1757_0014_0067_0024_0024.jpg 1 14 67 24 24
1758_0045_0036_0026_0026.jpg 1 45 36 26 26
1759_0010_0008_0054_0054.jpg 1 10 8 54 54
1760_0010_0009_0065_0065.jpg 1 10 9 65 65
1761_0014_0014_0068_0068.jpg 1 14 14 68 68
1762_0052_0032_0033_0033.jpg 1 52 32 33 33
1763_0040_0038_0024_0024.jpg 1 40 38 24 24
1764_0022_0011_0064_0064.jpg 1 22 11 64 64
1765_0010_0015_0047_0047.jpg 1 10 15 47 47
1766_0023_0010_0053_0053.jpg 1 23 10 53 53
1767_0033_0037_0055_0055.jpg 1 33 37 55 55
1768_0013_0018_0067_0067.jpg 1 13 18 67 67
1769_0053_0060_0029_0029.jpg 1 53 60 29 29
1770_0023_0010_0044_0044.jpg 1 23 10 44 44
1771_0037_0016_0037_0037.jpg 1 37 16 37 37
1772_0032_0026_0059_0059.jpg 1 32 26 59 59
1773_0037_0026_0042_0042.jpg 1 37 26 42 42
1774_0032_0012_0044_0044.jpg 1 32 12 44 44
1775_0024_0014_0031_0031.jpg 1 24 14 31 31
1776_0010_0025_0059_0059.jpg 1 10 25 59 59
1777_0036_0024_0025_0025.jpg 1 36 24 25 25
1778_0015_0023_0069_0069.jpg 1 15 23 69 69
1779_0031_0044_0033_0033.jpg 1 31 44 33 33
1780_0055_0024_0029_0029.jpg 1 55 24 29 29
1781_0025_0006_0037_0037.jpg 1 25 6 37 37
1782_0022_0014_0051_0051.jpg 1 22 14 51 51
1783_0057_0026_0024_0024.jpg 1 57 26 24 24
1784_0025_0010_0063_0063.jpg 1 25 10 63 63
1785_0008_0037_0032_0032.jpg 1 8 37 32 32
1786_0004_0022_0056_0056.jpg 1 4 22 56 56
1787_0027_0023_0025_0025.jpg 1 27 23 25 25
1788_0020_0054_0039_0039.jpg 1 20 54 39 39
1789_0039_0019_0050_0050.jpg 1 39 19 50 50
1790_0025_0027_0053_0053.jpg 1 25 27 53 53
1791_0009_0046_0031_0031.jpg 1 9 46 31 31
1792_0030_0032_0048_0048.jpg 1 30 32 48 48
1793_0008_0018_0061_0061.jpg 1 8 18 61 61
1794_0021_0045_0047_0047.jpg 1 21 45 47 47
1795_0015_0040_0033_0033.jpg 1 15 40 33 33
1796_0015_0064_0026_0026.jpg 1 15 64 26 26
1797_0047_0028_0046_0046.jpg 1 47 28 46 46
1798_0045_0011_0043_0043.jpg 1 45 11 43 43
1799_0013_0045_0041_0041.jpg 1 13 45 41 41
1800_0050_0043_0034_0034.jpg 1 50 43 34 34
1801_0011_0059_0025_0025.jpg 1 11 59 25 25
1802_0021_0041_0053_0053.jpg 1 21 41 53 53
1803_0007_0018_0068_0068.jpg 1 7 18 68 68
1804_0050_0006_0034_0034.jpg 1 50 6 34 34
1805_0008_0033_0062_0062.jpg 1 8 33 62 62
1806_0020_0043_0045_0045.jpg 1 20 43 45 45
1807_0032_0036_0058_0058.jpg 1 32 36 58 58
1808_0008_0015_0066_0066.jpg 1 8 15 66 66
1809_0050_0019_0028_0028.jpg 1 50 19 28 28
1810_0015_0064_0026_0026.jpg 1 15 64 26 26
1811_0004_0013_0063_0063.jpg 1 4 13 63 63
1812_0030_0013_0048_0048.jpg 1 30 13 48 48
1813_0045_0017_0049_0049.jpg 1 45 17 49 49
1814_0049_0022_0032_0032.jpg 1 49 22 32 32
1815_0040_0009_0039_0039.jpg 1 40 9 39 39
1816_0027_0042_0042_0042.jpg 1 27 42 42 42
1817_0010_0025_0065_0065.jpg 1 10 25 65 65
1818_0012_0039_0027_0027.jpg 1 12 39 27 27
1819_0014_0006_0068_0068.jpg 1 14 6 68 68
1820_0038_0021_0049_0049.jpg 1 38 21 49 49
1821_0022_0020_0057_0057.jpg 1 22 20 57 57
1822_0042_0039_0052_0052.jpg 1 42 39 52 52
1823_0030_0027_0031_0031.jpg 1 30 27 31 31
1824_0038_0034_0036_0036.jpg 1 38 34 36 36
1825_0041_0024_0035_0035.jpg 1 41 24 35 35
1826_0009_0029_0066_0066.jpg 1 9 29 66 66
1827_0006_0025_0068_0068.jpg 1 6 25 68 68
1828_0054_0037_0024_0024.jpg 1 54 37 24 24
1829_0042_0035_0038_0038.jpg 1 42 35 38 38
1830_0032_0040_0044_0044.jpg 1 32 40 44 44
1831_0025_0043_0034_0034.jpg 1 25 43 34 34
1832_0043_0019_0045_0045.jpg 1 43 19 45 45
1833_0036_0018_0057_0057.jpg 1 36 18 57 57
1834_0021_0012_0066_0066.jpg 1 21 12 66 66
1835_0045_0063_0029_0029.jpg 1 45 63 29 29
1836_0004_0026_0069_0069.jpg 1 4 26 69 69
1837_0016_0006_0061_0061.jpg 1 16 6 61 61
1838_0022_0025_0053_0053.jpg 1 22 25 53 53
1839_0005_0028_0044_0044.jpg 1 5 28 44 44
1840_0006_0027_0059_0059.jpg 1 6 27 59 59
1841_0036_0033_0037_0037.jpg 1 36 33 37 37
1842_0007_0017_0046_0046.jpg 1 7 17 46 46
1843_0024_0037_0058_0058.jpg 1 24 37 58 58
1844_0020_0017_0057_0057.jpg 1 20 17 57 57
1845_0012_0032_0063_0063.jpg 1 12 32 63 63
1846_0027_0012_0067_0067.jpg 1 27 12 67 67
1847_0007_0035_0048_0048.jpg 1 7 35 48 48
1848_0048_0009_0034_0034.jpg 1 48 9 34 34
1849_0021_0024_0044_0044.jpg 1 21 24 44 44
1850_0010_0006_0065_0065.jpg 1 10 6 65 65
1851_0028_0011_0058_0058.jpg 1 28 11 58 58
1852_0044_0014_0029_0029.jpg 1 44 14 29 29
1853_0015_0026_0049_0049.jpg 1 15 26 49 49
1854_0036_0050_0032_0032.jpg 1 36 50 32 32
1855_0020_0027_0066_0066.jpg 1 20 27 66 66
1856_0024_0014_0059_0059.jpg 1 24 14 59 59
1857_0010_0025_0060_0060.jpg 1 10 25 60 60
1858_0016_0022_0059_0059.jpg 1 16 22 59 59
1859_0010_0017_0039_0039.jpg 1 10 17 39 39
1860_0026_0050_0039_0039.jpg 1 26 50 39 39
1861_0017_0026_0042_0042.jpg 1 17 26 42 42
1862_0046_0046_0039_0039.jpg 1 46 46 39 39
1863_0037_0025_0041_0041.jpg 1 37 25 41 41
1864_0028_0023_0062_0062.jpg 1 28 23 62 62
1865_0031_0042_0028_0028.jpg 1 31 42 28 28
1866_0029_0009_0036_0036.jpg 1 29 9 36 36
1867_0019_0022_0045_0045.jpg 1 19 22 45 45
1868_0034_0039_0032_0032.jpg 1 34 39 32 32
1869_0038_0025_0057_0057.jpg 1 38 25 57 57
1870_0033_0042_0052_0052.jpg 1 33 42 52 52
1871_0012_0039_0031_0031.jpg 1 12 39 31 31
1872_0029_0023_0063_0063.jpg 1 29 23 63 63
1873_0014_0037_0035_0035.jpg 1 14 37 35 35
1874_0036_0047_0044_0044.jpg 1 36 47 44 44
1875_0044_0035_0042_0042.jpg 1 44 35 42 42
1876_0030_0024_0058_0058.jpg 1 30 24 58 58
1877_0052_0007_0038_0038.jpg 1 52 7 38 38
1878_0022_0037_0052_0052.jpg 1 22 37 52 52
1879_0012_0018_0050_0050.jpg 1 12 18 50 50
1880_0008_0022_0064_0064.jpg 1 8 22 64 64
1881_0020_0005_0053_0053.jpg 1 20 5 53 53
1882_0012_0024_0025_0025.jpg 1 12 24 25 25
1883_0023_0007_0042_0042.jpg 1 23 7 42 42
1884_0013_0026_0065_0065.jpg 1 13 26 65 65
1885_0018_0011_0068_0068.jpg 1 18 11 68 68
1886_0025_0007_0028_0028.jpg 1 25 7 28 28
1887_0043_0024_0030_0030.jpg 1 43 24 30 30
1888_0039_0041_0030_0030.jpg 1 39 41 30 30
1889_0004_0032_0061_0061.jpg 1 4 32 61 61
1890_0022_0021_0054_0054.jpg 1 22 21 54 54
1891_0059_0052_0032_0032.jpg 1 59 52 32 32
1892_0034_0028_0027_0027.jpg 1 34 28 27 27
1893_0030_0006_0051_0051.jpg 1 30 6 51 51
1894_0026_0023_0052_0052.jpg 1 26 23 52 52
1895_0016_0013_0059_0059.jpg 1 16 13 59 59
1896_0018_0005_0055_0055.jpg 1 18 5 55 55
1897_0029_0012_0058_0058.jpg 1 29 12 58 58
1898_0049_0019_0035_0035.jpg 1 49 19 35 35
1899_0034_0031_0055_0055.jpg 1 34 31 55 55
1900_0015_0043_0041_0041.jpg 1 15 43 41 41
1901_0032_0011_0050_0050.jpg 1 32 11 50 50
1902_0056_0018_0026_0026.jpg 1 56 18 26 26
1903_0037_0029_0040_0040.jpg 1 37 29 40 40
1904_0011_0014_0025_0025.jpg 1 11 14 25 25
1905_0009_0025_0066_0066.jpg 1 9 25 66 66
1906_0046_0038_0048_0048.jpg 1 46 38 48 48
1907_0044_0044_0046_0046.jpg 1 44 44 46 46
1908_0036_0041_0052_0052.jpg 1 36 41 52 52
1909_0005_0008_0065_0065.jpg 1 5 8 65 65
1910_0010_0012_0027_0027.jpg 1 10 12 27 27
1911_0009_0039_0050_0050.jpg 1 9 39 50 50
1912_0019_0056_0025_0025.jpg 1 19 56 25 25
1913_0014_0058_0030_0030.jpg 1 14 58 30 30
1914_0022_0015_0062_0062.jpg 1 22 15 62 62
1915_0046_0025_0029_0029.jpg 1 46 25 29 29
1916_0039_0037_0051_0051.jpg 1 39 37 51 51
1917_0017_0014_0068_0068.jpg 1 17 14 68 68
1918_0010_0028_0051_0051.jpg 1 10 28 51 51
1919_0014_0024_0061_0061.jpg 1 14 24 61 61
1920_0042_0038_0040_0040.jpg 1 42 38 40 40
1921_0004_0031_0060_0060.jpg 1 4 31 60 60
1922_0061_0023_0030_0030.jpg 1 61 23 30 30
1923_0027_0051_0036_0036.jpg 1 27 51 36 36
1924_0005_0027_0061_0061.jpg 1 5 27 61 61
1925_0052_0040_0041_0041.jpg 1 52 40 41 41
1926_0059_0008_0032_0032.jpg 1 59 8 32 32
1927_0014_0012_0028_0028.jpg 1 14 12 28 28
1928_0050_0038_0030_0030.jpg 1 50 38 30 30
1929_0048_0006_0038_0038.jpg 1 48 6 38 38
1930_0009_0051_0034_0034.jpg 1 9 51 34 34
1931_0032_0043_0028_0028.jpg 1 32 43 28 28
1932_0022_0011_0052_0052.jpg 1 22 11 52 52
1933_0008_0028_0066_0066.jpg 1 8 28 66 66
1934_0022_0039_0033_0033.jpg 1 22 39 33 33
1935_0029_0044_0042_0042.jpg 1 29 44 42 42
1936_0032_0039_0047_0047.jpg 1 32 39 47 47
1937_0007_0021_0056_0056.jpg 1 7 21 56 56
1938_0015_0027_0027_0027.jpg 1 15 27 27 27
1939_0012_0060_0031_0031.jpg 1 12 60 31 31
1940_0005_0004_0056_0056.jpg 1 5 4 56 56
1941_0026_0031_0051_0051.jpg 1 26 31 51 51
1942_0037_0008_0049_0049.jpg 1 37 8 49 49
1943_0020_0015_0045_0045.jpg 1 20 15 45 45
1944_0014_0015_0058_0058.jpg 1 14 15 58 58
1945_0014_0042_0028_0028.jpg 1 14 42 28 28
1946_0034_0007_0061_0061.jpg 1 34 7 61 61
1947_0021_0014_0061_0061.jpg 1 21 14 61 61
1948_0050_0031_0032_0032.jpg 1 50 31 32 32
1949_0028_0034_0050_0050.jpg 1 28 34 50 50
1950_0018_0026_0048_0048.jpg 1 18 26 48 48
