0001_0017_0009_0061_0061.jpg 1 17 9 61 61
0002_0007_0052_0032_0032.jpg 1 7 52 32 32
0003_0011_0025_0025_0025.jpg 1 11 25 25 25
0004_0036_0005_0045_0045.jpg 1 36 5 45 45
0005_0025_0043_0051_0051.jpg 1 25 43 51 51
0006_0014_0007_0065_0065.jpg 1 14 7 65 65
0007_0023_0017_0057_0057.jpg 1 23 17 57 57
0008_0005_0009_0046_0046.jpg 1 5 9 46 46
0009_0060_0055_0028_0028.jpg 1 60 55 28 28
0010_0012_0014_0062_0062.jpg 1 12 14 62 62
0011_0009_0021_0055_0055.jpg 1 9 21 55 55
0012_0014_0022_0067_0067.jpg 1 14 22 67 67
0013_0044_0025_0048_0048.jpg 1 44 25 48 48
0014_0009_0048_0028_0028.jpg 1 9 48 28 28
0015_0040_0015_0048_0048.jpg 1 40 15 48 48
0016_0031_0030_0028_0028.jpg 1 31 30 28 28
0017_0036_0049_0033_0033.jpg 1 36 49 33 33
0018_0026_0029_0061_0061.jpg 1 26 29 61 61
0019_0024_0019_0064_0064.jpg 1 24 19 64 64
0020_0041_0047_0030_0030.jpg 1 41 47 30 30
0021_0020_0027_0068_0068.jpg 1 20 27 68 68
0022_0015_0004_0067_0067.jpg 1 15 4 67 67
0023_0032_0034_0049_0049.jpg 1 32 34 49 49
0024_0009_0029_0061_0061.jpg 1 9 29 61 61
0025_0017_0033_0037_0037.jpg 1 17 33 37 37
0026_0027_0044_0039_0039.jpg 1 27 44 39 39
0027_0003_0022_0068_0068.jpg 1 3 22 68 68
0028_0021_0020_0047_0047.jpg 1 21 20 47 47
0029_0007_0033_0045_0045.jpg 1 7 33 45 45
0030_0008_0027_0044_0044.jpg 1 8 27 44 44
0031_0013_0036_0047_0047.jpg 1 13 36 47 47
0032_0011_0029_0041_0041.jpg 1 11 29 41 41
0033_0028_0005_0063_0063.jpg 1 28 5 63 63
0034_0023_0047_0034_0034.jpg 1 23 47 34 34
0035_0051_0035_0035_0035.jpg 1 51 35 35 35
0036_0015_0011_0067_0067.jpg 1 15 11 67 67
0037_0009_0044_0037_0037.jpg 1 9 44 37 37
0038_0018_0022_0051_0051.jpg 1 18 22 51 51
0039_0019_0033_0048_0048.jpg 1 19 33 48 48
0040_0008_0004_0062_0062.jpg 1 8 4 62 62
0041_0044_0046_0047_0047.jpg 1 44 46 47 47
0042_0035_0011_0043_0043.jpg 1 35 11 43 43
0043_0036_0014_0052_0052.jpg 1 36 14 52 52
0044_0042_0017_0037_0037.jpg 1 42 17 37 37
0045_0045_0053_0039_0039.jpg 1 45 53 39 39
0046_0006_0026_0039_0039.jpg 1 6 26 39 39
0047_0031_0029_0065_0065.jpg 1 31 29 65 65
0048_0013_0029_0043_0043.jpg 1 13 29 43 43
0049_0030_0031_0057_0057.jpg 1 30 31 57 57
0050_0022_0007_0062_0062.jpg 1 22 7 62 62
0051_0050_0048_0027_0027.jpg 1 50 48 27 27
0052_0017_0022_0069_0069.jpg 1 17 22 69 69
0053_0048_0009_0038_0038.jpg 1 48 9 38 38
0054_0018_0040_0033_0033.jpg 1 18 40 33 33
0055_0007_0020_0061_0061.jpg 1 7 20 61 61
0056_0034_0006_0057_0057.jpg 1 34 6 57 57
0057_0015_0025_0060_0060.jpg 1 15 25 60 60
0058_0013_0020_0064_0064.jpg 1 13 20 64 64
0059_0007_0013_0067_0067.jpg 1 7 13 67 67
0060_0006_0021_0041_0041.jpg 1 6 21 41 41
0061_0012_0017_0061_0061.jpg 1 12 17 61 61
0062_0014_0050_0043_0043.jpg 1 14 50 43 43
0063_0033_0034_0058_0058.jpg 1 33 34 58 58
0064_0037_0053_0036_0036.jpg 1 37 53 36 36
0065_0038_0013_0054_0054.jpg 1 38 13 54 54
0066_0029_0012_0053_0053.jpg 1 29 12 53 53
0067_0017_0016_0040_0040.jpg 1 17 16 40 40
0068_0019_0003_0066_0066.jpg 1 19 3 66 66
0069_0040_0040_0051_0051.jpg 1 40 40 51 51
0070_0010_0007_0058_0058.jpg 1 10 7 58 58
0071_0024_0008_0068_0068.jpg 1 24 8 68 68
0072_0011_0007_0068_0068.jpg 1 11 7 68 68
0073_0031_0017_0062_0062.jpg 1 31 17 62 62
0074_0038_0029_0056_0056.jpg 1 38 29 56 56
0075_0015_0010_0068_0068.jpg 1 15 10 68 68
0076_0012_0023_0039_0039.jpg 1 12 23 39 39
0077_0034_0036_0037_0037.jpg 1 34 36 37 37
0078_0015_0046_0048_0048.jpg 1 15 46 48 48
0079_0039_0013_0041_0041.jpg 1 39 13 41 41
0080_0018_0011_0056_0056.jpg 1 18 11 56 56
0081_0009_0004_0055_0055.jpg 1 9 4 55 55
0082_0032_0015_0044_0044.jpg 1 32 15 44 44
0083_0020_0024_0045_0045.jpg 1 20 24 45 45
0084_0034_0026_0029_0029.jpg 1 34 26 29 29
0085_0048_0009_0033_0033.jpg 1 48 9 33 33
0086_0028_0014_0036_0036.jpg 1 28 14 36 36
0087_0011_0024_0067_0067.jpg 1 11 24 67 67
0088_0047_0015_0035_0035.jpg 1 47 15 35 35
0089_0031_0005_0055_0055.jpg 1 31 5 55 55
0090_0010_0034_0052_0052.jpg 1 10 34 52 52
0091_0006_0024_0056_0056.jpg 1 6 24 56 56
0092_0009_0010_0058_0058.jpg 1 9 10 58 58
0093_0030_0008_0054_0054.jpg 1 30 8 54 54
0094_0033_0021_0026_0026.jpg 1 33 21 26 26
0095_0027_0025_0063_0063.jpg 1 27 25 63 63
0096_0037_0029_0047_0047.jpg 1 37 29 47 47
0097_0050_0020_0042_0042.jpg 1 50 20 42 42
0098_0047_0035_0035_0035.jpg 1 47 35 35 35
0099_0022_0029_0067_0067.jpg 1 22 29 67 67
0100_0007_0015_0058_0058.jpg 1 7 15 58 58
0101_0013_0020_0030_0030.jpg 1 13 20 30 30
0102_0032_0031_0031_0031.jpg 1 32 31 31 31
0103_0057_0037_0033_0033.jpg 1 57 37 33 33
0104_0027_0029_0053_0053.jpg 1 27 29 53 53
0105_0035_0005_0058_0058.jpg 1 35 5 58 58
0106_0008_0023_0054_0054.jpg 1 8 23 54 54
0107_0037_0044_0026_0026.jpg 1 37 44 26 26
0108_0039_0008_0049_0049.jpg 1 39 8 49 49
0109_0015_0020_0056_0056.jpg 1 15 20 56 56
0110_0037_0036_0053_0053.jpg 1 37 36 53 53
0111_0005_0047_0046_0046.jpg 1 5 47 46 46
0112_0009_0051_0040_0040.jpg 1 9 51 40 40
0113_0057_0061_0030_0030.jpg 1 57 61 30 30
0114_0010_0016_0050_0050.jpg 1 10 16 50 50
0115_0021_0051_0030_0030.jpg 1 21 51 30 30
0116_0008_0004_0064_0064.jpg 1 8 4 64 64
0117_0034_0034_0031_0031.jpg 1 34 34 31 31
0118_0010_0028_0065_0065.jpg 1 10 28 65 65
0119_0032_0032_0052_0052.jpg 1 32 32 52 52
0120_0022_0004_0063_0063.jpg 1 22 4 63 63
0121_0016_0017_0055_0055.jpg 1 16 17 55 55
0122_0033_0049_0030_0030.jpg 1 33 49 30 30
0123_0034_0013_0047_0047.jpg 1 34 13 47 47
0124_0034_0028_0024_0024.jpg 1 34 28 24 24
0125_0005_0013_0047_0047.jpg 1 5 13 47 47
0126_0016_0051_0035_0035.jpg 1 16 51 35 35
0127_0040_0043_0038_0038.jpg 1 40 43 38 38
0128_0027_0006_0041_0041.jpg 1 27 6 41 41
0129_0047_0053_0038_0038.jpg 1 47 53 38 38
0130_0057_0031_0036_0036.jpg 1 57 31 36 36
0131_0036_0038_0026_0026.jpg 1 36 38 26 26
0132_0010_0007_0066_0066.jpg 1 10 7 66 66
0133_0026_0040_0028_0028.jpg 1 26 40 28 28
0134_0039_0016_0046_0046.jpg 1 39 16 46 46
0135_0032_0032_0035_0035.jpg 1 32 32 35 35
0136_0007_0008_0065_0065.jpg 1 7 8 65 65
0137_0014_0017_0024_0024.jpg 1 14 17 24 24
0138_0047_0030_0038_0038.jpg 1 47 30 38 38
0139_0025_0018_0062_0062.jpg 1 25 18 62 62
0140_0014_0013_0046_0046.jpg 1 14 13 46 46
0141_0014_0022_0057_0057.jpg 1 14 22 57 57
0142_0031_0031_0042_0042.jpg 1 31 31 42 42
0143_0006_0039_0052_0052.jpg 1 6 39 52 52
0144_0014_0005_0065_0065.jpg 1 14 5 65 65
0145_0009_0009_0034_0034.jpg 1 9 9 34 34
0146_0038_0033_0024_0024.jpg 1 38 33 24 24
0147_0006_0024_0044_0044.jpg 1 6 24 44 44
0148_0039_0058_0033_0033.jpg 1 39 58 33 33
0149_0026_0029_0057_0057.jpg 1 26 29 57 57
0150_0009_0014_0049_0049.jpg 1 9 14 49 49
0151_0021_0020_0029_0029.jpg 1 21 20 29 29
0152_0035_0009_0056_0056.jpg 1 35 9 56 56
0153_0012_0031_0029_0029.jpg 1 12 31 29 29
0154_0018_0034_0036_0036.jpg 1 18 34 36 36
0155_0012_0033_0032_0032.jpg 1 12 33 32 32
0156_0059_0030_0027_0027.jpg 1 59 30 27 27
0157_0051_0055_0027_0027.jpg 1 51 55 27 27
0158_0042_0028_0046_0046.jpg 1 42 28 46 46
0159_0033_0043_0031_0031.jpg 1 33 43 31 31
0160_0022_0024_0052_0052.jpg 1 22 24 52 52
0161_0029_0022_0041_0041.jpg 1 29 22 41 41
0162_0024_0018_0068_0068.jpg 1 24 18 68 68
0163_0010_0052_0034_0034.jpg 1 10 52 34 34
0164_0020_0014_0052_0052.jpg 1 20 14 52 52
0165_0026_0014_0067_0067.jpg 1 26 14 67 67
0166_0004_0016_0064_0064.jpg 1 4 16 64 64
0167_0022_0025_0059_0059.jpg 1 22 25 59 59
0168_0055_0016_0038_0038.jpg 1 55 16 38 38
0169_0009_0010_0062_0062.jpg 1 9 10 62 62
0170_0047_0039_0047_0047.jpg 1 47 39 47 47
0171_0029_0019_0059_0059.jpg 1 29 19 59 59
0172_0028_0017_0065_0065.jpg 1 28 17 65 65
0173_0018_0022_0027_0027.jpg 1 18 22 27 27
0174_0030_0047_0046_0046.jpg 1 30 47 46 46
0175_0016_0016_0064_0064.jpg 1 16 16 64 64
0176_0010_0022_0029_0029.jpg 1 10 22 29 29
0177_0010_0004_0066_0066.jpg 1 10 4 66 66
0178_0015_0005_0067_0067.jpg 1 15 5 67 67
0179_0054_0016_0029_0029.jpg 1 54 16 29 29
0180_0012_0026_0053_0053.jpg 1 12 26 53 53
0181_0011_0020_0068_0068.jpg 1 11 20 68 68
0182_0045_0011_0049_0049.jpg 1 45 11 49 49
0183_0034_0041_0031_0031.jpg 1 34 41 31 31
0184_0055_0041_0037_0037.jpg 1 55 41 37 37
0185_0007_0009_0042_0042.jpg 1 7 9 42 42
0186_0024_0029_0024_0024.jpg 1 24 29 24 24
0187_0024_0028_0057_0057.jpg 1 24 28 57 57
0188_0019_0011_0065_0065.jpg 1 19 11 65 65
0189_0039_0018_0055_0055.jpg 1 39 18 55 55
0190_0034_0013_0037_0037.jpg 1 34 13 37 37
0191_0011_0009_0063_0063.jpg 1 11 9 63 63
0192_0024_0023_0024_0024.jpg 1 24 23 24 24
0193_0023_0039_0056_0056.jpg 1 23 39 56 56
0194_0039_0054_0036_0036.jpg 1 39 54 36 36
0195_0023_0024_0063_0063.jpg 1 23 24 63 63
0196_0015_0030_0053_0053.jpg 1 15 30 53 53
0197_0021_0028_0024_0024.jpg 1 21 28 24 24
0198_0014_0019_0052_0052.jpg 1 14 19 52 52
0199_0014_0009_0050_0050.jpg 1 14 9 50 50
0200_0030_0032_0043_0043.jpg 1 30 32 43 43
0201_0040_0010_0039_0039.jpg 1 40 10 39 39
0202_0040_0055_0026_0026.jpg 1 40 55 26 26
0203_0051_0008_0027_0027.jpg 1 51 8 27 27
0204_0047_0036_0035_0035.jpg 1 47 36 35 35
0205_0020_0012_0069_0069.jpg 1 20 12 69 69
0206_0054_0049_0025_0025.jpg 1 54 49 25 25
0207_0022_0033_0061_0061.jpg 1 22 33 61 61
0208_0005_0019_0066_0066.jpg 1 5 19 66 66
0209_0032_0055_0025_0025.jpg 1 32 55 25 25
0210_0004_0018_0064_0064.jpg 1 4 18 64 64
0211_0009_0036_0059_0059.jpg 1 9 36 59 59
0212_0033_0010_0057_0057.jpg 1 33 10 57 57
0213_0035_0037_0040_0040.jpg 1 35 37 40 40
0214_0006_0017_0057_0057.jpg 1 6 17 57 57
0215_0007_0017_0050_0050.jpg 1 7 17 50 50
0216_0007_0009_0058_0058.jpg 1 7 9 58 58
0217_0020_0007_0062_0062.jpg 1 20 7 62 62
0218_0009_0003_0062_0062.jpg 1 9 3 62 62
0219_0024_0005_0060_0060.jpg 1 24 5 60 60
0220_0004_0003_0069_0069.jpg 1 4 3 69 69
0221_0063_0045_0026_0026.jpg 1 63 45 26 26
0222_0019_0039_0047_0047.jpg 1 19 39 47 47
0223_0019_0035_0024_0024.jpg 1 19 35 24 24
0224_0011_0009_0050_0050.jpg 1 11 9 50 50
0225_0065_0044_0025_0025.jpg 1 65 44 25 25
0226_0051_0019_0036_0036.jpg 1 51 19 36 36
0227_0020_0009_0067_0067.jpg 1 20 9 67 67
0228_0039_0035_0054_0054.jpg 1 39 35 54 54
0229_0003_0025_0069_0069.jpg 1 3 25 69 69
0230_0016_0032_0041_0041.jpg 1 16 32 41 41
0231_0016_0023_0064_0064.jpg 1 16 23 64 64
0232_0022_0018_0025_0025.jpg 1 22 18 25 25
0233_0021_0050_0044_0044.jpg 1 21 50 44 44
0234_0035_0018_0054_0054.jpg 1 35 18 54 54
0235_0009_0046_0042_0042.jpg 1 9 46 42 42
0236_0033_0031_0061_0061.jpg 1 33 31 61 61
0237_0035_0007_0054_0054.jpg 1 35 7 54 54
0238_0036_0028_0042_0042.jpg 1 36 28 42 42
0239_0043_0049_0045_0045.jpg 1 43 49 45 45
0240_0028_0058_0031_0031.jpg 1 28 58 31 31
0241_0050_0051_0028_0028.jpg 1 50 51 28 28
0242_0015_0029_0065_0065.jpg 1 15 29 65 65
0243_0037_0045_0046_0046.jpg 1 37 45 46 46
0244_0051_0052_0039_0039.jpg 1 51 52 39 39
0245_0052_0029_0033_0033.jpg 1 52 29 33 33
0246_0015_0015_0043_0043.jpg 1 15 15 43 43
0247_0027_0051_0025_0025.jpg 1 27 51 25 25
0248_0042_0043_0048_0048.jpg 1 42 43 48 48
0249_0010_0056_0032_0032.jpg 1 10 56 32 32
0250_0022_0033_0034_0034.jpg 1 22 33 34 34
0251_0026_0006_0042_0042.jpg 1 26 6 42 42
0252_0010_0014_0061_0061.jpg 1 10 14 61 61
0253_0020_0038_0036_0036.jpg 1 20 38 36 36
0254_0042_0054_0029_0029.jpg 1 42 54 29 29
0255_0019_0032_0047_0047.jpg 1 19 32 47 47
0256_0018_0034_0035_0035.jpg 1 18 34 35 35
0257_0033_0022_0060_0060.jpg 1 33 22 60 60
0258_0012_0014_0024_0024.jpg 1 12 14 24 24
0259_0018_0014_0062_0062.jpg 1 18 14 62 62
0260_0007_0023_0047_0047.jpg 1 7 23 47 47
0261_0028_0043_0029_0029.jpg 1 28 43 29 29
0262_0021_0012_0055_0055.jpg 1 21 12 55 55
0263_0012_0033_0049_0049.jpg 1 12 33 49 49
0264_0009_0009_0056_0056.jpg 1 9 9 56 56
0265_0007_0031_0050_0050.jpg 1 7 31 50 50
0266_0038_0023_0054_0054.jpg 1 38 23 54 54
0267_0043_0052_0030_0030.jpg 1 43 52 30 30
0268_0012_0014_0068_0068.jpg 1 12 14 68 68
0269_0012_0022_0034_0034.jpg 1 12 22 34 34
0270_0016_0005_0056_0056.jpg 1 16 5 56 56
0271_0027_0017_0063_0063.jpg 1 27 17 63 63
0272_0043_0048_0030_0030.jpg 1 43 48 30 30
0273_0041_0033_0052_0052.jpg 1 41 33 52 52
0274_0015_0021_0066_0066.jpg 1 15 21 66 66
0275_0028_0027_0053_0053.jpg 1 28 27 53 53
0276_0016_0026_0029_0029.jpg 1 16 26 29 29
0277_0009_0029_0061_0061.jpg 1 9 29 61 61
0278_0040_0013_0036_0036.jpg 1 40 13 36 36
0279_0026_0036_0058_0058.jpg 1 26 36 58 58
0280_0007_0063_0027_0027.jpg 1 7 63 27 27
0281_0013_0017_0064_0064.jpg 1 13 17 64 64
0282_0064_0012_0028_0028.jpg 1 64 12 28 28
0283_0018_0024_0067_0067.jpg 1 18 24 67 67
0284_0027_0015_0050_0050.jpg 1 27 15 50 50
0285_0029_0038_0052_0052.jpg 1 29 38 52 52
0286_0044_0011_0047_0047.jpg 1 44 11 47 47
0287_0059_0036_0032_0032.jpg 1 59 36 32 32
0288_0007_0035_0030_0030.jpg 1 7 35 30 30
0289_0018_0016_0067_0067.jpg 1 18 16 67 67
0290_0047_0059_0024_0024.jpg 1 47 59 24 24
0291_0032_0007_0062_0062.jpg 1 32 7 62 62
0292_0015_0038_0045_0045.jpg 1 15 38 45 45
0293_0037_0049_0036_0036.jpg 1 37 49 36 36
0294_0011_0009_0060_0060.jpg 1 11 9 60 60
0295_0025_0007_0031_0031.jpg 1 25 7 31 31
0296_0030_0038_0056_0056.jpg 1 30 38 56 56
0297_0011_0021_0058_0058.jpg 1 11 21 58 58
0298_0026_0021_0061_0061.jpg 1 26 21 61 61
0299_0034_0012_0054_0054.jpg 1 34 12 54 54
0300_0011_0012_0057_0057.jpg 1 11 12 57 57
0301_0032_0029_0062_0062.jpg 1 32 29 62 62
0302_0018_0018_0041_0041.jpg 1 18 18 41 41
0303_0010_0026_0068_0068.jpg 1 10 26 68 68
0304_0058_0064_0025_0025.jpg 1 58 64 25 25
0305_0012_0029_0062_0062.jpg 1 12 29 62 62
0306_0021_0024_0055_0055.jpg 1 21 24 55 55
0307_0018_0006_0049_0049.jpg 1 18 6 49 49
0308_0029_0033_0052_0052.jpg 1 29 33 52 52
0309_0010_0042_0048_0048.jpg 1 10 42 48 48
0310_0022_0036_0028_0028.jpg 1 22 36 28 28
0311_0020_0013_0032_0032.jpg 1 20 13 32 32
0312_0030_0030_0044_0044.jpg 1 30 30 44 44
0313_0055_0012_0032_0032.jpg 1 55 12 32 32
0314_0014_0031_0049_0049.jpg 1 14 31 49 49
0315_0008_0055_0026_0026.jpg 1 8 55 26 26
0316_0031_0030_0061_0061.jpg 1 31 30 61 61
0317_0037_0022_0026_0026.jpg 1 37 22 26 26
0318_0004_0020_0069_0069.jpg 1 4 20 69 69
0319_0035_0033_0053_0053.jpg 1 35 33 53 53
0320_0039_0042_0043_0043.jpg 1 39 42 43 43
0321_0043_0023_0026_0026.jpg 1 43 23 26 26
0322_0037_0042_0049_0049.jpg 1 37 42 49 49
0323_0019_0023_0063_0063.jpg 1 19 23 63 63
0324_0061_0035_0030_0030.jpg 1 61 35 30 30
0325_0021_0027_0053_0053.jpg 1 21 27 53 53
0326_0040_0027_0053_0053.jpg 1 40 27 53 53
0327_0023_0040_0054_0054.jpg 1 23 40 54 54
0328_0056_0039_0031_0031.jpg 1 56 39 31 31
0329_0024_0066_0025_0025.jpg 1 24 66 25 25
0330_0042_0038_0049_0049.jpg 1 42 38 49 49
0331_0010_0009_0051_0051.jpg 1 10 9 51 51
0332_0042_0048_0033_0033.jpg 1 42 48 33 33
0333_0010_0044_0027_0027.jpg 1 10 44 27 27
0334_0031_0024_0060_0060.jpg 1 31 24 60 60
0335_0013_0015_0054_0054.jpg 1 13 15 54 54
0336_0024_0026_0053_0053.jpg 1 24 26 53 53
0337_0018_0017_0041_0041.jpg 1 18 17 41 41
0338_0021_0009_0063_0063.jpg 1 21 9 63 63
0339_0018_0016_0069_0069.jpg 1 18 16 69 69
0340_0031_0029_0062_0062.jpg 1 31 29 62 62
0341_0019_0022_0064_0064.jpg 1 19 22 64 64
0342_0047_0041_0032_0032.jpg 1 47 41 32 32
0343_0044_0019_0026_0026.jpg 1 44 19 26 26
0344_0025_0021_0065_0065.jpg 1 25 21 65 65
0345_0037_0018_0053_0053.jpg 1 37 18 53 53
0346_0037_0020_0033_0033.jpg 1 37 20 33 33
0347_0037_0026_0051_0051.jpg 1 37 26 51 51
0348_0036_0005_0057_0057.jpg 1 36 5 57 57
0349_0011_0036_0025_0025.jpg 1 11 36 25 25
0350_0007_0027_0057_0057.jpg 1 7 27 57 57
0351_0032_0019_0045_0045.jpg 1 32 19 45 45
0352_0038_0030_0024_0024.jpg 1 38 30 24 24
0353_0012_0023_0066_0066.jpg 1 12 23 66 66
0354_0020_0017_0055_0055.jpg 1 20 17 55 55
0355_0013_0012_0055_0055.jpg 1 13 12 55 55
0356_0056_0052_0031_0031.jpg 1 56 52 31 31
0357_0020_0040_0044_0044.jpg 1 20 40 44 44
0358_0020_0054_0035_0035.jpg 1 20 54 35 35
0359_0028_0037_0050_0050.jpg 1 28 37 50 50
0360_0025_0034_0059_0059.jpg 1 25 34 59 59
0361_0026_0029_0030_0030.jpg 1 26 29 30 30
0362_0021_0008_0051_0051.jpg 1 21 8 51 51
0363_0019_0038_0040_0040.jpg 1 19 38 40 40
0364_0026_0040_0053_0053.jpg 1 26 40 53 53
0365_0050_0056_0027_0027.jpg 1 50 56 27 27
0366_0026_0016_0053_0053.jpg 1 26 16 53 53
0367_0028_0041_0044_0044.jpg 1 28 41 44 44
0368_0062_0066_0026_0026.jpg 1 62 66 26 26
0369_0016_0019_0027_0027.jpg 1 16 19 27 27
0370_0013_0035_0060_0060.jpg 1 13 35 60 60
0371_0038_0019_0026_0026.jpg 1 38 19 26 26
0372_0049_0014_0036_0036.jpg 1 49 14 36 36
0373_0054_0030_0033_0033.jpg 1 54 30 33 33
0374_0024_0009_0046_0046.jpg 1 24 9 46 46
0375_0022_0012_0064_0064.jpg 1 22 12 64 64
0376_0010_0036_0055_0055.jpg 1 10 36 55 55
0377_0029_0017_0037_0037.jpg 1 29 17 37 37
0378_0024_0045_0047_0047.jpg 1 24 45 47 47
0379_0056_0029_0025_0025.jpg 1 56 29 25 25
0380_0023_0007_0056_0056.jpg 1 23 7 56 56
0381_0023_0022_0056_0056.jpg 1 23 22 56 56
0382_0038_0008_0031_0031.jpg 1 38 8 31 31
0383_0054_0020_0036_0036.jpg 1 54 20 36 36
0384_0051_0058_0030_0030.jpg 1 51 58 30 30
0385_0034_0050_0033_0033.jpg 1 34 50 33 33
0386_0030_0026_0060_0060.jpg 1 30 26 60 60
0387_0038_0026_0039_0039.jpg 1 38 26 39 39
0388_0008_0025_0060_0060.jpg 1 8 25 60 60
0389_0037_0019_0025_0025.jpg 1 37 19 25 25
0390_0034_0028_0059_0059.jpg 1 34 28 59 59
0391_0030_0041_0054_0054.jpg 1 30 41 54 54
0392_0052_0040_0028_0028.jpg 1 52 40 28 28
0393_0009_0026_0050_0050.jpg 1 9 26 50 50
0394_0018_0010_0064_0064.jpg 1 18 10 64 64
0395_0047_0014_0030_0030.jpg 1 47 14 30 30
0396_0028_0013_0035_0035.jpg 1 28 13 35 35
0397_0032_0027_0031_0031.jpg 1 32 27 31 31
0398_0032_0025_0054_0054.jpg 1 32 25 54 54
0399_0012_0032_0062_0062.jpg 1 12 32 62 62
0400_0019_0044_0048_0048.jpg 1 19 44 48 48
0401_0011_0018_0031_0031.jpg 1 11 18 31 31
0402_0033_0009_0028_0028.jpg 1 33 9 28 28
0403_0009_0009_0056_0056.jpg 1 9 9 56 56
0404_0031_0015_0050_0050.jpg 1 31 15 50 50
0405_0029_0044_0031_0031.jpg 1 29 44 31 31
0406_0023_0061_0026_0026.jpg 1 23 61 26 26
0407_0027_0009_0065_0065.jpg 1 27 9 65 65
0408_0004_0017_0064_0064.jpg 1 4 17 64 64
0409_0039_0039_0024_0024.jpg 1 39 39 24 24
0410_0027_0039_0040_0040.jpg 1 27 39 40 40
0411_0028_0037_0028_0028.jpg 1 28 37 28 28
0412_0017_0011_0068_0068.jpg 1 17 11 68 68
0413_0029_0006_0063_0063.jpg 1 29 6 63 63
0414_0005_0026_0051_0051.jpg 1 5 26 51 51
0415_0022_0005_0052_0052.jpg 1 22 5 52 52
0416_0014_0014_0063_0063.jpg 1 14 14 63 63
0417_0034_0004_0062_0062.jpg 1 34 4 62 62
0418_0036_0045_0046_0046.jpg 1 36 45 46 46
0419_0016_0019_0054_0054.jpg 1 16 19 54 54
0420_0050_0056_0031_0031.jpg 1 50 56 31 31
0421_0033_0017_0046_0046.jpg 1 33 17 46 46
0422_0004_0007_0069_0069.jpg 1 4 7 69 69
0423_0020_0012_0064_0064.jpg 1 20 12 64 64
0424_0057_0056_0030_0030.jpg 1 57 56 30 30
0425_0019_0021_0069_0069.jpg 1 19 21 69 69
0426_0037_0035_0056_0056.jpg 1 37 35 56 56
0427_0026_0022_0067_0067.jpg 1 26 22 67 67
0428_0038_0054_0029_0029.jpg 1 38 54 29 29
0429_0057_0017_0024_0024.jpg 1 57 17 24 24
0430_0021_0017_0046_0046.jpg 1 21 17 46 46
0431_0016_0053_0024_0024.jpg 1 16 53 24 24
0432_0014_0014_0055_0055.jpg 1 14 14 55 55
0433_0036_0044_0049_0049.jpg 1 36 44 49 49
0434_0030_0016_0027_0027.jpg 1 30 16 27 27
0435_0040_0026_0041_0041.jpg 1 40 26 41 41
0436_0017_0035_0026_0026.jpg 1 17 35 26 26
0437_0027_0046_0033_0033.jpg 1 27 46 33 33
0438_0026_0008_0060_0060.jpg 1 26 8 60 60
0439_0034_0029_0053_0053.jpg 1 34 29 53 53
0440_0008_0011_0063_0063.jpg 1 8 11 63 63
0441_0027_0059_0026_0026.jpg 1 27 59 26 26
0442_0042_0026_0036_0036.jpg 1 42 26 36 36
0443_0055_0021_0028_0028.jpg 1 55 21 28 28
0444_0058_0016_0028_0028.jpg 1 58 16 28 28
0445_0031_0016_0057_0057.jpg 1 31 16 57 57
0446_0014_0056_0031_0031.jpg 1 14 56 31 31
0447_0020_0027_0060_0060.jpg 1 20 27 60 60
0448_0017_0020_0026_0026.jpg 1 17 20 26 26
0449_0047_0056_0035_0035.jpg 1 47 56 35 35
0450_0021_0052_0024_0024.jpg 1 21 52 24 24
0451_0033_0027_0037_0037.jpg 1 33 27 37 37
0452_0038_0035_0030_0030.jpg 1 38 35 30 30
0453_0030_0041_0025_0025.jpg 1 30 41 25 25
0454_0031_0007_0029_0029.jpg 1 31 7 29 29
0455_0011_0014_0030_0030.jpg 1 11 14 30 30
0456_0026_0020_0057_0057.jpg 1 26 20 57 57
0457_0008_0020_0037_0037.jpg 1 8 20 37 37
0458_0009_0054_0027_0027.jpg 1 9 54 27 27
0459_0028_0021_0065_0065.jpg 1 28 21 65 65
0460_0023_0007_0066_0066.jpg 1 23 7 66 66
0461_0026_0017_0065_0065.jpg 1 26 17 65 65
0462_0029_0016_0064_0064.jpg 1 29 16 64 64
0463_0031_0009_0051_0051.jpg 1 31 9 51 51
0464_0054_0050_0029_0029.jpg 1 54 50 29 29
0465_0006_0037_0051_0051.jpg 1 6 37 51 51
0466_0017_0052_0040_0040.jpg 1 17 52 40 40
0467_0057_0022_0030_0030.jpg 1 57 22 30 30
0468_0010_0032_0063_0063.jpg 1 10 32 63 63
0469_0034_0019_0054_0054.jpg 1 34 19 54 54
0470_0029_0041_0051_0051.jpg 1 29 41 51 51
0471_0022_0011_0062_0062.jpg 1 22 11 62 62
0472_0005_0043_0044_0044.jpg 1 5 43 44 44
0473_0057_0024_0030_0030.jpg 1 57 24 30 30
0474_0050_0014_0030_0030.jpg 1 50 14 30 30
0475_0037_0039_0051_0051.jpg 1 37 39 51 51
0476_0058_0022_0033_0033.jpg 1 58 22 33 33
0477_0003_0024_0066_0066.jpg 1 3 24 66 66
0478_0009_0040_0052_0052.jpg 1 9 40 52 52
0479_0040_0061_0028_0028.jpg 1 40 61 28 28
0480_0021_0008_0043_0043.jpg 1 21 8 43 43
0481_0042_0008_0050_0050.jpg 1 42 8 50 50
0482_0059_0054_0028_0028.jpg 1 59 54 28 28
0483_0013_0026_0052_0052.jpg 1 13 26 52 52
0484_0043_0041_0048_0048.jpg 1 43 41 48 48
0485_0018_0018_0050_0050.jpg 1 18 18 50 50
0486_0023_0060_0027_0027.jpg 1 23 60 27 27
0487_0010_0044_0028_0028.jpg 1 10 44 28 28
0488_0003_0025_0065_0065.jpg 1 3 25 65 65
0489_0033_0040_0031_0031.jpg 1 33 40 31 31
0490_0057_0043_0029_0029.jpg 1 57 43 29 29
0491_0008_0021_0067_0067.jpg 1 8 21 67 67
0492_0010_0032_0057_0057.jpg 1 10 32 57 57
0493_0029_0007_0066_0066.jpg 1 29 7 66 66
0494_0008_0022_0046_0046.jpg 1 8 22 46 46
0495_0050_0010_0032_0032.jpg 1 50 10 32 32
0496_0028_0027_0044_0044.jpg 1 28 27 44 44
0497_0017_0030_0056_0056.jpg 1 17 30 56 56
0498_0014_0035_0043_0043.jpg 1 14 35 43 43
0499_0010_0037_0029_0029.jpg 1 10 37 29 29
0500_0025_0027_0063_0063.jpg 1 25 27 63 63
0501_0007_0035_0044_0044.jpg 1 7 35 44 44
0502_0023_0030_0053_0053.jpg 1 23 30 53 53
0503_0014_0017_0069_0069.jpg 1 14 17 69 69
0504_0022_0047_0042_0042.jpg 1 22 47 42 42
0505_0013_0013_0059_0059.jpg 1 13 13 59 59
0506_0035_0020_0052_0052.jpg 1 35 20 52 52
0507_0012_0031_0051_0051.jpg 1 12 31 51 51
0508_0021_0028_0068_0068.jpg 1 21 28 68 68
0509_0067_0021_0024_0024.jpg 1 67 21 24 24
0510_0050_0018_0032_0032.jpg 1 50 18 32 32
0511_0007_0017_0052_0052.jpg 1 7 17 52 52
0512_0032_0006_0045_0045.jpg 1 32 6 45 45
0513_0045_0022_0028_0028.jpg 1 45 22 28 28
0514_0016_0019_0045_0045.jpg 1 16 19 45 45
0515_0010_0015_0063_0063.jpg 1 10 15 63 63
0516_0026_0044_0041_0041.jpg 1 26 44 41 41
0517_0013_0022_0065_0065.jpg 1 13 22 65 65
0518_0025_0033_0040_0040.jpg 1 25 33 40 40
0519_0027_0042_0033_0033.jpg 1 27 42 33 33
0520_0034_0026_0052_0052.jpg 1 34 26 52 52
0521_0041_0042_0039_0039.jpg 1 41 42 39 39
0522_0003_0020_0067_0067.jpg 1 3 20 67 67
0523_0011_0005_0046_0046.jpg 1 11 5 46 46
0524_0024_0052_0038_0038.jpg 1 24 52 38 38
0525_0016_0030_0034_0034.jpg 1 16 30 34 34
0526_0023_0029_0034_0034.jpg 1 23 29 34 34
0527_0029_0029_0065_0065.jpg 1 29 29 65 65
0528_0014_0060_0031_0031.jpg 1 14 60 31 31
0529_0037_0013_0058_0058.jpg 1 37 13 58 58
0530_0031_0029_0059_0059.jpg 1 31 29 59 59
0531_0034_0014_0052_0052.jpg 1 34 14 52 52
0532_0023_0016_0064_0064.jpg 1 23 16 64 64
0533_0044_0052_0041_0041.jpg 1 44 52 41 41
0534_0020_0030_0066_0066.jpg 1 20 30 66 66
0535_0030_0034_0050_0050.jpg 1 30 34 50 50
0536_0038_0010_0045_0045.jpg 1 38 10 45 45
0537_0017_0025_0060_0060.jpg 1 17 25 60 60
0538_0044_0027_0049_0049.jpg 1 44 27 49 49
0539_0026_0037_0052_0052.jpg 1 26 37 52 52
0540_0038_0065_0025_0025.jpg 1 38 65 25 25
0541_0016_0012_0063_0063.jpg 1 16 12 63 63
0542_0027_0040_0041_0041.jpg 1 27 40 41 41
0543_0006_0031_0052_0052.jpg 1 6 31 52 52
0544_0041_0047_0027_0027.jpg 1 41 47 27 27
0545_0056_0031_0028_0028.jpg 1 56 31 28 28
0546_0008_0026_0041_0041.jpg 1 8 26 41 41
0547_0027_0004_0063_0063.jpg 1 27 4 63 63
0548_0027_0031_0055_0055.jpg 1 27 31 55 55
0549_0030_0034_0059_0059.jpg 1 30 34 59 59
0550_0027_0040_0042_0042.jpg 1 27 40 42 42
0551_0009_0014_0029_0029.jpg 1 9 14 29 29
0552_0014_0010_0044_0044.jpg 1 14 10 44 44
0553_0020_0012_0033_0033.jpg 1 20 12 33 33
0554_0033_0032_0027_0027.jpg 1 33 32 27 27
0555_0033_0044_0047_0047.jpg 1 33 44 47 47
0556_0025_0024_0052_0052.jpg 1 25 24 52 52
0557_0004_0016_0061_0061.jpg 1 4 16 61 61
0558_0037_0036_0050_0050.jpg 1 37 36 50 50
0559_0046_0053_0031_0031.jpg 1 46 53 31 31
0560_0024_0006_0069_0069.jpg 1 24 6 69 69
0561_0022_0010_0034_0034.jpg 1 22 10 34 34
0562_0052_0039_0035_0035.jpg 1 52 39 35 35
0563_0024_0062_0024_0024.jpg 1 24 62 24 24
0564_0026_0036_0047_0047.jpg 1 26 36 47 47
0565_0008_0041_0037_0037.jpg 1 8 41 37 37
0566_0017_0014_0066_0066.jpg 1 17 14 66 66
0567_0013_0011_0068_0068.jpg 1 13 11 68 68
0568_0021_0026_0050_0050.jpg 1 21 26 50 50
0569_0026_0031_0062_0062.jpg 1 26 31 62 62
0570_0018_0051_0024_0024.jpg 1 18 51 24 24
0571_0040_0027_0037_0037.jpg 1 40 27 37 37
0572_0020_0006_0069_0069.jpg 1 20 6 69 69
0573_0010_0027_0041_0041.jpg 1 10 27 41 41
0574_0027_0010_0066_0066.jpg 1 27 10 66 66
0575_0005_0028_0061_0061.jpg 1 5 28 61 61
0576_0019_0056_0029_0029.jpg 1 19 56 29 29
0577_0036_0031_0047_0047.jpg 1 36 31 47 47
0578_0026_0032_0033_0033.jpg 1 26 32 33 33
0579_0029_0028_0058_0058.jpg 1 29 28 58 58
0580_0028_0026_0063_0063.jpg 1 28 26 63 63
0581_0006_0011_0066_0066.jpg 1 6 11 66 66
0582_0044_0051_0024_0024.jpg 1 44 51 24 24
0583_0037_0049_0029_0029.jpg 1 37 49 29 29
0584_0029_0022_0024_0024.jpg 1 29 22 24 24
0585_0016_0006_0061_0061.jpg 1 16 6 61 61
0586_0009_0022_0047_0047.jpg 1 9 22 47 47
0587_0013_0009_0053_0053.jpg 1 13 9 53 53
0588_0035_0025_0058_0058.jpg 1 35 25 58 58
0589_0037_0044_0027_0027.jpg 1 37 44 27 27
0590_0013_0007_0067_0067.jpg 1 13 7 67 67
0591_0061_0028_0028_0028.jpg 1 61 28 28 28
0592_0009_0029_0042_0042.jpg 1 9 29 42 42
0593_0065_0029_0026_0026.jpg 1 65 29 26 26
0594_0025_0031_0058_0058.jpg 1 25 31 58 58
0595_0017_0044_0045_0045.jpg 1 17 44 45 45
0596_0051_0055_0030_0030.jpg 1 51 55 30 30
0597_0050_0021_0043_0043.jpg 1 50 21 43 43
0598_0061_0008_0029_0029.jpg 1 61 8 29 29
0599_0020_0007_0065_0065.jpg 1 20 7 65 65
0600_0003_0027_0068_0068.jpg 1 3 27 68 68
0601_0012_0047_0043_0043.jpg 1 12 47 43 43
0602_0044_0041_0035_0035.jpg 1 44 41 35 35
0603_0049_0038_0035_0035.jpg 1 49 38 35 35
0604_0020_0037_0041_0041.jpg 1 20 37 41 41
0605_0041_0030_0026_0026.jpg 1 41 30 26 26
0606_0018_0009_0063_0063.jpg 1 18 9 63 63
0607_0036_0014_0059_0059.jpg 1 36 14 59 59
0608_0024_0020_0047_0047.jpg 1 24 20 47 47
0609_0006_0027_0061_0061.jpg 1 6 27 61 61
0610_0007_0058_0028_0028.jpg 1 7 58 28 28
0611_0064_0067_0025_0025.jpg 1 64 67 25 25
0612_0008_0018_0056_0056.jpg 1 8 18 56 56
0613_0008_0042_0025_0025.jpg 1 8 42 25 25
0614_0029_0009_0048_0048.jpg 1 29 9 48 48
0615_0033_0030_0054_0054.jpg 1 33 30 54 54
0616_0034_0028_0050_0050.jpg 1 34 28 50 50
0617_0014_0015_0024_0024.jpg 1 14 15 24 24
0618_0016_0020_0026_0026.jpg 1 16 20 26 26
0619_0038_0008_0054_0054.jpg 1 38 8 54 54
0620_0034_0036_0049_0049.jpg 1 34 36 49 49
0621_0040_0013_0043_0043.jpg 1 40 13 43 43
0622_0033_0007_0060_0060.jpg 1 33 7 60 60
0623_0029_0006_0067_0067.jpg 1 29 6 67 67
0624_0007_0025_0068_0068.jpg 1 7 25 68 68
0625_0064_0060_0028_0028.jpg 1 64 60 28 28
0626_0052_0029_0028_0028.jpg 1 52 29 28 28
0627_0032_0025_0024_0024.jpg 1 32 25 24 24
0628_0027_0063_0029_0029.jpg 1 27 63 29 29
0629_0021_0015_0040_0040.jpg 1 21 15 40 40
0630_0014_0008_0033_0033.jpg 1 14 8 33 33
0631_0011_0048_0030_0030.jpg 1 11 48 30 30
0632_0017_0042_0040_0040.jpg 1 17 42 40 40
0633_0043_0010_0051_0051.jpg 1 43 10 51 51
0634_0029_0011_0048_0048.jpg 1 29 11 48 48
0635_0013_0042_0042_0042.jpg 1 13 42 42 42
0636_0049_0008_0045_0045.jpg 1 49 8 45 45
0637_0027_0026_0049_0049.jpg 1 27 26 49 49
0638_0022_0035_0060_0060.jpg 1 22 35 60 60
0639_0047_0031_0047_0047.jpg 1 47 31 47 47
0640_0016_0020_0046_0046.jpg 1 16 20 46 46
0641_0037_0009_0052_0052.jpg 1 37 9 52 52
0642_0014_0032_0060_0060.jpg 1 14 32 60 60
0643_0016_0036_0046_0046.jpg 1 16 36 46 46
0644_0023_0030_0065_0065.jpg 1 23 30 65 65
0645_0039_0019_0025_0025.jpg 1 39 19 25 25
0646_0012_0009_0051_0051.jpg 1 12 9 51 51
0647_0024_0049_0025_0025.jpg 1 24 49 25 25
0648_0013_0057_0031_0031.jpg 1 13 57 31 31
0649_0030_0015_0064_0064.jpg 1 30 15 64 64
0650_0010_0024_0062_0062.jpg 1 10 24 62 62
0651_0019_0026_0060_0060.jpg 1 19 26 60 60
0652_0024_0022_0060_0060.jpg 1 24 22 60 60
0653_0007_0036_0048_0048.jpg 1 7 36 48 48
0654_0021_0014_0065_0065.jpg 1 21 14 65 65
0655_0047_0007_0039_0039.jpg 1 47 7 39 39
0656_0016_0015_0041_0041.jpg 1 16 15 41 41
0657_0033_0025_0048_0048.jpg 1 33 25 48 48
0658_0048_0022_0034_0034.jpg 1 48 22 34 34
0659_0025_0021_0026_0026.jpg 1 25 21 26 26
0660_0010_0015_0040_0040.jpg 1 10 15 40 40
0661_0030_0009_0062_0062.jpg 1 30 9 62 62
0662_0024_0020_0066_0066.jpg 1 24 20 66 66
0663_0016_0028_0059_0059.jpg 1 16 28 59 59
0664_0027_0028_0059_0059.jpg 1 27 28 59 59
0665_0044_0025_0024_0024.jpg 1 44 25 24 24
0666_0038_0047_0046_0046.jpg 1 38 47 46 46
0667_0023_0032_0054_0054.jpg 1 23 32 54 54
0668_0030_0031_0060_0060.jpg 1 30 31 60 60
0669_0044_0008_0024_0024.jpg 1 44 8 24 24
0670_0034_0018_0059_0059.jpg 1 34 18 59 59
0671_0034_0045_0046_0046.jpg 1 34 45 46 46
0672_0028_0005_0049_0049.jpg 1 28 5 49 49
0673_0035_0044_0029_0029.jpg 1 35 44 29 29
0674_0034_0014_0056_0056.jpg 1 34 14 56 56
0675_0037_0006_0040_0040.jpg 1 37 6 40 40
0676_0017_0009_0064_0064.jpg 1 17 9 64 64
0677_0009_0019_0055_0055.jpg 1 9 19 55 55
0678_0056_0042_0035_0035.jpg 1 56 42 35 35
0679_0037_0035_0056_0056.jpg 1 37 35 56 56
0680_0023_0047_0033_0033.jpg 1 23 47 33 33
0681_0010_0034_0043_0043.jpg 1 10 34 43 43
0682_0020_0017_0049_0049.jpg 1 20 17 49 49
0683_0033_0023_0058_0058.jpg 1 33 23 58 58
0684_0014_0033_0048_0048.jpg 1 14 33 48 48
0685_0011_0036_0036_0036.jpg 1 11 36 36 36
0686_0019_0009_0041_0041.jpg 1 19 9 41 41
0687_0058_0054_0029_0029.jpg 1 58 54 29 29
0688_0042_0034_0038_0038.jpg 1 42 34 38 38
0689_0043_0032_0030_0030.jpg 1 43 32 30 30
0690_0046_0010_0040_0040.jpg 1 46 10 40 40
0691_0005_0013_0051_0051.jpg 1 5 13 51 51
0692_0018_0044_0048_0048.jpg 1 18 44 48 48
0693_0033_0019_0041_0041.jpg 1 33 19 41 41
0694_0026_0046_0046_0046.jpg 1 26 46 46 46
0695_0011_0049_0042_0042.jpg 1 11 49 42 42
0696_0006_0008_0063_0063.jpg 1 6 8 63 63
0697_0015_0016_0059_0059.jpg 1 15 16 59 59
0698_0036_0023_0059_0059.jpg 1 36 23 59 59
0699_0023_0026_0069_0069.jpg 1 23 26 69 69
0700_0060_0053_0029_0029.jpg 1 60 53 29 29
0701_0035_0034_0054_0054.jpg 1 35 34 54 54
0702_0033_0008_0047_0047.jpg 1 33 8 47 47
0703_0046_0061_0024_0024.jpg 1 46 61 24 24
0704_0010_0030_0045_0045.jpg 1 10 30 45 45
0705_0005_0024_0053_0053.jpg 1 5 24 53 53
0706_0015_0022_0049_0049.jpg 1 15 22 49 49
0707_0035_0050_0028_0028.jpg 1 35 50 28 28
0708_0014_0018_0061_0061.jpg 1 14 18 61 61
0709_0021_0032_0059_0059.jpg 1 21 32 59 59
0710_0010_0036_0039_0039.jpg 1 10 36 39 39
0711_0016_0013_0055_0055.jpg 1 16 13 55 55
0712_0024_0013_0056_0056.jpg 1 24 13 56 56
0713_0019_0008_0051_0051.jpg 1 19 8 51 51
0714_0009_0011_0059_0059.jpg 1 9 11 59 59
0715_0026_0007_0062_0062.jpg 1 26 7 62 62
0716_0021_0059_0029_0029.jpg 1 21 59 29 29
0717_0045_0025_0043_0043.jpg 1 45 25 43 43
0718_0018_0016_0045_0045.jpg 1 18 16 45 45
0719_0011_0035_0057_0057.jpg 1 11 35 57 57
0720_0037_0035_0040_0040.jpg 1 37 35 40 40
0721_0019_0026_0067_0067.jpg 1 19 26 67 67
0722_0034_0038_0045_0045.jpg 1 34 38 45 45
0723_0005_0024_0065_0065.jpg 1 5 24 65 65
0724_0033_0042_0052_0052.jpg 1 33 42 52 52
0725_0007_0019_0066_0066.jpg 1 7 19 66 66
0726_0006_0060_0031_0031.jpg 1 6 60 31 31
0727_0026_0042_0040_0040.jpg 1 26 42 40 40
0728_0005_0017_0069_0069.jpg 1 5 17 69 69
0729_0040_0046_0039_0039.jpg 1 40 46 39 39
0730_0026_0013_0062_0062.jpg 1 26 13 62 62
0731_0035_0025_0060_0060.jpg 1 35 25 60 60
0732_0005_0012_0054_0054.jpg 1 5 12 54 54
0733_0016_0036_0039_0039.jpg 1 16 36 39 39
0734_0026_0044_0050_0050.jpg 1 26 44 50 50
0735_0030_0029_0058_0058.jpg 1 30 29 58 58
0736_0057_0012_0029_0029.jpg 1 57 12 29 29
0737_0011_0022_0055_0055.jpg 1 11 22 55 55
0738_0019_0025_0041_0041.jpg 1 19 25 41 41
0739_0024_0033_0060_0060.jpg 1 24 33 60 60
0740_0041_0038_0048_0048.jpg 1 41 38 48 48
0741_0013_0021_0053_0053.jpg 1 13 21 53 53
0742_0029_0027_0057_0057.jpg 1 29 27 57 57
0743_0005_0014_0054_0054.jpg 1 5 14 54 54
0744_0018_0010_0058_0058.jpg 1 18 10 58 58
0745_0022_0011_0065_0065.jpg 1 22 11 65 65
0746_0014_0052_0025_0025.jpg 1 14 52 25 25
0747_0047_0031_0041_0041.jpg 1 47 31 41 41
0748_0048_0025_0030_0030.jpg 1 48 25 30 30
0749_0037_0029_0054_0054.jpg 1 37 29 54 54
0750_0017_0021_0041_0041.jpg 1 17 21 41 41
0751_0009_0013_0037_0037.jpg 1 9 13 37 37
0752_0058_0026_0032_0032.jpg 1 58 26 32 32
0753_0017_0017_0065_0065.jpg 1 17 17 65 65
0754_0015_0013_0056_0056.jpg 1 15 13 56 56
0755_0029_0006_0042_0042.jpg 1 29 6 42 42
0756_0012_0022_0066_0066.jpg 1 12 22 66 66
0757_0012_0015_0051_0051.jpg 1 12 15 51 51
0758_0034_0026_0055_0055.jpg 1 34 26 55 55
0759_0015_0012_0056_0056.jpg 1 15 12 56 56
0760_0035_0004_0058_0058.jpg 1 35 4 58 58
0761_0017_0023_0050_0050.jpg 1 17 23 50 50
0762_0008_0014_0069_0069.jpg 1 8 14 69 69
0763_0019_0035_0050_0050.jpg 1 19 35 50 50
0764_0028_0039_0054_0054.jpg 1 28 39 54 54
0765_0028_0022_0058_0058.jpg 1 28 22 58 58
0766_0022_0015_0045_0045.jpg 1 22 15 45 45
0767_0033_0035_0025_0025.jpg 1 33 35 25 25
0768_0004_0030_0063_0063.jpg 1 4 30 63 63
0769_0008_0006_0067_0067.jpg 1 8 6 67 67
0770_0018_0019_0041_0041.jpg 1 18 19 41 41
0771_0023_0054_0031_0031.jpg 1 23 54 31 31
0772_0028_0055_0035_0035.jpg 1 28 55 35 35
0773_0017_0035_0050_0050.jpg 1 17 35 50 50
0774_0038_0030_0028_0028.jpg 1 38 30 28 28
0775_0009_0007_0054_0054.jpg 1 9 7 54 54
0776_0028_0018_0047_0047.jpg 1 28 18 47 47
0777_0020_0020_0037_0037.jpg 1 20 20 37 37
0778_0017_0022_0047_0047.jpg 1 17 22 47 47
0779_0025_0005_0065_0065.jpg 1 25 5 65 65
0780_0015_0007_0039_0039.jpg 1 15 7 39 39
0781_0009_0058_0033_0033.jpg 1 9 58 33 33
0782_0024_0057_0030_0030.jpg 1 24 57 30 30
0783_0062_0030_0027_0027.jpg 1 62 30 27 27
0784_0007_0010_0052_0052.jpg 1 7 10 52 52
0785_0020_0026_0028_0028.jpg 1 20 26 28 28
0786_0017_0027_0052_0052.jpg 1 17 27 52 52
0787_0011_0009_0046_0046.jpg 1 11 9 46 46
0788_0018_0023_0060_0060.jpg 1 18 23 60 60
0789_0015_0008_0041_0041.jpg 1 15 8 41 41
0790_0019_0019_0069_0069.jpg 1 19 19 69 69
0791_0004_0021_0066_0066.jpg 1 4 21 66 66
0792_0020_0018_0033_0033.jpg 1 20 18 33 33
0793_0020_0038_0055_0055.jpg 1 20 38 55 55
0794_0035_0037_0047_0047.jpg 1 35 37 47 47
0795_0010_0004_0053_0053.jpg 1 10 4 53 53
0796_0015_0029_0065_0065.jpg 1 15 29 65 65
0797_0024_0017_0035_0035.jpg 1 24 17 35 35
0798_0004_0027_0053_0053.jpg 1 4 27 53 53
0799_0009_0004_0068_0068.jpg 1 9 4 68 68
0800_0028_0046_0031_0031.jpg 1 28 46 31 31
0801_0022_0037_0034_0034.jpg 1 22 37 34 34
0802_0009_0027_0060_0060.jpg 1 9 27 60 60
0803_0019_0013_0024_0024.jpg 1 19 13 24 24
0804_0051_0040_0035_0035.jpg 1 51 40 35 35
0805_0013_0011_0050_0050.jpg 1 13 11 50 50
0806_0021_0029_0059_0059.jpg 1 21 29 59 59
0807_0028_0046_0026_0026.jpg 1 28 46 26 26
0808_0021_0036_0036_0036.jpg 1 21 36 36 36
0809_0030_0020_0057_0057.jpg 1 30 20 57 57
0810_0007_0023_0069_0069.jpg 1 7 23 69 69
0811_0003_0026_0063_0063.jpg 1 3 26 63 63
0812_0014_0050_0041_0041.jpg 1 14 50 41 41
0813_0055_0026_0028_0028.jpg 1 55 26 28 28
0814_0029_0018_0063_0063.jpg 1 29 18 63 63
0815_0014_0021_0064_0064.jpg 1 14 21 64 64
0816_0022_0023_0046_0046.jpg 1 22 23 46 46
0817_0041_0019_0032_0032.jpg 1 41 19 32 32
0818_0010_0033_0031_0031.jpg 1 10 33 31 31
0819_0035_0046_0044_0044.jpg 1 35 46 44 44
0820_0062_0016_0026_0026.jpg 1 62 16 26 26
0821_0056_0017_0032_0032.jpg 1 56 17 32 32
0822_0026_0017_0024_0024.jpg 1 26 17 24 24
0823_0008_0030_0060_0060.jpg 1 8 30 60 60
0824_0040_0032_0024_0024.jpg 1 40 32 24 24
0825_0013_0016_0059_0059.jpg 1 13 16 59 59
0826_0033_0014_0055_0055.jpg 1 33 14 55 55
0827_0027_0036_0049_0049.jpg 1 27 36 49 49
0828_0029_0008_0048_0048.jpg 1 29 8 48 48
0829_0009_0030_0059_0059.jpg 1 9 30 59 59
0830_0009_0014_0037_0037.jpg 1 9 14 37 37
0831_0052_0038_0035_0035.jpg 1 52 38 35 35
0832_0015_0014_0054_0054.jpg 1 15 14 54 54
0833_0051_0044_0032_0032.jpg 1 51 44 32 32
0834_0057_0045_0033_0033.jpg 1 57 45 33 33
0835_0023_0013_0057_0057.jpg 1 23 13 57 57
0836_0012_0028_0028_0028.jpg 1 12 28 28 28
0837_0052_0052_0039_0039.jpg 1 52 52 39 39
0838_0009_0036_0048_0048.jpg 1 9 36 48 48
0839_0030_0008_0026_0026.jpg 1 30 8 26 26
0840_0017_0015_0027_0027.jpg 1 17 15 27 27
0841_0016_0027_0069_0069.jpg 1 16 27 69 69
0842_0028_0031_0029_0029.jpg 1 28 31 29 29
0843_0043_0035_0049_0049.jpg 1 43 35 49 49
0844_0017_0037_0040_0040.jpg 1 17 37 40 40
0845_0035_0043_0044_0044.jpg 1 35 43 44 44
0846_0036_0062_0026_0026.jpg 1 36 62 26 26
0847_0037_0014_0054_0054.jpg 1 37 14 54 54
0848_0014_0027_0064_0064.jpg 1 14 27 64 64
0849_0049_0021_0030_0030.jpg 1 49 21 30 30
0850_0014_0010_0029_0029.jpg 1 14 10 29 29
0851_0064_0011_0025_0025.jpg 1 64 11 25 25
0852_0031_0035_0050_0050.jpg 1 31 35 50 50
0853_0030_0040_0050_0050.jpg 1 30 40 50 50
0854_0017_0043_0050_0050.jpg 1 17 43 50 50
0855_0061_0023_0029_0029.jpg 1 61 23 29 29
0856_0023_0025_0049_0049.jpg 1 23 25 49 49
0857_0025_0048_0040_0040.jpg 1 25 48 40 40
0858_0064_0035_0026_0026.jpg 1 64 35 26 26
0859_0014_0012_0066_0066.jpg 1 14 12 66 66
0860_0052_0009_0038_0038.jpg 1 52 9 38 38
0861_0015_0012_0065_0065.jpg 1 15 12 65 65
0862_0014_0053_0039_0039.jpg 1 14 53 39 39
0863_0055_0013_0035_0035.jpg 1 55 13 35 35
0864_0053_0029_0034_0034.jpg 1 53 29 34 34
0865_0040_0058_0026_0026.jpg 1 40 58 26 26
0866_0018_0030_0028_0028.jpg 1 18 30 28 28
0867_0016_0029_0056_0056.jpg 1 16 29 56 56
0868_0028_0029_0046_0046.jpg 1 28 29 46 46
0869_0030_0015_0046_0046.jpg 1 30 15 46 46
0870_0041_0042_0025_0025.jpg 1 41 42 25 25
0871_0031_0014_0044_0044.jpg 1 31 14 44 44
0872_0011_0018_0057_0057.jpg 1 11 18 57 57
0873_0052_0032_0040_0040.jpg 1 52 32 40 40
0874_0016_0022_0066_0066.jpg 1 16 22 66 66
0875_0050_0031_0025_0025.jpg 1 50 31 25 25
0876_0019_0026_0067_0067.jpg 1 19 26 67 67
0877_0025_0056_0030_0030.jpg 1 25 56 30 30
0878_0031_0004_0060_0060.jpg 1 31 4 60 60
0879_0009_0010_0030_0030.jpg 1 9 10 30 30
0880_0048_0038_0034_0034.jpg 1 48 38 34 34
0881_0005_0033_0060_0060.jpg 1 5 33 60 60
0882_0013_0015_0067_0067.jpg 1 13 15 67 67
0883_0017_0027_0026_0026.jpg 1 17 27 26 26
0884_0052_0020_0041_0041.jpg 1 52 20 41 41
0885_0066_0031_0024_0024.jpg 1 66 31 24 24
0886_0008_0010_0069_0069.jpg 1 8 10 69 69
0887_0042_0011_0043_0043.jpg 1 42 11 43 43
0888_0056_0014_0025_0025.jpg 1 56 14 25 25
0889_0050_0030_0028_0028.jpg 1 50 30 28 28
0890_0050_0054_0037_0037.jpg 1 50 54 37 37
0891_0027_0007_0043_0043.jpg 1 27 7 43 43
0892_0029_0042_0050_0050.jpg 1 29 42 50 50
0893_0021_0023_0067_0067.jpg 1 21 23 67 67
0894_0017_0020_0069_0069.jpg 1 17 20 69 69
0895_0026_0031_0046_0046.jpg 1 26 31 46 46
0896_0017_0018_0040_0040.jpg 1 17 18 40 40
0897_0013_0022_0039_0039.jpg 1 13 22 39 39
0898_0010_0022_0059_0059.jpg 1 10 22 59 59
0899_0063_0044_0025_0025.jpg 1 63 44 25 25
0900_0043_0048_0033_0033.jpg 1 43 48 33 33
0901_0009_0015_0031_0031.jpg 1 9 15 31 31
0902_0009_0037_0051_0051.jpg 1 9 37 51 51
0903_0010_0037_0042_0042.jpg 1 10 37 42 42
0904_0020_0049_0026_0026.jpg 1 20 49 26 26
0905_0021_0021_0058_0058.jpg 1 21 21 58 58
0906_0050_0011_0043_0043.jpg 1 50 11 43 43
0907_0045_0024_0025_0025.jpg 1 45 24 25 25
0908_0053_0039_0037_0037.jpg 1 53 39 37 37
0909_0009_0040_0053_0053.jpg 1 9 40 53 53
0910_0012_0012_0069_0069.jpg 1 12 12 69 69
0911_0032_0010_0061_0061.jpg 1 32 10 61 61
0912_0026_0015_0031_0031.jpg 1 26 15 31 31
0913_0016_0006_0062_0062.jpg 1 16 6 62 62
0914_0058_0021_0034_0034.jpg 1 58 21 34 34
0915_0021_0018_0062_0062.jpg 1 21 18 62 62
0916_0040_0051_0032_0032.jpg 1 40 51 32 32
0917_0034_0054_0037_0037.jpg 1 34 54 37 37
0918_0010_0021_0044_0044.jpg 1 10 21 44 44
0919_0021_0009_0026_0026.jpg 1 21 9 26 26
0920_0009_0033_0042_0042.jpg 1 9 33 42 42
0921_0014_0005_0061_0061.jpg 1 14 5 61 61
0922_0035_0020_0057_0057.jpg 1 35 20 57 57
0923_0044_0047_0038_0038.jpg 1 44 47 38 38
0924_0009_0032_0034_0034.jpg 1 9 32 34 34
0925_0025_0041_0050_0050.jpg 1 25 41 50 50
0926_0008_0036_0034_0034.jpg 1 8 36 34 34
0927_0014_0045_0042_0042.jpg 1 14 45 42 42
0928_0053_0008_0024_0024.jpg 1 53 8 24 24
0929_0023_0003_0066_0066.jpg 1 23 3 66 66
0930_0017_0022_0055_0055.jpg 1 17 22 55 55
0931_0013_0013_0041_0041.jpg 1 13 13 41 41
0932_0013_0030_0032_0032.jpg 1 13 30 32 32
0933_0029_0016_0043_0043.jpg 1 29 16 43 43
0934_0048_0046_0041_0041.jpg 1 48 46 41 41
0935_0008_0038_0053_0053.jpg 1 8 38 53 53
0936_0024_0016_0044_0044.jpg 1 24 16 44 44
0937_0008_0010_0067_0067.jpg 1 8 10 67 67
0938_0018_0027_0044_0044.jpg 1 18 27 44 44
0939_0008_0011_0036_0036.jpg 1 8 11 36 36
0940_0052_0019_0040_0040.jpg 1 52 19 40 40
0941_0041_0011_0049_0049.jpg 1 41 11 49 49
0942_0023_0010_0067_0067.jpg 1 23 10 67 67
0943_0019_0015_0055_0055.jpg 1 19 15 55 55
0944_0053_0042_0036_0036.jpg 1 53 42 36 36
0945_0018_0025_0066_0066.jpg 1 18 25 66 66
0946_0008_0020_0054_0054.jpg 1 8 20 54 54
0947_0012_0021_0068_0068.jpg 1 12 21 68 68
0948_0011_0025_0066_0066.jpg 1 11 25 66 66
0949_0006_0027_0069_0069.jpg 1 6 27 69 69
0950_0010_0019_0047_0047.jpg 1 10 19 47 47
0951_0027_0003_0068_0068.jpg 1 27 3 68 68
0952_0063_0060_0025_0025.jpg 1 63 60 25 25
0953_0023_0017_0046_0046.jpg 1 23 17 46 46
0954_0017_0017_0066_0066.jpg 1 17 17 66 66
0955_0022_0011_0067_0067.jpg 1 22 11 67 67
0956_0012_0006_0056_0056.jpg 1 12 6 56 56
0957_0027_0015_0047_0047.jpg 1 27 15 47 47
0958_0021_0005_0044_0044.jpg 1 21 5 44 44
0959_0011_0038_0031_0031.jpg 1 11 38 31 31
0960_0025_0046_0034_0034.jpg 1 25 46 34 34
0961_0040_0018_0042_0042.jpg 1 40 18 42 42
0962_0040_0057_0028_0028.jpg 1 40 57 28 28
0963_0048_0011_0042_0042.jpg 1 48 11 42 42
0964_0017_0010_0025_0025.jpg 1 17 10 25 25
0965_0028_0052_0030_0030.jpg 1 28 52 30 30
0966_0005_0040_0048_0048.jpg 1 5 40 48 48
0967_0004_0020_0063_0063.jpg 1 4 20 63 63
0968_0030_0015_0065_0065.jpg 1 30 15 65 65
0969_0020_0011_0037_0037.jpg 1 20 11 37 37
0970_0026_0033_0060_0060.jpg 1 26 33 60 60
0971_0015_0021_0069_0069.jpg 1 15 21 69 69
0972_0015_0039_0044_0044.jpg 1 15 39 44 44
0973_0014_0018_0046_0046.jpg 1 14 18 46 46
0974_0008_0018_0066_0066.jpg 1 8 18 66 66
0975_0015_0005_0061_0061.jpg 1 15 5 61 61
0976_0056_0057_0033_0033.jpg 1 56 57 33 33
0977_0036_0021_0054_0054.jpg 1 36 21 54 54
0978_0012_0005_0065_0065.jpg 1 12 5 65 65
0979_0029_0022_0038_0038.jpg 1 29 22 38 38
0980_0020_0005_0058_0058.jpg 1 20 5 58 58
0981_0034_0028_0045_0045.jpg 1 34 28 45 45
0982_0009_0011_0047_0047.jpg 1 9 11 47 47
0983_0016_0046_0046_0046.jpg 1 16 46 46 46
0984_0017_0006_0058_0058.jpg 1 17 6 58 58
0985_0010_0020_0057_0057.jpg 1 10 20 57 57
0986_0017_0042_0025_0025.jpg 1 17 42 25 25
0987_0020_0008_0067_0067.jpg 1 20 8 67 67
0988_0009_0046_0043_0043.jpg 1 9 46 43 43
0989_0030_0022_0060_0060.jpg 1 30 22 60 60
0990_0027_0005_0051_0051.jpg 1 27 5 51 51
0991_0013_0008_0036_0036.jpg 1 13 8 36 36
0992_0023_0030_0036_0036.jpg 1 23 30 36 36
0993_0039_0044_0048_0048.jpg 1 39 44 48 48
0994_0008_0031_0033_0033.jpg 1 8 31 33 33
0995_0037_0017_0039_0039.jpg 1 37 17 39 39
0996_0022_0008_0059_0059.jpg 1 22 8 59 59
0997_0029_0039_0053_0053.jpg 1 29 39 53 53
0998_0006_0010_0059_0059.jpg 1 6 10 59 59
0999_0014_0004_0060_0060.jpg 1 14 4 60 60
1000_0018_0017_0067_0067.jpg 1 18 17 67 67
1001_0022_0016_0050_0050.jpg 1 22 16 50 50
1002_0022_0041_0053_0053.jpg 1 22 41 53 53
1003_0057_0040_0027_0027.jpg 1 57 40 27 27
1004_0032_0007_0054_0054.jpg 1 32 7 54 54
1005_0014_0029_0026_0026.jpg 1 14 29 26 26
1006_0064_0045_0026_0026.jpg 1 64 45 26 26
1007_0028_0030_0062_0062.jpg 1 28 30 62 62
1008_0042_0016_0042_0042.jpg 1 42 16 42 42
1009_0015_0056_0033_0033.jpg 1 15 56 33 33
1010_0032_0028_0058_0058.jpg 1 32 28 58 58
1011_0028_0013_0055_0055.jpg 1 28 13 55 55
1012_0024_0025_0062_0062.jpg 1 24 25 62 62
1013_0053_0052_0035_0035.jpg 1 53 52 35 35
1014_0022_0026_0064_0064.jpg 1 22 26 64 64
1015_0019_0049_0029_0029.jpg 1 19 49 29 29
1016_0049_0028_0026_0026.jpg 1 49 28 26 26
1017_0006_0015_0057_0057.jpg 1 6 15 57 57
1018_0028_0007_0051_0051.jpg 1 28 7 51 51
1019_0024_0014_0055_0055.jpg 1 24 14 55 55
1020_0024_0032_0046_0046.jpg 1 24 32 46 46
1021_0011_0014_0049_0049.jpg 1 11 14 49 49
1022_0033_0040_0050_0050.jpg 1 33 40 50 50
1023_0013_0049_0029_0029.jpg 1 13 49 29 29
1024_0004_0028_0062_0062.jpg 1 4 28 62 62
1025_0015_0019_0069_0069.jpg 1 15 19 69 69
1026_0023_0031_0037_0037.jpg 1 23 31 37 37
1027_0013_0016_0041_0041.jpg 1 13 16 41 41
1028_0013_0009_0057_0057.jpg 1 13 9 57 57
1029_0015_0035_0046_0046.jpg 1 15 35 46 46
1030_0008_0040_0052_0052.jpg 1 8 40 52 52
1031_0026_0034_0032_0032.jpg 1 26 34 32 32
1032_0013_0020_0039_0039.jpg 1 13 20 39 39
1033_0059_0050_0028_0028.jpg 1 59 50 28 28
1034_0017_0025_0057_0057.jpg 1 17 25 57 57
1035_0016_0034_0045_0045.jpg 1 16 34 45 45
1036_0018_0021_0028_0028.jpg 1 18 21 28 28
1037_0012_0004_0069_0069.jpg 1 12 4 69 69
1038_0005_0028_0056_0056.jpg 1 5 28 56 56
1039_0027_0026_0053_0053.jpg 1 27 26 53 53
1040_0024_0032_0062_0062.jpg 1 24 32 62 62
1041_0006_0035_0053_0053.jpg 1 6 35 53 53
1042_0017_0016_0065_0065.jpg 1 17 16 65 65
1043_0046_0012_0032_0032.jpg 1 46 12 32 32
1044_0063_0049_0028_0028.jpg 1 63 49 28 28
1045_0033_0051_0033_0033.jpg 1 33 51 33 33
1046_0049_0015_0034_0034.jpg 1 49 15 34 34
1047_0014_0018_0041_0041.jpg 1 14 18 41 41
1048_0048_0047_0032_0032.jpg 1 48 47 32 32
1049_0005_0018_0064_0064.jpg 1 5 18 64 64
1050_0060_0060_0028_0028.jpg 1 60 60 28 28
1051_0057_0048_0030_0030.jpg 1 57 48 30 30
1052_0007_0021_0048_0048.jpg 1 7 21 48 48
1053_0017_0009_0063_0063.jpg 1 17 9 63 63
1054_0028_0041_0039_0039.jpg 1 28 41 39 39
1055_0030_0008_0057_0057.jpg 1 30 8 57 57
1056_0029_0014_0040_0040.jpg 1 29 14 40 40
1057_0033_0019_0054_0054.jpg 1 33 19 54 54
1058_0041_0044_0035_0035.jpg 1 41 44 35 35
1059_0011_0024_0069_0069.jpg 1 11 24 69 69
1060_0027_0036_0047_0047.jpg 1 27 36 47 47
1061_0045_0059_0031_0031.jpg 1 45 59 31 31
1062_0024_0008_0052_0052.jpg 1 24 8 52 52
1063_0017_0034_0057_0057.jpg 1 17 34 57 57
1064_0038_0043_0048_0048.jpg 1 38 43 48 48
1065_0032_0027_0058_0058.jpg 1 32 27 58 58
1066_0050_0038_0027_0027.jpg 1 50 38 27 27
1067_0042_0026_0044_0044.jpg 1 42 26 44 44
1068_0018_0029_0025_0025.jpg 1 18 29 25 25
1069_0046_0053_0024_0024.jpg 1 46 53 24 24
1070_0011_0006_0067_0067.jpg 1 11 6 67 67
1071_0013_0012_0063_0063.jpg 1 13 12 63 63
1072_0040_0035_0042_0042.jpg 1 40 35 42 42
1073_0031_0008_0060_0060.jpg 1 31 8 60 60
1074_0013_0007_0066_0066.jpg 1 13 7 66 66
1075_0015_0019_0064_0064.jpg 1 15 19 64 64
1076_0010_0041_0052_0052.jpg 1 10 41 52 52
1077_0046_0045_0026_0026.jpg 1 46 45 26 26
1078_0010_0016_0046_0046.jpg 1 10 16 46 46
1079_0028_0016_0066_0066.jpg 1 28 16 66 66
1080_0052_0030_0026_0026.jpg 1 52 30 26 26
1081_0027_0013_0066_0066.jpg 1 27 13 66 66
1082_0017_0034_0057_0057.jpg 1 17 34 57 57
1083_0015_0017_0064_0064.jpg 1 15 17 64 64
1084_0017_0020_0067_0067.jpg 1 17 20 67 67
1085_0052_0047_0037_0037.jpg 1 52 47 37 37
1086_0031_0022_0045_0045.jpg 1 31 22 45 45
1087_0008_0032_0036_0036.jpg 1 8 32 36 36
1088_0012_0025_0036_0036.jpg 1 12 25 36 36
1089_0013_0012_0064_0064.jpg 1 13 12 64 64
1090_0020_0022_0027_0027.jpg 1 20 22 27 27
1091_0021_0040_0025_0025.jpg 1 21 40 25 25
1092_0011_0033_0028_0028.jpg 1 11 33 28 28
1093_0049_0056_0036_0036.jpg 1 49 56 36 36
1094_0025_0013_0063_0063.jpg 1 25 13 63 63
1095_0009_0018_0060_0060.jpg 1 9 18 60 60
1096_0028_0015_0040_0040.jpg 1 28 15 40 40
1097_0046_0012_0033_0033.jpg 1 46 12 33 33
1098_0020_0039_0036_0036.jpg 1 20 39 36 36
1099_0045_0057_0029_0029.jpg 1 45 57 29 29
1100_0022_0036_0054_0054.jpg 1 22 36 54 54
1101_0023_0015_0037_0037.jpg 1 23 15 37 37
1102_0047_0051_0036_0036.jpg 1 47 51 36 36
1103_0030_0007_0064_0064.jpg 1 30 7 64 64
1104_0013_0009_0067_0067.jpg 1 13 9 67 67
1105_0051_0045_0028_0028.jpg 1 51 45 28 28
1106_0046_0058_0027_0027.jpg 1 46 58 27 27
1107_0006_0019_0069_0069.jpg 1 6 19 69 69
1108_0028_0012_0047_0047.jpg 1 28 12 47 47
1109_0018_0017_0033_0033.jpg 1 18 17 33 33
1110_0007_0018_0069_0069.jpg 1 7 18 69 69
1111_0049_0048_0034_0034.jpg 1 49 48 34 34
1112_0023_0009_0060_0060.jpg 1 23 9 60 60
1113_0039_0058_0025_0025.jpg 1 39 58 25 25
1114_0010_0017_0035_0035.jpg 1 10 17 35 35
1115_0028_0039_0038_0038.jpg 1 28 39 38 38
1116_0040_0035_0035_0035.jpg 1 40 35 35 35
1117_0019_0009_0067_0067.jpg 1 19 9 67 67
1118_0019_0008_0069_0069.jpg 1 19 8 69 69
1119_0025_0007_0069_0069.jpg 1 25 7 69 69
1120_0032_0019_0050_0050.jpg 1 32 19 50 50
1121_0011_0038_0051_0051.jpg 1 11 38 51 51
1122_0035_0031_0046_0046.jpg 1 35 31 46 46
1123_0041_0044_0050_0050.jpg 1 41 44 50 50
1124_0044_0039_0045_0045.jpg 1 44 39 45 45
1125_0005_0006_0066_0066.jpg 1 5 6 66 66
1126_0060_0055_0030_0030.jpg 1 60 55 30 30
1127_0036_0043_0037_0037.jpg 1 36 43 37 37
1128_0063_0033_0028_0028.jpg 1 63 33 28 28
1129_0014_0060_0031_0031.jpg 1 14 60 31 31
1130_0043_0045_0040_0040.jpg 1 43 45 40 40
1131_0006_0028_0062_0062.jpg 1 6 28 62 62
1132_0028_0053_0027_0027.jpg 1 28 53 27 27
1133_0003_0010_0069_0069.jpg 1 3 10 69 69
1134_0014_0022_0060_0060.jpg 1 14 22 60 60
1135_0020_0035_0054_0054.jpg 1 20 35 54 54
1136_0033_0007_0061_0061.jpg 1 33 7 61 61
1137_0048_0020_0035_0035.jpg 1 48 20 35 35
1138_0046_0053_0036_0036.jpg 1 46 53 36 36
1139_0036_0029_0057_0057.jpg 1 36 29 57 57
1140_0011_0030_0040_0040.jpg 1 11 30 40 40
1141_0035_0013_0057_0057.jpg 1 35 13 57 57
1142_0010_0010_0043_0043.jpg 1 10 10 43 43
1143_0007_0017_0066_0066.jpg 1 7 17 66 66
1144_0030_0009_0058_0058.jpg 1 30 9 58 58
1145_0016_0013_0034_0034.jpg 1 16 13 34 34
1146_0028_0033_0054_0054.jpg 1 28 33 54 54
1147_0055_0024_0027_0027.jpg 1 55 24 27 27
1148_0025_0023_0037_0037.jpg 1 25 23 37 37
1149_0037_0010_0043_0043.jpg 1 37 10 43 43
1150_0026_0041_0047_0047.jpg 1 26 41 47 47
1151_0009_0035_0052_0052.jpg 1 9 35 52 52
1152_0009_0012_0067_0067.jpg 1 9 12 67 67
1153_0011_0014_0060_0060.jpg 1 11 14 60 60
1154_0044_0026_0027_0027.jpg 1 44 26 27 27
1155_0033_0021_0052_0052.jpg 1 33 21 52 52
1156_0030_0038_0051_0051.jpg 1 30 38 51 51
1157_0019_0017_0059_0059.jpg 1 19 17 59 59
1158_0012_0019_0052_0052.jpg 1 12 19 52 52
1159_0011_0050_0030_0030.jpg 1 11 50 30 30
1160_0024_0043_0040_0040.jpg 1 24 43 40 40
1161_0010_0015_0051_0051.jpg 1 10 15 51 51
1162_0027_0053_0038_0038.jpg 1 27 53 38 38
1163_0019_0024_0066_0066.jpg 1 19 24 66 66
1164_0021_0057_0024_0024.jpg 1 21 57 24 24
1165_0010_0034_0059_0059.jpg 1 10 34 59 59
1166_0034_0006_0036_0036.jpg 1 34 6 36 36
1167_0046_0047_0045_0045.jpg 1 46 47 45 45
1168_0047_0037_0046_0046.jpg 1 47 37 46 46
1169_0033_0049_0041_0041.jpg 1 33 49 41 41
1170_0035_0027_0051_0051.jpg 1 35 27 51 51
1171_0017_0036_0037_0037.jpg 1 17 36 37 37
1172_0019_0020_0067_0067.jpg 1 19 20 67 67
1173_0008_0017_0068_0068.jpg 1 8 17 68 68
1174_0006_0009_0051_0051.jpg 1 6 9 51 51
1175_0043_0010_0051_0051.jpg 1 43 10 51 51
1176_0019_0028_0039_0039.jpg 1 19 28 39 39
1177_0016_0025_0068_0068.jpg 1 16 25 68 68
1178_0035_0009_0025_0025.jpg 1 35 9 25 25
1179_0056_0028_0028_0028.jpg 1 56 28 28 28
1180_0029_0017_0042_0042.jpg 1 29 17 42 42
1181_0022_0052_0040_0040.jpg 1 22 52 40 40
1182_0029_0042_0040_0040.jpg 1 29 42 40 40
1183_0013_0024_0027_0027.jpg 1 13 24 27 27
1184_0018_0012_0059_0059.jpg 1 18 12 59 59
1185_0018_0008_0062_0062.jpg 1 18 8 62 62
1186_0021_0028_0038_0038.jpg 1 21 28 38 38
1187_0018_0014_0059_0059.jpg 1 18 14 59 59
1188_0018_0014_0057_0057.jpg 1 18 14 57 57
1189_0018_0023_0045_0045.jpg 1 18 23 45 45
1190_0034_0023_0055_0055.jpg 1 34 23 55 55
1191_0015_0054_0038_0038.jpg 1 15 54 38 38
1192_0006_0040_0053_0053.jpg 1 6 40 53 53
1193_0016_0013_0026_0026.jpg 1 16 13 26 26
1194_0049_0024_0030_0030.jpg 1 49 24 30 30
1195_0042_0058_0028_0028.jpg 1 42 58 28 28
1196_0023_0032_0063_0063.jpg 1 23 32 63 63
1197_0040_0054_0024_0024.jpg 1 40 54 24 24
1198_0015_0036_0051_0051.jpg 1 15 36 51 51
1199_0024_0009_0038_0038.jpg 1 24 9 38 38
1200_0025_0017_0059_0059.jpg 1 25 17 59 59
1201_0035_0011_0032_0032.jpg 1 35 11 32 32
1202_0026_0038_0029_0029.jpg 1 26 38 29 29
1203_0040_0043_0037_0037.jpg 1 40 43 37 37
1204_0033_0009_0030_0030.jpg 1 33 9 30 30
1205_0010_0034_0056_0056.jpg 1 10 34 56 56
1206_0012_0025_0064_0064.jpg 1 12 25 64 64
1207_0019_0032_0038_0038.jpg 1 19 32 38 38
1208_0032_0006_0058_0058.jpg 1 32 6 58 58
1209_0038_0022_0057_0057.jpg 1 38 22 57 57
1210_0007_0026_0050_0050.jpg 1 7 26 50 50
1211_0017_0005_0050_0050.jpg 1 17 5 50 50
1212_0008_0024_0046_0046.jpg 1 8 24 46 46
1213_0007_0048_0043_0043.jpg 1 7 48 43 43
1214_0019_0035_0051_0051.jpg 1 19 35 51 51
1215_0016_0028_0060_0060.jpg 1 16 28 60 60
1216_0006_0022_0069_0069.jpg 1 6 22 69 69
1217_0030_0012_0045_0045.jpg 1 30 12 45 45
1218_0012_0036_0035_0035.jpg 1 12 36 35 35
1219_0018_0022_0051_0051.jpg 1 18 22 51 51
1220_0024_0005_0054_0054.jpg 1 24 5 54 54
1221_0012_0015_0066_0066.jpg 1 12 15 66 66
1222_0053_0054_0026_0026.jpg 1 53 54 26 26
1223_0020_0022_0057_0057.jpg 1 20 22 57 57
1224_0029_0008_0046_0046.jpg 1 29 8 46 46
1225_0054_0027_0037_0037.jpg 1 54 27 37 37
1226_0032_0041_0026_0026.jpg 1 32 41 26 26
1227_0013_0052_0038_0038.jpg 1 13 52 38 38
1228_0016_0016_0038_0038.jpg 1 16 16 38 38
1229_0024_0028_0036_0036.jpg 1 24 28 36 36
1230_0017_0037_0051_0051.jpg 1 17 37 51 51
1231_0030_0024_0036_0036.jpg 1 30 24 36 36
1232_0022_0055_0029_0029.jpg 1 22 55 29 29
1233_0024_0020_0060_0060.jpg 1 24 20 60 60
1234_0035_0023_0059_0059.jpg 1 35 23 59 59
1235_0008_0031_0043_0043.jpg 1 8 31 43 43
1236_0045_0024_0049_0049.jpg 1 45 24 49 49
1237_0014_0016_0060_0060.jpg 1 14 16 60 60
1238_0021_0018_0069_0069.jpg 1 21 18 69 69
1239_0024_0019_0059_0059.jpg 1 24 19 59 59
1240_0011_0036_0035_0035.jpg 1 11 36 35 35
1241_0030_0044_0047_0047.jpg 1 30 44 47 47
1242_0046_0015_0040_0040.jpg 1 46 15 40 40
1243_0023_0036_0033_0033.jpg 1 23 36 33 33
1244_0031_0032_0044_0044.jpg 1 31 32 44 44
1245_0007_0004_0069_0069.jpg 1 7 4 69 69
1246_0016_0036_0044_0044.jpg 1 16 36 44 44
1247_0035_0009_0035_0035.jpg 1 35 9 35 35
1248_0010_0009_0068_0068.jpg 1 10 9 68 68
1249_0014_0010_0063_0063.jpg 1 14 10 63 63
1250_0017_0020_0024_0024.jpg 1 17 20 24 24
1251_0006_0033_0041_0041.jpg 1 6 33 41 41
1252_0003_0019_0069_0069.jpg 1 3 19 69 69
1253_0034_0035_0035_0035.jpg 1 34 35 35 35
1254_0014_0024_0045_0045.jpg 1 14 24 45 45
1255_0052_0031_0038_0038.jpg 1 52 31 38 38
1256_0034_0031_0061_0061.jpg 1 34 31 61 61
1257_0053_0037_0025_0025.jpg 1 53 37 25 25
1258_0014_0008_0041_0041.jpg 1 14 8 41 41
1259_0026_0030_0056_0056.jpg 1 26 30 56 56
1260_0051_0027_0037_0037.jpg 1 51 27 37 37
1261_0043_0030_0027_0027.jpg 1 43 30 27 27
1262_0015_0025_0068_0068.jpg 1 15 25 68 68
1263_0015_0007_0054_0054.jpg 1 15 7 54 54
1264_0021_0013_0027_0027.jpg 1 21 13 27 27
1265_0026_0026_0067_0067.jpg 1 26 26 67 67
1266_0042_0018_0038_0038.jpg 1 42 18 38 38
1267_0006_0019_0056_0056.jpg 1 6 19 56 56
1268_0020_0027_0041_0041.jpg 1 20 27 41 41
1269_0018_0037_0053_0053.jpg 1 18 37 53 53
1270_0023_0019_0032_0032.jpg 1 23 19 32 32
1271_0012_0016_0066_0066.jpg 1 12 16 66 66
1272_0041_0017_0049_0049.jpg 1 41 17 49 49
1273_0020_0008_0032_0032.jpg 1 20 8 32 32
1274_0043_0010_0050_0050.jpg 1 43 10 50 50
1275_0031_0011_0047_0047.jpg 1 31 11 47 47
1276_0007_0027_0068_0068.jpg 1 7 27 68 68
1277_0017_0025_0031_0031.jpg 1 17 25 31 31
1278_0011_0018_0051_0051.jpg 1 11 18 51 51
1279_0042_0022_0041_0041.jpg 1 42 22 41 41
1280_0016_0018_0029_0029.jpg 1 16 18 29 29
1281_0054_0011_0035_0035.jpg 1 54 11 35 35
1282_0036_0006_0050_0050.jpg 1 36 6 50 50
1283_0056_0040_0026_0026.jpg 1 56 40 26 26
1284_0015_0010_0061_0061.jpg 1 15 10 61 61
1285_0028_0029_0065_0065.jpg 1 28 29 65 65
1286_0031_0021_0035_0035.jpg 1 31 21 35 35
1287_0019_0028_0053_0053.jpg 1 19 28 53 53
1288_0017_0026_0030_0030.jpg 1 17 26 30 30
1289_0005_0023_0057_0057.jpg 1 5 23 57 57
1290_0019_0040_0042_0042.jpg 1 19 40 42 42
1291_0036_0029_0058_0058.jpg 1 36 29 58 58
1292_0020_0013_0051_0051.jpg 1 20 13 51 51
1293_0013_0033_0060_0060.jpg 1 13 33 60 60
1294_0047_0028_0033_0033.jpg 1 47 28 33 33
1295_0007_0036_0029_0029.jpg 1 7 36 29 29
1296_0019_0037_0056_0056.jpg 1 19 37 56 56
1297_0006_0026_0046_0046.jpg 1 6 26 46 46
1298_0043_0038_0051_0051.jpg 1 43 38 51 51
1299_0012_0009_0050_0050.jpg 1 12 9 50 50
1300_0009_0047_0025_0025.jpg 1 9 47 25 25
1301_0054_0033_0026_0026.jpg 1 54 33 26 26
1302_0031_0041_0029_0029.jpg 1 31 41 29 29
1303_0013_0019_0055_0055.jpg 1 13 19 55 55
1304_0038_0041_0042_0042.jpg 1 38 41 42 42
1305_0034_0026_0054_0054.jpg 1 34 26 54 54
1306_0018_0012_0045_0045.jpg 1 18 12 45 45
1307_0010_0013_0042_0042.jpg 1 10 13 42 42
1308_0044_0012_0032_0032.jpg 1 44 12 32 32
1309_0013_0004_0069_0069.jpg 1 13 4 69 69
1310_0027_0035_0048_0048.jpg 1 27 35 48 48
1311_0007_0013_0066_0066.jpg 1 7 13 66 66
1312_0049_0033_0040_0040.jpg 1 49 33 40 40
1313_0011_0023_0056_0056.jpg 1 11 23 56 56
1314_0053_0019_0031_0031.jpg 1 53 19 31 31
1315_0009_0038_0049_0049.jpg 1 9 38 49 49
1316_0014_0021_0067_0067.jpg 1 14 21 67 67
1317_0036_0010_0042_0042.jpg 1 36 10 42 42
1318_0021_0040_0045_0045.jpg 1 21 40 45 45
1319_0035_0057_0026_0026.jpg 1 35 57 26 26
1320_0010_0033_0037_0037.jpg 1 10 33 37 37
1321_0012_0034_0032_0032.jpg 1 12 34 32 32
1322_0012_0017_0057_0057.jpg 1 12 17 57 57
1323_0028_0011_0065_0065.jpg 1 28 11 65 65
1324_0039_0039_0030_0030.jpg 1 39 39 30 30
1325_0012_0005_0068_0068.jpg 1 12 5 68 68
1326_0012_0006_0056_0056.jpg 1 12 6 56 56
1327_0038_0029_0041_0041.jpg 1 38 29 41 41
1328_0013_0061_0027_0027.jpg 1 13 61 27 27
1329_0017_0027_0060_0060.jpg 1 17 27 60 60
1330_0030_0046_0039_0039.jpg 1 30 46 39 39
1331_0030_0063_0027_0027.jpg 1 30 63 27 27
1332_0018_0021_0038_0038.jpg 1 18 21 38 38
1333_0027_0016_0041_0041.jpg 1 27 16 41 41
1334_0027_0025_0053_0053.jpg 1 27 25 53 53
1335_0017_0034_0052_0052.jpg 1 17 34 52 52
1336_0059_0025_0032_0032.jpg 1 59 25 32 32
1337_0031_0022_0039_0039.jpg 1 31 22 39 39
1338_0053_0043_0041_0041.jpg 1 53 43 41 41
1339_0028_0020_0065_0065.jpg 1 28 20 65 65
1340_0016_0009_0053_0053.jpg 1 16 9 53 53
1341_0009_0029_0065_0065.jpg 1 9 29 65 65
1342_0016_0045_0044_0044.jpg 1 16 45 44 44
1343_0013_0014_0050_0050.jpg 1 13 14 50 50
1344_0027_0035_0060_0060.jpg 1 27 35 60 60
1345_0040_0038_0055_0055.jpg 1 40 38 55 55
1346_0019_0027_0068_0068.jpg 1 19 27 68 68
1347_0050_0033_0024_0024.jpg 1 50 33 24 24
1348_0043_0044_0029_0029.jpg 1 43 44 29 29
1349_0012_0029_0063_0063.jpg 1 12 29 63 63
1350_0019_0039_0050_0050.jpg 1 19 39 50 50
1351_0007_0032_0030_0030.jpg 1 7 32 30 30
1352_0029_0011_0039_0039.jpg 1 29 11 39 39
1353_0020_0020_0043_0043.jpg 1 20 20 43 43
1354_0009_0011_0054_0054.jpg 1 9 11 54 54
1355_0030_0040_0037_0037.jpg 1 30 40 37 37
1356_0027_0043_0026_0026.jpg 1 27 43 26 26
1357_0010_0051_0038_0038.jpg 1 10 51 38 38
1358_0025_0021_0064_0064.jpg 1 25 21 64 64
1359_0037_0038_0027_0027.jpg 1 37 38 27 27
1360_0011_0031_0061_0061.jpg 1 11 31 61 61
1361_0022_0007_0065_0065.jpg 1 22 7 65 65
1362_0007_0017_0068_0068.jpg 1 7 17 68 68
1363_0025_0013_0035_0035.jpg 1 25 13 35 35
1364_0020_0017_0068_0068.jpg 1 20 17 68 68
1365_0039_0006_0048_0048.jpg 1 39 6 48 48
1366_0006_0033_0061_0061.jpg 1 6 33 61 61
1367_0034_0004_0060_0060.jpg 1 34 4 60 60
1368_0008_0019_0058_0058.jpg 1 8 19 58 58
1369_0048_0046_0037_0037.jpg 1 48 46 37 37
1370_0047_0036_0047_0047.jpg 1 47 36 47 47
1371_0026_0027_0053_0053.jpg 1 26 27 53 53
1372_0050_0029_0044_0044.jpg 1 50 29 44 44
1373_0048_0054_0032_0032.jpg 1 48 54 32 32
1374_0010_0023_0049_0049.jpg 1 10 23 49 49
1375_0021_0039_0044_0044.jpg 1 21 39 44 44
1376_0012_0047_0034_0034.jpg 1 12 47 34 34
1377_0019_0023_0066_0066.jpg 1 19 23 66 66
1378_0030_0025_0061_0061.jpg 1 30 25 61 61
1379_0006_0006_0049_0049.jpg 1 6 6 49 49
1380_0047_0061_0029_0029.jpg 1 47 61 29 29
1381_0012_0017_0050_0050.jpg 1 12 17 50 50
1382_0010_0008_0058_0058.jpg 1 10 8 58 58
1383_0011_0017_0036_0036.jpg 1 11 17 36 36
1384_0058_0021_0035_0035.jpg 1 58 21 35 35
1385_0013_0037_0054_0054.jpg 1 13 37 54 54
1386_0019_0020_0053_0053.jpg 1 19 20 53 53
1387_0055_0021_0026_0026.jpg 1 55 21 26 26
1388_0026_0027_0063_0063.jpg 1 26 27 63 63
1389_0022_0038_0043_0043.jpg 1 22 38 43 43
1390_0045_0027_0046_0046.jpg 1 45 27 46 46
1391_0019_0052_0034_0034.jpg 1 19 52 34 34
1392_0040_0031_0037_0037.jpg 1 40 31 37 37
1393_0006_0004_0060_0060.jpg 1 6 4 60 60
1394_0051_0057_0030_0030.jpg 1 51 57 30 30
1395_0046_0042_0037_0037.jpg 1 46 42 37 37
1396_0030_0034_0035_0035.jpg 1 30 34 35 35
1397_0037_0010_0049_0049.jpg 1 37 10 49 49
1398_0014_0022_0048_0048.jpg 1 14 22 48 48
1399_0023_0029_0054_0054.jpg 1 23 29 54 54
1400_0030_0031_0049_0049.jpg 1 30 31 49 49
1401_0029_0018_0057_0057.jpg 1 29 18 57 57
1402_0013_0005_0063_0063.jpg 1 13 5 63 63
1403_0021_0009_0069_0069.jpg 1 21 9 69 69
1404_0024_0016_0059_0059.jpg 1 24 16 59 59
1405_0008_0013_0057_0057.jpg 1 8 13 57 57
1406_0006_0031_0056_0056.jpg 1 6 31 56 56
1407_0038_0045_0035_0035.jpg 1 38 45 35 35
1408_0024_0044_0032_0032.jpg 1 24 44 32 32
1409_0010_0012_0061_0061.jpg 1 10 12 61 61
1410_0012_0020_0046_0046.jpg 1 12 20 46 46
1411_0013_0026_0063_0063.jpg 1 13 26 63 63
1412_0018_0023_0056_0056.jpg 1 18 23 56 56
1413_0007_0028_0061_0061.jpg 1 7 28 61 61
1414_0008_0026_0032_0032.jpg 1 8 26 32 32
1415_0026_0051_0041_0041.jpg 1 26 51 41 41
1416_0031_0035_0053_0053.jpg 1 31 35 53 53
1417_0017_0015_0067_0067.jpg 1 17 15 67 67
1418_0026_0024_0041_0041.jpg 1 26 24 41 41
1419_0016_0015_0064_0064.jpg 1 16 15 64 64
1420_0013_0052_0041_0041.jpg 1 13 52 41 41
1421_0058_0036_0028_0028.jpg 1 58 36 28 28
1422_0011_0023_0066_0066.jpg 1 11 23 66 66
1423_0005_0011_0051_0051.jpg 1 5 11 51 51
1424_0031_0035_0049_0049.jpg 1 31 35 49 49
1425_0038_0006_0046_0046.jpg 1 38 6 46 46
1426_0061_0009_0024_0024.jpg 1 61 9 24 24
1427_0024_0053_0038_0038.jpg 1 24 53 38 38
1428_0018_0029_0026_0026.jpg 1 18 29 26 26
1429_0019_0023_0044_0044.jpg 1 19 23 44 44
1430_0038_0012_0037_0037.jpg 1 38 12 37 37
1431_0008_0016_0065_0065.jpg 1 8 16 65 65
1432_0031_0036_0048_0048.jpg 1 31 36 48 48
1433_0017_0022_0056_0056.jpg 1 17 22 56 56
1434_0021_0006_0067_0067.jpg 1 21 6 67 67
1435_0012_0025_0025_0025.jpg 1 12 25 25 25
1436_0017_0030_0045_0045.jpg 1 17 30 45 45
1437_0024_0021_0045_0045.jpg 1 24 21 45 45
1438_0051_0012_0034_0034.jpg 1 51 12 34 34
1439_0035_0008_0024_0024.jpg 1 35 8 24 24
1440_0041_0016_0049_0049.jpg 1 41 16 49 49
1441_0025_0025_0068_0068.jpg 1 25 25 68 68
1442_0036_0022_0054_0054.jpg 1 36 22 54 54
1443_0051_0016_0040_0040.jpg 1 51 16 40 40
1444_0022_0049_0036_0036.jpg 1 22 49 36 36
1445_0012_0026_0064_0064.jpg 1 12 26 64 64
1446_0017_0009_0050_0050.jpg 1 17 9 50 50
1447_0006_0017_0040_0040.jpg 1 6 17 40 40
1448_0031_0041_0053_0053.jpg 1 31 41 53 53
1449_0029_0026_0028_0028.jpg 1 29 26 28 28
1450_0025_0020_0066_0066.jpg 1 25 20 66 66
1451_0015_0026_0062_0062.jpg 1 15 26 62 62
1452_0035_0022_0045_0045.jpg 1 35 22 45 45
1453_0027_0021_0026_0026.jpg 1 27 21 26 26
1454_0016_0031_0060_0060.jpg 1 16 31 60 60
1455_0066_0047_0025_0025.jpg 1 66 47 25 25
1456_0049_0030_0036_0036.jpg 1 49 30 36 36
1457_0022_0016_0059_0059.jpg 1 22 16 59 59
1458_0032_0043_0044_0044.jpg 1 32 43 44 44
1459_0064_0038_0025_0025.jpg 1 64 38 25 25
1460_0017_0022_0051_0051.jpg 1 17 22 51 51
1461_0052_0046_0036_0036.jpg 1 52 46 36 36
1462_0021_0010_0050_0050.jpg 1 21 10 50 50
1463_0058_0038_0030_0030.jpg 1 58 38 30 30
1464_0025_0005_0051_0051.jpg 1 25 5 51 51
1465_0023_0007_0060_0060.jpg 1 23 7 60 60
1466_0058_0038_0024_0024.jpg 1 58 38 24 24
1467_0011_0012_0050_0050.jpg 1 11 12 50 50
1468_0038_0024_0046_0046.jpg 1 38 24 46 46
1469_0062_0014_0026_0026.jpg 1 62 14 26 26
1470_0010_0025_0046_0046.jpg 1 10 25 46 46
1471_0061_0037_0029_0029.jpg 1 61 37 29 29
1472_0044_0007_0048_0048.jpg 1 44 7 48 48
1473_0019_0010_0066_0066.jpg 1 19 10 66 66
1474_0035_0043_0030_0030.jpg 1 35 43 30 30
1475_0017_0022_0061_0061.jpg 1 17 22 61 61
1476_0017_0027_0048_0048.jpg 1 17 27 48 48
1477_0011_0006_0062_0062.jpg 1 11 6 62 62
1478_0032_0051_0026_0026.jpg 1 32 51 26 26
1479_0028_0017_0064_0064.jpg 1 28 17 64 64
1480_0016_0011_0038_0038.jpg 1 16 11 38 38
1481_0007_0025_0042_0042.jpg 1 7 25 42 42
1482_0060_0055_0033_0033.jpg 1 60 55 33 33
1483_0025_0058_0024_0024.jpg 1 25 58 24 24
1484_0014_0030_0065_0065.jpg 1 14 30 65 65
1485_0018_0023_0027_0027.jpg 1 18 23 27 27
1486_0040_0022_0039_0039.jpg 1 40 22 39 39
1487_0008_0024_0058_0058.jpg 1 8 24 58 58
1488_0010_0020_0061_0061.jpg 1 10 20 61 61
1489_0058_0012_0030_0030.jpg 1 58 12 30 30
1490_0010_0029_0026_0026.jpg 1 10 29 26 26
1491_0034_0062_0029_0029.jpg 1 34 62 29 29
1492_0042_0047_0047_0047.jpg 1 42 47 47 47
1493_0027_0021_0053_0053.jpg 1 27 21 53 53
1494_0024_0030_0063_0063.jpg 1 24 30 63 63
1495_0025_0012_0063_0063.jpg 1 25 12 63 63
1496_0034_0021_0031_0031.jpg 1 34 21 31 31
1497_0043_0049_0036_0036.jpg 1 43 49 36 36
1498_0043_0030_0041_0041.jpg 1 43 30 41 41
1499_0053_0052_0038_0038.jpg 1 53 52 38 38
1500_0015_0023_0042_0042.jpg 1 15 23 42 42
1501_0008_0007_0053_0053.jpg 1 8 7 53 53
1502_0011_0014_0041_0041.jpg 1 11 14 41 41
1503_0049_0036_0033_0033.jpg 1 49 36 33 33
1504_0024_0030_0065_0065.jpg 1 24 30 65 65
1505_0029_0037_0054_0054.jpg 1 29 37 54 54
1506_0005_0016_0065_0065.jpg 1 5 16 65 65
1507_0024_0016_0035_0035.jpg 1 24 16 35 35
1508_0030_0064_0027_0027.jpg 1 30 64 27 27
1509_0030_0014_0059_0059.jpg 1 30 14 59 59
1510_0032_0014_0061_0061.jpg 1 32 14 61 61
1511_0017_0024_0068_0068.jpg 1 17 24 68 68
1512_0019_0028_0059_0059.jpg 1 19 28 59 59
1513_0016_0017_0065_0065.jpg 1 16 17 65 65
1514_0055_0008_0028_0028.jpg 1 55 8 28 28
1515_0015_0052_0037_0037.jpg 1 15 52 37 37
1516_0016_0019_0067_0067.jpg 1 16 19 67 67
1517_0046_0044_0033_0033.jpg 1 46 44 33 33
1518_0033_0041_0037_0037.jpg 1 33 41 37 37
1519_0031_0047_0033_0033.jpg 1 31 47 33 33
1520_0026_0037_0039_0039.jpg 1 26 37 39 39
1521_0012_0021_0069_0069.jpg 1 12 21 69 69
1522_0013_0018_0056_0056.jpg 1 13 18 56 56
1523_0041_0011_0042_0042.jpg 1 41 11 42 42
1524_0046_0037_0039_0039.jpg 1 46 37 39 39
1525_0009_0025_0068_0068.jpg 1 9 25 68 68
1526_0027_0020_0068_0068.jpg 1 27 20 68 68
1527_0006_0044_0036_0036.jpg 1 6 44 36 36
1528_0017_0007_0038_0038.jpg 1 17 7 38 38
1529_0021_0016_0067_0067.jpg 1 21 16 67 67
1530_0031_0032_0061_0061.jpg 1 31 32 61 61
1531_0036_0037_0056_0056.jpg 1 36 37 56 56
1532_0012_0019_0053_0053.jpg 1 12 19 53 53
1533_0025_0006_0051_0051.jpg 1 25 6 51 51
1534_0054_0024_0030_0030.jpg 1 54 24 30 30
1535_0015_0009_0044_0044.jpg 1 15 9 44 44
1536_0008_0041_0026_0026.jpg 1 8 41 26 26
1537_0007_0051_0034_0034.jpg 1 7 51 34 34
1538_0040_0044_0028_0028.jpg 1 40 44 28 28
1539_0046_0038_0026_0026.jpg 1 46 38 26 26
1540_0039_0048_0029_0029.jpg 1 39 48 29 29
1541_0021_0017_0068_0068.jpg 1 21 17 68 68
1542_0017_0006_0058_0058.jpg 1 17 6 58 58
1543_0031_0043_0029_0029.jpg 1 31 43 29 29
1544_0030_0004_0065_0065.jpg 1 30 4 65 65
1545_0038_0011_0037_0037.jpg 1 38 11 37 37
1546_0049_0040_0025_0025.jpg 1 49 40 25 25
1547_0019_0021_0068_0068.jpg 1 19 21 68 68
1548_0023_0017_0043_0043.jpg 1 23 17 43 43
1549_0018_0013_0049_0049.jpg 1 18 13 49 49
1550_0024_0022_0068_0068.jpg 1 24 22 68 68
1551_0020_0028_0067_0067.jpg 1 20 28 67 67
1552_0023_0019_0061_0061.jpg 1 23 19 61 61
1553_0009_0042_0041_0041.jpg 1 9 42 41 41
1554_0060_0011_0033_0033.jpg 1 60 11 33 33
1555_0050_0023_0041_0041.jpg 1 50 23 41 41
1556_0025_0006_0055_0055.jpg 1 25 6 55 55
1557_0018_0035_0042_0042.jpg 1 18 35 42 42
1558_0055_0013_0024_0024.jpg 1 55 13 24 24
1559_0029_0041_0036_0036.jpg 1 29 41 36 36
1560_0020_0041_0048_0048.jpg 1 20 41 48 48
1561_0009_0052_0027_0027.jpg 1 9 52 27 27
1562_0003_0005_0067_0067.jpg 1 3 5 67 67
1563_0049_0023_0044_0044.jpg 1 49 23 44 44
1564_0044_0028_0039_0039.jpg 1 44 28 39 39
1565_0016_0022_0056_0056.jpg 1 16 22 56 56
1566_0043_0009_0039_0039.jpg 1 43 9 39 39
1567_0022_0024_0051_0051.jpg 1 22 24 51 51
1568_0040_0022_0053_0053.jpg 1 40 22 53 53
1569_0057_0047_0028_0028.jpg 1 57 47 28 28
1570_0033_0027_0053_0053.jpg 1 33 27 53 53
1571_0056_0044_0026_0026.jpg 1 56 44 26 26
1572_0024_0018_0064_0064.jpg 1 24 18 64 64
1573_0031_0013_0050_0050.jpg 1 31 13 50 50
1574_0049_0007_0035_0035.jpg 1 49 7 35 35
1575_0024_0022_0033_0033.jpg 1 24 22 33 33
1576_0044_0029_0049_0049.jpg 1 44 29 49 49
1577_0009_0034_0025_0025.jpg 1 9 34 25 25
1578_0029_0031_0065_0065.jpg 1 29 31 65 65
1579_0026_0020_0040_0040.jpg 1 26 20 40 40
1580_0042_0017_0024_0024.jpg 1 42 17 24 24
1581_0022_0014_0056_0056.jpg 1 22 14 56 56
1582_0035_0013_0038_0038.jpg 1 35 13 38 38
1583_0022_0011_0065_0065.jpg 1 22 11 65 65
1584_0045_0025_0047_0047.jpg 1 45 25 47 47
1585_0006_0035_0058_0058.jpg 1 6 35 58 58
1586_0015_0010_0043_0043.jpg 1 15 10 43 43
1587_0014_0028_0068_0068.jpg 1 14 28 68 68
1588_0006_0019_0068_0068.jpg 1 6 19 68 68
1589_0028_0011_0047_0047.jpg 1 28 11 47 47
1590_0014_0012_0046_0046.jpg 1 14 12 46 46
1591_0014_0022_0061_0061.jpg 1 14 22 61 61
1592_0022_0020_0044_0044.jpg 1 22 20 44 44
1593_0041_0015_0040_0040.jpg 1 41 15 40 40
1594_0013_0022_0067_0067.jpg 1 13 22 67 67
1595_0045_0016_0045_0045.jpg 1 45 16 45 45
1596_0055_0014_0034_0034.jpg 1 55 14 34 34
1597_0010_0033_0025_0025.jpg 1 10 33 25 25
1598_0046_0034_0028_0028.jpg 1 46 34 28 28
1599_0019_0008_0062_0062.jpg 1 19 8 62 62
1600_0043_0017_0036_0036.jpg 1 43 17 36 36
1601_0057_0040_0028_0028.jpg 1 57 40 28 28
1602_0008_0057_0030_0030.jpg 1 8 57 30 30
1603_0041_0011_0041_0041.jpg 1 41 11 41 41
1604_0032_0051_0035_0035.jpg 1 32 51 35 35
1605_0013_0017_0053_0053.jpg 1 13 17 53 53
1606_0024_0023_0052_0052.jpg 1 24 23 52 52
1607_0023_0017_0061_0061.jpg 1 23 17 61 61
1608_0053_0033_0032_0032.jpg 1 53 33 32 32
1609_0061_0032_0026_0026.jpg 1 61 32 26 26
1610_0007_0008_0069_0069.jpg 1 7 8 69 69
1611_0043_0015_0026_0026.jpg 1 43 15 26 26
1612_0026_0036_0044_0044.jpg 1 26 36 44 44
1613_0037_0057_0035_0035.jpg 1 37 57 35 35
1614_0009_0029_0043_0043.jpg 1 9 29 43 43
1615_0028_0019_0051_0051.jpg 1 28 19 51 51
1616_0028_0030_0059_0059.jpg 1 28 30 59 59
1617_0040_0017_0045_0045.jpg 1 40 17 45 45
1618_0009_0045_0044_0044.jpg 1 9 45 44 44
1619_0009_0007_0054_0054.jpg 1 9 7 54 54
1620_0003_0007_0068_0068.jpg 1 3 7 68 68
1621_0044_0035_0032_0032.jpg 1 44 35 32 32
1622_0011_0037_0040_0040.jpg 1 11 37 40 40
1623_0042_0046_0046_0046.jpg 1 42 46 46 46
1624_0014_0023_0067_0067.jpg 1 14 23 67 67
1625_0043_0010_0036_0036.jpg 1 43 10 36 36
1626_0007_0025_0062_0062.jpg 1 7 25 62 62
1627_0007_0014_0050_0050.jpg 1 7 14 50 50
1628_0043_0019_0042_0042.jpg 1 43 19 42 42
1629_0024_0043_0030_0030.jpg 1 24 43 30 30
1630_0041_0028_0040_0040.jpg 1 41 28 40 40
1631_0027_0035_0024_0024.jpg 1 27 35 24 24
1632_0043_0012_0033_0033.jpg 1 43 12 33 33
1633_0039_0017_0035_0035.jpg 1 39 17 35 35
1634_0038_0037_0035_0035.jpg 1 38 37 35 35
1635_0034_0033_0050_0050.jpg 1 34 33 50 50
1636_0038_0009_0034_0034.jpg 1 38 9 34 34
1637_0031_0033_0059_0059.jpg 1 31 33 59 59
1638_0010_0015_0068_0068.jpg 1 10 15 68 68
1639_0033_0018_0051_0051.jpg 1 33 18 51 51
1640_0032_0026_0057_0057.jpg 1 32 26 57 57
1641_0010_0028_0044_0044.jpg 1 10 28 44 44
1642_0008_0024_0066_0066.jpg 1 8 24 66 66
1643_0022_0036_0036_0036.jpg 1 22 36 36 36
1644_0037_0022_0050_0050.jpg 1 37 22 50 50
1645_0007_0020_0052_0052.jpg 1 7 20 52 52
1646_0025_0016_0045_0045.jpg 1 25 16 45 45
1647_0009_0022_0066_0066.jpg 1 9 22 66 66
1648_0056_0020_0024_0024.jpg 1 56 20 24 24
1649_0042_0044_0044_0044.jpg 1 42 44 44 44
1650_0036_0011_0054_0054.jpg 1 36 11 54 54
1651_0025_0027_0068_0068.jpg 1 25 27 68 68
1652_0045_0028_0044_0044.jpg 1 45 28 44 44
1653_0011_0028_0066_0066.jpg 1 11 28 66 66
1654_0037_0012_0031_0031.jpg 1 37 12 31 31
1655_0024_0020_0066_0066.jpg 1 24 20 66 66
1656_0015_0027_0057_0057.jpg 1 15 27 57 57
1657_0024_0030_0063_0063.jpg 1 24 30 63 63
1658_0041_0038_0054_0054.jpg 1 41 38 54 54
1659_0038_0017_0039_0039.jpg 1 38 17 39 39
1660_0034_0006_0037_0037.jpg 1 34 6 37 37
1661_0010_0013_0055_0055.jpg 1 10 13 55 55
1662_0012_0035_0035_0035.jpg 1 12 35 35 35
1663_0010_0008_0067_0067.jpg 1 10 8 67 67
1664_0032_0034_0056_0056.jpg 1 32 34 56 56
1665_0046_0046_0039_0039.jpg 1 46 46 39 39
1666_0033_0005_0054_0054.jpg 1 33 5 54 54
1667_0029_0006_0052_0052.jpg 1 29 6 52 52
1668_0022_0031_0064_0064.jpg 1 22 31 64 64
1669_0007_0028_0030_0030.jpg 1 7 28 30 30
1670_0020_0025_0050_0050.jpg 1 20 25 50 50
1671_0029_0025_0059_0059.jpg 1 29 25 59 59
1672_0021_0019_0024_0024.jpg 1 21 19 24 24
1673_0004_0028_0059_0059.jpg 1 4 28 59 59
1674_0022_0015_0068_0068.jpg 1 22 15 68 68
1675_0006_0022_0041_0041.jpg 1 6 22 41 41
1676_0022_0011_0069_0069.jpg 1 22 11 69 69
1677_0025_0029_0063_0063.jpg 1 25 29 63 63
1678_0027_0018_0036_0036.jpg 1 27 18 36 36
1679_0008_0025_0052_0052.jpg 1 8 25 52 52
1680_0049_0024_0027_0027.jpg 1 49 24 27 27
1681_0025_0036_0035_0035.jpg 1 25 36 35 35
1682_0047_0042_0040_0040.jpg 1 47 42 40 40
1683_0055_0026_0032_0032.jpg 1 55 26 32 32
1684_0035_0034_0060_0060.jpg 1 35 34 60 60
1685_0011_0010_0043_0043.jpg 1 11 10 43 43
1686_0033_0016_0042_0042.jpg 1 33 16 42 42
1687_0008_0014_0043_0043.jpg 1 8 14 43 43
1688_0007_0024_0067_0067.jpg 1 7 24 67 67
1689_0008_0019_0068_0068.jpg 1 8 19 68 68
1690_0005_0035_0051_0051.jpg 1 5 35 51 51
1691_0046_0036_0039_0039.jpg 1 46 36 39 39
1692_0011_0020_0044_0044.jpg 1 11 20 44 44
1693_0034_0012_0043_0043.jpg 1 34 12 43 43
1694_0010_0026_0068_0068.jpg 1 10 26 68 68
1695_0021_0034_0056_0056.jpg 1 21 34 56 56
1696_0028_0028_0064_0064.jpg 1 28 28 64 64
1697_0048_0056_0024_0024.jpg 1 48 56 24 24
1698_0043_0035_0026_0026.jpg 1 43 35 26 26
1699_0036_0019_0026_0026.jpg 1 36 19 26 26
1700_0066_0067_0025_0025.jpg 1 66 67 25 25
1701_0032_0018_0060_0060.jpg 1 32 18 60 60
1702_0013_0044_0030_0030.jpg 1 13 44 30 30
1703_0039_0040_0040_0040.jpg 1 39 40 40 40
1704_0030_0011_0055_0055.jpg 1 30 11 55 55
1705_0021_0007_0046_0046.jpg 1 21 7 46 46
1706_0036_0027_0050_0050.jpg 1 36 27 50 50
1707_0022_0022_0069_0069.jpg 1 22 22 69 69
1708_0024_0009_0058_0058.jpg 1 24 9 58 58
1709_0017_0020_0065_0065.jpg 1 17 20 65 65
1710_0030_0010_0044_0044.jpg 1 30 10 44 44
1711_0017_0038_0052_0052.jpg 1 17 38 52 52
1712_0059_0038_0025_0025.jpg 1 59 38 25 25
1713_0027_0017_0065_0065.jpg 1 27 17 65 65
1714_0007_0031_0047_0047.jpg 1 7 31 47 47
1715_0022_0016_0038_0038.jpg 1 22 16 38 38
1716_0012_0036_0056_0056.jpg 1 12 36 56 56
1717_0063_0057_0027_0027.jpg 1 63 57 27 27
1718_0037_0040_0040_0040.jpg 1 37 40 40 40
1719_0011_0026_0038_0038.jpg 1 11 26 38 38
1720_0040_0023_0027_0027.jpg 1 40 23 27 27
1721_0033_0047_0036_0036.jpg 1 33 47 36 36
1722_0057_0040_0034_0034.jpg 1 57 40 34 34
1723_0030_0006_0056_0056.jpg 1 30 6 56 56
1724_0044_0016_0048_0048.jpg 1 44 16 48 48
1725_0012_0016_0061_0061.jpg 1 12 16 61 61
1726_0045_0015_0046_0046.jpg 1 45 15 46 46
1727_0056_0015_0035_0035.jpg 1 56 15 35 35
1728_0040_0017_0044_0044.jpg 1 40 17 44 44
1729_0034_0037_0058_0058.jpg 1 34 37 58 58
1730_0048_0023_0027_0027.jpg 1 48 23 27 27
1731_0021_0055_0024_0024.jpg 1 21 55 24 24
1732_0021_0016_0060_0060.jpg 1 21 16 60 60
1733_0026_0027_0047_0047.jpg 1 26 27 47 47
1734_0031_0010_0046_0046.jpg 1 31 10 46 46
1735_0060_0056_0028_0028.jpg 1 60 56 28 28
1736_0021_0040_0046_0046.jpg 1 21 40 46 46
1737_0034_0014_0026_0026.jpg 1 34 14 26 26
1738_0008_0030_0060_0060.jpg 1 8 30 60 60
1739_0010_0018_0066_0066.jpg 1 10 18 66 66
1740_0005_0043_0050_0050.jpg 1 5 43 50 50
1741_0036_0035_0049_0049.jpg 1 36 35 49 49
1742_0028_0029_0046_0046.jpg 1 28 29 46 46
1743_0026_0007_0067_0067.jpg 1 26 7 67 67
1744_0022_0024_0058_0058.jpg 1 22 24 58 58
1745_0007_0050_0043_0043.jpg 1 7 50 43 43
1746_0019_0020_0054_0054.jpg 1 19 20 54 54
1747_0018_0053_0030_0030.jpg 1 18 53 30 30
1748_0026_0012_0069_0069.jpg 1 26 12 69 69
1749_0030_0038_0036_0036.jpg 1 30 38 36 36
1750_0011_0011_0064_0064.jpg 1 11 11 64 64
1751_0024_0016_0060_0060.jpg 1 24 16 60 60
1752_0051_0034_0024_0024.jpg 1 51 34 24 24
1753_0022_0019_0052_0052.jpg 1 22 19 52 52
1754_0012_0045_0024_0024.jpg 1 12 45 24 24
1755_0050_0046_0039_0039.jpg 1 50 46 39 39
1756_0010_0012_0059_0059.jpg 1 10 12 59 59
1757_0021_0022_0067_0067.jpg 1 21 22 67 67
1758_0025_0006_0067_0067.jpg 1 25 6 67 67
1759_0018_0009_0064_0064.jpg 1 18 9 64 64
1760_0007_0015_0039_0039.jpg 1 7 15 39 39
1761_0014_0003_0069_0069.jpg 1 14 3 69 69
1762_0050_0060_0031_0031.jpg 1 50 60 31 31
1763_0027_0022_0062_0062.jpg 1 27 22 62 62
1764_0003_0005_0065_0065.jpg 1 3 5 65 65
1765_0033_0029_0044_0044.jpg 1 33 29 44 44
1766_0012_0063_0025_0025.jpg 1 12 63 25 25
1767_0046_0043_0028_0028.jpg 1 46 43 28 28
1768_0033_0053_0028_0028.jpg 1 33 53 28 28
1769_0025_0008_0065_0065.jpg 1 25 8 65 65
1770_0013_0036_0041_0041.jpg 1 13 36 41 41
1771_0024_0017_0032_0032.jpg 1 24 17 32 32
1772_0034_0015_0060_0060.jpg 1 34 15 60 60
1773_0020_0027_0041_0041.jpg 1 20 27 41 41
1774_0008_0029_0050_0050.jpg 1 8 29 50 50
1775_0011_0005_0059_0059.jpg 1 11 5 59 59
1776_0005_0026_0053_0053.jpg 1 5 26 53 53
1777_0044_0019_0033_0033.jpg 1 44 19 33 33
1778_0029_0035_0057_0057.jpg 1 29 35 57 57
1779_0042_0009_0051_0051.jpg 1 42 9 51 51
1780_0017_0022_0061_0061.jpg 1 17 22 61 61
1781_0021_0026_0053_0053.jpg 1 21 26 53 53
1782_0031_0044_0039_0039.jpg 1 31 44 39 39
1783_0012_0014_0052_0052.jpg 1 12 14 52 52
1784_0038_0018_0045_0045.jpg 1 38 18 45 45
1785_0045_0054_0031_0031.jpg 1 45 54 31 31
1786_0031_0009_0045_0045.jpg 1 31 9 45 45
1787_0007_0018_0031_0031.jpg 1 7 18 31 31
1788_0053_0008_0038_0038.jpg 1 53 8 38 38
1789_0010_0025_0037_0037.jpg 1 10 25 37 37
1790_0023_0011_0051_0051.jpg 1 23 11 51 51
1791_0036_0010_0031_0031.jpg 1 36 10 31 31
1792_0055_0028_0032_0032.jpg 1 55 28 32 32
1793_0007_0021_0068_0068.jpg 1 7 21 68 68
1794_0042_0022_0037_0037.jpg 1 42 22 37 37
1795_0004_0023_0060_0060.jpg 1 4 23 60 60
1796_0012_0017_0049_0049.jpg 1 12 17 49 49
1797_0004_0027_0055_0055.jpg 1 4 27 55 55
1798_0013_0024_0063_0063.jpg 1 13 24 63 63
1799_0013_0007_0068_0068.jpg 1 13 7 68 68
1800_0029_0030_0053_0053.jpg 1 29 30 53 53
1801_0022_0025_0055_0055.jpg 1 22 25 55 55
1802_0016_0033_0031_0031.jpg 1 16 33 31 31
1803_0032_0029_0039_0039.jpg 1 32 29 39 39
1804_0028_0011_0043_0043.jpg 1 28 11 43 43
1805_0010_0042_0043_0043.jpg 1 10 42 43 43
1806_0016_0030_0039_0039.jpg 1 16 30 39 39
1807_0055_0041_0036_0036.jpg 1 55 41 36 36
1808_0037_0037_0055_0055.jpg 1 37 37 55 55
1809_0029_0011_0028_0028.jpg 1 29 11 28 28
1810_0021_0023_0042_0042.jpg 1 21 23 42 42
1811_0018_0026_0033_0033.jpg 1 18 26 33 33
1812_0027_0012_0069_0069.jpg 1 27 12 69 69
1813_0020_0063_0024_0024.jpg 1 20 63 24 24
1814_0009_0019_0025_0025.jpg 1 9 19 25 25
1815_0011_0025_0069_0069.jpg 1 11 25 69 69
1816_0006_0021_0069_0069.jpg 1 6 21 69 69
1817_0025_0047_0045_0045.jpg 1 25 47 45 45
1818_0005_0022_0050_0050.jpg 1 5 22 50 50
1819_0023_0040_0024_0024.jpg 1 23 40 24 24
1820_0007_0042_0052_0052.jpg 1 7 42 52 52
1821_0029_0008_0042_0042.jpg 1 29 8 42 42
1822_0022_0009_0028_0028.jpg 1 22 9 28 28
1823_0029_0009_0055_0055.jpg 1 29 9 55 55
1824_0022_0009_0052_0052.jpg 1 22 9 52 52
1825_0008_0017_0062_0062.jpg 1 8 17 62 62
1826_0040_0052_0026_0026.jpg 1 40 52 26 26
1827_0025_0007_0066_0066.jpg 1 25 7 66 66
1828_0016_0025_0030_0030.jpg 1 16 25 30 30
1829_0051_0037_0038_0038.jpg 1 51 37 38 38
1830_0028_0038_0057_0057.jpg 1 28 38 57 57
1831_0026_0032_0052_0052.jpg 1 26 32 52 52
1832_0010_0029_0055_0055.jpg 1 10 29 55 55
1833_0016_0020_0041_0041.jpg 1 16 20 41 41
1834_0014_0009_0063_0063.jpg 1 14 9 63 63
1835_0015_0010_0035_0035.jpg 1 15 10 35 35
1836_0010_0007_0035_0035.jpg 1 10 7 35 35
1837_0037_0015_0025_0025.jpg 1 37 15 25 25
1838_0029_0009_0060_0060.jpg 1 29 9 60 60
1839_0048_0023_0038_0038.jpg 1 48 23 38 38
1840_0017_0043_0049_0049.jpg 1 17 43 49 49
1841_0026_0040_0049_0049.jpg 1 26 40 49 49
1842_0038_0018_0053_0053.jpg 1 38 18 53 53
1843_0028_0037_0045_0045.jpg 1 28 37 45 45
1844_0027_0035_0056_0056.jpg 1 27 35 56 56
1845_0048_0033_0025_0025.jpg 1 48 33 25 25
1846_0034_0012_0052_0052.jpg 1 34 12 52 52
1847_0035_0021_0058_0058.jpg 1 35 21 58 58
1848_0024_0012_0058_0058.jpg 1 24 12 58 58
1849_0013_0038_0040_0040.jpg 1 13 38 40 40
1850_0030_0025_0030_0030.jpg 1 30 25 30 30
1851_0048_0010_0039_0039.jpg 1 48 10 39 39
1852_0021_0013_0065_0065.jpg 1 21 13 65 65
1853_0045_0050_0030_0030.jpg 1 45 50 30 30
1854_0016_0036_0045_0045.jpg 1 16 36 45 45
1855_0009_0034_0031_0031.jpg 1 9 34 31 31
1856_0029_0007_0027_0027.jpg 1 29 7 27 27
1857_0008_0007_0049_0049.jpg 1 8 7 49 49
1858_0019_0013_0042_0042.jpg 1 19 13 42 42
1859_0037_0027_0054_0054.jpg 1 37 27 54 54
1860_0028_0031_0064_0064.jpg 1 28 31 64 64
1861_0034_0006_0059_0059.jpg 1 34 6 59 59
1862_0010_0016_0024_0024.jpg 1 10 16 24 24
1863_0007_0027_0059_0059.jpg 1 7 27 59 59
1864_0040_0022_0030_0030.jpg 1 40 22 30 30
1865_0030_0020_0045_0045.jpg 1 30 20 45 45
1866_0048_0016_0032_0032.jpg 1 48 16 32 32
1867_0005_0023_0063_0063.jpg 1 5 23 63 63
1868_0023_0029_0034_0034.jpg 1 23 29 34 34
1869_0052_0027_0038_0038.jpg 1 52 27 38 38
1870_0022_0023_0048_0048.jpg 1 22 23 48 48
1871_0014_0012_0059_0059.jpg 1 14 12 59 59
1872_0014_0019_0065_0065.jpg 1 14 19 65 65
1873_0019_0046_0046_0046.jpg 1 19 46 46 46
1874_0012_0005_0069_0069.jpg 1 12 5 69 69
1875_0031_0012_0026_0026.jpg 1 31 12 26 26
1876_0028_0024_0065_0065.jpg 1 28 24 65 65
1877_0009_0044_0046_0046.jpg 1 9 44 46 46
1878_0026_0011_0048_0048.jpg 1 26 11 48 48
1879_0031_0030_0063_0063.jpg 1 31 30 63 63
1880_0030_0036_0049_0049.jpg 1 30 36 49 49
1881_0037_0030_0027_0027.jpg 1 37 30 27 27
1882_0005_0011_0068_0068.jpg 1 5 11 68 68
1883_0029_0015_0054_0054.jpg 1 29 15 54 54
1884_0018_0046_0030_0030.jpg 1 18 46 30 30
1885_0023_0004_0060_0060.jpg 1 23 4 60 60
1886_0029_0022_0066_0066.jpg 1 29 22 66 66
1887_0025_0023_0060_0060.jpg 1 25 23 60 60
1888_0031_0045_0029_0029.jpg 1 31 45 29 29
1889_0037_0018_0039_0039.jpg 1 37 18 39 39
1890_0007_0029_0051_0051.jpg 1 7 29 51 51
1891_0016_0028_0054_0054.jpg 1 16 28 54 54
1892_0047_0025_0030_0030.jpg 1 47 25 30 30
1893_0013_0027_0061_0061.jpg 1 13 27 61 61
1894_0022_0035_0058_0058.jpg 1 22 35 58 58
1895_0019_0029_0063_0063.jpg 1 19 29 63 63
1896_0009_0016_0051_0051.jpg 1 9 16 51 51
1897_0007_0021_0052_0052.jpg 1 7 21 52 52
1898_0038_0034_0042_0042.jpg 1 38 34 42 42
1899_0003_0024_0068_0068.jpg 1 3 24 68 68
1900_0009_0028_0058_0058.jpg 1 9 28 58 58
1901_0030_0024_0057_0057.jpg 1 30 24 57 57
1902_0033_0028_0029_0029.jpg 1 33 28 29 29
1903_0019_0030_0052_0052.jpg 1 19 30 52 52
1904_0013_0027_0040_0040.jpg 1 13 27 40 40
1905_0005_0010_0058_0058.jpg 1 5 10 58 58
1906_0044_0036_0048_0048.jpg 1 44 36 48 48
1907_0036_0044_0024_0024.jpg 1 36 44 24 24
1908_0031_0020_0029_0029.jpg 1 31 20 29 29
1909_0047_0060_0030_0030.jpg 1 47 60 30 30
1910_0032_0034_0050_0050.jpg 1 32 34 50 50
1911_0024_0050_0038_0038.jpg 1 24 50 38 38
1912_0026_0024_0059_0059.jpg 1 26 24 59 59
1913_0039_0020_0038_0038.jpg 1 39 20 38 38
1914_0019_0016_0054_0054.jpg 1 19 16 54 54
1915_0015_0042_0027_0027.jpg 1 15 42 27 27
1916_0029_0022_0044_0044.jpg 1 29 22 44 44
1917_0052_0031_0033_0033.jpg 1 52 31 33 33
1918_0011_0030_0058_0058.jpg 1 11 30 58 58
1919_0023_0019_0057_0057.jpg 1 23 19 57 57
1920_0038_0030_0057_0057.jpg 1 38 30 57 57
1921_0023_0010_0032_0032.jpg 1 23 10 32 32
1922_0030_0040_0044_0044.jpg 1 30 40 44 44
1923_0032_0026_0064_0064.jpg 1 32 26 64 64
1924_0025_0049_0039_0039.jpg 1 25 49 39 39
1925_0013_0026_0038_0038.jpg 1 13 26 38 38
1926_0013_0011_0062_0062.jpg 1 13 11 62 62
1927_0034_0023_0054_0054.jpg 1 34 23 54 54
1928_0005_0007_0056_0056.jpg 1 5 7 56 56
1929_0031_0010_0058_0058.jpg 1 31 10 58 58
1930_0031_0017_0024_0024.jpg 1 31 17 24 24
1931_0044_0060_0031_0031.jpg 1 44 60 31 31
1932_0054_0048_0024_0024.jpg 1 54 48 24 24
1933_0048_0043_0040_0040.jpg 1 48 43 40 40
1934_0032_0061_0026_0026.jpg 1 32 61 26 26
1935_0022_0021_0055_0055.jpg 1 22 21 55 55
1936_0043_0017_0045_0045.jpg 1 43 17 45 45
1937_0033_0006_0055_0055.jpg 1 33 6 55 55
1938_0037_0006_0041_0041.jpg 1 37 6 41 41
1939_0020_0052_0028_0028.jpg 1 20 52 28 28
1940_0031_0046_0047_0047.jpg 1 31 46 47 47
1941_0024_0007_0051_0051.jpg 1 24 7 51 51
1942_0032_0008_0026_0026.jpg 1 32 8 26 26
1943_0024_0016_0049_0049.jpg 1 24 16 49 49
1944_0049_0052_0029_0029.jpg 1 49 52 29 29
1945_0005_0009_0068_0068.jpg 1 5 9 68 68
1946_0043_0047_0032_0032.jpg 1 43 47 32 32
1947_0009_0006_0046_0046.jpg 1 9 6 46 46
1948_0018_0010_0069_0069.jpg 1 18 10 69 69
1949_0021_0024_0045_0045.jpg 1 21 24 45 45
1950_0012_0030_0055_0055.jpg 1 12 30 55 55
