0001_0021_0017_0062_0062.jpg 1 21 17 62 62
0002_0011_0003_0065_0065.jpg 1 11 3 65 65
0003_0020_0014_0060_0060.jpg 1 20 14 60 60
0004_0012_0040_0040_0040.jpg 1 12 40 40 40
0005_0028_0010_0060_0060.jpg 1 28 10 60 60
0006_0019_0025_0060_0060.jpg 1 19 25 60 60
0007_0014_0044_0035_0035.jpg 1 14 44 35 35
0008_0022_0036_0049_0049.jpg 1 22 36 49 49
0009_0034_0033_0053_0053.jpg 1 34 33 53 53
0010_0039_0013_0044_0044.jpg 1 39 13 44 44
0011_0046_0041_0040_0040.jpg 1 46 41 40 40
0012_0013_0033_0062_0062.jpg 1 13 33 62 62
0013_0023_0037_0054_0054.jpg 1 23 37 54 54
0014_0017_0019_0024_0024.jpg 1 17 19 24 24
0015_0010_0034_0049_0049.jpg 1 10 34 49 49
0016_0041_0042_0039_0039.jpg 1 41 42 39 39
0017_0019_0045_0044_0044.jpg 1 19 45 44 44
0018_0016_0029_0053_0053.jpg 1 16 29 53 53
0019_0012_0009_0064_0064.jpg 1 12 9 64 64
0020_0036_0033_0047_0047.jpg 1 36 33 47 47
0021_0019_0028_0057_0057.jpg 1 19 28 57 57
0022_0012_0053_0034_0034.jpg 1 12 53 34 34
0023_0031_0034_0045_0045.jpg 1 31 34 45 45
0024_0047_0009_0036_0036.jpg 1 47 9 36 36
0025_0008_0019_0069_0069.jpg 1 8 19 69 69
0026_0023_0032_0061_0061.jpg 1 23 32 61 61
0027_0009_0011_0028_0028.jpg 1 9 11 28 28
0028_0007_0010_0060_0060.jpg 1 7 10 60 60
0029_0045_0012_0035_0035.jpg 1 45 12 35 35
0030_0061_0023_0024_0024.jpg 1 61 23 24 24
0031_0025_0007_0065_0065.jpg 1 25 7 65 65
0032_0023_0009_0043_0043.jpg 1 23 9 43 43
0033_0012_0021_0056_0056.jpg 1 12 21 56 56
0034_0060_0039_0033_0033.jpg 1 60 39 33 33
0035_0029_0015_0059_0059.jpg 1 29 15 59 59
0036_0060_0016_0029_0029.jpg 1 60 16 29 29
0037_0036_0014_0050_0050.jpg 1 36 14 50 50
0038_0023_0064_0027_0027.jpg 1 23 64 27 27
0039_0023_0014_0046_0046.jpg 1 23 14 46 46
0040_0020_0044_0038_0038.jpg 1 20 44 38 38
0041_0022_0016_0040_0040.jpg 1 22 16 40 40
0042_0011_0024_0065_0065.jpg 1 11 24 65 65
0043_0024_0023_0044_0044.jpg 1 24 23 44 44
0044_0032_0014_0044_0044.jpg 1 32 14 44 44
0045_0042_0030_0053_0053.jpg 1 42 30 53 53
0046_0011_0008_0055_0055.jpg 1 11 8 55 55
0047_0042_0008_0025_0025.jpg 1 42 8 25 25
0048_0061_0062_0024_0024.jpg 1 61 62 24 24
0049_0007_0010_0056_0056.jpg 1 7 10 56 56
0050_0014_0020_0029_0029.jpg 1 14 20 29 29
0051_0032_0022_0043_0043.jpg 1 32 22 43 43
0052_0021_0007_0032_0032.jpg 1 21 7 32 32
0053_0022_0022_0061_0061.jpg 1 22 22 61 61
0054_0064_0064_0024_0024.jpg 1 64 64 24 24
0055_0045_0015_0029_0029.jpg 1 45 15 29 29
0056_0004_0035_0053_0053.jpg 1 4 35 53 53
0057_0050_0062_0028_0028.jpg 1 50 62 28 28
0058_0013_0034_0035_0035.jpg 1 13 34 35 35
0059_0039_0021_0032_0032.jpg 1 39 21 32 32
0060_0019_0005_0060_0060.jpg 1 19 5 60 60
0061_0014_0012_0062_0062.jpg 1 14 12 62 62
0062_0020_0017_0068_0068.jpg 1 20 17 68 68
0063_0014_0013_0068_0068.jpg 1 14 13 68 68
0064_0014_0010_0057_0057.jpg 1 14 10 57 57
0065_0028_0018_0048_0048.jpg 1 28 18 48 48
0066_0010_0039_0046_0046.jpg 1 10 39 46 46
0067_0012_0033_0052_0052.jpg 1 12 33 52 52
0068_0009_0028_0058_0058.jpg 1 9 28 58 58
0069_0032_0067_0024_0024.jpg 1 32 67 24 24
0070_0021_0040_0042_0042.jpg 1 21 40 42 42
0071_0033_0029_0035_0035.jpg 1 33 29 35 35
0072_0023_0014_0068_0068.jpg 1 23 14 68 68
0073_0022_0017_0069_0069.jpg 1 22 17 69 69
0074_0033_0030_0052_0052.jpg 1 33 30 52 52
0075_0009_0051_0026_0026.jpg 1 9 51 26 26
0076_0036_0031_0053_0053.jpg 1 36 31 53 53
0077_0017_0026_0061_0061.jpg 1 17 26 61 61
0078_0013_0015_0069_0069.jpg 1 13 15 69 69
0079_0016_0007_0069_0069.jpg 1 16 7 69 69
0080_0040_0014_0038_0038.jpg 1 40 14 38 38
0081_0019_0008_0050_0050.jpg 1 19 8 50 50
0082_0012_0011_0025_0025.jpg 1 12 11 25 25
0083_0038_0022_0024_0024.jpg 1 38 22 24 24
0084_0027_0040_0053_0053.jpg 1 27 40 53 53
0085_0043_0010_0045_0045.jpg 1 43 10 45 45
0086_0029_0008_0064_0064.jpg 1 29 8 64 64
0087_0028_0018_0065_0065.jpg 1 28 18 65 65
0088_0055_0006_0035_0035.jpg 1 55 6 35 35
0089_0041_0049_0045_0045.jpg 1 41 49 45 45
0090_0026_0030_0055_0055.jpg 1 26 30 55 55
0091_0034_0029_0059_0059.jpg 1 34 29 59 59
0092_0032_0054_0030_0030.jpg 1 32 54 30 30
0093_0035_0035_0050_0050.jpg 1 35 35 50 50
0094_0039_0021_0045_0045.jpg 1 39 21 45 45
0095_0014_0022_0048_0048.jpg 1 14 22 48 48
0096_0032_0024_0062_0062.jpg 1 32 24 62 62
0097_0013_0024_0062_0062.jpg 1 13 24 62 62
0098_0065_0050_0026_0026.jpg 1 65 50 26 26
0099_0024_0023_0053_0053.jpg 1 24 23 53 53
0100_0021_0012_0049_0049.jpg 1 21 12 49 49
0101_0044_0060_0024_0024.jpg 1 44 60 24 24
0102_0032_0049_0024_0024.jpg 1 32 49 24 24
0103_0059_0008_0031_0031.jpg 1 59 8 31 31
0104_0027_0027_0063_0063.jpg 1 27 27 63 63
0105_0025_0029_0040_0040.jpg 1 25 29 40 40
0106_0028_0021_0051_0051.jpg 1 28 21 51 51
0107_0017_0036_0025_0025.jpg 1 17 36 25 25
0108_0036_0040_0052_0052.jpg 1 36 40 52 52
0109_0022_0041_0033_0033.jpg 1 22 41 33 33
0110_0007_0021_0059_0059.jpg 1 7 21 59 59
0111_0021_0034_0045_0045.jpg 1 21 34 45 45
0112_0025_0031_0045_0045.jpg 1 25 31 45 45
0113_0045_0045_0046_0046.jpg 1 45 45 46 46
0114_0012_0025_0069_0069.jpg 1 12 25 69 69
0115_0039_0012_0045_0045.jpg 1 39 12 45 45
0116_0037_0056_0029_0029.jpg 1 37 56 29 29
0117_0022_0040_0039_0039.jpg 1 22 40 39 39
0118_0009_0008_0061_0061.jpg 1 9 8 61 61
0119_0030_0010_0051_0051.jpg 1 30 10 51 51
0120_0016_0022_0062_0062.jpg 1 16 22 62 62
0121_0043_0044_0034_0034.jpg 1 43 44 34 34
0122_0021_0014_0049_0049.jpg 1 21 14 49 49
0123_0024_0015_0053_0053.jpg 1 24 15 53 53
0124_0010_0018_0057_0057.jpg 1 10 18 57 57
0125_0045_0047_0033_0033.jpg 1 45 47 33 33
0126_0008_0009_0069_0069.jpg 1 8 9 69 69
0127_0026_0010_0060_0060.jpg 1 26 10 60 60
0128_0031_0040_0027_0027.jpg 1 31 40 27 27
0129_0008_0005_0061_0061.jpg 1 8 5 61 61
0130_0042_0016_0043_0043.jpg 1 42 16 43 43
0131_0012_0010_0047_0047.jpg 1 12 10 47 47
0132_0037_0023_0040_0040.jpg 1 37 23 40 40
0133_0008_0004_0067_0067.jpg 1 8 4 67 67
0134_0009_0032_0047_0047.jpg 1 9 32 47 47
0135_0031_0044_0047_0047.jpg 1 31 44 47 47
0136_0004_0033_0060_0060.jpg 1 4 33 60 60
0137_0027_0046_0045_0045.jpg 1 27 46 45 45
0138_0032_0017_0062_0062.jpg 1 32 17 62 62
0139_0042_0020_0050_0050.jpg 1 42 20 50 50
0140_0015_0020_0052_0052.jpg 1 15 20 52 52
0141_0026_0008_0061_0061.jpg 1 26 8 61 61
0142_0031_0008_0030_0030.jpg 1 31 8 30 30
0143_0046_0013_0046_0046.jpg 1 46 13 46 46
0144_0009_0014_0056_0056.jpg 1 9 14 56 56
0145_0027_0013_0067_0067.jpg 1 27 13 67 67
0146_0013_0049_0043_0043.jpg 1 13 49 43 43
0147_0008_0009_0058_0058.jpg 1 8 9 58 58
0148_0023_0057_0034_0034.jpg 1 23 57 34 34
0149_0045_0030_0044_0044.jpg 1 45 30 44 44
0150_0015_0064_0026_0026.jpg 1 15 64 26 26
0151_0038_0007_0053_0053.jpg 1 38 7 53 53
0152_0013_0041_0025_0025.jpg 1 13 41 25 25
0153_0042_0045_0026_0026.jpg 1 42 45 26 26
0154_0028_0047_0028_0028.jpg 1 28 47 28 28
0155_0032_0016_0029_0029.jpg 1 32 16 29 29
0156_0022_0019_0060_0060.jpg 1 22 19 60 60
0157_0017_0049_0030_0030.jpg 1 17 49 30 30
0158_0015_0014_0067_0067.jpg 1 15 14 67 67
0159_0010_0037_0040_0040.jpg 1 10 37 40 40
0160_0011_0011_0027_0027.jpg 1 11 11 27 27
0161_0012_0030_0054_0054.jpg 1 12 30 54 54
0162_0022_0029_0066_0066.jpg 1 22 29 66 66
0163_0023_0059_0031_0031.jpg 1 23 59 31 31
0164_0035_0038_0049_0049.jpg 1 35 38 49 49
0165_0008_0015_0035_0035.jpg 1 8 15 35 35
0166_0020_0037_0048_0048.jpg 1 20 37 48 48
0167_0043_0039_0048_0048.jpg 1 43 39 48 48
0168_0059_0042_0028_0028.jpg 1 59 42 28 28
0169_0030_0017_0065_0065.jpg 1 30 17 65 65
0170_0034_0010_0038_0038.jpg 1 34 10 38 38
0171_0042_0025_0029_0029.jpg 1 42 25 29 29
0172_0005_0023_0056_0056.jpg 1 5 23 56 56
0173_0048_0035_0043_0043.jpg 1 48 35 43 43
0174_0015_0007_0039_0039.jpg 1 15 7 39 39
0175_0031_0007_0054_0054.jpg 1 31 7 54 54
0176_0027_0006_0065_0065.jpg 1 27 6 65 65
0177_0009_0008_0058_0058.jpg 1 9 8 58 58
0178_0016_0014_0025_0025.jpg 1 16 14 25 25
0179_0009_0024_0045_0045.jpg 1 9 24 45 45
0180_0021_0015_0030_0030.jpg 1 21 15 30 30
0181_0033_0016_0059_0059.jpg 1 33 16 59 59
0182_0012_0015_0035_0035.jpg 1 12 15 35 35
0183_0058_0021_0027_0027.jpg 1 58 21 27 27
0184_0030_0008_0048_0048.jpg 1 30 8 48 48
0185_0020_0021_0063_0063.jpg 1 20 21 63 63
0186_0016_0035_0047_0047.jpg 1 16 35 47 47
0187_0006_0034_0052_0052.jpg 1 6 34 52 52
0188_0033_0031_0038_0038.jpg 1 33 31 38 38
0189_0035_0007_0058_0058.jpg 1 35 7 58 58
0190_0055_0041_0025_0025.jpg 1 55 41 25 25
0191_0047_0026_0045_0045.jpg 1 47 26 45 45
0192_0023_0003_0068_0068.jpg 1 23 3 68 68
0193_0049_0031_0043_0043.jpg 1 49 31 43 43
0194_0017_0031_0060_0060.jpg 1 17 31 60 60
0195_0037_0029_0046_0046.jpg 1 37 29 46 46
0196_0015_0013_0067_0067.jpg 1 15 13 67 67
0197_0017_0007_0053_0053.jpg 1 17 7 53 53
0198_0034_0007_0054_0054.jpg 1 34 7 54 54
0199_0022_0018_0066_0066.jpg 1 22 18 66 66
0200_0026_0043_0049_0049.jpg 1 26 43 49 49
0201_0008_0029_0039_0039.jpg 1 8 29 39 39
0202_0022_0047_0036_0036.jpg 1 22 47 36 36
0203_0028_0054_0026_0026.jpg 1 28 54 26 26
0204_0009_0009_0064_0064.jpg 1 9 9 64 64
0205_0059_0020_0030_0030.jpg 1 59 20 30 30
0206_0010_0024_0066_0066.jpg 1 10 24 66 66
0207_0044_0022_0032_0032.jpg 1 44 22 32 32
0208_0028_0031_0042_0042.jpg 1 28 31 42 42
0209_0041_0037_0046_0046.jpg 1 41 37 46 46
0210_0056_0028_0030_0030.jpg 1 56 28 30 30
0211_0022_0025_0060_0060.jpg 1 22 25 60 60
0212_0023_0012_0041_0041.jpg 1 23 12 41 41
0213_0027_0037_0046_0046.jpg 1 27 37 46 46
0214_0029_0016_0034_0034.jpg 1 29 16 34 34
0215_0024_0034_0041_0041.jpg 1 24 34 41 41
0216_0058_0024_0029_0029.jpg 1 58 24 29 29
0217_0032_0010_0058_0058.jpg 1 32 10 58 58
0218_0011_0013_0027_0027.jpg 1 11 13 27 27
0219_0015_0051_0038_0038.jpg 1 15 51 38 38
0220_0059_0023_0034_0034.jpg 1 59 23 34 34
0221_0019_0025_0041_0041.jpg 1 19 25 41 41
0222_0015_0023_0046_0046.jpg 1 15 23 46 46
0223_0010_0033_0057_0057.jpg 1 10 33 57 57
0224_0031_0033_0030_0030.jpg 1 31 33 30 30
0225_0044_0028_0049_0049.jpg 1 44 28 49 49
0226_0035_0044_0032_0032.jpg 1 35 44 32 32
0227_0006_0005_0055_0055.jpg 1 6 5 55 55
0228_0016_0015_0067_0067.jpg 1 16 15 67 67
0229_0015_0029_0062_0062.jpg 1 15 29 62 62
0230_0007_0012_0067_0067.jpg 1 7 12 67 67
0231_0029_0062_0027_0027.jpg 1 29 62 27 27
0232_0022_0013_0053_0053.jpg 1 22 13 53 53
0233_0014_0026_0046_0046.jpg 1 14 26 46 46
0234_0023_0014_0066_0066.jpg 1 23 14 66 66
0235_0041_0026_0042_0042.jpg 1 41 26 42 42
0236_0012_0006_0069_0069.jpg 1 12 6 69 69
0237_0039_0016_0045_0045.jpg 1 39 16 45 45
0238_0005_0026_0055_0055.jpg 1 5 26 55 55
0239_0038_0033_0042_0042.jpg 1 38 33 42 42
0240_0008_0035_0054_0054.jpg 1 8 35 54 54
0241_0032_0047_0033_0033.jpg 1 32 47 33 33
0242_0053_0017_0037_0037.jpg 1 53 17 37 37
0243_0006_0044_0034_0034.jpg 1 6 44 34 34
0244_0027_0025_0050_0050.jpg 1 27 25 50 50
0245_0025_0034_0058_0058.jpg 1 25 34 58 58
0246_0008_0032_0044_0044.jpg 1 8 32 44 44
0247_0009_0032_0060_0060.jpg 1 9 32 60 60
0248_0011_0026_0058_0058.jpg 1 11 26 58 58
0249_0027_0046_0026_0026.jpg 1 27 46 26 26
0250_0061_0024_0026_0026.jpg 1 61 24 26 26
0251_0008_0043_0028_0028.jpg 1 8 43 28 28
0252_0035_0011_0051_0051.jpg 1 35 11 51 51
0253_0050_0032_0044_0044.jpg 1 50 32 44 44
0254_0012_0043_0042_0042.jpg 1 12 43 42 42
0255_0023_0040_0049_0049.jpg 1 23 40 49 49
0256_0010_0037_0044_0044.jpg 1 10 37 44 44
0257_0009_0004_0064_0064.jpg 1 9 4 64 64
0258_0038_0010_0053_0053.jpg 1 38 10 53 53
0259_0039_0021_0043_0043.jpg 1 39 21 43 43
0260_0020_0026_0055_0055.jpg 1 20 26 55 55
0261_0007_0054_0034_0034.jpg 1 7 54 34 34
0262_0028_0026_0067_0067.jpg 1 28 26 67 67
0263_0023_0025_0037_0037.jpg 1 23 25 37 37
0264_0035_0044_0049_0049.jpg 1 35 44 49 49
0265_0007_0010_0037_0037.jpg 1 7 10 37 37
0266_0025_0064_0025_0025.jpg 1 25 64 25 25
0267_0008_0017_0039_0039.jpg 1 8 17 39 39
0268_0019_0013_0036_0036.jpg 1 19 13 36 36
0269_0019_0014_0046_0046.jpg 1 19 14 46 46
0270_0060_0053_0031_0031.jpg 1 60 53 31 31
0271_0035_0036_0034_0034.jpg 1 35 36 34 34
0272_0036_0008_0046_0046.jpg 1 36 8 46 46
0273_0018_0005_0057_0057.jpg 1 18 5 57 57
0274_0032_0007_0055_0055.jpg 1 32 7 55 55
0275_0003_0019_0065_0065.jpg 1 3 19 65 65
0276_0034_0041_0045_0045.jpg 1 34 41 45 45
0277_0018_0011_0060_0060.jpg 1 18 11 60 60
0278_0028_0025_0037_0037.jpg 1 28 25 37 37
0279_0014_0049_0044_0044.jpg 1 14 49 44 44
0280_0014_0016_0049_0049.jpg 1 14 16 49 49
0281_0045_0042_0046_0046.jpg 1 45 42 46 46
0282_0027_0016_0065_0065.jpg 1 27 16 65 65
0283_0040_0036_0045_0045.jpg 1 40 36 45 45
0284_0056_0064_0026_0026.jpg 1 56 64 26 26
0285_0044_0012_0038_0038.jpg 1 44 12 38 38
0286_0018_0025_0066_0066.jpg 1 18 25 66 66
0287_0006_0048_0042_0042.jpg 1 6 48 42 42
0288_0011_0029_0061_0061.jpg 1 11 29 61 61
0289_0016_0028_0059_0059.jpg 1 16 28 59 59
0290_0023_0011_0047_0047.jpg 1 23 11 47 47
0291_0026_0016_0067_0067.jpg 1 26 16 67 67
0292_0029_0034_0053_0053.jpg 1 29 34 53 53
0293_0042_0042_0028_0028.jpg 1 42 42 28 28
0294_0018_0040_0037_0037.jpg 1 18 40 37 37
0295_0029_0015_0059_0059.jpg 1 29 15 59 59
0296_0031_0007_0049_0049.jpg 1 31 7 49 49
0297_0045_0029_0029_0029.jpg 1 45 29 29 29
0298_0008_0023_0054_0054.jpg 1 8 23 54 54
0299_0020_0029_0052_0052.jpg 1 20 29 52 52
0300_0028_0027_0041_0041.jpg 1 28 27 41 41
0301_0043_0028_0024_0024.jpg 1 43 28 24 24
0302_0006_0012_0052_0052.jpg 1 6 12 52 52
0303_0027_0022_0054_0054.jpg 1 27 22 54 54
0304_0037_0007_0044_0044.jpg 1 37 7 44 44
0305_0018_0025_0066_0066.jpg 1 18 25 66 66
0306_0022_0027_0068_0068.jpg 1 22 27 68 68
0307_0039_0019_0030_0030.jpg 1 39 19 30 30
0308_0050_0027_0027_0027.jpg 1 50 27 27 27
0309_0022_0021_0063_0063.jpg 1 22 21 63 63
0310_0036_0021_0039_0039.jpg 1 36 21 39 39
0311_0011_0018_0028_0028.jpg 1 11 18 28 28
0312_0045_0019_0049_0049.jpg 1 45 19 49 49
0313_0023_0008_0032_0032.jpg 1 23 8 32 32
0314_0011_0029_0056_0056.jpg 1 11 29 56 56
0315_0010_0007_0060_0060.jpg 1 10 7 60 60
0316_0029_0043_0042_0042.jpg 1 29 43 42 42
0317_0010_0009_0066_0066.jpg 1 10 9 66 66
0318_0010_0024_0055_0055.jpg 1 10 24 55 55
0319_0019_0023_0068_0068.jpg 1 19 23 68 68
0320_0026_0023_0031_0031.jpg 1 26 23 31 31
0321_0031_0019_0054_0054.jpg 1 31 19 54 54
0322_0012_0026_0042_0042.jpg 1 12 26 42 42
0323_0043_0031_0049_0049.jpg 1 43 31 49 49
0324_0050_0014_0043_0043.jpg 1 50 14 43 43
0325_0012_0041_0035_0035.jpg 1 12 41 35 35
0326_0012_0024_0028_0028.jpg 1 12 24 28 28
0327_0061_0051_0028_0028.jpg 1 61 51 28 28
0328_0013_0008_0036_0036.jpg 1 13 8 36 36
0329_0005_0027_0061_0061.jpg 1 5 27 61 61
0330_0028_0028_0052_0052.jpg 1 28 28 52 52
0331_0013_0036_0040_0040.jpg 1 13 36 40 40
0332_0014_0010_0054_0054.jpg 1 14 10 54 54
0333_0025_0017_0056_0056.jpg 1 25 17 56 56
0334_0039_0009_0052_0052.jpg 1 39 9 52 52
0335_0017_0056_0036_0036.jpg 1 17 56 36 36
0336_0039_0012_0041_0041.jpg 1 39 12 41 41
0337_0009_0008_0035_0035.jpg 1 9 8 35 35
0338_0047_0023_0028_0028.jpg 1 47 23 28 28
0339_0015_0011_0059_0059.jpg 1 15 11 59 59
0340_0023_0036_0028_0028.jpg 1 23 36 28 28
0341_0041_0030_0050_0050.jpg 1 41 30 50 50
0342_0021_0053_0035_0035.jpg 1 21 53 35 35
0343_0020_0008_0034_0034.jpg 1 20 8 34 34
0344_0058_0033_0026_0026.jpg 1 58 33 26 26
0345_0015_0028_0067_0067.jpg 1 15 28 67 67
0346_0035_0033_0048_0048.jpg 1 35 33 48 48
0347_0005_0006_0050_0050.jpg 1 5 6 50 50
0348_0024_0044_0042_0042.jpg 1 24 44 42 42
0349_0027_0042_0048_0048.jpg 1 27 42 48 48
0350_0024_0036_0028_0028.jpg 1 24 36 28 28
0351_0010_0040_0055_0055.jpg 1 10 40 55 55
0352_0005_0012_0058_0058.jpg 1 5 12 58 58
0353_0027_0014_0067_0067.jpg 1 27 14 67 67
0354_0020_0022_0055_0055.jpg 1 20 22 55 55
0355_0032_0016_0036_0036.jpg 1 32 16 36 36
0356_0034_0033_0027_0027.jpg 1 34 33 27 27
0357_0015_0019_0059_0059.jpg 1 15 19 59 59
0358_0031_0009_0063_0063.jpg 1 31 9 63 63
0359_0027_0033_0034_0034.jpg 1 27 33 34 34
0360_0028_0058_0028_0028.jpg 1 28 58 28 28
0361_0031_0054_0038_0038.jpg 1 31 54 38 38
0362_0008_0023_0043_0043.jpg 1 8 23 43 43
0363_0010_0042_0043_0043.jpg 1 10 42 43 43
0364_0054_0038_0028_0028.jpg 1 54 38 28 28
0365_0020_0011_0065_0065.jpg 1 20 11 65 65
0366_0029_0030_0050_0050.jpg 1 29 30 50 50
0367_0044_0044_0031_0031.jpg 1 44 44 31 31
0368_0061_0033_0024_0024.jpg 1 61 33 24 24
0369_0020_0025_0063_0063.jpg 1 20 25 63 63
0370_0040_0033_0038_0038.jpg 1 40 33 38 38
0371_0061_0028_0024_0024.jpg 1 61 28 24 24
0372_0029_0013_0059_0059.jpg 1 29 13 59 59
0373_0035_0014_0045_0045.jpg 1 35 14 45 45
0374_0020_0047_0044_0044.jpg 1 20 47 44 44
0375_0037_0013_0056_0056.jpg 1 37 13 56 56
0376_0035_0010_0056_0056.jpg 1 35 10 56 56
0377_0044_0047_0037_0037.jpg 1 44 47 37 37
0378_0008_0050_0028_0028.jpg 1 8 50 28 28
0379_0010_0007_0056_0056.jpg 1 10 7 56 56
0380_0010_0024_0044_0044.jpg 1 10 24 44 44
0381_0011_0009_0046_0046.jpg 1 11 9 46 46
0382_0012_0013_0028_0028.jpg 1 12 13 28 28
0383_0008_0017_0060_0060.jpg 1 8 17 60 60
0384_0025_0007_0059_0059.jpg 1 25 7 59 59
0385_0006_0005_0057_0057.jpg 1 6 5 57 57
0386_0006_0021_0042_0042.jpg 1 6 21 42 42
0387_0009_0013_0065_0065.jpg 1 9 13 65 65
0388_0054_0038_0039_0039.jpg 1 54 38 39 39
0389_0026_0020_0035_0035.jpg 1 26 20 35 35
0390_0008_0036_0048_0048.jpg 1 8 36 48 48
0391_0018_0024_0044_0044.jpg 1 18 24 44 44
0392_0038_0012_0047_0047.jpg 1 38 12 47 47
0393_0006_0035_0048_0048.jpg 1 6 35 48 48
0394_0057_0056_0028_0028.jpg 1 57 56 28 28
0395_0011_0020_0043_0043.jpg 1 11 20 43 43
0396_0021_0027_0066_0066.jpg 1 21 27 66 66
0397_0019_0042_0045_0045.jpg 1 19 42 45 45
0398_0048_0048_0042_0042.jpg 1 48 48 42 42
0399_0009_0029_0044_0044.jpg 1 9 29 44 44
0400_0028_0022_0052_0052.jpg 1 28 22 52 52
0401_0008_0028_0060_0060.jpg 1 8 28 60 60
0402_0021_0012_0068_0068.jpg 1 21 12 68 68
0403_0048_0013_0042_0042.jpg 1 48 13 42 42
0404_0017_0011_0065_0065.jpg 1 17 11 65 65
0405_0026_0036_0048_0048.jpg 1 26 36 48 48
0406_0008_0018_0045_0045.jpg 1 8 18 45 45
0407_0033_0060_0026_0026.jpg 1 33 60 26 26
0408_0029_0007_0065_0065.jpg 1 29 7 65 65
0409_0035_0018_0038_0038.jpg 1 35 18 38 38
0410_0006_0024_0068_0068.jpg 1 6 24 68 68
0411_0015_0018_0068_0068.jpg 1 15 18 68 68
0412_0027_0037_0039_0039.jpg 1 27 37 39 39
0413_0056_0019_0029_0029.jpg 1 56 19 29 29
0414_0025_0026_0066_0066.jpg 1 25 26 66 66
0415_0006_0026_0065_0065.jpg 1 6 26 65 65
0416_0045_0040_0027_0027.jpg 1 45 40 27 27
0417_0013_0042_0034_0034.jpg 1 13 42 34 34
0418_0059_0047_0026_0026.jpg 1 59 47 26 26
0419_0015_0046_0030_0030.jpg 1 15 46 30 30
0420_0046_0034_0040_0040.jpg 1 46 34 40 40
0421_0010_0041_0024_0024.jpg 1 10 41 24 24
0422_0006_0035_0040_0040.jpg 1 6 35 40 40
0423_0032_0020_0029_0029.jpg 1 32 20 29 29
0424_0006_0032_0059_0059.jpg 1 6 32 59 59
0425_0017_0020_0044_0044.jpg 1 17 20 44 44
0426_0028_0037_0046_0046.jpg 1 28 37 46 46
0427_0040_0036_0053_0053.jpg 1 40 36 53 53
0428_0019_0015_0036_0036.jpg 1 19 15 36 36
0429_0026_0021_0032_0032.jpg 1 26 21 32 32
0430_0024_0022_0065_0065.jpg 1 24 22 65 65
0431_0030_0043_0043_0043.jpg 1 30 43 43 43
0432_0008_0014_0048_0048.jpg 1 8 14 48 48
0433_0018_0016_0069_0069.jpg 1 18 16 69 69
0434_0028_0058_0034_0034.jpg 1 28 58 34 34
0435_0018_0032_0057_0057.jpg 1 18 32 57 57
0436_0015_0020_0064_0064.jpg 1 15 20 64 64
0437_0032_0022_0027_0027.jpg 1 32 22 27 27
0438_0014_0047_0029_0029.jpg 1 14 47 29 29
0439_0008_0005_0066_0066.jpg 1 8 5 66 66
0440_0032_0031_0063_0063.jpg 1 32 31 63 63
0441_0014_0012_0054_0054.jpg 1 14 12 54 54
0442_0028_0029_0063_0063.jpg 1 28 29 63 63
0443_0019_0039_0053_0053.jpg 1 19 39 53 53
0444_0005_0017_0055_0055.jpg 1 5 17 55 55
0445_0026_0028_0039_0039.jpg 1 26 28 39 39
0446_0013_0022_0068_0068.jpg 1 13 22 68 68
0447_0036_0008_0046_0046.jpg 1 36 8 46 46
0448_0027_0023_0066_0066.jpg 1 27 23 66 66
0449_0027_0031_0033_0033.jpg 1 27 31 33 33
0450_0032_0018_0062_0062.jpg 1 32 18 62 62
0451_0006_0008_0051_0051.jpg 1 6 8 51 51
0452_0012_0008_0068_0068.jpg 1 12 8 68 68
0453_0032_0004_0063_0063.jpg 1 32 4 63 63
0454_0039_0050_0033_0033.jpg 1 39 50 33 33
0455_0027_0044_0044_0044.jpg 1 27 44 44 44
0456_0027_0016_0066_0066.jpg 1 27 16 66 66
0457_0018_0017_0039_0039.jpg 1 18 17 39 39
0458_0020_0018_0031_0031.jpg 1 20 18 31 31
0459_0006_0005_0069_0069.jpg 1 6 5 69 69
0460_0024_0013_0057_0057.jpg 1 24 13 57 57
0461_0053_0058_0034_0034.jpg 1 53 58 34 34
0462_0028_0032_0037_0037.jpg 1 28 32 37 37
0463_0043_0040_0051_0051.jpg 1 43 40 51 51
0464_0031_0011_0056_0056.jpg 1 31 11 56 56
0465_0021_0012_0051_0051.jpg 1 21 12 51 51
0466_0013_0038_0035_0035.jpg 1 13 38 35 35
0467_0013_0013_0069_0069.jpg 1 13 13 69 69
0468_0015_0046_0039_0039.jpg 1 15 46 39 39
0469_0039_0027_0056_0056.jpg 1 39 27 56 56
0470_0017_0008_0041_0041.jpg 1 17 8 41 41
0471_0015_0023_0033_0033.jpg 1 15 23 33 33
0472_0037_0042_0044_0044.jpg 1 37 42 44 44
0473_0024_0022_0036_0036.jpg 1 24 22 36 36
0474_0047_0044_0040_0040.jpg 1 47 44 40 40
0475_0066_0035_0025_0025.jpg 1 66 35 25 25
0476_0057_0057_0026_0026.jpg 1 57 57 26 26
0477_0034_0030_0060_0060.jpg 1 34 30 60 60
0478_0019_0019_0062_0062.jpg 1 19 19 62 62
0479_0062_0054_0027_0027.jpg 1 62 54 27 27
0480_0041_0021_0037_0037.jpg 1 41 21 37 37
0481_0036_0011_0054_0054.jpg 1 36 11 54 54
0482_0026_0016_0069_0069.jpg 1 26 16 69 69
0483_0031_0050_0027_0027.jpg 1 31 50 27 27
0484_0033_0018_0047_0047.jpg 1 33 18 47 47
0485_0038_0049_0044_0044.jpg 1 38 49 44 44
0486_0026_0030_0064_0064.jpg 1 26 30 64 64
0487_0022_0022_0063_0063.jpg 1 22 22 63 63
0488_0020_0019_0057_0057.jpg 1 20 19 57 57
0489_0013_0031_0056_0056.jpg 1 13 31 56 56
0490_0050_0014_0028_0028.jpg 1 50 14 28 28
0491_0042_0011_0049_0049.jpg 1 42 11 49 49
0492_0066_0062_0026_0026.jpg 1 66 62 26 26
0493_0011_0022_0062_0062.jpg 1 11 22 62 62
0494_0036_0022_0054_0054.jpg 1 36 22 54 54
0495_0019_0006_0065_0065.jpg 1 19 6 65 65
0496_0061_0047_0029_0029.jpg 1 61 47 29 29
0497_0035_0008_0025_0025.jpg 1 35 8 25 25
0498_0024_0017_0051_0051.jpg 1 24 17 51 51
0499_0010_0030_0039_0039.jpg 1 10 30 39 39
0500_0029_0025_0039_0039.jpg 1 29 25 39 39
0501_0034_0017_0053_0053.jpg 1 34 17 53 53
0502_0029_0008_0024_0024.jpg 1 29 8 24 24
0503_0018_0007_0057_0057.jpg 1 18 7 57 57
0504_0011_0016_0048_0048.jpg 1 11 16 48 48
0505_0046_0055_0024_0024.jpg 1 46 55 24 24
0506_0013_0007_0068_0068.jpg 1 13 7 68 68
0507_0035_0023_0059_0059.jpg 1 35 23 59 59
0508_0051_0045_0025_0025.jpg 1 51 45 25 25
0509_0061_0036_0030_0030.jpg 1 61 36 30 30
0510_0009_0011_0057_0057.jpg 1 9 11 57 57
0511_0018_0040_0027_0027.jpg 1 18 40 27 27
0512_0027_0017_0056_0056.jpg 1 27 17 56 56
0513_0044_0008_0050_0050.jpg 1 44 8 50 50
0514_0016_0057_0028_0028.jpg 1 16 57 28 28
0515_0053_0022_0037_0037.jpg 1 53 22 37 37
0516_0026_0006_0069_0069.jpg 1 26 6 69 69
0517_0013_0010_0037_0037.jpg 1 13 10 37 37
0518_0025_0034_0033_0033.jpg 1 25 34 33 33
0519_0012_0007_0058_0058.jpg 1 12 7 58 58
0520_0057_0039_0032_0032.jpg 1 57 39 32 32
0521_0034_0027_0024_0024.jpg 1 34 27 24 24
0522_0038_0013_0037_0037.jpg 1 38 13 37 37
0523_0046_0054_0027_0027.jpg 1 46 54 27 27
0524_0034_0033_0031_0031.jpg 1 34 33 31 31
0525_0017_0013_0038_0038.jpg 1 17 13 38 38
0526_0036_0021_0053_0053.jpg 1 36 21 53 53
0527_0037_0039_0048_0048.jpg 1 37 39 48 48
0528_0011_0039_0043_0043.jpg 1 11 39 43 43
0529_0012_0039_0053_0053.jpg 1 12 39 53 53
0530_0023_0038_0049_0049.jpg 1 23 38 49 49
0531_0021_0006_0052_0052.jpg 1 21 6 52 52
0532_0017_0013_0028_0028.jpg 1 17 13 28 28
0533_0027_0044_0026_0026.jpg 1 27 44 26 26
0534_0045_0056_0036_0036.jpg 1 45 56 36 36
0535_0020_0009_0065_0065.jpg 1 20 9 65 65
0536_0036_0006_0032_0032.jpg 1 36 6 32 32
0537_0027_0024_0062_0062.jpg 1 27 24 62 62
0538_0022_0023_0052_0052.jpg 1 22 23 52 52
0539_0029_0042_0037_0037.jpg 1 29 42 37 37
0540_0017_0010_0046_0046.jpg 1 17 10 46 46
0541_0027_0035_0058_0058.jpg 1 27 35 58 58
0542_0022_0023_0062_0062.jpg 1 22 23 62 62
0543_0037_0060_0030_0030.jpg 1 37 60 30 30
0544_0018_0019_0027_0027.jpg 1 18 19 27 27
0545_0023_0035_0054_0054.jpg 1 23 35 54 54
0546_0008_0024_0061_0061.jpg 1 8 24 61 61
0547_0007_0024_0057_0057.jpg 1 7 24 57 57
0548_0023_0004_0067_0067.jpg 1 23 4 67 67
0549_0036_0016_0055_0055.jpg 1 36 16 55 55
0550_0016_0044_0047_0047.jpg 1 16 44 47 47
0551_0025_0008_0061_0061.jpg 1 25 8 61 61
0552_0042_0045_0041_0041.jpg 1 42 45 41 41
0553_0015_0015_0032_0032.jpg 1 15 15 32 32
0554_0026_0039_0055_0055.jpg 1 26 39 55 55
0555_0057_0042_0024_0024.jpg 1 57 42 24 24
0556_0035_0028_0036_0036.jpg 1 35 28 36 36
0557_0009_0036_0053_0053.jpg 1 9 36 53 53
0558_0046_0012_0031_0031.jpg 1 46 12 31 31
0559_0051_0045_0041_0041.jpg 1 51 45 41 41
0560_0044_0039_0043_0043.jpg 1 44 39 43 43
0561_0015_0024_0046_0046.jpg 1 15 24 46 46
0562_0044_0036_0044_0044.jpg 1 44 36 44 44
0563_0006_0019_0067_0067.jpg 1 6 19 67 67
0564_0014_0016_0069_0069.jpg 1 14 16 69 69
0565_0063_0065_0024_0024.jpg 1 63 65 24 24
0566_0015_0016_0056_0056.jpg 1 15 16 56 56
0567_0012_0018_0062_0062.jpg 1 12 18 62 62
0568_0018_0042_0028_0028.jpg 1 18 42 28 28
0569_0019_0037_0042_0042.jpg 1 19 37 42 42
0570_0034_0010_0059_0059.jpg 1 34 10 59 59
0571_0034_0035_0058_0058.jpg 1 34 35 58 58
0572_0017_0028_0062_0062.jpg 1 17 28 62 62
0573_0024_0026_0064_0064.jpg 1 24 26 64 64
0574_0034_0009_0034_0034.jpg 1 34 9 34 34
0575_0027_0020_0055_0055.jpg 1 27 20 55 55
0576_0017_0021_0053_0053.jpg 1 17 21 53 53
0577_0043_0054_0034_0034.jpg 1 43 54 34 34
0578_0017_0005_0058_0058.jpg 1 17 5 58 58
0579_0053_0024_0027_0027.jpg 1 53 24 27 27
0580_0012_0044_0034_0034.jpg 1 12 44 34 34
0581_0041_0012_0052_0052.jpg 1 41 12 52 52
0582_0044_0018_0038_0038.jpg 1 44 18 38 38
0583_0006_0018_0067_0067.jpg 1 6 18 67 67
0584_0052_0019_0025_0025.jpg 1 52 19 25 25
0585_0016_0027_0039_0039.jpg 1 16 27 39 39
0586_0024_0023_0066_0066.jpg 1 24 23 66 66
0587_0028_0006_0048_0048.jpg 1 28 6 48 48
0588_0019_0007_0054_0054.jpg 1 19 7 54 54
0589_0039_0011_0025_0025.jpg 1 39 11 25 25
0590_0030_0008_0051_0051.jpg 1 30 8 51 51
0591_0060_0029_0032_0032.jpg 1 60 29 32 32
0592_0030_0030_0065_0065.jpg 1 30 30 65 65
0593_0041_0053_0029_0029.jpg 1 41 53 29 29
0594_0011_0035_0028_0028.jpg 1 11 35 28 28
0595_0037_0016_0035_0035.jpg 1 37 16 35 35
0596_0026_0030_0048_0048.jpg 1 26 30 48 48
0597_0040_0007_0044_0044.jpg 1 40 7 44 44
0598_0018_0044_0050_0050.jpg 1 18 44 50 50
0599_0024_0009_0054_0054.jpg 1 24 9 54 54
0600_0006_0034_0053_0053.jpg 1 6 34 53 53
0601_0026_0017_0065_0065.jpg 1 26 17 65 65
0602_0008_0041_0039_0039.jpg 1 8 41 39 39
0603_0007_0006_0060_0060.jpg 1 7 6 60 60
0604_0007_0028_0055_0055.jpg 1 7 28 55 55
0605_0041_0037_0049_0049.jpg 1 41 37 49 49
0606_0018_0027_0057_0057.jpg 1 18 27 57 57
0607_0021_0026_0037_0037.jpg 1 21 26 37 37
0608_0012_0015_0062_0062.jpg 1 12 15 62 62
0609_0030_0031_0030_0030.jpg 1 30 31 30 30
0610_0009_0062_0028_0028.jpg 1 9 62 28 28
0611_0009_0011_0051_0051.jpg 1 9 11 51 51
0612_0008_0043_0024_0024.jpg 1 8 43 24 24
0613_0016_0030_0063_0063.jpg 1 16 30 63 63
0614_0031_0013_0055_0055.jpg 1 31 13 55 55
0615_0059_0040_0033_0033.jpg 1 59 40 33 33
0616_0054_0061_0030_0030.jpg 1 54 61 30 30
0617_0031_0003_0064_0064.jpg 1 31 3 64 64
0618_0024_0045_0025_0025.jpg 1 24 45 25 25
0619_0035_0011_0035_0035.jpg 1 35 11 35 35
0620_0040_0009_0043_0043.jpg 1 40 9 43 43
0621_0042_0037_0050_0050.jpg 1 42 37 50 50
0622_0030_0009_0059_0059.jpg 1 30 9 59 59
0623_0027_0007_0048_0048.jpg 1 27 7 48 48
0624_0018_0027_0057_0057.jpg 1 18 27 57 57
0625_0030_0039_0033_0033.jpg 1 30 39 33 33
0626_0022_0006_0062_0062.jpg 1 22 6 62 62
0627_0004_0034_0060_0060.jpg 1 4 34 60 60
0628_0059_0016_0027_0027.jpg 1 59 16 27 27
0629_0019_0017_0044_0044.jpg 1 19 17 44 44
0630_0025_0040_0026_0026.jpg 1 25 40 26 26
0631_0022_0035_0029_0029.jpg 1 22 35 29 29
0632_0017_0028_0064_0064.jpg 1 17 28 64 64
0633_0027_0011_0051_0051.jpg 1 27 11 51 51
0634_0038_0008_0027_0027.jpg 1 38 8 27 27
0635_0016_0019_0048_0048.jpg 1 16 19 48 48
0636_0048_0039_0025_0025.jpg 1 48 39 25 25
0637_0021_0006_0056_0056.jpg 1 21 6 56 56
0638_0050_0048_0041_0041.jpg 1 50 48 41 41
0639_0060_0028_0031_0031.jpg 1 60 28 31 31
0640_0014_0044_0048_0048.jpg 1 14 44 48 48
0641_0031_0041_0035_0035.jpg 1 31 41 35 35
0642_0044_0006_0032_0032.jpg 1 44 6 32 32
0643_0009_0037_0036_0036.jpg 1 9 37 36 36
0644_0048_0024_0029_0029.jpg 1 48 24 29 29
0645_0046_0053_0038_0038.jpg 1 46 53 38 38
0646_0055_0044_0038_0038.jpg 1 55 44 38 38
0647_0009_0059_0024_0024.jpg 1 9 59 24 24
0648_0023_0015_0045_0045.jpg 1 23 15 45 45
0649_0046_0014_0030_0030.jpg 1 46 14 30 30
0650_0015_0011_0068_0068.jpg 1 15 11 68 68
0651_0006_0028_0053_0053.jpg 1 6 28 53 53
0652_0021_0030_0065_0065.jpg 1 21 30 65 65
0653_0047_0018_0046_0046.jpg 1 47 18 46 46
0654_0011_0013_0053_0053.jpg 1 11 13 53 53
0655_0034_0054_0034_0034.jpg 1 34 54 34 34
0656_0062_0038_0027_0027.jpg 1 62 38 27 27
0657_0029_0043_0033_0033.jpg 1 29 43 33 33
0658_0009_0033_0042_0042.jpg 1 9 33 42 42
0659_0042_0037_0052_0052.jpg 1 42 37 52 52
0660_0021_0024_0054_0054.jpg 1 21 24 54 54
0661_0010_0004_0068_0068.jpg 1 10 4 68 68
0662_0040_0015_0037_0037.jpg 1 40 15 37 37
0663_0021_0017_0064_0064.jpg 1 21 17 64 64
0664_0024_0042_0051_0051.jpg 1 24 42 51 51
0665_0004_0009_0059_0059.jpg 1 4 9 59 59
0666_0036_0012_0055_0055.jpg 1 36 12 55 55
0667_0050_0019_0029_0029.jpg 1 50 19 29 29
0668_0039_0029_0038_0038.jpg 1 39 29 38 38
0669_0029_0026_0064_0064.jpg 1 29 26 64 64
0670_0023_0007_0065_0065.jpg 1 23 7 65 65
0671_0016_0035_0042_0042.jpg 1 16 35 42 42
0672_0005_0009_0061_0061.jpg 1 5 9 61 61
0673_0037_0034_0030_0030.jpg 1 37 34 30 30
0674_0017_0036_0043_0043.jpg 1 17 36 43 43
0675_0037_0042_0049_0049.jpg 1 37 42 49 49
0676_0008_0015_0030_0030.jpg 1 8 15 30 30
0677_0031_0019_0036_0036.jpg 1 31 19 36 36
0678_0050_0016_0027_0027.jpg 1 50 16 27 27
0679_0054_0012_0037_0037.jpg 1 54 12 37 37
0680_0021_0022_0029_0029.jpg 1 21 22 29 29
0681_0018_0012_0052_0052.jpg 1 18 12 52 52
0682_0041_0020_0024_0024.jpg 1 41 20 24 24
0683_0015_0043_0024_0024.jpg 1 15 43 24 24
0684_0026_0039_0052_0052.jpg 1 26 39 52 52
0685_0043_0051_0033_0033.jpg 1 43 51 33 33
0686_0016_0031_0053_0053.jpg 1 16 31 53 53
0687_0007_0033_0052_0052.jpg 1 7 33 52 52
0688_0017_0029_0055_0055.jpg 1 17 29 55 55
0689_0062_0049_0030_0030.jpg 1 62 49 30 30
0690_0035_0029_0049_0049.jpg 1 35 29 49 49
0691_0044_0029_0024_0024.jpg 1 44 29 24 24
0692_0018_0005_0068_0068.jpg 1 18 5 68 68
0693_0010_0047_0036_0036.jpg 1 10 47 36 36
0694_0025_0017_0063_0063.jpg 1 25 17 63 63
0695_0034_0035_0055_0055.jpg 1 34 35 55 55
0696_0023_0032_0054_0054.jpg 1 23 32 54 54
0697_0009_0019_0063_0063.jpg 1 9 19 63 63
0698_0013_0029_0034_0034.jpg 1 13 29 34 34
0699_0004_0021_0064_0064.jpg 1 4 21 64 64
0700_0044_0024_0038_0038.jpg 1 44 24 38 38
0701_0016_0013_0063_0063.jpg 1 16 13 63 63
0702_0021_0029_0049_0049.jpg 1 21 29 49 49
0703_0012_0012_0048_0048.jpg 1 12 12 48 48
0704_0014_0009_0069_0069.jpg 1 14 9 69 69
0705_0010_0044_0041_0041.jpg 1 10 44 41 41
0706_0024_0015_0051_0051.jpg 1 24 15 51 51
0707_0031_0009_0037_0037.jpg 1 31 9 37 37
0708_0009_0026_0053_0053.jpg 1 9 26 53 53
0709_0018_0044_0045_0045.jpg 1 18 44 45 45
0710_0027_0029_0032_0032.jpg 1 27 29 32 32
0711_0013_0032_0044_0044.jpg 1 13 32 44 44
0712_0050_0036_0031_0031.jpg 1 50 36 31 31
0713_0047_0013_0039_0039.jpg 1 47 13 39 39
0714_0019_0020_0061_0061.jpg 1 19 20 61 61
0715_0031_0037_0043_0043.jpg 1 31 37 43 43
0716_0056_0011_0033_0033.jpg 1 56 11 33 33
0717_0033_0054_0028_0028.jpg 1 33 54 28 28
0718_0036_0023_0033_0033.jpg 1 36 23 33 33
0719_0015_0013_0061_0061.jpg 1 15 13 61 61
0720_0036_0021_0051_0051.jpg 1 36 21 51 51
0721_0014_0024_0054_0054.jpg 1 14 24 54 54
0722_0034_0010_0051_0051.jpg 1 34 10 51 51
0723_0032_0024_0031_0031.jpg 1 32 24 31 31
0724_0023_0014_0066_0066.jpg 1 23 14 66 66
0725_0016_0015_0026_0026.jpg 1 16 15 26 26
0726_0033_0033_0048_0048.jpg 1 33 33 48 48
0727_0011_0008_0055_0055.jpg 1 11 8 55 55
0728_0023_0028_0067_0067.jpg 1 23 28 67 67
0729_0020_0014_0037_0037.jpg 1 20 14 37 37
0730_0034_0030_0046_0046.jpg 1 34 30 46 46
0731_0017_0014_0065_0065.jpg 1 17 14 65 65
0732_0023_0036_0045_0045.jpg 1 23 36 45 45
0733_0029_0008_0061_0061.jpg 1 29 8 61 61
0734_0017_0011_0065_0065.jpg 1 17 11 65 65
0735_0034_0050_0043_0043.jpg 1 34 50 43 43
0736_0024_0054_0026_0026.jpg 1 24 54 26 26
0737_0010_0039_0055_0055.jpg 1 10 39 55 55
0738_0057_0059_0032_0032.jpg 1 57 59 32 32
0739_0037_0020_0033_0033.jpg 1 37 20 33 33
0740_0016_0041_0037_0037.jpg 1 16 41 37 37
0741_0057_0036_0034_0034.jpg 1 57 36 34 34
0742_0020_0012_0038_0038.jpg 1 20 12 38 38
0743_0023_0019_0025_0025.jpg 1 23 19 25 25
0744_0046_0020_0032_0032.jpg 1 46 20 32 32
0745_0013_0030_0060_0060.jpg 1 13 30 60 60
0746_0027_0020_0060_0060.jpg 1 27 20 60 60
0747_0012_0023_0067_0067.jpg 1 12 23 67 67
0748_0053_0061_0027_0027.jpg 1 53 61 27 27
0749_0019_0022_0061_0061.jpg 1 19 22 61 61
0750_0012_0026_0053_0053.jpg 1 12 26 53 53
0751_0021_0050_0029_0029.jpg 1 21 50 29 29
0752_0026_0022_0060_0060.jpg 1 26 22 60 60
0753_0046_0039_0044_0044.jpg 1 46 39 44 44
0754_0034_0011_0050_0050.jpg 1 34 11 50 50
0755_0047_0031_0036_0036.jpg 1 47 31 36 36
0756_0027_0004_0066_0066.jpg 1 27 4 66 66
0757_0032_0040_0042_0042.jpg 1 32 40 42 42
0758_0015_0036_0057_0057.jpg 1 15 36 57 57
0759_0058_0029_0034_0034.jpg 1 58 29 34 34
0760_0026_0025_0060_0060.jpg 1 26 25 60 60
0761_0051_0013_0041_0041.jpg 1 51 13 41 41
0762_0016_0027_0042_0042.jpg 1 16 27 42 42
0763_0061_0050_0032_0032.jpg 1 61 50 32 32
0764_0016_0008_0065_0065.jpg 1 16 8 65 65
0765_0026_0015_0048_0048.jpg 1 26 15 48 48
0766_0042_0009_0027_0027.jpg 1 42 9 27 27
0767_0007_0044_0029_0029.jpg 1 7 44 29 29
0768_0005_0026_0045_0045.jpg 1 5 26 45 45
0769_0033_0021_0043_0043.jpg 1 33 21 43 43
0770_0039_0028_0044_0044.jpg 1 39 28 44 44
0771_0036_0059_0029_0029.jpg 1 36 59 29 29
0772_0012_0021_0025_0025.jpg 1 12 21 25 25
0773_0023_0026_0063_0063.jpg 1 23 26 63 63
0774_0045_0042_0029_0029.jpg 1 45 42 29 29
0775_0016_0028_0047_0047.jpg 1 16 28 47 47
0776_0054_0014_0030_0030.jpg 1 54 14 30 30
0777_0037_0032_0042_0042.jpg 1 37 32 42 42
0778_0014_0031_0065_0065.jpg 1 14 31 65 65
0779_0020_0032_0025_0025.jpg 1 20 32 25 25
0780_0013_0029_0065_0065.jpg 1 13 29 65 65
0781_0054_0041_0031_0031.jpg 1 54 41 31 31
0782_0018_0003_0068_0068.jpg 1 18 3 68 68
0783_0050_0022_0042_0042.jpg 1 50 22 42 42
0784_0039_0018_0031_0031.jpg 1 39 18 31 31
0785_0029_0030_0055_0055.jpg 1 29 30 55 55
0786_0035_0006_0056_0056.jpg 1 35 6 56 56
0787_0027_0020_0059_0059.jpg 1 27 20 59 59
0788_0013_0007_0065_0065.jpg 1 13 7 65 65
0789_0008_0042_0032_0032.jpg 1 8 42 32 32
0790_0038_0023_0048_0048.jpg 1 38 23 48 48
0791_0009_0017_0068_0068.jpg 1 9 17 68 68
0792_0036_0030_0049_0049.jpg 1 36 30 49 49
0793_0027_0008_0041_0041.jpg 1 27 8 41 41
0794_0039_0010_0053_0053.jpg 1 39 10 53 53
0795_0030_0008_0054_0054.jpg 1 30 8 54 54
0796_0023_0032_0044_0044.jpg 1 23 32 44 44
0797_0029_0032_0061_0061.jpg 1 29 32 61 61
0798_0028_0021_0039_0039.jpg 1 28 21 39 39
0799_0014_0060_0025_0025.jpg 1 14 60 25 25
0800_0028_0039_0029_0029.jpg 1 28 39 29 29
0801_0024_0042_0041_0041.jpg 1 24 42 41 41
0802_0020_0025_0046_0046.jpg 1 20 25 46 46
0803_0052_0033_0040_0040.jpg 1 52 33 40 40
0804_0041_0045_0048_0048.jpg 1 41 45 48 48
0805_0023_0009_0068_0068.jpg 1 23 9 68 68
0806_0012_0025_0060_0060.jpg 1 12 25 60 60
0807_0038_0042_0040_0040.jpg 1 38 42 40 40
0808_0023_0030_0066_0066.jpg 1 23 30 66 66
0809_0018_0007_0062_0062.jpg 1 18 7 62 62
0810_0034_0017_0060_0060.jpg 1 34 17 60 60
0811_0032_0008_0046_0046.jpg 1 32 8 46 46
0812_0007_0012_0060_0060.jpg 1 7 12 60 60
0813_0015_0017_0066_0066.jpg 1 15 17 66 66
0814_0027_0009_0062_0062.jpg 1 27 9 62 62
0815_0035_0034_0059_0059.jpg 1 35 34 59 59
0816_0018_0012_0069_0069.jpg 1 18 12 69 69
0817_0055_0010_0036_0036.jpg 1 55 10 36 36
0818_0018_0026_0065_0065.jpg 1 18 26 65 65
0819_0004_0023_0053_0053.jpg 1 4 23 53 53
0820_0027_0036_0058_0058.jpg 1 27 36 58 58
0821_0040_0029_0027_0027.jpg 1 40 29 27 27
0822_0009_0050_0038_0038.jpg 1 9 50 38 38
0823_0023_0022_0031_0031.jpg 1 23 22 31 31
0824_0032_0025_0061_0061.jpg 1 32 25 61 61
0825_0035_0030_0050_0050.jpg 1 35 30 50 50
0826_0038_0031_0042_0042.jpg 1 38 31 42 42
0827_0008_0016_0030_0030.jpg 1 8 16 30 30
0828_0020_0014_0057_0057.jpg 1 20 14 57 57
0829_0034_0030_0049_0049.jpg 1 34 30 49 49
0830_0029_0063_0025_0025.jpg 1 29 63 25 25
0831_0010_0040_0046_0046.jpg 1 10 40 46 46
0832_0032_0037_0041_0041.jpg 1 32 37 41 41
0833_0040_0023_0027_0027.jpg 1 40 23 27 27
0834_0036_0036_0045_0045.jpg 1 36 36 45 45
0835_0034_0016_0043_0043.jpg 1 34 16 43 43
0836_0045_0037_0045_0045.jpg 1 45 37 45 45
0837_0026_0008_0068_0068.jpg 1 26 8 68 68
0838_0036_0025_0039_0039.jpg 1 36 25 39 39
0839_0004_0020_0067_0067.jpg 1 4 20 67 67
0840_0032_0029_0063_0063.jpg 1 32 29 63 63
0841_0016_0021_0054_0054.jpg 1 16 21 54 54
0842_0025_0045_0045_0045.jpg 1 25 45 45 45
0843_0015_0012_0037_0037.jpg 1 15 12 37 37
0844_0015_0029_0044_0044.jpg 1 15 29 44 44
0845_0020_0011_0057_0057.jpg 1 20 11 57 57
0846_0028_0062_0027_0027.jpg 1 28 62 27 27
0847_0008_0028_0060_0060.jpg 1 8 28 60 60
0848_0021_0025_0061_0061.jpg 1 21 25 61 61
0849_0028_0027_0067_0067.jpg 1 28 27 67 67
0850_0030_0022_0045_0045.jpg 1 30 22 45 45
0851_0013_0014_0053_0053.jpg 1 13 14 53 53
0852_0036_0041_0047_0047.jpg 1 36 41 47 47
0853_0040_0008_0051_0051.jpg 1 40 8 51 51
0854_0009_0034_0055_0055.jpg 1 9 34 55 55
0855_0023_0018_0033_0033.jpg 1 23 18 33 33
0856_0034_0008_0050_0050.jpg 1 34 8 50 50
0857_0017_0032_0060_0060.jpg 1 17 32 60 60
0858_0038_0006_0047_0047.jpg 1 38 6 47 47
0859_0034_0018_0033_0033.jpg 1 34 18 33 33
0860_0007_0025_0051_0051.jpg 1 7 25 51 51
0861_0019_0030_0048_0048.jpg 1 19 30 48 48
0862_0010_0040_0052_0052.jpg 1 10 40 52 52
0863_0010_0046_0024_0024.jpg 1 10 46 24 24
0864_0026_0011_0063_0063.jpg 1 26 11 63 63
0865_0029_0017_0032_0032.jpg 1 29 17 32 32
0866_0007_0024_0067_0067.jpg 1 7 24 67 67
0867_0035_0016_0060_0060.jpg 1 35 16 60 60
0868_0040_0025_0045_0045.jpg 1 40 25 45 45
0869_0014_0014_0037_0037.jpg 1 14 14 37 37
0870_0030_0048_0043_0043.jpg 1 30 48 43 43
0871_0019_0025_0050_0050.jpg 1 19 25 50 50
0872_0026_0027_0055_0055.jpg 1 26 27 55 55
0873_0027_0022_0056_0056.jpg 1 27 22 56 56
0874_0046_0016_0026_0026.jpg 1 46 16 26 26
0875_0028_0012_0066_0066.jpg 1 28 12 66 66
0876_0056_0053_0035_0035.jpg 1 56 53 35 35
0877_0012_0025_0060_0060.jpg 1 12 25 60 60
0878_0026_0009_0063_0063.jpg 1 26 9 63 63
0879_0025_0015_0038_0038.jpg 1 25 15 38 38
0880_0016_0018_0051_0051.jpg 1 16 18 51 51
0881_0021_0041_0053_0053.jpg 1 21 41 53 53
0882_0018_0005_0069_0069.jpg 1 18 5 69 69
0883_0031_0032_0050_0050.jpg 1 31 32 50 50
0884_0045_0031_0038_0038.jpg 1 45 31 38 38
0885_0019_0027_0044_0044.jpg 1 19 27 44 44
0886_0019_0026_0042_0042.jpg 1 19 26 42 42
0887_0037_0020_0029_0029.jpg 1 37 20 29 29
0888_0028_0009_0054_0054.jpg 1 28 9 54 54
0889_0024_0011_0032_0032.jpg 1 24 11 32 32
0890_0037_0040_0041_0041.jpg 1 37 40 41 41
0891_0008_0027_0050_0050.jpg 1 8 27 50 50
0892_0015_0005_0055_0055.jpg 1 15 5 55 55
0893_0017_0040_0040_0040.jpg 1 17 40 40 40
0894_0009_0039_0054_0054.jpg 1 9 39 54 54
0895_0029_0053_0039_0039.jpg 1 29 53 39 39
0896_0019_0012_0052_0052.jpg 1 19 12 52 52
0897_0034_0025_0047_0047.jpg 1 34 25 47 47
0898_0021_0066_0024_0024.jpg 1 21 66 24 24
0899_0023_0029_0044_0044.jpg 1 23 29 44 44
0900_0028_0034_0044_0044.jpg 1 28 34 44 44
0901_0019_0016_0066_0066.jpg 1 19 16 66 66
0902_0025_0020_0066_0066.jpg 1 25 20 66 66
0903_0033_0063_0028_0028.jpg 1 33 63 28 28
0904_0038_0047_0046_0046.jpg 1 38 47 46 46
0905_0032_0022_0051_0051.jpg 1 32 22 51 51
0906_0020_0030_0065_0065.jpg 1 20 30 65 65
0907_0038_0015_0035_0035.jpg 1 38 15 35 35
0908_0008_0035_0052_0052.jpg 1 8 35 52 52
0909_0029_0006_0047_0047.jpg 1 29 6 47 47
0910_0020_0032_0034_0034.jpg 1 20 32 34 34
0911_0041_0057_0026_0026.jpg 1 41 57 26 26
0912_0033_0033_0040_0040.jpg 1 33 33 40 40
0913_0007_0009_0067_0067.jpg 1 7 9 67 67
0914_0043_0055_0037_0037.jpg 1 43 55 37 37
0915_0015_0015_0067_0067.jpg 1 15 15 67 67
0916_0023_0030_0063_0063.jpg 1 23 30 63 63
0917_0048_0015_0028_0028.jpg 1 48 15 28 28
0918_0038_0055_0035_0035.jpg 1 38 55 35 35
0919_0008_0047_0035_0035.jpg 1 8 47 35 35
0920_0014_0017_0058_0058.jpg 1 14 17 58 58
0921_0044_0061_0030_0030.jpg 1 44 61 30 30
0922_0011_0022_0052_0052.jpg 1 11 22 52 52
0923_0040_0018_0043_0043.jpg 1 40 18 43 43
0924_0039_0026_0047_0047.jpg 1 39 26 47 47
0925_0016_0021_0036_0036.jpg 1 16 21 36 36
0926_0036_0014_0051_0051.jpg 1 36 14 51 51
0927_0054_0044_0027_0027.jpg 1 54 44 27 27
0928_0034_0019_0053_0053.jpg 1 34 19 53 53
0929_0013_0040_0047_0047.jpg 1 13 40 47 47
0930_0033_0031_0051_0051.jpg 1 33 31 51 51
0931_0036_0050_0037_0037.jpg 1 36 50 37 37
0932_0048_0037_0039_0039.jpg 1 48 37 39 39
0933_0019_0051_0039_0039.jpg 1 19 51 39 39
0934_0023_0035_0028_0028.jpg 1 23 35 28 28
0935_0013_0045_0036_0036.jpg 1 13 45 36 36
0936_0004_0019_0057_0057.jpg 1 4 19 57 57
0937_0037_0037_0051_0051.jpg 1 37 37 51 51
0938_0053_0011_0028_0028.jpg 1 53 11 28 28
0939_0010_0004_0061_0061.jpg 1 10 4 61 61
0940_0035_0019_0038_0038.jpg 1 35 19 38 38
0941_0013_0031_0040_0040.jpg 1 13 31 40 40
0942_0017_0022_0062_0062.jpg 1 17 22 62 62
0943_0050_0023_0035_0035.jpg 1 50 23 35 35
0944_0008_0019_0068_0068.jpg 1 8 19 68 68
0945_0057_0064_0028_0028.jpg 1 57 64 28 28
0946_0047_0016_0032_0032.jpg 1 47 16 32 32
0947_0050_0019_0033_0033.jpg 1 50 19 33 33
0948_0009_0039_0048_0048.jpg 1 9 39 48 48
0949_0030_0009_0062_0062.jpg 1 30 9 62 62
0950_0062_0054_0024_0024.jpg 1 62 54 24 24
0951_0030_0016_0064_0064.jpg 1 30 16 64 64
0952_0027_0019_0056_0056.jpg 1 27 19 56 56
0953_0028_0040_0028_0028.jpg 1 28 40 28 28
0954_0010_0005_0065_0065.jpg 1 10 5 65 65
0955_0046_0013_0047_0047.jpg 1 46 13 47 47
0956_0031_0007_0042_0042.jpg 1 31 7 42 42
0957_0038_0023_0053_0053.jpg 1 38 23 53 53
0958_0016_0051_0036_0036.jpg 1 16 51 36 36
0959_0014_0009_0041_0041.jpg 1 14 9 41 41
0960_0010_0037_0046_0046.jpg 1 10 37 46 46
0961_0042_0046_0046_0046.jpg 1 42 46 46 46
0962_0027_0017_0053_0053.jpg 1 27 17 53 53
0963_0018_0031_0056_0056.jpg 1 18 31 56 56
0964_0049_0022_0026_0026.jpg 1 49 22 26 26
0965_0021_0024_0052_0052.jpg 1 21 24 52 52
0966_0026_0029_0052_0052.jpg 1 26 29 52 52
0967_0006_0027_0056_0056.jpg 1 6 27 56 56
0968_0040_0026_0047_0047.jpg 1 40 26 47 47
0969_0020_0023_0056_0056.jpg 1 20 23 56 56
0970_0041_0017_0030_0030.jpg 1 41 17 30 30
0971_0041_0028_0031_0031.jpg 1 41 28 31 31
0972_0052_0029_0029_0029.jpg 1 52 29 29 29
0973_0013_0054_0029_0029.jpg 1 13 54 29 29
0974_0011_0013_0066_0066.jpg 1 11 13 66 66
0975_0025_0022_0037_0037.jpg 1 25 22 37 37
0976_0012_0021_0048_0048.jpg 1 12 21 48 48
0977_0046_0055_0029_0029.jpg 1 46 55 29 29
0978_0026_0030_0045_0045.jpg 1 26 30 45 45
0979_0024_0024_0057_0057.jpg 1 24 24 57 57
0980_0031_0028_0061_0061.jpg 1 31 28 61 61
0981_0009_0012_0054_0054.jpg 1 9 12 54 54
0982_0009_0027_0027_0027.jpg 1 9 27 27 27
0983_0037_0008_0051_0051.jpg 1 37 8 51 51
0984_0031_0054_0035_0035.jpg 1 31 54 35 35
0985_0013_0006_0049_0049.jpg 1 13 6 49 49
0986_0034_0012_0041_0041.jpg 1 34 12 41 41
0987_0009_0046_0040_0040.jpg 1 9 46 40 40
0988_0017_0024_0060_0060.jpg 1 17 24 60 60
0989_0018_0024_0069_0069.jpg 1 18 24 69 69
0990_0020_0020_0064_0064.jpg 1 20 20 64 64
0991_0031_0040_0038_0038.jpg 1 31 40 38 38
0992_0043_0017_0039_0039.jpg 1 43 17 39 39
0993_0012_0015_0046_0046.jpg 1 12 15 46 46
0994_0028_0020_0034_0034.jpg 1 28 20 34 34
0995_0010_0025_0063_0063.jpg 1 10 25 63 63
0996_0013_0026_0054_0054.jpg 1 13 26 54 54
0997_0013_0042_0052_0052.jpg 1 13 42 52 52
0998_0049_0018_0029_0029.jpg 1 49 18 29 29
0999_0024_0047_0043_0043.jpg 1 24 47 43 43
1000_0010_0046_0036_0036.jpg 1 10 46 36 36
1001_0007_0014_0057_0057.jpg 1 7 14 57 57
1002_0035_0017_0036_0036.jpg 1 35 17 36 36
1003_0035_0009_0055_0055.jpg 1 35 9 55 55
1004_0010_0026_0058_0058.jpg 1 10 26 58 58
1005_0027_0027_0068_0068.jpg 1 27 27 68 68
1006_0037_0044_0037_0037.jpg 1 37 44 37 37
1007_0047_0034_0033_0033.jpg 1 47 34 33 33
1008_0016_0020_0028_0028.jpg 1 16 20 28 28
1009_0024_0061_0029_0029.jpg 1 24 61 29 29
1010_0005_0029_0062_0062.jpg 1 5 29 62 62
1011_0020_0021_0060_0060.jpg 1 20 21 60 60
1012_0018_0014_0069_0069.jpg 1 18 14 69 69
1013_0026_0011_0059_0059.jpg 1 26 11 59 59
1014_0033_0015_0033_0033.jpg 1 33 15 33 33
1015_0024_0011_0058_0058.jpg 1 24 11 58 58
1016_0005_0024_0069_0069.jpg 1 5 24 69 69
1017_0016_0022_0060_0060.jpg 1 16 22 60 60
1018_0005_0032_0059_0059.jpg 1 5 32 59 59
1019_0035_0020_0057_0057.jpg 1 35 20 57 57
1020_0013_0047_0046_0046.jpg 1 13 47 46 46
1021_0016_0025_0069_0069.jpg 1 16 25 69 69
1022_0015_0008_0057_0057.jpg 1 15 8 57 57
1023_0032_0023_0039_0039.jpg 1 32 23 39 39
1024_0017_0011_0055_0055.jpg 1 17 11 55 55
1025_0045_0023_0026_0026.jpg 1 45 23 26 26
1026_0009_0023_0031_0031.jpg 1 9 23 31 31
1027_0037_0013_0052_0052.jpg 1 37 13 52 52
1028_0032_0052_0026_0026.jpg 1 32 52 26 26
1029_0030_0049_0035_0035.jpg 1 30 49 35 35
1030_0026_0017_0061_0061.jpg 1 26 17 61 61
1031_0015_0009_0068_0068.jpg 1 15 9 68 68
1032_0004_0007_0066_0066.jpg 1 4 7 66 66
1033_0053_0047_0034_0034.jpg 1 53 47 34 34
1034_0012_0037_0036_0036.jpg 1 12 37 36 36
1035_0058_0027_0032_0032.jpg 1 58 27 32 32
1036_0026_0016_0037_0037.jpg 1 26 16 37 37
1037_0051_0031_0038_0038.jpg 1 51 31 38 38
1038_0029_0035_0039_0039.jpg 1 29 35 39 39
1039_0014_0014_0058_0058.jpg 1 14 14 58 58
1040_0050_0046_0028_0028.jpg 1 50 46 28 28
1041_0013_0039_0042_0042.jpg 1 13 39 42 42
1042_0029_0004_0061_0061.jpg 1 29 4 61 61
1043_0015_0030_0044_0044.jpg 1 15 30 44 44
1044_0012_0026_0068_0068.jpg 1 12 26 68 68
1045_0035_0033_0043_0043.jpg 1 35 33 43 43
1046_0008_0010_0064_0064.jpg 1 8 10 64 64
1047_0018_0026_0061_0061.jpg 1 18 26 61 61
1048_0038_0010_0037_0037.jpg 1 38 10 37 37
1049_0049_0046_0041_0041.jpg 1 49 46 41 41
1050_0012_0016_0057_0057.jpg 1 12 16 57 57
1051_0014_0004_0066_0066.jpg 1 14 4 66 66
1052_0033_0055_0028_0028.jpg 1 33 55 28 28
1053_0031_0020_0042_0042.jpg 1 31 20 42 42
1054_0029_0045_0038_0038.jpg 1 29 45 38 38
1055_0027_0022_0039_0039.jpg 1 27 22 39 39
1056_0007_0032_0060_0060.jpg 1 7 32 60 60
1057_0031_0045_0026_0026.jpg 1 31 45 26 26
1058_0033_0049_0026_0026.jpg 1 33 49 26 26
1059_0033_0016_0052_0052.jpg 1 33 16 52 52
1060_0031_0026_0035_0035.jpg 1 31 26 35 35
1061_0024_0017_0055_0055.jpg 1 24 17 55 55
1062_0031_0030_0045_0045.jpg 1 31 30 45 45
1063_0021_0011_0068_0068.jpg 1 21 11 68 68
1064_0040_0023_0039_0039.jpg 1 40 23 39 39
1065_0007_0042_0048_0048.jpg 1 7 42 48 48
1066_0052_0050_0032_0032.jpg 1 52 50 32 32
1067_0021_0020_0063_0063.jpg 1 21 20 63 63
1068_0007_0013_0024_0024.jpg 1 7 13 24 24
1069_0020_0040_0051_0051.jpg 1 20 40 51 51
1070_0032_0031_0063_0063.jpg 1 32 31 63 63
1071_0033_0008_0058_0058.jpg 1 33 8 58 58
1072_0031_0027_0044_0044.jpg 1 31 27 44 44
1073_0025_0033_0040_0040.jpg 1 25 33 40 40
1074_0021_0019_0057_0057.jpg 1 21 19 57 57
1075_0013_0043_0048_0048.jpg 1 13 43 48 48
1076_0026_0029_0053_0053.jpg 1 26 29 53 53
1077_0018_0064_0027_0027.jpg 1 18 64 27 27
1078_0033_0050_0037_0037.jpg 1 33 50 37 37
1079_0007_0018_0063_0063.jpg 1 7 18 63 63
1080_0007_0023_0069_0069.jpg 1 7 23 69 69
1081_0032_0032_0034_0034.jpg 1 32 32 34 34
1082_0008_0028_0063_0063.jpg 1 8 28 63 63
1083_0025_0036_0053_0053.jpg 1 25 36 53 53
1084_0039_0007_0028_0028.jpg 1 39 7 28 28
1085_0037_0023_0027_0027.jpg 1 37 23 27 27
1086_0041_0033_0043_0043.jpg 1 41 33 43 43
1087_0026_0020_0056_0056.jpg 1 26 20 56 56
1088_0012_0005_0064_0064.jpg 1 12 5 64 64
1089_0008_0006_0065_0065.jpg 1 8 6 65 65
1090_0015_0026_0065_0065.jpg 1 15 26 65 65
1091_0035_0036_0030_0030.jpg 1 35 36 30 30
1092_0030_0012_0038_0038.jpg 1 30 12 38 38
1093_0029_0013_0058_0058.jpg 1 29 13 58 58
1094_0037_0018_0052_0052.jpg 1 37 18 52 52
1095_0034_0045_0036_0036.jpg 1 34 45 36 36
1096_0039_0007_0035_0035.jpg 1 39 7 35 35
1097_0013_0036_0053_0053.jpg 1 13 36 53 53
1098_0022_0023_0057_0057.jpg 1 22 23 57 57
1099_0026_0009_0069_0069.jpg 1 26 9 69 69
1100_0036_0015_0054_0054.jpg 1 36 15 54 54
1101_0054_0023_0026_0026.jpg 1 54 23 26 26
1102_0009_0029_0048_0048.jpg 1 9 29 48 48
1103_0016_0026_0066_0066.jpg 1 16 26 66 66
1104_0024_0005_0058_0058.jpg 1 24 5 58 58
1105_0011_0014_0062_0062.jpg 1 11 14 62 62
1106_0061_0019_0030_0030.jpg 1 61 19 30 30
1107_0025_0045_0047_0047.jpg 1 25 45 47 47
1108_0020_0016_0059_0059.jpg 1 20 16 59 59
1109_0037_0055_0035_0035.jpg 1 37 55 35 35
1110_0020_0007_0068_0068.jpg 1 20 7 68 68
1111_0027_0019_0069_0069.jpg 1 27 19 69 69
1112_0046_0023_0048_0048.jpg 1 46 23 48 48
1113_0047_0056_0036_0036.jpg 1 47 56 36 36
1114_0014_0014_0041_0041.jpg 1 14 14 41 41
1115_0014_0021_0064_0064.jpg 1 14 21 64 64
1116_0054_0017_0039_0039.jpg 1 54 17 39 39
1117_0023_0035_0054_0054.jpg 1 23 35 54 54
1118_0034_0042_0052_0052.jpg 1 34 42 52 52
1119_0026_0035_0059_0059.jpg 1 26 35 59 59
1120_0041_0028_0051_0051.jpg 1 41 28 51 51
1121_0009_0030_0062_0062.jpg 1 9 30 62 62
1122_0014_0025_0057_0057.jpg 1 14 25 57 57
1123_0022_0016_0064_0064.jpg 1 22 16 64 64
1124_0015_0005_0047_0047.jpg 1 15 5 47 47
1125_0026_0007_0065_0065.jpg 1 26 7 65 65
1126_0012_0035_0051_0051.jpg 1 12 35 51 51
1127_0017_0021_0059_0059.jpg 1 17 21 59 59
1128_0012_0040_0037_0037.jpg 1 12 40 37 37
1129_0016_0035_0044_0044.jpg 1 16 35 44 44
1130_0026_0032_0030_0030.jpg 1 26 32 30 30
1131_0030_0028_0049_0049.jpg 1 30 28 49 49
1132_0017_0021_0047_0047.jpg 1 17 21 47 47
1133_0025_0044_0045_0045.jpg 1 25 44 45 45
1134_0007_0007_0055_0055.jpg 1 7 7 55 55
1135_0028_0028_0049_0049.jpg 1 28 28 49 49
1136_0030_0020_0041_0041.jpg 1 30 20 41 41
1137_0033_0013_0052_0052.jpg 1 33 13 52 52
1138_0030_0028_0038_0038.jpg 1 30 28 38 38
1139_0028_0041_0042_0042.jpg 1 28 41 42 42
1140_0012_0005_0061_0061.jpg 1 12 5 61 61
1141_0015_0056_0028_0028.jpg 1 15 56 28 28
1142_0046_0054_0030_0030.jpg 1 46 54 30 30
1143_0030_0008_0057_0057.jpg 1 30 8 57 57
1144_0024_0016_0040_0040.jpg 1 24 16 40 40
1145_0020_0027_0053_0053.jpg 1 20 27 53 53
1146_0024_0034_0051_0051.jpg 1 24 34 51 51
1147_0027_0043_0036_0036.jpg 1 27 43 36 36
1148_0027_0009_0027_0027.jpg 1 27 9 27 27
1149_0033_0026_0051_0051.jpg 1 33 26 51 51
1150_0014_0027_0067_0067.jpg 1 14 27 67 67
1151_0034_0030_0058_0058.jpg 1 34 30 58 58
1152_0029_0024_0067_0067.jpg 1 29 24 67 67
1153_0053_0057_0029_0029.jpg 1 53 57 29 29
1154_0011_0004_0068_0068.jpg 1 11 4 68 68
1155_0011_0015_0062_0062.jpg 1 11 15 62 62
1156_0008_0010_0028_0028.jpg 1 8 10 28 28
1157_0024_0007_0059_0059.jpg 1 24 7 59 59
1158_0020_0028_0054_0054.jpg 1 20 28 54 54
1159_0015_0019_0051_0051.jpg 1 15 19 51 51
1160_0012_0011_0060_0060.jpg 1 12 11 60 60
1161_0040_0033_0055_0055.jpg 1 40 33 55 55
1162_0012_0026_0036_0036.jpg 1 12 26 36 36
1163_0008_0018_0066_0066.jpg 1 8 18 66 66
1164_0008_0008_0061_0061.jpg 1 8 8 61 61
1165_0024_0032_0050_0050.jpg 1 24 32 50 50
1166_0015_0041_0050_0050.jpg 1 15 41 50 50
1167_0018_0032_0030_0030.jpg 1 18 32 30 30
1168_0038_0046_0036_0036.jpg 1 38 46 36 36
1169_0013_0058_0024_0024.jpg 1 13 58 24 24
1170_0033_0012_0055_0055.jpg 1 33 12 55 55
1171_0031_0035_0054_0054.jpg 1 31 35 54 54
1172_0011_0025_0045_0045.jpg 1 11 25 45 45
1173_0011_0038_0024_0024.jpg 1 11 38 24 24
1174_0006_0010_0058_0058.jpg 1 6 10 58 58
1175_0005_0018_0065_0065.jpg 1 5 18 65 65
1176_0028_0025_0036_0036.jpg 1 28 25 36 36
1177_0009_0035_0040_0040.jpg 1 9 35 40 40
1178_0051_0035_0042_0042.jpg 1 51 35 42 42
1179_0039_0034_0032_0032.jpg 1 39 34 32 32
1180_0034_0052_0036_0036.jpg 1 34 52 36 36
1181_0043_0026_0051_0051.jpg 1 43 26 51 51
1182_0028_0022_0066_0066.jpg 1 28 22 66 66
1183_0017_0005_0059_0059.jpg 1 17 5 59 59
1184_0049_0008_0034_0034.jpg 1 49 8 34 34
1185_0006_0026_0055_0055.jpg 1 6 26 55 55
1186_0043_0034_0048_0048.jpg 1 43 34 48 48
1187_0035_0009_0042_0042.jpg 1 35 9 42 42
1188_0045_0019_0040_0040.jpg 1 45 19 40 40
1189_0011_0036_0054_0054.jpg 1 11 36 54 54
1190_0044_0055_0037_0037.jpg 1 44 55 37 37
1191_0054_0037_0030_0030.jpg 1 54 37 30 30
1192_0014_0036_0035_0035.jpg 1 14 36 35 35
1193_0016_0024_0055_0055.jpg 1 16 24 55 55
1194_0036_0024_0059_0059.jpg 1 36 24 59 59
1195_0040_0012_0051_0051.jpg 1 40 12 51 51
1196_0012_0035_0027_0027.jpg 1 12 35 27 27
1197_0034_0040_0044_0044.jpg 1 34 40 44 44
1198_0041_0029_0049_0049.jpg 1 41 29 49 49
1199_0030_0007_0040_0040.jpg 1 30 7 40 40
1200_0006_0018_0061_0061.jpg 1 6 18 61 61
1201_0040_0045_0045_0045.jpg 1 40 45 45 45
1202_0052_0019_0024_0024.jpg 1 52 19 24 24
1203_0019_0017_0064_0064.jpg 1 19 17 64 64
1204_0017_0024_0062_0062.jpg 1 17 24 62 62
1205_0037_0037_0054_0054.jpg 1 37 37 54 54
1206_0026_0015_0050_0050.jpg 1 26 15 50 50
1207_0040_0023_0048_0048.jpg 1 40 23 48 48
1208_0026_0034_0043_0043.jpg 1 26 34 43 43
1209_0010_0021_0060_0060.jpg 1 10 21 60 60
1210_0009_0021_0031_0031.jpg 1 9 21 31 31
1211_0006_0007_0066_0066.jpg 1 6 7 66 66
1212_0009_0013_0044_0044.jpg 1 9 13 44 44
1213_0042_0013_0032_0032.jpg 1 42 13 32 32
1214_0047_0008_0032_0032.jpg 1 47 8 32 32
1215_0022_0021_0063_0063.jpg 1 22 21 63 63
1216_0018_0019_0069_0069.jpg 1 18 19 69 69
1217_0015_0035_0058_0058.jpg 1 15 35 58 58
1218_0052_0060_0032_0032.jpg 1 52 60 32 32
1219_0036_0045_0043_0043.jpg 1 36 45 43 43
1220_0037_0033_0027_0027.jpg 1 37 33 27 27
1221_0045_0048_0042_0042.jpg 1 45 48 42 42
1222_0009_0008_0061_0061.jpg 1 9 8 61 61
1223_0042_0011_0042_0042.jpg 1 42 11 42 42
1224_0016_0022_0050_0050.jpg 1 16 22 50 50
1225_0034_0025_0038_0038.jpg 1 34 25 38 38
1226_0031_0041_0035_0035.jpg 1 31 41 35 35
1227_0057_0009_0028_0028.jpg 1 57 9 28 28
1228_0034_0013_0041_0041.jpg 1 34 13 41 41
1229_0032_0022_0039_0039.jpg 1 32 22 39 39
1230_0030_0026_0044_0044.jpg 1 30 26 44 44
1231_0048_0038_0039_0039.jpg 1 48 38 39 39
1232_0021_0008_0057_0057.jpg 1 21 8 57 57
1233_0046_0008_0033_0033.jpg 1 46 8 33 33
1234_0020_0030_0050_0050.jpg 1 20 30 50 50
1235_0030_0032_0024_0024.jpg 1 30 32 24 24
1236_0033_0021_0046_0046.jpg 1 33 21 46 46
1237_0029_0024_0054_0054.jpg 1 29 24 54 54
1238_0016_0012_0038_0038.jpg 1 16 12 38 38
1239_0033_0032_0051_0051.jpg 1 33 32 51 51
1240_0010_0014_0068_0068.jpg 1 10 14 68 68
1241_0034_0042_0038_0038.jpg 1 34 42 38 38
1242_0010_0026_0063_0063.jpg 1 10 26 63 63
1243_0055_0009_0036_0036.jpg 1 55 9 36 36
1244_0009_0023_0037_0037.jpg 1 9 23 37 37
1245_0023_0037_0046_0046.jpg 1 23 37 46 46
1246_0030_0024_0058_0058.jpg 1 30 24 58 58
1247_0008_0021_0065_0065.jpg 1 8 21 65 65
1248_0025_0022_0058_0058.jpg 1 25 22 58 58
1249_0045_0035_0046_0046.jpg 1 45 35 46 46
1250_0023_0012_0061_0061.jpg 1 23 12 61 61
1251_0041_0033_0025_0025.jpg 1 41 33 25 25
1252_0023_0018_0030_0030.jpg 1 23 18 30 30
1253_0021_0022_0067_0067.jpg 1 21 22 67 67
1254_0045_0021_0044_0044.jpg 1 45 21 44 44
1255_0060_0056_0030_0030.jpg 1 60 56 30 30
1256_0016_0009_0069_0069.jpg 1 16 9 69 69
1257_0020_0021_0067_0067.jpg 1 20 21 67 67
1258_0020_0025_0048_0048.jpg 1 20 25 48 48
1259_0005_0005_0060_0060.jpg 1 5 5 60 60
1260_0023_0003_0068_0068.jpg 1 23 3 68 68
1261_0043_0031_0042_0042.jpg 1 43 31 42 42
1262_0013_0036_0036_0036.jpg 1 13 36 36 36
1263_0043_0029_0050_0050.jpg 1 43 29 50 50
1264_0009_0047_0044_0044.jpg 1 9 47 44 44
1265_0025_0048_0040_0040.jpg 1 25 48 40 40
1266_0062_0012_0026_0026.jpg 1 62 12 26 26
1267_0012_0009_0059_0059.jpg 1 12 9 59 59
1268_0037_0013_0055_0055.jpg 1 37 13 55 55
1269_0031_0039_0053_0053.jpg 1 31 39 53 53
1270_0007_0021_0057_0057.jpg 1 7 21 57 57
1271_0055_0017_0031_0031.jpg 1 55 17 31 31
1272_0036_0025_0047_0047.jpg 1 36 25 47 47
1273_0029_0015_0041_0041.jpg 1 29 15 41 41
1274_0028_0027_0024_0024.jpg 1 28 27 24 24
1275_0028_0018_0029_0029.jpg 1 28 18 29 29
1276_0017_0012_0024_0024.jpg 1 17 12 24 24
1277_0038_0010_0054_0054.jpg 1 38 10 54 54
1278_0024_0009_0069_0069.jpg 1 24 9 69 69
1279_0060_0011_0026_0026.jpg 1 60 11 26 26
1280_0029_0030_0062_0062.jpg 1 29 30 62 62
1281_0023_0019_0029_0029.jpg 1 23 19 29 29
1282_0008_0011_0066_0066.jpg 1 8 11 66 66
1283_0019_0024_0038_0038.jpg 1 19 24 38 38
1284_0037_0041_0038_0038.jpg 1 37 41 38 38
1285_0024_0006_0051_0051.jpg 1 24 6 51 51
1286_0022_0048_0045_0045.jpg 1 22 48 45 45
1287_0020_0015_0068_0068.jpg 1 20 15 68 68
1288_0045_0042_0036_0036.jpg 1 45 42 36 36
1289_0013_0011_0045_0045.jpg 1 13 11 45 45
1290_0029_0032_0028_0028.jpg 1 29 32 28 28
1291_0009_0004_0068_0068.jpg 1 9 4 68 68
1292_0006_0025_0069_0069.jpg 1 6 25 69 69
1293_0011_0038_0055_0055.jpg 1 11 38 55 55
1294_0031_0006_0063_0063.jpg 1 31 6 63 63
1295_0004_0014_0066_0066.jpg 1 4 14 66 66
1296_0006_0025_0067_0067.jpg 1 6 25 67 67
1297_0030_0016_0057_0057.jpg 1 30 16 57 57
1298_0017_0017_0065_0065.jpg 1 17 17 65 65
1299_0048_0025_0035_0035.jpg 1 48 25 35 35
1300_0013_0005_0053_0053.jpg 1 13 5 53 53
1301_0017_0025_0039_0039.jpg 1 17 25 39 39
1302_0017_0038_0044_0044.jpg 1 17 38 44 44
1303_0048_0038_0025_0025.jpg 1 48 38 25 25
1304_0040_0030_0035_0035.jpg 1 40 30 35 35
1305_0044_0016_0043_0043.jpg 1 44 16 43 43
1306_0021_0042_0043_0043.jpg 1 21 42 43 43
1307_0046_0028_0034_0034.jpg 1 46 28 34 34
1308_0034_0060_0031_0031.jpg 1 34 60 31 31
1309_0021_0017_0048_0048.jpg 1 21 17 48 48
1310_0039_0008_0049_0049.jpg 1 39 8 49 49
1311_0006_0023_0069_0069.jpg 1 6 23 69 69
1312_0018_0040_0051_0051.jpg 1 18 40 51 51
1313_0032_0030_0032_0032.jpg 1 32 30 32 32
1314_0036_0009_0057_0057.jpg 1 36 9 57 57
1315_0018_0041_0050_0050.jpg 1 18 41 50 50
1316_0031_0024_0037_0037.jpg 1 31 24 37 37
1317_0034_0030_0032_0032.jpg 1 34 30 32 32
1318_0028_0051_0041_0041.jpg 1 28 51 41 41
1319_0046_0022_0045_0045.jpg 1 46 22 45 45
1320_0031_0017_0042_0042.jpg 1 31 17 42 42
1321_0012_0032_0049_0049.jpg 1 12 32 49 49
1322_0027_0022_0047_0047.jpg 1 27 22 47 47
1323_0011_0017_0065_0065.jpg 1 11 17 65 65
1324_0008_0017_0052_0052.jpg 1 8 17 52 52
1325_0015_0020_0067_0067.jpg 1 15 20 67 67
1326_0018_0015_0064_0064.jpg 1 18 15 64 64
1327_0036_0046_0037_0037.jpg 1 36 46 37 37
1328_0037_0026_0040_0040.jpg 1 37 26 40 40
1329_0041_0022_0026_0026.jpg 1 41 22 26 26
1330_0030_0023_0065_0065.jpg 1 30 23 65 65
1331_0010_0051_0039_0039.jpg 1 10 51 39 39
1332_0026_0021_0042_0042.jpg 1 26 21 42 42
1333_0024_0045_0045_0045.jpg 1 24 45 45 45
1334_0031_0048_0041_0041.jpg 1 31 48 41 41
1335_0029_0025_0026_0026.jpg 1 29 25 26 26
1336_0029_0009_0043_0043.jpg 1 29 9 43 43
1337_0032_0038_0044_0044.jpg 1 32 38 44 44
1338_0006_0014_0040_0040.jpg 1 6 14 40 40
1339_0022_0019_0064_0064.jpg 1 22 19 64 64
1340_0036_0009_0034_0034.jpg 1 36 9 34 34
1341_0056_0042_0026_0026.jpg 1 56 42 26 26
1342_0030_0043_0036_0036.jpg 1 30 43 36 36
1343_0045_0010_0034_0034.jpg 1 45 10 34 34
1344_0019_0013_0047_0047.jpg 1 19 13 47 47
1345_0013_0015_0040_0040.jpg 1 13 15 40 40
1346_0023_0022_0069_0069.jpg 1 23 22 69 69
1347_0040_0035_0025_0025.jpg 1 40 35 25 25
1348_0029_0026_0066_0066.jpg 1 29 26 66 66
1349_0029_0059_0024_0024.jpg 1 29 59 24 24
1350_0040_0018_0053_0053.jpg 1 40 18 53 53
1351_0024_0009_0049_0049.jpg 1 24 9 49 49
1352_0032_0024_0057_0057.jpg 1 32 24 57 57
1353_0052_0042_0039_0039.jpg 1 52 42 39 39
1354_0029_0018_0032_0032.jpg 1 29 18 32 32
1355_0017_0004_0064_0064.jpg 1 17 4 64 64
1356_0020_0004_0068_0068.jpg 1 20 4 68 68
1357_0013_0008_0066_0066.jpg 1 13 8 66 66
1358_0030_0018_0066_0066.jpg 1 30 18 66 66
1359_0065_0058_0027_0027.jpg 1 65 58 27 27
1360_0024_0013_0055_0055.jpg 1 24 13 55 55
1361_0053_0045_0027_0027.jpg 1 53 45 27 27
1362_0024_0024_0060_0060.jpg 1 24 24 60 60
1363_0027_0031_0058_0058.jpg 1 27 31 58 58
1364_0006_0030_0052_0052.jpg 1 6 30 52 52
1365_0009_0030_0041_0041.jpg 1 9 30 41 41
1366_0017_0008_0045_0045.jpg 1 17 8 45 45
1367_0034_0019_0042_0042.jpg 1 34 19 42 42
1368_0051_0010_0035_0035.jpg 1 51 10 35 35
1369_0027_0006_0054_0054.jpg 1 27 6 54 54
1370_0014_0021_0067_0067.jpg 1 14 21 67 67
1371_0045_0046_0038_0038.jpg 1 45 46 38 38
1372_0017_0026_0058_0058.jpg 1 17 26 58 58
1373_0008_0028_0058_0058.jpg 1 8 28 58 58
1374_0048_0033_0042_0042.jpg 1 48 33 42 42
1375_0057_0021_0027_0027.jpg 1 57 21 27 27
1376_0034_0010_0048_0048.jpg 1 34 10 48 48
1377_0051_0015_0031_0031.jpg 1 51 15 31 31
1378_0023_0025_0063_0063.jpg 1 23 25 63 63
1379_0007_0012_0064_0064.jpg 1 7 12 64 64
1380_0009_0019_0037_0037.jpg 1 9 19 37 37
1381_0005_0006_0067_0067.jpg 1 5 6 67 67
1382_0052_0011_0031_0031.jpg 1 52 11 31 31
1383_0007_0048_0036_0036.jpg 1 7 48 36 36
1384_0041_0037_0024_0024.jpg 1 41 37 24 24
1385_0010_0029_0050_0050.jpg 1 10 29 50 50
1386_0017_0026_0056_0056.jpg 1 17 26 56 56
1387_0056_0042_0033_0033.jpg 1 56 42 33 33
1388_0064_0022_0027_0027.jpg 1 64 22 27 27
1389_0039_0036_0046_0046.jpg 1 39 36 46 46
1390_0039_0043_0026_0026.jpg 1 39 43 26 26
1391_0029_0012_0036_0036.jpg 1 29 12 36 36
1392_0029_0011_0024_0024.jpg 1 29 11 24 24
1393_0030_0030_0058_0058.jpg 1 30 30 58 58
1394_0031_0006_0063_0063.jpg 1 31 6 63 63
1395_0042_0044_0038_0038.jpg 1 42 44 38 38
1396_0016_0027_0060_0060.jpg 1 16 27 60 60
1397_0039_0008_0038_0038.jpg 1 39 8 38 38
1398_0035_0045_0038_0038.jpg 1 35 45 38 38
1399_0009_0050_0034_0034.jpg 1 9 50 34 34
1400_0031_0057_0029_0029.jpg 1 31 57 29 29
1401_0057_0008_0035_0035.jpg 1 57 8 35 35
1402_0025_0014_0062_0062.jpg 1 25 14 62 62
1403_0018_0003_0065_0065.jpg 1 18 3 65 65
1404_0010_0025_0045_0045.jpg 1 10 25 45 45
1405_0020_0039_0039_0039.jpg 1 20 39 39 39
1406_0015_0012_0069_0069.jpg 1 15 12 69 69
1407_0019_0048_0034_0034.jpg 1 19 48 34 34
1408_0017_0020_0065_0065.jpg 1 17 20 65 65
1409_0012_0013_0046_0046.jpg 1 12 13 46 46
1410_0023_0035_0027_0027.jpg 1 23 35 27 27
1411_0023_0016_0061_0061.jpg 1 23 16 61 61
1412_0028_0064_0026_0026.jpg 1 28 64 26 26
1413_0047_0008_0040_0040.jpg 1 47 8 40 40
1414_0035_0047_0037_0037.jpg 1 35 47 37 37
1415_0046_0009_0033_0033.jpg 1 46 9 33 33
1416_0029_0036_0032_0032.jpg 1 29 36 32 32
1417_0013_0006_0046_0046.jpg 1 13 6 46 46
1418_0033_0007_0043_0043.jpg 1 33 7 43 43
1419_0025_0049_0041_0041.jpg 1 25 49 41 41
1420_0023_0016_0065_0065.jpg 1 23 16 65 65
1421_0012_0024_0063_0063.jpg 1 12 24 63 63
1422_0032_0010_0057_0057.jpg 1 32 10 57 57
1423_0026_0008_0057_0057.jpg 1 26 8 57 57
1424_0006_0018_0040_0040.jpg 1 6 18 40 40
1425_0011_0018_0053_0053.jpg 1 11 18 53 53
1426_0016_0024_0036_0036.jpg 1 16 24 36 36
1427_0030_0018_0057_0057.jpg 1 30 18 57 57
1428_0025_0024_0053_0053.jpg 1 25 24 53 53
1429_0037_0013_0055_0055.jpg 1 37 13 55 55
1430_0036_0023_0036_0036.jpg 1 36 23 36 36
1431_0022_0013_0056_0056.jpg 1 22 13 56 56
1432_0035_0021_0043_0043.jpg 1 35 21 43 43
1433_0011_0023_0065_0065.jpg 1 11 23 65 65
1434_0036_0028_0048_0048.jpg 1 36 28 48 48
1435_0038_0021_0035_0035.jpg 1 38 21 35 35
1436_0018_0048_0035_0035.jpg 1 18 48 35 35
1437_0027_0060_0028_0028.jpg 1 27 60 28 28
1438_0026_0056_0026_0026.jpg 1 26 56 26 26
1439_0063_0010_0025_0025.jpg 1 63 10 25 25
1440_0051_0008_0026_0026.jpg 1 51 8 26 26
1441_0010_0044_0024_0024.jpg 1 10 44 24 24
1442_0020_0045_0048_0048.jpg 1 20 45 48 48
1443_0021_0016_0063_0063.jpg 1 21 16 63 63
1444_0032_0011_0043_0043.jpg 1 32 11 43 43
1445_0035_0048_0041_0041.jpg 1 35 48 41 41
1446_0011_0024_0046_0046.jpg 1 11 24 46 46
1447_0039_0011_0052_0052.jpg 1 39 11 52 52
1448_0024_0048_0027_0027.jpg 1 24 48 27 27
1449_0024_0037_0026_0026.jpg 1 24 37 26 26
1450_0045_0008_0028_0028.jpg 1 45 8 28 28
1451_0041_0005_0044_0044.jpg 1 41 5 44 44
1452_0025_0018_0065_0065.jpg 1 25 18 65 65
1453_0014_0012_0056_0056.jpg 1 14 12 56 56
1454_0010_0020_0068_0068.jpg 1 10 20 68 68
1455_0031_0022_0055_0055.jpg 1 31 22 55 55
1456_0014_0032_0063_0063.jpg 1 14 32 63 63
1457_0037_0032_0042_0042.jpg 1 37 32 42 42
1458_0019_0017_0041_0041.jpg 1 19 17 41 41
1459_0010_0035_0052_0052.jpg 1 10 35 52 52
1460_0052_0027_0026_0026.jpg 1 52 27 26 26
1461_0005_0025_0062_0062.jpg 1 5 25 62 62
1462_0020_0037_0030_0030.jpg 1 20 37 30 30
1463_0017_0026_0053_0053.jpg 1 17 26 53 53
1464_0016_0025_0034_0034.jpg 1 16 25 34 34
1465_0029_0021_0060_0060.jpg 1 29 21 60 60
1466_0009_0014_0064_0064.jpg 1 9 14 64 64
1467_0036_0044_0041_0041.jpg 1 36 44 41 41
1468_0025_0057_0032_0032.jpg 1 25 57 32 32
1469_0037_0044_0025_0025.jpg 1 37 44 25 25
1470_0042_0036_0044_0044.jpg 1 42 36 44 44
1471_0025_0025_0061_0061.jpg 1 25 25 61 61
1472_0024_0014_0053_0053.jpg 1 24 14 53 53
1473_0034_0043_0035_0035.jpg 1 34 43 35 35
1474_0019_0013_0064_0064.jpg 1 19 13 64 64
1475_0018_0007_0031_0031.jpg 1 18 7 31 31
1476_0037_0037_0047_0047.jpg 1 37 37 47 47
1477_0031_0012_0045_0045.jpg 1 31 12 45 45
1478_0015_0030_0053_0053.jpg 1 15 30 53 53
1479_0026_0029_0030_0030.jpg 1 26 29 30 30
1480_0020_0014_0031_0031.jpg 1 20 14 31 31
1481_0007_0024_0062_0062.jpg 1 7 24 62 62
1482_0023_0003_0069_0069.jpg 1 23 3 69 69
1483_0033_0036_0042_0042.jpg 1 33 36 42 42
1484_0012_0019_0037_0037.jpg 1 12 19 37 37
1485_0053_0048_0035_0035.jpg 1 53 48 35 35
1486_0035_0024_0052_0052.jpg 1 35 24 52 52
1487_0040_0007_0053_0053.jpg 1 40 7 53 53
1488_0016_0021_0066_0066.jpg 1 16 21 66 66
1489_0033_0063_0025_0025.jpg 1 33 63 25 25
1490_0005_0041_0052_0052.jpg 1 5 41 52 52
1491_0018_0012_0066_0066.jpg 1 18 12 66 66
1492_0032_0017_0044_0044.jpg 1 32 17 44 44
1493_0044_0050_0025_0025.jpg 1 44 50 25 25
1494_0036_0012_0049_0049.jpg 1 36 12 49 49
1495_0016_0014_0045_0045.jpg 1 16 14 45 45
1496_0009_0005_0068_0068.jpg 1 9 5 68 68
1497_0008_0006_0057_0057.jpg 1 8 6 57 57
1498_0042_0020_0030_0030.jpg 1 42 20 30 30
1499_0036_0048_0045_0045.jpg 1 36 48 45 45
1500_0052_0013_0030_0030.jpg 1 52 13 30 30
1501_0036_0012_0055_0055.jpg 1 36 12 55 55
1502_0037_0028_0057_0057.jpg 1 37 28 57 57
1503_0045_0038_0049_0049.jpg 1 45 38 49 49
1504_0045_0010_0031_0031.jpg 1 45 10 31 31
1505_0036_0011_0051_0051.jpg 1 36 11 51 51
1506_0037_0035_0043_0043.jpg 1 37 35 43 43
1507_0025_0023_0057_0057.jpg 1 25 23 57 57
1508_0008_0014_0063_0063.jpg 1 8 14 63 63
1509_0037_0018_0052_0052.jpg 1 37 18 52 52
1510_0058_0038_0031_0031.jpg 1 58 38 31 31
1511_0027_0016_0045_0045.jpg 1 27 16 45 45
1512_0006_0005_0062_0062.jpg 1 6 5 62 62
1513_0012_0057_0025_0025.jpg 1 12 57 25 25
1514_0019_0030_0056_0056.jpg 1 19 30 56 56
1515_0019_0033_0027_0027.jpg 1 19 33 27 27
1516_0025_0040_0035_0035.jpg 1 25 40 35 35
1517_0016_0010_0051_0051.jpg 1 16 10 51 51
1518_0031_0040_0044_0044.jpg 1 31 40 44 44
1519_0025_0012_0067_0067.jpg 1 25 12 67 67
1520_0047_0037_0038_0038.jpg 1 47 37 38 38
1521_0033_0042_0052_0052.jpg 1 33 42 52 52
1522_0028_0027_0040_0040.jpg 1 28 27 40 40
1523_0016_0017_0039_0039.jpg 1 16 17 39 39
1524_0022_0026_0069_0069.jpg 1 22 26 69 69
1525_0037_0042_0044_0044.jpg 1 37 42 44 44
1526_0026_0025_0048_0048.jpg 1 26 25 48 48
1527_0008_0036_0058_0058.jpg 1 8 36 58 58
1528_0006_0031_0064_0064.jpg 1 6 31 64 64
1529_0025_0014_0034_0034.jpg 1 25 14 34 34
1530_0048_0057_0028_0028.jpg 1 48 57 28 28
1531_0015_0007_0063_0063.jpg 1 15 7 63 63
1532_0036_0005_0056_0056.jpg 1 36 5 56 56
1533_0032_0008_0040_0040.jpg 1 32 8 40 40
1534_0029_0026_0058_0058.jpg 1 29 26 58 58
1535_0010_0012_0069_0069.jpg 1 10 12 69 69
1536_0026_0006_0048_0048.jpg 1 26 6 48 48
1537_0046_0012_0045_0045.jpg 1 46 12 45 45
1538_0017_0026_0062_0062.jpg 1 17 26 62 62
1539_0039_0044_0044_0044.jpg 1 39 44 44 44
1540_0012_0022_0055_0055.jpg 1 12 22 55 55
1541_0009_0053_0025_0025.jpg 1 9 53 25 25
1542_0037_0057_0026_0026.jpg 1 37 57 26 26
1543_0054_0032_0037_0037.jpg 1 54 32 37 37
1544_0031_0037_0055_0055.jpg 1 31 37 55 55
1545_0039_0029_0026_0026.jpg 1 39 29 26 26
1546_0031_0042_0044_0044.jpg 1 31 42 44 44
1547_0020_0023_0068_0068.jpg 1 20 23 68 68
1548_0009_0031_0062_0062.jpg 1 9 31 62 62
1549_0031_0012_0038_0038.jpg 1 31 12 38 38
1550_0008_0035_0060_0060.jpg 1 8 35 60 60
1551_0036_0014_0048_0048.jpg 1 36 14 48 48
1552_0027_0006_0065_0065.jpg 1 27 6 65 65
1553_0042_0035_0032_0032.jpg 1 42 35 32 32
1554_0011_0032_0044_0044.jpg 1 11 32 44 44
1555_0030_0037_0052_0052.jpg 1 30 37 52 52
1556_0043_0035_0047_0047.jpg 1 43 35 47 47
1557_0010_0026_0057_0057.jpg 1 10 26 57 57
1558_0060_0040_0032_0032.jpg 1 60 40 32 32
1559_0019_0028_0048_0048.jpg 1 19 28 48 48
1560_0008_0036_0036_0036.jpg 1 8 36 36 36
1561_0028_0047_0044_0044.jpg 1 28 47 44 44
1562_0024_0012_0060_0060.jpg 1 24 12 60 60
1563_0028_0029_0066_0066.jpg 1 28 29 66 66
1564_0004_0009_0067_0067.jpg 1 4 9 67 67
1565_0009_0026_0066_0066.jpg 1 9 26 66 66
1566_0056_0066_0024_0024.jpg 1 56 66 24 24
1567_0041_0005_0053_0053.jpg 1 41 5 53 53
1568_0036_0033_0041_0041.jpg 1 36 33 41 41
1569_0013_0020_0050_0050.jpg 1 13 20 50 50
1570_0027_0051_0031_0031.jpg 1 27 51 31 31
1571_0044_0014_0046_0046.jpg 1 44 14 46 46
1572_0010_0011_0046_0046.jpg 1 10 11 46 46
1573_0007_0011_0061_0061.jpg 1 7 11 61 61
1574_0013_0041_0046_0046.jpg 1 13 41 46 46
1575_0009_0055_0038_0038.jpg 1 9 55 38 38
1576_0005_0020_0054_0054.jpg 1 5 20 54 54
1577_0047_0016_0045_0045.jpg 1 47 16 45 45
1578_0063_0026_0029_0029.jpg 1 63 26 29 29
1579_0056_0019_0035_0035.jpg 1 56 19 35 35
1580_0028_0029_0063_0063.jpg 1 28 29 63 63
1581_0009_0020_0069_0069.jpg 1 9 20 69 69
1582_0043_0041_0045_0045.jpg 1 43 41 45 45
1583_0027_0027_0051_0051.jpg 1 27 27 51 51
1584_0023_0021_0069_0069.jpg 1 23 21 69 69
1585_0055_0017_0026_0026.jpg 1 55 17 26 26
1586_0012_0009_0068_0068.jpg 1 12 9 68 68
1587_0014_0037_0050_0050.jpg 1 14 37 50 50
1588_0030_0004_0056_0056.jpg 1 30 4 56 56
1589_0049_0037_0037_0037.jpg 1 49 37 37 37
1590_0014_0008_0064_0064.jpg 1 14 8 64 64
1591_0017_0040_0043_0043.jpg 1 17 40 43 43
1592_0005_0009_0057_0057.jpg 1 5 9 57 57
1593_0014_0026_0052_0052.jpg 1 14 26 52 52
1594_0008_0036_0032_0032.jpg 1 8 36 32 32
1595_0027_0015_0047_0047.jpg 1 27 15 47 47
1596_0055_0034_0027_0027.jpg 1 55 34 27 27
1597_0042_0033_0052_0052.jpg 1 42 33 52 52
1598_0035_0036_0051_0051.jpg 1 35 36 51 51
1599_0046_0034_0038_0038.jpg 1 46 34 38 38
1600_0016_0006_0060_0060.jpg 1 16 6 60 60
1601_0036_0013_0057_0057.jpg 1 36 13 57 57
1602_0024_0024_0066_0066.jpg 1 24 24 66 66
1603_0037_0008_0041_0041.jpg 1 37 8 41 41
1604_0010_0019_0064_0064.jpg 1 10 19 64 64
1605_0014_0029_0061_0061.jpg 1 14 29 61 61
1606_0023_0045_0042_0042.jpg 1 23 45 42 42
1607_0027_0033_0029_0029.jpg 1 27 33 29 29
1608_0009_0043_0038_0038.jpg 1 9 43 38 38
1609_0016_0037_0048_0048.jpg 1 16 37 48 48
1610_0025_0011_0042_0042.jpg 1 25 11 42 42
1611_0012_0034_0052_0052.jpg 1 12 34 52 52
1612_0024_0009_0054_0054.jpg 1 24 9 54 54
1613_0034_0030_0058_0058.jpg 1 34 30 58 58
1614_0028_0058_0034_0034.jpg 1 28 58 34 34
1615_0012_0057_0035_0035.jpg 1 12 57 35 35
1616_0060_0042_0026_0026.jpg 1 60 42 26 26
1617_0024_0041_0040_0040.jpg 1 24 41 40 40
1618_0009_0034_0030_0030.jpg 1 9 34 30 30
1619_0051_0029_0024_0024.jpg 1 51 29 24 24
1620_0031_0009_0027_0027.jpg 1 31 9 27 27
1621_0025_0017_0038_0038.jpg 1 25 17 38 38
1622_0028_0032_0054_0054.jpg 1 28 32 54 54
1623_0038_0028_0052_0052.jpg 1 38 28 52 52
1624_0055_0009_0027_0027.jpg 1 55 9 27 27
1625_0008_0004_0056_0056.jpg 1 8 4 56 56
1626_0016_0047_0034_0034.jpg 1 16 47 34 34
1627_0052_0032_0038_0038.jpg 1 52 32 38 38
1628_0034_0029_0049_0049.jpg 1 34 29 49 49
1629_0008_0006_0062_0062.jpg 1 8 6 62 62
1630_0010_0026_0068_0068.jpg 1 10 26 68 68
1631_0015_0017_0063_0063.jpg 1 15 17 63 63
1632_0030_0048_0040_0040.jpg 1 30 48 40 40
1633_0014_0012_0048_0048.jpg 1 14 12 48 48
1634_0003_0022_0069_0069.jpg 1 3 22 69 69
1635_0010_0019_0065_0065.jpg 1 10 19 65 65
1636_0032_0011_0058_0058.jpg 1 32 11 58 58
1637_0018_0037_0052_0052.jpg 1 18 37 52 52
1638_0059_0030_0031_0031.jpg 1 59 30 31 31
1639_0034_0005_0059_0059.jpg 1 34 5 59 59
1640_0050_0039_0030_0030.jpg 1 50 39 30 30
1641_0053_0012_0031_0031.jpg 1 53 12 31 31
1642_0031_0019_0046_0046.jpg 1 31 19 46 46
1643_0006_0017_0044_0044.jpg 1 6 17 44 44
1644_0027_0010_0061_0061.jpg 1 27 10 61 61
1645_0033_0056_0030_0030.jpg 1 33 56 30 30
1646_0026_0024_0062_0062.jpg 1 26 24 62 62
1647_0023_0042_0030_0030.jpg 1 23 42 30 30
1648_0026_0009_0027_0027.jpg 1 26 9 27 27
1649_0016_0057_0035_0035.jpg 1 16 57 35 35
1650_0012_0010_0059_0059.jpg 1 12 10 59 59
1651_0003_0022_0064_0064.jpg 1 3 22 64 64
1652_0017_0018_0062_0062.jpg 1 17 18 62 62
1653_0020_0024_0039_0039.jpg 1 20 24 39 39
1654_0018_0021_0060_0060.jpg 1 18 21 60 60
1655_0024_0012_0065_0065.jpg 1 24 12 65 65
1656_0058_0034_0030_0030.jpg 1 58 34 30 30
1657_0014_0039_0053_0053.jpg 1 14 39 53 53
1658_0013_0012_0046_0046.jpg 1 13 12 46 46
1659_0043_0046_0034_0034.jpg 1 43 46 34 34
1660_0021_0014_0067_0067.jpg 1 21 14 67 67
1661_0034_0035_0061_0061.jpg 1 34 35 61 61
1662_0038_0026_0054_0054.jpg 1 38 26 54 54
1663_0052_0012_0034_0034.jpg 1 52 12 34 34
1664_0060_0054_0026_0026.jpg 1 60 54 26 26
1665_0023_0010_0037_0037.jpg 1 23 10 37 37
1666_0039_0008_0037_0037.jpg 1 39 8 37 37
1667_0036_0033_0028_0028.jpg 1 36 33 28 28
1668_0046_0010_0031_0031.jpg 1 46 10 31 31
1669_0032_0007_0061_0061.jpg 1 32 7 61 61
1670_0028_0032_0049_0049.jpg 1 28 32 49 49
1671_0017_0025_0060_0060.jpg 1 17 25 60 60
1672_0014_0018_0047_0047.jpg 1 14 18 47 47
1673_0039_0029_0036_0036.jpg 1 39 29 36 36
1674_0023_0024_0049_0049.jpg 1 23 24 49 49
1675_0019_0018_0052_0052.jpg 1 19 18 52 52
1676_0027_0015_0053_0053.jpg 1 27 15 53 53
1677_0005_0023_0064_0064.jpg 1 5 23 64 64
1678_0012_0024_0064_0064.jpg 1 12 24 64 64
1679_0031_0026_0058_0058.jpg 1 31 26 58 58
1680_0023_0004_0062_0062.jpg 1 23 4 62 62
1681_0027_0034_0039_0039.jpg 1 27 34 39 39
1682_0011_0052_0036_0036.jpg 1 11 52 36 36
1683_0032_0004_0063_0063.jpg 1 32 4 63 63
1684_0013_0019_0065_0065.jpg 1 13 19 65 65
1685_0016_0006_0067_0067.jpg 1 16 6 67 67
1686_0030_0038_0042_0042.jpg 1 30 38 42 42
1687_0022_0023_0055_0055.jpg 1 22 23 55 55
1688_0025_0046_0036_0036.jpg 1 25 46 36 36
1689_0033_0010_0028_0028.jpg 1 33 10 28 28
1690_0031_0016_0045_0045.jpg 1 31 16 45 45
1691_0018_0023_0060_0060.jpg 1 18 23 60 60
1692_0017_0029_0051_0051.jpg 1 17 29 51 51
1693_0008_0032_0032_0032.jpg 1 8 32 32 32
1694_0021_0051_0041_0041.jpg 1 21 51 41 41
1695_0014_0032_0062_0062.jpg 1 14 32 62 62
1696_0024_0017_0045_0045.jpg 1 24 17 45 45
1697_0006_0042_0041_0041.jpg 1 6 42 41 41
1698_0018_0032_0043_0043.jpg 1 18 32 43 43
1699_0015_0005_0066_0066.jpg 1 15 5 66 66
1700_0008_0009_0069_0069.jpg 1 8 9 69 69
1701_0054_0052_0039_0039.jpg 1 54 52 39 39
1702_0047_0022_0039_0039.jpg 1 47 22 39 39
1703_0005_0024_0066_0066.jpg 1 5 24 66 66
1704_0044_0042_0031_0031.jpg 1 44 42 31 31
1705_0006_0021_0048_0048.jpg 1 6 21 48 48
1706_0023_0017_0024_0024.jpg 1 23 17 24 24
1707_0008_0023_0054_0054.jpg 1 8 23 54 54
1708_0050_0030_0032_0032.jpg 1 50 30 32 32
1709_0006_0021_0067_0067.jpg 1 6 21 67 67
1710_0017_0015_0041_0041.jpg 1 17 15 41 41
1711_0045_0045_0048_0048.jpg 1 45 45 48 48
1712_0013_0050_0028_0028.jpg 1 13 50 28 28
1713_0034_0037_0055_0055.jpg 1 34 37 55 55
1714_0010_0007_0058_0058.jpg 1 10 7 58 58
1715_0006_0034_0032_0032.jpg 1 6 34 32 32
1716_0033_0030_0057_0057.jpg 1 33 30 57 57
1717_0058_0037_0030_0030.jpg 1 58 37 30 30
1718_0052_0010_0026_0026.jpg 1 52 10 26 26
1719_0027_0011_0034_0034.jpg 1 27 11 34 34
1720_0031_0009_0052_0052.jpg 1 31 9 52 52
1721_0036_0036_0046_0046.jpg 1 36 36 46 46
1722_0036_0013_0033_0033.jpg 1 36 13 33 33
1723_0025_0022_0069_0069.jpg 1 25 22 69 69
1724_0008_0030_0036_0036.jpg 1 8 30 36 36
1725_0029_0018_0048_0048.jpg 1 29 18 48 48
1726_0013_0013_0036_0036.jpg 1 13 13 36 36
1727_0028_0020_0056_0056.jpg 1 28 20 56 56
1728_0009_0008_0029_0029.jpg 1 9 8 29 29
1729_0039_0015_0042_0042.jpg 1 39 15 42 42
1730_0022_0004_0054_0054.jpg 1 22 4 54 54
1731_0020_0003_0067_0067.jpg 1 20 3 67 67
1732_0009_0042_0038_0038.jpg 1 9 42 38 38
1733_0010_0019_0062_0062.jpg 1 10 19 62 62
1734_0045_0042_0039_0039.jpg 1 45 42 39 39
1735_0020_0046_0035_0035.jpg 1 20 46 35 35
1736_0034_0021_0034_0034.jpg 1 34 21 34 34
1737_0039_0047_0035_0035.jpg 1 39 47 35 35
1738_0017_0029_0049_0049.jpg 1 17 29 49 49
1739_0026_0041_0042_0042.jpg 1 26 41 42 42
1740_0031_0019_0050_0050.jpg 1 31 19 50 50
1741_0011_0013_0055_0055.jpg 1 11 13 55 55
1742_0035_0029_0050_0050.jpg 1 35 29 50 50
1743_0032_0045_0036_0036.jpg 1 32 45 36 36
1744_0035_0008_0056_0056.jpg 1 35 8 56 56
1745_0029_0030_0064_0064.jpg 1 29 30 64 64
1746_0020_0020_0063_0063.jpg 1 20 20 63 63
1747_0030_0048_0042_0042.jpg 1 30 48 42 42
1748_0033_0013_0040_0040.jpg 1 33 13 40 40
1749_0012_0009_0064_0064.jpg 1 12 9 64 64
1750_0049_0041_0044_0044.jpg 1 49 41 44 44
1751_0010_0013_0060_0060.jpg 1 10 13 60 60
1752_0008_0017_0031_0031.jpg 1 8 17 31 31
1753_0026_0032_0063_0063.jpg 1 26 32 63 63
1754_0023_0024_0037_0037.jpg 1 23 24 37 37
1755_0046_0014_0036_0036.jpg 1 46 14 36 36
1756_0022_0049_0033_0033.jpg 1 22 49 33 33
1757_0010_0023_0042_0042.jpg 1 10 23 42 42
1758_0032_0024_0045_0045.jpg 1 32 24 45 45
1759_0020_0039_0051_0051.jpg 1 20 39 51 51
1760_0022_0024_0052_0052.jpg 1 22 24 52 52
1761_0044_0040_0047_0047.jpg 1 44 40 47 47
1762_0039_0035_0025_0025.jpg 1 39 35 25 25
1763_0033_0005_0058_0058.jpg 1 33 5 58 58
1764_0034_0019_0028_0028.jpg 1 34 19 28 28
1765_0024_0011_0052_0052.jpg 1 24 11 52 52
1766_0013_0021_0068_0068.jpg 1 13 21 68 68
1767_0010_0011_0056_0056.jpg 1 10 11 56 56
1768_0044_0054_0033_0033.jpg 1 44 54 33 33
1769_0032_0016_0055_0055.jpg 1 32 16 55 55
1770_0009_0029_0053_0053.jpg 1 9 29 53 53
1771_0013_0040_0042_0042.jpg 1 13 40 42 42
1772_0011_0012_0061_0061.jpg 1 11 12 61 61
1773_0042_0007_0050_0050.jpg 1 42 7 50 50
1774_0038_0028_0036_0036.jpg 1 38 28 36 36
1775_0005_0006_0054_0054.jpg 1 5 6 54 54
1776_0045_0023_0028_0028.jpg 1 45 23 28 28
1777_0036_0014_0058_0058.jpg 1 36 14 58 58
1778_0029_0008_0039_0039.jpg 1 29 8 39 39
1779_0006_0023_0067_0067.jpg 1 6 23 67 67
1780_0010_0019_0061_0061.jpg 1 10 19 61 61
1781_0027_0003_0068_0068.jpg 1 27 3 68 68
1782_0015_0016_0057_0057.jpg 1 15 16 57 57
1783_0010_0010_0060_0060.jpg 1 10 10 60 60
1784_0026_0012_0062_0062.jpg 1 26 12 62 62
1785_0039_0063_0029_0029.jpg 1 39 63 29 29
1786_0010_0012_0067_0067.jpg 1 10 12 67 67
1787_0034_0023_0047_0047.jpg 1 34 23 47 47
1788_0021_0007_0064_0064.jpg 1 21 7 64 64
1789_0003_0003_0069_0069.jpg 1 3 3 69 69
1790_0004_0013_0063_0063.jpg 1 4 13 63 63
1791_0029_0042_0026_0026.jpg 1 29 42 26 26
1792_0008_0011_0065_0065.jpg 1 8 11 65 65
1793_0022_0014_0064_0064.jpg 1 22 14 64 64
1794_0009_0011_0028_0028.jpg 1 9 11 28 28
1795_0022_0030_0048_0048.jpg 1 22 30 48 48
1796_0010_0005_0057_0057.jpg 1 10 5 57 57
1797_0032_0009_0041_0041.jpg 1 32 9 41 41
1798_0024_0020_0037_0037.jpg 1 24 20 37 37
1799_0006_0027_0063_0063.jpg 1 6 27 63 63
1800_0008_0010_0064_0064.jpg 1 8 10 64 64
1801_0017_0015_0056_0056.jpg 1 17 15 56 56
1802_0017_0025_0044_0044.jpg 1 17 25 44 44
1803_0025_0013_0064_0064.jpg 1 25 13 64 64
1804_0031_0029_0026_0026.jpg 1 31 29 26 26
1805_0025_0038_0045_0045.jpg 1 25 38 45 45
1806_0046_0030_0045_0045.jpg 1 46 30 45 45
1807_0026_0040_0028_0028.jpg 1 26 40 28 28
1808_0034_0034_0060_0060.jpg 1 34 34 60 60
1809_0010_0053_0032_0032.jpg 1 10 53 32 32
1810_0034_0040_0040_0040.jpg 1 34 40 40 40
1811_0040_0048_0035_0035.jpg 1 40 48 35 35
1812_0023_0015_0051_0051.jpg 1 23 15 51 51
1813_0037_0038_0055_0055.jpg 1 37 38 55 55
1814_0017_0039_0049_0049.jpg 1 17 39 49 49
1815_0033_0011_0054_0054.jpg 1 33 11 54 54
1816_0006_0039_0051_0051.jpg 1 6 39 51 51
1817_0014_0009_0056_0056.jpg 1 14 9 56 56
1818_0027_0026_0064_0064.jpg 1 27 26 64 64
1819_0041_0022_0037_0037.jpg 1 41 22 37 37
1820_0035_0011_0051_0051.jpg 1 35 11 51 51
1821_0011_0004_0055_0055.jpg 1 11 4 55 55
1822_0014_0032_0043_0043.jpg 1 14 32 43 43
1823_0005_0026_0043_0043.jpg 1 5 26 43 43
1824_0011_0017_0034_0034.jpg 1 11 17 34 34
1825_0037_0030_0052_0052.jpg 1 37 30 52 52
1826_0039_0013_0052_0052.jpg 1 39 13 52 52
1827_0029_0039_0040_0040.jpg 1 29 39 40 40
1828_0036_0009_0029_0029.jpg 1 36 9 29 29
1829_0010_0041_0049_0049.jpg 1 10 41 49 49
1830_0018_0028_0061_0061.jpg 1 18 28 61 61
1831_0044_0039_0044_0044.jpg 1 44 39 44 44
1832_0028_0041_0034_0034.jpg 1 28 41 34 34
1833_0010_0006_0049_0049.jpg 1 10 6 49 49
1834_0018_0018_0065_0065.jpg 1 18 18 65 65
1835_0028_0014_0045_0045.jpg 1 28 14 45 45
1836_0025_0032_0052_0052.jpg 1 25 32 52 52
1837_0007_0004_0067_0067.jpg 1 7 4 67 67
1838_0048_0013_0030_0030.jpg 1 48 13 30 30
1839_0026_0019_0059_0059.jpg 1 26 19 59 59
1840_0044_0031_0048_0048.jpg 1 44 31 48 48
1841_0029_0058_0031_0031.jpg 1 29 58 31 31
1842_0008_0050_0040_0040.jpg 1 8 50 40 40
1843_0023_0017_0036_0036.jpg 1 23 17 36 36
1844_0013_0003_0063_0063.jpg 1 13 3 63 63
1845_0036_0035_0032_0032.jpg 1 36 35 32 32
1846_0022_0017_0063_0063.jpg 1 22 17 63 63
1847_0017_0008_0047_0047.jpg 1 17 8 47 47
1848_0043_0047_0033_0033.jpg 1 43 47 33 33
1849_0059_0039_0028_0028.jpg 1 59 39 28 28
1850_0019_0008_0061_0061.jpg 1 19 8 61 61
1851_0011_0006_0066_0066.jpg 1 11 6 66 66
1852_0067_0034_0025_0025.jpg 1 67 34 25 25
1853_0023_0043_0032_0032.jpg 1 23 43 32 32
1854_0045_0042_0034_0034.jpg 1 45 42 34 34
1855_0017_0049_0030_0030.jpg 1 17 49 30 30
1856_0027_0028_0059_0059.jpg 1 27 28 59 59
1857_0009_0046_0042_0042.jpg 1 9 46 42 42
1858_0058_0018_0034_0034.jpg 1 58 18 34 34
1859_0024_0026_0066_0066.jpg 1 24 26 66 66
1860_0035_0047_0045_0045.jpg 1 35 47 45 45
1861_0031_0062_0030_0030.jpg 1 31 62 30 30
1862_0017_0004_0069_0069.jpg 1 17 4 69 69
1863_0019_0014_0051_0051.jpg 1 19 14 51 51
1864_0022_0009_0056_0056.jpg 1 22 9 56 56
1865_0022_0022_0031_0031.jpg 1 22 22 31 31
1866_0008_0017_0068_0068.jpg 1 8 17 68 68
1867_0008_0013_0065_0065.jpg 1 8 13 65 65
1868_0015_0048_0026_0026.jpg 1 15 48 26 26
1869_0015_0028_0025_0025.jpg 1 15 28 25 25
1870_0026_0016_0063_0063.jpg 1 26 16 63 63
1871_0029_0012_0057_0057.jpg 1 29 12 57 57
1872_0032_0022_0061_0061.jpg 1 32 22 61 61
1873_0006_0026_0053_0053.jpg 1 6 26 53 53
1874_0021_0007_0053_0053.jpg 1 21 7 53 53
1875_0017_0029_0065_0065.jpg 1 17 29 65 65
1876_0018_0030_0036_0036.jpg 1 18 30 36 36
1877_0024_0033_0054_0054.jpg 1 24 33 54 54
1878_0027_0023_0065_0065.jpg 1 27 23 65 65
1879_0020_0016_0061_0061.jpg 1 20 16 61 61
1880_0020_0028_0068_0068.jpg 1 20 28 68 68
1881_0057_0044_0025_0025.jpg 1 57 44 25 25
1882_0007_0040_0035_0035.jpg 1 7 40 35 35
1883_0034_0023_0028_0028.jpg 1 34 23 28 28
1884_0040_0036_0052_0052.jpg 1 40 36 52 52
1885_0027_0051_0028_0028.jpg 1 27 51 28 28
1886_0028_0014_0040_0040.jpg 1 28 14 40 40
1887_0013_0010_0047_0047.jpg 1 13 10 47 47
1888_0022_0027_0057_0057.jpg 1 22 27 57 57
1889_0033_0022_0043_0043.jpg 1 33 22 43 43
1890_0060_0058_0030_0030.jpg 1 60 58 30 30
1891_0034_0018_0057_0057.jpg 1 34 18 57 57
1892_0035_0010_0048_0048.jpg 1 35 10 48 48
1893_0022_0045_0047_0047.jpg 1 22 45 47 47
1894_0008_0034_0033_0033.jpg 1 8 34 33 33
1895_0026_0035_0031_0031.jpg 1 26 35 31 31
1896_0017_0011_0054_0054.jpg 1 17 11 54 54
1897_0009_0018_0067_0067.jpg 1 9 18 67 67
1898_0036_0036_0053_0053.jpg 1 36 36 53 53
1899_0018_0007_0067_0067.jpg 1 18 7 67 67
1900_0011_0013_0063_0063.jpg 1 11 13 63 63
1901_0013_0029_0038_0038.jpg 1 13 29 38 38
1902_0058_0044_0027_0027.jpg 1 58 44 27 27
1903_0006_0030_0043_0043.jpg 1 6 30 43 43
1904_0019_0033_0060_0060.jpg 1 19 33 60 60
1905_0007_0015_0058_0058.jpg 1 7 15 58 58
1906_0020_0028_0047_0047.jpg 1 20 28 47 47
1907_0025_0009_0060_0060.jpg 1 25 9 60 60
1908_0059_0049_0031_0031.jpg 1 59 49 31 31
1909_0018_0005_0067_0067.jpg 1 18 5 67 67
1910_0021_0005_0059_0059.jpg 1 21 5 59 59
1911_0027_0012_0052_0052.jpg 1 27 12 52 52
1912_0014_0008_0062_0062.jpg 1 14 8 62 62
1913_0022_0025_0064_0064.jpg 1 22 25 64 64
1914_0014_0038_0046_0046.jpg 1 14 38 46 46
1915_0004_0023_0066_0066.jpg 1 4 23 66 66
1916_0009_0025_0029_0029.jpg 1 9 25 29 29
1917_0056_0038_0028_0028.jpg 1 56 38 28 28
1918_0039_0019_0040_0040.jpg 1 39 19 40 40
1919_0019_0039_0046_0046.jpg 1 19 39 46 46
1920_0008_0016_0044_0044.jpg 1 8 16 44 44
1921_0043_0017_0038_0038.jpg 1 43 17 38 38
1922_0021_0041_0045_0045.jpg 1 21 41 45 45
1923_0049_0006_0039_0039.jpg 1 49 6 39 39
1924_0030_0006_0054_0054.jpg 1 30 6 54 54
1925_0036_0006_0042_0042.jpg 1 36 6 42 42
1926_0033_0022_0061_0061.jpg 1 33 22 61 61
1927_0008_0019_0043_0043.jpg 1 8 19 43 43
1928_0016_0019_0060_0060.jpg 1 16 19 60 60
1929_0024_0044_0046_0046.jpg 1 24 44 46 46
1930_0006_0038_0057_0057.jpg 1 6 38 57 57
1931_0035_0019_0050_0050.jpg 1 35 19 50 50
1932_0004_0016_0068_0068.jpg 1 4 16 68 68
1933_0014_0036_0043_0043.jpg 1 14 36 43 43
1934_0035_0037_0050_0050.jpg 1 35 37 50 50
1935_0029_0021_0059_0059.jpg 1 29 21 59 59
1936_0024_0005_0065_0065.jpg 1 24 5 65 65
1937_0021_0030_0057_0057.jpg 1 21 30 57 57
1938_0007_0013_0059_0059.jpg 1 7 13 59 59
1939_0053_0059_0024_0024.jpg 1 53 59 24 24
1940_0048_0025_0032_0032.jpg 1 48 25 32 32
1941_0019_0015_0045_0045.jpg 1 19 15 45 45
1942_0008_0040_0042_0042.jpg 1 8 40 42 42
1943_0053_0033_0029_0029.jpg 1 53 33 29 29
1944_0029_0031_0060_0060.jpg 1 29 31 60 60
1945_0015_0050_0028_0028.jpg 1 15 50 28 28
1946_0024_0032_0042_0042.jpg 1 24 32 42 42
1947_0008_0030_0056_0056.jpg 1 8 30 56 56
1948_0022_0038_0041_0041.jpg 1 22 38 41 41
1949_0052_0027_0024_0024.jpg 1 52 27 24 24
1950_0025_0008_0038_0038.jpg 1 25 8 38 38
