0001_0009_0045_0047_0047.jpg 1 9 45 47 47
0002_0053_0049_0034_0034.jpg 1 53 49 34 34
0003_0056_0061_0028_0028.jpg 1 56 61 28 28
0004_0006_0021_0069_0069.jpg 1 6 21 69 69
0005_0010_0007_0028_0028.jpg 1 10 7 28 28
0006_0039_0017_0046_0046.jpg 1 39 17 46 46
0007_0013_0008_0058_0058.jpg 1 13 8 58 58
0008_0019_0032_0050_0050.jpg 1 19 32 50 50
0009_0035_0035_0055_0055.jpg 1 35 35 55 55
0010_0039_0009_0042_0042.jpg 1 39 9 42 42
0011_0048_0050_0037_0037.jpg 1 48 50 37 37
0012_0046_0033_0030_0030.jpg 1 46 33 30 30
0013_0015_0037_0038_0038.jpg 1 15 37 38 38
0014_0013_0022_0068_0068.jpg 1 13 22 68 68
0015_0033_0036_0057_0057.jpg 1 33 36 57 57
0016_0034_0038_0030_0030.jpg 1 34 38 30 30
0017_0004_0020_0061_0061.jpg 1 4 20 61 61
0018_0036_0015_0031_0031.jpg 1 36 15 31 31
0019_0009_0010_0043_0043.jpg 1 9 10 43 43
0020_0039_0046_0028_0028.jpg 1 39 46 28 28
0021_0040_0048_0035_0035.jpg 1 40 48 35 35
0022_0018_0052_0024_0024.jpg 1 18 52 24 24
0023_0009_0020_0042_0042.jpg 1 9 20 42 42
0024_0029_0029_0064_0064.jpg 1 29 29 64 64
0025_0064_0047_0027_0027.jpg 1 64 47 27 27
0026_0010_0015_0063_0063.jpg 1 10 15 63 63
0027_0011_0020_0068_0068.jpg 1 11 20 68 68
0028_0014_0035_0025_0025.jpg 1 14 35 25 25
0029_0014_0023_0040_0040.jpg 1 14 23 40 40
0030_0035_0028_0043_0043.jpg 1 35 28 43 43
0031_0004_0014_0069_0069.jpg 1 4 14 69 69
0032_0015_0052_0026_0026.jpg 1 15 52 26 26
0033_0026_0008_0062_0062.jpg 1 26 8 62 62
0034_0010_0022_0067_0067.jpg 1 10 22 67 67
0035_0022_0012_0050_0050.jpg 1 22 12 50 50
0036_0028_0014_0063_0063.jpg 1 28 14 63 63
0037_0044_0038_0026_0026.jpg 1 44 38 26 26
0038_0036_0044_0043_0043.jpg 1 36 44 43 43
0039_0053_0045_0036_0036.jpg 1 53 45 36 36
0040_0057_0013_0027_0027.jpg 1 57 13 27 27
0041_0017_0022_0065_0065.jpg 1 17 22 65 65
0042_0027_0017_0064_0064.jpg 1 27 17 64 64
0043_0025_0016_0057_0057.jpg 1 25 16 57 57
0044_0033_0046_0045_0045.jpg 1 33 46 45 45
0045_0018_0032_0054_0054.jpg 1 18 32 54 54
0046_0003_0025_0069_0069.jpg 1 3 25 69 69
0047_0049_0020_0038_0038.jpg 1 49 20 38 38
0048_0009_0013_0052_0052.jpg 1 9 13 52 52
0049_0018_0029_0065_0065.jpg 1 18 29 65 65
0050_0041_0026_0051_0051.jpg 1 41 26 51 51
0051_0025_0015_0035_0035.jpg 1 25 15 35 35
0052_0028_0014_0063_0063.jpg 1 28 14 63 63
0053_0021_0027_0064_0064.jpg 1 21 27 64 64
0054_0007_0045_0047_0047.jpg 1 7 45 47 47
0055_0028_0031_0047_0047.jpg 1 28 31 47 47
0056_0054_0028_0031_0031.jpg 1 54 28 31 31
0057_0027_0007_0032_0032.jpg 1 27 7 32 32
0058_0038_0012_0054_0054.jpg 1 38 12 54 54
0059_0015_0006_0059_0059.jpg 1 15 6 59 59
0060_0010_0014_0056_0056.jpg 1 10 14 56 56
0061_0016_0031_0057_0057.jpg 1 16 31 57 57
0062_0060_0057_0028_0028.jpg 1 60 57 28 28
0063_0030_0047_0043_0043.jpg 1 30 47 43 43
0064_0028_0022_0055_0055.jpg 1 28 22 55 55
0065_0013_0006_0064_0064.jpg 1 13 6 64 64
0066_0050_0028_0040_0040.jpg 1 50 28 40 40
0067_0032_0022_0051_0051.jpg 1 32 22 51 51
0068_0011_0028_0063_0063.jpg 1 11 28 63 63
0069_0025_0011_0050_0050.jpg 1 25 11 50 50
0070_0028_0066_0026_0026.jpg 1 28 66 26 26
0071_0034_0007_0035_0035.jpg 1 34 7 35 35
0072_0031_0024_0054_0054.jpg 1 31 24 54 54
0073_0015_0009_0051_0051.jpg 1 15 9 51 51
0074_0030_0028_0063_0063.jpg 1 30 28 63 63
0075_0033_0028_0049_0049.jpg 1 33 28 49 49
0076_0055_0041_0029_0029.jpg 1 55 41 29 29
0077_0018_0021_0027_0027.jpg 1 18 21 27 27
0078_0030_0031_0048_0048.jpg 1 30 31 48 48
0079_0065_0010_0026_0026.jpg 1 65 10 26 26
0080_0009_0043_0030_0030.jpg 1 9 43 30 30
0081_0023_0023_0069_0069.jpg 1 23 23 69 69
0082_0046_0047_0045_0045.jpg 1 46 47 45 45
0083_0006_0050_0039_0039.jpg 1 6 50 39 39
0084_0013_0023_0046_0046.jpg 1 13 23 46 46
0085_0037_0049_0033_0033.jpg 1 37 49 33 33
0086_0026_0008_0050_0050.jpg 1 26 8 50 50
0087_0026_0053_0024_0024.jpg 1 26 53 24 24
0088_0045_0031_0040_0040.jpg 1 45 31 40 40
0089_0029_0010_0052_0052.jpg 1 29 10 52 52
0090_0017_0036_0053_0053.jpg 1 17 36 53 53
0091_0011_0028_0027_0027.jpg 1 11 28 27 27
0092_0026_0007_0048_0048.jpg 1 26 7 48 48
0093_0035_0008_0054_0054.jpg 1 35 8 54 54
0094_0036_0037_0053_0053.jpg 1 36 37 53 53
0095_0039_0023_0044_0044.jpg 1 39 23 44 44
0096_0005_0021_0066_0066.jpg 1 5 21 66 66
0097_0017_0010_0060_0060.jpg 1 17 10 60 60
0098_0029_0039_0034_0034.jpg 1 29 39 34 34
0099_0011_0031_0060_0060.jpg 1 11 31 60 60
0100_0028_0040_0047_0047.jpg 1 28 40 47 47
0101_0045_0050_0044_0044.jpg 1 45 50 44 44
0102_0025_0025_0039_0039.jpg 1 25 25 39 39
0103_0024_0009_0033_0033.jpg 1 24 9 33 33
0104_0047_0042_0028_0028.jpg 1 47 42 28 28
0105_0040_0034_0029_0029.jpg 1 40 34 29 29
0106_0017_0008_0060_0060.jpg 1 17 8 60 60
0107_0011_0046_0048_0048.jpg 1 11 46 48 48
0108_0037_0034_0042_0042.jpg 1 37 34 42 42
0109_0016_0020_0025_0025.jpg 1 16 20 25 25
0110_0029_0030_0064_0064.jpg 1 29 30 64 64
0111_0033_0018_0026_0026.jpg 1 33 18 26 26
0112_0026_0021_0069_0069.jpg 1 26 21 69 69
0113_0023_0029_0039_0039.jpg 1 23 29 39 39
0114_0030_0033_0041_0041.jpg 1 30 33 41 41
0115_0006_0004_0052_0052.jpg 1 6 4 52 52
0116_0028_0031_0062_0062.jpg 1 28 31 62 62
0117_0044_0044_0050_0050.jpg 1 44 44 50 50
0118_0006_0024_0069_0069.jpg 1 6 24 69 69
0119_0009_0024_0069_0069.jpg 1 9 24 69 69
0120_0033_0035_0054_0054.jpg 1 33 35 54 54
0121_0012_0021_0067_0067.jpg 1 12 21 67 67
0122_0039_0033_0051_0051.jpg 1 39 33 51 51
0123_0021_0036_0047_0047.jpg 1 21 36 47 47
0124_0039_0015_0048_0048.jpg 1 39 15 48 48
0125_0045_0032_0033_0033.jpg 1 45 32 33 33
0126_0026_0009_0044_0044.jpg 1 26 9 44 44
0127_0007_0021_0058_0058.jpg 1 7 21 58 58
0128_0019_0037_0047_0047.jpg 1 19 37 47 47
0129_0015_0019_0064_0064.jpg 1 15 19 64 64
0130_0010_0013_0065_0065.jpg 1 10 13 65 65
0131_0051_0028_0036_0036.jpg 1 51 28 36 36
0132_0037_0048_0034_0034.jpg 1 37 48 34 34
0133_0011_0024_0069_0069.jpg 1 11 24 69 69
0134_0028_0014_0028_0028.jpg 1 28 14 28 28
0135_0062_0041_0029_0029.jpg 1 62 41 29 29
0136_0025_0009_0049_0049.jpg 1 25 9 49 49
0137_0012_0032_0050_0050.jpg 1 12 32 50 50
0138_0032_0009_0035_0035.jpg 1 32 9 35 35
0139_0052_0018_0041_0041.jpg 1 52 18 41 41
0140_0015_0026_0058_0058.jpg 1 15 26 58 58
0141_0033_0021_0063_0063.jpg 1 33 21 63 63
0142_0039_0019_0045_0045.jpg 1 39 19 45 45
0143_0017_0007_0065_0065.jpg 1 17 7 65 65
0144_0023_0023_0029_0029.jpg 1 23 23 29 29
0145_0037_0041_0041_0041.jpg 1 37 41 41 41
0146_0022_0006_0069_0069.jpg 1 22 6 69 69
0147_0019_0031_0064_0064.jpg 1 19 31 64 64
0148_0020_0041_0037_0037.jpg 1 20 41 37 37
0149_0005_0005_0054_0054.jpg 1 5 5 54 54
0150_0010_0027_0060_0060.jpg 1 10 27 60 60
0151_0025_0027_0036_0036.jpg 1 25 27 36 36
0152_0031_0035_0046_0046.jpg 1 31 35 46 46
0153_0025_0008_0057_0057.jpg 1 25 8 57 57
0154_0028_0021_0047_0047.jpg 1 28 21 47 47
0155_0031_0020_0059_0059.jpg 1 31 20 59 59
0156_0053_0045_0025_0025.jpg 1 53 45 25 25
0157_0009_0019_0068_0068.jpg 1 9 19 68 68
0158_0049_0025_0043_0043.jpg 1 49 25 43 43
0159_0039_0015_0056_0056.jpg 1 39 15 56 56
0160_0023_0029_0034_0034.jpg 1 23 29 34 34
0161_0024_0043_0041_0041.jpg 1 24 43 41 41
0162_0013_0004_0068_0068.jpg 1 13 4 68 68
0163_0011_0033_0036_0036.jpg 1 11 33 36 36
0164_0030_0010_0066_0066.jpg 1 30 10 66 66
0165_0025_0020_0067_0067.jpg 1 25 20 67 67
0166_0023_0023_0050_0050.jpg 1 23 23 50 50
0167_0030_0008_0047_0047.jpg 1 30 8 47 47
0168_0009_0014_0043_0043.jpg 1 9 14 43 43
0169_0015_0029_0040_0040.jpg 1 15 29 40 40
0170_0014_0011_0063_0063.jpg 1 14 11 63 63
0171_0008_0018_0066_0066.jpg 1 8 18 66 66
0172_0027_0016_0062_0062.jpg 1 27 16 62 62
0173_0008_0029_0060_0060.jpg 1 8 29 60 60
0174_0007_0018_0035_0035.jpg 1 7 18 35 35
0175_0028_0040_0052_0052.jpg 1 28 40 52 52
0176_0012_0055_0024_0024.jpg 1 12 55 24 24
0177_0044_0022_0033_0033.jpg 1 44 22 33 33
0178_0038_0039_0035_0035.jpg 1 38 39 35 35
0179_0026_0023_0028_0028.jpg 1 26 23 28 28
0180_0048_0014_0041_0041.jpg 1 48 14 41 41
0181_0053_0056_0034_0034.jpg 1 53 56 34 34
0182_0056_0031_0030_0030.jpg 1 56 31 30 30
0183_0031_0022_0037_0037.jpg 1 31 22 37 37
0184_0038_0034_0046_0046.jpg 1 38 34 46 46
0185_0049_0046_0042_0042.jpg 1 49 46 42 42
0186_0008_0009_0069_0069.jpg 1 8 9 69 69
0187_0045_0035_0038_0038.jpg 1 45 35 38 38
0188_0031_0008_0032_0032.jpg 1 31 8 32 32
0189_0009_0066_0026_0026.jpg 1 9 66 26 26
0190_0036_0017_0040_0040.jpg 1 36 17 40 40
0191_0029_0010_0065_0065.jpg 1 29 10 65 65
0192_0016_0054_0030_0030.jpg 1 16 54 30 30
0193_0043_0013_0030_0030.jpg 1 43 13 30 30
0194_0036_0037_0045_0045.jpg 1 36 37 45 45
0195_0029_0012_0056_0056.jpg 1 29 12 56 56
0196_0013_0014_0054_0054.jpg 1 13 14 54 54
0197_0023_0012_0069_0069.jpg 1 23 12 69 69
0198_0022_0037_0038_0038.jpg 1 22 37 38 38
0199_0034_0010_0059_0059.jpg 1 34 10 59 59
0200_0037_0051_0041_0041.jpg 1 37 51 41 41
0201_0026_0027_0069_0069.jpg 1 26 27 69 69
0202_0048_0049_0027_0027.jpg 1 48 49 27 27
0203_0028_0031_0059_0059.jpg 1 28 31 59 59
0204_0064_0045_0026_0026.jpg 1 64 45 26 26
0205_0019_0023_0032_0032.jpg 1 19 23 32 32
0206_0030_0031_0051_0051.jpg 1 30 31 51 51
0207_0014_0028_0068_0068.jpg 1 14 28 68 68
0208_0016_0038_0052_0052.jpg 1 16 38 52 52
0209_0031_0014_0056_0056.jpg 1 31 14 56 56
0210_0023_0011_0069_0069.jpg 1 23 11 69 69
0211_0040_0025_0046_0046.jpg 1 40 25 46 46
0212_0060_0037_0025_0025.jpg 1 60 37 25 25
0213_0058_0029_0030_0030.jpg 1 58 29 30 30
0214_0035_0008_0048_0048.jpg 1 35 8 48 48
0215_0005_0024_0054_0054.jpg 1 5 24 54 54
0216_0014_0014_0059_0059.jpg 1 14 14 59 59
0217_0032_0020_0063_0063.jpg 1 32 20 63 63
0218_0019_0016_0048_0048.jpg 1 19 16 48 48
0219_0013_0017_0067_0067.jpg 1 13 17 67 67
0220_0017_0025_0034_0034.jpg 1 17 25 34 34
0221_0006_0050_0040_0040.jpg 1 6 50 40 40
0222_0028_0022_0028_0028.jpg 1 28 22 28 28
0223_0008_0008_0057_0057.jpg 1 8 8 57 57
0224_0047_0008_0039_0039.jpg 1 47 8 39 39
0225_0020_0033_0052_0052.jpg 1 20 33 52 52
0226_0047_0016_0044_0044.jpg 1 47 16 44 44
0227_0030_0011_0046_0046.jpg 1 30 11 46 46
0228_0008_0019_0059_0059.jpg 1 8 19 59 59
0229_0024_0031_0029_0029.jpg 1 24 31 29 29
0230_0022_0014_0045_0045.jpg 1 22 14 45 45
0231_0038_0034_0056_0056.jpg 1 38 34 56 56
0232_0015_0028_0046_0046.jpg 1 15 28 46 46
0233_0044_0029_0045_0045.jpg 1 44 29 45 45
0234_0017_0012_0041_0041.jpg 1 17 12 41 41
0235_0043_0056_0029_0029.jpg 1 43 56 29 29
0236_0020_0042_0048_0048.jpg 1 20 42 48 48
0237_0049_0038_0025_0025.jpg 1 49 38 25 25
0238_0010_0021_0040_0040.jpg 1 10 21 40 40
0239_0010_0005_0066_0066.jpg 1 10 5 66 66
0240_0014_0047_0045_0045.jpg 1 14 47 45 45
0241_0021_0034_0040_0040.jpg 1 21 34 40 40
0242_0026_0028_0042_0042.jpg 1 26 28 42 42
0243_0009_0060_0029_0029.jpg 1 9 60 29 29
0244_0052_0011_0038_0038.jpg 1 52 11 38 38
0245_0021_0018_0064_0064.jpg 1 21 18 64 64
0246_0034_0023_0031_0031.jpg 1 34 23 31 31
0247_0028_0028_0068_0068.jpg 1 28 28 68 68
0248_0052_0015_0039_0039.jpg 1 52 15 39 39
0249_0013_0010_0044_0044.jpg 1 13 10 44 44
0250_0029_0022_0029_0029.jpg 1 29 22 29 29
0251_0031_0012_0059_0059.jpg 1 31 12 59 59
0252_0016_0023_0058_0058.jpg 1 16 23 58 58
0253_0031_0022_0046_0046.jpg 1 31 22 46 46
0254_0011_0005_0066_0066.jpg 1 11 5 66 66
0255_0024_0034_0058_0058.jpg 1 24 34 58 58
0256_0024_0025_0064_0064.jpg 1 24 25 64 64
0257_0047_0053_0024_0024.jpg 1 47 53 24 24
0258_0032_0013_0059_0059.jpg 1 32 13 59 59
0259_0010_0014_0044_0044.jpg 1 10 14 44 44
0260_0009_0031_0057_0057.jpg 1 9 31 57 57
0261_0015_0017_0069_0069.jpg 1 15 17 69 69
0262_0032_0036_0057_0057.jpg 1 32 36 57 57
0263_0004_0025_0063_0063.jpg 1 4 25 63 63
0264_0030_0016_0030_0030.jpg 1 30 16 30 30
0265_0017_0025_0046_0046.jpg 1 17 25 46 46
0266_0016_0022_0060_0060.jpg 1 16 22 60 60
0267_0005_0007_0049_0049.jpg 1 5 7 49 49
0268_0037_0026_0053_0053.jpg 1 37 26 53 53
0269_0041_0006_0048_0048.jpg 1 41 6 48 48
0270_0020_0025_0054_0054.jpg 1 20 25 54 54
0271_0004_0024_0060_0060.jpg 1 4 24 60 60
0272_0015_0007_0057_0057.jpg 1 15 7 57 57
0273_0029_0029_0039_0039.jpg 1 29 29 39 39
0274_0008_0046_0041_0041.jpg 1 8 46 41 41
0275_0037_0015_0052_0052.jpg 1 37 15 52 52
0276_0006_0007_0053_0053.jpg 1 6 7 53 53
0277_0012_0044_0041_0041.jpg 1 12 44 41 41
0278_0031_0015_0054_0054.jpg 1 31 15 54 54
0279_0015_0020_0057_0057.jpg 1 15 20 57 57
0280_0023_0056_0032_0032.jpg 1 23 56 32 32
0281_0013_0043_0038_0038.jpg 1 13 43 38 38
0282_0035_0041_0045_0045.jpg 1 35 41 45 45
0283_0007_0044_0040_0040.jpg 1 7 44 40 40
0284_0033_0037_0033_0033.jpg 1 33 37 33 33
0285_0018_0034_0026_0026.jpg 1 18 34 26 26
0286_0051_0027_0042_0042.jpg 1 51 27 42 42
0287_0017_0013_0069_0069.jpg 1 17 13 69 69
0288_0009_0035_0027_0027.jpg 1 9 35 27 27
0289_0045_0012_0043_0043.jpg 1 45 12 43 43
0290_0024_0029_0059_0059.jpg 1 24 29 59 59
0291_0023_0051_0040_0040.jpg 1 23 51 40 40
0292_0008_0007_0036_0036.jpg 1 8 7 36 36
0293_0055_0036_0034_0034.jpg 1 55 36 34 34
0294_0063_0057_0028_0028.jpg 1 63 57 28 28
0295_0009_0035_0025_0025.jpg 1 9 35 25 25
0296_0028_0042_0048_0048.jpg 1 28 42 48 48
0297_0013_0027_0041_0041.jpg 1 13 27 41 41
0298_0024_0007_0038_0038.jpg 1 24 7 38 38
0299_0028_0006_0061_0061.jpg 1 28 6 61 61
0300_0021_0008_0069_0069.jpg 1 21 8 69 69
0301_0047_0059_0025_0025.jpg 1 47 59 25 25
0302_0025_0020_0066_0066.jpg 1 25 20 66 66
0303_0038_0030_0056_0056.jpg 1 38 30 56 56
0304_0048_0012_0026_0026.jpg 1 48 12 26 26
0305_0008_0047_0041_0041.jpg 1 8 47 41 41
0306_0037_0011_0032_0032.jpg 1 37 11 32 32
0307_0046_0008_0031_0031.jpg 1 46 8 31 31
0308_0028_0033_0056_0056.jpg 1 28 33 56 56
0309_0052_0060_0025_0025.jpg 1 52 60 25 25
0310_0014_0032_0042_0042.jpg 1 14 32 42 42
0311_0020_0004_0057_0057.jpg 1 20 4 57 57
0312_0051_0016_0041_0041.jpg 1 51 16 41 41
0313_0021_0016_0069_0069.jpg 1 21 16 69 69
0314_0038_0057_0029_0029.jpg 1 38 57 29 29
0315_0030_0041_0050_0050.jpg 1 30 41 50 50
0316_0039_0051_0025_0025.jpg 1 39 51 25 25
0317_0038_0011_0044_0044.jpg 1 38 11 44 44
0318_0020_0010_0044_0044.jpg 1 20 10 44 44
0319_0022_0039_0031_0031.jpg 1 22 39 31 31
0320_0032_0022_0063_0063.jpg 1 32 22 63 63
0321_0021_0043_0035_0035.jpg 1 21 43 35 35
0322_0020_0019_0058_0058.jpg 1 20 19 58 58
0323_0020_0008_0052_0052.jpg 1 20 8 52 52
0324_0028_0007_0054_0054.jpg 1 28 7 54 54
0325_0019_0020_0044_0044.jpg 1 19 20 44 44
0326_0055_0017_0027_0027.jpg 1 55 17 27 27
0327_0006_0027_0053_0053.jpg 1 6 27 53 53
0328_0014_0023_0048_0048.jpg 1 14 23 48 48
0329_0036_0011_0056_0056.jpg 1 36 11 56 56
0330_0020_0028_0059_0059.jpg 1 20 28 59 59
0331_0009_0024_0063_0063.jpg 1 9 24 63 63
0332_0033_0013_0060_0060.jpg 1 33 13 60 60
0333_0005_0023_0064_0064.jpg 1 5 23 64 64
0334_0025_0008_0065_0065.jpg 1 25 8 65 65
0335_0011_0034_0054_0054.jpg 1 11 34 54 54
0336_0028_0015_0061_0061.jpg 1 28 15 61 61
0337_0019_0064_0026_0026.jpg 1 19 64 26 26
0338_0018_0005_0066_0066.jpg 1 18 5 66 66
0339_0059_0028_0029_0029.jpg 1 59 28 29 29
0340_0026_0009_0062_0062.jpg 1 26 9 62 62
0341_0020_0021_0055_0055.jpg 1 20 21 55 55
0342_0025_0026_0024_0024.jpg 1 25 26 24 24
0343_0032_0033_0037_0037.jpg 1 32 33 37 37
0344_0014_0008_0042_0042.jpg 1 14 8 42 42
0345_0046_0048_0029_0029.jpg 1 46 48 29 29
0346_0026_0013_0031_0031.jpg 1 26 13 31 31
0347_0037_0021_0055_0055.jpg 1 37 21 55 55
0348_0039_0020_0024_0024.jpg 1 39 20 24 24
0349_0029_0018_0036_0036.jpg 1 29 18 36 36
0350_0021_0011_0043_0043.jpg 1 21 11 43 43
0351_0031_0007_0039_0039.jpg 1 31 7 39 39
0352_0021_0023_0060_0060.jpg 1 21 23 60 60
0353_0025_0066_0024_0024.jpg 1 25 66 24 24
0354_0028_0012_0046_0046.jpg 1 28 12 46 46
0355_0020_0027_0064_0064.jpg 1 20 27 64 64
0356_0007_0021_0061_0061.jpg 1 7 21 61 61
0357_0040_0036_0052_0052.jpg 1 40 36 52 52
0358_0047_0013_0041_0041.jpg 1 47 13 41 41
0359_0023_0006_0063_0063.jpg 1 23 6 63 63
0360_0015_0034_0050_0050.jpg 1 15 34 50 50
0361_0022_0003_0068_0068.jpg 1 22 3 68 68
0362_0062_0031_0029_0029.jpg 1 62 31 29 29
0363_0053_0049_0025_0025.jpg 1 53 49 25 25
0364_0026_0027_0061_0061.jpg 1 26 27 61 61
0365_0033_0047_0045_0045.jpg 1 33 47 45 45
0366_0031_0043_0044_0044.jpg 1 31 43 44 44
0367_0012_0044_0047_0047.jpg 1 12 44 47 47
0368_0008_0025_0060_0060.jpg 1 8 25 60 60
0369_0017_0031_0056_0056.jpg 1 17 31 56 56
0370_0037_0024_0025_0025.jpg 1 37 24 25 25
0371_0053_0008_0034_0034.jpg 1 53 8 34 34
0372_0034_0026_0056_0056.jpg 1 34 26 56 56
0373_0044_0049_0043_0043.jpg 1 44 49 43 43
0374_0033_0010_0040_0040.jpg 1 33 10 40 40
0375_0062_0040_0025_0025.jpg 1 62 40 25 25
0376_0019_0031_0056_0056.jpg 1 19 31 56 56
0377_0036_0039_0048_0048.jpg 1 36 39 48 48
0378_0026_0029_0045_0045.jpg 1 26 29 45 45
0379_0007_0024_0065_0065.jpg 1 7 24 65 65
0380_0027_0057_0032_0032.jpg 1 27 57 32 32
0381_0059_0042_0028_0028.jpg 1 59 42 28 28
0382_0038_0023_0051_0051.jpg 1 38 23 51 51
0383_0034_0014_0061_0061.jpg 1 34 14 61 61
0384_0040_0031_0051_0051.jpg 1 40 31 51 51
0385_0007_0030_0046_0046.jpg 1 7 30 46 46
0386_0045_0019_0043_0043.jpg 1 45 19 43 43
0387_0029_0011_0057_0057.jpg 1 29 11 57 57
0388_0019_0019_0068_0068.jpg 1 19 19 68 68
0389_0061_0053_0031_0031.jpg 1 61 53 31 31
0390_0024_0009_0052_0052.jpg 1 24 9 52 52
0391_0012_0030_0062_0062.jpg 1 12 30 62 62
0392_0020_0007_0054_0054.jpg 1 20 7 54 54
0393_0050_0043_0038_0038.jpg 1 50 43 38 38
0394_0020_0023_0052_0052.jpg 1 20 23 52 52
0395_0048_0011_0024_0024.jpg 1 48 11 24 24
0396_0012_0017_0055_0055.jpg 1 12 17 55 55
0397_0038_0025_0053_0053.jpg 1 38 25 53 53
0398_0012_0014_0055_0055.jpg 1 12 14 55 55
0399_0030_0033_0042_0042.jpg 1 30 33 42 42
0400_0013_0020_0029_0029.jpg 1 13 20 29 29
0401_0017_0005_0066_0066.jpg 1 17 5 66 66
0402_0004_0031_0059_0059.jpg 1 4 31 59 59
0403_0010_0018_0051_0051.jpg 1 10 18 51 51
0404_0024_0033_0061_0061.jpg 1 24 33 61 61
0405_0023_0007_0057_0057.jpg 1 23 7 57 57
0406_0033_0014_0050_0050.jpg 1 33 14 50 50
0407_0030_0015_0061_0061.jpg 1 30 15 61 61
0408_0038_0020_0054_0054.jpg 1 38 20 54 54
0409_0054_0024_0037_0037.jpg 1 54 24 37 37
0410_0033_0014_0058_0058.jpg 1 33 14 58 58
0411_0038_0009_0039_0039.jpg 1 38 9 39 39
0412_0026_0030_0028_0028.jpg 1 26 30 28 28
0413_0008_0015_0046_0046.jpg 1 8 15 46 46
0414_0023_0017_0051_0051.jpg 1 23 17 51 51
0415_0014_0012_0065_0065.jpg 1 14 12 65 65
0416_0012_0042_0033_0033.jpg 1 12 42 33 33
0417_0028_0009_0042_0042.jpg 1 28 9 42 42
0418_0028_0017_0063_0063.jpg 1 28 17 63 63
0419_0033_0043_0047_0047.jpg 1 33 43 47 47
0420_0011_0011_0056_0056.jpg 1 11 11 56 56
0421_0018_0009_0028_0028.jpg 1 18 9 28 28
0422_0006_0010_0068_0068.jpg 1 6 10 68 68
0423_0048_0032_0042_0042.jpg 1 48 32 42 42
0424_0027_0025_0057_0057.jpg 1 27 25 57 57
0425_0039_0033_0056_0056.jpg 1 39 33 56 56
0426_0027_0043_0048_0048.jpg 1 27 43 48 48
0427_0019_0039_0043_0043.jpg 1 19 39 43 43
0428_0010_0019_0054_0054.jpg 1 10 19 54 54
0429_0053_0050_0034_0034.jpg 1 53 50 34 34
0430_0033_0014_0050_0050.jpg 1 33 14 50 50
0431_0045_0013_0029_0029.jpg 1 45 13 29 29
0432_0008_0022_0030_0030.jpg 1 8 22 30 30
0433_0004_0033_0058_0058.jpg 1 4 33 58 58
0434_0007_0045_0031_0031.jpg 1 7 45 31 31
0435_0026_0050_0039_0039.jpg 1 26 50 39 39
0436_0052_0018_0034_0034.jpg 1 52 18 34 34
0437_0031_0012_0053_0053.jpg 1 31 12 53 53
0438_0016_0040_0047_0047.jpg 1 16 40 47 47
0439_0027_0021_0066_0066.jpg 1 27 21 66 66
0440_0047_0052_0038_0038.jpg 1 47 52 38 38
0441_0030_0026_0066_0066.jpg 1 30 26 66 66
0442_0044_0032_0050_0050.jpg 1 44 32 50 50
0443_0036_0016_0050_0050.jpg 1 36 16 50 50
0444_0027_0020_0028_0028.jpg 1 27 20 28 28
0445_0005_0004_0067_0067.jpg 1 5 4 67 67
0446_0047_0013_0042_0042.jpg 1 47 13 42 42
0447_0027_0018_0063_0063.jpg 1 27 18 63 63
0448_0036_0028_0054_0054.jpg 1 36 28 54 54
0449_0025_0030_0059_0059.jpg 1 25 30 59 59
0450_0026_0052_0040_0040.jpg 1 26 52 40 40
0451_0011_0028_0063_0063.jpg 1 11 28 63 63
0452_0030_0021_0041_0041.jpg 1 30 21 41 41
0453_0013_0056_0036_0036.jpg 1 13 56 36 36
0454_0023_0015_0032_0032.jpg 1 23 15 32 32
0455_0010_0013_0050_0050.jpg 1 10 13 50 50
0456_0018_0025_0036_0036.jpg 1 18 25 36 36
0457_0008_0012_0063_0063.jpg 1 8 12 63 63
0458_0015_0030_0063_0063.jpg 1 15 30 63 63
0459_0007_0010_0050_0050.jpg 1 7 10 50 50
0460_0032_0026_0062_0062.jpg 1 32 26 62 62
0461_0033_0028_0058_0058.jpg 1 33 28 58 58
0462_0031_0028_0062_0062.jpg 1 31 28 62 62
0463_0039_0036_0039_0039.jpg 1 39 36 39 39
0464_0015_0029_0054_0054.jpg 1 15 29 54 54
0465_0020_0028_0061_0061.jpg 1 20 28 61 61
0466_0034_0014_0050_0050.jpg 1 34 14 50 50
0467_0032_0029_0055_0055.jpg 1 32 29 55 55
0468_0057_0022_0025_0025.jpg 1 57 22 25 25
0469_0044_0007_0044_0044.jpg 1 44 7 44 44
0470_0027_0022_0061_0061.jpg 1 27 22 61 61
0471_0019_0022_0052_0052.jpg 1 19 22 52 52
0472_0021_0020_0052_0052.jpg 1 21 20 52 52
0473_0021_0034_0062_0062.jpg 1 21 34 62 62
0474_0039_0015_0053_0053.jpg 1 39 15 53 53
0475_0003_0022_0064_0064.jpg 1 3 22 64 64
0476_0020_0010_0067_0067.jpg 1 20 10 67 67
0477_0020_0016_0066_0066.jpg 1 20 16 66 66
0478_0019_0004_0059_0059.jpg 1 19 4 59 59
0479_0004_0013_0064_0064.jpg 1 4 13 64 64
0480_0009_0024_0068_0068.jpg 1 9 24 68 68
0481_0016_0046_0048_0048.jpg 1 16 46 48 48
0482_0022_0064_0025_0025.jpg 1 22 64 25 25
0483_0012_0005_0063_0063.jpg 1 12 5 63 63
0484_0034_0047_0027_0027.jpg 1 34 47 27 27
0485_0021_0006_0040_0040.jpg 1 21 6 40 40
0486_0038_0047_0044_0044.jpg 1 38 47 44 44
0487_0018_0028_0035_0035.jpg 1 18 28 35 35
0488_0050_0027_0028_0028.jpg 1 50 27 28 28
0489_0014_0025_0065_0065.jpg 1 14 25 65 65
0490_0016_0010_0048_0048.jpg 1 16 10 48 48
0491_0015_0033_0058_0058.jpg 1 15 33 58 58
0492_0007_0008_0042_0042.jpg 1 7 8 42 42
0493_0029_0009_0055_0055.jpg 1 29 9 55 55
0494_0021_0032_0054_0054.jpg 1 21 32 54 54
0495_0037_0042_0045_0045.jpg 1 37 42 45 45
0496_0010_0047_0030_0030.jpg 1 10 47 30 30
0497_0020_0016_0052_0052.jpg 1 20 16 52 52
0498_0005_0003_0067_0067.jpg 1 5 3 67 67
0499_0016_0011_0060_0060.jpg 1 16 11 60 60
0500_0017_0015_0069_0069.jpg 1 17 15 69 69
0501_0052_0019_0025_0025.jpg 1 52 19 25 25
0502_0008_0021_0053_0053.jpg 1 8 21 53 53
0503_0018_0039_0040_0040.jpg 1 18 39 40 40
0504_0015_0041_0027_0027.jpg 1 15 41 27 27
0505_0027_0005_0061_0061.jpg 1 27 5 61 61
0506_0032_0029_0054_0054.jpg 1 32 29 54 54
0507_0042_0007_0052_0052.jpg 1 42 7 52 52
0508_0008_0025_0065_0065.jpg 1 8 25 65 65
0509_0034_0010_0053_0053.jpg 1 34 10 53 53
0510_0026_0013_0063_0063.jpg 1 26 13 63 63
0511_0031_0017_0047_0047.jpg 1 31 17 47 47
0512_0029_0007_0064_0064.jpg 1 29 7 64 64
0513_0014_0016_0048_0048.jpg 1 14 16 48 48
0514_0048_0041_0028_0028.jpg 1 48 41 28 28
0515_0015_0023_0042_0042.jpg 1 15 23 42 42
0516_0018_0014_0064_0064.jpg 1 18 14 64 64
0517_0058_0040_0033_0033.jpg 1 58 40 33 33
0518_0025_0024_0054_0054.jpg 1 25 24 54 54
0519_0012_0042_0049_0049.jpg 1 12 42 49 49
0520_0022_0046_0043_0043.jpg 1 22 46 43 43
0521_0051_0012_0034_0034.jpg 1 51 12 34 34
0522_0009_0039_0029_0029.jpg 1 9 39 29 29
0523_0039_0015_0038_0038.jpg 1 39 15 38 38
0524_0027_0012_0052_0052.jpg 1 27 12 52 52
0525_0020_0032_0059_0059.jpg 1 20 32 59 59
0526_0031_0009_0043_0043.jpg 1 31 9 43 43
0527_0021_0007_0059_0059.jpg 1 21 7 59 59
0528_0038_0036_0045_0045.jpg 1 38 36 45 45
0529_0067_0030_0025_0025.jpg 1 67 30 25 25
0530_0030_0023_0048_0048.jpg 1 30 23 48 48
0531_0021_0023_0067_0067.jpg 1 21 23 67 67
0532_0049_0012_0027_0027.jpg 1 49 12 27 27
0533_0021_0054_0039_0039.jpg 1 21 54 39 39
0534_0032_0056_0027_0027.jpg 1 32 56 27 27
0535_0029_0053_0033_0033.jpg 1 29 53 33 33
0536_0032_0004_0059_0059.jpg 1 32 4 59 59
0537_0043_0024_0035_0035.jpg 1 43 24 35 35
0538_0003_0015_0063_0063.jpg 1 3 15 63 63
0539_0018_0016_0030_0030.jpg 1 18 16 30 30
0540_0029_0004_0067_0067.jpg 1 29 4 67 67
0541_0009_0025_0069_0069.jpg 1 9 25 69 69
0542_0010_0040_0051_0051.jpg 1 10 40 51 51
0543_0013_0024_0066_0066.jpg 1 13 24 66 66
0544_0017_0021_0055_0055.jpg 1 17 21 55 55
0545_0035_0030_0054_0054.jpg 1 35 30 54 54
0546_0032_0049_0042_0042.jpg 1 32 49 42 42
0547_0067_0041_0025_0025.jpg 1 67 41 25 25
0548_0033_0030_0061_0061.jpg 1 33 30 61 61
0549_0022_0026_0047_0047.jpg 1 22 26 47 47
0550_0040_0011_0036_0036.jpg 1 40 11 36 36
0551_0026_0024_0069_0069.jpg 1 26 24 69 69
0552_0012_0025_0039_0039.jpg 1 12 25 39 39
0553_0028_0024_0035_0035.jpg 1 28 24 35 35
0554_0029_0010_0032_0032.jpg 1 29 10 32 32
0555_0018_0010_0064_0064.jpg 1 18 10 64 64
0556_0008_0010_0066_0066.jpg 1 8 10 66 66
0557_0018_0021_0068_0068.jpg 1 18 21 68 68
0558_0038_0021_0038_0038.jpg 1 38 21 38 38
0559_0015_0043_0049_0049.jpg 1 15 43 49 49
0560_0028_0036_0025_0025.jpg 1 28 36 25 25
0561_0027_0015_0062_0062.jpg 1 27 15 62 62
0562_0008_0028_0037_0037.jpg 1 8 28 37 37
0563_0048_0051_0025_0025.jpg 1 48 51 25 25
0564_0018_0004_0068_0068.jpg 1 18 4 68 68
0565_0014_0051_0038_0038.jpg 1 14 51 38 38
0566_0043_0012_0037_0037.jpg 1 43 12 37 37
0567_0006_0004_0065_0065.jpg 1 6 4 65 65
0568_0033_0047_0037_0037.jpg 1 33 47 37 37
0569_0012_0023_0043_0043.jpg 1 12 23 43 43
0570_0033_0013_0050_0050.jpg 1 33 13 50 50
0571_0010_0015_0042_0042.jpg 1 10 15 42 42
0572_0013_0021_0069_0069.jpg 1 13 21 69 69
0573_0013_0029_0042_0042.jpg 1 13 29 42 42
0574_0016_0016_0058_0058.jpg 1 16 16 58 58
0575_0006_0013_0044_0044.jpg 1 6 13 44 44
0576_0028_0025_0065_0065.jpg 1 28 25 65 65
0577_0019_0020_0043_0043.jpg 1 19 20 43 43
0578_0041_0035_0052_0052.jpg 1 41 35 52 52
0579_0025_0031_0044_0044.jpg 1 25 31 44 44
0580_0015_0049_0027_0027.jpg 1 15 49 27 27
0581_0031_0005_0062_0062.jpg 1 31 5 62 62
0582_0036_0042_0040_0040.jpg 1 36 42 40 40
0583_0020_0013_0046_0046.jpg 1 20 13 46 46
0584_0035_0036_0045_0045.jpg 1 35 36 45 45
0585_0045_0053_0036_0036.jpg 1 45 53 36 36
0586_0047_0020_0033_0033.jpg 1 47 20 33 33
0587_0017_0028_0034_0034.jpg 1 17 28 34 34
0588_0029_0007_0061_0061.jpg 1 29 7 61 61
0589_0040_0029_0026_0026.jpg 1 40 29 26 26
0590_0047_0029_0047_0047.jpg 1 47 29 47 47
0591_0028_0010_0051_0051.jpg 1 28 10 51 51
0592_0009_0012_0048_0048.jpg 1 9 12 48 48
0593_0019_0030_0062_0062.jpg 1 19 30 62 62
0594_0017_0042_0035_0035.jpg 1 17 42 35 35
0595_0040_0010_0024_0024.jpg 1 40 10 24 24
0596_0022_0009_0054_0054.jpg 1 22 9 54 54
0597_0020_0014_0061_0061.jpg 1 20 14 61 61
0598_0020_0004_0067_0067.jpg 1 20 4 67 67
0599_0009_0008_0065_0065.jpg 1 9 8 65 65
0600_0021_0031_0028_0028.jpg 1 21 31 28 28
0601_0013_0024_0050_0050.jpg 1 13 24 50 50
0602_0019_0019_0059_0059.jpg 1 19 19 59 59
0603_0039_0005_0050_0050.jpg 1 39 5 50 50
0604_0032_0026_0052_0052.jpg 1 32 26 52 52
0605_0050_0041_0027_0027.jpg 1 50 41 27 27
0606_0027_0019_0045_0045.jpg 1 27 19 45 45
0607_0054_0056_0034_0034.jpg 1 54 56 34 34
0608_0020_0035_0029_0029.jpg 1 20 35 29 29
0609_0030_0018_0061_0061.jpg 1 30 18 61 61
0610_0018_0015_0069_0069.jpg 1 18 15 69 69
0611_0029_0024_0066_0066.jpg 1 29 24 66 66
0612_0045_0037_0026_0026.jpg 1 45 37 26 26
0613_0016_0062_0027_0027.jpg 1 16 62 27 27
0614_0035_0014_0059_0059.jpg 1 35 14 59 59
0615_0049_0026_0027_0027.jpg 1 49 26 27 27
0616_0020_0022_0064_0064.jpg 1 20 22 64 64
0617_0042_0008_0047_0047.jpg 1 42 8 47 47
0618_0032_0027_0060_0060.jpg 1 32 27 60 60
0619_0013_0035_0054_0054.jpg 1 13 35 54 54
0620_0008_0015_0069_0069.jpg 1 8 15 69 69
0621_0037_0058_0035_0035.jpg 1 37 58 35 35
0622_0020_0042_0047_0047.jpg 1 20 42 47 47
0623_0026_0035_0056_0056.jpg 1 26 35 56 56
0624_0008_0012_0045_0045.jpg 1 8 12 45 45
0625_0026_0032_0041_0041.jpg 1 26 32 41 41
0626_0032_0029_0028_0028.jpg 1 32 29 28 28
0627_0019_0044_0047_0047.jpg 1 19 44 47 47
0628_0022_0025_0028_0028.jpg 1 22 25 28 28
0629_0046_0035_0036_0036.jpg 1 46 35 36 36
0630_0032_0013_0046_0046.jpg 1 32 13 46 46
0631_0012_0050_0030_0030.jpg 1 12 50 30 30
0632_0013_0027_0034_0034.jpg 1 13 27 34 34
0633_0007_0008_0053_0053.jpg 1 7 8 53 53
0634_0052_0009_0039_0039.jpg 1 52 9 39 39
0635_0020_0005_0064_0064.jpg 1 20 5 64 64
0636_0024_0015_0036_0036.jpg 1 24 15 36 36
0637_0042_0026_0024_0024.jpg 1 42 26 24 24
0638_0014_0013_0056_0056.jpg 1 14 13 56 56
0639_0007_0010_0056_0056.jpg 1 7 10 56 56
0640_0027_0018_0065_0065.jpg 1 27 18 65 65
0641_0033_0042_0032_0032.jpg 1 33 42 32 32
0642_0056_0008_0030_0030.jpg 1 56 8 30 30
0643_0012_0052_0036_0036.jpg 1 12 52 36 36
0644_0020_0010_0068_0068.jpg 1 20 10 68 68
0645_0007_0041_0033_0033.jpg 1 7 41 33 33
0646_0018_0024_0065_0065.jpg 1 18 24 65 65
0647_0032_0036_0024_0024.jpg 1 32 36 24 24
0648_0050_0015_0042_0042.jpg 1 50 15 42 42
0649_0008_0014_0025_0025.jpg 1 8 14 25 25
0650_0025_0026_0069_0069.jpg 1 25 26 69 69
0651_0030_0022_0055_0055.jpg 1 30 22 55 55
0652_0034_0005_0058_0058.jpg 1 34 5 58 58
0653_0004_0009_0069_0069.jpg 1 4 9 69 69
0654_0028_0010_0055_0055.jpg 1 28 10 55 55
0655_0036_0010_0033_0033.jpg 1 36 10 33 33
0656_0062_0042_0029_0029.jpg 1 62 42 29 29
0657_0017_0021_0036_0036.jpg 1 17 21 36 36
0658_0016_0038_0033_0033.jpg 1 16 38 33 33
0659_0029_0031_0053_0053.jpg 1 29 31 53 53
0660_0033_0011_0038_0038.jpg 1 33 11 38 38
0661_0061_0054_0029_0029.jpg 1 61 54 29 29
0662_0036_0022_0055_0055.jpg 1 36 22 55 55
0663_0057_0019_0025_0025.jpg 1 57 19 25 25
0664_0016_0023_0062_0062.jpg 1 16 23 62 62
0665_0023_0016_0067_0067.jpg 1 23 16 67 67
0666_0057_0039_0034_0034.jpg 1 57 39 34 34
0667_0046_0045_0029_0029.jpg 1 46 45 29 29
0668_0040_0007_0033_0033.jpg 1 40 7 33 33
0669_0018_0011_0067_0067.jpg 1 18 11 67 67
0670_0022_0021_0063_0063.jpg 1 22 21 63 63
0671_0039_0028_0029_0029.jpg 1 39 28 29 29
0672_0028_0015_0054_0054.jpg 1 28 15 54 54
0673_0011_0056_0025_0025.jpg 1 11 56 25 25
0674_0022_0053_0028_0028.jpg 1 22 53 28 28
0675_0041_0028_0041_0041.jpg 1 41 28 41 41
0676_0030_0048_0045_0045.jpg 1 30 48 45 45
0677_0023_0014_0048_0048.jpg 1 23 14 48 48
0678_0056_0018_0035_0035.jpg 1 56 18 35 35
0679_0033_0017_0062_0062.jpg 1 33 17 62 62
0680_0038_0016_0024_0024.jpg 1 38 16 24 24
0681_0024_0024_0068_0068.jpg 1 24 24 68 68
0682_0008_0028_0068_0068.jpg 1 8 28 68 68
0683_0032_0018_0063_0063.jpg 1 32 18 63 63
0684_0007_0006_0052_0052.jpg 1 7 6 52 52
0685_0049_0055_0029_0029.jpg 1 49 55 29 29
0686_0022_0017_0029_0029.jpg 1 22 17 29 29
0687_0007_0050_0041_0041.jpg 1 7 50 41 41
0688_0028_0020_0057_0057.jpg 1 28 20 57 57
0689_0032_0048_0038_0038.jpg 1 32 48 38 38
0690_0058_0062_0030_0030.jpg 1 58 62 30 30
0691_0022_0026_0059_0059.jpg 1 22 26 59 59
0692_0021_0038_0054_0054.jpg 1 21 38 54 54
0693_0014_0011_0041_0041.jpg 1 14 11 41 41
0694_0026_0022_0058_0058.jpg 1 26 22 58 58
0695_0010_0010_0060_0060.jpg 1 10 10 60 60
0696_0034_0016_0039_0039.jpg 1 34 16 39 39
0697_0021_0008_0055_0055.jpg 1 21 8 55 55
0698_0051_0053_0029_0029.jpg 1 51 53 29 29
0699_0020_0037_0049_0049.jpg 1 20 37 49 49
0700_0063_0028_0029_0029.jpg 1 63 28 29 29
0701_0043_0009_0047_0047.jpg 1 43 9 47 47
0702_0030_0028_0032_0032.jpg 1 30 28 32 32
0703_0043_0051_0042_0042.jpg 1 43 51 42 42
0704_0010_0037_0056_0056.jpg 1 10 37 56 56
0705_0005_0009_0069_0069.jpg 1 5 9 69 69
0706_0020_0026_0041_0041.jpg 1 20 26 41 41
0707_0006_0008_0062_0062.jpg 1 6 8 62 62
0708_0051_0039_0036_0036.jpg 1 51 39 36 36
0709_0031_0045_0049_0049.jpg 1 31 45 49 49
0710_0023_0024_0042_0042.jpg 1 23 24 42 42
0711_0049_0015_0030_0030.jpg 1 49 15 30 30
0712_0022_0010_0054_0054.jpg 1 22 10 54 54
0713_0036_0023_0026_0026.jpg 1 36 23 26 26
0714_0008_0023_0052_0052.jpg 1 8 23 52 52
0715_0028_0058_0035_0035.jpg 1 28 58 35 35
0716_0041_0009_0046_0046.jpg 1 41 9 46 46
0717_0047_0007_0029_0029.jpg 1 47 7 29 29
0718_0038_0034_0050_0050.jpg 1 38 34 50 50
0719_0035_0028_0038_0038.jpg 1 35 28 38 38
0720_0019_0018_0038_0038.jpg 1 19 18 38 38
0721_0021_0029_0047_0047.jpg 1 21 29 47 47
0722_0033_0036_0034_0034.jpg 1 33 36 34 34
0723_0016_0032_0064_0064.jpg 1 16 32 64 64
0724_0053_0063_0025_0025.jpg 1 53 63 25 25
0725_0028_0017_0055_0055.jpg 1 28 17 55 55
0726_0035_0029_0058_0058.jpg 1 35 29 58 58
0727_0049_0057_0028_0028.jpg 1 49 57 28 28
0728_0012_0013_0067_0067.jpg 1 12 13 67 67
0729_0045_0007_0040_0040.jpg 1 45 7 40 40
0730_0066_0062_0025_0025.jpg 1 66 62 25 25
0731_0018_0019_0053_0053.jpg 1 18 19 53 53
0732_0021_0027_0043_0043.jpg 1 21 27 43 43
0733_0042_0023_0049_0049.jpg 1 42 23 49 49
0734_0020_0031_0056_0056.jpg 1 20 31 56 56
0735_0011_0012_0037_0037.jpg 1 11 12 37 37
0736_0055_0053_0038_0038.jpg 1 55 53 38 38
0737_0038_0052_0041_0041.jpg 1 38 52 41 41
0738_0026_0017_0060_0060.jpg 1 26 17 60 60
0739_0022_0028_0062_0062.jpg 1 22 28 62 62
0740_0021_0021_0060_0060.jpg 1 21 21 60 60
0741_0007_0032_0049_0049.jpg 1 7 32 49 49
0742_0022_0037_0046_0046.jpg 1 22 37 46 46
0743_0014_0013_0068_0068.jpg 1 14 13 68 68
0744_0061_0038_0032_0032.jpg 1 61 38 32 32
0745_0028_0019_0041_0041.jpg 1 28 19 41 41
0746_0026_0004_0069_0069.jpg 1 26 4 69 69
0747_0059_0014_0026_0026.jpg 1 59 14 26 26
0748_0051_0026_0036_0036.jpg 1 51 26 36 36
0749_0046_0038_0032_0032.jpg 1 46 38 32 32
0750_0008_0032_0053_0053.jpg 1 8 32 53 53
0751_0021_0023_0042_0042.jpg 1 21 23 42 42
0752_0012_0030_0025_0025.jpg 1 12 30 25 25
0753_0005_0023_0053_0053.jpg 1 5 23 53 53
0754_0053_0011_0038_0038.jpg 1 53 11 38 38
0755_0026_0027_0049_0049.jpg 1 26 27 49 49
0756_0038_0017_0057_0057.jpg 1 38 17 57 57
0757_0011_0009_0051_0051.jpg 1 11 9 51 51
0758_0013_0038_0057_0057.jpg 1 13 38 57 57
0759_0011_0024_0062_0062.jpg 1 11 24 62 62
0760_0017_0015_0040_0040.jpg 1 17 15 40 40
0761_0014_0014_0057_0057.jpg 1 14 14 57 57
0762_0047_0034_0044_0044.jpg 1 47 34 44 44
0763_0031_0019_0064_0064.jpg 1 31 19 64 64
0764_0041_0018_0026_0026.jpg 1 41 18 26 26
0765_0020_0022_0067_0067.jpg 1 20 22 67 67
0766_0018_0038_0042_0042.jpg 1 18 38 42 42
0767_0014_0015_0052_0052.jpg 1 14 15 52 52
0768_0011_0032_0053_0053.jpg 1 11 32 53 53
0769_0019_0020_0027_0027.jpg 1 19 20 27 27
0770_0036_0055_0037_0037.jpg 1 36 55 37 37
0771_0035_0004_0060_0060.jpg 1 35 4 60 60
0772_0026_0021_0041_0041.jpg 1 26 21 41 41
0773_0041_0026_0043_0043.jpg 1 41 26 43 43
0774_0029_0019_0053_0053.jpg 1 29 19 53 53
0775_0020_0044_0027_0027.jpg 1 20 44 27 27
0776_0036_0047_0036_0036.jpg 1 36 47 36 36
0777_0007_0018_0065_0065.jpg 1 7 18 65 65
0778_0033_0037_0058_0058.jpg 1 33 37 58 58
0779_0030_0030_0065_0065.jpg 1 30 30 65 65
0780_0018_0020_0069_0069.jpg 1 18 20 69 69
0781_0024_0014_0052_0052.jpg 1 24 14 52 52
0782_0044_0011_0039_0039.jpg 1 44 11 39 39
0783_0054_0009_0037_0037.jpg 1 54 9 37 37
0784_0006_0021_0057_0057.jpg 1 6 21 57 57
0785_0012_0030_0047_0047.jpg 1 12 30 47 47
0786_0021_0040_0055_0055.jpg 1 21 40 55 55
0787_0046_0017_0036_0036.jpg 1 46 17 36 36
0788_0054_0039_0025_0025.jpg 1 54 39 25 25
0789_0039_0014_0042_0042.jpg 1 39 14 42 42
0790_0011_0012_0057_0057.jpg 1 11 12 57 57
0791_0012_0007_0060_0060.jpg 1 12 7 60 60
0792_0021_0023_0062_0062.jpg 1 21 23 62 62
0793_0039_0030_0045_0045.jpg 1 39 30 45 45
0794_0021_0039_0055_0055.jpg 1 21 39 55 55
0795_0047_0029_0039_0039.jpg 1 47 29 39 39
0796_0007_0013_0060_0060.jpg 1 7 13 60 60
0797_0025_0014_0055_0055.jpg 1 25 14 55 55
0798_0011_0031_0050_0050.jpg 1 11 31 50 50
0799_0007_0007_0041_0041.jpg 1 7 7 41 41
0800_0010_0019_0069_0069.jpg 1 10 19 69 69
0801_0057_0041_0034_0034.jpg 1 57 41 34 34
0802_0009_0019_0068_0068.jpg 1 9 19 68 68
0803_0030_0030_0065_0065.jpg 1 30 30 65 65
0804_0041_0049_0042_0042.jpg 1 41 49 42 42
0805_0008_0009_0046_0046.jpg 1 8 9 46 46
0806_0012_0015_0058_0058.jpg 1 12 15 58 58
0807_0010_0037_0026_0026.jpg 1 10 37 26 26
0808_0026_0026_0066_0066.jpg 1 26 26 66 66
0809_0050_0055_0024_0024.jpg 1 50 55 24 24
0810_0028_0014_0062_0062.jpg 1 28 14 62 62
0811_0010_0020_0055_0055.jpg 1 10 20 55 55
0812_0016_0023_0069_0069.jpg 1 16 23 69 69
0813_0013_0046_0043_0043.jpg 1 13 46 43 43
0814_0030_0050_0035_0035.jpg 1 30 50 35 35
0815_0018_0021_0055_0055.jpg 1 18 21 55 55
0816_0049_0038_0030_0030.jpg 1 49 38 30 30
0817_0018_0058_0031_0031.jpg 1 18 58 31 31
0818_0038_0022_0053_0053.jpg 1 38 22 53 53
0819_0033_0033_0062_0062.jpg 1 33 33 62 62
0820_0030_0009_0044_0044.jpg 1 30 9 44 44
0821_0057_0027_0031_0031.jpg 1 57 27 31 31
0822_0056_0035_0037_0037.jpg 1 56 35 37 37
0823_0026_0050_0042_0042.jpg 1 26 50 42 42
0824_0042_0045_0040_0040.jpg 1 42 45 40 40
0825_0006_0012_0046_0046.jpg 1 6 12 46 46
0826_0009_0024_0067_0067.jpg 1 9 24 67 67
0827_0036_0017_0038_0038.jpg 1 36 17 38 38
0828_0032_0033_0062_0062.jpg 1 32 33 62 62
0829_0027_0010_0045_0045.jpg 1 27 10 45 45
0830_0018_0034_0031_0031.jpg 1 18 34 31 31
0831_0016_0024_0057_0057.jpg 1 16 24 57 57
0832_0019_0017_0049_0049.jpg 1 19 17 49 49
0833_0022_0007_0055_0055.jpg 1 22 7 55 55
0834_0003_0020_0069_0069.jpg 1 3 20 69 69
0835_0016_0022_0058_0058.jpg 1 16 22 58 58
0836_0035_0061_0028_0028.jpg 1 35 61 28 28
0837_0032_0039_0049_0049.jpg 1 32 39 49 49
0838_0061_0011_0025_0025.jpg 1 61 11 25 25
0839_0007_0013_0061_0061.jpg 1 7 13 61 61
0840_0010_0005_0060_0060.jpg 1 10 5 60 60
0841_0046_0040_0037_0037.jpg 1 46 40 37 37
0842_0005_0023_0065_0065.jpg 1 5 23 65 65
0843_0025_0032_0054_0054.jpg 1 25 32 54 54
0844_0018_0033_0043_0043.jpg 1 18 33 43 43
0845_0017_0017_0025_0025.jpg 1 17 17 25 25
0846_0036_0040_0035_0035.jpg 1 36 40 35 35
0847_0034_0039_0032_0032.jpg 1 34 39 32 32
0848_0022_0015_0066_0066.jpg 1 22 15 66 66
0849_0038_0009_0054_0054.jpg 1 38 9 54 54
0850_0023_0012_0032_0032.jpg 1 23 12 32 32
0851_0005_0025_0057_0057.jpg 1 5 25 57 57
0852_0018_0012_0068_0068.jpg 1 18 12 68 68
0853_0005_0019_0066_0066.jpg 1 5 19 66 66
0854_0041_0015_0024_0024.jpg 1 41 15 24 24
0855_0060_0016_0024_0024.jpg 1 60 16 24 24
0856_0047_0044_0043_0043.jpg 1 47 44 43 43
0857_0030_0005_0050_0050.jpg 1 30 5 50 50
0858_0027_0025_0054_0054.jpg 1 27 25 54 54
0859_0042_0008_0051_0051.jpg 1 42 8 51 51
0860_0018_0014_0046_0046.jpg 1 18 14 46 46
0861_0021_0043_0050_0050.jpg 1 21 43 50 50
0862_0016_0031_0048_0048.jpg 1 16 31 48 48
0863_0019_0026_0068_0068.jpg 1 19 26 68 68
0864_0043_0049_0039_0039.jpg 1 43 49 39 39
0865_0025_0006_0053_0053.jpg 1 25 6 53 53
0866_0024_0018_0057_0057.jpg 1 24 18 57 57
0867_0021_0020_0067_0067.jpg 1 21 20 67 67
0868_0028_0048_0038_0038.jpg 1 28 48 38 38
0869_0027_0050_0040_0040.jpg 1 27 50 40 40
0870_0020_0047_0024_0024.jpg 1 20 47 24 24
0871_0042_0023_0052_0052.jpg 1 42 23 52 52
0872_0034_0030_0030_0030.jpg 1 34 30 30 30
0873_0057_0024_0028_0028.jpg 1 57 24 28 28
0874_0009_0045_0024_0024.jpg 1 9 45 24 24
0875_0008_0039_0031_0031.jpg 1 8 39 31 31
0876_0025_0009_0064_0064.jpg 1 25 9 64 64
0877_0039_0007_0056_0056.jpg 1 39 7 56 56
0878_0011_0025_0052_0052.jpg 1 11 25 52 52
0879_0015_0019_0068_0068.jpg 1 15 19 68 68
0880_0033_0027_0028_0028.jpg 1 33 27 28 28
0881_0030_0009_0028_0028.jpg 1 30 9 28 28
0882_0011_0041_0029_0029.jpg 1 11 41 29 29
0883_0032_0032_0044_0044.jpg 1 32 32 44 44
0884_0012_0032_0058_0058.jpg 1 12 32 58 58
0885_0033_0011_0049_0049.jpg 1 33 11 49 49
0886_0007_0040_0054_0054.jpg 1 7 40 54 54
0887_0004_0031_0063_0063.jpg 1 4 31 63 63
0888_0015_0028_0067_0067.jpg 1 15 28 67 67
0889_0047_0055_0035_0035.jpg 1 47 55 35 35
0890_0045_0015_0025_0025.jpg 1 45 15 25 25
0891_0022_0009_0063_0063.jpg 1 22 9 63 63
0892_0016_0047_0028_0028.jpg 1 16 47 28 28
0893_0046_0051_0025_0025.jpg 1 46 51 25 25
0894_0043_0014_0036_0036.jpg 1 43 14 36 36
0895_0038_0019_0040_0040.jpg 1 38 19 40 40
0896_0017_0023_0042_0042.jpg 1 17 23 42 42
0897_0022_0036_0045_0045.jpg 1 22 36 45 45
0898_0042_0015_0051_0051.jpg 1 42 15 51 51
0899_0013_0033_0060_0060.jpg 1 13 33 60 60
0900_0056_0047_0034_0034.jpg 1 56 47 34 34
0901_0011_0026_0039_0039.jpg 1 11 26 39 39
0902_0064_0061_0025_0025.jpg 1 64 61 25 25
0903_0035_0037_0054_0054.jpg 1 35 37 54 54
0904_0022_0027_0049_0049.jpg 1 22 27 49 49
0905_0054_0044_0035_0035.jpg 1 54 44 35 35
0906_0053_0037_0028_0028.jpg 1 53 37 28 28
0907_0022_0024_0039_0039.jpg 1 22 24 39 39
0908_0028_0011_0067_0067.jpg 1 28 11 67 67
0909_0022_0041_0047_0047.jpg 1 22 41 47 47
0910_0020_0027_0064_0064.jpg 1 20 27 64 64
0911_0031_0026_0048_0048.jpg 1 31 26 48 48
0912_0051_0044_0030_0030.jpg 1 51 44 30 30
0913_0021_0028_0049_0049.jpg 1 21 28 49 49
0914_0027_0008_0041_0041.jpg 1 27 8 41 41
0915_0006_0008_0058_0058.jpg 1 6 8 58 58
0916_0019_0025_0069_0069.jpg 1 19 25 69 69
0917_0019_0016_0032_0032.jpg 1 19 16 32 32
0918_0043_0039_0029_0029.jpg 1 43 39 29 29
0919_0044_0037_0035_0035.jpg 1 44 37 35 35
0920_0042_0046_0024_0024.jpg 1 42 46 24 24
0921_0006_0042_0048_0048.jpg 1 6 42 48 48
0922_0023_0020_0065_0065.jpg 1 23 20 65 65
0923_0031_0044_0038_0038.jpg 1 31 44 38 38
0924_0011_0021_0064_0064.jpg 1 11 21 64 64
0925_0016_0019_0032_0032.jpg 1 16 19 32 32
0926_0021_0024_0062_0062.jpg 1 21 24 62 62
0927_0047_0027_0034_0034.jpg 1 47 27 34 34
0928_0025_0019_0069_0069.jpg 1 25 19 69 69
0929_0008_0015_0069_0069.jpg 1 8 15 69 69
0930_0012_0031_0062_0062.jpg 1 12 31 62 62
0931_0037_0047_0038_0038.jpg 1 37 47 38 38
0932_0034_0039_0049_0049.jpg 1 34 39 49 49
0933_0020_0007_0069_0069.jpg 1 20 7 69 69
0934_0051_0056_0034_0034.jpg 1 51 56 34 34
0935_0036_0023_0027_0027.jpg 1 36 23 27 27
0936_0017_0003_0063_0063.jpg 1 17 3 63 63
0937_0006_0018_0067_0067.jpg 1 6 18 67 67
0938_0031_0047_0025_0025.jpg 1 31 47 25 25
0939_0028_0022_0061_0061.jpg 1 28 22 61 61
0940_0020_0030_0044_0044.jpg 1 20 30 44 44
0941_0033_0011_0049_0049.jpg 1 33 11 49 49
0942_0044_0016_0048_0048.jpg 1 44 16 48 48
0943_0043_0020_0028_0028.jpg 1 43 20 28 28
0944_0035_0019_0051_0051.jpg 1 35 19 51 51
0945_0040_0036_0047_0047.jpg 1 40 36 47 47
0946_0009_0042_0051_0051.jpg 1 9 42 51 51
0947_0015_0032_0055_0055.jpg 1 15 32 55 55
0948_0006_0018_0069_0069.jpg 1 6 18 69 69
0949_0045_0043_0027_0027.jpg 1 45 43 27 27
0950_0020_0029_0046_0046.jpg 1 20 29 46 46
0951_0028_0018_0029_0029.jpg 1 28 18 29 29
0952_0045_0016_0042_0042.jpg 1 45 16 42 42
0953_0035_0058_0027_0027.jpg 1 35 58 27 27
0954_0030_0049_0034_0034.jpg 1 30 49 34 34
0955_0043_0039_0040_0040.jpg 1 43 39 40 40
0956_0021_0025_0039_0039.jpg 1 21 25 39 39
0957_0043_0016_0050_0050.jpg 1 43 16 50 50
0958_0009_0026_0037_0037.jpg 1 9 26 37 37
0959_0060_0033_0031_0031.jpg 1 60 33 31 31
0960_0013_0017_0063_0063.jpg 1 13 17 63 63
0961_0005_0013_0069_0069.jpg 1 5 13 69 69
0962_0026_0008_0027_0027.jpg 1 26 8 27 27
0963_0044_0048_0033_0033.jpg 1 44 48 33 33
0964_0015_0018_0066_0066.jpg 1 15 18 66 66
0965_0027_0034_0045_0045.jpg 1 27 34 45 45
0966_0049_0024_0036_0036.jpg 1 49 24 36 36
0967_0027_0033_0046_0046.jpg 1 27 33 46 46
0968_0016_0038_0036_0036.jpg 1 16 38 36 36
0969_0033_0027_0034_0034.jpg 1 33 27 34 34
0970_0038_0050_0032_0032.jpg 1 38 50 32 32
0971_0044_0034_0027_0027.jpg 1 44 34 27 27
0972_0005_0023_0052_0052.jpg 1 5 23 52 52
0973_0024_0022_0065_0065.jpg 1 24 22 65 65
0974_0007_0035_0043_0043.jpg 1 7 35 43 43
0975_0027_0027_0043_0043.jpg 1 27 27 43 43
0976_0043_0030_0034_0034.jpg 1 43 30 34 34
0977_0024_0013_0055_0055.jpg 1 24 13 55 55
0978_0013_0035_0051_0051.jpg 1 13 35 51 51
0979_0005_0009_0069_0069.jpg 1 5 9 69 69
0980_0046_0010_0029_0029.jpg 1 46 10 29 29
0981_0023_0013_0056_0056.jpg 1 23 13 56 56
0982_0026_0008_0064_0064.jpg 1 26 8 64 64
0983_0030_0011_0032_0032.jpg 1 30 11 32 32
0984_0015_0029_0037_0037.jpg 1 15 29 37 37
0985_0004_0016_0063_0063.jpg 1 4 16 63 63
0986_0007_0020_0028_0028.jpg 1 7 20 28 28
0987_0017_0015_0053_0053.jpg 1 17 15 53 53
0988_0010_0009_0069_0069.jpg 1 10 9 69 69
0989_0012_0016_0058_0058.jpg 1 12 16 58 58
0990_0026_0017_0046_0046.jpg 1 26 17 46 46
0991_0028_0013_0064_0064.jpg 1 28 13 64 64
0992_0050_0011_0033_0033.jpg 1 50 11 33 33
0993_0039_0016_0053_0053.jpg 1 39 16 53 53
0994_0004_0035_0060_0060.jpg 1 4 35 60 60
0995_0030_0051_0032_0032.jpg 1 30 51 32 32
0996_0043_0034_0030_0030.jpg 1 43 34 30 30
0997_0018_0006_0049_0049.jpg 1 18 6 49 49
0998_0009_0024_0039_0039.jpg 1 9 24 39 39
0999_0025_0020_0060_0060.jpg 1 25 20 60 60
1000_0018_0012_0063_0063.jpg 1 18 12 63 63
1001_0042_0006_0035_0035.jpg 1 42 6 35 35
1002_0027_0017_0067_0067.jpg 1 27 17 67 67
1003_0032_0039_0055_0055.jpg 1 32 39 55 55
1004_0036_0034_0052_0052.jpg 1 36 34 52 52
1005_0021_0008_0068_0068.jpg 1 21 8 68 68
1006_0008_0014_0046_0046.jpg 1 8 14 46 46
1007_0014_0006_0061_0061.jpg 1 14 6 61 61
1008_0040_0045_0049_0049.jpg 1 40 45 49 49
1009_0008_0006_0069_0069.jpg 1 8 6 69 69
1010_0037_0016_0051_0051.jpg 1 37 16 51 51
1011_0024_0013_0060_0060.jpg 1 24 13 60 60
1012_0031_0027_0059_0059.jpg 1 31 27 59 59
1013_0012_0008_0068_0068.jpg 1 12 8 68 68
1014_0037_0027_0043_0043.jpg 1 37 27 43 43
1015_0035_0004_0059_0059.jpg 1 35 4 59 59
1016_0016_0007_0068_0068.jpg 1 16 7 68 68
1017_0031_0035_0056_0056.jpg 1 31 35 56 56
1018_0009_0028_0065_0065.jpg 1 9 28 65 65
1019_0004_0026_0064_0064.jpg 1 4 26 64 64
1020_0037_0051_0029_0029.jpg 1 37 51 29 29
1021_0013_0014_0063_0063.jpg 1 13 14 63 63
1022_0036_0032_0039_0039.jpg 1 36 32 39 39
1023_0021_0013_0033_0033.jpg 1 21 13 33 33
1024_0010_0026_0035_0035.jpg 1 10 26 35 35
1025_0031_0040_0044_0044.jpg 1 31 40 44 44
1026_0014_0039_0049_0049.jpg 1 14 39 49 49
1027_0025_0041_0041_0041.jpg 1 25 41 41 41
1028_0037_0023_0056_0056.jpg 1 37 23 56 56
1029_0053_0022_0032_0032.jpg 1 53 22 32 32
1030_0037_0034_0053_0053.jpg 1 37 34 53 53
1031_0021_0006_0052_0052.jpg 1 21 6 52 52
1032_0026_0040_0028_0028.jpg 1 26 40 28 28
1033_0035_0022_0058_0058.jpg 1 35 22 58 58
1034_0023_0017_0049_0049.jpg 1 23 17 49 49
1035_0007_0012_0032_0032.jpg 1 7 12 32 32
1036_0034_0027_0050_0050.jpg 1 34 27 50 50
1037_0040_0034_0034_0034.jpg 1 40 34 34 34
1038_0023_0054_0027_0027.jpg 1 23 54 27 27
1039_0049_0046_0045_0045.jpg 1 49 46 45 45
1040_0004_0008_0066_0066.jpg 1 4 8 66 66
1041_0020_0009_0059_0059.jpg 1 20 9 59 59
1042_0007_0025_0054_0054.jpg 1 7 25 54 54
1043_0047_0053_0038_0038.jpg 1 47 53 38 38
1044_0032_0054_0033_0033.jpg 1 32 54 33 33
1045_0049_0050_0043_0043.jpg 1 49 50 43 43
1046_0022_0025_0061_0061.jpg 1 22 25 61 61
1047_0026_0032_0051_0051.jpg 1 26 32 51 51
1048_0031_0010_0047_0047.jpg 1 31 10 47 47
1049_0004_0019_0061_0061.jpg 1 4 19 61 61
1050_0031_0026_0046_0046.jpg 1 31 26 46 46
1051_0028_0025_0045_0045.jpg 1 28 25 45 45
1052_0018_0019_0055_0055.jpg 1 18 19 55 55
1053_0041_0006_0045_0045.jpg 1 41 6 45 45
1054_0021_0049_0033_0033.jpg 1 21 49 33 33
1055_0027_0012_0047_0047.jpg 1 27 12 47 47
1056_0012_0011_0058_0058.jpg 1 12 11 58 58
1057_0028_0024_0050_0050.jpg 1 28 24 50 50
1058_0015_0021_0067_0067.jpg 1 15 21 67 67
1059_0032_0020_0056_0056.jpg 1 32 20 56 56
1060_0037_0048_0043_0043.jpg 1 37 48 43 43
1061_0030_0013_0061_0061.jpg 1 30 13 61 61
1062_0025_0009_0065_0065.jpg 1 25 9 65 65
1063_0037_0015_0028_0028.jpg 1 37 15 28 28
1064_0019_0008_0046_0046.jpg 1 19 8 46 46
1065_0009_0009_0054_0054.jpg 1 9 9 54 54
1066_0023_0018_0051_0051.jpg 1 23 18 51 51
1067_0009_0039_0030_0030.jpg 1 9 39 30 30
1068_0021_0017_0067_0067.jpg 1 21 17 67 67
1069_0009_0012_0045_0045.jpg 1 9 12 45 45
1070_0013_0024_0067_0067.jpg 1 13 24 67 67
1071_0024_0025_0030_0030.jpg 1 24 25 30 30
1072_0015_0045_0039_0039.jpg 1 15 45 39 39
1073_0024_0046_0027_0027.jpg 1 24 46 27 27
1074_0034_0040_0033_0033.jpg 1 34 40 33 33
1075_0018_0034_0048_0048.jpg 1 18 34 48 48
1076_0029_0020_0035_0035.jpg 1 29 20 35 35
1077_0047_0022_0034_0034.jpg 1 47 22 34 34
1078_0047_0006_0046_0046.jpg 1 47 6 46 46
1079_0045_0045_0046_0046.jpg 1 45 45 46 46
1080_0033_0036_0052_0052.jpg 1 33 36 52 52
1081_0021_0034_0032_0032.jpg 1 21 34 32 32
1082_0033_0027_0051_0051.jpg 1 33 27 51 51
1083_0023_0014_0068_0068.jpg 1 23 14 68 68
1084_0028_0028_0026_0026.jpg 1 28 28 26 26
1085_0026_0048_0041_0041.jpg 1 26 48 41 41
1086_0020_0014_0045_0045.jpg 1 20 14 45 45
1087_0052_0042_0033_0033.jpg 1 52 42 33 33
1088_0052_0039_0027_0027.jpg 1 52 39 27 27
1089_0045_0008_0029_0029.jpg 1 45 8 29 29
1090_0015_0014_0064_0064.jpg 1 15 14 64 64
1091_0029_0058_0030_0030.jpg 1 29 58 30 30
1092_0023_0021_0068_0068.jpg 1 23 21 68 68
1093_0017_0019_0068_0068.jpg 1 17 19 68 68
1094_0047_0044_0037_0037.jpg 1 47 44 37 37
1095_0012_0049_0026_0026.jpg 1 12 49 26 26
1096_0027_0033_0062_0062.jpg 1 27 33 62 62
1097_0060_0053_0025_0025.jpg 1 60 53 25 25
1098_0023_0014_0057_0057.jpg 1 23 14 57 57
1099_0054_0036_0031_0031.jpg 1 54 36 31 31
1100_0008_0008_0065_0065.jpg 1 8 8 65 65
1101_0055_0041_0029_0029.jpg 1 55 41 29 29
1102_0030_0003_0064_0064.jpg 1 30 3 64 64
1103_0030_0023_0040_0040.jpg 1 30 23 40 40
1104_0008_0032_0056_0056.jpg 1 8 32 56 56
1105_0016_0043_0040_0040.jpg 1 16 43 40 40
1106_0048_0020_0038_0038.jpg 1 48 20 38 38
1107_0029_0020_0032_0032.jpg 1 29 20 32 32
1108_0013_0014_0060_0060.jpg 1 13 14 60 60
1109_0024_0029_0053_0053.jpg 1 24 29 53 53
1110_0037_0024_0027_0027.jpg 1 37 24 27 27
1111_0033_0008_0057_0057.jpg 1 33 8 57 57
1112_0047_0028_0037_0037.jpg 1 47 28 37 37
1113_0030_0023_0041_0041.jpg 1 30 23 41 41
1114_0032_0021_0051_0051.jpg 1 32 21 51 51
1115_0008_0009_0060_0060.jpg 1 8 9 60 60
1116_0031_0033_0058_0058.jpg 1 31 33 58 58
1117_0054_0030_0039_0039.jpg 1 54 30 39 39
1118_0031_0012_0031_0031.jpg 1 31 12 31 31
1119_0010_0024_0045_0045.jpg 1 10 24 45 45
1120_0034_0055_0037_0037.jpg 1 34 55 37 37
1121_0024_0027_0065_0065.jpg 1 24 27 65 65
1122_0013_0012_0027_0027.jpg 1 13 12 27 27
1123_0017_0025_0039_0039.jpg 1 17 25 39 39
1124_0039_0036_0050_0050.jpg 1 39 36 50 50
1125_0023_0029_0060_0060.jpg 1 23 29 60 60
1126_0019_0038_0056_0056.jpg 1 19 38 56 56
1127_0049_0025_0042_0042.jpg 1 49 25 42 42
1128_0014_0037_0044_0044.jpg 1 14 37 44 44
1129_0005_0005_0066_0066.jpg 1 5 5 66 66
1130_0010_0028_0044_0044.jpg 1 10 28 44 44
1131_0047_0013_0041_0041.jpg 1 47 13 41 41
1132_0003_0013_0068_0068.jpg 1 3 13 68 68
1133_0052_0039_0033_0033.jpg 1 52 39 33 33
1134_0035_0011_0059_0059.jpg 1 35 11 59 59
1135_0008_0007_0039_0039.jpg 1 8 7 39 39
1136_0014_0008_0053_0053.jpg 1 14 8 53 53
1137_0056_0042_0024_0024.jpg 1 56 42 24 24
1138_0036_0019_0044_0044.jpg 1 36 19 44 44
1139_0035_0044_0036_0036.jpg 1 35 44 36 36
1140_0036_0014_0059_0059.jpg 1 36 14 59 59
1141_0024_0022_0066_0066.jpg 1 24 22 66 66
1142_0017_0020_0054_0054.jpg 1 17 20 54 54
1143_0006_0009_0069_0069.jpg 1 6 9 69 69
1144_0026_0015_0062_0062.jpg 1 26 15 62 62
1145_0039_0027_0053_0053.jpg 1 39 27 53 53
1146_0021_0009_0060_0060.jpg 1 21 9 60 60
1147_0023_0024_0068_0068.jpg 1 23 24 68 68
1148_0048_0037_0032_0032.jpg 1 48 37 32 32
1149_0027_0041_0049_0049.jpg 1 27 41 49 49
1150_0004_0021_0068_0068.jpg 1 4 21 68 68
1151_0024_0008_0067_0067.jpg 1 24 8 67 67
1152_0030_0024_0065_0065.jpg 1 30 24 65 65
1153_0005_0019_0069_0069.jpg 1 5 19 69 69
1154_0039_0035_0055_0055.jpg 1 39 35 55 55
1155_0013_0010_0061_0061.jpg 1 13 10 61 61
1156_0036_0059_0025_0025.jpg 1 36 59 25 25
1157_0029_0044_0048_0048.jpg 1 29 44 48 48
1158_0006_0027_0047_0047.jpg 1 6 27 47 47
1159_0017_0030_0064_0064.jpg 1 17 30 64 64
1160_0020_0014_0033_0033.jpg 1 20 14 33 33
1161_0023_0023_0054_0054.jpg 1 23 23 54 54
1162_0032_0010_0063_0063.jpg 1 32 10 63 63
1163_0030_0027_0039_0039.jpg 1 30 27 39 39
1164_0046_0042_0041_0041.jpg 1 46 42 41 41
1165_0043_0031_0050_0050.jpg 1 43 31 50 50
1166_0033_0062_0027_0027.jpg 1 33 62 27 27
1167_0014_0005_0042_0042.jpg 1 14 5 42 42
1168_0036_0031_0031_0031.jpg 1 36 31 31 31
1169_0004_0006_0061_0061.jpg 1 4 6 61 61
1170_0013_0063_0027_0027.jpg 1 13 63 27 27
1171_0005_0014_0068_0068.jpg 1 5 14 68 68
1172_0028_0017_0042_0042.jpg 1 28 17 42 42
1173_0029_0006_0060_0060.jpg 1 29 6 60 60
1174_0014_0009_0055_0055.jpg 1 14 9 55 55
1175_0020_0016_0045_0045.jpg 1 20 16 45 45
1176_0037_0019_0048_0048.jpg 1 37 19 48 48
1177_0022_0008_0063_0063.jpg 1 22 8 63 63
1178_0017_0034_0057_0057.jpg 1 17 34 57 57
1179_0017_0008_0040_0040.jpg 1 17 8 40 40
1180_0045_0023_0040_0040.jpg 1 45 23 40 40
1181_0016_0034_0054_0054.jpg 1 16 34 54 54
1182_0008_0009_0029_0029.jpg 1 8 9 29 29
1183_0007_0007_0061_0061.jpg 1 7 7 61 61
1184_0027_0027_0069_0069.jpg 1 27 27 69 69
1185_0059_0011_0032_0032.jpg 1 59 11 32 32
1186_0008_0037_0033_0033.jpg 1 8 37 33 33
1187_0046_0041_0048_0048.jpg 1 46 41 48 48
1188_0039_0020_0024_0024.jpg 1 39 20 24 24
1189_0012_0009_0065_0065.jpg 1 12 9 65 65
1190_0018_0014_0051_0051.jpg 1 18 14 51 51
1191_0018_0035_0058_0058.jpg 1 18 35 58 58
1192_0046_0035_0045_0045.jpg 1 46 35 45 45
1193_0009_0021_0067_0067.jpg 1 9 21 67 67
1194_0023_0022_0036_0036.jpg 1 23 22 36 36
1195_0050_0018_0033_0033.jpg 1 50 18 33 33
1196_0008_0027_0064_0064.jpg 1 8 27 64 64
1197_0011_0035_0057_0057.jpg 1 11 35 57 57
1198_0016_0046_0031_0031.jpg 1 16 46 31 31
1199_0016_0026_0047_0047.jpg 1 16 26 47 47
1200_0019_0031_0058_0058.jpg 1 19 31 58 58
1201_0029_0041_0043_0043.jpg 1 29 41 43 43
1202_0019_0010_0066_0066.jpg 1 19 10 66 66
1203_0022_0035_0051_0051.jpg 1 22 35 51 51
1204_0024_0019_0052_0052.jpg 1 24 19 52 52
1205_0014_0018_0061_0061.jpg 1 14 18 61 61
1206_0008_0045_0048_0048.jpg 1 8 45 48 48
1207_0011_0035_0037_0037.jpg 1 11 35 37 37
1208_0049_0055_0035_0035.jpg 1 49 55 35 35
1209_0008_0021_0034_0034.jpg 1 8 21 34 34
1210_0013_0052_0037_0037.jpg 1 13 52 37 37
1211_0041_0010_0038_0038.jpg 1 41 10 38 38
1212_0029_0025_0045_0045.jpg 1 29 25 45 45
1213_0032_0032_0060_0060.jpg 1 32 32 60 60
1214_0025_0015_0057_0057.jpg 1 25 15 57 57
1215_0006_0023_0057_0057.jpg 1 6 23 57 57
1216_0053_0030_0037_0037.jpg 1 53 30 37 37
1217_0019_0023_0062_0062.jpg 1 19 23 62 62
1218_0010_0038_0024_0024.jpg 1 10 38 24 24
1219_0050_0045_0038_0038.jpg 1 50 45 38 38
1220_0009_0044_0043_0043.jpg 1 9 44 43 43
1221_0025_0019_0037_0037.jpg 1 25 19 37 37
1222_0062_0041_0029_0029.jpg 1 62 41 29 29
1223_0011_0008_0067_0067.jpg 1 11 8 67 67
1224_0022_0016_0058_0058.jpg 1 22 16 58 58
1225_0022_0028_0068_0068.jpg 1 22 28 68 68
1226_0018_0035_0039_0039.jpg 1 18 35 39 39
1227_0018_0043_0040_0040.jpg 1 18 43 40 40
1228_0011_0030_0061_0061.jpg 1 11 30 61 61
1229_0024_0046_0033_0033.jpg 1 24 46 33 33
1230_0050_0040_0042_0042.jpg 1 50 40 42 42
1231_0029_0023_0048_0048.jpg 1 29 23 48 48
1232_0020_0038_0028_0028.jpg 1 20 38 28 28
1233_0024_0041_0041_0041.jpg 1 24 41 41 41
1234_0017_0016_0061_0061.jpg 1 17 16 61 61
1235_0030_0033_0050_0050.jpg 1 30 33 50 50
1236_0022_0044_0032_0032.jpg 1 22 44 32 32
1237_0007_0008_0067_0067.jpg 1 7 8 67 67
1238_0028_0011_0059_0059.jpg 1 28 11 59 59
1239_0017_0022_0043_0043.jpg 1 17 22 43 43
1240_0015_0022_0067_0067.jpg 1 15 22 67 67
1241_0062_0026_0027_0027.jpg 1 62 26 27 27
1242_0008_0016_0066_0066.jpg 1 8 16 66 66
1243_0021_0042_0033_0033.jpg 1 21 42 33 33
1244_0034_0005_0059_0059.jpg 1 34 5 59 59
1245_0053_0046_0025_0025.jpg 1 53 46 25 25
1246_0023_0050_0040_0040.jpg 1 23 50 40 40
1247_0046_0027_0026_0026.jpg 1 46 27 26 26
1248_0006_0042_0051_0051.jpg 1 6 42 51 51
1249_0023_0008_0048_0048.jpg 1 23 8 48 48
1250_0018_0020_0057_0057.jpg 1 18 20 57 57
1251_0030_0019_0027_0027.jpg 1 30 19 27 27
1252_0006_0013_0069_0069.jpg 1 6 13 69 69
1253_0012_0034_0040_0040.jpg 1 12 34 40 40
1254_0023_0019_0062_0062.jpg 1 23 19 62 62
1255_0019_0028_0056_0056.jpg 1 19 28 56 56
1256_0050_0020_0037_0037.jpg 1 50 20 37 37
1257_0044_0043_0046_0046.jpg 1 44 43 46 46
1258_0004_0008_0061_0061.jpg 1 4 8 61 61
1259_0056_0023_0027_0027.jpg 1 56 23 27 27
1260_0055_0038_0026_0026.jpg 1 55 38 26 26
1261_0014_0042_0032_0032.jpg 1 14 42 32 32
1262_0008_0010_0031_0031.jpg 1 8 10 31 31
1263_0063_0056_0026_0026.jpg 1 63 56 26 26
1264_0009_0031_0058_0058.jpg 1 9 31 58 58
1265_0007_0028_0061_0061.jpg 1 7 28 61 61
1266_0025_0026_0039_0039.jpg 1 25 26 39 39
1267_0027_0022_0061_0061.jpg 1 27 22 61 61
1268_0015_0031_0054_0054.jpg 1 15 31 54 54
1269_0044_0040_0028_0028.jpg 1 44 40 28 28
1270_0041_0050_0025_0025.jpg 1 41 50 25 25
1271_0022_0012_0047_0047.jpg 1 22 12 47 47
1272_0012_0028_0034_0034.jpg 1 12 28 34 34
1273_0010_0025_0041_0041.jpg 1 10 25 41 41
1274_0028_0037_0049_0049.jpg 1 28 37 49 49
1275_0038_0031_0055_0055.jpg 1 38 31 55 55
1276_0015_0059_0026_0026.jpg 1 15 59 26 26
1277_0009_0008_0062_0062.jpg 1 9 8 62 62
1278_0037_0050_0028_0028.jpg 1 37 50 28 28
1279_0021_0035_0059_0059.jpg 1 21 35 59 59
1280_0019_0034_0059_0059.jpg 1 19 34 59 59
1281_0040_0033_0045_0045.jpg 1 40 33 45 45
1282_0015_0034_0042_0042.jpg 1 15 34 42 42
1283_0009_0019_0048_0048.jpg 1 9 19 48 48
1284_0048_0007_0029_0029.jpg 1 48 7 29 29
1285_0004_0015_0063_0063.jpg 1 4 15 63 63
1286_0049_0026_0039_0039.jpg 1 49 26 39 39
1287_0014_0032_0052_0052.jpg 1 14 32 52 52
1288_0008_0008_0051_0051.jpg 1 8 8 51 51
1289_0036_0035_0051_0051.jpg 1 36 35 51 51
1290_0013_0017_0048_0048.jpg 1 13 17 48 48
1291_0013_0029_0045_0045.jpg 1 13 29 45 45
1292_0038_0023_0039_0039.jpg 1 38 23 39 39
1293_0031_0052_0029_0029.jpg 1 31 52 29 29
1294_0029_0004_0057_0057.jpg 1 29 4 57 57
1295_0015_0028_0052_0052.jpg 1 15 28 52 52
1296_0034_0013_0026_0026.jpg 1 34 13 26 26
1297_0024_0040_0050_0050.jpg 1 24 40 50 50
1298_0056_0058_0034_0034.jpg 1 56 58 34 34
1299_0011_0020_0048_0048.jpg 1 11 20 48 48
1300_0010_0025_0062_0062.jpg 1 10 25 62 62
1301_0037_0022_0056_0056.jpg 1 37 22 56 56
1302_0027_0046_0024_0024.jpg 1 27 46 24 24
1303_0010_0030_0051_0051.jpg 1 10 30 51 51
1304_0028_0037_0048_0048.jpg 1 28 37 48 48
1305_0038_0044_0041_0041.jpg 1 38 44 41 41
1306_0034_0008_0039_0039.jpg 1 34 8 39 39
1307_0037_0036_0055_0055.jpg 1 37 36 55 55
1308_0045_0014_0048_0048.jpg 1 45 14 48 48
1309_0032_0016_0056_0056.jpg 1 32 16 56 56
1310_0064_0022_0026_0026.jpg 1 64 22 26 26
1311_0036_0033_0033_0033.jpg 1 36 33 33 33
1312_0014_0027_0066_0066.jpg 1 14 27 66 66
1313_0041_0041_0029_0029.jpg 1 41 41 29 29
1314_0036_0029_0043_0043.jpg 1 36 29 43 43
1315_0038_0015_0039_0039.jpg 1 38 15 39 39
1316_0017_0021_0064_0064.jpg 1 17 21 64 64
1317_0051_0042_0039_0039.jpg 1 51 42 39 39
1318_0031_0014_0061_0061.jpg 1 31 14 61 61
1319_0015_0018_0028_0028.jpg 1 15 18 28 28
1320_0023_0011_0068_0068.jpg 1 23 11 68 68
1321_0048_0050_0042_0042.jpg 1 48 50 42 42
1322_0007_0047_0044_0044.jpg 1 7 47 44 44
1323_0019_0025_0049_0049.jpg 1 19 25 49 49
1324_0032_0034_0039_0039.jpg 1 32 34 39 39
1325_0026_0012_0064_0064.jpg 1 26 12 64 64
1326_0031_0026_0047_0047.jpg 1 31 26 47 47
1327_0010_0005_0054_0054.jpg 1 10 5 54 54
1328_0011_0014_0062_0062.jpg 1 11 14 62 62
1329_0013_0015_0062_0062.jpg 1 13 15 62 62
1330_0062_0016_0028_0028.jpg 1 62 16 28 28
1331_0032_0020_0046_0046.jpg 1 32 20 46 46
1332_0042_0010_0046_0046.jpg 1 42 10 46 46
1333_0023_0050_0043_0043.jpg 1 23 50 43 43
1334_0031_0014_0034_0034.jpg 1 31 14 34 34
1335_0041_0061_0029_0029.jpg 1 41 61 29 29
1336_0038_0013_0053_0053.jpg 1 38 13 53 53
1337_0025_0021_0042_0042.jpg 1 25 21 42 42
1338_0025_0006_0054_0054.jpg 1 25 6 54 54
1339_0031_0024_0042_0042.jpg 1 31 24 42 42
1340_0024_0050_0042_0042.jpg 1 24 50 42 42
1341_0008_0020_0069_0069.jpg 1 8 20 69 69
1342_0018_0004_0064_0064.jpg 1 18 4 64 64
1343_0013_0010_0026_0026.jpg 1 13 10 26 26
1344_0011_0012_0048_0048.jpg 1 11 12 48 48
1345_0044_0068_0024_0024.jpg 1 44 68 24 24
1346_0028_0021_0029_0029.jpg 1 28 21 29 29
1347_0051_0042_0036_0036.jpg 1 51 42 36 36
1348_0037_0032_0035_0035.jpg 1 37 32 35 35
1349_0014_0044_0048_0048.jpg 1 14 44 48 48
1350_0023_0039_0051_0051.jpg 1 23 39 51 51
1351_0013_0023_0068_0068.jpg 1 13 23 68 68
1352_0006_0010_0067_0067.jpg 1 6 10 67 67
1353_0013_0027_0024_0024.jpg 1 13 27 24 24
1354_0049_0006_0038_0038.jpg 1 49 6 38 38
1355_0031_0029_0032_0032.jpg 1 31 29 32 32
1356_0043_0026_0031_0031.jpg 1 43 26 31 31
1357_0057_0022_0029_0029.jpg 1 57 22 29 29
1358_0005_0031_0056_0056.jpg 1 5 31 56 56
1359_0063_0058_0024_0024.jpg 1 63 58 24 24
1360_0032_0010_0055_0055.jpg 1 32 10 55 55
1361_0058_0022_0030_0030.jpg 1 58 22 30 30
1362_0018_0006_0052_0052.jpg 1 18 6 52 52
1363_0032_0010_0029_0029.jpg 1 32 10 29 29
1364_0040_0026_0035_0035.jpg 1 40 26 35 35
1365_0012_0022_0062_0062.jpg 1 12 22 62 62
1366_0014_0018_0068_0068.jpg 1 14 18 68 68
1367_0020_0026_0054_0054.jpg 1 20 26 54 54
1368_0044_0013_0024_0024.jpg 1 44 13 24 24
1369_0030_0028_0040_0040.jpg 1 30 28 40 40
1370_0050_0034_0027_0027.jpg 1 50 34 27 27
1371_0029_0028_0062_0062.jpg 1 29 28 62 62
1372_0005_0015_0059_0059.jpg 1 5 15 59 59
1373_0036_0030_0032_0032.jpg 1 36 30 32 32
1374_0019_0053_0040_0040.jpg 1 19 53 40 40
1375_0032_0053_0037_0037.jpg 1 32 53 37 37
1376_0006_0012_0044_0044.jpg 1 6 12 44 44
1377_0012_0021_0069_0069.jpg 1 12 21 69 69
1378_0017_0019_0057_0057.jpg 1 17 19 57 57
1379_0008_0047_0038_0038.jpg 1 8 47 38 38
1380_0022_0015_0031_0031.jpg 1 22 15 31 31
1381_0022_0019_0056_0056.jpg 1 22 19 56 56
1382_0024_0006_0044_0044.jpg 1 24 6 44 44
1383_0017_0004_0067_0067.jpg 1 17 4 67 67
1384_0034_0009_0057_0057.jpg 1 34 9 57 57
1385_0016_0013_0041_0041.jpg 1 16 13 41 41
1386_0032_0008_0054_0054.jpg 1 32 8 54 54
1387_0010_0026_0068_0068.jpg 1 10 26 68 68
1388_0023_0046_0032_0032.jpg 1 23 46 32 32
1389_0036_0031_0045_0045.jpg 1 36 31 45 45
1390_0031_0034_0033_0033.jpg 1 31 34 33 33
1391_0008_0005_0053_0053.jpg 1 8 5 53 53
1392_0013_0009_0031_0031.jpg 1 13 9 31 31
1393_0041_0048_0036_0036.jpg 1 41 48 36 36
1394_0028_0030_0029_0029.jpg 1 28 30 29 29
1395_0046_0045_0025_0025.jpg 1 46 45 25 25
1396_0010_0018_0039_0039.jpg 1 10 18 39 39
1397_0008_0014_0030_0030.jpg 1 8 14 30 30
1398_0022_0018_0066_0066.jpg 1 22 18 66 66
1399_0036_0018_0048_0048.jpg 1 36 18 48 48
1400_0003_0013_0069_0069.jpg 1 3 13 69 69
1401_0011_0024_0040_0040.jpg 1 11 24 40 40
1402_0041_0020_0037_0037.jpg 1 41 20 37 37
1403_0035_0012_0051_0051.jpg 1 35 12 51 51
1404_0031_0025_0034_0034.jpg 1 31 25 34 34
1405_0041_0064_0024_0024.jpg 1 41 64 24 24
1406_0040_0053_0040_0040.jpg 1 40 53 40 40
1407_0013_0014_0060_0060.jpg 1 13 14 60 60
1408_0033_0010_0055_0055.jpg 1 33 10 55 55
1409_0049_0039_0041_0041.jpg 1 49 39 41 41
1410_0027_0031_0044_0044.jpg 1 27 31 44 44
1411_0042_0048_0045_0045.jpg 1 42 48 45 45
1412_0038_0008_0054_0054.jpg 1 38 8 54 54
1413_0061_0017_0027_0027.jpg 1 61 17 27 27
1414_0008_0016_0060_0060.jpg 1 8 16 60 60
1415_0004_0018_0067_0067.jpg 1 4 18 67 67
1416_0036_0010_0058_0058.jpg 1 36 10 58 58
1417_0065_0060_0026_0026.jpg 1 65 60 26 26
1418_0024_0053_0037_0037.jpg 1 24 53 37 37
1419_0013_0018_0050_0050.jpg 1 13 18 50 50
1420_0031_0014_0042_0042.jpg 1 31 14 42 42
1421_0036_0046_0037_0037.jpg 1 36 46 37 37
1422_0022_0011_0066_0066.jpg 1 22 11 66 66
1423_0017_0018_0051_0051.jpg 1 17 18 51 51
1424_0007_0026_0066_0066.jpg 1 7 26 66 66
1425_0051_0010_0030_0030.jpg 1 51 10 30 30
1426_0024_0024_0068_0068.jpg 1 24 24 68 68
1427_0007_0006_0058_0058.jpg 1 7 6 58 58
1428_0038_0008_0056_0056.jpg 1 38 8 56 56
1429_0004_0029_0062_0062.jpg 1 4 29 62 62
1430_0026_0013_0054_0054.jpg 1 26 13 54 54
1431_0009_0042_0034_0034.jpg 1 9 42 34 34
1432_0025_0057_0024_0024.jpg 1 25 57 24 24
1433_0009_0024_0061_0061.jpg 1 9 24 61 61
1434_0011_0022_0043_0043.jpg 1 11 22 43 43
1435_0019_0033_0062_0062.jpg 1 19 33 62 62
1436_0035_0021_0035_0035.jpg 1 35 21 35 35
1437_0011_0065_0026_0026.jpg 1 11 65 26 26
1438_0006_0020_0062_0062.jpg 1 6 20 62 62
1439_0042_0016_0025_0025.jpg 1 42 16 25 25
1440_0027_0007_0064_0064.jpg 1 27 7 64 64
1441_0021_0006_0039_0039.jpg 1 21 6 39 39
1442_0016_0041_0041_0041.jpg 1 16 41 41 41
1443_0046_0044_0028_0028.jpg 1 46 44 28 28
1444_0023_0017_0049_0049.jpg 1 23 17 49 49
1445_0013_0025_0060_0060.jpg 1 13 25 60 60
1446_0016_0012_0046_0046.jpg 1 16 12 46 46
1447_0048_0055_0026_0026.jpg 1 48 55 26 26
1448_0021_0034_0060_0060.jpg 1 21 34 60 60
1449_0016_0014_0037_0037.jpg 1 16 14 37 37
1450_0047_0033_0025_0025.jpg 1 47 33 25 25
1451_0032_0013_0031_0031.jpg 1 32 13 31 31
1452_0027_0024_0051_0051.jpg 1 27 24 51 51
1453_0024_0018_0055_0055.jpg 1 24 18 55 55
1454_0006_0020_0066_0066.jpg 1 6 20 66 66
1455_0033_0023_0033_0033.jpg 1 33 23 33 33
1456_0023_0013_0051_0051.jpg 1 23 13 51 51
1457_0013_0022_0031_0031.jpg 1 13 22 31 31
1458_0018_0025_0064_0064.jpg 1 18 25 64 64
1459_0047_0014_0043_0043.jpg 1 47 14 43 43
1460_0009_0019_0063_0063.jpg 1 9 19 63 63
1461_0009_0014_0028_0028.jpg 1 9 14 28 28
1462_0008_0014_0054_0054.jpg 1 8 14 54 54
1463_0043_0059_0024_0024.jpg 1 43 59 24 24
1464_0015_0041_0024_0024.jpg 1 15 41 24 24
1465_0027_0009_0059_0059.jpg 1 27 9 59 59
1466_0016_0030_0044_0044.jpg 1 16 30 44 44
1467_0029_0048_0043_0043.jpg 1 29 48 43 43
1468_0029_0030_0030_0030.jpg 1 29 30 30 30
1469_0044_0042_0034_0034.jpg 1 44 42 34 34
1470_0037_0021_0047_0047.jpg 1 37 21 47 47
1471_0037_0036_0030_0030.jpg 1 37 36 30 30
1472_0024_0025_0067_0067.jpg 1 24 25 67 67
1473_0007_0039_0055_0055.jpg 1 7 39 55 55
1474_0008_0012_0062_0062.jpg 1 8 12 62 62
1475_0015_0011_0062_0062.jpg 1 15 11 62 62
1476_0043_0032_0047_0047.jpg 1 43 32 47 47
1477_0008_0027_0068_0068.jpg 1 8 27 68 68
1478_0014_0039_0052_0052.jpg 1 14 39 52 52
1479_0011_0012_0069_0069.jpg 1 11 12 69 69
1480_0006_0027_0061_0061.jpg 1 6 27 61 61
1481_0030_0003_0066_0066.jpg 1 30 3 66 66
1482_0024_0040_0053_0053.jpg 1 24 40 53 53
1483_0040_0032_0033_0033.jpg 1 40 32 33 33
1484_0007_0031_0049_0049.jpg 1 7 31 49 49
1485_0021_0038_0049_0049.jpg 1 21 38 49 49
1486_0031_0023_0027_0027.jpg 1 31 23 27 27
1487_0008_0047_0026_0026.jpg 1 8 47 26 26
1488_0041_0013_0047_0047.jpg 1 41 13 47 47
1489_0027_0023_0059_0059.jpg 1 27 23 59 59
1490_0031_0026_0061_0061.jpg 1 31 26 61 61
1491_0048_0017_0041_0041.jpg 1 48 17 41 41
1492_0032_0056_0037_0037.jpg 1 32 56 37 37
1493_0013_0014_0030_0030.jpg 1 13 14 30 30
1494_0015_0034_0059_0059.jpg 1 15 34 59 59
1495_0013_0033_0029_0029.jpg 1 13 33 29 29
1496_0041_0031_0027_0027.jpg 1 41 31 27 27
1497_0021_0052_0038_0038.jpg 1 21 52 38 38
1498_0018_0042_0048_0048.jpg 1 18 42 48 48
1499_0019_0020_0069_0069.jpg 1 19 20 69 69
1500_0021_0041_0045_0045.jpg 1 21 41 45 45
1501_0019_0010_0066_0066.jpg 1 19 10 66 66
1502_0013_0012_0056_0056.jpg 1 13 12 56 56
1503_0037_0027_0029_0029.jpg 1 37 27 29 29
1504_0026_0041_0053_0053.jpg 1 26 41 53 53
1505_0038_0030_0056_0056.jpg 1 38 30 56 56
1506_0030_0031_0024_0024.jpg 1 30 31 24 24
1507_0010_0033_0039_0039.jpg 1 10 33 39 39
1508_0043_0014_0041_0041.jpg 1 43 14 41 41
1509_0047_0030_0044_0044.jpg 1 47 30 44 44
1510_0019_0014_0039_0039.jpg 1 19 14 39 39
1511_0044_0022_0034_0034.jpg 1 44 22 34 34
1512_0053_0053_0030_0030.jpg 1 53 53 30 30
1513_0004_0036_0057_0057.jpg 1 4 36 57 57
1514_0014_0046_0034_0034.jpg 1 14 46 34 34
1515_0017_0027_0061_0061.jpg 1 17 27 61 61
1516_0035_0034_0041_0041.jpg 1 35 34 41 41
1517_0013_0023_0052_0052.jpg 1 13 23 52 52
1518_0014_0005_0069_0069.jpg 1 14 5 69 69
1519_0025_0022_0065_0065.jpg 1 25 22 65 65
1520_0005_0028_0068_0068.jpg 1 5 28 68 68
1521_0044_0040_0031_0031.jpg 1 44 40 31 31
1522_0051_0028_0033_0033.jpg 1 51 28 33 33
1523_0040_0050_0042_0042.jpg 1 40 50 42 42
1524_0023_0020_0052_0052.jpg 1 23 20 52 52
1525_0047_0009_0040_0040.jpg 1 47 9 40 40
1526_0023_0032_0062_0062.jpg 1 23 32 62 62
1527_0021_0006_0048_0048.jpg 1 21 6 48 48
1528_0030_0030_0027_0027.jpg 1 30 30 27 27
1529_0047_0050_0036_0036.jpg 1 47 50 36 36
1530_0066_0048_0024_0024.jpg 1 66 48 24 24
1531_0026_0051_0034_0034.jpg 1 26 51 34 34
1532_0012_0023_0059_0059.jpg 1 12 23 59 59
1533_0006_0018_0055_0055.jpg 1 6 18 55 55
1534_0011_0031_0045_0045.jpg 1 11 31 45 45
1535_0021_0015_0059_0059.jpg 1 21 15 59 59
1536_0008_0017_0063_0063.jpg 1 8 17 63 63
1537_0023_0010_0063_0063.jpg 1 23 10 63 63
1538_0007_0009_0054_0054.jpg 1 7 9 54 54
1539_0008_0009_0046_0046.jpg 1 8 9 46 46
1540_0035_0009_0045_0045.jpg 1 35 9 45 45
1541_0032_0011_0060_0060.jpg 1 32 11 60 60
1542_0050_0041_0025_0025.jpg 1 50 41 25 25
1543_0009_0013_0069_0069.jpg 1 9 13 69 69
1544_0021_0034_0040_0040.jpg 1 21 34 40 40
1545_0036_0024_0058_0058.jpg 1 36 24 58 58
1546_0045_0016_0042_0042.jpg 1 45 16 42 42
1547_0029_0012_0055_0055.jpg 1 29 12 55 55
1548_0031_0010_0040_0040.jpg 1 31 10 40 40
1549_0027_0011_0054_0054.jpg 1 27 11 54 54
1550_0029_0022_0063_0063.jpg 1 29 22 63 63
1551_0028_0040_0047_0047.jpg 1 28 40 47 47
1552_0008_0010_0057_0057.jpg 1 8 10 57 57
1553_0006_0034_0043_0043.jpg 1 6 34 43 43
1554_0047_0025_0030_0030.jpg 1 47 25 30 30
1555_0011_0030_0036_0036.jpg 1 11 30 36 36
1556_0037_0030_0046_0046.jpg 1 37 30 46 46
1557_0014_0031_0062_0062.jpg 1 14 31 62 62
1558_0008_0021_0057_0057.jpg 1 8 21 57 57
1559_0035_0017_0027_0027.jpg 1 35 17 27 27
1560_0020_0052_0029_0029.jpg 1 20 52 29 29
1561_0047_0007_0045_0045.jpg 1 47 7 45 45
1562_0035_0045_0041_0041.jpg 1 35 45 41 41
1563_0022_0020_0063_0063.jpg 1 22 20 63 63
1564_0004_0006_0061_0061.jpg 1 4 6 61 61
1565_0048_0021_0028_0028.jpg 1 48 21 28 28
1566_0004_0029_0063_0063.jpg 1 4 29 63 63
1567_0010_0032_0062_0062.jpg 1 10 32 62 62
1568_0006_0016_0066_0066.jpg 1 6 16 66 66
1569_0029_0009_0030_0030.jpg 1 29 9 30 30
1570_0045_0008_0043_0043.jpg 1 45 8 43 43
1571_0025_0024_0067_0067.jpg 1 25 24 67 67
1572_0018_0013_0046_0046.jpg 1 18 13 46 46
1573_0051_0028_0033_0033.jpg 1 51 28 33 33
1574_0012_0018_0040_0040.jpg 1 12 18 40 40
1575_0014_0044_0036_0036.jpg 1 14 44 36 36
1576_0003_0018_0068_0068.jpg 1 3 18 68 68
1577_0055_0015_0029_0029.jpg 1 55 15 29 29
1578_0017_0017_0063_0063.jpg 1 17 17 63 63
1579_0031_0034_0038_0038.jpg 1 31 34 38 38
1580_0010_0004_0064_0064.jpg 1 10 4 64 64
1581_0009_0028_0048_0048.jpg 1 9 28 48 48
1582_0033_0019_0062_0062.jpg 1 33 19 62 62
1583_0021_0036_0056_0056.jpg 1 21 36 56 56
1584_0012_0011_0065_0065.jpg 1 12 11 65 65
1585_0033_0006_0055_0055.jpg 1 33 6 55 55
1586_0063_0020_0025_0025.jpg 1 63 20 25 25
1587_0039_0042_0036_0036.jpg 1 39 42 36 36
1588_0018_0024_0067_0067.jpg 1 18 24 67 67
1589_0011_0007_0062_0062.jpg 1 11 7 62 62
1590_0011_0049_0042_0042.jpg 1 11 49 42 42
1591_0029_0024_0058_0058.jpg 1 29 24 58 58
1592_0045_0049_0044_0044.jpg 1 45 49 44 44
1593_0027_0022_0059_0059.jpg 1 27 22 59 59
1594_0036_0006_0057_0057.jpg 1 36 6 57 57
1595_0056_0053_0025_0025.jpg 1 56 53 25 25
1596_0033_0046_0029_0029.jpg 1 33 46 29 29
1597_0039_0010_0052_0052.jpg 1 39 10 52 52
1598_0044_0007_0029_0029.jpg 1 44 7 29 29
1599_0033_0029_0045_0045.jpg 1 33 29 45 45
1600_0005_0010_0058_0058.jpg 1 5 10 58 58
1601_0012_0020_0064_0064.jpg 1 12 20 64 64
1602_0019_0054_0026_0026.jpg 1 19 54 26 26
1603_0030_0023_0031_0031.jpg 1 30 23 31 31
1604_0022_0023_0060_0060.jpg 1 22 23 60 60
1605_0021_0006_0041_0041.jpg 1 21 6 41 41
1606_0026_0055_0026_0026.jpg 1 26 55 26 26
1607_0034_0019_0052_0052.jpg 1 34 19 52 52
1608_0014_0036_0057_0057.jpg 1 14 36 57 57
1609_0017_0005_0067_0067.jpg 1 17 5 67 67
1610_0006_0030_0043_0043.jpg 1 6 30 43 43
1611_0019_0027_0058_0058.jpg 1 19 27 58 58
1612_0043_0024_0049_0049.jpg 1 43 24 49 49
1613_0025_0021_0069_0069.jpg 1 25 21 69 69
1614_0021_0041_0054_0054.jpg 1 21 41 54 54
1615_0053_0058_0030_0030.jpg 1 53 58 30 30
1616_0016_0015_0069_0069.jpg 1 16 15 69 69
1617_0025_0008_0059_0059.jpg 1 25 8 59 59
1618_0059_0032_0030_0030.jpg 1 59 32 30 30
1619_0014_0013_0049_0049.jpg 1 14 13 49 49
1620_0019_0038_0030_0030.jpg 1 19 38 30 30
1621_0044_0042_0028_0028.jpg 1 44 42 28 28
1622_0039_0014_0044_0044.jpg 1 39 14 44 44
1623_0013_0049_0036_0036.jpg 1 13 49 36 36
1624_0004_0006_0053_0053.jpg 1 4 6 53 53
1625_0066_0033_0026_0026.jpg 1 66 33 26 26
1626_0022_0007_0067_0067.jpg 1 22 7 67 67
1627_0013_0061_0029_0029.jpg 1 13 61 29 29
1628_0018_0027_0024_0024.jpg 1 18 27 24 24
1629_0056_0017_0033_0033.jpg 1 56 17 33 33
1630_0011_0014_0051_0051.jpg 1 11 14 51 51
1631_0015_0019_0042_0042.jpg 1 15 19 42 42
1632_0024_0024_0054_0054.jpg 1 24 24 54 54
1633_0021_0012_0048_0048.jpg 1 21 12 48 48
1634_0041_0026_0039_0039.jpg 1 41 26 39 39
1635_0019_0040_0048_0048.jpg 1 19 40 48 48
1636_0012_0028_0043_0043.jpg 1 12 28 43 43
1637_0021_0031_0058_0058.jpg 1 21 31 58 58
1638_0006_0032_0053_0053.jpg 1 6 32 53 53
1639_0018_0013_0068_0068.jpg 1 18 13 68 68
1640_0035_0019_0060_0060.jpg 1 35 19 60 60
1641_0048_0013_0042_0042.jpg 1 48 13 42 42
1642_0032_0011_0062_0062.jpg 1 32 11 62 62
1643_0024_0008_0050_0050.jpg 1 24 8 50 50
1644_0056_0028_0025_0025.jpg 1 56 28 25 25
1645_0009_0038_0054_0054.jpg 1 9 38 54 54
1646_0005_0023_0059_0059.jpg 1 5 23 59 59
1647_0022_0018_0054_0054.jpg 1 22 18 54 54
1648_0052_0055_0025_0025.jpg 1 52 55 25 25
1649_0026_0031_0040_0040.jpg 1 26 31 40 40
1650_0036_0018_0054_0054.jpg 1 36 18 54 54
1651_0028_0024_0059_0059.jpg 1 28 24 59 59
1652_0037_0009_0045_0045.jpg 1 37 9 45 45
1653_0009_0040_0053_0053.jpg 1 9 40 53 53
1654_0017_0053_0029_0029.jpg 1 17 53 29 29
1655_0017_0009_0067_0067.jpg 1 17 9 67 67
1656_0010_0023_0037_0037.jpg 1 10 23 37 37
1657_0016_0017_0050_0050.jpg 1 16 17 50 50
1658_0047_0021_0042_0042.jpg 1 47 21 42 42
1659_0052_0059_0031_0031.jpg 1 52 59 31 31
1660_0025_0036_0040_0040.jpg 1 25 36 40 40
1661_0034_0019_0048_0048.jpg 1 34 19 48 48
1662_0008_0015_0034_0034.jpg 1 8 15 34 34
1663_0018_0036_0048_0048.jpg 1 18 36 48 48
1664_0021_0019_0051_0051.jpg 1 21 19 51 51
1665_0031_0011_0051_0051.jpg 1 31 11 51 51
1666_0034_0020_0038_0038.jpg 1 34 20 38 38
1667_0009_0019_0064_0064.jpg 1 9 19 64 64
1668_0025_0021_0046_0046.jpg 1 25 21 46 46
1669_0037_0016_0054_0054.jpg 1 37 16 54 54
1670_0007_0008_0043_0043.jpg 1 7 8 43 43
1671_0053_0050_0036_0036.jpg 1 53 50 36 36
1672_0014_0030_0056_0056.jpg 1 14 30 56 56
1673_0038_0020_0027_0027.jpg 1 38 20 27 27
1674_0049_0020_0031_0031.jpg 1 49 20 31 31
1675_0047_0057_0024_0024.jpg 1 47 57 24 24
1676_0029_0015_0053_0053.jpg 1 29 15 53 53
1677_0004_0024_0058_0058.jpg 1 4 24 58 58
1678_0031_0059_0031_0031.jpg 1 31 59 31 31
1679_0020_0057_0024_0024.jpg 1 20 57 24 24
1680_0008_0022_0033_0033.jpg 1 8 22 33 33
1681_0029_0028_0045_0045.jpg 1 29 28 45 45
1682_0009_0016_0068_0068.jpg 1 9 16 68 68
1683_0049_0047_0028_0028.jpg 1 49 47 28 28
1684_0012_0063_0029_0029.jpg 1 12 63 29 29
1685_0027_0017_0040_0040.jpg 1 27 17 40 40
1686_0045_0037_0046_0046.jpg 1 45 37 46 46
1687_0006_0040_0055_0055.jpg 1 6 40 55 55
1688_0014_0041_0049_0049.jpg 1 14 41 49 49
1689_0023_0020_0060_0060.jpg 1 23 20 60 60
1690_0028_0043_0036_0036.jpg 1 28 43 36 36
1691_0023_0036_0038_0038.jpg 1 23 36 38 38
1692_0013_0010_0026_0026.jpg 1 13 10 26 26
1693_0023_0014_0065_0065.jpg 1 23 14 65 65
1694_0009_0025_0052_0052.jpg 1 9 25 52 52
1695_0032_0028_0046_0046.jpg 1 32 28 46 46
1696_0051_0051_0028_0028.jpg 1 51 51 28 28
1697_0028_0032_0059_0059.jpg 1 28 32 59 59
1698_0009_0006_0049_0049.jpg 1 9 6 49 49
1699_0023_0007_0061_0061.jpg 1 23 7 61 61
1700_0019_0015_0024_0024.jpg 1 19 15 24 24
1701_0009_0025_0068_0068.jpg 1 9 25 68 68
1702_0028_0007_0058_0058.jpg 1 28 7 58 58
1703_0046_0041_0028_0028.jpg 1 46 41 28 28
1704_0038_0034_0035_0035.jpg 1 38 34 35 35
1705_0058_0013_0026_0026.jpg 1 58 13 26 26
1706_0007_0013_0039_0039.jpg 1 7 13 39 39
1707_0012_0040_0052_0052.jpg 1 12 40 52 52
1708_0008_0035_0059_0059.jpg 1 8 35 59 59
1709_0008_0032_0058_0058.jpg 1 8 32 58 58
1710_0041_0034_0048_0048.jpg 1 41 34 48 48
1711_0035_0017_0059_0059.jpg 1 35 17 59 59
1712_0059_0025_0026_0026.jpg 1 59 25 26 26
1713_0063_0065_0024_0024.jpg 1 63 65 24 24
1714_0017_0052_0038_0038.jpg 1 17 52 38 38
1715_0025_0032_0058_0058.jpg 1 25 32 58 58
1716_0054_0044_0039_0039.jpg 1 54 44 39 39
1717_0020_0015_0060_0060.jpg 1 20 15 60 60
1718_0009_0014_0067_0067.jpg 1 9 14 67 67
1719_0019_0033_0043_0043.jpg 1 19 33 43 43
1720_0029_0033_0038_0038.jpg 1 29 33 38 38
1721_0037_0018_0049_0049.jpg 1 37 18 49 49
1722_0012_0011_0061_0061.jpg 1 12 11 61 61
1723_0045_0044_0033_0033.jpg 1 45 44 33 33
1724_0034_0019_0058_0058.jpg 1 34 19 58 58
1725_0017_0026_0057_0057.jpg 1 17 26 57 57
1726_0012_0051_0028_0028.jpg 1 12 51 28 28
1727_0013_0030_0066_0066.jpg 1 13 30 66 66
1728_0020_0012_0059_0059.jpg 1 20 12 59 59
1729_0025_0061_0025_0025.jpg 1 25 61 25 25
1730_0008_0023_0024_0024.jpg 1 8 23 24 24
1731_0011_0010_0054_0054.jpg 1 11 10 54 54
1732_0020_0044_0048_0048.jpg 1 20 44 48 48
1733_0044_0045_0029_0029.jpg 1 44 45 29 29
1734_0052_0016_0034_0034.jpg 1 52 16 34 34
1735_0030_0051_0025_0025.jpg 1 30 51 25 25
1736_0034_0028_0040_0040.jpg 1 34 28 40 40
1737_0015_0015_0062_0062.jpg 1 15 15 62 62
1738_0036_0014_0027_0027.jpg 1 36 14 27 27
1739_0005_0015_0065_0065.jpg 1 5 15 65 65
1740_0039_0032_0046_0046.jpg 1 39 32 46 46
1741_0049_0024_0040_0040.jpg 1 49 24 40 40
1742_0015_0005_0064_0064.jpg 1 15 5 64 64
1743_0010_0031_0049_0049.jpg 1 10 31 49 49
1744_0013_0016_0051_0051.jpg 1 13 16 51 51
1745_0004_0009_0054_0054.jpg 1 4 9 54 54
1746_0013_0006_0055_0055.jpg 1 13 6 55 55
1747_0025_0006_0061_0061.jpg 1 25 6 61 61
1748_0012_0038_0043_0043.jpg 1 12 38 43 43
1749_0041_0010_0045_0045.jpg 1 41 10 45 45
1750_0039_0023_0025_0025.jpg 1 39 23 25 25
1751_0021_0020_0057_0057.jpg 1 21 20 57 57
1752_0051_0060_0028_0028.jpg 1 51 60 28 28
1753_0054_0038_0036_0036.jpg 1 54 38 36 36
1754_0008_0036_0047_0047.jpg 1 8 36 47 47
1755_0016_0027_0053_0053.jpg 1 16 27 53 53
1756_0035_0028_0051_0051.jpg 1 35 28 51 51
1757_0019_0052_0038_0038.jpg 1 19 52 38 38
1758_0016_0024_0028_0028.jpg 1 16 24 28 28
1759_0016_0027_0032_0032.jpg 1 16 27 32 32
1760_0063_0013_0025_0025.jpg 1 63 13 25 25
1761_0045_0007_0041_0041.jpg 1 45 7 41 41
1762_0022_0013_0061_0061.jpg 1 22 13 61 61
1763_0021_0018_0056_0056.jpg 1 21 18 56 56
1764_0021_0041_0042_0042.jpg 1 21 41 42 42
1765_0026_0008_0065_0065.jpg 1 26 8 65 65
1766_0005_0020_0062_0062.jpg 1 5 20 62 62
1767_0031_0016_0058_0058.jpg 1 31 16 58 58
1768_0020_0023_0042_0042.jpg 1 20 23 42 42
1769_0022_0047_0046_0046.jpg 1 22 47 46 46
1770_0018_0009_0048_0048.jpg 1 18 9 48 48
1771_0036_0033_0056_0056.jpg 1 36 33 56 56
1772_0030_0029_0033_0033.jpg 1 30 29 33 33
1773_0024_0018_0062_0062.jpg 1 24 18 62 62
1774_0033_0035_0046_0046.jpg 1 33 35 46 46
1775_0017_0031_0032_0032.jpg 1 17 31 32 32
1776_0012_0023_0052_0052.jpg 1 12 23 52 52
1777_0007_0003_0064_0064.jpg 1 7 3 64 64
1778_0022_0030_0065_0065.jpg 1 22 30 65 65
1779_0013_0006_0052_0052.jpg 1 13 6 52 52
1780_0013_0019_0069_0069.jpg 1 13 19 69 69
1781_0022_0023_0062_0062.jpg 1 22 23 62 62
1782_0007_0032_0047_0047.jpg 1 7 32 47 47
1783_0007_0009_0064_0064.jpg 1 7 9 64 64
1784_0019_0009_0032_0032.jpg 1 19 9 32 32
1785_0028_0017_0032_0032.jpg 1 28 17 32 32
1786_0013_0032_0026_0026.jpg 1 13 32 26 26
1787_0028_0019_0041_0041.jpg 1 28 19 41 41
1788_0022_0034_0043_0043.jpg 1 22 34 43 43
1789_0024_0058_0034_0034.jpg 1 24 58 34 34
1790_0025_0053_0037_0037.jpg 1 25 53 37 37
1791_0011_0024_0066_0066.jpg 1 11 24 66 66
1792_0005_0029_0061_0061.jpg 1 5 29 61 61
1793_0018_0043_0050_0050.jpg 1 18 43 50 50
1794_0015_0043_0038_0038.jpg 1 15 43 38 38
1795_0016_0029_0057_0057.jpg 1 16 29 57 57
1796_0007_0017_0039_0039.jpg 1 7 17 39 39
1797_0047_0043_0038_0038.jpg 1 47 43 38 38
1798_0008_0043_0041_0041.jpg 1 8 43 41 41
1799_0032_0013_0063_0063.jpg 1 32 13 63 63
1800_0016_0018_0067_0067.jpg 1 16 18 67 67
1801_0007_0021_0066_0066.jpg 1 7 21 66 66
1802_0010_0034_0061_0061.jpg 1 10 34 61 61
1803_0017_0024_0048_0048.jpg 1 17 24 48 48
1804_0026_0019_0068_0068.jpg 1 26 19 68 68
1805_0015_0019_0036_0036.jpg 1 15 19 36 36
1806_0005_0027_0067_0067.jpg 1 5 27 67 67
1807_0009_0023_0067_0067.jpg 1 9 23 67 67
1808_0025_0009_0054_0054.jpg 1 25 9 54 54
1809_0018_0007_0048_0048.jpg 1 18 7 48 48
1810_0012_0040_0028_0028.jpg 1 12 40 28 28
1811_0007_0046_0032_0032.jpg 1 7 46 32 32
1812_0047_0048_0043_0043.jpg 1 47 48 43 43
1813_0033_0022_0029_0029.jpg 1 33 22 29 29
1814_0024_0016_0050_0050.jpg 1 24 16 50 50
1815_0019_0038_0057_0057.jpg 1 19 38 57 57
1816_0041_0021_0051_0051.jpg 1 41 21 51 51
1817_0022_0016_0050_0050.jpg 1 22 16 50 50
1818_0022_0038_0046_0046.jpg 1 22 38 46 46
1819_0022_0005_0063_0063.jpg 1 22 5 63 63
1820_0022_0048_0045_0045.jpg 1 22 48 45 45
1821_0016_0022_0037_0037.jpg 1 16 22 37 37
1822_0010_0022_0055_0055.jpg 1 10 22 55 55
1823_0029_0042_0032_0032.jpg 1 29 42 32 32
1824_0041_0006_0048_0048.jpg 1 41 6 48 48
1825_0043_0034_0045_0045.jpg 1 43 34 45 45
1826_0016_0016_0069_0069.jpg 1 16 16 69 69
1827_0057_0029_0032_0032.jpg 1 57 29 32 32
1828_0006_0016_0064_0064.jpg 1 6 16 64 64
1829_0006_0016_0068_0068.jpg 1 6 16 68 68
1830_0013_0026_0068_0068.jpg 1 13 26 68 68
1831_0012_0007_0037_0037.jpg 1 12 7 37 37
1832_0037_0037_0038_0038.jpg 1 37 37 38 38
1833_0032_0029_0064_0064.jpg 1 32 29 64 64
1834_0029_0006_0065_0065.jpg 1 29 6 65 65
1835_0008_0008_0067_0067.jpg 1 8 8 67 67
1836_0025_0043_0049_0049.jpg 1 25 43 49 49
1837_0007_0019_0067_0067.jpg 1 7 19 67 67
1838_0026_0017_0058_0058.jpg 1 26 17 58 58
1839_0024_0054_0037_0037.jpg 1 24 54 37 37
1840_0021_0019_0069_0069.jpg 1 21 19 69 69
1841_0045_0046_0047_0047.jpg 1 45 46 47 47
1842_0031_0021_0052_0052.jpg 1 31 21 52 52
1843_0020_0018_0064_0064.jpg 1 20 18 64 64
1844_0044_0022_0050_0050.jpg 1 44 22 50 50
1845_0017_0027_0034_0034.jpg 1 17 27 34 34
1846_0042_0056_0028_0028.jpg 1 42 56 28 28
1847_0018_0039_0043_0043.jpg 1 18 39 43 43
1848_0052_0056_0031_0031.jpg 1 52 56 31 31
1849_0024_0004_0069_0069.jpg 1 24 4 69 69
1850_0016_0031_0058_0058.jpg 1 16 31 58 58
1851_0015_0031_0024_0024.jpg 1 15 31 24 24
1852_0017_0042_0052_0052.jpg 1 17 42 52 52
1853_0029_0047_0041_0041.jpg 1 29 47 41 41
1854_0046_0038_0044_0044.jpg 1 46 38 44 44
1855_0009_0038_0026_0026.jpg 1 9 38 26 26
1856_0018_0005_0068_0068.jpg 1 18 5 68 68
1857_0008_0020_0027_0027.jpg 1 8 20 27 27
1858_0015_0023_0048_0048.jpg 1 15 23 48 48
1859_0038_0030_0050_0050.jpg 1 38 30 50 50
1860_0011_0063_0027_0027.jpg 1 11 63 27 27
1861_0025_0025_0044_0044.jpg 1 25 25 44 44
1862_0045_0054_0030_0030.jpg 1 45 54 30 30
1863_0022_0018_0058_0058.jpg 1 22 18 58 58
1864_0033_0017_0037_0037.jpg 1 33 17 37 37
1865_0016_0008_0051_0051.jpg 1 16 8 51 51
1866_0043_0009_0048_0048.jpg 1 43 9 48 48
1867_0005_0022_0068_0068.jpg 1 5 22 68 68
1868_0023_0037_0054_0054.jpg 1 23 37 54 54
1869_0066_0057_0025_0025.jpg 1 66 57 25 25
1870_0012_0008_0025_0025.jpg 1 12 8 25 25
1871_0056_0058_0034_0034.jpg 1 56 58 34 34
1872_0012_0047_0031_0031.jpg 1 12 47 31 31
1873_0009_0019_0055_0055.jpg 1 9 19 55 55
1874_0027_0034_0055_0055.jpg 1 27 34 55 55
1875_0045_0019_0043_0043.jpg 1 45 19 43 43
1876_0035_0034_0039_0039.jpg 1 35 34 39 39
1877_0004_0024_0069_0069.jpg 1 4 24 69 69
1878_0017_0037_0049_0049.jpg 1 17 37 49 49
1879_0064_0010_0027_0027.jpg 1 64 10 27 27
1880_0030_0032_0039_0039.jpg 1 30 32 39 39
1881_0016_0029_0062_0062.jpg 1 16 29 62 62
1882_0046_0016_0027_0027.jpg 1 46 16 27 27
1883_0026_0043_0036_0036.jpg 1 26 43 36 36
1884_0043_0039_0042_0042.jpg 1 43 39 42 42
1885_0042_0043_0047_0047.jpg 1 42 43 47 47
1886_0015_0023_0064_0064.jpg 1 15 23 64 64
1887_0035_0022_0049_0049.jpg 1 35 22 49 49
1888_0055_0011_0034_0034.jpg 1 55 11 34 34
1889_0025_0009_0064_0064.jpg 1 25 9 64 64
1890_0063_0018_0024_0024.jpg 1 63 18 24 24
1891_0061_0025_0032_0032.jpg 1 61 25 32 32
1892_0021_0010_0063_0063.jpg 1 21 10 63 63
1893_0036_0053_0029_0029.jpg 1 36 53 29 29
1894_0021_0009_0038_0038.jpg 1 21 9 38 38
1895_0037_0025_0037_0037.jpg 1 37 25 37 37
1896_0040_0052_0030_0030.jpg 1 40 52 30 30
1897_0009_0018_0027_0027.jpg 1 9 18 27 27
1898_0015_0008_0058_0058.jpg 1 15 8 58 58
1899_0016_0016_0038_0038.jpg 1 16 16 38 38
1900_0018_0028_0065_0065.jpg 1 18 28 65 65
1901_0021_0022_0058_0058.jpg 1 21 22 58 58
1902_0035_0009_0042_0042.jpg 1 35 9 42 42
1903_0035_0014_0034_0034.jpg 1 35 14 34 34
1904_0005_0011_0068_0068.jpg 1 5 11 68 68
1905_0026_0006_0067_0067.jpg 1 26 6 67 67
1906_0008_0054_0034_0034.jpg 1 8 54 34 34
1907_0055_0050_0028_0028.jpg 1 55 50 28 28
1908_0040_0039_0049_0049.jpg 1 40 39 49 49
1909_0039_0012_0039_0039.jpg 1 39 12 39 39
1910_0028_0011_0067_0067.jpg 1 28 11 67 67
1911_0013_0035_0059_0059.jpg 1 13 35 59 59
1912_0030_0011_0042_0042.jpg 1 30 11 42 42
1913_0032_0016_0027_0027.jpg 1 32 16 27 27
1914_0039_0029_0048_0048.jpg 1 39 29 48 48
1915_0007_0016_0045_0045.jpg 1 7 16 45 45
1916_0023_0023_0063_0063.jpg 1 23 23 63 63
1917_0040_0045_0025_0025.jpg 1 40 45 25 25
1918_0023_0048_0032_0032.jpg 1 23 48 32 32
1919_0027_0023_0052_0052.jpg 1 27 23 52 52
1920_0038_0006_0037_0037.jpg 1 38 6 37 37
1921_0009_0034_0051_0051.jpg 1 9 34 51 51
1922_0003_0026_0064_0064.jpg 1 3 26 64 64
1923_0057_0032_0028_0028.jpg 1 57 32 28 28
1924_0023_0025_0029_0029.jpg 1 23 25 29 29
1925_0029_0007_0048_0048.jpg 1 29 7 48 48
1926_0029_0029_0050_0050.jpg 1 29 29 50 50
1927_0016_0027_0052_0052.jpg 1 16 27 52 52
1928_0026_0010_0059_0059.jpg 1 26 10 59 59
1929_0030_0030_0054_0054.jpg 1 30 30 54 54
1930_0013_0038_0051_0051.jpg 1 13 38 51 51
1931_0030_0013_0035_0035.jpg 1 30 13 35 35
1932_0048_0026_0024_0024.jpg 1 48 26 24 24
1933_0042_0046_0038_0038.jpg 1 42 46 38 38
1934_0010_0029_0050_0050.jpg 1 10 29 50 50
1935_0023_0005_0052_0052.jpg 1 23 5 52 52
1936_0035_0014_0056_0056.jpg 1 35 14 56 56
1937_0052_0021_0029_0029.jpg 1 52 21 29 29
1938_0030_0015_0046_0046.jpg 1 30 15 46 46
1939_0020_0021_0042_0042.jpg 1 20 21 42 42
1940_0042_0018_0036_0036.jpg 1 42 18 36 36
1941_0031_0029_0049_0049.jpg 1 31 29 49 49
1942_0014_0016_0059_0059.jpg 1 14 16 59 59
1943_0029_0010_0050_0050.jpg 1 29 10 50 50
1944_0049_0027_0042_0042.jpg 1 49 27 42 42
1945_0012_0030_0060_0060.jpg 1 12 30 60 60
1946_0018_0011_0067_0067.jpg 1 18 11 67 67
1947_0023_0011_0067_0067.jpg 1 23 11 67 67
1948_0029_0029_0053_0053.jpg 1 29 29 53 53
1949_0013_0035_0042_0042.jpg 1 13 35 42 42
1950_0021_0003_0067_0067.jpg 1 21 3 67 67
