0001_0028_0018_0061_0061.jpg 1 28 18 61 61
0002_0014_0055_0037_0037.jpg 1 14 55 37 37
0003_0018_0032_0034_0034.jpg 1 18 32 34 34
0004_0049_0009_0034_0034.jpg 1 49 9 34 34
0005_0052_0053_0026_0026.jpg 1 52 53 26 26
0006_0026_0024_0066_0066.jpg 1 26 24 66 66
0007_0014_0032_0049_0049.jpg 1 14 32 49 49
0008_0027_0047_0038_0038.jpg 1 27 47 38 38
0009_0022_0026_0042_0042.jpg 1 22 26 42 42
0010_0048_0013_0042_0042.jpg 1 48 13 42 42
0011_0033_0057_0032_0032.jpg 1 33 57 32 32
0012_0023_0017_0063_0063.jpg 1 23 17 63 63
0013_0015_0028_0058_0058.jpg 1 15 28 58 58
0014_0015_0010_0041_0041.jpg 1 15 10 41 41
0015_0008_0020_0065_0065.jpg 1 8 20 65 65
0016_0027_0039_0025_0025.jpg 1 27 39 25 25
0017_0042_0043_0026_0026.jpg 1 42 43 26 26
0018_0023_0017_0064_0064.jpg 1 23 17 64 64
0019_0025_0025_0056_0056.jpg 1 25 25 56 56
0020_0039_0041_0024_0024.jpg 1 39 41 24 24
0021_0015_0011_0063_0063.jpg 1 15 11 63 63
0022_0016_0009_0069_0069.jpg 1 16 9 69 69
0023_0050_0035_0031_0031.jpg 1 50 35 31 31
0024_0027_0032_0057_0057.jpg 1 27 32 57 57
0025_0005_0026_0069_0069.jpg 1 5 26 69 69
0026_0021_0059_0032_0032.jpg 1 21 59 32 32
0027_0010_0049_0037_0037.jpg 1 10 49 37 37
0028_0008_0014_0067_0067.jpg 1 8 14 67 67
0029_0006_0025_0061_0061.jpg 1 6 25 61 61
0030_0030_0021_0060_0060.jpg 1 30 21 60 60
0031_0019_0008_0066_0066.jpg 1 19 8 66 66
0032_0021_0014_0061_0061.jpg 1 21 14 61 61
0033_0039_0036_0048_0048.jpg 1 39 36 48 48
0034_0008_0003_0069_0069.jpg 1 8 3 69 69
0035_0023_0023_0060_0060.jpg 1 23 23 60 60
0036_0059_0033_0027_0027.jpg 1 59 33 27 27
0037_0043_0062_0027_0027.jpg 1 43 62 27 27
0038_0058_0056_0032_0032.jpg 1 58 56 32 32
0039_0005_0012_0066_0066.jpg 1 5 12 66 66
0040_0025_0029_0066_0066.jpg 1 25 29 66 66
0041_0016_0019_0062_0062.jpg 1 16 19 62 62
0042_0035_0012_0048_0048.jpg 1 35 12 48 48
0043_0026_0025_0061_0061.jpg 1 26 25 61 61
0044_0029_0011_0067_0067.jpg 1 29 11 67 67
0045_0019_0024_0033_0033.jpg 1 19 24 33 33
0046_0029_0020_0061_0061.jpg 1 29 20 61 61
0047_0036_0030_0047_0047.jpg 1 36 30 47 47
0048_0025_0023_0035_0035.jpg 1 25 23 35 35
0049_0042_0051_0030_0030.jpg 1 42 51 30 30
0050_0028_0023_0028_0028.jpg 1 28 23 28 28
0051_0032_0011_0054_0054.jpg 1 32 11 54 54
0052_0056_0026_0030_0030.jpg 1 56 26 30 30
0053_0042_0015_0039_0039.jpg 1 42 15 39 39
0054_0015_0014_0062_0062.jpg 1 15 14 62 62
0055_0007_0027_0065_0065.jpg 1 7 27 65 65
0056_0037_0026_0050_0050.jpg 1 37 26 50 50
0057_0018_0041_0033_0033.jpg 1 18 41 33 33
0058_0042_0044_0034_0034.jpg 1 42 44 34 34
0059_0032_0026_0039_0039.jpg 1 32 26 39 39
0060_0019_0017_0033_0033.jpg 1 19 17 33 33
0061_0014_0011_0063_0063.jpg 1 14 11 63 63
0062_0006_0020_0069_0069.jpg 1 6 20 69 69
0063_0030_0029_0059_0059.jpg 1 30 29 59 59
0064_0028_0020_0031_0031.jpg 1 28 20 31 31
0065_0022_0023_0063_0063.jpg 1 22 23 63 63
0066_0008_0007_0045_0045.jpg 1 8 7 45 45
0067_0015_0021_0067_0067.jpg 1 15 21 67 67
0068_0023_0022_0051_0051.jpg 1 23 22 51 51
0069_0059_0057_0026_0026.jpg 1 59 57 26 26
0070_0016_0025_0037_0037.jpg 1 16 25 37 37
0071_0030_0022_0048_0048.jpg 1 30 22 48 48
0072_0028_0012_0039_0039.jpg 1 28 12 39 39
0073_0005_0012_0057_0057.jpg 1 5 12 57 57
0074_0018_0033_0044_0044.jpg 1 18 33 44 44
0075_0025_0026_0043_0043.jpg 1 25 26 43 43
0076_0029_0007_0039_0039.jpg 1 29 7 39 39
0077_0006_0036_0049_0049.jpg 1 6 36 49 49
0078_0029_0037_0041_0041.jpg 1 29 37 41 41
0079_0015_0016_0052_0052.jpg 1 15 16 52 52
0080_0036_0017_0057_0057.jpg 1 36 17 57 57
0081_0041_0013_0050_0050.jpg 1 41 13 50 50
0082_0021_0015_0055_0055.jpg 1 21 15 55 55
0083_0014_0037_0046_0046.jpg 1 14 37 46 46
0084_0037_0043_0046_0046.jpg 1 37 43 46 46
0085_0006_0018_0060_0060.jpg 1 6 18 60 60
0086_0006_0020_0048_0048.jpg 1 6 20 48 48
0087_0027_0044_0050_0050.jpg 1 27 44 50 50
0088_0023_0022_0069_0069.jpg 1 23 22 69 69
0089_0007_0032_0053_0053.jpg 1 7 32 53 53
0090_0011_0008_0064_0064.jpg 1 11 8 64 64
0091_0027_0014_0068_0068.jpg 1 27 14 68 68
0092_0048_0050_0030_0030.jpg 1 48 50 30 30
0093_0050_0051_0031_0031.jpg 1 50 51 31 31
0094_0027_0027_0050_0050.jpg 1 27 27 50 50
0095_0022_0020_0056_0056.jpg 1 22 20 56 56
0096_0017_0032_0031_0031.jpg 1 17 32 31 31
0097_0052_0016_0035_0035.jpg 1 52 16 35 35
0098_0025_0039_0039_0039.jpg 1 25 39 39 39
0099_0025_0022_0034_0034.jpg 1 25 22 34 34
0100_0030_0006_0058_0058.jpg 1 30 6 58 58
0101_0021_0037_0028_0028.jpg 1 21 37 28 28
0102_0025_0053_0026_0026.jpg 1 25 53 26 26
0103_0051_0015_0042_0042.jpg 1 51 15 42 42
0104_0056_0059_0032_0032.jpg 1 56 59 32 32
0105_0045_0012_0047_0047.jpg 1 45 12 47 47
0106_0038_0025_0050_0050.jpg 1 38 25 50 50
0107_0042_0018_0047_0047.jpg 1 42 18 47 47
0108_0026_0023_0061_0061.jpg 1 26 23 61 61
0109_0042_0027_0041_0041.jpg 1 42 27 41 41
0110_0005_0011_0043_0043.jpg 1 5 11 43 43
0111_0017_0025_0055_0055.jpg 1 17 25 55 55
0112_0021_0021_0024_0024.jpg 1 21 21 24 24
0113_0022_0044_0041_0041.jpg 1 22 44 41 41
0114_0022_0020_0062_0062.jpg 1 22 20 62 62
0115_0017_0013_0066_0066.jpg 1 17 13 66 66
0116_0021_0036_0036_0036.jpg 1 21 36 36 36
0117_0018_0014_0062_0062.jpg 1 18 14 62 62
0118_0018_0036_0059_0059.jpg 1 18 36 59 59
0119_0045_0009_0045_0045.jpg 1 45 9 45 45
0120_0019_0020_0029_0029.jpg 1 19 20 29 29
0121_0029_0005_0065_0065.jpg 1 29 5 65 65
0122_0029_0035_0060_0060.jpg 1 29 35 60 60
0123_0016_0047_0045_0045.jpg 1 16 47 45 45
0124_0015_0016_0046_0046.jpg 1 15 16 46 46
0125_0056_0012_0025_0025.jpg 1 56 12 25 25
0126_0019_0024_0055_0055.jpg 1 19 24 55 55
0127_0018_0035_0032_0032.jpg 1 18 35 32 32
0128_0014_0014_0069_0069.jpg 1 14 14 69 69
0129_0015_0032_0034_0034.jpg 1 15 32 34 34
0130_0022_0029_0061_0061.jpg 1 22 29 61 61
0131_0045_0016_0025_0025.jpg 1 45 16 25 25
0132_0018_0021_0028_0028.jpg 1 18 21 28 28
0133_0028_0027_0067_0067.jpg 1 28 27 67 67
0134_0033_0026_0055_0055.jpg 1 33 26 55 55
0135_0010_0051_0040_0040.jpg 1 10 51 40 40
0136_0020_0012_0042_0042.jpg 1 20 12 42 42
0137_0033_0028_0060_0060.jpg 1 33 28 60 60
0138_0026_0032_0033_0033.jpg 1 26 32 33 33
0139_0015_0032_0049_0049.jpg 1 15 32 49 49
0140_0022_0017_0066_0066.jpg 1 22 17 66 66
0141_0008_0007_0040_0040.jpg 1 8 7 40 40
0142_0016_0005_0068_0068.jpg 1 16 5 68 68
0143_0025_0046_0040_0040.jpg 1 25 46 40 40
0144_0038_0031_0052_0052.jpg 1 38 31 52 52
0145_0025_0016_0044_0044.jpg 1 25 16 44 44
0146_0023_0018_0031_0031.jpg 1 23 18 31 31
0147_0048_0014_0041_0041.jpg 1 48 14 41 41
0148_0006_0007_0068_0068.jpg 1 6 7 68 68
0149_0017_0032_0031_0031.jpg 1 17 32 31 31
0150_0038_0008_0053_0053.jpg 1 38 8 53 53
0151_0015_0035_0038_0038.jpg 1 15 35 38 38
0152_0013_0040_0031_0031.jpg 1 13 40 31 31
0153_0036_0046_0037_0037.jpg 1 36 46 37 37
0154_0030_0009_0049_0049.jpg 1 30 9 49 49
0155_0009_0006_0065_0065.jpg 1 9 6 65 65
0156_0037_0011_0054_0054.jpg 1 37 11 54 54
0157_0039_0036_0034_0034.jpg 1 39 36 34 34
0158_0009_0007_0039_0039.jpg 1 9 7 39 39
0159_0026_0006_0060_0060.jpg 1 26 6 60 60
0160_0011_0037_0027_0027.jpg 1 11 37 27 27
0161_0019_0047_0040_0040.jpg 1 19 47 40 40
0162_0012_0023_0058_0058.jpg 1 12 23 58 58
0163_0055_0011_0024_0024.jpg 1 55 11 24 24
0164_0035_0054_0037_0037.jpg 1 35 54 37 37
0165_0009_0006_0059_0059.jpg 1 9 6 59 59
0166_0027_0032_0052_0052.jpg 1 27 32 52 52
0167_0012_0024_0067_0067.jpg 1 12 24 67 67
0168_0031_0018_0045_0045.jpg 1 31 18 45 45
0169_0022_0006_0055_0055.jpg 1 22 6 55 55
0170_0017_0032_0041_0041.jpg 1 17 32 41 41
0171_0042_0023_0047_0047.jpg 1 42 23 47 47
0172_0025_0003_0069_0069.jpg 1 25 3 69 69
0173_0054_0018_0031_0031.jpg 1 54 18 31 31
0174_0048_0029_0024_0024.jpg 1 48 29 24 24
0175_0021_0020_0031_0031.jpg 1 21 20 31 31
0176_0033_0021_0053_0053.jpg 1 33 21 53 53
0177_0024_0025_0069_0069.jpg 1 24 25 69 69
0178_0023_0034_0038_0038.jpg 1 23 34 38 38
0179_0034_0036_0056_0056.jpg 1 34 36 56 56
0180_0025_0011_0029_0029.jpg 1 25 11 29 29
0181_0063_0024_0026_0026.jpg 1 63 24 26 26
0182_0009_0015_0031_0031.jpg 1 9 15 31 31
0183_0017_0044_0045_0045.jpg 1 17 44 45 45
0184_0012_0008_0044_0044.jpg 1 12 8 44 44
0185_0010_0015_0068_0068.jpg 1 10 15 68 68
0186_0041_0018_0044_0044.jpg 1 41 18 44 44
0187_0047_0049_0043_0043.jpg 1 47 49 43 43
0188_0049_0038_0024_0024.jpg 1 49 38 24 24
0189_0042_0037_0027_0027.jpg 1 42 37 27 27
0190_0010_0016_0063_0063.jpg 1 10 16 63 63
0191_0039_0042_0051_0051.jpg 1 39 42 51 51
0192_0042_0033_0034_0034.jpg 1 42 33 34 34
0193_0011_0051_0030_0030.jpg 1 11 51 30 30
0194_0036_0015_0055_0055.jpg 1 36 15 55 55
0195_0046_0022_0024_0024.jpg 1 46 22 24 24
0196_0026_0034_0049_0049.jpg 1 26 34 49 49
0197_0017_0040_0043_0043.jpg 1 17 40 43 43
0198_0060_0032_0028_0028.jpg 1 60 32 28 28
0199_0008_0059_0028_0028.jpg 1 8 59 28 28
0200_0008_0006_0039_0039.jpg 1 8 6 39 39
0201_0012_0010_0069_0069.jpg 1 12 10 69 69
0202_0035_0040_0054_0054.jpg 1 35 40 54 54
0203_0034_0032_0056_0056.jpg 1 34 32 56 56
0204_0032_0026_0062_0062.jpg 1 32 26 62 62
0205_0024_0018_0035_0035.jpg 1 24 18 35 35
0206_0009_0038_0052_0052.jpg 1 9 38 52 52
0207_0035_0030_0059_0059.jpg 1 35 30 59 59
0208_0016_0007_0062_0062.jpg 1 16 7 62 62
0209_0017_0032_0056_0056.jpg 1 17 32 56 56
0210_0026_0014_0037_0037.jpg 1 26 14 37 37
0211_0028_0040_0030_0030.jpg 1 28 40 30 30
0212_0030_0007_0063_0063.jpg 1 30 7 63 63
0213_0044_0058_0026_0026.jpg 1 44 58 26 26
0214_0044_0030_0040_0040.jpg 1 44 30 40 40
0215_0021_0039_0031_0031.jpg 1 21 39 31 31
0216_0026_0008_0033_0033.jpg 1 26 8 33 33
0217_0013_0016_0050_0050.jpg 1 13 16 50 50
0218_0027_0024_0063_0063.jpg 1 27 24 63 63
0219_0060_0023_0027_0027.jpg 1 60 23 27 27
0220_0011_0053_0036_0036.jpg 1 11 53 36 36
0221_0009_0033_0054_0054.jpg 1 9 33 54 54
0222_0031_0012_0037_0037.jpg 1 31 12 37 37
0223_0006_0010_0048_0048.jpg 1 6 10 48 48
0224_0014_0022_0062_0062.jpg 1 14 22 62 62
0225_0011_0052_0030_0030.jpg 1 11 52 30 30
0226_0045_0024_0047_0047.jpg 1 45 24 47 47
0227_0051_0048_0024_0024.jpg 1 51 48 24 24
0228_0010_0031_0065_0065.jpg 1 10 31 65 65
0229_0035_0042_0034_0034.jpg 1 35 42 34 34
0230_0052_0026_0026_0026.jpg 1 52 26 26 26
0231_0020_0007_0049_0049.jpg 1 20 7 49 49
0232_0039_0011_0038_0038.jpg 1 39 11 38 38
0233_0010_0031_0025_0025.jpg 1 10 31 25 25
0234_0020_0061_0031_0031.jpg 1 20 61 31 31
0235_0009_0020_0038_0038.jpg 1 9 20 38 38
0236_0021_0008_0058_0058.jpg 1 21 8 58 58
0237_0031_0023_0043_0043.jpg 1 31 23 43 43
0238_0033_0021_0051_0051.jpg 1 33 21 51 51
0239_0028_0054_0032_0032.jpg 1 28 54 32 32
0240_0023_0033_0049_0049.jpg 1 23 33 49 49
0241_0038_0041_0029_0029.jpg 1 38 41 29 29
0242_0010_0024_0061_0061.jpg 1 10 24 61 61
0243_0051_0049_0029_0029.jpg 1 51 49 29 29
0244_0012_0030_0054_0054.jpg 1 12 30 54 54
0245_0032_0031_0048_0048.jpg 1 32 31 48 48
0246_0058_0042_0025_0025.jpg 1 58 42 25 25
0247_0007_0015_0067_0067.jpg 1 7 15 67 67
0248_0030_0014_0029_0029.jpg 1 30 14 29 29
0249_0012_0022_0054_0054.jpg 1 12 22 54 54
0250_0015_0044_0038_0038.jpg 1 15 44 38 38
0251_0007_0008_0063_0063.jpg 1 7 8 63 63
0252_0038_0041_0027_0027.jpg 1 38 41 27 27
0253_0056_0039_0036_0036.jpg 1 56 39 36 36
0254_0011_0031_0059_0059.jpg 1 11 31 59 59
0255_0014_0028_0034_0034.jpg 1 14 28 34 34
0256_0031_0013_0054_0054.jpg 1 31 13 54 54
0257_0008_0009_0039_0039.jpg 1 8 9 39 39
0258_0028_0003_0068_0068.jpg 1 28 3 68 68
0259_0018_0018_0061_0061.jpg 1 18 18 61 61
0260_0003_0029_0061_0061.jpg 1 3 29 61 61
0261_0046_0043_0038_0038.jpg 1 46 43 38 38
0262_0040_0063_0027_0027.jpg 1 40 63 27 27
0263_0007_0033_0050_0050.jpg 1 7 33 50 50
0264_0036_0019_0036_0036.jpg 1 36 19 36 36
0265_0042_0026_0048_0048.jpg 1 42 26 48 48
0266_0020_0011_0032_0032.jpg 1 20 11 32 32
0267_0015_0025_0024_0024.jpg 1 15 25 24 24
0268_0031_0012_0048_0048.jpg 1 31 12 48 48
0269_0029_0021_0066_0066.jpg 1 29 21 66 66
0270_0057_0019_0029_0029.jpg 1 57 19 29 29
0271_0016_0010_0068_0068.jpg 1 16 10 68 68
0272_0026_0030_0051_0051.jpg 1 26 30 51 51
0273_0053_0011_0028_0028.jpg 1 53 11 28 28
0274_0048_0020_0027_0027.jpg 1 48 20 27 27
0275_0026_0037_0050_0050.jpg 1 26 37 50 50
0276_0064_0026_0028_0028.jpg 1 64 26 28 28
0277_0056_0047_0034_0034.jpg 1 56 47 34 34
0278_0048_0021_0046_0046.jpg 1 48 21 46 46
0279_0021_0016_0068_0068.jpg 1 21 16 68 68
0280_0059_0055_0033_0033.jpg 1 59 55 33 33
0281_0019_0018_0066_0066.jpg 1 19 18 66 66
0282_0015_0041_0053_0053.jpg 1 15 41 53 53
0283_0008_0008_0055_0055.jpg 1 8 8 55 55
0284_0023_0037_0027_0027.jpg 1 23 37 27 27
0285_0014_0014_0069_0069.jpg 1 14 14 69 69
0286_0043_0021_0032_0032.jpg 1 43 21 32 32
0287_0028_0021_0056_0056.jpg 1 28 21 56 56
0288_0022_0017_0031_0031.jpg 1 22 17 31 31
0289_0036_0012_0056_0056.jpg 1 36 12 56 56
0290_0009_0030_0065_0065.jpg 1 9 30 65 65
0291_0006_0011_0059_0059.jpg 1 6 11 59 59
0292_0022_0016_0025_0025.jpg 1 22 16 25 25
0293_0019_0045_0042_0042.jpg 1 19 45 42 42
0294_0021_0045_0033_0033.jpg 1 21 45 33 33
0295_0025_0011_0069_0069.jpg 1 25 11 69 69
0296_0035_0030_0042_0042.jpg 1 35 30 42 42
0297_0027_0012_0043_0043.jpg 1 27 12 43 43
0298_0017_0025_0067_0067.jpg 1 17 25 67 67
0299_0015_0014_0060_0060.jpg 1 15 14 60 60
0300_0021_0027_0065_0065.jpg 1 21 27 65 65
0301_0009_0006_0063_0063.jpg 1 9 6 63 63
0302_0024_0044_0045_0045.jpg 1 24 44 45 45
0303_0036_0040_0052_0052.jpg 1 36 40 52 52
0304_0047_0009_0029_0029.jpg 1 47 9 29 29
0305_0025_0016_0068_0068.jpg 1 25 16 68 68
0306_0024_0017_0032_0032.jpg 1 24 17 32 32
0307_0028_0050_0031_0031.jpg 1 28 50 31 31
0308_0033_0053_0029_0029.jpg 1 33 53 29 29
0309_0016_0020_0059_0059.jpg 1 16 20 59 59
0310_0020_0010_0045_0045.jpg 1 20 10 45 45
0311_0031_0021_0061_0061.jpg 1 31 21 61 61
0312_0017_0033_0034_0034.jpg 1 17 33 34 34
0313_0014_0006_0063_0063.jpg 1 14 6 63 63
0314_0024_0013_0033_0033.jpg 1 24 13 33 33
0315_0009_0021_0043_0043.jpg 1 9 21 43 43
0316_0054_0016_0038_0038.jpg 1 54 16 38 38
0317_0005_0032_0063_0063.jpg 1 5 32 63 63
0318_0013_0007_0060_0060.jpg 1 13 7 60 60
0319_0027_0007_0065_0065.jpg 1 27 7 65 65
0320_0012_0036_0055_0055.jpg 1 12 36 55 55
0321_0013_0011_0060_0060.jpg 1 13 11 60 60
0322_0027_0019_0059_0059.jpg 1 27 19 59 59
0323_0022_0035_0031_0031.jpg 1 22 35 31 31
0324_0013_0018_0048_0048.jpg 1 13 18 48 48
0325_0020_0013_0035_0035.jpg 1 20 13 35 35
0326_0061_0048_0030_0030.jpg 1 61 48 30 30
0327_0008_0011_0048_0048.jpg 1 8 11 48 48
0328_0015_0043_0046_0046.jpg 1 15 43 46 46
0329_0015_0022_0066_0066.jpg 1 15 22 66 66
0330_0008_0031_0063_0063.jpg 1 8 31 63 63
0331_0035_0011_0047_0047.jpg 1 35 11 47 47
0332_0041_0039_0037_0037.jpg 1 41 39 37 37
0333_0010_0015_0064_0064.jpg 1 10 15 64 64
0334_0016_0027_0046_0046.jpg 1 16 27 46 46
0335_0007_0013_0067_0067.jpg 1 7 13 67 67
0336_0020_0022_0046_0046.jpg 1 20 22 46 46
0337_0011_0029_0048_0048.jpg 1 11 29 48 48
0338_0044_0044_0048_0048.jpg 1 44 44 48 48
0339_0051_0028_0037_0037.jpg 1 51 28 37 37
0340_0013_0007_0067_0067.jpg 1 13 7 67 67
0341_0028_0004_0067_0067.jpg 1 28 4 67 67
0342_0027_0041_0054_0054.jpg 1 27 41 54 54
0343_0031_0009_0047_0047.jpg 1 31 9 47 47
0344_0021_0038_0040_0040.jpg 1 21 38 40 40
0345_0018_0028_0063_0063.jpg 1 18 28 63 63
0346_0014_0011_0044_0044.jpg 1 14 11 44 44
0347_0043_0025_0043_0043.jpg 1 43 25 43 43
0348_0052_0027_0032_0032.jpg 1 52 27 32 32
0349_0014_0051_0025_0025.jpg 1 14 51 25 25
0350_0056_0040_0030_0030.jpg 1 56 40 30 30
0351_0006_0032_0043_0043.jpg 1 6 32 43 43
0352_0014_0038_0051_0051.jpg 1 14 38 51 51
0353_0037_0010_0049_0049.jpg 1 37 10 49 49
0354_0018_0028_0036_0036.jpg 1 18 28 36 36
0355_0026_0016_0042_0042.jpg 1 26 16 42 42
0356_0030_0011_0063_0063.jpg 1 30 11 63 63
0357_0023_0013_0054_0054.jpg 1 23 13 54 54
0358_0006_0010_0069_0069.jpg 1 6 10 69 69
0359_0005_0013_0068_0068.jpg 1 5 13 68 68
0360_0026_0013_0060_0060.jpg 1 26 13 60 60
0361_0047_0030_0026_0026.jpg 1 47 30 26 26
0362_0015_0031_0048_0048.jpg 1 15 31 48 48
0363_0034_0020_0038_0038.jpg 1 34 20 38 38
0364_0024_0031_0050_0050.jpg 1 24 31 50 50
0365_0037_0023_0043_0043.jpg 1 37 23 43 43
0366_0055_0051_0031_0031.jpg 1 55 51 31 31
0367_0030_0051_0039_0039.jpg 1 30 51 39 39
0368_0027_0031_0052_0052.jpg 1 27 31 52 52
0369_0055_0043_0035_0035.jpg 1 55 43 35 35
0370_0006_0018_0036_0036.jpg 1 6 18 36 36
0371_0014_0017_0066_0066.jpg 1 14 17 66 66
0372_0032_0014_0031_0031.jpg 1 32 14 31 31
0373_0022_0012_0066_0066.jpg 1 22 12 66 66
0374_0023_0047_0040_0040.jpg 1 23 47 40 40
0375_0023_0046_0028_0028.jpg 1 23 46 28 28
0376_0019_0041_0025_0025.jpg 1 19 41 25 25
0377_0024_0020_0067_0067.jpg 1 24 20 67 67
0378_0007_0011_0045_0045.jpg 1 7 11 45 45
0379_0007_0033_0058_0058.jpg 1 7 33 58 58
0380_0041_0008_0024_0024.jpg 1 41 8 24 24
0381_0028_0027_0066_0066.jpg 1 28 27 66 66
0382_0060_0040_0028_0028.jpg 1 60 40 28 28
0383_0016_0040_0045_0045.jpg 1 16 40 45 45
0384_0023_0032_0042_0042.jpg 1 23 32 42 42
0385_0038_0040_0052_0052.jpg 1 38 40 52 52
0386_0026_0013_0040_0040.jpg 1 26 13 40 40
0387_0041_0037_0045_0045.jpg 1 41 37 45 45
0388_0019_0010_0050_0050.jpg 1 19 10 50 50
0389_0013_0011_0042_0042.jpg 1 13 11 42 42
0390_0050_0014_0041_0041.jpg 1 50 14 41 41
0391_0037_0037_0046_0046.jpg 1 37 37 46 46
0392_0029_0034_0057_0057.jpg 1 29 34 57 57
0393_0039_0035_0032_0032.jpg 1 39 35 32 32
0394_0008_0005_0065_0065.jpg 1 8 5 65 65
0395_0046_0015_0035_0035.jpg 1 46 15 35 35
0396_0047_0017_0031_0031.jpg 1 47 17 31 31
0397_0026_0026_0055_0055.jpg 1 26 26 55 55
0398_0019_0029_0061_0061.jpg 1 19 29 61 61
0399_0057_0015_0035_0035.jpg 1 57 15 35 35
0400_0030_0035_0040_0040.jpg 1 30 35 40 40
0401_0053_0054_0038_0038.jpg 1 53 54 38 38
0402_0050_0055_0034_0034.jpg 1 50 55 34 34
0403_0020_0025_0068_0068.jpg 1 20 25 68 68
0404_0029_0031_0052_0052.jpg 1 29 31 52 52
0405_0013_0018_0064_0064.jpg 1 13 18 64 64
0406_0048_0017_0026_0026.jpg 1 48 17 26 26
0407_0034_0024_0053_0053.jpg 1 34 24 53 53
0408_0032_0030_0048_0048.jpg 1 32 30 48 48
0409_0012_0047_0043_0043.jpg 1 12 47 43 43
0410_0027_0005_0059_0059.jpg 1 27 5 59 59
0411_0029_0012_0058_0058.jpg 1 29 12 58 58
0412_0017_0010_0063_0063.jpg 1 17 10 63 63
0413_0051_0032_0037_0037.jpg 1 51 32 37 37
0414_0024_0010_0030_0030.jpg 1 24 10 30 30
0415_0061_0037_0027_0027.jpg 1 61 37 27 27
0416_0013_0028_0063_0063.jpg 1 13 28 63 63
0417_0022_0010_0063_0063.jpg 1 22 10 63 63
0418_0027_0040_0031_0031.jpg 1 27 40 31 31
0419_0023_0014_0068_0068.jpg 1 23 14 68 68
0420_0036_0011_0054_0054.jpg 1 36 11 54 54
0421_0047_0028_0034_0034.jpg 1 47 28 34 34
0422_0035_0043_0035_0035.jpg 1 35 43 35 35
0423_0005_0020_0054_0054.jpg 1 5 20 54 54
0424_0033_0041_0031_0031.jpg 1 33 41 31 31
0425_0036_0032_0036_0036.jpg 1 36 32 36 36
0426_0025_0023_0056_0056.jpg 1 25 23 56 56
0427_0061_0011_0024_0024.jpg 1 61 11 24 24
0428_0012_0019_0031_0031.jpg 1 12 19 31 31
0429_0040_0016_0045_0045.jpg 1 40 16 45 45
0430_0004_0015_0066_0066.jpg 1 4 15 66 66
0431_0027_0003_0066_0066.jpg 1 27 3 66 66
0432_0032_0012_0050_0050.jpg 1 32 12 50 50
0433_0025_0010_0053_0053.jpg 1 25 10 53 53
0434_0005_0017_0068_0068.jpg 1 5 17 68 68
0435_0042_0018_0048_0048.jpg 1 42 18 48 48
0436_0031_0014_0060_0060.jpg 1 31 14 60 60
0437_0016_0042_0048_0048.jpg 1 16 42 48 48
0438_0024_0010_0067_0067.jpg 1 24 10 67 67
0439_0031_0028_0054_0054.jpg 1 31 28 54 54
0440_0019_0029_0037_0037.jpg 1 19 29 37 37
0441_0040_0041_0040_0040.jpg 1 40 41 40 40
0442_0036_0009_0031_0031.jpg 1 36 9 31 31
0443_0015_0056_0029_0029.jpg 1 15 56 29 29
0444_0016_0008_0062_0062.jpg 1 16 8 62 62
0445_0037_0017_0024_0024.jpg 1 37 17 24 24
0446_0032_0019_0064_0064.jpg 1 32 19 64 64
0447_0010_0045_0049_0049.jpg 1 10 45 49 49
0448_0052_0024_0037_0037.jpg 1 52 24 37 37
0449_0021_0026_0069_0069.jpg 1 21 26 69 69
0450_0027_0021_0054_0054.jpg 1 27 21 54 54
0451_0020_0015_0054_0054.jpg 1 20 15 54 54
0452_0011_0020_0065_0065.jpg 1 11 20 65 65
0453_0009_0032_0024_0024.jpg 1 9 32 24 24
0454_0027_0004_0061_0061.jpg 1 27 4 61 61
0455_0021_0023_0024_0024.jpg 1 21 23 24 24
0456_0012_0008_0040_0040.jpg 1 12 8 40 40
0457_0006_0022_0064_0064.jpg 1 6 22 64 64
0458_0042_0013_0028_0028.jpg 1 42 13 28 28
0459_0018_0065_0024_0024.jpg 1 18 65 24 24
0460_0025_0013_0069_0069.jpg 1 25 13 69 69
0461_0008_0043_0051_0051.jpg 1 8 43 51 51
0462_0027_0019_0069_0069.jpg 1 27 19 69 69
0463_0015_0026_0062_0062.jpg 1 15 26 62 62
0464_0011_0011_0041_0041.jpg 1 11 11 41 41
0465_0023_0024_0049_0049.jpg 1 23 24 49 49
0466_0040_0009_0053_0053.jpg 1 40 9 53 53
0467_0014_0010_0066_0066.jpg 1 14 10 66 66
0468_0032_0005_0060_0060.jpg 1 32 5 60 60
0469_0044_0034_0034_0034.jpg 1 44 34 34 34
0470_0006_0006_0066_0066.jpg 1 6 6 66 66
0471_0026_0033_0052_0052.jpg 1 26 33 52 52
0472_0032_0032_0043_0043.jpg 1 32 32 43 43
0473_0045_0029_0035_0035.jpg 1 45 29 35 35
0474_0043_0050_0033_0033.jpg 1 43 50 33 33
0475_0025_0046_0036_0036.jpg 1 25 46 36 36
0476_0035_0021_0052_0052.jpg 1 35 21 52 52
0477_0028_0030_0058_0058.jpg 1 28 30 58 58
0478_0020_0029_0058_0058.jpg 1 20 29 58 58
0479_0027_0019_0054_0054.jpg 1 27 19 54 54
0480_0047_0027_0037_0037.jpg 1 47 27 37 37
0481_0006_0041_0038_0038.jpg 1 6 41 38 38
0482_0006_0017_0054_0054.jpg 1 6 17 54 54
0483_0010_0015_0052_0052.jpg 1 10 15 52 52
0484_0021_0005_0060_0060.jpg 1 21 5 60 60
0485_0019_0025_0052_0052.jpg 1 19 25 52 52
0486_0017_0045_0035_0035.jpg 1 17 45 35 35
0487_0023_0008_0062_0062.jpg 1 23 8 62 62
0488_0019_0025_0026_0026.jpg 1 19 25 26 26
0489_0008_0052_0032_0032.jpg 1 8 52 32 32
0490_0013_0012_0058_0058.jpg 1 13 12 58 58
0491_0021_0033_0054_0054.jpg 1 21 33 54 54
0492_0040_0049_0043_0043.jpg 1 40 49 43 43
0493_0047_0055_0031_0031.jpg 1 47 55 31 31
0494_0019_0011_0055_0055.jpg 1 19 11 55 55
0495_0049_0035_0024_0024.jpg 1 49 35 24 24
0496_0026_0041_0052_0052.jpg 1 26 41 52 52
0497_0010_0016_0045_0045.jpg 1 10 16 45 45
0498_0022_0004_0065_0065.jpg 1 22 4 65 65
0499_0034_0045_0035_0035.jpg 1 34 45 35 35
0500_0018_0031_0045_0045.jpg 1 18 31 45 45
0501_0009_0032_0063_0063.jpg 1 9 32 63 63
0502_0041_0023_0052_0052.jpg 1 41 23 52 52
0503_0017_0006_0061_0061.jpg 1 17 6 61 61
0504_0009_0034_0024_0024.jpg 1 9 34 24 24
0505_0022_0061_0024_0024.jpg 1 22 61 24 24
0506_0029_0052_0036_0036.jpg 1 29 52 36 36
0507_0025_0037_0032_0032.jpg 1 25 37 32 32
0508_0005_0038_0044_0044.jpg 1 5 38 44 44
0509_0049_0030_0042_0042.jpg 1 49 30 42 42
0510_0005_0010_0060_0060.jpg 1 5 10 60 60
0511_0047_0008_0039_0039.jpg 1 47 8 39 39
0512_0052_0055_0025_0025.jpg 1 52 55 25 25
0513_0059_0058_0025_0025.jpg 1 59 58 25 25
0514_0017_0031_0038_0038.jpg 1 17 31 38 38
0515_0026_0008_0056_0056.jpg 1 26 8 56 56
0516_0048_0045_0043_0043.jpg 1 48 45 43 43
0517_0028_0041_0043_0043.jpg 1 28 41 43 43
0518_0023_0029_0059_0059.jpg 1 23 29 59 59
0519_0040_0008_0053_0053.jpg 1 40 8 53 53
0520_0011_0011_0040_0040.jpg 1 11 11 40 40
0521_0038_0022_0052_0052.jpg 1 38 22 52 52
0522_0009_0005_0058_0058.jpg 1 9 5 58 58
0523_0014_0030_0049_0049.jpg 1 14 30 49 49
0524_0040_0010_0037_0037.jpg 1 40 10 37 37
0525_0008_0043_0037_0037.jpg 1 8 43 37 37
0526_0049_0013_0044_0044.jpg 1 49 13 44 44
0527_0010_0027_0046_0046.jpg 1 10 27 46 46
0528_0006_0010_0042_0042.jpg 1 6 10 42 42
0529_0019_0031_0061_0061.jpg 1 19 31 61 61
0530_0010_0051_0042_0042.jpg 1 10 51 42 42
0531_0005_0029_0051_0051.jpg 1 5 29 51 51
0532_0014_0041_0026_0026.jpg 1 14 41 26 26
0533_0029_0054_0036_0036.jpg 1 29 54 36 36
0534_0032_0032_0046_0046.jpg 1 32 32 46 46
0535_0012_0032_0035_0035.jpg 1 12 32 35 35
0536_0009_0018_0027_0027.jpg 1 9 18 27 27
0537_0009_0063_0029_0029.jpg 1 9 63 29 29
0538_0021_0031_0062_0062.jpg 1 21 31 62 62
0539_0024_0034_0056_0056.jpg 1 24 34 56 56
0540_0025_0022_0051_0051.jpg 1 25 22 51 51
0541_0023_0015_0061_0061.jpg 1 23 15 61 61
0542_0009_0049_0030_0030.jpg 1 9 49 30 30
0543_0048_0014_0044_0044.jpg 1 48 14 44 44
0544_0057_0062_0028_0028.jpg 1 57 62 28 28
0545_0061_0028_0030_0030.jpg 1 61 28 30 30
0546_0026_0055_0032_0032.jpg 1 26 55 32 32
0547_0054_0042_0029_0029.jpg 1 54 42 29 29
0548_0011_0031_0036_0036.jpg 1 11 31 36 36
0549_0018_0023_0024_0024.jpg 1 18 23 24 24
0550_0015_0056_0031_0031.jpg 1 15 56 31 31
0551_0021_0008_0066_0066.jpg 1 21 8 66 66
0552_0010_0046_0040_0040.jpg 1 10 46 40 40
0553_0022_0005_0062_0062.jpg 1 22 5 62 62
0554_0016_0009_0059_0059.jpg 1 16 9 59 59
0555_0027_0029_0045_0045.jpg 1 27 29 45 45
0556_0009_0006_0059_0059.jpg 1 9 6 59 59
0557_0056_0012_0030_0030.jpg 1 56 12 30 30
0558_0014_0039_0055_0055.jpg 1 14 39 55 55
0559_0030_0051_0038_0038.jpg 1 30 51 38 38
0560_0006_0039_0048_0048.jpg 1 6 39 48 48
0561_0005_0015_0069_0069.jpg 1 5 15 69 69
0562_0026_0015_0046_0046.jpg 1 26 15 46 46
0563_0027_0014_0048_0048.jpg 1 27 14 48 48
0564_0019_0016_0069_0069.jpg 1 19 16 69 69
0565_0016_0012_0063_0063.jpg 1 16 12 63 63
0566_0008_0021_0034_0034.jpg 1 8 21 34 34
0567_0046_0017_0044_0044.jpg 1 46 17 44 44
0568_0035_0039_0033_0033.jpg 1 35 39 33 33
0569_0013_0021_0058_0058.jpg 1 13 21 58 58
0570_0015_0051_0033_0033.jpg 1 15 51 33 33
0571_0026_0022_0063_0063.jpg 1 26 22 63 63
0572_0018_0015_0048_0048.jpg 1 18 15 48 48
0573_0051_0050_0027_0027.jpg 1 51 50 27 27
0574_0027_0039_0033_0033.jpg 1 27 39 33 33
0575_0052_0021_0031_0031.jpg 1 52 21 31 31
0576_0013_0035_0049_0049.jpg 1 13 35 49 49
0577_0029_0037_0052_0052.jpg 1 29 37 52 52
0578_0005_0025_0067_0067.jpg 1 5 25 67 67
0579_0017_0041_0041_0041.jpg 1 17 41 41 41
0580_0015_0016_0065_0065.jpg 1 15 16 65 65
0581_0020_0020_0065_0065.jpg 1 20 20 65 65
0582_0029_0014_0037_0037.jpg 1 29 14 37 37
0583_0018_0015_0067_0067.jpg 1 18 15 67 67
0584_0007_0008_0068_0068.jpg 1 7 8 68 68
0585_0027_0060_0026_0026.jpg 1 27 60 26 26
0586_0019_0018_0060_0060.jpg 1 19 18 60 60
0587_0006_0028_0043_0043.jpg 1 6 28 43 43
0588_0026_0027_0042_0042.jpg 1 26 27 42 42
0589_0011_0028_0062_0062.jpg 1 11 28 62 62
0590_0037_0036_0036_0036.jpg 1 37 36 36 36
0591_0024_0027_0067_0067.jpg 1 24 27 67 67
0592_0004_0019_0068_0068.jpg 1 4 19 68 68
0593_0055_0051_0036_0036.jpg 1 55 51 36 36
0594_0044_0016_0049_0049.jpg 1 44 16 49 49
0595_0022_0028_0034_0034.jpg 1 22 28 34 34
0596_0026_0025_0068_0068.jpg 1 26 25 68 68
0597_0030_0033_0061_0061.jpg 1 30 33 61 61
0598_0041_0005_0050_0050.jpg 1 41 5 50 50
0599_0016_0014_0065_0065.jpg 1 16 14 65 65
0600_0032_0021_0039_0039.jpg 1 32 21 39 39
0601_0008_0027_0044_0044.jpg 1 8 27 44 44
0602_0024_0032_0036_0036.jpg 1 24 32 36 36
0603_0022_0024_0058_0058.jpg 1 22 24 58 58
0604_0019_0019_0054_0054.jpg 1 19 19 54 54
0605_0008_0037_0040_0040.jpg 1 8 37 40 40
0606_0021_0013_0038_0038.jpg 1 21 13 38 38
0607_0008_0025_0043_0043.jpg 1 8 25 43 43
0608_0034_0006_0039_0039.jpg 1 34 6 39 39
0609_0021_0042_0050_0050.jpg 1 21 42 50 50
0610_0019_0040_0052_0052.jpg 1 19 40 52 52
0611_0026_0037_0040_0040.jpg 1 26 37 40 40
0612_0010_0015_0065_0065.jpg 1 10 15 65 65
0613_0013_0036_0059_0059.jpg 1 13 36 59 59
0614_0061_0008_0028_0028.jpg 1 61 8 28 28
0615_0027_0007_0068_0068.jpg 1 27 7 68 68
0616_0004_0023_0068_0068.jpg 1 4 23 68 68
0617_0048_0038_0036_0036.jpg 1 48 38 36 36
0618_0009_0015_0062_0062.jpg 1 9 15 62 62
0619_0010_0011_0059_0059.jpg 1 10 11 59 59
0620_0024_0019_0055_0055.jpg 1 24 19 55 55
0621_0057_0018_0027_0027.jpg 1 57 18 27 27
0622_0029_0003_0063_0063.jpg 1 29 3 63 63
0623_0015_0030_0056_0056.jpg 1 15 30 56 56
0624_0020_0010_0036_0036.jpg 1 20 10 36 36
0625_0027_0017_0037_0037.jpg 1 27 17 37 37
0626_0008_0029_0061_0061.jpg 1 8 29 61 61
0627_0018_0055_0030_0030.jpg 1 18 55 30 30
0628_0022_0027_0065_0065.jpg 1 22 27 65 65
0629_0049_0031_0034_0034.jpg 1 49 31 34 34
0630_0042_0039_0033_0033.jpg 1 42 39 33 33
0631_0041_0040_0029_0029.jpg 1 41 40 29 29
0632_0024_0005_0044_0044.jpg 1 24 5 44 44
0633_0013_0032_0038_0038.jpg 1 13 32 38 38
0634_0037_0030_0058_0058.jpg 1 37 30 58 58
0635_0053_0018_0039_0039.jpg 1 53 18 39 39
0636_0017_0025_0026_0026.jpg 1 17 25 26 26
0637_0028_0057_0033_0033.jpg 1 28 57 33 33
0638_0014_0025_0065_0065.jpg 1 14 25 65 65
0639_0012_0044_0050_0050.jpg 1 12 44 50 50
0640_0008_0009_0055_0055.jpg 1 8 9 55 55
0641_0013_0007_0058_0058.jpg 1 13 7 58 58
0642_0017_0041_0037_0037.jpg 1 17 41 37 37
0643_0045_0027_0043_0043.jpg 1 45 27 43 43
0644_0027_0010_0031_0031.jpg 1 27 10 31 31
0645_0031_0032_0055_0055.jpg 1 31 32 55 55
0646_0009_0007_0065_0065.jpg 1 9 7 65 65
0647_0006_0008_0039_0039.jpg 1 6 8 39 39
0648_0017_0054_0029_0029.jpg 1 17 54 29 29
0649_0018_0033_0056_0056.jpg 1 18 33 56 56
0650_0046_0007_0048_0048.jpg 1 46 7 48 48
0651_0020_0035_0045_0045.jpg 1 20 35 45 45
0652_0041_0063_0026_0026.jpg 1 41 63 26 26
0653_0017_0036_0055_0055.jpg 1 17 36 55 55
0654_0018_0015_0059_0059.jpg 1 18 15 59 59
0655_0046_0008_0047_0047.jpg 1 46 8 47 47
0656_0019_0005_0059_0059.jpg 1 19 5 59 59
0657_0007_0035_0059_0059.jpg 1 7 35 59 59
0658_0018_0005_0059_0059.jpg 1 18 5 59 59
0659_0028_0021_0029_0029.jpg 1 28 21 29 29
0660_0054_0009_0037_0037.jpg 1 54 9 37 37
0661_0046_0019_0028_0028.jpg 1 46 19 28 28
0662_0015_0021_0052_0052.jpg 1 15 21 52 52
0663_0045_0043_0044_0044.jpg 1 45 43 44 44
0664_0032_0045_0043_0043.jpg 1 32 45 43 43
0665_0010_0029_0066_0066.jpg 1 10 29 66 66
0666_0055_0031_0034_0034.jpg 1 55 31 34 34
0667_0021_0045_0047_0047.jpg 1 21 45 47 47
0668_0006_0008_0063_0063.jpg 1 6 8 63 63
0669_0048_0041_0027_0027.jpg 1 48 41 27 27
0670_0016_0026_0059_0059.jpg 1 16 26 59 59
0671_0015_0035_0054_0054.jpg 1 15 35 54 54
0672_0021_0011_0054_0054.jpg 1 21 11 54 54
0673_0013_0010_0063_0063.jpg 1 13 10 63 63
0674_0009_0039_0053_0053.jpg 1 9 39 53 53
0675_0046_0045_0038_0038.jpg 1 46 45 38 38
0676_0031_0014_0064_0064.jpg 1 31 14 64 64
0677_0035_0023_0060_0060.jpg 1 35 23 60 60
0678_0056_0030_0033_0033.jpg 1 56 30 33 33
0679_0039_0013_0035_0035.jpg 1 39 13 35 35
0680_0005_0008_0066_0066.jpg 1 5 8 66 66
0681_0012_0026_0065_0065.jpg 1 12 26 65 65
0682_0019_0032_0058_0058.jpg 1 19 32 58 58
0683_0034_0027_0041_0041.jpg 1 34 27 41 41
0684_0013_0009_0047_0047.jpg 1 13 9 47 47
0685_0009_0016_0054_0054.jpg 1 9 16 54 54
0686_0011_0008_0058_0058.jpg 1 11 8 58 58
0687_0033_0032_0059_0059.jpg 1 33 32 59 59
0688_0042_0049_0039_0039.jpg 1 42 49 39 39
0689_0035_0044_0047_0047.jpg 1 35 44 47 47
0690_0013_0027_0028_0028.jpg 1 13 27 28 28
0691_0051_0056_0024_0024.jpg 1 51 56 24 24
0692_0014_0030_0065_0065.jpg 1 14 30 65 65
0693_0053_0009_0031_0031.jpg 1 53 9 31 31
0694_0049_0045_0030_0030.jpg 1 49 45 30 30
0695_0050_0052_0041_0041.jpg 1 50 52 41 41
0696_0025_0011_0042_0042.jpg 1 25 11 42 42
0697_0037_0042_0027_0027.jpg 1 37 42 27 27
0698_0026_0055_0027_0027.jpg 1 26 55 27 27
0699_0030_0028_0043_0043.jpg 1 30 28 43 43
0700_0027_0050_0035_0035.jpg 1 27 50 35 35
0701_0021_0010_0063_0063.jpg 1 21 10 63 63
0702_0013_0007_0059_0059.jpg 1 13 7 59 59
0703_0004_0005_0059_0059.jpg 1 4 5 59 59
0704_0018_0017_0038_0038.jpg 1 18 17 38 38
0705_0029_0030_0033_0033.jpg 1 29 30 33 33
0706_0027_0037_0057_0057.jpg 1 27 37 57 57
0707_0005_0031_0064_0064.jpg 1 5 31 64 64
0708_0016_0023_0048_0048.jpg 1 16 23 48 48
0709_0053_0035_0034_0034.jpg 1 53 35 34 34
0710_0019_0005_0057_0057.jpg 1 19 5 57 57
0711_0023_0011_0036_0036.jpg 1 23 11 36 36
0712_0047_0040_0045_0045.jpg 1 47 40 45 45
0713_0052_0038_0033_0033.jpg 1 52 38 33 33
0714_0022_0015_0058_0058.jpg 1 22 15 58 58
0715_0007_0035_0031_0031.jpg 1 7 35 31 31
0716_0014_0013_0066_0066.jpg 1 14 13 66 66
0717_0022_0018_0040_0040.jpg 1 22 18 40 40
0718_0039_0028_0054_0054.jpg 1 39 28 54 54
0719_0032_0044_0034_0034.jpg 1 32 44 34 34
0720_0029_0030_0048_0048.jpg 1 29 30 48 48
0721_0032_0014_0039_0039.jpg 1 32 14 39 39
0722_0048_0037_0034_0034.jpg 1 48 37 34 34
0723_0020_0022_0062_0062.jpg 1 20 22 62 62
0724_0018_0064_0026_0026.jpg 1 18 64 26 26
0725_0032_0016_0043_0043.jpg 1 32 16 43 43
0726_0033_0010_0050_0050.jpg 1 33 10 50 50
0727_0009_0038_0048_0048.jpg 1 9 38 48 48
0728_0041_0030_0049_0049.jpg 1 41 30 49 49
0729_0006_0028_0045_0045.jpg 1 6 28 45 45
0730_0005_0010_0067_0067.jpg 1 5 10 67 67
0731_0040_0042_0025_0025.jpg 1 40 42 25 25
0732_0013_0034_0057_0057.jpg 1 13 34 57 57
0733_0023_0041_0052_0052.jpg 1 23 41 52 52
0734_0028_0009_0053_0053.jpg 1 28 9 53 53
0735_0009_0055_0031_0031.jpg 1 9 55 31 31
0736_0012_0053_0028_0028.jpg 1 12 53 28 28
0737_0008_0034_0024_0024.jpg 1 8 34 24 24
0738_0020_0036_0057_0057.jpg 1 20 36 57 57
0739_0042_0020_0052_0052.jpg 1 42 20 52 52
0740_0028_0024_0042_0042.jpg 1 28 24 42 42
0741_0047_0013_0041_0041.jpg 1 47 13 41 41
0742_0032_0032_0063_0063.jpg 1 32 32 63 63
0743_0065_0048_0026_0026.jpg 1 65 48 26 26
0744_0010_0007_0066_0066.jpg 1 10 7 66 66
0745_0019_0032_0063_0063.jpg 1 19 32 63 63
0746_0022_0045_0045_0045.jpg 1 22 45 45 45
0747_0054_0048_0024_0024.jpg 1 54 48 24 24
0748_0045_0023_0040_0040.jpg 1 45 23 40 40
0749_0022_0023_0049_0049.jpg 1 22 23 49 49
0750_0033_0056_0037_0037.jpg 1 33 56 37 37
0751_0006_0005_0068_0068.jpg 1 6 5 68 68
0752_0010_0020_0052_0052.jpg 1 10 20 52 52
0753_0031_0007_0049_0049.jpg 1 31 7 49 49
0754_0023_0018_0055_0055.jpg 1 23 18 55 55
0755_0056_0043_0030_0030.jpg 1 56 43 30 30
0756_0041_0008_0040_0040.jpg 1 41 8 40 40
0757_0010_0022_0037_0037.jpg 1 10 22 37 37
0758_0043_0011_0033_0033.jpg 1 43 11 33 33
0759_0025_0023_0031_0031.jpg 1 25 23 31 31
0760_0030_0024_0051_0051.jpg 1 30 24 51 51
0761_0008_0021_0044_0044.jpg 1 8 21 44 44
0762_0028_0009_0064_0064.jpg 1 28 9 64 64
0763_0023_0032_0050_0050.jpg 1 23 32 50 50
0764_0041_0023_0025_0025.jpg 1 41 23 25 25
0765_0057_0050_0025_0025.jpg 1 57 50 25 25
0766_0039_0007_0039_0039.jpg 1 39 7 39 39
0767_0022_0040_0048_0048.jpg 1 22 40 48 48
0768_0009_0012_0060_0060.jpg 1 9 12 60 60
0769_0016_0016_0034_0034.jpg 1 16 16 34 34
0770_0026_0032_0044_0044.jpg 1 26 32 44 44
0771_0063_0011_0026_0026.jpg 1 63 11 26 26
0772_0035_0044_0042_0042.jpg 1 35 44 42 42
0773_0014_0047_0031_0031.jpg 1 14 47 31 31
0774_0049_0030_0039_0039.jpg 1 49 30 39 39
0775_0025_0044_0026_0026.jpg 1 25 44 26 26
0776_0038_0005_0055_0055.jpg 1 38 5 55 55
0777_0043_0016_0048_0048.jpg 1 43 16 48 48
0778_0030_0039_0034_0034.jpg 1 30 39 34 34
0779_0053_0052_0027_0027.jpg 1 53 52 27 27
0780_0009_0032_0063_0063.jpg 1 9 32 63 63
0781_0004_0027_0065_0065.jpg 1 4 27 65 65
0782_0041_0037_0052_0052.jpg 1 41 37 52 52
0783_0031_0016_0039_0039.jpg 1 31 16 39 39
0784_0007_0027_0049_0049.jpg 1 7 27 49 49
0785_0049_0038_0028_0028.jpg 1 49 38 28 28
0786_0028_0021_0052_0052.jpg 1 28 21 52 52
0787_0025_0041_0044_0044.jpg 1 25 41 44 44
0788_0009_0037_0054_0054.jpg 1 9 37 54 54
0789_0019_0056_0036_0036.jpg 1 19 56 36 36
0790_0012_0032_0062_0062.jpg 1 12 32 62 62
0791_0009_0044_0035_0035.jpg 1 9 44 35 35
0792_0017_0024_0050_0050.jpg 1 17 24 50 50
0793_0055_0019_0027_0027.jpg 1 55 19 27 27
0794_0047_0055_0029_0029.jpg 1 47 55 29 29
0795_0008_0036_0056_0056.jpg 1 8 36 56 56
0796_0012_0032_0034_0034.jpg 1 12 32 34 34
0797_0032_0016_0059_0059.jpg 1 32 16 59 59
0798_0010_0005_0066_0066.jpg 1 10 5 66 66
0799_0008_0031_0054_0054.jpg 1 8 31 54 54
0800_0019_0007_0033_0033.jpg 1 19 7 33 33
0801_0012_0023_0064_0064.jpg 1 12 23 64 64
0802_0020_0023_0064_0064.jpg 1 20 23 64 64
0803_0034_0051_0037_0037.jpg 1 34 51 37 37
0804_0060_0025_0032_0032.jpg 1 60 25 32 32
0805_0017_0009_0065_0065.jpg 1 17 9 65 65
0806_0023_0034_0047_0047.jpg 1 23 34 47 47
0807_0038_0033_0051_0051.jpg 1 38 33 51 51
0808_0026_0036_0059_0059.jpg 1 26 36 59 59
0809_0026_0008_0047_0047.jpg 1 26 8 47 47
0810_0029_0019_0062_0062.jpg 1 29 19 62 62
0811_0031_0030_0038_0038.jpg 1 31 30 38 38
0812_0044_0033_0046_0046.jpg 1 44 33 46 46
0813_0031_0015_0049_0049.jpg 1 31 15 49 49
0814_0016_0045_0049_0049.jpg 1 16 45 49 49
0815_0019_0035_0051_0051.jpg 1 19 35 51 51
0816_0033_0020_0052_0052.jpg 1 33 20 52 52
0817_0020_0025_0047_0047.jpg 1 20 25 47 47
0818_0027_0020_0036_0036.jpg 1 27 20 36 36
0819_0023_0052_0029_0029.jpg 1 23 52 29 29
0820_0022_0024_0056_0056.jpg 1 22 24 56 56
0821_0019_0036_0047_0047.jpg 1 19 36 47 47
0822_0008_0032_0060_0060.jpg 1 8 32 60 60
0823_0040_0030_0048_0048.jpg 1 40 30 48 48
0824_0015_0008_0061_0061.jpg 1 15 8 61 61
0825_0021_0023_0057_0057.jpg 1 21 23 57 57
0826_0009_0017_0037_0037.jpg 1 9 17 37 37
0827_0046_0022_0048_0048.jpg 1 46 22 48 48
0828_0032_0021_0053_0053.jpg 1 32 21 53 53
0829_0012_0025_0051_0051.jpg 1 12 25 51 51
0830_0043_0014_0044_0044.jpg 1 43 14 44 44
0831_0036_0046_0036_0036.jpg 1 36 46 36 36
0832_0016_0033_0043_0043.jpg 1 16 33 43 43
0833_0058_0039_0033_0033.jpg 1 58 39 33 33
0834_0025_0005_0042_0042.jpg 1 25 5 42 42
0835_0057_0053_0025_0025.jpg 1 57 53 25 25
0836_0004_0022_0065_0065.jpg 1 4 22 65 65
0837_0024_0037_0024_0024.jpg 1 24 37 24 24
0838_0014_0023_0057_0057.jpg 1 14 23 57 57
0839_0028_0017_0064_0064.jpg 1 28 17 64 64
0840_0024_0050_0025_0025.jpg 1 24 50 25 25
0841_0009_0012_0050_0050.jpg 1 9 12 50 50
0842_0036_0063_0026_0026.jpg 1 36 63 26 26
0843_0026_0020_0059_0059.jpg 1 26 20 59 59
0844_0012_0052_0033_0033.jpg 1 12 52 33 33
0845_0029_0009_0056_0056.jpg 1 29 9 56 56
0846_0041_0049_0031_0031.jpg 1 41 49 31 31
0847_0035_0040_0053_0053.jpg 1 35 40 53 53
0848_0042_0012_0050_0050.jpg 1 42 12 50 50
0849_0018_0028_0044_0044.jpg 1 18 28 44 44
0850_0023_0006_0059_0059.jpg 1 23 6 59 59
0851_0024_0028_0052_0052.jpg 1 24 28 52 52
0852_0019_0055_0033_0033.jpg 1 19 55 33 33
0853_0007_0004_0068_0068.jpg 1 7 4 68 68
0854_0038_0036_0039_0039.jpg 1 38 36 39 39
0855_0031_0025_0052_0052.jpg 1 31 25 52 52
0856_0006_0007_0060_0060.jpg 1 6 7 60 60
0857_0015_0003_0069_0069.jpg 1 15 3 69 69
0858_0030_0025_0043_0043.jpg 1 30 25 43 43
0859_0013_0041_0049_0049.jpg 1 13 41 49 49
0860_0020_0019_0054_0054.jpg 1 20 19 54 54
0861_0019_0006_0067_0067.jpg 1 19 6 67 67
0862_0027_0006_0043_0043.jpg 1 27 6 43 43
0863_0044_0026_0030_0030.jpg 1 44 26 30 30
0864_0031_0012_0059_0059.jpg 1 31 12 59 59
0865_0006_0025_0039_0039.jpg 1 6 25 39 39
0866_0005_0020_0056_0056.jpg 1 5 20 56 56
0867_0029_0019_0039_0039.jpg 1 29 19 39 39
0868_0006_0030_0051_0051.jpg 1 6 30 51 51
0869_0042_0059_0030_0030.jpg 1 42 59 30 30
0870_0055_0018_0024_0024.jpg 1 55 18 24 24
0871_0033_0030_0061_0061.jpg 1 33 30 61 61
0872_0005_0006_0060_0060.jpg 1 5 6 60 60
0873_0034_0020_0046_0046.jpg 1 34 20 46 46
0874_0022_0028_0060_0060.jpg 1 22 28 60 60
0875_0036_0029_0037_0037.jpg 1 36 29 37 37
0876_0036_0054_0027_0027.jpg 1 36 54 27 27
0877_0017_0005_0069_0069.jpg 1 17 5 69 69
0878_0024_0036_0034_0034.jpg 1 24 36 34 34
0879_0042_0026_0041_0041.jpg 1 42 26 41 41
0880_0009_0019_0024_0024.jpg 1 9 19 24 24
0881_0043_0023_0049_0049.jpg 1 43 23 49 49
0882_0062_0027_0030_0030.jpg 1 62 27 30 30
0883_0044_0040_0047_0047.jpg 1 44 40 47 47
0884_0046_0014_0036_0036.jpg 1 46 14 36 36
0885_0044_0048_0029_0029.jpg 1 44 48 29 29
0886_0025_0026_0036_0036.jpg 1 25 26 36 36
0887_0020_0011_0063_0063.jpg 1 20 11 63 63
0888_0007_0021_0068_0068.jpg 1 7 21 68 68
0889_0047_0017_0035_0035.jpg 1 47 17 35 35
0890_0019_0062_0025_0025.jpg 1 19 62 25 25
0891_0029_0044_0031_0031.jpg 1 29 44 31 31
0892_0034_0046_0045_0045.jpg 1 34 46 45 45
0893_0038_0008_0035_0035.jpg 1 38 8 35 35
0894_0022_0008_0058_0058.jpg 1 22 8 58 58
0895_0044_0009_0049_0049.jpg 1 44 9 49 49
0896_0020_0019_0044_0044.jpg 1 20 19 44 44
0897_0025_0017_0061_0061.jpg 1 25 17 61 61
0898_0038_0035_0050_0050.jpg 1 38 35 50 50
0899_0015_0036_0046_0046.jpg 1 15 36 46 46
0900_0020_0017_0036_0036.jpg 1 20 17 36 36
0901_0005_0017_0058_0058.jpg 1 5 17 58 58
0902_0029_0003_0066_0066.jpg 1 29 3 66 66
0903_0013_0049_0039_0039.jpg 1 13 49 39 39
0904_0059_0043_0026_0026.jpg 1 59 43 26 26
0905_0024_0021_0063_0063.jpg 1 24 21 63 63
0906_0010_0026_0066_0066.jpg 1 10 26 66 66
0907_0014_0054_0030_0030.jpg 1 14 54 30 30
0908_0020_0033_0058_0058.jpg 1 20 33 58 58
0909_0011_0025_0048_0048.jpg 1 11 25 48 48
0910_0026_0028_0033_0033.jpg 1 26 28 33 33
0911_0036_0023_0054_0054.jpg 1 36 23 54 54
0912_0036_0028_0029_0029.jpg 1 36 28 29 29
0913_0018_0037_0030_0030.jpg 1 18 37 30 30
0914_0061_0027_0027_0027.jpg 1 61 27 27 27
0915_0022_0015_0069_0069.jpg 1 22 15 69 69
0916_0028_0010_0035_0035.jpg 1 28 10 35 35
0917_0025_0021_0045_0045.jpg 1 25 21 45 45
0918_0012_0044_0039_0039.jpg 1 12 44 39 39
0919_0011_0018_0049_0049.jpg 1 11 18 49 49
0920_0025_0026_0047_0047.jpg 1 25 26 47 47
0921_0032_0038_0046_0046.jpg 1 32 38 46 46
0922_0032_0006_0041_0041.jpg 1 32 6 41 41
0923_0007_0029_0058_0058.jpg 1 7 29 58 58
0924_0030_0028_0065_0065.jpg 1 30 28 65 65
0925_0032_0040_0038_0038.jpg 1 32 40 38 38
0926_0041_0033_0025_0025.jpg 1 41 33 25 25
0927_0025_0010_0060_0060.jpg 1 25 10 60 60
0928_0039_0007_0054_0054.jpg 1 39 7 54 54
0929_0033_0033_0024_0024.jpg 1 33 33 24 24
0930_0022_0020_0067_0067.jpg 1 22 20 67 67
0931_0042_0035_0051_0051.jpg 1 42 35 51 51
0932_0066_0056_0025_0025.jpg 1 66 56 25 25
0933_0047_0014_0041_0041.jpg 1 47 14 41 41
0934_0050_0009_0043_0043.jpg 1 50 9 43 43
0935_0048_0027_0032_0032.jpg 1 48 27 32 32
0936_0004_0008_0069_0069.jpg 1 4 8 69 69
0937_0042_0033_0051_0051.jpg 1 42 33 51 51
0938_0008_0035_0024_0024.jpg 1 8 35 24 24
0939_0023_0046_0045_0045.jpg 1 23 46 45 45
0940_0007_0031_0057_0057.jpg 1 7 31 57 57
0941_0046_0054_0039_0039.jpg 1 46 54 39 39
0942_0028_0031_0059_0059.jpg 1 28 31 59 59
0943_0010_0029_0064_0064.jpg 1 10 29 64 64
0944_0017_0031_0062_0062.jpg 1 17 31 62 62
0945_0046_0036_0036_0036.jpg 1 46 36 36 36
0946_0017_0018_0057_0057.jpg 1 17 18 57 57
0947_0042_0058_0032_0032.jpg 1 42 58 32 32
0948_0018_0024_0059_0059.jpg 1 18 24 59 59
0949_0041_0052_0032_0032.jpg 1 41 52 32 32
0950_0039_0034_0053_0053.jpg 1 39 34 53 53
0951_0021_0004_0061_0061.jpg 1 21 4 61 61
0952_0019_0024_0064_0064.jpg 1 19 24 64 64
0953_0024_0018_0044_0044.jpg 1 24 18 44 44
0954_0010_0020_0062_0062.jpg 1 10 20 62 62
0955_0050_0026_0033_0033.jpg 1 50 26 33 33
0956_0027_0011_0065_0065.jpg 1 27 11 65 65
0957_0047_0037_0035_0035.jpg 1 47 37 35 35
0958_0017_0017_0029_0029.jpg 1 17 17 29 29
0959_0010_0046_0034_0034.jpg 1 10 46 34 34
0960_0029_0024_0043_0043.jpg 1 29 24 43 43
0961_0048_0030_0029_0029.jpg 1 48 30 29 29
0962_0010_0020_0069_0069.jpg 1 10 20 69 69
0963_0029_0036_0047_0047.jpg 1 29 36 47 47
0964_0010_0026_0067_0067.jpg 1 10 26 67 67
0965_0014_0014_0067_0067.jpg 1 14 14 67 67
0966_0023_0012_0068_0068.jpg 1 23 12 68 68
0967_0046_0027_0037_0037.jpg 1 46 27 37 37
0968_0015_0030_0058_0058.jpg 1 15 30 58 58
0969_0030_0013_0064_0064.jpg 1 30 13 64 64
0970_0043_0008_0027_0027.jpg 1 43 8 27 27
0971_0034_0005_0057_0057.jpg 1 34 5 57 57
0972_0051_0037_0041_0041.jpg 1 51 37 41 41
0973_0021_0011_0064_0064.jpg 1 21 11 64 64
0974_0039_0047_0032_0032.jpg 1 39 47 32 32
0975_0019_0045_0033_0033.jpg 1 19 45 33 33
0976_0019_0027_0049_0049.jpg 1 19 27 49 49
0977_0025_0005_0054_0054.jpg 1 25 5 54 54
0978_0024_0036_0037_0037.jpg 1 24 36 37 37
0979_0019_0023_0040_0040.jpg 1 19 23 40 40
0980_0026_0048_0044_0044.jpg 1 26 48 44 44
0981_0034_0009_0042_0042.jpg 1 34 9 42 42
0982_0008_0030_0057_0057.jpg 1 8 30 57 57
0983_0022_0020_0066_0066.jpg 1 22 20 66 66
0984_0026_0015_0043_0043.jpg 1 26 15 43 43
0985_0031_0008_0031_0031.jpg 1 31 8 31 31
0986_0034_0018_0059_0059.jpg 1 34 18 59 59
0987_0032_0034_0058_0058.jpg 1 32 34 58 58
0988_0016_0029_0058_0058.jpg 1 16 29 58 58
0989_0012_0011_0068_0068.jpg 1 12 11 68 68
0990_0043_0049_0037_0037.jpg 1 43 49 37 37
0991_0036_0058_0030_0030.jpg 1 36 58 30 30
0992_0015_0039_0028_0028.jpg 1 15 39 28 28
0993_0017_0011_0068_0068.jpg 1 17 11 68 68
0994_0032_0006_0060_0060.jpg 1 32 6 60 60
0995_0024_0007_0046_0046.jpg 1 24 7 46 46
0996_0019_0007_0052_0052.jpg 1 19 7 52 52
0997_0039_0021_0044_0044.jpg 1 39 21 44 44
0998_0016_0016_0051_0051.jpg 1 16 16 51 51
0999_0008_0009_0038_0038.jpg 1 8 9 38 38
1000_0041_0027_0025_0025.jpg 1 41 27 25 25
1001_0011_0006_0059_0059.jpg 1 11 6 59 59
1002_0016_0013_0059_0059.jpg 1 16 13 59 59
1003_0025_0019_0035_0035.jpg 1 25 19 35 35
1004_0036_0053_0032_0032.jpg 1 36 53 32 32
1005_0016_0021_0042_0042.jpg 1 16 21 42 42
1006_0040_0038_0037_0037.jpg 1 40 38 37 37
1007_0027_0015_0047_0047.jpg 1 27 15 47 47
1008_0007_0031_0055_0055.jpg 1 7 31 55 55
1009_0048_0012_0041_0041.jpg 1 48 12 41 41
1010_0057_0035_0028_0028.jpg 1 57 35 28 28
1011_0026_0031_0036_0036.jpg 1 26 31 36 36
1012_0011_0007_0042_0042.jpg 1 11 7 42 42
1013_0009_0005_0052_0052.jpg 1 9 5 52 52
1014_0021_0017_0053_0053.jpg 1 21 17 53 53
1015_0035_0027_0032_0032.jpg 1 35 27 32 32
1016_0054_0013_0036_0036.jpg 1 54 13 36 36
1017_0008_0023_0053_0053.jpg 1 8 23 53 53
1018_0022_0030_0047_0047.jpg 1 22 30 47 47
1019_0034_0035_0026_0026.jpg 1 34 35 26 26
1020_0042_0035_0028_0028.jpg 1 42 35 28 28
1021_0022_0018_0049_0049.jpg 1 22 18 49 49
1022_0057_0022_0034_0034.jpg 1 57 22 34 34
1023_0020_0007_0068_0068.jpg 1 20 7 68 68
1024_0041_0022_0041_0041.jpg 1 41 22 41 41
1025_0031_0009_0064_0064.jpg 1 31 9 64 64
1026_0023_0031_0044_0044.jpg 1 23 31 44 44
1027_0034_0013_0054_0054.jpg 1 34 13 54 54
1028_0026_0016_0068_0068.jpg 1 26 16 68 68
1029_0017_0010_0069_0069.jpg 1 17 10 69 69
1030_0010_0025_0065_0065.jpg 1 10 25 65 65
1031_0019_0006_0051_0051.jpg 1 19 6 51 51
1032_0005_0034_0044_0044.jpg 1 5 34 44 44
1033_0057_0051_0035_0035.jpg 1 57 51 35 35
1034_0006_0008_0047_0047.jpg 1 6 8 47 47
1035_0030_0017_0058_0058.jpg 1 30 17 58 58
1036_0016_0017_0043_0043.jpg 1 16 17 43 43
1037_0019_0020_0038_0038.jpg 1 19 20 38 38
1038_0037_0047_0039_0039.jpg 1 37 47 39 39
1039_0030_0016_0024_0024.jpg 1 30 16 24 24
1040_0007_0009_0067_0067.jpg 1 7 9 67 67
1041_0017_0027_0062_0062.jpg 1 17 27 62 62
1042_0031_0036_0052_0052.jpg 1 31 36 52 52
1043_0056_0029_0036_0036.jpg 1 56 29 36 36
1044_0027_0007_0059_0059.jpg 1 27 7 59 59
1045_0056_0036_0032_0032.jpg 1 56 36 32 32
1046_0023_0037_0040_0040.jpg 1 23 37 40 40
1047_0017_0032_0031_0031.jpg 1 17 32 31 31
1048_0014_0048_0039_0039.jpg 1 14 48 39 39
1049_0009_0029_0047_0047.jpg 1 9 29 47 47
1050_0015_0020_0041_0041.jpg 1 15 20 41 41
1051_0042_0038_0032_0032.jpg 1 42 38 32 32
1052_0020_0031_0057_0057.jpg 1 20 31 57 57
1053_0043_0065_0024_0024.jpg 1 43 65 24 24
1054_0006_0040_0049_0049.jpg 1 6 40 49 49
1055_0033_0022_0059_0059.jpg 1 33 22 59 59
1056_0054_0059_0027_0027.jpg 1 54 59 27 27
1057_0034_0035_0026_0026.jpg 1 34 35 26 26
1058_0040_0011_0053_0053.jpg 1 40 11 53 53
1059_0011_0031_0061_0061.jpg 1 11 31 61 61
1060_0052_0059_0033_0033.jpg 1 52 59 33 33
1061_0027_0025_0065_0065.jpg 1 27 25 65 65
1062_0012_0005_0049_0049.jpg 1 12 5 49 49
1063_0009_0012_0044_0044.jpg 1 9 12 44 44
1064_0040_0030_0050_0050.jpg 1 40 30 50 50
1065_0021_0016_0059_0059.jpg 1 21 16 59 59
1066_0008_0027_0037_0037.jpg 1 8 27 37 37
1067_0030_0020_0061_0061.jpg 1 30 20 61 61
1068_0045_0044_0024_0024.jpg 1 45 44 24 24
1069_0032_0009_0044_0044.jpg 1 32 9 44 44
1070_0045_0013_0041_0041.jpg 1 45 13 41 41
1071_0038_0040_0052_0052.jpg 1 38 40 52 52
1072_0016_0024_0060_0060.jpg 1 16 24 60 60
1073_0025_0014_0058_0058.jpg 1 25 14 58 58
1074_0020_0012_0024_0024.jpg 1 20 12 24 24
1075_0032_0016_0060_0060.jpg 1 32 16 60 60
1076_0026_0021_0047_0047.jpg 1 26 21 47 47
1077_0026_0050_0034_0034.jpg 1 26 50 34 34
1078_0033_0046_0042_0042.jpg 1 33 46 42 42
1079_0004_0018_0062_0062.jpg 1 4 18 62 62
1080_0038_0027_0035_0035.jpg 1 38 27 35 35
1081_0043_0038_0050_0050.jpg 1 43 38 50 50
1082_0051_0022_0028_0028.jpg 1 51 22 28 28
1083_0020_0018_0059_0059.jpg 1 20 18 59 59
1084_0035_0019_0048_0048.jpg 1 35 19 48 48
1085_0022_0013_0069_0069.jpg 1 22 13 69 69
1086_0021_0031_0059_0059.jpg 1 21 31 59 59
1087_0023_0034_0055_0055.jpg 1 23 34 55 55
1088_0034_0059_0031_0031.jpg 1 34 59 31 31
1089_0009_0010_0055_0055.jpg 1 9 10 55 55
1090_0040_0013_0050_0050.jpg 1 40 13 50 50
1091_0007_0012_0062_0062.jpg 1 7 12 62 62
1092_0012_0017_0068_0068.jpg 1 12 17 68 68
1093_0009_0052_0041_0041.jpg 1 9 52 41 41
1094_0028_0006_0053_0053.jpg 1 28 6 53 53
1095_0027_0009_0068_0068.jpg 1 27 9 68 68
1096_0031_0019_0061_0061.jpg 1 31 19 61 61
1097_0027_0025_0065_0065.jpg 1 27 25 65 65
1098_0032_0015_0048_0048.jpg 1 32 15 48 48
1099_0014_0021_0037_0037.jpg 1 14 21 37 37
1100_0016_0025_0059_0059.jpg 1 16 25 59 59
1101_0013_0009_0046_0046.jpg 1 13 9 46 46
1102_0025_0021_0065_0065.jpg 1 25 21 65 65
1103_0029_0021_0040_0040.jpg 1 29 21 40 40
1104_0013_0031_0040_0040.jpg 1 13 31 40 40
1105_0006_0005_0066_0066.jpg 1 6 5 66 66
1106_0028_0016_0062_0062.jpg 1 28 16 62 62
1107_0025_0042_0048_0048.jpg 1 25 42 48 48
1108_0043_0025_0038_0038.jpg 1 43 25 38 38
1109_0018_0010_0039_0039.jpg 1 18 10 39 39
1110_0038_0037_0044_0044.jpg 1 38 37 44 44
1111_0034_0016_0055_0055.jpg 1 34 16 55 55
1112_0029_0025_0064_0064.jpg 1 29 25 64 64
1113_0015_0013_0060_0060.jpg 1 15 13 60 60
1114_0046_0027_0039_0039.jpg 1 46 27 39 39
1115_0044_0021_0031_0031.jpg 1 44 21 31 31
1116_0008_0020_0027_0027.jpg 1 8 20 27 27
1117_0020_0019_0040_0040.jpg 1 20 19 40 40
1118_0038_0041_0052_0052.jpg 1 38 41 52 52
1119_0034_0022_0024_0024.jpg 1 34 22 24 24
1120_0012_0010_0051_0051.jpg 1 12 10 51 51
1121_0046_0041_0034_0034.jpg 1 46 41 34 34
1122_0048_0017_0028_0028.jpg 1 48 17 28 28
1123_0029_0034_0053_0053.jpg 1 29 34 53 53
1124_0034_0032_0048_0048.jpg 1 34 32 48 48
1125_0007_0029_0058_0058.jpg 1 7 29 58 58
1126_0014_0006_0048_0048.jpg 1 14 6 48 48
1127_0011_0029_0058_0058.jpg 1 11 29 58 58
1128_0014_0047_0044_0044.jpg 1 14 47 44 44
1129_0027_0064_0027_0027.jpg 1 27 64 27 27
1130_0010_0052_0037_0037.jpg 1 10 52 37 37
1131_0039_0021_0044_0044.jpg 1 39 21 44 44
1132_0017_0041_0024_0024.jpg 1 17 41 24 24
1133_0031_0024_0058_0058.jpg 1 31 24 58 58
1134_0019_0032_0025_0025.jpg 1 19 32 25 25
1135_0029_0017_0055_0055.jpg 1 29 17 55 55
1136_0046_0030_0043_0043.jpg 1 46 30 43 43
1137_0039_0012_0035_0035.jpg 1 39 12 35 35
1138_0060_0047_0026_0026.jpg 1 60 47 26 26
1139_0031_0039_0048_0048.jpg 1 31 39 48 48
1140_0038_0027_0044_0044.jpg 1 38 27 44 44
1141_0044_0051_0033_0033.jpg 1 44 51 33 33
1142_0017_0012_0052_0052.jpg 1 17 12 52 52
1143_0010_0009_0047_0047.jpg 1 10 9 47 47
1144_0023_0044_0026_0026.jpg 1 23 44 26 26
1145_0028_0021_0047_0047.jpg 1 28 21 47 47
1146_0021_0012_0053_0053.jpg 1 21 12 53 53
1147_0034_0011_0054_0054.jpg 1 34 11 54 54
1148_0025_0018_0068_0068.jpg 1 25 18 68 68
1149_0023_0035_0040_0040.jpg 1 23 35 40 40
1150_0026_0018_0047_0047.jpg 1 26 18 47 47
1151_0040_0021_0047_0047.jpg 1 40 21 47 47
1152_0020_0024_0062_0062.jpg 1 20 24 62 62
1153_0046_0015_0044_0044.jpg 1 46 15 44 44
1154_0009_0018_0069_0069.jpg 1 9 18 69 69
1155_0018_0008_0039_0039.jpg 1 18 8 39 39
1156_0012_0031_0055_0055.jpg 1 12 31 55 55
1157_0036_0012_0054_0054.jpg 1 36 12 54 54
1158_0012_0010_0033_0033.jpg 1 12 10 33 33
1159_0011_0020_0051_0051.jpg 1 11 20 51 51
1160_0011_0039_0053_0053.jpg 1 11 39 53 53
1161_0039_0010_0051_0051.jpg 1 39 10 51 51
1162_0023_0034_0058_0058.jpg 1 23 34 58 58
1163_0037_0023_0047_0047.jpg 1 37 23 47 47
1164_0012_0013_0053_0053.jpg 1 12 13 53 53
1165_0025_0012_0055_0055.jpg 1 25 12 55 55
1166_0029_0005_0046_0046.jpg 1 29 5 46 46
1167_0034_0034_0054_0054.jpg 1 34 34 54 54
1168_0038_0031_0057_0057.jpg 1 38 31 57 57
1169_0022_0014_0063_0063.jpg 1 22 14 63 63
1170_0023_0011_0064_0064.jpg 1 23 11 64 64
1171_0021_0015_0066_0066.jpg 1 21 15 66 66
1172_0021_0025_0046_0046.jpg 1 21 25 46 46
1173_0036_0044_0047_0047.jpg 1 36 44 47 47
1174_0013_0026_0054_0054.jpg 1 13 26 54 54
1175_0017_0020_0062_0062.jpg 1 17 20 62 62
1176_0021_0012_0044_0044.jpg 1 21 12 44 44
1177_0039_0026_0040_0040.jpg 1 39 26 40 40
1178_0062_0022_0026_0026.jpg 1 62 22 26 26
1179_0023_0024_0062_0062.jpg 1 23 24 62 62
1180_0017_0031_0065_0065.jpg 1 17 31 65 65
1181_0030_0033_0062_0062.jpg 1 30 33 62 62
1182_0012_0034_0050_0050.jpg 1 12 34 50 50
1183_0049_0023_0028_0028.jpg 1 49 23 28 28
1184_0040_0023_0048_0048.jpg 1 40 23 48 48
1185_0033_0033_0031_0031.jpg 1 33 33 31 31
1186_0022_0012_0038_0038.jpg 1 22 12 38 38
1187_0009_0035_0049_0049.jpg 1 9 35 49 49
1188_0020_0041_0051_0051.jpg 1 20 41 51 51
1189_0022_0024_0024_0024.jpg 1 22 24 24 24
1190_0014_0033_0060_0060.jpg 1 14 33 60 60
1191_0065_0053_0024_0024.jpg 1 65 53 24 24
1192_0028_0008_0063_0063.jpg 1 28 8 63 63
1193_0015_0028_0027_0027.jpg 1 15 28 27 27
1194_0013_0023_0056_0056.jpg 1 13 23 56 56
1195_0010_0017_0036_0036.jpg 1 10 17 36 36
1196_0047_0012_0030_0030.jpg 1 47 12 30 30
1197_0041_0018_0050_0050.jpg 1 41 18 50 50
1198_0026_0028_0058_0058.jpg 1 26 28 58 58
1199_0049_0053_0025_0025.jpg 1 49 53 25 25
1200_0036_0039_0054_0054.jpg 1 36 39 54 54
1201_0025_0005_0059_0059.jpg 1 25 5 59 59
1202_0009_0014_0032_0032.jpg 1 9 14 32 32
1203_0029_0021_0055_0055.jpg 1 29 21 55 55
1204_0013_0024_0062_0062.jpg 1 13 24 62 62
1205_0019_0011_0060_0060.jpg 1 19 11 60 60
1206_0052_0048_0037_0037.jpg 1 52 48 37 37
1207_0018_0020_0050_0050.jpg 1 18 20 50 50
1208_0048_0039_0027_0027.jpg 1 48 39 27 27
1209_0020_0038_0051_0051.jpg 1 20 38 51 51
1210_0033_0028_0049_0049.jpg 1 33 28 49 49
1211_0049_0039_0037_0037.jpg 1 49 39 37 37
1212_0065_0029_0027_0027.jpg 1 65 29 27 27
1213_0015_0021_0030_0030.jpg 1 15 21 30 30
1214_0012_0011_0056_0056.jpg 1 12 11 56 56
1215_0015_0027_0045_0045.jpg 1 15 27 45 45
1216_0023_0021_0054_0054.jpg 1 23 21 54 54
1217_0025_0024_0048_0048.jpg 1 25 24 48 48
1218_0009_0008_0043_0043.jpg 1 9 8 43 43
1219_0008_0017_0048_0048.jpg 1 8 17 48 48
1220_0029_0004_0064_0064.jpg 1 29 4 64 64
1221_0044_0007_0050_0050.jpg 1 44 7 50 50
1222_0049_0028_0042_0042.jpg 1 49 28 42 42
1223_0060_0055_0026_0026.jpg 1 60 55 26 26
1224_0048_0049_0042_0042.jpg 1 48 49 42 42
1225_0041_0027_0053_0053.jpg 1 41 27 53 53
1226_0032_0054_0039_0039.jpg 1 32 54 39 39
1227_0046_0026_0041_0041.jpg 1 46 26 41 41
1228_0013_0047_0036_0036.jpg 1 13 47 36 36
1229_0058_0056_0025_0025.jpg 1 58 56 25 25
1230_0012_0041_0051_0051.jpg 1 12 41 51 51
1231_0030_0030_0060_0060.jpg 1 30 30 60 60
1232_0053_0014_0038_0038.jpg 1 53 14 38 38
1233_0039_0041_0037_0037.jpg 1 39 41 37 37
1234_0030_0063_0025_0025.jpg 1 30 63 25 25
1235_0047_0021_0043_0043.jpg 1 47 21 43 43
1236_0014_0022_0041_0041.jpg 1 14 22 41 41
1237_0015_0027_0057_0057.jpg 1 15 27 57 57
1238_0054_0020_0028_0028.jpg 1 54 20 28 28
1239_0050_0054_0031_0031.jpg 1 50 54 31 31
1240_0035_0007_0039_0039.jpg 1 35 7 39 39
1241_0016_0007_0063_0063.jpg 1 16 7 63 63
1242_0010_0037_0054_0054.jpg 1 10 37 54 54
1243_0022_0031_0058_0058.jpg 1 22 31 58 58
1244_0008_0018_0052_0052.jpg 1 8 18 52 52
1245_0019_0028_0043_0043.jpg 1 19 28 43 43
1246_0059_0032_0027_0027.jpg 1 59 32 27 27
1247_0016_0006_0045_0045.jpg 1 16 6 45 45
1248_0004_0028_0067_0067.jpg 1 4 28 67 67
1249_0008_0042_0051_0051.jpg 1 8 42 51 51
1250_0025_0043_0047_0047.jpg 1 25 43 47 47
1251_0019_0035_0042_0042.jpg 1 19 35 42 42
1252_0013_0022_0060_0060.jpg 1 13 22 60 60
1253_0024_0026_0025_0025.jpg 1 24 26 25 25
1254_0022_0015_0065_0065.jpg 1 22 15 65 65
1255_0025_0017_0042_0042.jpg 1 25 17 42 42
1256_0031_0052_0029_0029.jpg 1 31 52 29 29
1257_0045_0037_0040_0040.jpg 1 45 37 40 40
1258_0014_0019_0036_0036.jpg 1 14 19 36 36
1259_0004_0005_0065_0065.jpg 1 4 5 65 65
1260_0009_0036_0033_0033.jpg 1 9 36 33 33
1261_0010_0031_0042_0042.jpg 1 10 31 42 42
1262_0012_0016_0030_0030.jpg 1 12 16 30 30
1263_0015_0023_0068_0068.jpg 1 15 23 68 68
1264_0048_0035_0046_0046.jpg 1 48 35 46 46
1265_0024_0010_0055_0055.jpg 1 24 10 55 55
1266_0012_0021_0052_0052.jpg 1 12 21 52 52
1267_0033_0024_0047_0047.jpg 1 33 24 47 47
1268_0022_0007_0062_0062.jpg 1 22 7 62 62
1269_0015_0008_0047_0047.jpg 1 15 8 47 47
1270_0013_0033_0053_0053.jpg 1 13 33 53 53
1271_0038_0021_0044_0044.jpg 1 38 21 44 44
1272_0038_0039_0047_0047.jpg 1 38 39 47 47
1273_0041_0016_0048_0048.jpg 1 41 16 48 48
1274_0007_0007_0048_0048.jpg 1 7 7 48 48
1275_0015_0008_0067_0067.jpg 1 15 8 67 67
1276_0055_0056_0034_0034.jpg 1 55 56 34 34
1277_0011_0024_0054_0054.jpg 1 11 24 54 54
1278_0043_0042_0035_0035.jpg 1 43 42 35 35
1279_0017_0028_0063_0063.jpg 1 17 28 63 63
1280_0027_0023_0063_0063.jpg 1 27 23 63 63
1281_0028_0024_0067_0067.jpg 1 28 24 67 67
1282_0009_0036_0049_0049.jpg 1 9 36 49 49
1283_0008_0018_0033_0033.jpg 1 8 18 33 33
1284_0037_0019_0055_0055.jpg 1 37 19 55 55
1285_0029_0026_0032_0032.jpg 1 29 26 32 32
1286_0040_0039_0037_0037.jpg 1 40 39 37 37
1287_0032_0039_0043_0043.jpg 1 32 39 43 43
1288_0015_0024_0058_0058.jpg 1 15 24 58 58
1289_0013_0028_0049_0049.jpg 1 13 28 49 49
1290_0023_0005_0048_0048.jpg 1 23 5 48 48
1291_0016_0035_0033_0033.jpg 1 16 35 33 33
1292_0008_0045_0026_0026.jpg 1 8 45 26 26
1293_0018_0037_0043_0043.jpg 1 18 37 43 43
1294_0020_0045_0035_0035.jpg 1 20 45 35 35
1295_0022_0007_0054_0054.jpg 1 22 7 54 54
1296_0006_0031_0058_0058.jpg 1 6 31 58 58
1297_0038_0036_0048_0048.jpg 1 38 36 48 48
1298_0028_0020_0064_0064.jpg 1 28 20 64 64
1299_0016_0005_0069_0069.jpg 1 16 5 69 69
1300_0048_0009_0037_0037.jpg 1 48 9 37 37
1301_0016_0011_0069_0069.jpg 1 16 11 69 69
1302_0037_0051_0033_0033.jpg 1 37 51 33 33
1303_0030_0039_0051_0051.jpg 1 30 39 51 51
1304_0046_0029_0032_0032.jpg 1 46 29 32 32
1305_0013_0011_0069_0069.jpg 1 13 11 69 69
1306_0012_0032_0059_0059.jpg 1 12 32 59 59
1307_0020_0011_0060_0060.jpg 1 20 11 60 60
1308_0041_0058_0028_0028.jpg 1 41 58 28 28
1309_0036_0051_0042_0042.jpg 1 36 51 42 42
1310_0009_0039_0047_0047.jpg 1 9 39 47 47
1311_0004_0004_0061_0061.jpg 1 4 4 61 61
1312_0042_0029_0041_0041.jpg 1 42 29 41 41
1313_0035_0009_0047_0047.jpg 1 35 9 47 47
1314_0033_0021_0033_0033.jpg 1 33 21 33 33
1315_0037_0017_0043_0043.jpg 1 37 17 43 43
1316_0038_0046_0026_0026.jpg 1 38 46 26 26
1317_0023_0007_0056_0056.jpg 1 23 7 56 56
1318_0024_0021_0062_0062.jpg 1 24 21 62 62
1319_0007_0028_0052_0052.jpg 1 7 28 52 52
1320_0023_0039_0056_0056.jpg 1 23 39 56 56
1321_0026_0032_0053_0053.jpg 1 26 32 53 53
1322_0015_0021_0057_0057.jpg 1 15 21 57 57
1323_0045_0032_0036_0036.jpg 1 45 32 36 36
1324_0054_0040_0035_0035.jpg 1 54 40 35 35
1325_0009_0017_0028_0028.jpg 1 9 17 28 28
1326_0034_0046_0033_0033.jpg 1 34 46 33 33
1327_0032_0009_0033_0033.jpg 1 32 9 33 33
1328_0043_0050_0038_0038.jpg 1 43 50 38 38
1329_0058_0042_0030_0030.jpg 1 58 42 30 30
1330_0025_0027_0061_0061.jpg 1 25 27 61 61
1331_0060_0033_0024_0024.jpg 1 60 33 24 24
1332_0012_0023_0059_0059.jpg 1 12 23 59 59
1333_0021_0039_0051_0051.jpg 1 21 39 51 51
1334_0007_0019_0056_0056.jpg 1 7 19 56 56
1335_0021_0016_0067_0067.jpg 1 21 16 67 67
1336_0013_0040_0030_0030.jpg 1 13 40 30 30
1337_0007_0012_0048_0048.jpg 1 7 12 48 48
1338_0032_0043_0044_0044.jpg 1 32 43 44 44
1339_0014_0025_0063_0063.jpg 1 14 25 63 63
1340_0055_0056_0036_0036.jpg 1 55 56 36 36
1341_0013_0009_0067_0067.jpg 1 13 9 67 67
1342_0009_0034_0040_0040.jpg 1 9 34 40 40
1343_0036_0034_0040_0040.jpg 1 36 34 40 40
1344_0018_0038_0049_0049.jpg 1 18 38 49 49
1345_0021_0047_0035_0035.jpg 1 21 47 35 35
1346_0008_0004_0064_0064.jpg 1 8 4 64 64
1347_0047_0045_0047_0047.jpg 1 47 45 47 47
1348_0026_0011_0061_0061.jpg 1 26 11 61 61
1349_0042_0012_0028_0028.jpg 1 42 12 28 28
1350_0049_0023_0036_0036.jpg 1 49 23 36 36
1351_0023_0024_0037_0037.jpg 1 23 24 37 37
1352_0023_0024_0068_0068.jpg 1 23 24 68 68
1353_0042_0017_0036_0036.jpg 1 42 17 36 36
1354_0017_0010_0053_0053.jpg 1 17 10 53 53
1355_0014_0025_0036_0036.jpg 1 14 25 36 36
1356_0034_0033_0054_0054.jpg 1 34 33 54 54
1357_0032_0036_0055_0055.jpg 1 32 36 55 55
1358_0032_0015_0054_0054.jpg 1 32 15 54 54
1359_0024_0007_0054_0054.jpg 1 24 7 54 54
1360_0026_0031_0042_0042.jpg 1 26 31 42 42
1361_0024_0004_0053_0053.jpg 1 24 4 53 53
1362_0021_0043_0027_0027.jpg 1 21 43 27 27
1363_0059_0055_0030_0030.jpg 1 59 55 30 30
1364_0020_0041_0028_0028.jpg 1 20 41 28 28
1365_0048_0013_0033_0033.jpg 1 48 13 33 33
1366_0031_0018_0063_0063.jpg 1 31 18 63 63
1367_0017_0011_0056_0056.jpg 1 17 11 56 56
1368_0024_0011_0045_0045.jpg 1 24 11 45 45
1369_0019_0062_0028_0028.jpg 1 19 62 28 28
1370_0012_0027_0044_0044.jpg 1 12 27 44 44
1371_0061_0053_0024_0024.jpg 1 61 53 24 24
1372_0012_0009_0055_0055.jpg 1 12 9 55 55
1373_0005_0005_0066_0066.jpg 1 5 5 66 66
1374_0029_0007_0067_0067.jpg 1 29 7 67 67
1375_0054_0040_0036_0036.jpg 1 54 40 36 36
1376_0007_0009_0046_0046.jpg 1 7 9 46 46
1377_0017_0020_0067_0067.jpg 1 17 20 67 67
1378_0021_0041_0043_0043.jpg 1 21 41 43 43
1379_0029_0012_0063_0063.jpg 1 29 12 63 63
1380_0025_0019_0059_0059.jpg 1 25 19 59 59
1381_0033_0021_0044_0044.jpg 1 33 21 44 44
1382_0010_0011_0060_0060.jpg 1 10 11 60 60
1383_0015_0024_0036_0036.jpg 1 15 24 36 36
1384_0028_0025_0052_0052.jpg 1 28 25 52 52
1385_0013_0016_0068_0068.jpg 1 13 16 68 68
1386_0045_0054_0038_0038.jpg 1 45 54 38 38
1387_0007_0028_0065_0065.jpg 1 7 28 65 65
1388_0023_0035_0030_0030.jpg 1 23 35 30 30
1389_0025_0015_0053_0053.jpg 1 25 15 53 53
1390_0012_0054_0032_0032.jpg 1 12 54 32 32
1391_0056_0042_0031_0031.jpg 1 56 42 31 31
1392_0017_0027_0042_0042.jpg 1 17 27 42 42
1393_0030_0029_0057_0057.jpg 1 30 29 57 57
1394_0015_0004_0063_0063.jpg 1 15 4 63 63
1395_0008_0058_0030_0030.jpg 1 8 58 30 30
1396_0010_0031_0055_0055.jpg 1 10 31 55 55
1397_0005_0021_0066_0066.jpg 1 5 21 66 66
1398_0009_0029_0043_0043.jpg 1 9 29 43 43
1399_0022_0006_0052_0052.jpg 1 22 6 52 52
1400_0055_0012_0030_0030.jpg 1 55 12 30 30
1401_0034_0005_0060_0060.jpg 1 34 5 60 60
1402_0020_0027_0027_0027.jpg 1 20 27 27 27
1403_0026_0012_0069_0069.jpg 1 26 12 69 69
1404_0007_0011_0068_0068.jpg 1 7 11 68 68
1405_0041_0047_0032_0032.jpg 1 41 47 32 32
1406_0031_0036_0040_0040.jpg 1 31 36 40 40
1407_0051_0010_0038_0038.jpg 1 51 10 38 38
1408_0004_0005_0064_0064.jpg 1 4 5 64 64
1409_0037_0014_0032_0032.jpg 1 37 14 32 32
1410_0029_0042_0035_0035.jpg 1 29 42 35 35
1411_0027_0036_0043_0043.jpg 1 27 36 43 43
1412_0033_0018_0055_0055.jpg 1 33 18 55 55
1413_0032_0015_0052_0052.jpg 1 32 15 52 52
1414_0006_0010_0035_0035.jpg 1 6 10 35 35
1415_0033_0014_0059_0059.jpg 1 33 14 59 59
1416_0032_0020_0047_0047.jpg 1 32 20 47 47
1417_0020_0059_0024_0024.jpg 1 20 59 24 24
1418_0041_0019_0046_0046.jpg 1 41 19 46 46
1419_0026_0019_0049_0049.jpg 1 26 19 49 49
1420_0005_0040_0054_0054.jpg 1 5 40 54 54
1421_0039_0024_0025_0025.jpg 1 39 24 25 25
1422_0015_0015_0041_0041.jpg 1 15 15 41 41
1423_0042_0012_0035_0035.jpg 1 42 12 35 35
1424_0012_0050_0034_0034.jpg 1 12 50 34 34
1425_0036_0043_0049_0049.jpg 1 36 43 49 49
1426_0018_0059_0034_0034.jpg 1 18 59 34 34
1427_0016_0020_0024_0024.jpg 1 16 20 24 24
1428_0033_0041_0046_0046.jpg 1 33 41 46 46
1429_0027_0011_0069_0069.jpg 1 27 11 69 69
1430_0047_0046_0027_0027.jpg 1 47 46 27 27
1431_0034_0035_0026_0026.jpg 1 34 35 26 26
1432_0043_0013_0038_0038.jpg 1 43 13 38 38
1433_0044_0043_0041_0041.jpg 1 44 43 41 41
1434_0035_0018_0025_0025.jpg 1 35 18 25 25
1435_0021_0026_0069_0069.jpg 1 21 26 69 69
1436_0035_0043_0050_0050.jpg 1 35 43 50 50
1437_0014_0004_0060_0060.jpg 1 14 4 60 60
1438_0008_0038_0053_0053.jpg 1 8 38 53 53
1439_0012_0012_0047_0047.jpg 1 12 12 47 47
1440_0018_0018_0042_0042.jpg 1 18 18 42 42
1441_0013_0027_0068_0068.jpg 1 13 27 68 68
1442_0008_0019_0069_0069.jpg 1 8 19 69 69
1443_0054_0022_0028_0028.jpg 1 54 22 28 28
1444_0027_0048_0025_0025.jpg 1 27 48 25 25
1445_0012_0031_0060_0060.jpg 1 12 31 60 60
1446_0014_0017_0069_0069.jpg 1 14 17 69 69
1447_0030_0008_0062_0062.jpg 1 30 8 62 62
1448_0048_0023_0046_0046.jpg 1 48 23 46 46
1449_0028_0054_0039_0039.jpg 1 28 54 39 39
1450_0037_0038_0047_0047.jpg 1 37 38 47 47
1451_0045_0043_0036_0036.jpg 1 45 43 36 36
1452_0041_0048_0036_0036.jpg 1 41 48 36 36
1453_0021_0042_0035_0035.jpg 1 21 42 35 35
1454_0011_0047_0042_0042.jpg 1 11 47 42 42
1455_0041_0006_0052_0052.jpg 1 41 6 52 52
1456_0010_0005_0065_0065.jpg 1 10 5 65 65
1457_0020_0013_0066_0066.jpg 1 20 13 66 66
1458_0037_0015_0041_0041.jpg 1 37 15 41 41
1459_0011_0039_0036_0036.jpg 1 11 39 36 36
1460_0026_0018_0026_0026.jpg 1 26 18 26 26
1461_0019_0030_0041_0041.jpg 1 19 30 41 41
1462_0038_0033_0043_0043.jpg 1 38 33 43 43
1463_0009_0011_0050_0050.jpg 1 9 11 50 50
1464_0030_0015_0055_0055.jpg 1 30 15 55 55
1465_0020_0017_0065_0065.jpg 1 20 17 65 65
1466_0038_0062_0028_0028.jpg 1 38 62 28 28
1467_0048_0049_0037_0037.jpg 1 48 49 37 37
1468_0051_0019_0033_0033.jpg 1 51 19 33 33
1469_0058_0046_0027_0027.jpg 1 58 46 27 27
1470_0041_0017_0044_0044.jpg 1 41 17 44 44
1471_0008_0004_0067_0067.jpg 1 8 4 67 67
1472_0019_0055_0032_0032.jpg 1 19 55 32 32
1473_0031_0030_0050_0050.jpg 1 31 30 50 50
1474_0007_0005_0069_0069.jpg 1 7 5 69 69
1475_0037_0017_0048_0048.jpg 1 37 17 48 48
1476_0046_0045_0036_0036.jpg 1 46 45 36 36
1477_0060_0014_0031_0031.jpg 1 60 14 31 31
1478_0055_0039_0027_0027.jpg 1 55 39 27 27
1479_0038_0021_0036_0036.jpg 1 38 21 36 36
1480_0044_0054_0027_0027.jpg 1 44 54 27 27
1481_0011_0008_0057_0057.jpg 1 11 8 57 57
1482_0021_0034_0051_0051.jpg 1 21 34 51 51
1483_0032_0016_0051_0051.jpg 1 32 16 51 51
1484_0006_0030_0051_0051.jpg 1 6 30 51 51
1485_0032_0058_0027_0027.jpg 1 32 58 27 27
1486_0018_0026_0065_0065.jpg 1 18 26 65 65
1487_0016_0036_0031_0031.jpg 1 16 36 31 31
1488_0036_0006_0052_0052.jpg 1 36 6 52 52
1489_0022_0033_0043_0043.jpg 1 22 33 43 43
1490_0050_0015_0027_0027.jpg 1 50 15 27 27
1491_0021_0029_0052_0052.jpg 1 21 29 52 52
1492_0057_0022_0033_0033.jpg 1 57 22 33 33
1493_0010_0012_0031_0031.jpg 1 10 12 31 31
1494_0037_0066_0026_0026.jpg 1 37 66 26 26
1495_0016_0011_0030_0030.jpg 1 16 11 30 30
1496_0028_0030_0041_0041.jpg 1 28 30 41 41
1497_0023_0008_0030_0030.jpg 1 23 8 30 30
1498_0012_0030_0065_0065.jpg 1 12 30 65 65
1499_0020_0020_0042_0042.jpg 1 20 20 42 42
1500_0028_0017_0064_0064.jpg 1 28 17 64 64
1501_0030_0018_0043_0043.jpg 1 30 18 43 43
1502_0050_0009_0026_0026.jpg 1 50 9 26 26
1503_0027_0029_0054_0054.jpg 1 27 29 54 54
1504_0023_0008_0068_0068.jpg 1 23 8 68 68
1505_0029_0033_0042_0042.jpg 1 29 33 42 42
1506_0017_0022_0054_0054.jpg 1 17 22 54 54
1507_0017_0055_0025_0025.jpg 1 17 55 25 25
1508_0044_0037_0045_0045.jpg 1 44 37 45 45
1509_0052_0016_0026_0026.jpg 1 52 16 26 26
1510_0013_0030_0064_0064.jpg 1 13 30 64 64
1511_0041_0011_0053_0053.jpg 1 41 11 53 53
1512_0045_0008_0046_0046.jpg 1 45 8 46 46
1513_0031_0049_0030_0030.jpg 1 31 49 30 30
1514_0026_0028_0032_0032.jpg 1 26 28 32 32
1515_0003_0017_0069_0069.jpg 1 3 17 69 69
1516_0038_0039_0047_0047.jpg 1 38 39 47 47
1517_0019_0031_0050_0050.jpg 1 19 31 50 50
1518_0026_0054_0030_0030.jpg 1 26 54 30 30
1519_0043_0058_0035_0035.jpg 1 43 58 35 35
1520_0015_0040_0045_0045.jpg 1 15 40 45 45
1521_0033_0030_0063_0063.jpg 1 33 30 63 63
1522_0020_0049_0041_0041.jpg 1 20 49 41 41
1523_0033_0056_0037_0037.jpg 1 33 56 37 37
1524_0011_0041_0042_0042.jpg 1 11 41 42 42
1525_0031_0043_0050_0050.jpg 1 31 43 50 50
1526_0035_0029_0039_0039.jpg 1 35 29 39 39
1527_0029_0021_0064_0064.jpg 1 29 21 64 64
1528_0012_0015_0031_0031.jpg 1 12 15 31 31
1529_0016_0023_0053_0053.jpg 1 16 23 53 53
1530_0027_0030_0062_0062.jpg 1 27 30 62 62
1531_0036_0050_0037_0037.jpg 1 36 50 37 37
1532_0038_0044_0039_0039.jpg 1 38 44 39 39
1533_0027_0016_0067_0067.jpg 1 27 16 67 67
1534_0009_0013_0060_0060.jpg 1 9 13 60 60
1535_0024_0006_0048_0048.jpg 1 24 6 48 48
1536_0023_0026_0035_0035.jpg 1 23 26 35 35
1537_0044_0020_0029_0029.jpg 1 44 20 29 29
1538_0026_0010_0048_0048.jpg 1 26 10 48 48
1539_0039_0047_0041_0041.jpg 1 39 47 41 41
1540_0027_0022_0037_0037.jpg 1 27 22 37 37
1541_0017_0011_0033_0033.jpg 1 17 11 33 33
1542_0011_0018_0061_0061.jpg 1 11 18 61 61
1543_0009_0017_0055_0055.jpg 1 9 17 55 55
1544_0007_0018_0065_0065.jpg 1 7 18 65 65
1545_0013_0004_0056_0056.jpg 1 13 4 56 56
1546_0028_0023_0059_0059.jpg 1 28 23 59 59
1547_0015_0047_0034_0034.jpg 1 15 47 34 34
1548_0035_0011_0051_0051.jpg 1 35 11 51 51
1549_0059_0014_0029_0029.jpg 1 59 14 29 29
1550_0037_0023_0052_0052.jpg 1 37 23 52 52
1551_0046_0020_0024_0024.jpg 1 46 20 24 24
1552_0037_0035_0056_0056.jpg 1 37 35 56 56
1553_0061_0061_0024_0024.jpg 1 61 61 24 24
1554_0028_0018_0066_0066.jpg 1 28 18 66 66
1555_0025_0018_0046_0046.jpg 1 25 18 46 46
1556_0035_0007_0026_0026.jpg 1 35 7 26 26
1557_0006_0025_0068_0068.jpg 1 6 25 68 68
1558_0049_0007_0043_0043.jpg 1 49 7 43 43
1559_0026_0029_0045_0045.jpg 1 26 29 45 45
1560_0006_0010_0060_0060.jpg 1 6 10 60 60
1561_0008_0021_0043_0043.jpg 1 8 21 43 43
1562_0022_0014_0033_0033.jpg 1 22 14 33 33
1563_0012_0012_0057_0057.jpg 1 12 12 57 57
1564_0034_0030_0058_0058.jpg 1 34 30 58 58
1565_0029_0024_0039_0039.jpg 1 29 24 39 39
1566_0049_0050_0040_0040.jpg 1 49 50 40 40
1567_0025_0044_0036_0036.jpg 1 25 44 36 36
1568_0013_0042_0031_0031.jpg 1 13 42 31 31
1569_0018_0004_0065_0065.jpg 1 18 4 65 65
1570_0062_0061_0024_0024.jpg 1 62 61 24 24
1571_0047_0052_0031_0031.jpg 1 47 52 31 31
1572_0013_0009_0058_0058.jpg 1 13 9 58 58
1573_0008_0050_0043_0043.jpg 1 8 50 43 43
1574_0029_0041_0038_0038.jpg 1 29 41 38 38
1575_0022_0020_0030_0030.jpg 1 22 20 30 30
1576_0005_0011_0058_0058.jpg 1 5 11 58 58
1577_0020_0028_0068_0068.jpg 1 20 28 68 68
1578_0008_0013_0066_0066.jpg 1 8 13 66 66
1579_0011_0027_0068_0068.jpg 1 11 27 68 68
1580_0009_0014_0062_0062.jpg 1 9 14 62 62
1581_0013_0055_0034_0034.jpg 1 13 55 34 34
1582_0024_0055_0025_0025.jpg 1 24 55 25 25
1583_0059_0037_0031_0031.jpg 1 59 37 31 31
1584_0017_0026_0052_0052.jpg 1 17 26 52 52
1585_0021_0012_0059_0059.jpg 1 21 12 59 59
1586_0023_0025_0069_0069.jpg 1 23 25 69 69
1587_0032_0036_0047_0047.jpg 1 32 36 47 47
1588_0030_0006_0065_0065.jpg 1 30 6 65 65
1589_0058_0031_0032_0032.jpg 1 58 31 32 32
1590_0006_0045_0049_0049.jpg 1 6 45 49 49
1591_0011_0025_0068_0068.jpg 1 11 25 68 68
1592_0011_0013_0044_0044.jpg 1 11 13 44 44
1593_0032_0005_0060_0060.jpg 1 32 5 60 60
1594_0012_0058_0034_0034.jpg 1 12 58 34 34
1595_0033_0024_0052_0052.jpg 1 33 24 52 52
1596_0017_0026_0064_0064.jpg 1 17 26 64 64
1597_0019_0005_0068_0068.jpg 1 19 5 68 68
1598_0027_0025_0056_0056.jpg 1 27 25 56 56
1599_0015_0033_0062_0062.jpg 1 15 33 62 62
1600_0050_0006_0032_0032.jpg 1 50 6 32 32
1601_0019_0027_0059_0059.jpg 1 19 27 59 59
1602_0008_0062_0028_0028.jpg 1 8 62 28 28
1603_0038_0020_0045_0045.jpg 1 38 20 45 45
1604_0025_0016_0055_0055.jpg 1 25 16 55 55
1605_0024_0034_0048_0048.jpg 1 24 34 48 48
1606_0016_0017_0028_0028.jpg 1 16 17 28 28
1607_0053_0040_0027_0027.jpg 1 53 40 27 27
1608_0031_0031_0058_0058.jpg 1 31 31 58 58
1609_0062_0018_0028_0028.jpg 1 62 18 28 28
1610_0022_0010_0024_0024.jpg 1 22 10 24 24
1611_0019_0031_0053_0053.jpg 1 19 31 53 53
1612_0042_0043_0028_0028.jpg 1 42 43 28 28
1613_0029_0038_0047_0047.jpg 1 29 38 47 47
1614_0036_0043_0048_0048.jpg 1 36 43 48 48
1615_0057_0051_0035_0035.jpg 1 57 51 35 35
1616_0047_0055_0033_0033.jpg 1 47 55 33 33
1617_0006_0019_0062_0062.jpg 1 6 19 62 62
1618_0019_0012_0058_0058.jpg 1 19 12 58 58
1619_0019_0050_0029_0029.jpg 1 19 50 29 29
1620_0016_0018_0052_0052.jpg 1 16 18 52 52
1621_0044_0020_0037_0037.jpg 1 44 20 37 37
1622_0024_0023_0060_0060.jpg 1 24 23 60 60
1623_0054_0016_0038_0038.jpg 1 54 16 38 38
1624_0026_0038_0052_0052.jpg 1 26 38 52 52
1625_0042_0061_0024_0024.jpg 1 42 61 24 24
1626_0039_0007_0031_0031.jpg 1 39 7 31 31
1627_0010_0030_0035_0035.jpg 1 10 30 35 35
1628_0008_0026_0033_0033.jpg 1 8 26 33 33
1629_0055_0032_0034_0034.jpg 1 55 32 34 34
1630_0013_0018_0059_0059.jpg 1 13 18 59 59
1631_0036_0056_0025_0025.jpg 1 36 56 25 25
1632_0016_0007_0069_0069.jpg 1 16 7 69 69
1633_0025_0013_0062_0062.jpg 1 25 13 62 62
1634_0040_0009_0043_0043.jpg 1 40 9 43 43
1635_0018_0033_0051_0051.jpg 1 18 33 51 51
1636_0015_0022_0064_0064.jpg 1 15 22 64 64
1637_0033_0009_0033_0033.jpg 1 33 9 33 33
1638_0049_0036_0044_0044.jpg 1 49 36 44 44
1639_0033_0054_0032_0032.jpg 1 33 54 32 32
1640_0019_0042_0040_0040.jpg 1 19 42 40 40
1641_0046_0030_0040_0040.jpg 1 46 30 40 40
1642_0034_0015_0042_0042.jpg 1 34 15 42 42
1643_0011_0058_0027_0027.jpg 1 11 58 27 27
1644_0032_0015_0047_0047.jpg 1 32 15 47 47
1645_0015_0023_0058_0058.jpg 1 15 23 58 58
1646_0032_0027_0060_0060.jpg 1 32 27 60 60
1647_0029_0026_0050_0050.jpg 1 29 26 50 50
1648_0027_0015_0062_0062.jpg 1 27 15 62 62
1649_0063_0057_0024_0024.jpg 1 63 57 24 24
1650_0027_0005_0068_0068.jpg 1 27 5 68 68
1651_0021_0017_0059_0059.jpg 1 21 17 59 59
1652_0030_0006_0053_0053.jpg 1 30 6 53 53
1653_0030_0036_0029_0029.jpg 1 30 36 29 29
1654_0044_0010_0031_0031.jpg 1 44 10 31 31
1655_0011_0026_0033_0033.jpg 1 11 26 33 33
1656_0030_0007_0047_0047.jpg 1 30 7 47 47
1657_0048_0015_0035_0035.jpg 1 48 15 35 35
1658_0017_0030_0049_0049.jpg 1 17 30 49 49
1659_0011_0011_0066_0066.jpg 1 11 11 66 66
1660_0026_0026_0059_0059.jpg 1 26 26 59 59
1661_0056_0025_0036_0036.jpg 1 56 25 36 36
1662_0045_0061_0025_0025.jpg 1 45 61 25 25
1663_0038_0036_0050_0050.jpg 1 38 36 50 50
1664_0043_0060_0032_0032.jpg 1 43 60 32 32
1665_0030_0051_0031_0031.jpg 1 30 51 31 31
1666_0035_0032_0030_0030.jpg 1 35 32 30 30
1667_0029_0010_0065_0065.jpg 1 29 10 65 65
1668_0036_0031_0053_0053.jpg 1 36 31 53 53
1669_0041_0040_0040_0040.jpg 1 41 40 40 40
1670_0006_0045_0048_0048.jpg 1 6 45 48 48
1671_0004_0031_0062_0062.jpg 1 4 31 62 62
1672_0010_0008_0067_0067.jpg 1 10 8 67 67
1673_0015_0033_0038_0038.jpg 1 15 33 38 38
1674_0019_0009_0052_0052.jpg 1 19 9 52 52
1675_0034_0046_0026_0026.jpg 1 34 46 26 26
1676_0048_0040_0035_0035.jpg 1 48 40 35 35
1677_0005_0033_0054_0054.jpg 1 5 33 54 54
1678_0029_0012_0049_0049.jpg 1 29 12 49 49
1679_0007_0027_0030_0030.jpg 1 7 27 30 30
1680_0014_0023_0054_0054.jpg 1 14 23 54 54
1681_0026_0025_0059_0059.jpg 1 26 25 59 59
1682_0021_0015_0053_0053.jpg 1 21 15 53 53
1683_0008_0014_0037_0037.jpg 1 8 14 37 37
1684_0041_0058_0033_0033.jpg 1 41 58 33 33
1685_0018_0026_0069_0069.jpg 1 18 26 69 69
1686_0017_0013_0068_0068.jpg 1 17 13 68 68
1687_0021_0051_0034_0034.jpg 1 21 51 34 34
1688_0008_0044_0026_0026.jpg 1 8 44 26 26
1689_0028_0051_0033_0033.jpg 1 28 51 33 33
1690_0041_0036_0041_0041.jpg 1 41 36 41 41
1691_0008_0019_0065_0065.jpg 1 8 19 65 65
1692_0019_0006_0066_0066.jpg 1 19 6 66 66
1693_0026_0012_0068_0068.jpg 1 26 12 68 68
1694_0011_0019_0056_0056.jpg 1 11 19 56 56
1695_0018_0035_0060_0060.jpg 1 18 35 60 60
1696_0021_0020_0038_0038.jpg 1 21 20 38 38
1697_0038_0035_0050_0050.jpg 1 38 35 50 50
1698_0031_0049_0044_0044.jpg 1 31 49 44 44
1699_0038_0005_0054_0054.jpg 1 38 5 54 54
1700_0016_0018_0058_0058.jpg 1 16 18 58 58
1701_0035_0025_0035_0035.jpg 1 35 25 35 35
1702_0046_0042_0034_0034.jpg 1 46 42 34 34
1703_0024_0038_0042_0042.jpg 1 24 38 42 42
1704_0044_0014_0038_0038.jpg 1 44 14 38 38
1705_0045_0026_0041_0041.jpg 1 45 26 41 41
1706_0031_0013_0042_0042.jpg 1 31 13 42 42
1707_0019_0060_0027_0027.jpg 1 19 60 27 27
1708_0013_0012_0037_0037.jpg 1 13 12 37 37
1709_0025_0011_0068_0068.jpg 1 25 11 68 68
1710_0023_0020_0069_0069.jpg 1 23 20 69 69
1711_0012_0018_0061_0061.jpg 1 12 18 61 61
1712_0042_0022_0043_0043.jpg 1 42 22 43 43
1713_0034_0048_0031_0031.jpg 1 34 48 31 31
1714_0042_0022_0043_0043.jpg 1 42 22 43 43
1715_0016_0015_0051_0051.jpg 1 16 15 51 51
1716_0024_0014_0047_0047.jpg 1 24 14 47 47
1717_0041_0059_0027_0027.jpg 1 41 59 27 27
1718_0014_0050_0026_0026.jpg 1 14 50 26 26
1719_0023_0032_0034_0034.jpg 1 23 32 34 34
1720_0012_0010_0062_0062.jpg 1 12 10 62 62
1721_0017_0038_0034_0034.jpg 1 17 38 34 34
1722_0024_0010_0047_0047.jpg 1 24 10 47 47
1723_0011_0036_0045_0045.jpg 1 11 36 45 45
1724_0016_0026_0044_0044.jpg 1 16 26 44 44
1725_0010_0024_0062_0062.jpg 1 10 24 62 62
1726_0010_0047_0030_0030.jpg 1 10 47 30 30
1727_0063_0014_0029_0029.jpg 1 63 14 29 29
1728_0042_0049_0027_0027.jpg 1 42 49 27 27
1729_0029_0040_0054_0054.jpg 1 29 40 54 54
1730_0045_0015_0046_0046.jpg 1 45 15 46 46
1731_0016_0007_0042_0042.jpg 1 16 7 42 42
1732_0026_0022_0030_0030.jpg 1 26 22 30 30
1733_0022_0057_0030_0030.jpg 1 22 57 30 30
1734_0004_0031_0061_0061.jpg 1 4 31 61 61
1735_0019_0050_0037_0037.jpg 1 19 50 37 37
1736_0027_0005_0064_0064.jpg 1 27 5 64 64
1737_0008_0020_0064_0064.jpg 1 8 20 64 64
1738_0041_0011_0043_0043.jpg 1 41 11 43 43
1739_0013_0031_0058_0058.jpg 1 13 31 58 58
1740_0063_0047_0024_0024.jpg 1 63 47 24 24
1741_0030_0014_0044_0044.jpg 1 30 14 44 44
1742_0011_0021_0062_0062.jpg 1 11 21 62 62
1743_0020_0005_0056_0056.jpg 1 20 5 56 56
1744_0060_0020_0028_0028.jpg 1 60 20 28 28
1745_0044_0041_0048_0048.jpg 1 44 41 48 48
1746_0060_0027_0027_0027.jpg 1 60 27 27 27
1747_0037_0046_0034_0034.jpg 1 37 46 34 34
1748_0034_0047_0044_0044.jpg 1 34 47 44 44
1749_0027_0015_0027_0027.jpg 1 27 15 27 27
1750_0014_0011_0067_0067.jpg 1 14 11 67 67
1751_0059_0036_0032_0032.jpg 1 59 36 32 32
1752_0045_0029_0047_0047.jpg 1 45 29 47 47
1753_0021_0039_0024_0024.jpg 1 21 39 24 24
1754_0016_0029_0064_0064.jpg 1 16 29 64 64
1755_0041_0049_0044_0044.jpg 1 41 49 44 44
1756_0037_0021_0053_0053.jpg 1 37 21 53 53
1757_0026_0023_0067_0067.jpg 1 26 23 67 67
1758_0007_0055_0026_0026.jpg 1 7 55 26 26
1759_0006_0038_0035_0035.jpg 1 6 38 35 35
1760_0007_0025_0062_0062.jpg 1 7 25 62 62
1761_0011_0041_0046_0046.jpg 1 11 41 46 46
1762_0008_0029_0054_0054.jpg 1 8 29 54 54
1763_0027_0020_0063_0063.jpg 1 27 20 63 63
1764_0047_0062_0026_0026.jpg 1 47 62 26 26
1765_0015_0020_0056_0056.jpg 1 15 20 56 56
1766_0030_0014_0024_0024.jpg 1 30 14 24 24
1767_0006_0011_0064_0064.jpg 1 6 11 64 64
1768_0034_0031_0050_0050.jpg 1 34 31 50 50
1769_0037_0024_0033_0033.jpg 1 37 24 33 33
1770_0020_0012_0064_0064.jpg 1 20 12 64 64
1771_0060_0048_0031_0031.jpg 1 60 48 31 31
1772_0005_0016_0066_0066.jpg 1 5 16 66 66
1773_0058_0039_0032_0032.jpg 1 58 39 32 32
1774_0035_0053_0028_0028.jpg 1 35 53 28 28
1775_0037_0027_0025_0025.jpg 1 37 27 25 25
1776_0025_0028_0046_0046.jpg 1 25 28 46 46
1777_0008_0030_0057_0057.jpg 1 8 30 57 57
1778_0033_0028_0062_0062.jpg 1 33 28 62 62
1779_0014_0004_0060_0060.jpg 1 14 4 60 60
1780_0025_0010_0061_0061.jpg 1 25 10 61 61
1781_0011_0007_0043_0043.jpg 1 11 7 43 43
1782_0031_0018_0063_0063.jpg 1 31 18 63 63
1783_0046_0048_0044_0044.jpg 1 46 48 44 44
1784_0006_0013_0061_0061.jpg 1 6 13 61 61
1785_0067_0031_0024_0024.jpg 1 67 31 24 24
1786_0024_0007_0059_0059.jpg 1 24 7 59 59
1787_0039_0038_0049_0049.jpg 1 39 38 49 49
1788_0017_0042_0045_0045.jpg 1 17 42 45 45
1789_0035_0028_0043_0043.jpg 1 35 28 43 43
1790_0013_0029_0025_0025.jpg 1 13 29 25 25
1791_0041_0036_0052_0052.jpg 1 41 36 52 52
1792_0042_0027_0050_0050.jpg 1 42 27 50 50
1793_0042_0060_0031_0031.jpg 1 42 60 31 31
1794_0011_0003_0065_0065.jpg 1 11 3 65 65
1795_0030_0005_0055_0055.jpg 1 30 5 55 55
1796_0058_0033_0034_0034.jpg 1 58 33 34 34
1797_0021_0015_0062_0062.jpg 1 21 15 62 62
1798_0026_0005_0058_0058.jpg 1 26 5 58 58
1799_0043_0006_0041_0041.jpg 1 43 6 41 41
1800_0033_0018_0059_0059.jpg 1 33 18 59 59
1801_0008_0014_0034_0034.jpg 1 8 14 34 34
1802_0020_0022_0066_0066.jpg 1 20 22 66 66
1803_0014_0026_0062_0062.jpg 1 14 26 62 62
1804_0026_0024_0054_0054.jpg 1 26 24 54 54
1805_0016_0052_0029_0029.jpg 1 16 52 29 29
1806_0019_0009_0053_0053.jpg 1 19 9 53 53
1807_0045_0009_0030_0030.jpg 1 45 9 30 30
1808_0010_0021_0065_0065.jpg 1 10 21 65 65
1809_0028_0012_0062_0062.jpg 1 28 12 62 62
1810_0025_0005_0050_0050.jpg 1 25 5 50 50
1811_0012_0029_0040_0040.jpg 1 12 29 40 40
1812_0038_0027_0046_0046.jpg 1 38 27 46 46
1813_0020_0029_0053_0053.jpg 1 20 29 53 53
1814_0030_0041_0046_0046.jpg 1 30 41 46 46
1815_0028_0009_0038_0038.jpg 1 28 9 38 38
1816_0030_0005_0065_0065.jpg 1 30 5 65 65
1817_0038_0014_0038_0038.jpg 1 38 14 38 38
1818_0017_0025_0029_0029.jpg 1 17 25 29 29
1819_0028_0058_0032_0032.jpg 1 28 58 32 32
1820_0016_0012_0064_0064.jpg 1 16 12 64 64
1821_0030_0022_0024_0024.jpg 1 30 22 24 24
1822_0014_0012_0059_0059.jpg 1 14 12 59 59
1823_0007_0026_0058_0058.jpg 1 7 26 58 58
1824_0039_0039_0039_0039.jpg 1 39 39 39 39
1825_0022_0030_0065_0065.jpg 1 22 30 65 65
1826_0027_0020_0068_0068.jpg 1 27 20 68 68
1827_0048_0053_0024_0024.jpg 1 48 53 24 24
1828_0014_0038_0051_0051.jpg 1 14 38 51 51
1829_0018_0012_0068_0068.jpg 1 18 12 68 68
1830_0019_0041_0037_0037.jpg 1 19 41 37 37
1831_0037_0022_0039_0039.jpg 1 37 22 39 39
1832_0023_0017_0039_0039.jpg 1 23 17 39 39
1833_0022_0008_0048_0048.jpg 1 22 8 48 48
1834_0034_0028_0046_0046.jpg 1 34 28 46 46
1835_0045_0056_0030_0030.jpg 1 45 56 30 30
1836_0032_0007_0058_0058.jpg 1 32 7 58 58
1837_0032_0007_0050_0050.jpg 1 32 7 50 50
1838_0033_0005_0058_0058.jpg 1 33 5 58 58
1839_0009_0043_0049_0049.jpg 1 9 43 49 49
1840_0014_0005_0054_0054.jpg 1 14 5 54 54
1841_0052_0058_0032_0032.jpg 1 52 58 32 32
1842_0023_0020_0039_0039.jpg 1 23 20 39 39
1843_0031_0044_0048_0048.jpg 1 31 44 48 48
1844_0035_0007_0036_0036.jpg 1 35 7 36 36
1845_0016_0019_0057_0057.jpg 1 16 19 57 57
1846_0028_0050_0036_0036.jpg 1 28 50 36 36
1847_0013_0034_0058_0058.jpg 1 13 34 58 58
1848_0014_0007_0044_0044.jpg 1 14 7 44 44
1849_0015_0018_0060_0060.jpg 1 15 18 60 60
1850_0016_0026_0063_0063.jpg 1 16 26 63 63
1851_0026_0016_0037_0037.jpg 1 26 16 37 37
1852_0016_0057_0030_0030.jpg 1 16 57 30 30
1853_0037_0032_0027_0027.jpg 1 37 32 27 27
1854_0041_0035_0038_0038.jpg 1 41 35 38 38
1855_0012_0030_0057_0057.jpg 1 12 30 57 57
1856_0023_0019_0065_0065.jpg 1 23 19 65 65
1857_0008_0027_0032_0032.jpg 1 8 27 32 32
1858_0009_0020_0069_0069.jpg 1 9 20 69 69
1859_0004_0019_0058_0058.jpg 1 4 19 58 58
1860_0008_0009_0036_0036.jpg 1 8 9 36 36
1861_0024_0030_0034_0034.jpg 1 24 30 34 34
1862_0024_0028_0041_0041.jpg 1 24 28 41 41
1863_0042_0035_0028_0028.jpg 1 42 35 28 28
1864_0024_0026_0047_0047.jpg 1 24 26 47 47
1865_0065_0020_0024_0024.jpg 1 65 20 24 24
1866_0048_0034_0031_0031.jpg 1 48 34 31 31
1867_0019_0004_0066_0066.jpg 1 19 4 66 66
1868_0022_0031_0027_0027.jpg 1 22 31 27 27
1869_0045_0011_0030_0030.jpg 1 45 11 30 30
1870_0009_0047_0032_0032.jpg 1 9 47 32 32
1871_0065_0039_0027_0027.jpg 1 65 39 27 27
1872_0025_0048_0037_0037.jpg 1 25 48 37 37
1873_0028_0028_0056_0056.jpg 1 28 28 56 56
1874_0027_0043_0048_0048.jpg 1 27 43 48 48
1875_0030_0016_0046_0046.jpg 1 30 16 46 46
1876_0016_0032_0052_0052.jpg 1 16 32 52 52
1877_0042_0019_0027_0027.jpg 1 42 19 27 27
1878_0017_0012_0063_0063.jpg 1 17 12 63 63
1879_0027_0023_0053_0053.jpg 1 27 23 53 53
1880_0035_0007_0046_0046.jpg 1 35 7 46 46
1881_0026_0014_0045_0045.jpg 1 26 14 45 45
1882_0006_0049_0042_0042.jpg 1 6 49 42 42
1883_0051_0030_0043_0043.jpg 1 51 30 43 43
1884_0020_0004_0060_0060.jpg 1 20 4 60 60
1885_0016_0005_0069_0069.jpg 1 16 5 69 69
1886_0024_0010_0034_0034.jpg 1 24 10 34 34
1887_0008_0010_0066_0066.jpg 1 8 10 66 66
1888_0006_0010_0045_0045.jpg 1 6 10 45 45
1889_0006_0025_0064_0064.jpg 1 6 25 64 64
1890_0013_0016_0029_0029.jpg 1 13 16 29 29
1891_0025_0035_0049_0049.jpg 1 25 35 49 49
1892_0049_0006_0041_0041.jpg 1 49 6 41 41
1893_0024_0011_0069_0069.jpg 1 24 11 69 69
1894_0023_0022_0047_0047.jpg 1 23 22 47 47
1895_0029_0008_0047_0047.jpg 1 29 8 47 47
1896_0027_0030_0032_0032.jpg 1 27 30 32 32
1897_0044_0042_0024_0024.jpg 1 44 42 24 24
1898_0014_0051_0042_0042.jpg 1 14 51 42 42
1899_0034_0015_0054_0054.jpg 1 34 15 54 54
1900_0012_0034_0057_0057.jpg 1 12 34 57 57
1901_0014_0024_0052_0052.jpg 1 14 24 52 52
1902_0036_0017_0025_0025.jpg 1 36 17 25 25
1903_0028_0014_0028_0028.jpg 1 28 14 28 28
1904_0006_0030_0049_0049.jpg 1 6 30 49 49
1905_0034_0016_0054_0054.jpg 1 34 16 54 54
1906_0031_0028_0040_0040.jpg 1 31 28 40 40
1907_0035_0042_0038_0038.jpg 1 35 42 38 38
1908_0025_0038_0055_0055.jpg 1 25 38 55 55
1909_0018_0040_0052_0052.jpg 1 18 40 52 52
1910_0019_0026_0064_0064.jpg 1 19 26 64 64
1911_0008_0032_0042_0042.jpg 1 8 32 42 42
1912_0043_0063_0027_0027.jpg 1 43 63 27 27
1913_0012_0014_0061_0061.jpg 1 12 14 61 61
1914_0010_0008_0060_0060.jpg 1 10 8 60 60
1915_0022_0026_0054_0054.jpg 1 22 26 54 54
1916_0013_0013_0053_0053.jpg 1 13 13 53 53
1917_0055_0016_0035_0035.jpg 1 55 16 35 35
1918_0017_0030_0065_0065.jpg 1 17 30 65 65
1919_0022_0023_0056_0056.jpg 1 22 23 56 56
1920_0030_0047_0040_0040.jpg 1 30 47 40 40
1921_0023_0008_0065_0065.jpg 1 23 8 65 65
1922_0031_0023_0065_0065.jpg 1 31 23 65 65
1923_0003_0016_0066_0066.jpg 1 3 16 66 66
1924_0046_0042_0039_0039.jpg 1 46 42 39 39
1925_0011_0020_0052_0052.jpg 1 11 20 52 52
1926_0027_0020_0069_0069.jpg 1 27 20 69 69
1927_0058_0054_0027_0027.jpg 1 58 54 27 27
1928_0049_0055_0030_0030.jpg 1 49 55 30 30
1929_0034_0004_0060_0060.jpg 1 34 4 60 60
1930_0064_0061_0025_0025.jpg 1 64 61 25 25
1931_0025_0014_0065_0065.jpg 1 25 14 65 65
1932_0035_0014_0057_0057.jpg 1 35 14 57 57
1933_0041_0039_0047_0047.jpg 1 41 39 47 47
1934_0042_0035_0038_0038.jpg 1 42 35 38 38
1935_0012_0025_0063_0063.jpg 1 12 25 63 63
1936_0024_0019_0061_0061.jpg 1 24 19 61 61
1937_0024_0015_0059_0059.jpg 1 24 15 59 59
1938_0029_0010_0067_0067.jpg 1 29 10 67 67
1939_0044_0012_0042_0042.jpg 1 44 12 42 42
1940_0022_0013_0038_0038.jpg 1 22 13 38 38
1941_0064_0032_0024_0024.jpg 1 64 32 24 24
1942_0047_0024_0026_0026.jpg 1 47 24 26 26
1943_0051_0028_0028_0028.jpg 1 51 28 28 28
1944_0039_0025_0040_0040.jpg 1 39 25 40 40
1945_0005_0031_0064_0064.jpg 1 5 31 64 64
1946_0038_0028_0041_0041.jpg 1 38 28 41 41
1947_0056_0053_0030_0030.jpg 1 56 53 30 30
1948_0020_0009_0056_0056.jpg 1 20 9 56 56
1949_0006_0025_0038_0038.jpg 1 6 25 38 38
1950_0036_0027_0058_0058.jpg 1 36 27 58 58
