0001_0052_0057_0035_0035.jpg 1 52 57 35 35
0002_0010_0013_0067_0067.jpg 1 10 13 67 67
0003_0033_0037_0029_0029.jpg 1 33 37 29 29
0004_0045_0017_0047_0047.jpg 1 45 17 47 47
0005_0035_0054_0030_0030.jpg 1 35 54 30 30
0006_0028_0021_0045_0045.jpg 1 28 21 45 45
0007_0028_0015_0058_0058.jpg 1 28 15 58 58
0008_0057_0050_0033_0033.jpg 1 57 50 33 33
0009_0044_0027_0046_0046.jpg 1 44 27 46 46
0010_0023_0017_0042_0042.jpg 1 23 17 42 42
0011_0007_0005_0058_0058.jpg 1 7 5 58 58
0012_0019_0024_0060_0060.jpg 1 19 24 60 60
0013_0025_0003_0067_0067.jpg 1 25 3 67 67
0014_0028_0011_0051_0051.jpg 1 28 11 51 51
0015_0032_0008_0049_0049.jpg 1 32 8 49 49
0016_0045_0035_0031_0031.jpg 1 45 35 31 31
0017_0020_0044_0035_0035.jpg 1 20 44 35 35
0018_0040_0032_0054_0054.jpg 1 40 32 54 54
0019_0031_0020_0062_0062.jpg 1 31 20 62 62
0020_0021_0016_0053_0053.jpg 1 21 16 53 53
0021_0020_0005_0055_0055.jpg 1 20 5 55 55
0022_0010_0044_0026_0026.jpg 1 10 44 26 26
0023_0026_0033_0035_0035.jpg 1 26 33 35 35
0024_0026_0014_0057_0057.jpg 1 26 14 57 57
0025_0019_0008_0047_0047.jpg 1 19 8 47 47
0026_0007_0016_0069_0069.jpg 1 7 16 69 69
0027_0019_0032_0055_0055.jpg 1 19 32 55 55
0028_0009_0016_0050_0050.jpg 1 9 16 50 50
0029_0004_0028_0064_0064.jpg 1 4 28 64 64
0030_0033_0020_0059_0059.jpg 1 33 20 59 59
0031_0029_0030_0054_0054.jpg 1 29 30 54 54
0032_0006_0019_0069_0069.jpg 1 6 19 69 69
0033_0032_0028_0059_0059.jpg 1 32 28 59 59
0034_0063_0010_0029_0029.jpg 1 63 10 29 29
0035_0022_0007_0067_0067.jpg 1 22 7 67 67
0036_0020_0040_0050_0050.jpg 1 20 40 50 50
0037_0021_0032_0042_0042.jpg 1 21 32 42 42
0038_0015_0048_0024_0024.jpg 1 15 48 24 24
0039_0034_0038_0056_0056.jpg 1 34 38 56 56
0040_0004_0005_0064_0064.jpg 1 4 5 64 64
0041_0043_0036_0045_0045.jpg 1 43 36 45 45
0042_0027_0064_0024_0024.jpg 1 27 64 24 24
0043_0020_0009_0067_0067.jpg 1 20 9 67 67
0044_0043_0012_0037_0037.jpg 1 43 12 37 37
0045_0034_0031_0057_0057.jpg 1 34 31 57 57
0046_0013_0012_0048_0048.jpg 1 13 12 48 48
0047_0030_0018_0048_0048.jpg 1 30 18 48 48
0048_0029_0021_0066_0066.jpg 1 29 21 66 66
0049_0040_0034_0039_0039.jpg 1 40 34 39 39
0050_0011_0013_0061_0061.jpg 1 11 13 61 61
0051_0015_0020_0039_0039.jpg 1 15 20 39 39
0052_0063_0017_0028_0028.jpg 1 63 17 28 28
0053_0036_0019_0027_0027.jpg 1 36 19 27 27
0054_0030_0012_0053_0053.jpg 1 30 12 53 53
0055_0013_0030_0049_0049.jpg 1 13 30 49 49
0056_0008_0030_0036_0036.jpg 1 8 30 36 36
0057_0015_0021_0054_0054.jpg 1 15 21 54 54
0058_0015_0023_0061_0061.jpg 1 15 23 61 61
0059_0029_0029_0055_0055.jpg 1 29 29 55 55
0060_0056_0027_0033_0033.jpg 1 56 27 33 33
0061_0045_0037_0048_0048.jpg 1 45 37 48 48
0062_0016_0036_0058_0058.jpg 1 16 36 58 58
0063_0010_0009_0032_0032.jpg 1 10 9 32 32
0064_0017_0022_0059_0059.jpg 1 17 22 59 59
0065_0015_0044_0039_0039.jpg 1 15 44 39 39
0066_0054_0040_0038_0038.jpg 1 54 40 38 38
0067_0038_0011_0044_0044.jpg 1 38 11 44 44
0068_0003_0006_0065_0065.jpg 1 3 6 65 65
0069_0024_0011_0051_0051.jpg 1 24 11 51 51
0070_0025_0010_0036_0036.jpg 1 25 10 36 36
0071_0041_0055_0027_0027.jpg 1 41 55 27 27
0072_0042_0006_0042_0042.jpg 1 42 6 42 42
0073_0027_0009_0046_0046.jpg 1 27 9 46 46
0074_0024_0027_0066_0066.jpg 1 24 27 66 66
0075_0026_0037_0034_0034.jpg 1 26 37 34 34
0076_0008_0019_0069_0069.jpg 1 8 19 69 69
0077_0017_0019_0066_0066.jpg 1 17 19 66 66
0078_0013_0017_0057_0057.jpg 1 13 17 57 57
0079_0009_0009_0064_0064.jpg 1 9 9 64 64
0080_0036_0039_0029_0029.jpg 1 36 39 29 29
0081_0007_0032_0033_0033.jpg 1 7 32 33 33
0082_0033_0020_0043_0043.jpg 1 33 20 43 43
0083_0060_0008_0032_0032.jpg 1 60 8 32 32
0084_0015_0008_0061_0061.jpg 1 15 8 61 61
0085_0027_0007_0054_0054.jpg 1 27 7 54 54
0086_0015_0018_0068_0068.jpg 1 15 18 68 68
0087_0019_0021_0051_0051.jpg 1 19 21 51 51
0088_0023_0027_0060_0060.jpg 1 23 27 60 60
0089_0020_0022_0054_0054.jpg 1 20 22 54 54
0090_0013_0032_0043_0043.jpg 1 13 32 43 43
0091_0012_0040_0045_0045.jpg 1 12 40 45 45
0092_0031_0013_0063_0063.jpg 1 31 13 63 63
0093_0014_0010_0064_0064.jpg 1 14 10 64 64
0094_0006_0022_0048_0048.jpg 1 6 22 48 48
0095_0023_0023_0069_0069.jpg 1 23 23 69 69
0096_0032_0050_0036_0036.jpg 1 32 50 36 36
0097_0003_0019_0067_0067.jpg 1 3 19 67 67
0098_0014_0022_0067_0067.jpg 1 14 22 67 67
0099_0004_0016_0056_0056.jpg 1 4 16 56 56
0100_0015_0026_0051_0051.jpg 1 15 26 51 51
0101_0014_0015_0035_0035.jpg 1 14 15 35 35
0102_0022_0019_0063_0063.jpg 1 22 19 63 63
0103_0035_0024_0058_0058.jpg 1 35 24 58 58
0104_0035_0018_0054_0054.jpg 1 35 18 54 54
0105_0037_0009_0056_0056.jpg 1 37 9 56 56
0106_0037_0025_0029_0029.jpg 1 37 25 29 29
0107_0022_0046_0042_0042.jpg 1 22 46 42 42
0108_0015_0007_0031_0031.jpg 1 15 7 31 31
0109_0008_0010_0025_0025.jpg 1 8 10 25 25
0110_0019_0006_0062_0062.jpg 1 19 6 62 62
0111_0014_0037_0025_0025.jpg 1 14 37 25 25
0112_0032_0008_0050_0050.jpg 1 32 8 50 50
0113_0037_0017_0027_0027.jpg 1 37 17 27 27
0114_0006_0017_0066_0066.jpg 1 6 17 66 66
0115_0027_0036_0028_0028.jpg 1 27 36 28 28
0116_0045_0005_0048_0048.jpg 1 45 5 48 48
0117_0031_0005_0059_0059.jpg 1 31 5 59 59
0118_0033_0033_0057_0057.jpg 1 33 33 57 57
0119_0019_0055_0028_0028.jpg 1 19 55 28 28
0120_0025_0015_0067_0067.jpg 1 25 15 67 67
0121_0035_0007_0031_0031.jpg 1 35 7 31 31
0122_0032_0022_0041_0041.jpg 1 32 22 41 41
0123_0020_0005_0057_0057.jpg 1 20 5 57 57
0124_0043_0012_0045_0045.jpg 1 43 12 45 45
0125_0051_0011_0042_0042.jpg 1 51 11 42 42
0126_0030_0025_0060_0060.jpg 1 30 25 60 60
0127_0036_0006_0056_0056.jpg 1 36 6 56 56
0128_0013_0050_0034_0034.jpg 1 13 50 34 34
0129_0033_0032_0038_0038.jpg 1 33 32 38 38
0130_0017_0028_0058_0058.jpg 1 17 28 58 58
0131_0026_0013_0057_0057.jpg 1 26 13 57 57
0132_0018_0055_0037_0037.jpg 1 18 55 37 37
0133_0036_0024_0030_0030.jpg 1 36 24 30 30
0134_0017_0027_0054_0054.jpg 1 17 27 54 54
0135_0032_0013_0059_0059.jpg 1 32 13 59 59
0136_0018_0026_0065_0065.jpg 1 18 26 65 65
0137_0046_0030_0026_0026.jpg 1 46 30 26 26
0138_0005_0011_0061_0061.jpg 1 5 11 61 61
0139_0055_0045_0024_0024.jpg 1 55 45 24 24
0140_0007_0039_0028_0028.jpg 1 7 39 28 28
0141_0046_0058_0033_0033.jpg 1 46 58 33 33
0142_0014_0029_0061_0061.jpg 1 14 29 61 61
0143_0049_0007_0031_0031.jpg 1 49 7 31 31
0144_0023_0023_0046_0046.jpg 1 23 23 46 46
0145_0013_0041_0046_0046.jpg 1 13 41 46 46
0146_0036_0036_0054_0054.jpg 1 36 36 54 54
0147_0041_0012_0041_0041.jpg 1 41 12 41 41
0148_0052_0050_0036_0036.jpg 1 52 50 36 36
0149_0007_0046_0043_0043.jpg 1 7 46 43 43
0150_0042_0044_0029_0029.jpg 1 42 44 29 29
0151_0006_0027_0054_0054.jpg 1 6 27 54 54
0152_0010_0027_0042_0042.jpg 1 10 27 42 42
0153_0036_0005_0056_0056.jpg 1 36 5 56 56
0154_0012_0010_0059_0059.jpg 1 12 10 59 59
0155_0015_0016_0058_0058.jpg 1 15 16 58 58
0156_0010_0019_0065_0065.jpg 1 10 19 65 65
0157_0043_0015_0042_0042.jpg 1 43 15 42 42
0158_0018_0036_0047_0047.jpg 1 18 36 47 47
0159_0024_0039_0035_0035.jpg 1 24 39 35 35
0160_0033_0037_0052_0052.jpg 1 33 37 52 52
0161_0040_0044_0027_0027.jpg 1 40 44 27 27
0162_0033_0008_0040_0040.jpg 1 33 8 40 40
0163_0008_0027_0038_0038.jpg 1 8 27 38 38
0164_0009_0031_0038_0038.jpg 1 9 31 38 38
0165_0026_0024_0068_0068.jpg 1 26 24 68 68
0166_0013_0053_0031_0031.jpg 1 13 53 31 31
0167_0026_0012_0055_0055.jpg 1 26 12 55 55
0168_0027_0046_0035_0035.jpg 1 27 46 35 35
0169_0021_0026_0062_0062.jpg 1 21 26 62 62
0170_0054_0028_0039_0039.jpg 1 54 28 39 39
0171_0015_0010_0063_0063.jpg 1 15 10 63 63
0172_0040_0015_0049_0049.jpg 1 40 15 49 49
0173_0059_0061_0028_0028.jpg 1 59 61 28 28
0174_0018_0037_0036_0036.jpg 1 18 37 36 36
0175_0017_0031_0056_0056.jpg 1 17 31 56 56
0176_0017_0031_0063_0063.jpg 1 17 31 63 63
0177_0058_0045_0025_0025.jpg 1 58 45 25 25
0178_0014_0012_0029_0029.jpg 1 14 12 29 29
0179_0055_0006_0037_0037.jpg 1 55 6 37 37
0180_0047_0038_0036_0036.jpg 1 47 38 36 36
0181_0050_0010_0039_0039.jpg 1 50 10 39 39
0182_0025_0011_0050_0050.jpg 1 25 11 50 50
0183_0041_0051_0038_0038.jpg 1 41 51 38 38
0184_0050_0032_0034_0034.jpg 1 50 32 34 34
0185_0034_0037_0037_0037.jpg 1 34 37 37 37
0186_0031_0047_0046_0046.jpg 1 31 47 46 46
0187_0010_0019_0068_0068.jpg 1 10 19 68 68
0188_0027_0027_0051_0051.jpg 1 27 27 51 51
0189_0042_0020_0049_0049.jpg 1 42 20 49 49
0190_0038_0009_0057_0057.jpg 1 38 9 57 57
0191_0062_0026_0026_0026.jpg 1 62 26 26 26
0192_0028_0049_0040_0040.jpg 1 28 49 40 40
0193_0016_0013_0068_0068.jpg 1 16 13 68 68
0194_0046_0012_0026_0026.jpg 1 46 12 26 26
0195_0019_0003_0068_0068.jpg 1 19 3 68 68
0196_0016_0017_0069_0069.jpg 1 16 17 69 69
0197_0022_0029_0051_0051.jpg 1 22 29 51 51
0198_0004_0007_0069_0069.jpg 1 4 7 69 69
0199_0053_0030_0038_0038.jpg 1 53 30 38 38
0200_0027_0025_0069_0069.jpg 1 27 25 69 69
0201_0022_0032_0043_0043.jpg 1 22 32 43 43
0202_0022_0007_0068_0068.jpg 1 22 7 68 68
0203_0022_0045_0045_0045.jpg 1 22 45 45 45
0204_0035_0041_0038_0038.jpg 1 35 41 38 38
0205_0010_0021_0067_0067.jpg 1 10 21 67 67
0206_0030_0004_0063_0063.jpg 1 30 4 63 63
0207_0009_0034_0052_0052.jpg 1 9 34 52 52
0208_0028_0027_0044_0044.jpg 1 28 27 44 44
0209_0037_0045_0037_0037.jpg 1 37 45 37 37
0210_0062_0064_0024_0024.jpg 1 62 64 24 24
0211_0036_0016_0036_0036.jpg 1 36 16 36 36
0212_0029_0047_0046_0046.jpg 1 29 47 46 46
0213_0025_0008_0041_0041.jpg 1 25 8 41 41
0214_0024_0052_0024_0024.jpg 1 24 52 24 24
0215_0027_0056_0035_0035.jpg 1 27 56 35 35
0216_0015_0025_0042_0042.jpg 1 15 25 42 42
0217_0066_0049_0024_0024.jpg 1 66 49 24 24
0218_0020_0010_0036_0036.jpg 1 20 10 36 36
0219_0038_0037_0029_0029.jpg 1 38 37 29 29
0220_0042_0040_0032_0032.jpg 1 42 40 32 32
0221_0008_0055_0032_0032.jpg 1 8 55 32 32
0222_0032_0010_0042_0042.jpg 1 32 10 42 42
0223_0040_0031_0024_0024.jpg 1 40 31 24 24
0224_0026_0024_0062_0062.jpg 1 26 24 62 62
0225_0013_0036_0024_0024.jpg 1 13 36 24 24
0226_0021_0043_0050_0050.jpg 1 21 43 50 50
0227_0008_0031_0060_0060.jpg 1 8 31 60 60
0228_0043_0041_0037_0037.jpg 1 43 41 37 37
0229_0020_0055_0035_0035.jpg 1 20 55 35 35
0230_0005_0017_0053_0053.jpg 1 5 17 53 53
0231_0031_0041_0028_0028.jpg 1 31 41 28 28
0232_0033_0023_0059_0059.jpg 1 33 23 59 59
0233_0015_0041_0037_0037.jpg 1 15 41 37 37
0234_0012_0018_0064_0064.jpg 1 12 18 64 64
0235_0022_0021_0057_0057.jpg 1 22 21 57 57
0236_0020_0005_0046_0046.jpg 1 20 5 46 46
0237_0019_0010_0064_0064.jpg 1 19 10 64 64
0238_0032_0014_0032_0032.jpg 1 32 14 32 32
0239_0020_0043_0042_0042.jpg 1 20 43 42 42
0240_0010_0017_0052_0052.jpg 1 10 17 52 52
0241_0016_0029_0060_0060.jpg 1 16 29 60 60
0242_0020_0059_0030_0030.jpg 1 20 59 30 30
0243_0053_0055_0038_0038.jpg 1 53 55 38 38
0244_0052_0028_0038_0038.jpg 1 52 28 38 38
0245_0027_0031_0063_0063.jpg 1 27 31 63 63
0246_0026_0011_0050_0050.jpg 1 26 11 50 50
0247_0035_0036_0057_0057.jpg 1 35 36 57 57
0248_0024_0058_0033_0033.jpg 1 24 58 33 33
0249_0019_0016_0053_0053.jpg 1 19 16 53 53
0250_0015_0023_0069_0069.jpg 1 15 23 69 69
0251_0040_0025_0043_0043.jpg 1 40 25 43 43
0252_0025_0018_0066_0066.jpg 1 25 18 66 66
0253_0053_0028_0034_0034.jpg 1 53 28 34 34
0254_0015_0013_0030_0030.jpg 1 15 13 30 30
0255_0043_0025_0039_0039.jpg 1 43 25 39 39
0256_0040_0037_0033_0033.jpg 1 40 37 33 33
0257_0050_0017_0034_0034.jpg 1 50 17 34 34
0258_0029_0008_0052_0052.jpg 1 29 8 52 52
0259_0027_0030_0037_0037.jpg 1 27 30 37 37
0260_0014_0041_0038_0038.jpg 1 14 41 38 38
0261_0019_0034_0043_0043.jpg 1 19 34 43 43
0262_0018_0008_0059_0059.jpg 1 18 8 59 59
0263_0019_0016_0064_0064.jpg 1 19 16 64 64
0264_0058_0043_0024_0024.jpg 1 58 43 24 24
0265_0010_0016_0038_0038.jpg 1 10 16 38 38
0266_0008_0032_0037_0037.jpg 1 8 32 37 37
0267_0035_0006_0043_0043.jpg 1 35 6 43 43
0268_0016_0034_0049_0049.jpg 1 16 34 49 49
0269_0028_0060_0024_0024.jpg 1 28 60 24 24
0270_0007_0013_0042_0042.jpg 1 7 13 42 42
0271_0045_0008_0038_0038.jpg 1 45 8 38 38
0272_0060_0055_0032_0032.jpg 1 60 55 32 32
0273_0046_0007_0036_0036.jpg 1 46 7 36 36
0274_0035_0037_0047_0047.jpg 1 35 37 47 47
0275_0006_0016_0065_0065.jpg 1 6 16 65 65
0276_0012_0045_0045_0045.jpg 1 12 45 45 45
0277_0008_0029_0053_0053.jpg 1 8 29 53 53
0278_0028_0024_0068_0068.jpg 1 28 24 68 68
0279_0029_0006_0054_0054.jpg 1 29 6 54 54
0280_0024_0015_0036_0036.jpg 1 24 15 36 36
0281_0005_0022_0068_0068.jpg 1 5 22 68 68
0282_0036_0010_0054_0054.jpg 1 36 10 54 54
0283_0050_0018_0038_0038.jpg 1 50 18 38 38
0284_0035_0018_0030_0030.jpg 1 35 18 30 30
0285_0043_0021_0034_0034.jpg 1 43 21 34 34
0286_0007_0029_0050_0050.jpg 1 7 29 50 50
0287_0020_0036_0055_0055.jpg 1 20 36 55 55
0288_0029_0026_0042_0042.jpg 1 29 26 42 42
0289_0043_0042_0039_0039.jpg 1 43 42 39 39
0290_0021_0013_0068_0068.jpg 1 21 13 68 68
0291_0035_0022_0060_0060.jpg 1 35 22 60 60
0292_0006_0009_0063_0063.jpg 1 6 9 63 63
0293_0005_0007_0057_0057.jpg 1 5 7 57 57
0294_0024_0025_0061_0061.jpg 1 24 25 61 61
0295_0011_0019_0056_0056.jpg 1 11 19 56 56
0296_0007_0017_0066_0066.jpg 1 7 17 66 66
0297_0054_0044_0038_0038.jpg 1 54 44 38 38
0298_0050_0037_0026_0026.jpg 1 50 37 26 26
0299_0037_0019_0054_0054.jpg 1 37 19 54 54
0300_0016_0005_0062_0062.jpg 1 16 5 62 62
0301_0048_0061_0031_0031.jpg 1 48 61 31 31
0302_0005_0037_0045_0045.jpg 1 5 37 45 45
0303_0005_0033_0052_0052.jpg 1 5 33 52 52
0304_0028_0019_0068_0068.jpg 1 28 19 68 68
0305_0011_0042_0029_0029.jpg 1 11 42 29 29
0306_0011_0010_0051_0051.jpg 1 11 10 51 51
0307_0025_0022_0062_0062.jpg 1 25 22 62 62
0308_0007_0025_0037_0037.jpg 1 7 25 37 37
0309_0029_0020_0059_0059.jpg 1 29 20 59 59
0310_0027_0028_0052_0052.jpg 1 27 28 52 52
0311_0010_0011_0068_0068.jpg 1 10 11 68 68
0312_0018_0018_0068_0068.jpg 1 18 18 68 68
0313_0011_0051_0030_0030.jpg 1 11 51 30 30
0314_0008_0026_0061_0061.jpg 1 8 26 61 61
0315_0019_0006_0033_0033.jpg 1 19 6 33 33
0316_0013_0024_0057_0057.jpg 1 13 24 57 57
0317_0007_0008_0068_0068.jpg 1 7 8 68 68
0318_0008_0047_0046_0046.jpg 1 8 47 46 46
0319_0036_0014_0025_0025.jpg 1 36 14 25 25
0320_0037_0039_0054_0054.jpg 1 37 39 54 54
0321_0017_0022_0024_0024.jpg 1 17 22 24 24
0322_0033_0022_0058_0058.jpg 1 33 22 58 58
0323_0038_0038_0029_0029.jpg 1 38 38 29 29
0324_0044_0010_0045_0045.jpg 1 44 10 45 45
0325_0013_0014_0031_0031.jpg 1 13 14 31 31
0326_0006_0040_0039_0039.jpg 1 6 40 39 39
0327_0005_0014_0055_0055.jpg 1 5 14 55 55
0328_0016_0033_0042_0042.jpg 1 16 33 42 42
0329_0032_0009_0035_0035.jpg 1 32 9 35 35
0330_0032_0039_0028_0028.jpg 1 32 39 28 28
0331_0014_0052_0028_0028.jpg 1 14 52 28 28
0332_0007_0048_0029_0029.jpg 1 7 48 29 29
0333_0042_0013_0041_0041.jpg 1 42 13 41 41
0334_0015_0017_0044_0044.jpg 1 15 17 44 44
0335_0026_0012_0043_0043.jpg 1 26 12 43 43
0336_0016_0038_0056_0056.jpg 1 16 38 56 56
0337_0029_0012_0054_0054.jpg 1 29 12 54 54
0338_0018_0012_0067_0067.jpg 1 18 12 67 67
0339_0014_0014_0044_0044.jpg 1 14 14 44 44
0340_0024_0017_0047_0047.jpg 1 24 17 47 47
0341_0023_0042_0046_0046.jpg 1 23 42 46 46
0342_0019_0011_0059_0059.jpg 1 19 11 59 59
0343_0017_0020_0056_0056.jpg 1 17 20 56 56
0344_0019_0041_0053_0053.jpg 1 19 41 53 53
0345_0009_0010_0064_0064.jpg 1 9 10 64 64
0346_0049_0042_0044_0044.jpg 1 49 42 44 44
0347_0029_0055_0027_0027.jpg 1 29 55 27 27
0348_0063_0048_0024_0024.jpg 1 63 48 24 24
0349_0036_0007_0050_0050.jpg 1 36 7 50 50
0350_0037_0012_0037_0037.jpg 1 37 12 37 37
0351_0032_0028_0054_0054.jpg 1 32 28 54 54
0352_0005_0030_0065_0065.jpg 1 5 30 65 65
0353_0030_0005_0050_0050.jpg 1 30 5 50 50
0354_0016_0048_0043_0043.jpg 1 16 48 43 43
0355_0007_0015_0067_0067.jpg 1 7 15 67 67
0356_0025_0032_0027_0027.jpg 1 25 32 27 27
0357_0037_0007_0055_0055.jpg 1 37 7 55 55
0358_0020_0018_0057_0057.jpg 1 20 18 57 57
0359_0023_0042_0046_0046.jpg 1 23 42 46 46
0360_0013_0046_0045_0045.jpg 1 13 46 45 45
0361_0006_0051_0039_0039.jpg 1 6 51 39 39
0362_0021_0006_0068_0068.jpg 1 21 6 68 68
0363_0028_0006_0068_0068.jpg 1 28 6 68 68
0364_0014_0032_0042_0042.jpg 1 14 32 42 42
0365_0045_0015_0030_0030.jpg 1 45 15 30 30
0366_0010_0049_0044_0044.jpg 1 10 49 44 44
0367_0008_0020_0028_0028.jpg 1 8 20 28 28
0368_0034_0023_0052_0052.jpg 1 34 23 52 52
0369_0012_0009_0064_0064.jpg 1 12 9 64 64
0370_0025_0059_0031_0031.jpg 1 25 59 31 31
0371_0046_0055_0037_0037.jpg 1 46 55 37 37
0372_0016_0029_0056_0056.jpg 1 16 29 56 56
0373_0037_0046_0048_0048.jpg 1 37 46 48 48
0374_0021_0036_0041_0041.jpg 1 21 36 41 41
0375_0038_0029_0025_0025.jpg 1 38 29 25 25
0376_0014_0047_0045_0045.jpg 1 14 47 45 45
0377_0035_0004_0058_0058.jpg 1 35 4 58 58
0378_0033_0027_0047_0047.jpg 1 33 27 47 47
0379_0022_0029_0065_0065.jpg 1 22 29 65 65
0380_0026_0020_0051_0051.jpg 1 26 20 51 51
0381_0015_0053_0026_0026.jpg 1 15 53 26 26
0382_0018_0025_0034_0034.jpg 1 18 25 34 34
0383_0036_0011_0041_0041.jpg 1 36 11 41 41
0384_0033_0032_0052_0052.jpg 1 33 32 52 52
0385_0033_0020_0040_0040.jpg 1 33 20 40 40
0386_0042_0014_0024_0024.jpg 1 42 14 24 24
0387_0033_0057_0033_0033.jpg 1 33 57 33 33
0388_0005_0022_0064_0064.jpg 1 5 22 64 64
0389_0045_0022_0039_0039.jpg 1 45 22 39 39
0390_0016_0027_0061_0061.jpg 1 16 27 61 61
0391_0034_0012_0050_0050.jpg 1 34 12 50 50
0392_0010_0042_0031_0031.jpg 1 10 42 31 31
0393_0028_0014_0068_0068.jpg 1 28 14 68 68
0394_0028_0008_0053_0053.jpg 1 28 8 53 53
0395_0057_0039_0031_0031.jpg 1 57 39 31 31
0396_0041_0015_0049_0049.jpg 1 41 15 49 49
0397_0024_0003_0068_0068.jpg 1 24 3 68 68
0398_0046_0033_0031_0031.jpg 1 46 33 31 31
0399_0015_0008_0058_0058.jpg 1 15 8 58 58
0400_0016_0016_0025_0025.jpg 1 16 16 25 25
0401_0019_0016_0067_0067.jpg 1 19 16 67 67
0402_0045_0017_0043_0043.jpg 1 45 17 43 43
0403_0006_0009_0039_0039.jpg 1 6 9 39 39
0404_0014_0025_0060_0060.jpg 1 14 25 60 60
0405_0047_0041_0032_0032.jpg 1 47 41 32 32
0406_0007_0023_0063_0063.jpg 1 7 23 63 63
0407_0023_0018_0027_0027.jpg 1 23 18 27 27
0408_0008_0008_0052_0052.jpg 1 8 8 52 52
0409_0031_0012_0038_0038.jpg 1 31 12 38 38
0410_0006_0017_0053_0053.jpg 1 6 17 53 53
0411_0013_0052_0034_0034.jpg 1 13 52 34 34
0412_0019_0041_0026_0026.jpg 1 19 41 26 26
0413_0032_0010_0034_0034.jpg 1 32 10 34 34
0414_0016_0028_0040_0040.jpg 1 16 28 40 40
0415_0010_0007_0064_0064.jpg 1 10 7 64 64
0416_0020_0010_0043_0043.jpg 1 20 10 43 43
0417_0004_0009_0067_0067.jpg 1 4 9 67 67
0418_0010_0035_0047_0047.jpg 1 10 35 47 47
0419_0010_0028_0034_0034.jpg 1 10 28 34 34
0420_0017_0023_0065_0065.jpg 1 17 23 65 65
0421_0011_0008_0058_0058.jpg 1 11 8 58 58
0422_0060_0063_0027_0027.jpg 1 60 63 27 27
0423_0011_0006_0057_0057.jpg 1 11 6 57 57
0424_0015_0009_0031_0031.jpg 1 15 9 31 31
0425_0004_0030_0060_0060.jpg 1 4 30 60 60
0426_0033_0014_0049_0049.jpg 1 33 14 49 49
0427_0006_0012_0040_0040.jpg 1 6 12 40 40
0428_0056_0065_0024_0024.jpg 1 56 65 24 24
0429_0045_0032_0042_0042.jpg 1 45 32 42 42
0430_0019_0008_0044_0044.jpg 1 19 8 44 44
0431_0043_0054_0032_0032.jpg 1 43 54 32 32
0432_0030_0032_0059_0059.jpg 1 30 32 59 59
0433_0014_0019_0032_0032.jpg 1 14 19 32 32
0434_0024_0030_0064_0064.jpg 1 24 30 64 64
0435_0019_0034_0040_0040.jpg 1 19 34 40 40
0436_0013_0020_0026_0026.jpg 1 13 20 26 26
0437_0013_0014_0067_0067.jpg 1 13 14 67 67
0438_0034_0007_0052_0052.jpg 1 34 7 52 52
0439_0036_0032_0038_0038.jpg 1 36 32 38 38
0440_0026_0040_0049_0049.jpg 1 26 40 49 49
0441_0048_0029_0044_0044.jpg 1 48 29 44 44
0442_0021_0051_0030_0030.jpg 1 21 51 30 30
0443_0035_0039_0052_0052.jpg 1 35 39 52 52
0444_0046_0060_0030_0030.jpg 1 46 60 30 30
0445_0045_0066_0025_0025.jpg 1 45 66 25 25
0446_0026_0015_0062_0062.jpg 1 26 15 62 62
0447_0038_0037_0055_0055.jpg 1 38 37 55 55
0448_0006_0033_0060_0060.jpg 1 6 33 60 60
0449_0044_0040_0033_0033.jpg 1 44 40 33 33
0450_0024_0010_0062_0062.jpg 1 24 10 62 62
0451_0006_0030_0056_0056.jpg 1 6 30 56 56
0452_0045_0021_0044_0044.jpg 1 45 21 44 44
0453_0044_0039_0025_0025.jpg 1 44 39 25 25
0454_0053_0055_0036_0036.jpg 1 53 55 36 36
0455_0013_0026_0060_0060.jpg 1 13 26 60 60
0456_0044_0024_0033_0033.jpg 1 44 24 33 33
0457_0023_0015_0025_0025.jpg 1 23 15 25 25
0458_0040_0048_0034_0034.jpg 1 40 48 34 34
0459_0010_0037_0036_0036.jpg 1 10 37 36 36
0460_0048_0017_0034_0034.jpg 1 48 17 34 34
0461_0018_0027_0028_0028.jpg 1 18 27 28 28
0462_0047_0026_0030_0030.jpg 1 47 26 30 30
0463_0030_0037_0056_0056.jpg 1 30 37 56 56
0464_0022_0034_0053_0053.jpg 1 22 34 53 53
0465_0006_0038_0054_0054.jpg 1 6 38 54 54
0466_0029_0037_0037_0037.jpg 1 29 37 37 37
0467_0013_0016_0069_0069.jpg 1 13 16 69 69
0468_0039_0056_0028_0028.jpg 1 39 56 28 28
0469_0008_0037_0040_0040.jpg 1 8 37 40 40
0470_0024_0044_0025_0025.jpg 1 24 44 25 25
0471_0044_0023_0035_0035.jpg 1 44 23 35 35
0472_0007_0021_0058_0058.jpg 1 7 21 58 58
0473_0062_0018_0025_0025.jpg 1 62 18 25 25
0474_0004_0005_0068_0068.jpg 1 4 5 68 68
0475_0025_0030_0024_0024.jpg 1 25 30 24 24
0476_0030_0033_0047_0047.jpg 1 30 33 47 47
0477_0051_0059_0032_0032.jpg 1 51 59 32 32
0478_0043_0044_0049_0049.jpg 1 43 44 49 49
0479_0048_0036_0044_0044.jpg 1 48 36 44 44
0480_0011_0016_0047_0047.jpg 1 11 16 47 47
0481_0024_0024_0064_0064.jpg 1 24 24 64 64
0482_0046_0032_0045_0045.jpg 1 46 32 45 45
0483_0025_0006_0064_0064.jpg 1 25 6 64 64
0484_0037_0054_0029_0029.jpg 1 37 54 29 29
0485_0045_0041_0048_0048.jpg 1 45 41 48 48
0486_0006_0042_0039_0039.jpg 1 6 42 39 39
0487_0005_0013_0055_0055.jpg 1 5 13 55 55
0488_0011_0031_0056_0056.jpg 1 11 31 56 56
0489_0031_0034_0056_0056.jpg 1 31 34 56 56
0490_0053_0028_0039_0039.jpg 1 53 28 39 39
0491_0006_0010_0060_0060.jpg 1 6 10 60 60
0492_0034_0023_0053_0053.jpg 1 34 23 53 53
0493_0034_0011_0032_0032.jpg 1 34 11 32 32
0494_0036_0052_0029_0029.jpg 1 36 52 29 29
0495_0062_0056_0028_0028.jpg 1 62 56 28 28
0496_0023_0040_0054_0054.jpg 1 23 40 54 54
0497_0009_0063_0029_0029.jpg 1 9 63 29 29
0498_0053_0025_0038_0038.jpg 1 53 25 38 38
0499_0043_0038_0044_0044.jpg 1 43 38 44 44
0500_0033_0016_0057_0057.jpg 1 33 16 57 57
0501_0025_0018_0068_0068.jpg 1 25 18 68 68
0502_0035_0019_0060_0060.jpg 1 35 19 60 60
0503_0028_0032_0052_0052.jpg 1 28 32 52 52
0504_0024_0009_0061_0061.jpg 1 24 9 61 61
0505_0040_0010_0033_0033.jpg 1 40 10 33 33
0506_0008_0050_0029_0029.jpg 1 8 50 29 29
0507_0031_0021_0042_0042.jpg 1 31 21 42 42
0508_0019_0033_0054_0054.jpg 1 19 33 54 54
0509_0053_0028_0037_0037.jpg 1 53 28 37 37
0510_0016_0004_0068_0068.jpg 1 16 4 68 68
0511_0038_0030_0051_0051.jpg 1 38 30 51 51
0512_0034_0027_0044_0044.jpg 1 34 27 44 44
0513_0040_0036_0043_0043.jpg 1 40 36 43 43
0514_0027_0023_0064_0064.jpg 1 27 23 64 64
0515_0004_0009_0062_0062.jpg 1 4 9 62 62
0516_0035_0049_0043_0043.jpg 1 35 49 43 43
0517_0030_0028_0065_0065.jpg 1 30 28 65 65
0518_0059_0054_0033_0033.jpg 1 59 54 33 33
0519_0019_0041_0025_0025.jpg 1 19 41 25 25
0520_0009_0005_0063_0063.jpg 1 9 5 63 63
0521_0013_0048_0029_0029.jpg 1 13 48 29 29
0522_0026_0053_0033_0033.jpg 1 26 53 33 33
0523_0044_0060_0026_0026.jpg 1 44 60 26 26
0524_0028_0048_0040_0040.jpg 1 28 48 40 40
0525_0005_0017_0056_0056.jpg 1 5 17 56 56
0526_0051_0024_0039_0039.jpg 1 51 24 39 39
0527_0018_0014_0069_0069.jpg 1 18 14 69 69
0528_0026_0020_0068_0068.jpg 1 26 20 68 68
0529_0014_0049_0044_0044.jpg 1 14 49 44 44
0530_0047_0023_0035_0035.jpg 1 47 23 35 35
0531_0014_0006_0064_0064.jpg 1 14 6 64 64
0532_0015_0025_0068_0068.jpg 1 15 25 68 68
0533_0044_0065_0024_0024.jpg 1 44 65 24 24
0534_0049_0040_0044_0044.jpg 1 49 40 44 44
0535_0037_0007_0056_0056.jpg 1 37 7 56 56
0536_0006_0008_0057_0057.jpg 1 6 8 57 57
0537_0008_0036_0052_0052.jpg 1 8 36 52 52
0538_0037_0043_0030_0030.jpg 1 37 43 30 30
0539_0063_0053_0026_0026.jpg 1 63 53 26 26
0540_0005_0006_0047_0047.jpg 1 5 6 47 47
0541_0024_0012_0065_0065.jpg 1 24 12 65 65
0542_0015_0010_0055_0055.jpg 1 15 10 55 55
0543_0033_0017_0032_0032.jpg 1 33 17 32 32
0544_0053_0017_0027_0027.jpg 1 53 17 27 27
0545_0004_0026_0068_0068.jpg 1 4 26 68 68
0546_0037_0050_0030_0030.jpg 1 37 50 30 30
0547_0006_0019_0069_0069.jpg 1 6 19 69 69
0548_0025_0011_0062_0062.jpg 1 25 11 62 62
0549_0019_0018_0064_0064.jpg 1 19 18 64 64
0550_0005_0020_0067_0067.jpg 1 5 20 67 67
0551_0014_0044_0033_0033.jpg 1 14 44 33 33
0552_0019_0061_0031_0031.jpg 1 19 61 31 31
0553_0019_0011_0067_0067.jpg 1 19 11 67 67
0554_0011_0019_0052_0052.jpg 1 11 19 52 52
0555_0029_0020_0029_0029.jpg 1 29 20 29 29
0556_0009_0027_0069_0069.jpg 1 9 27 69 69
0557_0047_0018_0046_0046.jpg 1 47 18 46 46
0558_0045_0053_0024_0024.jpg 1 45 53 24 24
0559_0057_0015_0026_0026.jpg 1 57 15 26 26
0560_0046_0023_0047_0047.jpg 1 46 23 47 47
0561_0039_0031_0053_0053.jpg 1 39 31 53 53
0562_0016_0020_0058_0058.jpg 1 16 20 58 58
0563_0020_0012_0060_0060.jpg 1 20 12 60 60
0564_0016_0010_0067_0067.jpg 1 16 10 67 67
0565_0019_0052_0039_0039.jpg 1 19 52 39 39
0566_0012_0029_0026_0026.jpg 1 12 29 26 26
0567_0026_0013_0054_0054.jpg 1 26 13 54 54
0568_0028_0026_0048_0048.jpg 1 28 26 48 48
0569_0014_0003_0069_0069.jpg 1 14 3 69 69
0570_0009_0021_0061_0061.jpg 1 9 21 61 61
0571_0031_0015_0060_0060.jpg 1 31 15 60 60
0572_0028_0011_0066_0066.jpg 1 28 11 66 66
0573_0013_0044_0041_0041.jpg 1 13 44 41 41
0574_0053_0037_0025_0025.jpg 1 53 37 25 25
0575_0053_0011_0025_0025.jpg 1 53 11 25 25
0576_0014_0009_0028_0028.jpg 1 14 9 28 28
0577_0021_0016_0029_0029.jpg 1 21 16 29 29
0578_0046_0029_0028_0028.jpg 1 46 29 28 28
0579_0026_0015_0057_0057.jpg 1 26 15 57 57
0580_0009_0016_0069_0069.jpg 1 9 16 69 69
0581_0040_0013_0040_0040.jpg 1 40 13 40 40
0582_0009_0023_0061_0061.jpg 1 9 23 61 61
0583_0008_0019_0024_0024.jpg 1 8 19 24 24
0584_0043_0051_0035_0035.jpg 1 43 51 35 35
0585_0038_0022_0052_0052.jpg 1 38 22 52 52
0586_0022_0021_0068_0068.jpg 1 22 21 68 68
0587_0033_0032_0041_0041.jpg 1 33 32 41 41
0588_0026_0030_0048_0048.jpg 1 26 30 48 48
0589_0008_0016_0045_0045.jpg 1 8 16 45 45
0590_0007_0030_0063_0063.jpg 1 7 30 63 63
0591_0031_0011_0035_0035.jpg 1 31 11 35 35
0592_0031_0019_0062_0062.jpg 1 31 19 62 62
0593_0025_0007_0065_0065.jpg 1 25 7 65 65
0594_0017_0026_0064_0064.jpg 1 17 26 64 64
0595_0006_0026_0061_0061.jpg 1 6 26 61 61
0596_0053_0047_0033_0033.jpg 1 53 47 33 33
0597_0062_0023_0027_0027.jpg 1 62 23 27 27
0598_0044_0043_0036_0036.jpg 1 44 43 36 36
0599_0034_0040_0051_0051.jpg 1 34 40 51 51
0600_0016_0032_0060_0060.jpg 1 16 32 60 60
0601_0025_0020_0064_0064.jpg 1 25 20 64 64
0602_0031_0013_0053_0053.jpg 1 31 13 53 53
0603_0015_0039_0055_0055.jpg 1 15 39 55 55
0604_0010_0061_0032_0032.jpg 1 10 61 32 32
0605_0019_0042_0046_0046.jpg 1 19 42 46 46
0606_0021_0038_0028_0028.jpg 1 21 38 28 28
0607_0020_0017_0067_0067.jpg 1 20 17 67 67
0608_0048_0048_0028_0028.jpg 1 48 48 28 28
0609_0023_0009_0062_0062.jpg 1 23 9 62 62
0610_0034_0062_0024_0024.jpg 1 34 62 24 24
0611_0033_0003_0063_0063.jpg 1 33 3 63 63
0612_0019_0015_0063_0063.jpg 1 19 15 63 63
0613_0021_0019_0025_0025.jpg 1 21 19 25 25
0614_0066_0010_0026_0026.jpg 1 66 10 26 26
0615_0045_0018_0046_0046.jpg 1 45 18 46 46
0616_0005_0036_0051_0051.jpg 1 5 36 51 51
0617_0018_0054_0037_0037.jpg 1 18 54 37 37
0618_0021_0017_0034_0034.jpg 1 21 17 34 34
0619_0048_0043_0025_0025.jpg 1 48 43 25 25
0620_0023_0011_0068_0068.jpg 1 23 11 68 68
0621_0006_0020_0066_0066.jpg 1 6 20 66 66
0622_0006_0024_0033_0033.jpg 1 6 24 33 33
0623_0034_0010_0041_0041.jpg 1 34 10 41 41
0624_0021_0023_0061_0061.jpg 1 21 23 61 61
0625_0007_0015_0055_0055.jpg 1 7 15 55 55
0626_0003_0025_0065_0065.jpg 1 3 25 65 65
0627_0007_0030_0052_0052.jpg 1 7 30 52 52
0628_0042_0033_0047_0047.jpg 1 42 33 47 47
0629_0041_0015_0049_0049.jpg 1 41 15 49 49
0630_0047_0050_0035_0035.jpg 1 47 50 35 35
0631_0023_0022_0051_0051.jpg 1 23 22 51 51
0632_0010_0005_0059_0059.jpg 1 10 5 59 59
0633_0032_0017_0054_0054.jpg 1 32 17 54 54
0634_0036_0006_0047_0047.jpg 1 36 6 47 47
0635_0019_0056_0027_0027.jpg 1 19 56 27 27
0636_0003_0018_0068_0068.jpg 1 3 18 68 68
0637_0047_0064_0028_0028.jpg 1 47 64 28 28
0638_0012_0020_0026_0026.jpg 1 12 20 26 26
0639_0045_0033_0037_0037.jpg 1 45 33 37 37
0640_0030_0038_0044_0044.jpg 1 30 38 44 44
0641_0036_0007_0059_0059.jpg 1 36 7 59 59
0642_0053_0038_0034_0034.jpg 1 53 38 34 34
0643_0026_0034_0058_0058.jpg 1 26 34 58 58
0644_0042_0046_0038_0038.jpg 1 42 46 38 38
0645_0034_0009_0047_0047.jpg 1 34 9 47 47
0646_0039_0018_0037_0037.jpg 1 39 18 37 37
0647_0027_0020_0035_0035.jpg 1 27 20 35 35
0648_0025_0033_0054_0054.jpg 1 25 33 54 54
0649_0021_0025_0054_0054.jpg 1 21 25 54 54
0650_0014_0054_0039_0039.jpg 1 14 54 39 39
0651_0063_0028_0028_0028.jpg 1 63 28 28 28
0652_0013_0006_0066_0066.jpg 1 13 6 66 66
0653_0040_0044_0031_0031.jpg 1 40 44 31 31
0654_0003_0026_0068_0068.jpg 1 3 26 68 68
0655_0057_0064_0026_0026.jpg 1 57 64 26 26
0656_0041_0036_0038_0038.jpg 1 41 36 38 38
0657_0053_0015_0028_0028.jpg 1 53 15 28 28
0658_0019_0020_0042_0042.jpg 1 19 20 42 42
0659_0040_0036_0044_0044.jpg 1 40 36 44 44
0660_0046_0048_0038_0038.jpg 1 46 48 38 38
0661_0013_0034_0056_0056.jpg 1 13 34 56 56
0662_0015_0017_0064_0064.jpg 1 15 17 64 64
0663_0023_0022_0045_0045.jpg 1 23 22 45 45
0664_0045_0049_0029_0029.jpg 1 45 49 29 29
0665_0038_0045_0044_0044.jpg 1 38 45 44 44
0666_0034_0008_0040_0040.jpg 1 34 8 40 40
0667_0041_0026_0044_0044.jpg 1 41 26 44 44
0668_0048_0012_0042_0042.jpg 1 48 12 42 42
0669_0024_0023_0058_0058.jpg 1 24 23 58 58
0670_0036_0015_0048_0048.jpg 1 36 15 48 48
0671_0054_0010_0025_0025.jpg 1 54 10 25 25
0672_0010_0028_0062_0062.jpg 1 10 28 62 62
0673_0028_0014_0064_0064.jpg 1 28 14 64 64
0674_0020_0030_0058_0058.jpg 1 20 30 58 58
0675_0019_0036_0036_0036.jpg 1 19 36 36 36
0676_0017_0039_0034_0034.jpg 1 17 39 34 34
0677_0015_0022_0060_0060.jpg 1 15 22 60 60
0678_0009_0029_0028_0028.jpg 1 9 29 28 28
0679_0010_0034_0028_0028.jpg 1 10 34 28 28
0680_0009_0010_0042_0042.jpg 1 9 10 42 42
0681_0036_0025_0035_0035.jpg 1 36 25 35 35
0682_0030_0021_0057_0057.jpg 1 30 21 57 57
0683_0055_0035_0031_0031.jpg 1 55 35 31 31
0684_0036_0033_0029_0029.jpg 1 36 33 29 29
0685_0012_0031_0028_0028.jpg 1 12 31 28 28
0686_0015_0019_0068_0068.jpg 1 15 19 68 68
0687_0022_0010_0042_0042.jpg 1 22 10 42 42
0688_0028_0053_0036_0036.jpg 1 28 53 36 36
0689_0009_0037_0039_0039.jpg 1 9 37 39 39
0690_0018_0033_0037_0037.jpg 1 18 33 37 37
0691_0013_0043_0050_0050.jpg 1 13 43 50 50
0692_0032_0028_0056_0056.jpg 1 32 28 56 56
0693_0037_0006_0052_0052.jpg 1 37 6 52 52
0694_0029_0034_0047_0047.jpg 1 29 34 47 47
0695_0040_0021_0047_0047.jpg 1 40 21 47 47
0696_0045_0020_0039_0039.jpg 1 45 20 39 39
0697_0016_0005_0069_0069.jpg 1 16 5 69 69
0698_0018_0028_0068_0068.jpg 1 18 28 68 68
0699_0032_0019_0048_0048.jpg 1 32 19 48 48
0700_0042_0028_0043_0043.jpg 1 42 28 43 43
0701_0017_0026_0055_0055.jpg 1 17 26 55 55
0702_0049_0028_0032_0032.jpg 1 49 28 32 32
0703_0027_0039_0043_0043.jpg 1 27 39 43 43
0704_0028_0014_0031_0031.jpg 1 28 14 31 31
0705_0027_0009_0055_0055.jpg 1 27 9 55 55
0706_0032_0018_0046_0046.jpg 1 32 18 46 46
0707_0021_0054_0027_0027.jpg 1 21 54 27 27
0708_0032_0046_0043_0043.jpg 1 32 46 43 43
0709_0032_0043_0048_0048.jpg 1 32 43 48 48
0710_0041_0041_0047_0047.jpg 1 41 41 47 47
0711_0007_0022_0066_0066.jpg 1 7 22 66 66
0712_0017_0025_0068_0068.jpg 1 17 25 68 68
0713_0014_0012_0056_0056.jpg 1 14 12 56 56
0714_0007_0031_0044_0044.jpg 1 7 31 44 44
0715_0008_0020_0043_0043.jpg 1 8 20 43 43
0716_0023_0039_0047_0047.jpg 1 23 39 47 47
0717_0015_0008_0062_0062.jpg 1 15 8 62 62
0718_0046_0034_0047_0047.jpg 1 46 34 47 47
0719_0017_0051_0033_0033.jpg 1 17 51 33 33
0720_0031_0036_0029_0029.jpg 1 31 36 29 29
0721_0009_0028_0062_0062.jpg 1 9 28 62 62
0722_0026_0012_0045_0045.jpg 1 26 12 45 45
0723_0029_0015_0044_0044.jpg 1 29 15 44 44
0724_0048_0038_0039_0039.jpg 1 48 38 39 39
0725_0025_0029_0052_0052.jpg 1 25 29 52 52
0726_0026_0020_0068_0068.jpg 1 26 20 68 68
0727_0011_0038_0039_0039.jpg 1 11 38 39 39
0728_0026_0011_0058_0058.jpg 1 26 11 58 58
0729_0039_0036_0049_0049.jpg 1 39 36 49 49
0730_0040_0010_0052_0052.jpg 1 40 10 52 52
0731_0023_0023_0048_0048.jpg 1 23 23 48 48
0732_0022_0023_0061_0061.jpg 1 22 23 61 61
0733_0013_0005_0055_0055.jpg 1 13 5 55 55
0734_0034_0016_0059_0059.jpg 1 34 16 59 59
0735_0038_0033_0024_0024.jpg 1 38 33 24 24
0736_0017_0025_0061_0061.jpg 1 17 25 61 61
0737_0004_0038_0056_0056.jpg 1 4 38 56 56
0738_0006_0006_0040_0040.jpg 1 6 6 40 40
0739_0037_0026_0053_0053.jpg 1 37 26 53 53
0740_0009_0014_0058_0058.jpg 1 9 14 58 58
0741_0004_0015_0053_0053.jpg 1 4 15 53 53
0742_0009_0011_0062_0062.jpg 1 9 11 62 62
0743_0013_0020_0064_0064.jpg 1 13 20 64 64
0744_0053_0016_0024_0024.jpg 1 53 16 24 24
0745_0030_0046_0047_0047.jpg 1 30 46 47 47
0746_0045_0027_0039_0039.jpg 1 45 27 39 39
0747_0005_0020_0064_0064.jpg 1 5 20 64 64
0748_0018_0026_0058_0058.jpg 1 18 26 58 58
0749_0008_0006_0057_0057.jpg 1 8 6 57 57
0750_0040_0041_0042_0042.jpg 1 40 41 42 42
0751_0038_0042_0027_0027.jpg 1 38 42 27 27
0752_0012_0025_0069_0069.jpg 1 12 25 69 69
0753_0026_0020_0057_0057.jpg 1 26 20 57 57
0754_0025_0013_0065_0065.jpg 1 25 13 65 65
0755_0011_0014_0064_0064.jpg 1 11 14 64 64
0756_0008_0023_0069_0069.jpg 1 8 23 69 69
0757_0017_0022_0026_0026.jpg 1 17 22 26 26
0758_0018_0011_0033_0033.jpg 1 18 11 33 33
0759_0027_0017_0054_0054.jpg 1 27 17 54 54
0760_0024_0040_0048_0048.jpg 1 24 40 48 48
0761_0004_0012_0063_0063.jpg 1 4 12 63 63
0762_0063_0030_0029_0029.jpg 1 63 30 29 29
0763_0028_0021_0055_0055.jpg 1 28 21 55 55
0764_0037_0014_0052_0052.jpg 1 37 14 52 52
0765_0032_0019_0058_0058.jpg 1 32 19 58 58
0766_0022_0042_0049_0049.jpg 1 22 42 49 49
0767_0037_0027_0043_0043.jpg 1 37 27 43 43
0768_0013_0028_0055_0055.jpg 1 13 28 55 55
0769_0008_0044_0047_0047.jpg 1 8 44 47 47
0770_0009_0006_0062_0062.jpg 1 9 6 62 62
0771_0007_0018_0065_0065.jpg 1 7 18 65 65
0772_0007_0052_0032_0032.jpg 1 7 52 32 32
0773_0031_0007_0057_0057.jpg 1 31 7 57 57
0774_0014_0012_0059_0059.jpg 1 14 12 59 59
0775_0045_0035_0036_0036.jpg 1 45 35 36 36
0776_0007_0022_0049_0049.jpg 1 7 22 49 49
0777_0046_0017_0032_0032.jpg 1 46 17 32 32
0778_0017_0025_0034_0034.jpg 1 17 25 34 34
0779_0014_0014_0043_0043.jpg 1 14 14 43 43
0780_0025_0020_0042_0042.jpg 1 25 20 42 42
0781_0030_0020_0046_0046.jpg 1 30 20 46 46
0782_0019_0026_0068_0068.jpg 1 19 26 68 68
0783_0007_0023_0066_0066.jpg 1 7 23 66 66
0784_0026_0030_0065_0065.jpg 1 26 30 65 65
0785_0007_0044_0033_0033.jpg 1 7 44 33 33
0786_0012_0006_0047_0047.jpg 1 12 6 47 47
0787_0027_0029_0060_0060.jpg 1 27 29 60 60
0788_0038_0041_0053_0053.jpg 1 38 41 53 53
0789_0039_0028_0040_0040.jpg 1 39 28 40 40
0790_0017_0007_0050_0050.jpg 1 17 7 50 50
0791_0030_0023_0066_0066.jpg 1 30 23 66 66
0792_0014_0030_0066_0066.jpg 1 14 30 66 66
0793_0008_0036_0056_0056.jpg 1 8 36 56 56
0794_0049_0048_0044_0044.jpg 1 49 48 44 44
0795_0017_0015_0043_0043.jpg 1 17 15 43 43
0796_0017_0035_0039_0039.jpg 1 17 35 39 39
0797_0007_0021_0039_0039.jpg 1 7 21 39 39
0798_0052_0064_0027_0027.jpg 1 52 64 27 27
0799_0021_0041_0042_0042.jpg 1 21 41 42 42
0800_0020_0008_0032_0032.jpg 1 20 8 32 32
0801_0030_0020_0055_0055.jpg 1 30 20 55 55
0802_0006_0035_0041_0041.jpg 1 6 35 41 41
0803_0024_0047_0024_0024.jpg 1 24 47 24 24
0804_0011_0018_0042_0042.jpg 1 11 18 42 42
0805_0033_0015_0042_0042.jpg 1 33 15 42 42
0806_0010_0022_0049_0049.jpg 1 10 22 49 49
0807_0008_0024_0044_0044.jpg 1 8 24 44 44
0808_0011_0013_0049_0049.jpg 1 11 13 49 49
0809_0030_0041_0042_0042.jpg 1 30 41 42 42
0810_0013_0011_0034_0034.jpg 1 13 11 34 34
0811_0006_0014_0052_0052.jpg 1 6 14 52 52
0812_0023_0018_0051_0051.jpg 1 23 18 51 51
0813_0032_0009_0043_0043.jpg 1 32 9 43 43
0814_0046_0028_0048_0048.jpg 1 46 28 48 48
0815_0027_0027_0050_0050.jpg 1 27 27 50 50
0816_0034_0049_0027_0027.jpg 1 34 49 27 27
0817_0032_0013_0047_0047.jpg 1 32 13 47 47
0818_0024_0051_0032_0032.jpg 1 24 51 32 32
0819_0028_0014_0052_0052.jpg 1 28 14 52 52
0820_0039_0009_0053_0053.jpg 1 39 9 53 53
0821_0019_0017_0068_0068.jpg 1 19 17 68 68
0822_0026_0022_0066_0066.jpg 1 26 22 66 66
0823_0026_0005_0058_0058.jpg 1 26 5 58 58
0824_0035_0012_0052_0052.jpg 1 35 12 52 52
0825_0014_0007_0044_0044.jpg 1 14 7 44 44
0826_0024_0021_0062_0062.jpg 1 24 21 62 62
0827_0043_0007_0027_0027.jpg 1 43 7 27 27
0828_0043_0056_0024_0024.jpg 1 43 56 24 24
0829_0062_0017_0025_0025.jpg 1 62 17 25 25
0830_0019_0029_0065_0065.jpg 1 19 29 65 65
0831_0012_0046_0042_0042.jpg 1 12 46 42 42
0832_0034_0015_0050_0050.jpg 1 34 15 50 50
0833_0019_0009_0069_0069.jpg 1 19 9 69 69
0834_0029_0040_0049_0049.jpg 1 29 40 49 49
0835_0015_0021_0044_0044.jpg 1 15 21 44 44
0836_0053_0061_0030_0030.jpg 1 53 61 30 30
0837_0014_0012_0060_0060.jpg 1 14 12 60 60
0838_0021_0011_0062_0062.jpg 1 21 11 62 62
0839_0017_0062_0025_0025.jpg 1 17 62 25 25
0840_0040_0007_0045_0045.jpg 1 40 7 45 45
0841_0014_0014_0069_0069.jpg 1 14 14 69 69
0842_0010_0029_0054_0054.jpg 1 10 29 54 54
0843_0019_0032_0059_0059.jpg 1 19 32 59 59
0844_0025_0013_0061_0061.jpg 1 25 13 61 61
0845_0033_0061_0026_0026.jpg 1 33 61 26 26
0846_0006_0004_0063_0063.jpg 1 6 4 63 63
0847_0013_0048_0032_0032.jpg 1 13 48 32 32
0848_0017_0042_0043_0043.jpg 1 17 42 43 43
0849_0039_0034_0045_0045.jpg 1 39 34 45 45
0850_0026_0062_0026_0026.jpg 1 26 62 26 26
0851_0015_0042_0041_0041.jpg 1 15 42 41 41
0852_0051_0011_0031_0031.jpg 1 51 11 31 31
0853_0049_0029_0035_0035.jpg 1 49 29 35 35
0854_0007_0026_0068_0068.jpg 1 7 26 68 68
0855_0007_0009_0065_0065.jpg 1 7 9 65 65
0856_0012_0037_0055_0055.jpg 1 12 37 55 55
0857_0011_0016_0049_0049.jpg 1 11 16 49 49
0858_0048_0018_0045_0045.jpg 1 48 18 45 45
0859_0041_0047_0036_0036.jpg 1 41 47 36 36
0860_0026_0025_0064_0064.jpg 1 26 25 64 64
0861_0021_0007_0047_0047.jpg 1 21 7 47 47
0862_0045_0032_0045_0045.jpg 1 45 32 45 45
0863_0027_0019_0044_0044.jpg 1 27 19 44 44
0864_0008_0012_0068_0068.jpg 1 8 12 68 68
0865_0026_0006_0041_0041.jpg 1 26 6 41 41
0866_0015_0029_0060_0060.jpg 1 15 29 60 60
0867_0027_0018_0069_0069.jpg 1 27 18 69 69
0868_0006_0004_0061_0061.jpg 1 6 4 61 61
0869_0031_0010_0054_0054.jpg 1 31 10 54 54
0870_0049_0048_0026_0026.jpg 1 49 48 26 26
0871_0028_0037_0037_0037.jpg 1 28 37 37 37
0872_0024_0009_0063_0063.jpg 1 24 9 63 63
0873_0021_0025_0069_0069.jpg 1 21 25 69 69
0874_0043_0048_0027_0027.jpg 1 43 48 27 27
0875_0042_0041_0046_0046.jpg 1 42 41 46 46
0876_0033_0026_0059_0059.jpg 1 33 26 59 59
0877_0015_0036_0058_0058.jpg 1 15 36 58 58
0878_0057_0034_0025_0025.jpg 1 57 34 25 25
0879_0018_0022_0041_0041.jpg 1 18 22 41 41
0880_0018_0045_0048_0048.jpg 1 18 45 48 48
0881_0012_0011_0052_0052.jpg 1 12 11 52 52
0882_0026_0015_0033_0033.jpg 1 26 15 33 33
0883_0026_0016_0054_0054.jpg 1 26 16 54 54
0884_0009_0052_0034_0034.jpg 1 9 52 34 34
0885_0015_0014_0045_0045.jpg 1 15 14 45 45
0886_0012_0027_0068_0068.jpg 1 12 27 68 68
0887_0008_0021_0069_0069.jpg 1 8 21 69 69
0888_0009_0029_0038_0038.jpg 1 9 29 38 38
0889_0021_0034_0056_0056.jpg 1 21 34 56 56
0890_0062_0039_0024_0024.jpg 1 62 39 24 24
0891_0046_0031_0039_0039.jpg 1 46 31 39 39
0892_0040_0033_0025_0025.jpg 1 40 33 25 25
0893_0014_0053_0030_0030.jpg 1 14 53 30 30
0894_0018_0006_0067_0067.jpg 1 18 6 67 67
0895_0008_0019_0050_0050.jpg 1 8 19 50 50
0896_0023_0037_0027_0027.jpg 1 23 37 27 27
0897_0025_0027_0053_0053.jpg 1 25 27 53 53
0898_0013_0016_0041_0041.jpg 1 13 16 41 41
0899_0032_0009_0047_0047.jpg 1 32 9 47 47
0900_0051_0035_0041_0041.jpg 1 51 35 41 41
0901_0013_0008_0039_0039.jpg 1 13 8 39 39
0902_0019_0030_0062_0062.jpg 1 19 30 62 62
0903_0005_0030_0053_0053.jpg 1 5 30 53 53
0904_0012_0025_0064_0064.jpg 1 12 25 64 64
0905_0022_0024_0061_0061.jpg 1 22 24 61 61
0906_0015_0040_0047_0047.jpg 1 15 40 47 47
0907_0014_0006_0069_0069.jpg 1 14 6 69 69
0908_0038_0031_0045_0045.jpg 1 38 31 45 45
0909_0026_0007_0057_0057.jpg 1 26 7 57 57
0910_0028_0018_0052_0052.jpg 1 28 18 52 52
0911_0058_0015_0025_0025.jpg 1 58 15 25 25
0912_0017_0020_0054_0054.jpg 1 17 20 54 54
0913_0041_0009_0053_0053.jpg 1 41 9 53 53
0914_0015_0033_0049_0049.jpg 1 15 33 49 49
0915_0035_0006_0051_0051.jpg 1 35 6 51 51
0916_0010_0011_0069_0069.jpg 1 10 11 69 69
0917_0013_0012_0036_0036.jpg 1 13 12 36 36
0918_0015_0038_0044_0044.jpg 1 15 38 44 44
0919_0021_0021_0062_0062.jpg 1 21 21 62 62
0920_0013_0008_0064_0064.jpg 1 13 8 64 64
0921_0032_0007_0035_0035.jpg 1 32 7 35 35
0922_0018_0036_0032_0032.jpg 1 18 36 32 32
0923_0004_0035_0060_0060.jpg 1 4 35 60 60
0924_0020_0014_0060_0060.jpg 1 20 14 60 60
0925_0009_0012_0059_0059.jpg 1 9 12 59 59
0926_0024_0017_0051_0051.jpg 1 24 17 51 51
0927_0022_0013_0049_0049.jpg 1 22 13 49 49
0928_0006_0041_0052_0052.jpg 1 6 41 52 52
0929_0059_0032_0033_0033.jpg 1 59 32 33 33
0930_0023_0007_0033_0033.jpg 1 23 7 33 33
0931_0036_0040_0043_0043.jpg 1 36 40 43 43
0932_0017_0025_0052_0052.jpg 1 17 25 52 52
0933_0041_0020_0044_0044.jpg 1 41 20 44 44
0934_0033_0019_0053_0053.jpg 1 33 19 53 53
0935_0018_0032_0057_0057.jpg 1 18 32 57 57
0936_0017_0006_0067_0067.jpg 1 17 6 67 67
0937_0019_0050_0040_0040.jpg 1 19 50 40 40
0938_0055_0026_0030_0030.jpg 1 55 26 30 30
0939_0009_0016_0063_0063.jpg 1 9 16 63 63
0940_0062_0013_0030_0030.jpg 1 62 13 30 30
0941_0019_0022_0033_0033.jpg 1 19 22 33 33
0942_0022_0003_0068_0068.jpg 1 22 3 68 68
0943_0011_0007_0065_0065.jpg 1 11 7 65 65
0944_0006_0012_0054_0054.jpg 1 6 12 54 54
0945_0012_0029_0042_0042.jpg 1 12 29 42 42
0946_0025_0021_0035_0035.jpg 1 25 21 35 35
0947_0016_0037_0058_0058.jpg 1 16 37 58 58
0948_0023_0035_0040_0040.jpg 1 23 35 40 40
0949_0010_0006_0047_0047.jpg 1 10 6 47 47
0950_0049_0040_0041_0041.jpg 1 49 40 41 41
0951_0052_0031_0030_0030.jpg 1 52 31 30 30
0952_0032_0043_0045_0045.jpg 1 32 43 45 45
0953_0008_0031_0049_0049.jpg 1 8 31 49 49
0954_0044_0029_0039_0039.jpg 1 44 29 39 39
0955_0011_0033_0028_0028.jpg 1 11 33 28 28
0956_0012_0017_0058_0058.jpg 1 12 17 58 58
0957_0037_0053_0035_0035.jpg 1 37 53 35 35
0958_0032_0025_0062_0062.jpg 1 32 25 62 62
0959_0051_0010_0037_0037.jpg 1 51 10 37 37
0960_0017_0025_0048_0048.jpg 1 17 25 48 48
0961_0028_0027_0044_0044.jpg 1 28 27 44 44
0962_0012_0006_0068_0068.jpg 1 12 6 68 68
0963_0045_0012_0046_0046.jpg 1 45 12 46 46
0964_0037_0035_0056_0056.jpg 1 37 35 56 56
0965_0017_0051_0033_0033.jpg 1 17 51 33 33
0966_0017_0016_0052_0052.jpg 1 17 16 52 52
0967_0010_0039_0036_0036.jpg 1 10 39 36 36
0968_0027_0039_0035_0035.jpg 1 27 39 35 35
0969_0008_0022_0046_0046.jpg 1 8 22 46 46
0970_0048_0055_0033_0033.jpg 1 48 55 33 33
0971_0051_0056_0030_0030.jpg 1 51 56 30 30
0972_0049_0036_0024_0024.jpg 1 49 36 24 24
0973_0038_0008_0045_0045.jpg 1 38 8 45 45
0974_0018_0030_0055_0055.jpg 1 18 30 55 55
0975_0011_0024_0047_0047.jpg 1 11 24 47 47
0976_0013_0011_0031_0031.jpg 1 13 11 31 31
0977_0020_0014_0065_0065.jpg 1 20 14 65 65
0978_0031_0044_0042_0042.jpg 1 31 44 42 42
0979_0012_0056_0032_0032.jpg 1 12 56 32 32
0980_0031_0019_0030_0030.jpg 1 31 19 30 30
0981_0043_0017_0048_0048.jpg 1 43 17 48 48
0982_0032_0017_0050_0050.jpg 1 32 17 50 50
0983_0007_0011_0069_0069.jpg 1 7 11 69 69
0984_0030_0060_0026_0026.jpg 1 30 60 26 26
0985_0015_0018_0058_0058.jpg 1 15 18 58 58
0986_0030_0019_0032_0032.jpg 1 30 19 32 32
0987_0015_0027_0057_0057.jpg 1 15 27 57 57
0988_0007_0004_0055_0055.jpg 1 7 4 55 55
0989_0026_0004_0054_0054.jpg 1 26 4 54 54
0990_0008_0016_0050_0050.jpg 1 8 16 50 50
0991_0048_0041_0024_0024.jpg 1 48 41 24 24
0992_0026_0028_0051_0051.jpg 1 26 28 51 51
0993_0040_0010_0044_0044.jpg 1 40 10 44 44
0994_0015_0017_0039_0039.jpg 1 15 17 39 39
0995_0019_0057_0026_0026.jpg 1 19 57 26 26
0996_0024_0017_0029_0029.jpg 1 24 17 29 29
0997_0024_0032_0028_0028.jpg 1 24 32 28 28
0998_0008_0009_0058_0058.jpg 1 8 9 58 58
0999_0026_0020_0061_0061.jpg 1 26 20 61 61
1000_0052_0021_0041_0041.jpg 1 52 21 41 41
1001_0013_0032_0051_0051.jpg 1 13 32 51 51
1002_0055_0039_0038_0038.jpg 1 55 39 38 38
1003_0006_0032_0041_0041.jpg 1 6 32 41 41
1004_0019_0029_0059_0059.jpg 1 19 29 59 59
1005_0050_0016_0037_0037.jpg 1 50 16 37 37
1006_0025_0053_0032_0032.jpg 1 25 53 32 32
1007_0030_0016_0060_0060.jpg 1 30 16 60 60
1008_0039_0009_0039_0039.jpg 1 39 9 39 39
1009_0054_0056_0030_0030.jpg 1 54 56 30 30
1010_0027_0010_0063_0063.jpg 1 27 10 63 63
1011_0009_0019_0044_0044.jpg 1 9 19 44 44
1012_0010_0014_0069_0069.jpg 1 10 14 69 69
1013_0054_0054_0038_0038.jpg 1 54 54 38 38
1014_0017_0015_0064_0064.jpg 1 17 15 64 64
1015_0026_0042_0035_0035.jpg 1 26 42 35 35
1016_0040_0019_0046_0046.jpg 1 40 19 46 46
1017_0030_0050_0030_0030.jpg 1 30 50 30 30
1018_0029_0010_0057_0057.jpg 1 29 10 57 57
1019_0042_0051_0029_0029.jpg 1 42 51 29 29
1020_0026_0022_0069_0069.jpg 1 26 22 69 69
1021_0028_0027_0065_0065.jpg 1 28 27 65 65
1022_0035_0028_0057_0057.jpg 1 35 28 57 57
1023_0044_0012_0037_0037.jpg 1 44 12 37 37
1024_0008_0016_0051_0051.jpg 1 8 16 51 51
1025_0030_0039_0035_0035.jpg 1 30 39 35 35
1026_0027_0018_0059_0059.jpg 1 27 18 59 59
1027_0037_0052_0038_0038.jpg 1 37 52 38 38
1028_0037_0020_0049_0049.jpg 1 37 20 49 49
1029_0006_0014_0043_0043.jpg 1 6 14 43 43
1030_0053_0050_0036_0036.jpg 1 53 50 36 36
1031_0038_0035_0033_0033.jpg 1 38 35 33 33
1032_0041_0034_0036_0036.jpg 1 41 34 36 36
1033_0027_0011_0029_0029.jpg 1 27 11 29 29
1034_0021_0007_0051_0051.jpg 1 21 7 51 51
1035_0062_0048_0027_0027.jpg 1 62 48 27 27
1036_0023_0019_0061_0061.jpg 1 23 19 61 61
1037_0036_0038_0035_0035.jpg 1 36 38 35 35
1038_0006_0019_0042_0042.jpg 1 6 19 42 42
1039_0016_0056_0036_0036.jpg 1 16 56 36 36
1040_0020_0017_0069_0069.jpg 1 20 17 69 69
1041_0045_0050_0042_0042.jpg 1 45 50 42 42
1042_0043_0015_0050_0050.jpg 1 43 15 50 50
1043_0023_0037_0057_0057.jpg 1 23 37 57 57
1044_0023_0011_0057_0057.jpg 1 23 11 57 57
1045_0030_0010_0056_0056.jpg 1 30 10 56 56
1046_0033_0008_0050_0050.jpg 1 33 8 50 50
1047_0038_0057_0033_0033.jpg 1 38 57 33 33
1048_0040_0037_0043_0043.jpg 1 40 37 43 43
1049_0007_0034_0058_0058.jpg 1 7 34 58 58
1050_0051_0007_0035_0035.jpg 1 51 7 35 35
1051_0026_0029_0066_0066.jpg 1 26 29 66 66
1052_0006_0020_0067_0067.jpg 1 6 20 67 67
1053_0010_0007_0062_0062.jpg 1 10 7 62 62
1054_0035_0027_0051_0051.jpg 1 35 27 51 51
1055_0034_0037_0043_0043.jpg 1 34 37 43 43
1056_0009_0014_0067_0067.jpg 1 9 14 67 67
1057_0039_0030_0029_0029.jpg 1 39 30 29 29
1058_0042_0018_0039_0039.jpg 1 42 18 39 39
1059_0038_0049_0044_0044.jpg 1 38 49 44 44
1060_0040_0033_0028_0028.jpg 1 40 33 28 28
1061_0045_0042_0029_0029.jpg 1 45 42 29 29
1062_0041_0013_0046_0046.jpg 1 41 13 46 46
1063_0030_0037_0030_0030.jpg 1 30 37 30 30
1064_0024_0024_0046_0046.jpg 1 24 24 46 46
1065_0008_0045_0037_0037.jpg 1 8 45 37 37
1066_0005_0029_0060_0060.jpg 1 5 29 60 60
1067_0042_0026_0047_0047.jpg 1 42 26 47 47
1068_0018_0021_0034_0034.jpg 1 18 21 34 34
1069_0016_0010_0030_0030.jpg 1 16 10 30 30
1070_0034_0061_0027_0027.jpg 1 34 61 27 27
1071_0014_0044_0026_0026.jpg 1 14 44 26 26
1072_0039_0039_0025_0025.jpg 1 39 39 25 25
1073_0010_0012_0035_0035.jpg 1 10 12 35 35
1074_0049_0041_0045_0045.jpg 1 49 41 45 45
1075_0005_0023_0057_0057.jpg 1 5 23 57 57
1076_0034_0029_0059_0059.jpg 1 34 29 59 59
1077_0034_0031_0044_0044.jpg 1 34 31 44 44
1078_0015_0042_0048_0048.jpg 1 15 42 48 48
1079_0016_0008_0067_0067.jpg 1 16 8 67 67
1080_0028_0021_0068_0068.jpg 1 28 21 68 68
1081_0023_0019_0068_0068.jpg 1 23 19 68 68
1082_0016_0019_0067_0067.jpg 1 16 19 67 67
1083_0024_0033_0055_0055.jpg 1 24 33 55 55
1084_0024_0027_0047_0047.jpg 1 24 27 47 47
1085_0028_0016_0065_0065.jpg 1 28 16 65 65
1086_0044_0034_0036_0036.jpg 1 44 34 36 36
1087_0014_0049_0031_0031.jpg 1 14 49 31 31
1088_0029_0016_0058_0058.jpg 1 29 16 58 58
1089_0035_0030_0055_0055.jpg 1 35 30 55 55
1090_0014_0032_0052_0052.jpg 1 14 32 52 52
1091_0022_0038_0035_0035.jpg 1 22 38 35 35
1092_0065_0053_0025_0025.jpg 1 65 53 25 25
1093_0006_0033_0057_0057.jpg 1 6 33 57 57
1094_0023_0010_0042_0042.jpg 1 23 10 42 42
1095_0010_0016_0041_0041.jpg 1 10 16 41 41
1096_0060_0053_0024_0024.jpg 1 60 53 24 24
1097_0043_0026_0049_0049.jpg 1 43 26 49 49
1098_0032_0035_0038_0038.jpg 1 32 35 38 38
1099_0030_0036_0027_0027.jpg 1 30 36 27 27
1100_0019_0014_0026_0026.jpg 1 19 14 26 26
1101_0017_0018_0028_0028.jpg 1 17 18 28 28
1102_0011_0009_0037_0037.jpg 1 11 9 37 37
1103_0017_0044_0038_0038.jpg 1 17 44 38 38
1104_0047_0008_0029_0029.jpg 1 47 8 29 29
1105_0023_0055_0032_0032.jpg 1 23 55 32 32
1106_0046_0064_0026_0026.jpg 1 46 64 26 26
1107_0034_0033_0024_0024.jpg 1 34 33 24 24
1108_0018_0004_0063_0063.jpg 1 18 4 63 63
1109_0004_0004_0061_0061.jpg 1 4 4 61 61
1110_0030_0007_0062_0062.jpg 1 30 7 62 62
1111_0015_0005_0044_0044.jpg 1 15 5 44 44
1112_0037_0020_0050_0050.jpg 1 37 20 50 50
1113_0019_0023_0034_0034.jpg 1 19 23 34 34
1114_0024_0034_0033_0033.jpg 1 24 34 33 33
1115_0027_0058_0028_0028.jpg 1 27 58 28 28
1116_0031_0033_0061_0061.jpg 1 31 33 61 61
1117_0035_0007_0046_0046.jpg 1 35 7 46 46
1118_0011_0021_0069_0069.jpg 1 11 21 69 69
1119_0010_0042_0047_0047.jpg 1 10 42 47 47
1120_0043_0033_0049_0049.jpg 1 43 33 49 49
1121_0025_0040_0054_0054.jpg 1 25 40 54 54
1122_0021_0006_0046_0046.jpg 1 21 6 46 46
1123_0010_0013_0032_0032.jpg 1 10 13 32 32
1124_0015_0015_0030_0030.jpg 1 15 15 30 30
1125_0015_0017_0048_0048.jpg 1 15 17 48 48
1126_0024_0029_0024_0024.jpg 1 24 29 24 24
1127_0054_0030_0036_0036.jpg 1 54 30 36 36
1128_0007_0045_0047_0047.jpg 1 7 45 47 47
1129_0017_0024_0033_0033.jpg 1 17 24 33 33
1130_0039_0033_0053_0053.jpg 1 39 33 53 53
1131_0008_0034_0054_0054.jpg 1 8 34 54 54
1132_0018_0042_0040_0040.jpg 1 18 42 40 40
1133_0006_0008_0049_0049.jpg 1 6 8 49 49
1134_0017_0009_0028_0028.jpg 1 17 9 28 28
1135_0047_0008_0032_0032.jpg 1 47 8 32 32
1136_0013_0014_0063_0063.jpg 1 13 14 63 63
1137_0009_0047_0043_0043.jpg 1 9 47 43 43
1138_0037_0029_0044_0044.jpg 1 37 29 44 44
1139_0056_0033_0026_0026.jpg 1 56 33 26 26
1140_0023_0050_0029_0029.jpg 1 23 50 29 29
1141_0037_0040_0041_0041.jpg 1 37 40 41 41
1142_0008_0037_0058_0058.jpg 1 8 37 58 58
1143_0006_0026_0055_0055.jpg 1 6 26 55 55
1144_0029_0007_0049_0049.jpg 1 29 7 49 49
1145_0034_0047_0027_0027.jpg 1 34 47 27 27
1146_0046_0015_0045_0045.jpg 1 46 15 45 45
1147_0012_0018_0043_0043.jpg 1 12 18 43 43
1148_0018_0039_0052_0052.jpg 1 18 39 52 52
1149_0050_0028_0024_0024.jpg 1 50 28 24 24
1150_0015_0045_0037_0037.jpg 1 15 45 37 37
1151_0012_0026_0044_0044.jpg 1 12 26 44 44
1152_0044_0017_0026_0026.jpg 1 44 17 26 26
1153_0031_0061_0027_0027.jpg 1 31 61 27 27
1154_0027_0006_0055_0055.jpg 1 27 6 55 55
1155_0040_0018_0044_0044.jpg 1 40 18 44 44
1156_0038_0038_0039_0039.jpg 1 38 38 39 39
1157_0030_0062_0028_0028.jpg 1 30 62 28 28
1158_0018_0029_0042_0042.jpg 1 18 29 42 42
1159_0029_0010_0051_0051.jpg 1 29 10 51 51
1160_0023_0027_0046_0046.jpg 1 23 27 46 46
1161_0026_0009_0053_0053.jpg 1 26 9 53 53
1162_0020_0006_0063_0063.jpg 1 20 6 63 63
1163_0012_0030_0039_0039.jpg 1 12 30 39 39
1164_0060_0023_0024_0024.jpg 1 60 23 24 24
1165_0022_0038_0027_0027.jpg 1 22 38 27 27
1166_0032_0005_0059_0059.jpg 1 32 5 59 59
1167_0050_0046_0036_0036.jpg 1 50 46 36 36
1168_0009_0020_0066_0066.jpg 1 9 20 66 66
1169_0034_0027_0057_0057.jpg 1 34 27 57 57
1170_0014_0030_0053_0053.jpg 1 14 30 53 53
1171_0009_0010_0046_0046.jpg 1 9 10 46 46
1172_0014_0008_0062_0062.jpg 1 14 8 62 62
1173_0017_0021_0029_0029.jpg 1 17 21 29 29
1174_0019_0015_0058_0058.jpg 1 19 15 58 58
1175_0010_0012_0042_0042.jpg 1 10 12 42 42
1176_0010_0020_0037_0037.jpg 1 10 20 37 37
1177_0010_0020_0033_0033.jpg 1 10 20 33 33
1178_0014_0030_0025_0025.jpg 1 14 30 25 25
1179_0029_0012_0036_0036.jpg 1 29 12 36 36
1180_0041_0057_0032_0032.jpg 1 41 57 32 32
1181_0013_0052_0026_0026.jpg 1 13 52 26 26
1182_0017_0043_0043_0043.jpg 1 17 43 43 43
1183_0022_0036_0056_0056.jpg 1 22 36 56 56
1184_0037_0022_0042_0042.jpg 1 37 22 42 42
1185_0022_0054_0033_0033.jpg 1 22 54 33 33
1186_0016_0015_0058_0058.jpg 1 16 15 58 58
1187_0016_0041_0035_0035.jpg 1 16 41 35 35
1188_0030_0041_0038_0038.jpg 1 30 41 38 38
1189_0003_0033_0062_0062.jpg 1 3 33 62 62
1190_0035_0041_0041_0041.jpg 1 35 41 41 41
1191_0019_0013_0060_0060.jpg 1 19 13 60 60
1192_0049_0034_0026_0026.jpg 1 49 34 26 26
1193_0038_0028_0054_0054.jpg 1 38 28 54 54
1194_0021_0018_0067_0067.jpg 1 21 18 67 67
1195_0030_0009_0056_0056.jpg 1 30 9 56 56
1196_0038_0047_0042_0042.jpg 1 38 47 42 42
1197_0013_0025_0063_0063.jpg 1 13 25 63 63
1198_0010_0027_0049_0049.jpg 1 10 27 49 49
1199_0031_0015_0063_0063.jpg 1 31 15 63 63
1200_0017_0009_0050_0050.jpg 1 17 9 50 50
1201_0025_0030_0030_0030.jpg 1 25 30 30 30
1202_0020_0007_0066_0066.jpg 1 20 7 66 66
1203_0050_0026_0041_0041.jpg 1 50 26 41 41
1204_0028_0038_0050_0050.jpg 1 28 38 50 50
1205_0051_0036_0026_0026.jpg 1 51 36 26 26
1206_0033_0014_0060_0060.jpg 1 33 14 60 60
1207_0014_0060_0027_0027.jpg 1 14 60 27 27
1208_0024_0023_0057_0057.jpg 1 24 23 57 57
1209_0006_0021_0061_0061.jpg 1 6 21 61 61
1210_0026_0037_0056_0056.jpg 1 26 37 56 56
1211_0046_0046_0044_0044.jpg 1 46 46 44 44
1212_0011_0042_0045_0045.jpg 1 11 42 45 45
1213_0021_0042_0039_0039.jpg 1 21 42 39 39
1214_0015_0040_0054_0054.jpg 1 15 40 54 54
1215_0032_0014_0051_0051.jpg 1 32 14 51 51
1216_0040_0018_0051_0051.jpg 1 40 18 51 51
1217_0036_0036_0057_0057.jpg 1 36 36 57 57
1218_0033_0041_0049_0049.jpg 1 33 41 49 49
1219_0022_0038_0031_0031.jpg 1 22 38 31 31
1220_0020_0016_0068_0068.jpg 1 20 16 68 68
1221_0024_0033_0053_0053.jpg 1 24 33 53 53
1222_0032_0026_0043_0043.jpg 1 32 26 43 43
1223_0034_0014_0050_0050.jpg 1 34 14 50 50
1224_0038_0009_0050_0050.jpg 1 38 9 50 50
1225_0015_0038_0033_0033.jpg 1 15 38 33 33
1226_0011_0019_0059_0059.jpg 1 11 19 59 59
1227_0026_0021_0066_0066.jpg 1 26 21 66 66
1228_0046_0009_0035_0035.jpg 1 46 9 35 35
1229_0067_0045_0024_0024.jpg 1 67 45 24 24
1230_0010_0029_0058_0058.jpg 1 10 29 58 58
1231_0019_0049_0025_0025.jpg 1 19 49 25 25
1232_0017_0009_0062_0062.jpg 1 17 9 62 62
1233_0010_0012_0056_0056.jpg 1 10 12 56 56
1234_0037_0023_0053_0053.jpg 1 37 23 53 53
1235_0020_0039_0046_0046.jpg 1 20 39 46 46
1236_0032_0036_0058_0058.jpg 1 32 36 58 58
1237_0031_0058_0034_0034.jpg 1 31 58 34 34
1238_0046_0042_0033_0033.jpg 1 46 42 33 33
1239_0014_0022_0065_0065.jpg 1 14 22 65 65
1240_0013_0007_0057_0057.jpg 1 13 7 57 57
1241_0024_0039_0052_0052.jpg 1 24 39 52 52
1242_0035_0046_0038_0038.jpg 1 35 46 38 38
1243_0009_0018_0057_0057.jpg 1 9 18 57 57
1244_0011_0045_0036_0036.jpg 1 11 45 36 36
1245_0044_0020_0045_0045.jpg 1 44 20 45 45
1246_0009_0048_0041_0041.jpg 1 9 48 41 41
1247_0020_0009_0063_0063.jpg 1 20 9 63 63
1248_0033_0009_0051_0051.jpg 1 33 9 51 51
1249_0038_0046_0035_0035.jpg 1 38 46 35 35
1250_0022_0018_0063_0063.jpg 1 22 18 63 63
1251_0014_0008_0045_0045.jpg 1 14 8 45 45
1252_0007_0012_0049_0049.jpg 1 7 12 49 49
1253_0038_0036_0056_0056.jpg 1 38 36 56 56
1254_0010_0018_0058_0058.jpg 1 10 18 58 58
1255_0039_0038_0054_0054.jpg 1 39 38 54 54
1256_0010_0051_0033_0033.jpg 1 10 51 33 33
1257_0024_0028_0037_0037.jpg 1 24 28 37 37
1258_0054_0034_0025_0025.jpg 1 54 34 25 25
1259_0048_0043_0044_0044.jpg 1 48 43 44 44
1260_0031_0043_0043_0043.jpg 1 31 43 43 43
1261_0034_0029_0060_0060.jpg 1 34 29 60 60
1262_0029_0010_0045_0045.jpg 1 29 10 45 45
1263_0045_0049_0043_0043.jpg 1 45 49 43 43
1264_0014_0018_0039_0039.jpg 1 14 18 39 39
1265_0023_0028_0065_0065.jpg 1 23 28 65 65
1266_0032_0008_0060_0060.jpg 1 32 8 60 60
1267_0043_0057_0026_0026.jpg 1 43 57 26 26
1268_0010_0030_0037_0037.jpg 1 10 30 37 37
1269_0025_0009_0045_0045.jpg 1 25 9 45 45
1270_0052_0028_0033_0033.jpg 1 52 28 33 33
1271_0033_0046_0030_0030.jpg 1 33 46 30 30
1272_0038_0014_0034_0034.jpg 1 38 14 34 34
1273_0022_0022_0046_0046.jpg 1 22 22 46 46
1274_0052_0052_0038_0038.jpg 1 52 52 38 38
1275_0006_0035_0054_0054.jpg 1 6 35 54 54
1276_0006_0032_0064_0064.jpg 1 6 32 64 64
1277_0042_0025_0036_0036.jpg 1 42 25 36 36
1278_0009_0048_0024_0024.jpg 1 9 48 24 24
1279_0030_0015_0044_0044.jpg 1 30 15 44 44
1280_0029_0022_0026_0026.jpg 1 29 22 26 26
1281_0026_0025_0050_0050.jpg 1 26 25 50 50
1282_0045_0015_0045_0045.jpg 1 45 15 45 45
1283_0038_0040_0045_0045.jpg 1 38 40 45 45
1284_0011_0015_0034_0034.jpg 1 11 15 34 34
1285_0018_0018_0069_0069.jpg 1 18 18 69 69
1286_0010_0014_0031_0031.jpg 1 10 14 31 31
1287_0024_0026_0069_0069.jpg 1 24 26 69 69
1288_0042_0035_0047_0047.jpg 1 42 35 47 47
1289_0040_0020_0039_0039.jpg 1 40 20 39 39
1290_0023_0023_0065_0065.jpg 1 23 23 65 65
1291_0035_0047_0031_0031.jpg 1 35 47 31 31
1292_0026_0040_0037_0037.jpg 1 26 40 37 37
1293_0024_0028_0043_0043.jpg 1 24 28 43 43
1294_0015_0030_0057_0057.jpg 1 15 30 57 57
1295_0059_0064_0026_0026.jpg 1 59 64 26 26
1296_0021_0043_0045_0045.jpg 1 21 43 45 45
1297_0014_0017_0064_0064.jpg 1 14 17 64 64
1298_0044_0039_0036_0036.jpg 1 44 39 36 36
1299_0015_0022_0065_0065.jpg 1 15 22 65 65
1300_0013_0049_0033_0033.jpg 1 13 49 33 33
1301_0024_0028_0056_0056.jpg 1 24 28 56 56
1302_0025_0015_0067_0067.jpg 1 25 15 67 67
1303_0028_0031_0057_0057.jpg 1 28 31 57 57
1304_0035_0062_0028_0028.jpg 1 35 62 28 28
1305_0017_0019_0068_0068.jpg 1 17 19 68 68
1306_0022_0033_0057_0057.jpg 1 22 33 57 57
1307_0047_0026_0039_0039.jpg 1 47 26 39 39
1308_0041_0049_0037_0037.jpg 1 41 49 37 37
1309_0017_0033_0035_0035.jpg 1 17 33 35 35
1310_0041_0025_0040_0040.jpg 1 41 25 40 40
1311_0043_0022_0029_0029.jpg 1 43 22 29 29
1312_0037_0013_0045_0045.jpg 1 37 13 45 45
1313_0019_0026_0041_0041.jpg 1 19 26 41 41
1314_0016_0016_0051_0051.jpg 1 16 16 51 51
1315_0010_0011_0062_0062.jpg 1 10 11 62 62
1316_0046_0011_0026_0026.jpg 1 46 11 26 26
1317_0012_0056_0030_0030.jpg 1 12 56 30 30
1318_0012_0023_0060_0060.jpg 1 12 23 60 60
1319_0023_0005_0065_0065.jpg 1 23 5 65 65
1320_0051_0010_0031_0031.jpg 1 51 10 31 31
1321_0012_0059_0025_0025.jpg 1 12 59 25 25
1322_0063_0014_0026_0026.jpg 1 63 14 26 26
1323_0014_0019_0066_0066.jpg 1 14 19 66 66
1324_0020_0026_0055_0055.jpg 1 20 26 55 55
1325_0008_0010_0058_0058.jpg 1 8 10 58 58
1326_0004_0027_0066_0066.jpg 1 4 27 66 66
1327_0028_0008_0036_0036.jpg 1 28 8 36 36
1328_0045_0007_0035_0035.jpg 1 45 7 35 35
1329_0030_0023_0046_0046.jpg 1 30 23 46 46
1330_0018_0023_0068_0068.jpg 1 18 23 68 68
1331_0019_0011_0045_0045.jpg 1 19 11 45 45
1332_0029_0056_0035_0035.jpg 1 29 56 35 35
1333_0030_0010_0056_0056.jpg 1 30 10 56 56
1334_0051_0020_0033_0033.jpg 1 51 20 33 33
1335_0039_0016_0040_0040.jpg 1 39 16 40 40
1336_0050_0056_0036_0036.jpg 1 50 56 36 36
1337_0012_0009_0036_0036.jpg 1 12 9 36 36
1338_0039_0033_0055_0055.jpg 1 39 33 55 55
1339_0027_0006_0057_0057.jpg 1 27 6 57 57
1340_0027_0036_0058_0058.jpg 1 27 36 58 58
1341_0008_0029_0053_0053.jpg 1 8 29 53 53
1342_0032_0028_0054_0054.jpg 1 32 28 54 54
1343_0018_0031_0026_0026.jpg 1 18 31 26 26
1344_0028_0011_0036_0036.jpg 1 28 11 36 36
1345_0031_0022_0062_0062.jpg 1 31 22 62 62
1346_0043_0009_0045_0045.jpg 1 43 9 45 45
1347_0046_0010_0048_0048.jpg 1 46 10 48 48
1348_0013_0005_0062_0062.jpg 1 13 5 62 62
1349_0006_0045_0048_0048.jpg 1 6 45 48 48
1350_0018_0040_0040_0040.jpg 1 18 40 40 40
1351_0011_0014_0065_0065.jpg 1 11 14 65 65
1352_0041_0025_0047_0047.jpg 1 41 25 47 47
1353_0040_0031_0028_0028.jpg 1 40 31 28 28
1354_0026_0042_0027_0027.jpg 1 26 42 27 27
1355_0022_0017_0035_0035.jpg 1 22 17 35 35
1356_0011_0009_0069_0069.jpg 1 11 9 69 69
1357_0029_0014_0047_0047.jpg 1 29 14 47 47
1358_0027_0014_0063_0063.jpg 1 27 14 63 63
1359_0008_0013_0030_0030.jpg 1 8 13 30 30
1360_0054_0033_0039_0039.jpg 1 54 33 39 39
1361_0041_0049_0030_0030.jpg 1 41 49 30 30
1362_0026_0031_0043_0043.jpg 1 26 31 43 43
1363_0013_0017_0059_0059.jpg 1 13 17 59 59
1364_0030_0007_0051_0051.jpg 1 30 7 51 51
1365_0032_0038_0043_0043.jpg 1 32 38 43 43
1366_0048_0025_0027_0027.jpg 1 48 25 27 27
1367_0029_0012_0035_0035.jpg 1 29 12 35 35
1368_0061_0030_0024_0024.jpg 1 61 30 24 24
1369_0025_0021_0046_0046.jpg 1 25 21 46 46
1370_0022_0028_0054_0054.jpg 1 22 28 54 54
1371_0024_0010_0056_0056.jpg 1 24 10 56 56
1372_0042_0016_0026_0026.jpg 1 42 16 26 26
1373_0019_0014_0057_0057.jpg 1 19 14 57 57
1374_0005_0022_0055_0055.jpg 1 5 22 55 55
1375_0016_0029_0053_0053.jpg 1 16 29 53 53
1376_0007_0014_0053_0053.jpg 1 7 14 53 53
1377_0020_0049_0037_0037.jpg 1 20 49 37 37
1378_0028_0026_0068_0068.jpg 1 28 26 68 68
1379_0011_0043_0045_0045.jpg 1 11 43 45 45
1380_0013_0040_0027_0027.jpg 1 13 40 27 27
1381_0009_0005_0050_0050.jpg 1 9 5 50 50
1382_0015_0022_0052_0052.jpg 1 15 22 52 52
1383_0017_0046_0027_0027.jpg 1 17 46 27 27
1384_0014_0033_0053_0053.jpg 1 14 33 53 53
1385_0024_0019_0058_0058.jpg 1 24 19 58 58
1386_0054_0056_0033_0033.jpg 1 54 56 33 33
1387_0008_0024_0059_0059.jpg 1 8 24 59 59
1388_0041_0021_0051_0051.jpg 1 41 21 51 51
1389_0015_0027_0062_0062.jpg 1 15 27 62 62
1390_0050_0015_0035_0035.jpg 1 50 15 35 35
1391_0039_0042_0044_0044.jpg 1 39 42 44 44
1392_0018_0027_0030_0030.jpg 1 18 27 30 30
1393_0021_0008_0046_0046.jpg 1 21 8 46 46
1394_0021_0054_0026_0026.jpg 1 21 54 26 26
1395_0026_0039_0042_0042.jpg 1 26 39 42 42
1396_0020_0013_0063_0063.jpg 1 20 13 63 63
1397_0024_0020_0065_0065.jpg 1 24 20 65 65
1398_0039_0043_0046_0046.jpg 1 39 43 46 46
1399_0036_0023_0055_0055.jpg 1 36 23 55 55
1400_0014_0019_0056_0056.jpg 1 14 19 56 56
1401_0037_0031_0036_0036.jpg 1 37 31 36 36
1402_0039_0023_0028_0028.jpg 1 39 23 28 28
1403_0043_0049_0040_0040.jpg 1 43 49 40 40
1404_0010_0010_0039_0039.jpg 1 10 10 39 39
1405_0052_0060_0030_0030.jpg 1 52 60 30 30
1406_0048_0043_0041_0041.jpg 1 48 43 41 41
1407_0038_0022_0032_0032.jpg 1 38 22 32 32
1408_0044_0027_0033_0033.jpg 1 44 27 33 33
1409_0016_0016_0069_0069.jpg 1 16 16 69 69
1410_0045_0022_0042_0042.jpg 1 45 22 42 42
1411_0031_0048_0034_0034.jpg 1 31 48 34 34
1412_0013_0019_0055_0055.jpg 1 13 19 55 55
1413_0009_0012_0034_0034.jpg 1 9 12 34 34
1414_0030_0059_0025_0025.jpg 1 30 59 25 25
1415_0010_0022_0061_0061.jpg 1 10 22 61 61
1416_0039_0038_0030_0030.jpg 1 39 38 30 30
1417_0025_0029_0053_0053.jpg 1 25 29 53 53
1418_0021_0028_0057_0057.jpg 1 21 28 57 57
1419_0039_0031_0046_0046.jpg 1 39 31 46 46
1420_0013_0032_0054_0054.jpg 1 13 32 54 54
1421_0018_0050_0035_0035.jpg 1 18 50 35 35
1422_0018_0026_0059_0059.jpg 1 18 26 59 59
1423_0060_0054_0030_0030.jpg 1 60 54 30 30
1424_0024_0010_0059_0059.jpg 1 24 10 59 59
1425_0022_0022_0035_0035.jpg 1 22 22 35 35
1426_0049_0008_0041_0041.jpg 1 49 8 41 41
1427_0042_0042_0050_0050.jpg 1 42 42 50 50
1428_0006_0022_0063_0063.jpg 1 6 22 63 63
1429_0036_0031_0030_0030.jpg 1 36 31 30 30
1430_0019_0046_0029_0029.jpg 1 19 46 29 29
1431_0033_0030_0025_0025.jpg 1 33 30 25 25
1432_0019_0036_0024_0024.jpg 1 19 36 24 24
1433_0016_0017_0053_0053.jpg 1 16 17 53 53
1434_0022_0008_0044_0044.jpg 1 22 8 44 44
1435_0032_0026_0049_0049.jpg 1 32 26 49 49
1436_0034_0022_0059_0059.jpg 1 34 22 59 59
1437_0031_0007_0051_0051.jpg 1 31 7 51 51
1438_0035_0007_0058_0058.jpg 1 35 7 58 58
1439_0020_0009_0068_0068.jpg 1 20 9 68 68
1440_0018_0016_0064_0064.jpg 1 18 16 64 64
1441_0030_0045_0049_0049.jpg 1 30 45 49 49
1442_0013_0015_0063_0063.jpg 1 13 15 63 63
1443_0011_0009_0063_0063.jpg 1 11 9 63 63
1444_0034_0026_0026_0026.jpg 1 34 26 26 26
1445_0006_0004_0067_0067.jpg 1 6 4 67 67
1446_0005_0026_0048_0048.jpg 1 5 26 48 48
1447_0017_0017_0052_0052.jpg 1 17 17 52 52
1448_0046_0056_0033_0033.jpg 1 46 56 33 33
1449_0003_0014_0067_0067.jpg 1 3 14 67 67
1450_0041_0006_0040_0040.jpg 1 41 6 40 40
1451_0042_0059_0031_0031.jpg 1 42 59 31 31
1452_0050_0020_0041_0041.jpg 1 50 20 41 41
1453_0038_0009_0049_0049.jpg 1 38 9 49 49
1454_0006_0041_0039_0039.jpg 1 6 41 39 39
1455_0020_0028_0039_0039.jpg 1 20 28 39 39
1456_0008_0013_0069_0069.jpg 1 8 13 69 69
1457_0042_0024_0039_0039.jpg 1 42 24 39 39
1458_0023_0032_0063_0063.jpg 1 23 32 63 63
1459_0016_0036_0038_0038.jpg 1 16 36 38 38
1460_0057_0010_0033_0033.jpg 1 57 10 33 33
1461_0027_0010_0040_0040.jpg 1 27 10 40 40
1462_0023_0037_0040_0040.jpg 1 23 37 40 40
1463_0032_0005_0059_0059.jpg 1 32 5 59 59
1464_0007_0009_0054_0054.jpg 1 7 9 54 54
1465_0008_0034_0030_0030.jpg 1 8 34 30 30
1466_0017_0055_0037_0037.jpg 1 17 55 37 37
1467_0009_0033_0053_0053.jpg 1 9 33 53 53
1468_0023_0051_0039_0039.jpg 1 23 51 39 39
1469_0041_0052_0032_0032.jpg 1 41 52 32 32
1470_0005_0022_0052_0052.jpg 1 5 22 52 52
1471_0064_0014_0028_0028.jpg 1 64 14 28 28
1472_0052_0039_0026_0026.jpg 1 52 39 26 26
1473_0036_0005_0055_0055.jpg 1 36 5 55 55
1474_0020_0015_0046_0046.jpg 1 20 15 46 46
1475_0060_0043_0026_0026.jpg 1 60 43 26 26
1476_0038_0017_0050_0050.jpg 1 38 17 50 50
1477_0006_0018_0051_0051.jpg 1 6 18 51 51
1478_0045_0043_0040_0040.jpg 1 45 43 40 40
1479_0007_0020_0054_0054.jpg 1 7 20 54 54
1480_0013_0050_0034_0034.jpg 1 13 50 34 34
1481_0037_0022_0042_0042.jpg 1 37 22 42 42
1482_0044_0017_0049_0049.jpg 1 44 17 49 49
1483_0006_0025_0069_0069.jpg 1 6 25 69 69
1484_0043_0030_0047_0047.jpg 1 43 30 47 47
1485_0031_0016_0052_0052.jpg 1 31 16 52 52
1486_0023_0012_0065_0065.jpg 1 23 12 65 65
1487_0049_0011_0026_0026.jpg 1 49 11 26 26
1488_0034_0028_0052_0052.jpg 1 34 28 52 52
1489_0004_0033_0063_0063.jpg 1 4 33 63 63
1490_0033_0026_0043_0043.jpg 1 33 26 43 43
1491_0032_0015_0050_0050.jpg 1 32 15 50 50
1492_0026_0015_0066_0066.jpg 1 26 15 66 66
1493_0046_0040_0026_0026.jpg 1 46 40 26 26
1494_0037_0046_0041_0041.jpg 1 37 46 41 41
1495_0022_0018_0059_0059.jpg 1 22 18 59 59
1496_0014_0044_0035_0035.jpg 1 14 44 35 35
1497_0004_0027_0067_0067.jpg 1 4 27 67 67
1498_0014_0016_0069_0069.jpg 1 14 16 69 69
1499_0043_0033_0047_0047.jpg 1 43 33 47 47
1500_0033_0009_0058_0058.jpg 1 33 9 58 58
1501_0015_0024_0067_0067.jpg 1 15 24 67 67
1502_0014_0007_0067_0067.jpg 1 14 7 67 67
1503_0035_0044_0039_0039.jpg 1 35 44 39 39
1504_0049_0033_0041_0041.jpg 1 49 33 41 41
1505_0050_0036_0037_0037.jpg 1 50 36 37 37
1506_0020_0030_0032_0032.jpg 1 20 30 32 32
1507_0028_0028_0056_0056.jpg 1 28 28 56 56
1508_0026_0043_0048_0048.jpg 1 26 43 48 48
1509_0024_0047_0040_0040.jpg 1 24 47 40 40
1510_0010_0035_0037_0037.jpg 1 10 35 37 37
1511_0017_0028_0037_0037.jpg 1 17 28 37 37
1512_0020_0039_0041_0041.jpg 1 20 39 41 41
1513_0007_0031_0064_0064.jpg 1 7 31 64 64
1514_0026_0041_0052_0052.jpg 1 26 41 52 52
1515_0035_0047_0046_0046.jpg 1 35 47 46 46
1516_0011_0047_0027_0027.jpg 1 11 47 27 27
1517_0019_0015_0056_0056.jpg 1 19 15 56 56
1518_0032_0021_0055_0055.jpg 1 32 21 55 55
1519_0034_0023_0055_0055.jpg 1 34 23 55 55
1520_0050_0021_0040_0040.jpg 1 50 21 40 40
1521_0013_0015_0048_0048.jpg 1 13 15 48 48
1522_0012_0042_0045_0045.jpg 1 12 42 45 45
1523_0021_0027_0066_0066.jpg 1 21 27 66 66
1524_0026_0044_0039_0039.jpg 1 26 44 39 39
1525_0035_0046_0036_0036.jpg 1 35 46 36 36
1526_0030_0028_0056_0056.jpg 1 30 28 56 56
1527_0050_0051_0042_0042.jpg 1 50 51 42 42
1528_0035_0014_0034_0034.jpg 1 35 14 34 34
1529_0038_0029_0051_0051.jpg 1 38 29 51 51
1530_0038_0031_0057_0057.jpg 1 38 31 57 57
1531_0009_0010_0068_0068.jpg 1 9 10 68 68
1532_0047_0038_0046_0046.jpg 1 47 38 46 46
1533_0021_0020_0039_0039.jpg 1 21 20 39 39
1534_0042_0018_0028_0028.jpg 1 42 18 28 28
1535_0010_0019_0051_0051.jpg 1 10 19 51 51
1536_0025_0033_0030_0030.jpg 1 25 33 30 30
1537_0013_0015_0058_0058.jpg 1 13 15 58 58
1538_0020_0058_0024_0024.jpg 1 20 58 24 24
1539_0026_0016_0064_0064.jpg 1 26 16 64 64
1540_0024_0022_0053_0053.jpg 1 24 22 53 53
1541_0059_0024_0024_0024.jpg 1 59 24 24 24
1542_0006_0032_0037_0037.jpg 1 6 32 37 37
1543_0034_0043_0049_0049.jpg 1 34 43 49 49
1544_0057_0013_0036_0036.jpg 1 57 13 36 36
1545_0043_0026_0034_0034.jpg 1 43 26 34 34
1546_0020_0029_0050_0050.jpg 1 20 29 50 50
1547_0011_0031_0053_0053.jpg 1 11 31 53 53
1548_0017_0038_0031_0031.jpg 1 17 38 31 31
1549_0005_0023_0066_0066.jpg 1 5 23 66 66
1550_0025_0052_0033_0033.jpg 1 25 52 33 33
1551_0009_0030_0062_0062.jpg 1 9 30 62 62
1552_0020_0012_0065_0065.jpg 1 20 12 65 65
1553_0041_0005_0054_0054.jpg 1 41 5 54 54
1554_0011_0016_0069_0069.jpg 1 11 16 69 69
1555_0036_0013_0050_0050.jpg 1 36 13 50 50
1556_0020_0014_0051_0051.jpg 1 20 14 51 51
1557_0022_0023_0050_0050.jpg 1 22 23 50 50
1558_0039_0039_0029_0029.jpg 1 39 39 29 29
1559_0010_0023_0044_0044.jpg 1 10 23 44 44
1560_0017_0023_0030_0030.jpg 1 17 23 30 30
1561_0033_0018_0043_0043.jpg 1 33 18 43 43
1562_0022_0051_0035_0035.jpg 1 22 51 35 35
1563_0033_0037_0056_0056.jpg 1 33 37 56 56
1564_0032_0028_0037_0037.jpg 1 32 28 37 37
1565_0016_0033_0049_0049.jpg 1 16 33 49 49
1566_0014_0058_0030_0030.jpg 1 14 58 30 30
1567_0026_0006_0047_0047.jpg 1 26 6 47 47
1568_0008_0056_0037_0037.jpg 1 8 56 37 37
1569_0023_0028_0045_0045.jpg 1 23 28 45 45
1570_0048_0016_0026_0026.jpg 1 48 16 26 26
1571_0035_0010_0033_0033.jpg 1 35 10 33 33
1572_0049_0033_0027_0027.jpg 1 49 33 27 27
1573_0018_0016_0056_0056.jpg 1 18 16 56 56
1574_0005_0033_0059_0059.jpg 1 5 33 59 59
1575_0045_0014_0038_0038.jpg 1 45 14 38 38
1576_0033_0018_0028_0028.jpg 1 33 18 28 28
1577_0017_0024_0048_0048.jpg 1 17 24 48 48
1578_0055_0040_0034_0034.jpg 1 55 40 34 34
1579_0004_0032_0061_0061.jpg 1 4 32 61 61
1580_0007_0020_0057_0057.jpg 1 7 20 57 57
1581_0014_0027_0067_0067.jpg 1 14 27 67 67
1582_0008_0042_0027_0027.jpg 1 8 42 27 27
1583_0029_0012_0054_0054.jpg 1 29 12 54 54
1584_0008_0032_0033_0033.jpg 1 8 32 33 33
1585_0023_0018_0039_0039.jpg 1 23 18 39 39
1586_0024_0026_0068_0068.jpg 1 24 26 68 68
1587_0015_0007_0042_0042.jpg 1 15 7 42 42
1588_0039_0043_0040_0040.jpg 1 39 43 40 40
1589_0040_0054_0026_0026.jpg 1 40 54 26 26
1590_0031_0043_0049_0049.jpg 1 31 43 49 49
1591_0021_0019_0066_0066.jpg 1 21 19 66 66
1592_0053_0048_0026_0026.jpg 1 53 48 26 26
1593_0034_0005_0058_0058.jpg 1 34 5 58 58
1594_0033_0056_0032_0032.jpg 1 33 56 32 32
1595_0026_0033_0040_0040.jpg 1 26 33 40 40
1596_0012_0026_0065_0065.jpg 1 12 26 65 65
1597_0023_0020_0058_0058.jpg 1 23 20 58 58
1598_0032_0019_0051_0051.jpg 1 32 19 51 51
1599_0014_0057_0032_0032.jpg 1 14 57 32 32
1600_0023_0007_0067_0067.jpg 1 23 7 67 67
1601_0026_0022_0047_0047.jpg 1 26 22 47 47
1602_0026_0023_0058_0058.jpg 1 26 23 58 58
1603_0014_0005_0058_0058.jpg 1 14 5 58 58
1604_0039_0055_0030_0030.jpg 1 39 55 30 30
1605_0018_0018_0064_0064.jpg 1 18 18 64 64
1606_0040_0027_0041_0041.jpg 1 40 27 41 41
1607_0024_0023_0069_0069.jpg 1 24 23 69 69
1608_0013_0014_0039_0039.jpg 1 13 14 39 39
1609_0015_0009_0069_0069.jpg 1 15 9 69 69
1610_0029_0021_0041_0041.jpg 1 29 21 41 41
1611_0037_0013_0051_0051.jpg 1 37 13 51 51
1612_0033_0032_0048_0048.jpg 1 33 32 48 48
1613_0012_0028_0041_0041.jpg 1 12 28 41 41
1614_0027_0040_0032_0032.jpg 1 27 40 32 32
1615_0014_0027_0057_0057.jpg 1 14 27 57 57
1616_0026_0043_0049_0049.jpg 1 26 43 49 49
1617_0033_0010_0058_0058.jpg 1 33 10 58 58
1618_0015_0036_0054_0054.jpg 1 15 36 54 54
1619_0039_0025_0053_0053.jpg 1 39 25 53 53
1620_0050_0030_0031_0031.jpg 1 50 30 31 31
1621_0008_0051_0036_0036.jpg 1 8 51 36 36
1622_0014_0033_0051_0051.jpg 1 14 33 51 51
1623_0003_0028_0065_0065.jpg 1 3 28 65 65
1624_0013_0030_0052_0052.jpg 1 13 30 52 52
1625_0014_0007_0065_0065.jpg 1 14 7 65 65
1626_0017_0008_0059_0059.jpg 1 17 8 59 59
1627_0044_0042_0035_0035.jpg 1 44 42 35 35
1628_0019_0023_0046_0046.jpg 1 19 23 46 46
1629_0018_0029_0039_0039.jpg 1 18 29 39 39
1630_0019_0016_0056_0056.jpg 1 19 16 56 56
1631_0041_0020_0030_0030.jpg 1 41 20 30 30
1632_0025_0035_0024_0024.jpg 1 25 35 24 24
1633_0028_0005_0057_0057.jpg 1 28 5 57 57
1634_0014_0025_0067_0067.jpg 1 14 25 67 67
1635_0008_0038_0025_0025.jpg 1 8 38 25 25
1636_0024_0023_0024_0024.jpg 1 24 23 24 24
1637_0021_0052_0026_0026.jpg 1 21 52 26 26
1638_0048_0010_0035_0035.jpg 1 48 10 35 35
1639_0050_0023_0043_0043.jpg 1 50 23 43 43
1640_0048_0013_0037_0037.jpg 1 48 13 37 37
1641_0044_0037_0028_0028.jpg 1 44 37 28 28
1642_0052_0040_0036_0036.jpg 1 52 40 36 36
1643_0011_0023_0065_0065.jpg 1 11 23 65 65
1644_0037_0026_0057_0057.jpg 1 37 26 57 57
1645_0037_0026_0055_0055.jpg 1 37 26 55 55
1646_0049_0033_0024_0024.jpg 1 49 33 24 24
1647_0049_0032_0033_0033.jpg 1 49 32 33 33
1648_0059_0019_0032_0032.jpg 1 59 19 32 32
1649_0022_0009_0030_0030.jpg 1 22 9 30 30
1650_0055_0017_0031_0031.jpg 1 55 17 31 31
1651_0007_0024_0067_0067.jpg 1 7 24 67 67
1652_0048_0064_0028_0028.jpg 1 48 64 28 28
1653_0007_0005_0067_0067.jpg 1 7 5 67 67
1654_0030_0010_0061_0061.jpg 1 30 10 61 61
1655_0040_0018_0049_0049.jpg 1 40 18 49 49
1656_0018_0023_0043_0043.jpg 1 18 23 43 43
1657_0043_0013_0043_0043.jpg 1 43 13 43 43
1658_0042_0041_0047_0047.jpg 1 42 41 47 47
1659_0035_0043_0051_0051.jpg 1 35 43 51 51
1660_0019_0022_0063_0063.jpg 1 19 22 63 63
1661_0024_0021_0036_0036.jpg 1 24 21 36 36
1662_0026_0035_0049_0049.jpg 1 26 35 49 49
1663_0042_0040_0045_0045.jpg 1 42 40 45 45
1664_0022_0028_0056_0056.jpg 1 22 28 56 56
1665_0049_0035_0037_0037.jpg 1 49 35 37 37
1666_0030_0025_0064_0064.jpg 1 30 25 64 64
1667_0028_0030_0062_0062.jpg 1 28 30 62 62
1668_0015_0035_0054_0054.jpg 1 15 35 54 54
1669_0039_0032_0046_0046.jpg 1 39 32 46 46
1670_0018_0026_0056_0056.jpg 1 18 26 56 56
1671_0018_0025_0042_0042.jpg 1 18 25 42 42
1672_0014_0020_0038_0038.jpg 1 14 20 38 38
1673_0025_0009_0062_0062.jpg 1 25 9 62 62
1674_0008_0018_0048_0048.jpg 1 8 18 48 48
1675_0006_0013_0069_0069.jpg 1 6 13 69 69
1676_0024_0056_0031_0031.jpg 1 24 56 31 31
1677_0016_0006_0045_0045.jpg 1 16 6 45 45
1678_0007_0003_0068_0068.jpg 1 7 3 68 68
1679_0029_0007_0037_0037.jpg 1 29 7 37 37
1680_0039_0008_0055_0055.jpg 1 39 8 55 55
1681_0013_0033_0057_0057.jpg 1 13 33 57 57
1682_0008_0030_0029_0029.jpg 1 8 30 29 29
1683_0027_0005_0067_0067.jpg 1 27 5 67 67
1684_0049_0055_0031_0031.jpg 1 49 55 31 31
1685_0019_0020_0060_0060.jpg 1 19 20 60 60
1686_0007_0028_0056_0056.jpg 1 7 28 56 56
1687_0006_0021_0040_0040.jpg 1 6 21 40 40
1688_0016_0022_0054_0054.jpg 1 16 22 54 54
1689_0010_0022_0040_0040.jpg 1 10 22 40 40
1690_0040_0055_0034_0034.jpg 1 40 55 34 34
1691_0009_0007_0056_0056.jpg 1 9 7 56 56
1692_0019_0007_0033_0033.jpg 1 19 7 33 33
1693_0029_0032_0053_0053.jpg 1 29 32 53 53
1694_0025_0044_0030_0030.jpg 1 25 44 30 30
1695_0021_0036_0049_0049.jpg 1 21 36 49 49
1696_0026_0012_0068_0068.jpg 1 26 12 68 68
1697_0033_0005_0053_0053.jpg 1 33 5 53 53
1698_0007_0035_0035_0035.jpg 1 7 35 35 35
1699_0012_0023_0069_0069.jpg 1 12 23 69 69
1700_0048_0046_0038_0038.jpg 1 48 46 38 38
1701_0027_0012_0053_0053.jpg 1 27 12 53 53
1702_0018_0054_0039_0039.jpg 1 18 54 39 39
1703_0028_0030_0034_0034.jpg 1 28 30 34 34
1704_0032_0058_0034_0034.jpg 1 32 58 34 34
1705_0039_0035_0043_0043.jpg 1 39 35 43 43
1706_0013_0052_0038_0038.jpg 1 13 52 38 38
1707_0009_0014_0032_0032.jpg 1 9 14 32 32
1708_0027_0034_0025_0025.jpg 1 27 34 25 25
1709_0012_0026_0038_0038.jpg 1 12 26 38 38
1710_0005_0032_0061_0061.jpg 1 5 32 61 61
1711_0038_0031_0044_0044.jpg 1 38 31 44 44
1712_0023_0025_0050_0050.jpg 1 23 25 50 50
1713_0028_0009_0061_0061.jpg 1 28 9 61 61
1714_0038_0025_0051_0051.jpg 1 38 25 51 51
1715_0036_0054_0025_0025.jpg 1 36 54 25 25
1716_0032_0019_0058_0058.jpg 1 32 19 58 58
1717_0028_0028_0064_0064.jpg 1 28 28 64 64
1718_0044_0018_0041_0041.jpg 1 44 18 41 41
1719_0025_0048_0045_0045.jpg 1 25 48 45 45
1720_0021_0018_0068_0068.jpg 1 21 18 68 68
1721_0063_0055_0025_0025.jpg 1 63 55 25 25
1722_0037_0014_0046_0046.jpg 1 37 14 46 46
1723_0022_0016_0040_0040.jpg 1 22 16 40 40
1724_0008_0033_0043_0043.jpg 1 8 33 43 43
1725_0038_0050_0034_0034.jpg 1 38 50 34 34
1726_0015_0004_0069_0069.jpg 1 15 4 69 69
1727_0018_0021_0059_0059.jpg 1 18 21 59 59
1728_0026_0024_0062_0062.jpg 1 26 24 62 62
1729_0038_0028_0057_0057.jpg 1 38 28 57 57
1730_0005_0014_0064_0064.jpg 1 5 14 64 64
1731_0020_0037_0035_0035.jpg 1 20 37 35 35
1732_0042_0041_0048_0048.jpg 1 42 41 48 48
1733_0022_0030_0056_0056.jpg 1 22 30 56 56
1734_0042_0056_0035_0035.jpg 1 42 56 35 35
1735_0046_0049_0042_0042.jpg 1 46 49 42 42
1736_0007_0004_0059_0059.jpg 1 7 4 59 59
1737_0017_0023_0061_0061.jpg 1 17 23 61 61
1738_0006_0036_0044_0044.jpg 1 6 36 44 44
1739_0063_0061_0027_0027.jpg 1 63 61 27 27
1740_0039_0029_0039_0039.jpg 1 39 29 39 39
1741_0048_0015_0036_0036.jpg 1 48 15 36 36
1742_0009_0014_0026_0026.jpg 1 9 14 26 26
1743_0015_0043_0027_0027.jpg 1 15 43 27 27
1744_0023_0016_0050_0050.jpg 1 23 16 50 50
1745_0018_0015_0063_0063.jpg 1 18 15 63 63
1746_0013_0026_0065_0065.jpg 1 13 26 65 65
1747_0023_0055_0038_0038.jpg 1 23 55 38 38
1748_0044_0027_0032_0032.jpg 1 44 27 32 32
1749_0011_0012_0063_0063.jpg 1 11 12 63 63
1750_0036_0010_0044_0044.jpg 1 36 10 44 44
1751_0027_0012_0045_0045.jpg 1 27 12 45 45
1752_0060_0012_0028_0028.jpg 1 60 12 28 28
1753_0020_0010_0069_0069.jpg 1 20 10 69 69
1754_0037_0036_0058_0058.jpg 1 37 36 58 58
1755_0056_0032_0025_0025.jpg 1 56 32 25 25
1756_0031_0020_0052_0052.jpg 1 31 20 52 52
1757_0028_0021_0062_0062.jpg 1 28 21 62 62
1758_0017_0012_0047_0047.jpg 1 17 12 47 47
1759_0005_0015_0049_0049.jpg 1 5 15 49 49
1760_0014_0012_0063_0063.jpg 1 14 12 63 63
1761_0033_0015_0059_0059.jpg 1 33 15 59 59
1762_0039_0034_0036_0036.jpg 1 39 34 36 36
1763_0045_0019_0049_0049.jpg 1 45 19 49 49
1764_0026_0028_0052_0052.jpg 1 26 28 52 52
1765_0027_0016_0046_0046.jpg 1 27 16 46 46
1766_0044_0023_0037_0037.jpg 1 44 23 37 37
1767_0032_0048_0043_0043.jpg 1 32 48 43 43
1768_0015_0016_0064_0064.jpg 1 15 16 64 64
1769_0051_0009_0037_0037.jpg 1 51 9 37 37
1770_0011_0042_0052_0052.jpg 1 11 42 52 52
1771_0022_0036_0042_0042.jpg 1 22 36 42 42
1772_0014_0019_0063_0063.jpg 1 14 19 63 63
1773_0024_0029_0066_0066.jpg 1 24 29 66 66
1774_0025_0027_0067_0067.jpg 1 25 27 67 67
1775_0026_0023_0050_0050.jpg 1 26 23 50 50
1776_0015_0054_0029_0029.jpg 1 15 54 29 29
1777_0036_0027_0033_0033.jpg 1 36 27 33 33
1778_0028_0029_0066_0066.jpg 1 28 29 66 66
1779_0014_0014_0045_0045.jpg 1 14 14 45 45
1780_0029_0051_0030_0030.jpg 1 29 51 30 30
1781_0005_0033_0061_0061.jpg 1 5 33 61 61
1782_0045_0028_0024_0024.jpg 1 45 28 24 24
1783_0048_0009_0031_0031.jpg 1 48 9 31 31
1784_0006_0025_0044_0044.jpg 1 6 25 44 44
1785_0037_0012_0047_0047.jpg 1 37 12 47 47
1786_0010_0007_0045_0045.jpg 1 10 7 45 45
1787_0014_0014_0057_0057.jpg 1 14 14 57 57
1788_0027_0011_0057_0057.jpg 1 27 11 57 57
1789_0045_0059_0024_0024.jpg 1 45 59 24 24
1790_0008_0026_0069_0069.jpg 1 8 26 69 69
1791_0030_0028_0056_0056.jpg 1 30 28 56 56
1792_0038_0027_0024_0024.jpg 1 38 27 24 24
1793_0026_0007_0026_0026.jpg 1 26 7 26 26
1794_0016_0036_0044_0044.jpg 1 16 36 44 44
1795_0015_0004_0069_0069.jpg 1 15 4 69 69
1796_0023_0037_0032_0032.jpg 1 23 37 32 32
1797_0013_0044_0049_0049.jpg 1 13 44 49 49
1798_0021_0037_0046_0046.jpg 1 21 37 46 46
1799_0010_0052_0026_0026.jpg 1 10 52 26 26
1800_0028_0013_0027_0027.jpg 1 28 13 27 27
1801_0032_0048_0039_0039.jpg 1 32 48 39 39
1802_0017_0016_0063_0063.jpg 1 17 16 63 63
1803_0040_0035_0041_0041.jpg 1 40 35 41 41
1804_0006_0012_0066_0066.jpg 1 6 12 66 66
1805_0037_0042_0042_0042.jpg 1 37 42 42 42
1806_0037_0010_0045_0045.jpg 1 37 10 45 45
1807_0052_0058_0033_0033.jpg 1 52 58 33 33
1808_0025_0012_0045_0045.jpg 1 25 12 45 45
1809_0007_0018_0035_0035.jpg 1 7 18 35 35
1810_0036_0012_0050_0050.jpg 1 36 12 50 50
1811_0030_0026_0061_0061.jpg 1 30 26 61 61
1812_0035_0024_0030_0030.jpg 1 35 24 30 30
1813_0010_0009_0060_0060.jpg 1 10 9 60 60
1814_0019_0005_0062_0062.jpg 1 19 5 62 62
1815_0028_0015_0062_0062.jpg 1 28 15 62 62
1816_0024_0024_0059_0059.jpg 1 24 24 59 59
1817_0015_0025_0044_0044.jpg 1 15 25 44 44
1818_0010_0061_0026_0026.jpg 1 10 61 26 26
1819_0042_0036_0042_0042.jpg 1 42 36 42 42
1820_0007_0014_0025_0025.jpg 1 7 14 25 25
1821_0010_0038_0055_0055.jpg 1 10 38 55 55
1822_0011_0011_0062_0062.jpg 1 11 11 62 62
1823_0027_0030_0036_0036.jpg 1 27 30 36 36
1824_0025_0028_0047_0047.jpg 1 25 28 47 47
1825_0051_0054_0024_0024.jpg 1 51 54 24 24
1826_0029_0007_0067_0067.jpg 1 29 7 67 67
1827_0012_0027_0051_0051.jpg 1 12 27 51 51
1828_0034_0021_0057_0057.jpg 1 34 21 57 57
1829_0025_0017_0046_0046.jpg 1 25 17 46 46
1830_0019_0017_0061_0061.jpg 1 19 17 61 61
1831_0009_0018_0057_0057.jpg 1 9 18 57 57
1832_0037_0040_0030_0030.jpg 1 37 40 30 30
1833_0054_0050_0034_0034.jpg 1 54 50 34 34
1834_0029_0025_0024_0024.jpg 1 29 25 24 24
1835_0004_0031_0063_0063.jpg 1 4 31 63 63
1836_0061_0036_0026_0026.jpg 1 61 36 26 26
1837_0035_0050_0036_0036.jpg 1 35 50 36 36
1838_0048_0012_0040_0040.jpg 1 48 12 40 40
1839_0049_0053_0036_0036.jpg 1 49 53 36 36
1840_0035_0016_0059_0059.jpg 1 35 16 59 59
1841_0007_0031_0062_0062.jpg 1 7 31 62 62
1842_0014_0022_0068_0068.jpg 1 14 22 68 68
1843_0040_0029_0042_0042.jpg 1 40 29 42 42
1844_0058_0032_0031_0031.jpg 1 58 32 31 31
1845_0025_0035_0049_0049.jpg 1 25 35 49 49
1846_0046_0058_0024_0024.jpg 1 46 58 24 24
1847_0048_0012_0037_0037.jpg 1 48 12 37 37
1848_0027_0019_0040_0040.jpg 1 27 19 40 40
1849_0028_0042_0052_0052.jpg 1 28 42 52 52
1850_0034_0010_0061_0061.jpg 1 34 10 61 61
1851_0017_0004_0067_0067.jpg 1 17 4 67 67
1852_0023_0037_0048_0048.jpg 1 23 37 48 48
1853_0014_0034_0043_0043.jpg 1 14 34 43 43
1854_0020_0047_0039_0039.jpg 1 20 47 39 39
1855_0016_0041_0045_0045.jpg 1 16 41 45 45
1856_0026_0040_0054_0054.jpg 1 26 40 54 54
1857_0013_0012_0058_0058.jpg 1 13 12 58 58
1858_0011_0027_0055_0055.jpg 1 11 27 55 55
1859_0025_0013_0043_0043.jpg 1 25 13 43 43
1860_0038_0016_0046_0046.jpg 1 38 16 46 46
1861_0053_0037_0030_0030.jpg 1 53 37 30 30
1862_0034_0024_0046_0046.jpg 1 34 24 46 46
1863_0024_0039_0026_0026.jpg 1 24 39 26 26
1864_0015_0007_0042_0042.jpg 1 15 7 42 42
1865_0033_0037_0058_0058.jpg 1 33 37 58 58
1866_0031_0019_0058_0058.jpg 1 31 19 58 58
1867_0012_0005_0056_0056.jpg 1 12 5 56 56
1868_0040_0045_0048_0048.jpg 1 40 45 48 48
1869_0008_0012_0066_0066.jpg 1 8 12 66 66
1870_0016_0041_0033_0033.jpg 1 16 41 33 33
1871_0052_0039_0024_0024.jpg 1 52 39 24 24
1872_0058_0022_0029_0029.jpg 1 58 22 29 29
1873_0020_0046_0031_0031.jpg 1 20 46 31 31
1874_0008_0009_0053_0053.jpg 1 8 9 53 53
1875_0010_0008_0068_0068.jpg 1 10 8 68 68
1876_0011_0037_0058_0058.jpg 1 11 37 58 58
1877_0031_0009_0052_0052.jpg 1 31 9 52 52
1878_0003_0010_0069_0069.jpg 1 3 10 69 69
1879_0026_0018_0060_0060.jpg 1 26 18 60 60
1880_0034_0013_0047_0047.jpg 1 34 13 47 47
1881_0031_0039_0041_0041.jpg 1 31 39 41 41
1882_0040_0008_0031_0031.jpg 1 40 8 31 31
1883_0028_0019_0051_0051.jpg 1 28 19 51 51
1884_0065_0008_0024_0024.jpg 1 65 8 24 24
1885_0021_0026_0064_0064.jpg 1 21 26 64 64
1886_0003_0013_0069_0069.jpg 1 3 13 69 69
1887_0006_0012_0062_0062.jpg 1 6 12 62 62
1888_0040_0017_0045_0045.jpg 1 40 17 45 45
1889_0014_0026_0028_0028.jpg 1 14 26 28 28
1890_0021_0003_0067_0067.jpg 1 21 3 67 67
1891_0048_0018_0043_0043.jpg 1 48 18 43 43
1892_0018_0023_0051_0051.jpg 1 18 23 51 51
1893_0010_0024_0062_0062.jpg 1 10 24 62 62
1894_0027_0024_0058_0058.jpg 1 27 24 58 58
1895_0052_0040_0040_0040.jpg 1 52 40 40 40
1896_0013_0060_0027_0027.jpg 1 13 60 27 27
1897_0028_0011_0051_0051.jpg 1 28 11 51 51
1898_0015_0010_0064_0064.jpg 1 15 10 64 64
1899_0038_0039_0048_0048.jpg 1 38 39 48 48
1900_0023_0024_0062_0062.jpg 1 23 24 62 62
1901_0042_0045_0038_0038.jpg 1 42 45 38 38
1902_0032_0003_0062_0062.jpg 1 32 3 62 62
1903_0006_0026_0049_0049.jpg 1 6 26 49 49
1904_0033_0005_0058_0058.jpg 1 33 5 58 58
1905_0036_0041_0052_0052.jpg 1 36 41 52 52
1906_0027_0025_0044_0044.jpg 1 27 25 44 44
1907_0007_0006_0067_0067.jpg 1 7 6 67 67
1908_0030_0014_0040_0040.jpg 1 30 14 40 40
1909_0034_0014_0025_0025.jpg 1 34 14 25 25
1910_0016_0007_0048_0048.jpg 1 16 7 48 48
1911_0033_0037_0025_0025.jpg 1 33 37 25 25
1912_0023_0010_0061_0061.jpg 1 23 10 61 61
1913_0024_0016_0069_0069.jpg 1 24 16 69 69
1914_0017_0009_0068_0068.jpg 1 17 9 68 68
1915_0033_0059_0025_0025.jpg 1 33 59 25 25
1916_0024_0034_0032_0032.jpg 1 24 34 32 32
1917_0007_0038_0053_0053.jpg 1 7 38 53 53
1918_0007_0027_0068_0068.jpg 1 7 27 68 68
1919_0029_0020_0066_0066.jpg 1 29 20 66 66
1920_0025_0026_0062_0062.jpg 1 25 26 62 62
1921_0047_0023_0043_0043.jpg 1 47 23 43 43
1922_0004_0006_0069_0069.jpg 1 4 6 69 69
1923_0034_0045_0039_0039.jpg 1 34 45 39 39
1924_0017_0042_0043_0043.jpg 1 17 42 43 43
1925_0044_0036_0032_0032.jpg 1 44 36 32 32
1926_0017_0030_0057_0057.jpg 1 17 30 57 57
1927_0004_0007_0061_0061.jpg 1 4 7 61 61
1928_0025_0005_0068_0068.jpg 1 25 5 68 68
1929_0063_0027_0024_0024.jpg 1 63 27 24 24
1930_0012_0008_0065_0065.jpg 1 12 8 65 65
1931_0005_0019_0069_0069.jpg 1 5 19 69 69
1932_0046_0044_0034_0034.jpg 1 46 44 34 34
1933_0009_0006_0035_0035.jpg 1 9 6 35 35
1934_0020_0012_0044_0044.jpg 1 20 12 44 44
1935_0045_0047_0027_0027.jpg 1 45 47 27 27
1936_0021_0005_0055_0055.jpg 1 21 5 55 55
1937_0054_0017_0034_0034.jpg 1 54 17 34 34
1938_0019_0008_0051_0051.jpg 1 19 8 51 51
1939_0006_0029_0064_0064.jpg 1 6 29 64 64
1940_0034_0014_0042_0042.jpg 1 34 14 42 42
1941_0061_0024_0027_0027.jpg 1 61 24 27 27
1942_0041_0034_0050_0050.jpg 1 41 34 50 50
1943_0025_0018_0036_0036.jpg 1 25 18 36 36
1944_0008_0014_0059_0059.jpg 1 8 14 59 59
1945_0013_0040_0040_0040.jpg 1 13 40 40 40
1946_0006_0008_0046_0046.jpg 1 6 8 46 46
1947_0031_0007_0057_0057.jpg 1 31 7 57 57
1948_0007_0046_0038_0038.jpg 1 7 46 38 38
1949_0034_0053_0037_0037.jpg 1 34 53 37 37
1950_0021_0009_0068_0068.jpg 1 21 9 68 68
