0001_0060_0057_0027_0027.jpg 1 60 57 27 27
0002_0045_0026_0043_0043.jpg 1 45 26 43 43
0003_0037_0059_0029_0029.jpg 1 37 59 29 29
0004_0046_0037_0040_0040.jpg 1 46 37 40 40
0005_0017_0014_0053_0053.jpg 1 17 14 53 53
0006_0018_0042_0027_0027.jpg 1 18 42 27 27
0007_0051_0056_0031_0031.jpg 1 51 56 31 31
0008_0006_0023_0041_0041.jpg 1 6 23 41 41
0009_0013_0023_0048_0048.jpg 1 13 23 48 48
0010_0009_0024_0032_0032.jpg 1 9 24 32 32
0011_0031_0020_0050_0050.jpg 1 31 20 50 50
0012_0033_0033_0049_0049.jpg 1 33 33 49 49
0013_0023_0018_0045_0045.jpg 1 23 18 45 45
0014_0010_0021_0065_0065.jpg 1 10 21 65 65
0015_0040_0060_0030_0030.jpg 1 40 60 30 30
0016_0004_0025_0065_0065.jpg 1 4 25 65 65
0017_0007_0006_0068_0068.jpg 1 7 6 68 68
0018_0013_0026_0049_0049.jpg 1 13 26 49 49
0019_0007_0013_0067_0067.jpg 1 7 13 67 67
0020_0052_0051_0032_0032.jpg 1 52 51 32 32
0021_0030_0024_0065_0065.jpg 1 30 24 65 65
0022_0020_0017_0037_0037.jpg 1 20 17 37 37
0023_0012_0008_0058_0058.jpg 1 12 8 58 58
0024_0033_0031_0038_0038.jpg 1 33 31 38 38
0025_0004_0011_0066_0066.jpg 1 4 11 66 66
0026_0031_0008_0053_0053.jpg 1 31 8 53 53
0027_0028_0048_0043_0043.jpg 1 28 48 43 43
0028_0021_0032_0060_0060.jpg 1 21 32 60 60
0029_0037_0035_0050_0050.jpg 1 37 35 50 50
0030_0006_0024_0065_0065.jpg 1 6 24 65 65
0031_0009_0017_0054_0054.jpg 1 9 17 54 54
0032_0027_0016_0063_0063.jpg 1 27 16 63 63
0033_0028_0004_0066_0066.jpg 1 28 4 66 66
0034_0009_0021_0067_0067.jpg 1 9 21 67 67
0035_0041_0016_0027_0027.jpg 1 41 16 27 27
0036_0023_0025_0065_0065.jpg 1 23 25 65 65
0037_0020_0039_0029_0029.jpg 1 20 39 29 29
0038_0048_0045_0025_0025.jpg 1 48 45 25 25
0039_0030_0034_0061_0061.jpg 1 30 34 61 61
0040_0017_0045_0027_0027.jpg 1 17 45 27 27
0041_0034_0023_0053_0053.jpg 1 34 23 53 53
0042_0015_0041_0037_0037.jpg 1 15 41 37 37
0043_0017_0028_0064_0064.jpg 1 17 28 64 64
0044_0012_0007_0029_0029.jpg 1 12 7 29 29
0045_0017_0040_0032_0032.jpg 1 17 40 32 32
0046_0011_0052_0042_0042.jpg 1 11 52 42 42
0047_0007_0022_0059_0059.jpg 1 7 22 59 59
0048_0012_0021_0058_0058.jpg 1 12 21 58 58
0049_0023_0030_0055_0055.jpg 1 23 30 55 55
0050_0030_0027_0043_0043.jpg 1 30 27 43 43
0051_0032_0007_0058_0058.jpg 1 32 7 58 58
0052_0012_0019_0029_0029.jpg 1 12 19 29 29
0053_0027_0032_0060_0060.jpg 1 27 32 60 60
0054_0015_0017_0065_0065.jpg 1 15 17 65 65
0055_0030_0018_0063_0063.jpg 1 30 18 63 63
0056_0061_0028_0031_0031.jpg 1 61 28 31 31
0057_0029_0045_0049_0049.jpg 1 29 45 49 49
0058_0055_0026_0024_0024.jpg 1 55 26 24 24
0059_0023_0027_0064_0064.jpg 1 23 27 64 64
0060_0060_0062_0025_0025.jpg 1 60 62 25 25
0061_0045_0013_0026_0026.jpg 1 45 13 26 26
0062_0061_0007_0028_0028.jpg 1 61 7 28 28
0063_0057_0062_0028_0028.jpg 1 57 62 28 28
0064_0010_0009_0068_0068.jpg 1 10 9 68 68
0065_0020_0008_0069_0069.jpg 1 20 8 69 69
0066_0032_0026_0024_0024.jpg 1 32 26 24 24
0067_0022_0016_0060_0060.jpg 1 22 16 60 60
0068_0058_0044_0029_0029.jpg 1 58 44 29 29
0069_0007_0007_0067_0067.jpg 1 7 7 67 67
0070_0016_0007_0046_0046.jpg 1 16 7 46 46
0071_0049_0011_0034_0034.jpg 1 49 11 34 34
0072_0025_0035_0043_0043.jpg 1 25 35 43 43
0073_0031_0005_0054_0054.jpg 1 31 5 54 54
0074_0036_0009_0053_0053.jpg 1 36 9 53 53
0075_0053_0041_0033_0033.jpg 1 53 41 33 33
0076_0020_0010_0064_0064.jpg 1 20 10 64 64
0077_0012_0031_0031_0031.jpg 1 12 31 31 31
0078_0021_0045_0038_0038.jpg 1 21 45 38 38
0079_0022_0024_0068_0068.jpg 1 22 24 68 68
0080_0010_0013_0041_0041.jpg 1 10 13 41 41
0081_0018_0022_0062_0062.jpg 1 18 22 62 62
0082_0007_0009_0028_0028.jpg 1 7 9 28 28
0083_0018_0017_0061_0061.jpg 1 18 17 61 61
0084_0022_0028_0041_0041.jpg 1 22 28 41 41
0085_0018_0036_0033_0033.jpg 1 18 36 33 33
0086_0020_0019_0051_0051.jpg 1 20 19 51 51
0087_0036_0016_0048_0048.jpg 1 36 16 48 48
0088_0027_0043_0038_0038.jpg 1 27 43 38 38
0089_0006_0020_0048_0048.jpg 1 6 20 48 48
0090_0046_0010_0041_0041.jpg 1 46 10 41 41
0091_0032_0021_0029_0029.jpg 1 32 21 29 29
0092_0020_0010_0061_0061.jpg 1 20 10 61 61
0093_0031_0019_0044_0044.jpg 1 31 19 44 44
0094_0013_0029_0045_0045.jpg 1 13 29 45 45
0095_0015_0044_0040_0040.jpg 1 15 44 40 40
0096_0017_0022_0039_0039.jpg 1 17 22 39 39
0097_0028_0014_0067_0067.jpg 1 28 14 67 67
0098_0020_0036_0043_0043.jpg 1 20 36 43 43
0099_0023_0060_0024_0024.jpg 1 23 60 24 24
0100_0032_0040_0041_0041.jpg 1 32 40 41 41
0101_0014_0017_0063_0063.jpg 1 14 17 63 63
0102_0025_0004_0062_0062.jpg 1 25 4 62 62
0103_0025_0012_0052_0052.jpg 1 25 12 52 52
0104_0043_0019_0039_0039.jpg 1 43 19 39 39
0105_0026_0026_0044_0044.jpg 1 26 26 44 44
0106_0021_0028_0025_0025.jpg 1 21 28 25 25
0107_0013_0018_0055_0055.jpg 1 13 18 55 55
0108_0030_0043_0025_0025.jpg 1 30 43 25 25
0109_0015_0015_0064_0064.jpg 1 15 15 64 64
0110_0011_0022_0062_0062.jpg 1 11 22 62 62
0111_0044_0046_0037_0037.jpg 1 44 46 37 37
0112_0030_0009_0066_0066.jpg 1 30 9 66 66
0113_0019_0012_0055_0055.jpg 1 19 12 55 55
0114_0012_0044_0031_0031.jpg 1 12 44 31 31
0115_0033_0010_0027_0027.jpg 1 33 10 27 27
0116_0032_0038_0044_0044.jpg 1 32 38 44 44
0117_0038_0020_0055_0055.jpg 1 38 20 55 55
0118_0025_0021_0052_0052.jpg 1 25 21 52 52
0119_0056_0027_0025_0025.jpg 1 56 27 25 25
0120_0014_0005_0066_0066.jpg 1 14 5 66 66
0121_0047_0023_0026_0026.jpg 1 47 23 26 26
0122_0048_0048_0029_0029.jpg 1 48 48 29 29
0123_0012_0025_0059_0059.jpg 1 12 25 59 59
0124_0029_0025_0067_0067.jpg 1 29 25 67 67
0125_0028_0029_0042_0042.jpg 1 28 29 42 42
0126_0011_0039_0041_0041.jpg 1 11 39 41 41
0127_0045_0023_0040_0040.jpg 1 45 23 40 40
0128_0053_0031_0034_0034.jpg 1 53 31 34 34
0129_0016_0007_0069_0069.jpg 1 16 7 69 69
0130_0027_0019_0054_0054.jpg 1 27 19 54 54
0131_0011_0008_0025_0025.jpg 1 11 8 25 25
0132_0042_0058_0033_0033.jpg 1 42 58 33 33
0133_0038_0045_0048_0048.jpg 1 38 45 48 48
0134_0008_0012_0056_0056.jpg 1 8 12 56 56
0135_0033_0036_0056_0056.jpg 1 33 36 56 56
0136_0019_0044_0040_0040.jpg 1 19 44 40 40
0137_0026_0053_0035_0035.jpg 1 26 53 35 35
0138_0005_0035_0053_0053.jpg 1 5 35 53 53
0139_0032_0021_0064_0064.jpg 1 32 21 64 64
0140_0010_0017_0045_0045.jpg 1 10 17 45 45
0141_0010_0029_0045_0045.jpg 1 10 29 45 45
0142_0004_0004_0057_0057.jpg 1 4 4 57 57
0143_0051_0043_0027_0027.jpg 1 51 43 27 27
0144_0027_0023_0069_0069.jpg 1 27 23 69 69
0145_0033_0013_0062_0062.jpg 1 33 13 62 62
0146_0037_0037_0056_0056.jpg 1 37 37 56 56
0147_0020_0019_0046_0046.jpg 1 20 19 46 46
0148_0022_0014_0062_0062.jpg 1 22 14 62 62
0149_0026_0030_0065_0065.jpg 1 26 30 65 65
0150_0009_0021_0067_0067.jpg 1 9 21 67 67
0151_0010_0043_0037_0037.jpg 1 10 43 37 37
0152_0028_0012_0042_0042.jpg 1 28 12 42 42
0153_0048_0040_0025_0025.jpg 1 48 40 25 25
0154_0006_0012_0061_0061.jpg 1 6 12 61 61
0155_0014_0021_0061_0061.jpg 1 14 21 61 61
0156_0034_0040_0038_0038.jpg 1 34 40 38 38
0157_0008_0040_0049_0049.jpg 1 8 40 49 49
0158_0023_0015_0052_0052.jpg 1 23 15 52 52
0159_0050_0027_0025_0025.jpg 1 50 27 25 25
0160_0007_0042_0051_0051.jpg 1 7 42 51 51
0161_0034_0043_0051_0051.jpg 1 34 43 51 51
0162_0009_0011_0056_0056.jpg 1 9 11 56 56
0163_0017_0027_0038_0038.jpg 1 17 27 38 38
0164_0022_0003_0068_0068.jpg 1 22 3 68 68
0165_0018_0005_0065_0065.jpg 1 18 5 65 65
0166_0022_0008_0048_0048.jpg 1 22 8 48 48
0167_0027_0028_0054_0054.jpg 1 27 28 54 54
0168_0025_0034_0044_0044.jpg 1 25 34 44 44
0169_0020_0029_0058_0058.jpg 1 20 29 58 58
0170_0049_0014_0025_0025.jpg 1 49 14 25 25
0171_0016_0017_0050_0050.jpg 1 16 17 50 50
0172_0005_0021_0068_0068.jpg 1 5 21 68 68
0173_0004_0009_0058_0058.jpg 1 4 9 58 58
0174_0019_0010_0067_0067.jpg 1 19 10 67 67
0175_0017_0038_0043_0043.jpg 1 17 38 43 43
0176_0014_0003_0068_0068.jpg 1 14 3 68 68
0177_0011_0019_0052_0052.jpg 1 11 19 52 52
0178_0024_0024_0048_0048.jpg 1 24 24 48 48
0179_0024_0022_0049_0049.jpg 1 24 22 49 49
0180_0030_0013_0060_0060.jpg 1 30 13 60 60
0181_0034_0033_0054_0054.jpg 1 34 33 54 54
0182_0055_0039_0037_0037.jpg 1 55 39 37 37
0183_0031_0025_0025_0025.jpg 1 31 25 25 25
0184_0014_0016_0069_0069.jpg 1 14 16 69 69
0185_0057_0058_0029_0029.jpg 1 57 58 29 29
0186_0008_0029_0064_0064.jpg 1 8 29 64 64
0187_0055_0031_0038_0038.jpg 1 55 31 38 38
0188_0009_0059_0032_0032.jpg 1 9 59 32 32
0189_0041_0008_0035_0035.jpg 1 41 8 35 35
0190_0019_0038_0051_0051.jpg 1 19 38 51 51
0191_0006_0023_0040_0040.jpg 1 6 23 40 40
0192_0010_0017_0069_0069.jpg 1 10 17 69 69
0193_0057_0052_0034_0034.jpg 1 57 52 34 34
0194_0019_0023_0061_0061.jpg 1 19 23 61 61
0195_0051_0035_0026_0026.jpg 1 51 35 26 26
0196_0009_0035_0038_0038.jpg 1 9 35 38 38
0197_0018_0032_0060_0060.jpg 1 18 32 60 60
0198_0011_0007_0063_0063.jpg 1 11 7 63 63
0199_0043_0043_0024_0024.jpg 1 43 43 24 24
0200_0012_0043_0051_0051.jpg 1 12 43 51 51
0201_0024_0021_0042_0042.jpg 1 24 21 42 42
0202_0022_0012_0034_0034.jpg 1 22 12 34 34
0203_0034_0046_0027_0027.jpg 1 34 46 27 27
0204_0018_0006_0066_0066.jpg 1 18 6 66 66
0205_0044_0007_0041_0041.jpg 1 44 7 41 41
0206_0020_0018_0036_0036.jpg 1 20 18 36 36
0207_0023_0029_0055_0055.jpg 1 23 29 55 55
0208_0006_0006_0058_0058.jpg 1 6 6 58 58
0209_0028_0024_0065_0065.jpg 1 28 24 65 65
0210_0016_0027_0027_0027.jpg 1 16 27 27 27
0211_0019_0017_0063_0063.jpg 1 19 17 63 63
0212_0024_0019_0065_0065.jpg 1 24 19 65 65
0213_0007_0030_0063_0063.jpg 1 7 30 63 63
0214_0032_0009_0054_0054.jpg 1 32 9 54 54
0215_0020_0036_0026_0026.jpg 1 20 36 26 26
0216_0011_0017_0064_0064.jpg 1 11 17 64 64
0217_0054_0045_0025_0025.jpg 1 54 45 25 25
0218_0018_0020_0043_0043.jpg 1 18 20 43 43
0219_0020_0019_0057_0057.jpg 1 20 19 57 57
0220_0040_0019_0053_0053.jpg 1 40 19 53 53
0221_0010_0017_0054_0054.jpg 1 10 17 54 54
0222_0019_0019_0062_0062.jpg 1 19 19 62 62
0223_0041_0024_0045_0045.jpg 1 41 24 45 45
0224_0041_0030_0047_0047.jpg 1 41 30 47 47
0225_0021_0003_0068_0068.jpg 1 21 3 68 68
0226_0027_0028_0061_0061.jpg 1 27 28 61 61
0227_0024_0034_0046_0046.jpg 1 24 34 46 46
0228_0051_0029_0035_0035.jpg 1 51 29 35 35
0229_0041_0009_0035_0035.jpg 1 41 9 35 35
0230_0016_0031_0033_0033.jpg 1 16 31 33 33
0231_0025_0016_0036_0036.jpg 1 25 16 36 36
0232_0023_0024_0065_0065.jpg 1 23 24 65 65
0233_0007_0019_0036_0036.jpg 1 7 19 36 36
0234_0039_0016_0034_0034.jpg 1 39 16 34 34
0235_0037_0016_0050_0050.jpg 1 37 16 50 50
0236_0033_0023_0057_0057.jpg 1 33 23 57 57
0237_0028_0006_0054_0054.jpg 1 28 6 54 54
0238_0060_0035_0031_0031.jpg 1 60 35 31 31
0239_0055_0058_0027_0027.jpg 1 55 58 27 27
0240_0010_0054_0035_0035.jpg 1 10 54 35 35
0241_0053_0031_0037_0037.jpg 1 53 31 37 37
0242_0014_0013_0041_0041.jpg 1 14 13 41 41
0243_0035_0052_0026_0026.jpg 1 35 52 26 26
0244_0042_0008_0027_0027.jpg 1 42 8 27 27
0245_0003_0015_0069_0069.jpg 1 3 15 69 69
0246_0032_0024_0050_0050.jpg 1 32 24 50 50
0247_0029_0015_0062_0062.jpg 1 29 15 62 62
0248_0027_0011_0030_0030.jpg 1 27 11 30 30
0249_0007_0026_0041_0041.jpg 1 7 26 41 41
0250_0009_0010_0067_0067.jpg 1 9 10 67 67
0251_0020_0021_0043_0043.jpg 1 20 21 43 43
0252_0041_0021_0050_0050.jpg 1 41 21 50 50
0253_0052_0052_0035_0035.jpg 1 52 52 35 35
0254_0030_0029_0058_0058.jpg 1 30 29 58 58
0255_0011_0054_0035_0035.jpg 1 11 54 35 35
0256_0017_0016_0029_0029.jpg 1 17 16 29 29
0257_0013_0035_0042_0042.jpg 1 13 35 42 42
0258_0019_0027_0052_0052.jpg 1 19 27 52 52
0259_0058_0052_0024_0024.jpg 1 58 52 24 24
0260_0054_0013_0037_0037.jpg 1 54 13 37 37
0261_0018_0024_0066_0066.jpg 1 18 24 66 66
0262_0006_0048_0038_0038.jpg 1 6 48 38 38
0263_0020_0008_0059_0059.jpg 1 20 8 59 59
0264_0051_0038_0032_0032.jpg 1 51 38 32 32
0265_0013_0041_0048_0048.jpg 1 13 41 48 48
0266_0017_0019_0065_0065.jpg 1 17 19 65 65
0267_0030_0004_0059_0059.jpg 1 30 4 59 59
0268_0013_0010_0056_0056.jpg 1 13 10 56 56
0269_0034_0024_0054_0054.jpg 1 34 24 54 54
0270_0014_0051_0033_0033.jpg 1 14 51 33 33
0271_0045_0054_0038_0038.jpg 1 45 54 38 38
0272_0048_0025_0040_0040.jpg 1 48 25 40 40
0273_0041_0024_0041_0041.jpg 1 41 24 41 41
0274_0041_0035_0025_0025.jpg 1 41 35 25 25
0275_0048_0030_0036_0036.jpg 1 48 30 36 36
0276_0050_0019_0034_0034.jpg 1 50 19 34 34
0277_0010_0025_0028_0028.jpg 1 10 25 28 28
0278_0026_0005_0059_0059.jpg 1 26 5 59 59
0279_0044_0051_0037_0037.jpg 1 44 51 37 37
0280_0006_0018_0064_0064.jpg 1 6 18 64 64
0281_0039_0052_0042_0042.jpg 1 39 52 42 42
0282_0042_0029_0051_0051.jpg 1 42 29 51 51
0283_0018_0030_0061_0061.jpg 1 18 30 61 61
0284_0035_0012_0032_0032.jpg 1 35 12 32 32
0285_0014_0024_0027_0027.jpg 1 14 24 27 27
0286_0009_0022_0066_0066.jpg 1 9 22 66 66
0287_0029_0017_0037_0037.jpg 1 29 17 37 37
0288_0028_0013_0063_0063.jpg 1 28 13 63 63
0289_0012_0023_0053_0053.jpg 1 12 23 53 53
0290_0048_0031_0040_0040.jpg 1 48 31 40 40
0291_0046_0038_0029_0029.jpg 1 46 38 29 29
0292_0031_0037_0050_0050.jpg 1 31 37 50 50
0293_0006_0036_0044_0044.jpg 1 6 36 44 44
0294_0022_0011_0063_0063.jpg 1 22 11 63 63
0295_0017_0010_0062_0062.jpg 1 17 10 62 62
0296_0007_0014_0055_0055.jpg 1 7 14 55 55
0297_0008_0026_0030_0030.jpg 1 8 26 30 30
0298_0025_0012_0064_0064.jpg 1 25 12 64 64
0299_0004_0004_0057_0057.jpg 1 4 4 57 57
0300_0038_0040_0043_0043.jpg 1 38 40 43 43
0301_0041_0014_0050_0050.jpg 1 41 14 50 50
0302_0030_0023_0047_0047.jpg 1 30 23 47 47
0303_0038_0017_0035_0035.jpg 1 38 17 35 35
0304_0005_0023_0066_0066.jpg 1 5 23 66 66
0305_0056_0012_0031_0031.jpg 1 56 12 31 31
0306_0011_0005_0068_0068.jpg 1 11 5 68 68
0307_0010_0018_0067_0067.jpg 1 10 18 67 67
0308_0035_0017_0042_0042.jpg 1 35 17 42 42
0309_0016_0052_0038_0038.jpg 1 16 52 38 38
0310_0016_0010_0069_0069.jpg 1 16 10 69 69
0311_0009_0032_0025_0025.jpg 1 9 32 25 25
0312_0016_0023_0047_0047.jpg 1 16 23 47 47
0313_0022_0006_0031_0031.jpg 1 22 6 31 31
0314_0019_0022_0039_0039.jpg 1 19 22 39 39
0315_0010_0031_0056_0056.jpg 1 10 31 56 56
0316_0015_0024_0057_0057.jpg 1 15 24 57 57
0317_0021_0017_0069_0069.jpg 1 21 17 69 69
0318_0052_0017_0027_0027.jpg 1 52 17 27 27
0319_0019_0049_0028_0028.jpg 1 19 49 28 28
0320_0045_0027_0039_0039.jpg 1 45 27 39 39
0321_0028_0036_0039_0039.jpg 1 28 36 39 39
0322_0005_0015_0060_0060.jpg 1 5 15 60 60
0323_0047_0032_0042_0042.jpg 1 47 32 42 42
0324_0004_0026_0066_0066.jpg 1 4 26 66 66
0325_0017_0034_0045_0045.jpg 1 17 34 45 45
0326_0061_0041_0028_0028.jpg 1 61 41 28 28
0327_0012_0029_0057_0057.jpg 1 12 29 57 57
0328_0005_0010_0063_0063.jpg 1 5 10 63 63
0329_0035_0038_0052_0052.jpg 1 35 38 52 52
0330_0020_0019_0047_0047.jpg 1 20 19 47 47
0331_0008_0027_0039_0039.jpg 1 8 27 39 39
0332_0054_0011_0029_0029.jpg 1 54 11 29 29
0333_0019_0057_0033_0033.jpg 1 19 57 33 33
0334_0024_0008_0059_0059.jpg 1 24 8 59 59
0335_0016_0017_0056_0056.jpg 1 16 17 56 56
0336_0010_0031_0056_0056.jpg 1 10 31 56 56
0337_0041_0033_0042_0042.jpg 1 41 33 42 42
0338_0020_0065_0027_0027.jpg 1 20 65 27 27
0339_0034_0027_0041_0041.jpg 1 34 27 41 41
0340_0013_0028_0066_0066.jpg 1 13 28 66 66
0341_0035_0030_0030_0030.jpg 1 35 30 30 30
0342_0038_0033_0047_0047.jpg 1 38 33 47 47
0343_0003_0020_0069_0069.jpg 1 3 20 69 69
0344_0059_0023_0032_0032.jpg 1 59 23 32 32
0345_0007_0004_0068_0068.jpg 1 7 4 68 68
0346_0025_0032_0026_0026.jpg 1 25 32 26 26
0347_0013_0027_0069_0069.jpg 1 13 27 69 69
0348_0023_0021_0053_0053.jpg 1 23 21 53 53
0349_0020_0037_0037_0037.jpg 1 20 37 37 37
0350_0038_0037_0039_0039.jpg 1 38 37 39 39
0351_0024_0043_0045_0045.jpg 1 24 43 45 45
0352_0032_0047_0025_0025.jpg 1 32 47 25 25
0353_0055_0048_0028_0028.jpg 1 55 48 28 28
0354_0040_0021_0051_0051.jpg 1 40 21 51 51
0355_0034_0030_0037_0037.jpg 1 34 30 37 37
0356_0008_0024_0046_0046.jpg 1 8 24 46 46
0357_0004_0020_0066_0066.jpg 1 4 20 66 66
0358_0006_0024_0039_0039.jpg 1 6 24 39 39
0359_0044_0046_0032_0032.jpg 1 44 46 32 32
0360_0032_0026_0047_0047.jpg 1 32 26 47 47
0361_0019_0055_0032_0032.jpg 1 19 55 32 32
0362_0038_0020_0027_0027.jpg 1 38 20 27 27
0363_0043_0049_0032_0032.jpg 1 43 49 32 32
0364_0043_0033_0036_0036.jpg 1 43 33 36 36
0365_0030_0013_0050_0050.jpg 1 30 13 50 50
0366_0021_0024_0069_0069.jpg 1 21 24 69 69
0367_0032_0052_0029_0029.jpg 1 32 52 29 29
0368_0032_0010_0052_0052.jpg 1 32 10 52 52
0369_0015_0031_0056_0056.jpg 1 15 31 56 56
0370_0055_0055_0026_0026.jpg 1 55 55 26 26
0371_0058_0016_0035_0035.jpg 1 58 16 35 35
0372_0016_0046_0047_0047.jpg 1 16 46 47 47
0373_0033_0033_0057_0057.jpg 1 33 33 57 57
0374_0011_0063_0028_0028.jpg 1 11 63 28 28
0375_0023_0013_0039_0039.jpg 1 23 13 39 39
0376_0011_0057_0024_0024.jpg 1 11 57 24 24
0377_0034_0035_0056_0056.jpg 1 34 35 56 56
0378_0024_0004_0060_0060.jpg 1 24 4 60 60
0379_0023_0024_0057_0057.jpg 1 23 24 57 57
0380_0017_0021_0053_0053.jpg 1 17 21 53 53
0381_0025_0047_0025_0025.jpg 1 25 47 25 25
0382_0020_0021_0053_0053.jpg 1 20 21 53 53
0383_0023_0017_0044_0044.jpg 1 23 17 44 44
0384_0023_0031_0041_0041.jpg 1 23 31 41 41
0385_0007_0028_0042_0042.jpg 1 7 28 42 42
0386_0016_0031_0062_0062.jpg 1 16 31 62 62
0387_0032_0040_0053_0053.jpg 1 32 40 53 53
0388_0043_0019_0050_0050.jpg 1 43 19 50 50
0389_0042_0013_0036_0036.jpg 1 42 13 36 36
0390_0037_0035_0057_0057.jpg 1 37 35 57 57
0391_0062_0057_0029_0029.jpg 1 62 57 29 29
0392_0035_0022_0051_0051.jpg 1 35 22 51 51
0393_0023_0039_0045_0045.jpg 1 23 39 45 45
0394_0027_0039_0035_0035.jpg 1 27 39 35 35
0395_0022_0012_0029_0029.jpg 1 22 12 29 29
0396_0028_0008_0027_0027.jpg 1 28 8 27 27
0397_0031_0022_0065_0065.jpg 1 31 22 65 65
0398_0035_0020_0053_0053.jpg 1 35 20 53 53
0399_0034_0042_0030_0030.jpg 1 34 42 30 30
0400_0024_0041_0043_0043.jpg 1 24 41 43 43
0401_0043_0010_0031_0031.jpg 1 43 10 31 31
0402_0045_0049_0026_0026.jpg 1 45 49 26 26
0403_0044_0035_0044_0044.jpg 1 44 35 44 44
0404_0035_0021_0047_0047.jpg 1 35 21 47 47
0405_0018_0038_0054_0054.jpg 1 18 38 54 54
0406_0027_0006_0068_0068.jpg 1 27 6 68 68
0407_0018_0019_0025_0025.jpg 1 18 19 25 25
0408_0020_0016_0052_0052.jpg 1 20 16 52 52
0409_0038_0007_0047_0047.jpg 1 38 7 47 47
0410_0013_0011_0031_0031.jpg 1 13 11 31 31
0411_0014_0028_0067_0067.jpg 1 14 28 67 67
0412_0018_0018_0068_0068.jpg 1 18 18 68 68
0413_0016_0015_0032_0032.jpg 1 16 15 32 32
0414_0053_0017_0030_0030.jpg 1 53 17 30 30
0415_0024_0057_0036_0036.jpg 1 24 57 36 36
0416_0027_0006_0051_0051.jpg 1 27 6 51 51
0417_0016_0018_0054_0054.jpg 1 16 18 54 54
0418_0029_0026_0056_0056.jpg 1 29 26 56 56
0419_0037_0020_0030_0030.jpg 1 37 20 30 30
0420_0026_0034_0034_0034.jpg 1 26 34 34 34
0421_0023_0020_0069_0069.jpg 1 23 20 69 69
0422_0043_0035_0029_0029.jpg 1 43 35 29 29
0423_0008_0041_0052_0052.jpg 1 8 41 52 52
0424_0030_0038_0036_0036.jpg 1 30 38 36 36
0425_0034_0047_0028_0028.jpg 1 34 47 28 28
0426_0056_0046_0035_0035.jpg 1 56 46 35 35
0427_0018_0010_0045_0045.jpg 1 18 10 45 45
0428_0023_0033_0062_0062.jpg 1 23 33 62 62
0429_0026_0031_0028_0028.jpg 1 26 31 28 28
0430_0008_0027_0061_0061.jpg 1 8 27 61 61
0431_0028_0012_0053_0053.jpg 1 28 12 53 53
0432_0046_0024_0041_0041.jpg 1 46 24 41 41
0433_0016_0036_0057_0057.jpg 1 16 36 57 57
0434_0027_0008_0041_0041.jpg 1 27 8 41 41
0435_0015_0059_0031_0031.jpg 1 15 59 31 31
0436_0046_0041_0031_0031.jpg 1 46 41 31 31
0437_0011_0041_0051_0051.jpg 1 11 41 51 51
0438_0024_0055_0038_0038.jpg 1 24 55 38 38
0439_0019_0014_0066_0066.jpg 1 19 14 66 66
0440_0045_0048_0045_0045.jpg 1 45 48 45 45
0441_0033_0010_0046_0046.jpg 1 33 10 46 46
0442_0033_0014_0044_0044.jpg 1 33 14 44 44
0443_0042_0042_0034_0034.jpg 1 42 42 34 34
0444_0024_0055_0030_0030.jpg 1 24 55 30 30
0445_0011_0013_0064_0064.jpg 1 11 13 64 64
0446_0033_0006_0052_0052.jpg 1 33 6 52 52
0447_0007_0008_0025_0025.jpg 1 7 8 25 25
0448_0020_0027_0063_0063.jpg 1 20 27 63 63
0449_0031_0035_0036_0036.jpg 1 31 35 36 36
0450_0013_0007_0055_0055.jpg 1 13 7 55 55
0451_0037_0017_0053_0053.jpg 1 37 17 53 53
0452_0038_0023_0050_0050.jpg 1 38 23 50 50
0453_0046_0010_0041_0041.jpg 1 46 10 41 41
0454_0010_0014_0059_0059.jpg 1 10 14 59 59
0455_0031_0014_0046_0046.jpg 1 31 14 46 46
0456_0014_0025_0055_0055.jpg 1 14 25 55 55
0457_0020_0034_0050_0050.jpg 1 20 34 50 50
0458_0011_0028_0033_0033.jpg 1 11 28 33 33
0459_0038_0038_0056_0056.jpg 1 38 38 56 56
0460_0012_0023_0029_0029.jpg 1 12 23 29 29
0461_0039_0035_0032_0032.jpg 1 39 35 32 32
0462_0023_0020_0059_0059.jpg 1 23 20 59 59
0463_0034_0010_0045_0045.jpg 1 34 10 45 45
0464_0012_0020_0055_0055.jpg 1 12 20 55 55
0465_0036_0013_0045_0045.jpg 1 36 13 45 45
0466_0044_0046_0042_0042.jpg 1 44 46 42 42
0467_0023_0009_0068_0068.jpg 1 23 9 68 68
0468_0032_0032_0061_0061.jpg 1 32 32 61 61
0469_0062_0043_0025_0025.jpg 1 62 43 25 25
0470_0017_0011_0049_0049.jpg 1 17 11 49 49
0471_0019_0008_0031_0031.jpg 1 19 8 31 31
0472_0044_0046_0031_0031.jpg 1 44 46 31 31
0473_0009_0048_0045_0045.jpg 1 9 48 45 45
0474_0024_0023_0051_0051.jpg 1 24 23 51 51
0475_0036_0023_0040_0040.jpg 1 36 23 40 40
0476_0022_0024_0066_0066.jpg 1 22 24 66 66
0477_0045_0016_0048_0048.jpg 1 45 16 48 48
0478_0035_0018_0056_0056.jpg 1 35 18 56 56
0479_0041_0033_0052_0052.jpg 1 41 33 52 52
0480_0015_0045_0044_0044.jpg 1 15 45 44 44
0481_0012_0053_0032_0032.jpg 1 12 53 32 32
0482_0023_0012_0058_0058.jpg 1 23 12 58 58
0483_0052_0031_0041_0041.jpg 1 52 31 41 41
0484_0006_0034_0052_0052.jpg 1 6 34 52 52
0485_0033_0013_0036_0036.jpg 1 33 13 36 36
0486_0022_0020_0060_0060.jpg 1 22 20 60 60
0487_0046_0042_0042_0042.jpg 1 46 42 42 42
0488_0012_0016_0056_0056.jpg 1 12 16 56 56
0489_0014_0058_0032_0032.jpg 1 14 58 32 32
0490_0047_0044_0036_0036.jpg 1 47 44 36 36
0491_0044_0045_0042_0042.jpg 1 44 45 42 42
0492_0061_0057_0024_0024.jpg 1 61 57 24 24
0493_0022_0046_0045_0045.jpg 1 22 46 45 45
0494_0032_0017_0059_0059.jpg 1 32 17 59 59
0495_0056_0019_0028_0028.jpg 1 56 19 28 28
0496_0030_0033_0061_0061.jpg 1 30 33 61 61
0497_0032_0007_0057_0057.jpg 1 32 7 57 57
0498_0026_0015_0069_0069.jpg 1 26 15 69 69
0499_0036_0034_0046_0046.jpg 1 36 34 46 46
0500_0007_0008_0067_0067.jpg 1 7 8 67 67
0501_0043_0033_0050_0050.jpg 1 43 33 50 50
0502_0010_0022_0063_0063.jpg 1 10 22 63 63
0503_0004_0033_0062_0062.jpg 1 4 33 62 62
0504_0039_0033_0049_0049.jpg 1 39 33 49 49
0505_0031_0031_0056_0056.jpg 1 31 31 56 56
0506_0012_0035_0028_0028.jpg 1 12 35 28 28
0507_0012_0026_0026_0026.jpg 1 12 26 26 26
0508_0054_0013_0037_0037.jpg 1 54 13 37 37
0509_0020_0015_0062_0062.jpg 1 20 15 62 62
0510_0045_0020_0038_0038.jpg 1 45 20 38 38
0511_0026_0024_0069_0069.jpg 1 26 24 69 69
0512_0025_0028_0065_0065.jpg 1 25 28 65 65
0513_0065_0050_0027_0027.jpg 1 65 50 27 27
0514_0024_0025_0061_0061.jpg 1 24 25 61 61
0515_0032_0015_0043_0043.jpg 1 32 15 43 43
0516_0039_0054_0037_0037.jpg 1 39 54 37 37
0517_0021_0042_0046_0046.jpg 1 21 42 46 46
0518_0029_0006_0050_0050.jpg 1 29 6 50 50
0519_0012_0009_0052_0052.jpg 1 12 9 52 52
0520_0006_0022_0058_0058.jpg 1 6 22 58 58
0521_0026_0045_0041_0041.jpg 1 26 45 41 41
0522_0024_0014_0057_0057.jpg 1 24 14 57 57
0523_0039_0012_0051_0051.jpg 1 39 12 51 51
0524_0028_0010_0043_0043.jpg 1 28 10 43 43
0525_0013_0036_0025_0025.jpg 1 13 36 25 25
0526_0033_0039_0055_0055.jpg 1 33 39 55 55
0527_0015_0031_0055_0055.jpg 1 15 31 55 55
0528_0006_0047_0042_0042.jpg 1 6 47 42 42
0529_0029_0017_0067_0067.jpg 1 29 17 67 67
0530_0043_0026_0034_0034.jpg 1 43 26 34 34
0531_0014_0066_0025_0025.jpg 1 14 66 25 25
0532_0008_0018_0057_0057.jpg 1 8 18 57 57
0533_0025_0025_0059_0059.jpg 1 25 25 59 59
0534_0039_0016_0053_0053.jpg 1 39 16 53 53
0535_0039_0012_0053_0053.jpg 1 39 12 53 53
0536_0024_0020_0048_0048.jpg 1 24 20 48 48
0537_0040_0020_0030_0030.jpg 1 40 20 30 30
0538_0027_0005_0058_0058.jpg 1 27 5 58 58
0539_0017_0024_0064_0064.jpg 1 17 24 64 64
0540_0027_0045_0037_0037.jpg 1 27 45 37 37
0541_0040_0036_0052_0052.jpg 1 40 36 52 52
0542_0037_0025_0054_0054.jpg 1 37 25 54 54
0543_0058_0055_0031_0031.jpg 1 58 55 31 31
0544_0006_0040_0045_0045.jpg 1 6 40 45 45
0545_0029_0017_0065_0065.jpg 1 29 17 65 65
0546_0036_0021_0027_0027.jpg 1 36 21 27 27
0547_0012_0018_0039_0039.jpg 1 12 18 39 39
0548_0011_0004_0064_0064.jpg 1 11 4 64 64
0549_0045_0037_0027_0027.jpg 1 45 37 27 27
0550_0027_0033_0059_0059.jpg 1 27 33 59 59
0551_0032_0036_0047_0047.jpg 1 32 36 47 47
0552_0021_0019_0062_0062.jpg 1 21 19 62 62
0553_0013_0026_0045_0045.jpg 1 13 26 45 45
0554_0035_0053_0039_0039.jpg 1 35 53 39 39
0555_0042_0019_0032_0032.jpg 1 42 19 32 32
0556_0044_0048_0038_0038.jpg 1 44 48 38 38
0557_0009_0036_0035_0035.jpg 1 9 36 35 35
0558_0013_0024_0069_0069.jpg 1 13 24 69 69
0559_0015_0009_0062_0062.jpg 1 15 9 62 62
0560_0034_0024_0025_0025.jpg 1 34 24 25 25
0561_0040_0023_0024_0024.jpg 1 40 23 24 24
0562_0013_0019_0054_0054.jpg 1 13 19 54 54
0563_0007_0027_0030_0030.jpg 1 7 27 30 30
0564_0029_0005_0052_0052.jpg 1 29 5 52 52
0565_0059_0048_0033_0033.jpg 1 59 48 33 33
0566_0058_0039_0027_0027.jpg 1 58 39 27 27
0567_0055_0008_0028_0028.jpg 1 55 8 28 28
0568_0023_0028_0065_0065.jpg 1 23 28 65 65
0569_0053_0038_0036_0036.jpg 1 53 38 36 36
0570_0032_0028_0056_0056.jpg 1 32 28 56 56
0571_0054_0012_0032_0032.jpg 1 54 12 32 32
0572_0012_0012_0067_0067.jpg 1 12 12 67 67
0573_0009_0019_0042_0042.jpg 1 9 19 42 42
0574_0006_0025_0053_0053.jpg 1 6 25 53 53
0575_0049_0041_0033_0033.jpg 1 49 41 33 33
0576_0035_0031_0042_0042.jpg 1 35 31 42 42
0577_0039_0037_0025_0025.jpg 1 39 37 25 25
0578_0014_0026_0054_0054.jpg 1 14 26 54 54
0579_0054_0057_0034_0034.jpg 1 54 57 34 34
0580_0017_0009_0043_0043.jpg 1 17 9 43 43
0581_0026_0014_0068_0068.jpg 1 26 14 68 68
0582_0012_0022_0069_0069.jpg 1 12 22 69 69
0583_0041_0048_0024_0024.jpg 1 41 48 24 24
0584_0028_0015_0057_0057.jpg 1 28 15 57 57
0585_0015_0011_0028_0028.jpg 1 15 11 28 28
0586_0053_0030_0039_0039.jpg 1 53 30 39 39
0587_0015_0038_0051_0051.jpg 1 15 38 51 51
0588_0023_0022_0053_0053.jpg 1 23 22 53 53
0589_0044_0030_0034_0034.jpg 1 44 30 34 34
0590_0058_0026_0029_0029.jpg 1 58 26 29 29
0591_0036_0045_0029_0029.jpg 1 36 45 29 29
0592_0005_0004_0061_0061.jpg 1 5 4 61 61
0593_0018_0032_0029_0029.jpg 1 18 32 29 29
0594_0026_0055_0025_0025.jpg 1 26 55 25 25
0595_0022_0030_0064_0064.jpg 1 22 30 64 64
0596_0027_0019_0061_0061.jpg 1 27 19 61 61
0597_0035_0025_0030_0030.jpg 1 35 25 30 30
0598_0041_0033_0024_0024.jpg 1 41 33 24 24
0599_0015_0062_0030_0030.jpg 1 15 62 30 30
0600_0021_0061_0026_0026.jpg 1 21 61 26 26
0601_0017_0027_0029_0029.jpg 1 17 27 29 29
0602_0016_0019_0053_0053.jpg 1 16 19 53 53
0603_0060_0058_0029_0029.jpg 1 60 58 29 29
0604_0008_0015_0067_0067.jpg 1 8 15 67 67
0605_0024_0024_0069_0069.jpg 1 24 24 69 69
0606_0023_0019_0053_0053.jpg 1 23 19 53 53
0607_0012_0060_0029_0029.jpg 1 12 60 29 29
0608_0030_0026_0050_0050.jpg 1 30 26 50 50
0609_0042_0044_0050_0050.jpg 1 42 44 50 50
0610_0013_0030_0057_0057.jpg 1 13 30 57 57
0611_0036_0007_0042_0042.jpg 1 36 7 42 42
0612_0053_0007_0028_0028.jpg 1 53 7 28 28
0613_0027_0012_0032_0032.jpg 1 27 12 32 32
0614_0045_0052_0034_0034.jpg 1 45 52 34 34
0615_0020_0031_0062_0062.jpg 1 20 31 62 62
0616_0011_0023_0052_0052.jpg 1 11 23 52 52
0617_0059_0015_0034_0034.jpg 1 59 15 34 34
0618_0014_0024_0041_0041.jpg 1 14 24 41 41
0619_0038_0050_0031_0031.jpg 1 38 50 31 31
0620_0033_0035_0054_0054.jpg 1 33 35 54 54
0621_0021_0038_0050_0050.jpg 1 21 38 50 50
0622_0051_0008_0031_0031.jpg 1 51 8 31 31
0623_0012_0005_0068_0068.jpg 1 12 5 68 68
0624_0006_0041_0053_0053.jpg 1 6 41 53 53
0625_0009_0021_0039_0039.jpg 1 9 21 39 39
0626_0031_0022_0024_0024.jpg 1 31 22 24 24
0627_0013_0058_0034_0034.jpg 1 13 58 34 34
0628_0030_0031_0028_0028.jpg 1 30 31 28 28
0629_0021_0025_0055_0055.jpg 1 21 25 55 55
0630_0006_0023_0065_0065.jpg 1 6 23 65 65
0631_0037_0007_0045_0045.jpg 1 37 7 45 45
0632_0008_0021_0068_0068.jpg 1 8 21 68 68
0633_0015_0027_0069_0069.jpg 1 15 27 69 69
0634_0007_0027_0068_0068.jpg 1 7 27 68 68
0635_0056_0012_0026_0026.jpg 1 56 12 26 26
0636_0012_0031_0060_0060.jpg 1 12 31 60 60
0637_0022_0034_0037_0037.jpg 1 22 34 37 37
0638_0045_0062_0024_0024.jpg 1 45 62 24 24
0639_0017_0005_0050_0050.jpg 1 17 5 50 50
0640_0021_0033_0032_0032.jpg 1 21 33 32 32
0641_0021_0039_0047_0047.jpg 1 21 39 47 47
0642_0013_0051_0033_0033.jpg 1 13 51 33 33
0643_0050_0048_0044_0044.jpg 1 50 48 44 44
0644_0013_0013_0060_0060.jpg 1 13 13 60 60
0645_0013_0051_0042_0042.jpg 1 13 51 42 42
0646_0036_0044_0041_0041.jpg 1 36 44 41 41
0647_0039_0048_0037_0037.jpg 1 39 48 37 37
0648_0032_0033_0056_0056.jpg 1 32 33 56 56
0649_0036_0018_0045_0045.jpg 1 36 18 45 45
0650_0066_0024_0025_0025.jpg 1 66 24 25 25
0651_0008_0014_0067_0067.jpg 1 8 14 67 67
0652_0063_0039_0028_0028.jpg 1 63 39 28 28
0653_0027_0029_0031_0031.jpg 1 27 29 31 31
0654_0007_0028_0029_0029.jpg 1 7 28 29 29
0655_0027_0012_0034_0034.jpg 1 27 12 34 34
0656_0022_0013_0066_0066.jpg 1 22 13 66 66
0657_0016_0018_0029_0029.jpg 1 16 18 29 29
0658_0055_0008_0024_0024.jpg 1 55 8 24 24
0659_0015_0043_0043_0043.jpg 1 15 43 43 43
0660_0006_0012_0053_0053.jpg 1 6 12 53 53
0661_0017_0007_0049_0049.jpg 1 17 7 49 49
0662_0064_0022_0024_0024.jpg 1 64 22 24 24
0663_0004_0010_0066_0066.jpg 1 4 10 66 66
0664_0046_0026_0048_0048.jpg 1 46 26 48 48
0665_0037_0027_0053_0053.jpg 1 37 27 53 53
0666_0012_0017_0024_0024.jpg 1 12 17 24 24
0667_0032_0024_0034_0034.jpg 1 32 24 34 34
0668_0033_0050_0033_0033.jpg 1 33 50 33 33
0669_0022_0024_0050_0050.jpg 1 22 24 50 50
0670_0024_0007_0068_0068.jpg 1 24 7 68 68
0671_0019_0034_0048_0048.jpg 1 19 34 48 48
0672_0008_0014_0059_0059.jpg 1 8 14 59 59
0673_0020_0033_0054_0054.jpg 1 20 33 54 54
0674_0003_0026_0067_0067.jpg 1 3 26 67 67
0675_0046_0020_0029_0029.jpg 1 46 20 29 29
0676_0034_0023_0057_0057.jpg 1 34 23 57 57
0677_0042_0019_0032_0032.jpg 1 42 19 32 32
0678_0029_0046_0040_0040.jpg 1 29 46 40 40
0679_0022_0022_0043_0043.jpg 1 22 22 43 43
0680_0009_0013_0044_0044.jpg 1 9 13 44 44
0681_0037_0010_0048_0048.jpg 1 37 10 48 48
0682_0013_0044_0045_0045.jpg 1 13 44 45 45
0683_0043_0005_0046_0046.jpg 1 43 5 46 46
0684_0036_0035_0057_0057.jpg 1 36 35 57 57
0685_0022_0045_0033_0033.jpg 1 22 45 33 33
0686_0045_0014_0033_0033.jpg 1 45 14 33 33
0687_0034_0039_0041_0041.jpg 1 34 39 41 41
0688_0029_0004_0066_0066.jpg 1 29 4 66 66
0689_0037_0018_0051_0051.jpg 1 37 18 51 51
0690_0017_0006_0062_0062.jpg 1 17 6 62 62
0691_0030_0023_0066_0066.jpg 1 30 23 66 66
0692_0014_0049_0034_0034.jpg 1 14 49 34 34
0693_0018_0009_0067_0067.jpg 1 18 9 67 67
0694_0027_0010_0028_0028.jpg 1 27 10 28 28
0695_0014_0024_0025_0025.jpg 1 14 24 25 25
0696_0007_0009_0064_0064.jpg 1 7 9 64 64
0697_0030_0043_0042_0042.jpg 1 30 43 42 42
0698_0033_0060_0025_0025.jpg 1 33 60 25 25
0699_0036_0019_0040_0040.jpg 1 36 19 40 40
0700_0016_0012_0066_0066.jpg 1 16 12 66 66
0701_0005_0038_0044_0044.jpg 1 5 38 44 44
0702_0011_0023_0035_0035.jpg 1 11 23 35 35
0703_0029_0017_0060_0060.jpg 1 29 17 60 60
0704_0046_0010_0027_0027.jpg 1 46 10 27 27
0705_0004_0026_0060_0060.jpg 1 4 26 60 60
0706_0016_0037_0053_0053.jpg 1 16 37 53 53
0707_0021_0043_0042_0042.jpg 1 21 43 42 42
0708_0038_0015_0054_0054.jpg 1 38 15 54 54
0709_0044_0043_0031_0031.jpg 1 44 43 31 31
0710_0012_0026_0056_0056.jpg 1 12 26 56 56
0711_0008_0013_0069_0069.jpg 1 8 13 69 69
0712_0016_0017_0066_0066.jpg 1 16 17 66 66
0713_0013_0037_0051_0051.jpg 1 13 37 51 51
0714_0030_0026_0064_0064.jpg 1 30 26 64 64
0715_0011_0011_0047_0047.jpg 1 11 11 47 47
0716_0003_0008_0068_0068.jpg 1 3 8 68 68
0717_0042_0036_0042_0042.jpg 1 42 36 42 42
0718_0022_0007_0069_0069.jpg 1 22 7 69 69
0719_0012_0007_0067_0067.jpg 1 12 7 67 67
0720_0009_0014_0055_0055.jpg 1 9 14 55 55
0721_0021_0021_0043_0043.jpg 1 21 21 43 43
0722_0019_0012_0058_0058.jpg 1 19 12 58 58
0723_0054_0020_0030_0030.jpg 1 54 20 30 30
0724_0009_0003_0063_0063.jpg 1 9 3 63 63
0725_0022_0014_0035_0035.jpg 1 22 14 35 35
0726_0044_0032_0040_0040.jpg 1 44 32 40 40
0727_0015_0017_0066_0066.jpg 1 15 17 66 66
0728_0045_0029_0045_0045.jpg 1 45 29 45 45
0729_0014_0034_0034_0034.jpg 1 14 34 34 34
0730_0038_0034_0054_0054.jpg 1 38 34 54 54
0731_0018_0055_0028_0028.jpg 1 18 55 28 28
0732_0035_0015_0027_0027.jpg 1 35 15 27 27
0733_0011_0005_0065_0065.jpg 1 11 5 65 65
0734_0025_0011_0059_0059.jpg 1 25 11 59 59
0735_0021_0023_0025_0025.jpg 1 21 23 25 25
0736_0021_0004_0061_0061.jpg 1 21 4 61 61
0737_0032_0068_0024_0024.jpg 1 32 68 24 24
0738_0048_0021_0039_0039.jpg 1 48 21 39 39
0739_0005_0030_0057_0057.jpg 1 5 30 57 57
0740_0029_0009_0047_0047.jpg 1 29 9 47 47
0741_0008_0004_0067_0067.jpg 1 8 4 67 67
0742_0018_0017_0025_0025.jpg 1 18 17 25 25
0743_0034_0023_0025_0025.jpg 1 34 23 25 25
0744_0013_0005_0063_0063.jpg 1 13 5 63 63
0745_0012_0020_0059_0059.jpg 1 12 20 59 59
0746_0022_0019_0050_0050.jpg 1 22 19 50 50
0747_0034_0029_0059_0059.jpg 1 34 29 59 59
0748_0005_0024_0047_0047.jpg 1 5 24 47 47
0749_0040_0030_0030_0030.jpg 1 40 30 30 30
0750_0039_0010_0036_0036.jpg 1 39 10 36 36
0751_0008_0015_0067_0067.jpg 1 8 15 67 67
0752_0030_0015_0061_0061.jpg 1 30 15 61 61
0753_0033_0006_0050_0050.jpg 1 33 6 50 50
0754_0037_0011_0056_0056.jpg 1 37 11 56 56
0755_0035_0013_0057_0057.jpg 1 35 13 57 57
0756_0033_0048_0037_0037.jpg 1 33 48 37 37
0757_0014_0012_0047_0047.jpg 1 14 12 47 47
0758_0034_0010_0044_0044.jpg 1 34 10 44 44
0759_0024_0024_0066_0066.jpg 1 24 24 66 66
0760_0013_0009_0044_0044.jpg 1 13 9 44 44
0761_0022_0027_0054_0054.jpg 1 22 27 54 54
0762_0008_0053_0024_0024.jpg 1 8 53 24 24
0763_0008_0028_0041_0041.jpg 1 8 28 41 41
0764_0049_0019_0031_0031.jpg 1 49 19 31 31
0765_0016_0058_0026_0026.jpg 1 16 58 26 26
0766_0009_0027_0063_0063.jpg 1 9 27 63 63
0767_0043_0034_0045_0045.jpg 1 43 34 45 45
0768_0045_0052_0040_0040.jpg 1 45 52 40 40
0769_0022_0013_0065_0065.jpg 1 22 13 65 65
0770_0030_0044_0039_0039.jpg 1 30 44 39 39
0771_0023_0035_0035_0035.jpg 1 23 35 35 35
0772_0036_0006_0053_0053.jpg 1 36 6 53 53
0773_0016_0018_0060_0060.jpg 1 16 18 60 60
0774_0045_0055_0038_0038.jpg 1 45 55 38 38
0775_0032_0005_0047_0047.jpg 1 32 5 47 47
0776_0018_0016_0029_0029.jpg 1 18 16 29 29
0777_0008_0010_0052_0052.jpg 1 8 10 52 52
0778_0034_0011_0046_0046.jpg 1 34 11 46 46
0779_0011_0029_0057_0057.jpg 1 11 29 57 57
0780_0015_0004_0060_0060.jpg 1 15 4 60 60
0781_0022_0027_0034_0034.jpg 1 22 27 34 34
0782_0014_0044_0024_0024.jpg 1 14 44 24 24
0783_0008_0003_0067_0067.jpg 1 8 3 67 67
0784_0040_0018_0047_0047.jpg 1 40 18 47 47
0785_0033_0031_0053_0053.jpg 1 33 31 53 53
0786_0032_0011_0046_0046.jpg 1 32 11 46 46
0787_0028_0020_0065_0065.jpg 1 28 20 65 65
0788_0015_0018_0065_0065.jpg 1 15 18 65 65
0789_0011_0027_0059_0059.jpg 1 11 27 59 59
0790_0025_0037_0041_0041.jpg 1 25 37 41 41
0791_0049_0018_0028_0028.jpg 1 49 18 28 28
0792_0059_0044_0033_0033.jpg 1 59 44 33 33
0793_0025_0005_0057_0057.jpg 1 25 5 57 57
0794_0005_0020_0053_0053.jpg 1 5 20 53 53
0795_0021_0007_0067_0067.jpg 1 21 7 67 67
0796_0028_0036_0032_0032.jpg 1 28 36 32 32
0797_0007_0034_0040_0040.jpg 1 7 34 40 40
0798_0005_0022_0062_0062.jpg 1 5 22 62 62
0799_0040_0017_0055_0055.jpg 1 40 17 55 55
0800_0026_0013_0060_0060.jpg 1 26 13 60 60
0801_0039_0026_0049_0049.jpg 1 39 26 49 49
0802_0006_0025_0036_0036.jpg 1 6 25 36 36
0803_0008_0052_0036_0036.jpg 1 8 52 36 36
0804_0006_0005_0058_0058.jpg 1 6 5 58 58
0805_0022_0012_0041_0041.jpg 1 22 12 41 41
0806_0023_0006_0055_0055.jpg 1 23 6 55 55
0807_0029_0022_0031_0031.jpg 1 29 22 31 31
0808_0025_0061_0029_0029.jpg 1 25 61 29 29
0809_0022_0017_0046_0046.jpg 1 22 17 46 46
0810_0022_0022_0062_0062.jpg 1 22 22 62 62
0811_0025_0034_0029_0029.jpg 1 25 34 29 29
0812_0016_0028_0037_0037.jpg 1 16 28 37 37
0813_0010_0011_0030_0030.jpg 1 10 11 30 30
0814_0061_0024_0024_0024.jpg 1 61 24 24 24
0815_0041_0040_0048_0048.jpg 1 41 40 48 48
0816_0033_0016_0028_0028.jpg 1 33 16 28 28
0817_0046_0034_0029_0029.jpg 1 46 34 29 29
0818_0042_0005_0042_0042.jpg 1 42 5 42 42
0819_0008_0028_0054_0054.jpg 1 8 28 54 54
0820_0011_0019_0067_0067.jpg 1 11 19 67 67
0821_0033_0033_0062_0062.jpg 1 33 33 62 62
0822_0019_0020_0069_0069.jpg 1 19 20 69 69
0823_0029_0035_0047_0047.jpg 1 29 35 47 47
0824_0023_0055_0037_0037.jpg 1 23 55 37 37
0825_0020_0020_0044_0044.jpg 1 20 20 44 44
0826_0026_0032_0051_0051.jpg 1 26 32 51 51
0827_0044_0010_0047_0047.jpg 1 44 10 47 47
0828_0011_0027_0048_0048.jpg 1 11 27 48 48
0829_0021_0031_0063_0063.jpg 1 21 31 63 63
0830_0009_0025_0069_0069.jpg 1 9 25 69 69
0831_0016_0007_0061_0061.jpg 1 16 7 61 61
0832_0013_0043_0031_0031.jpg 1 13 43 31 31
0833_0028_0025_0045_0045.jpg 1 28 25 45 45
0834_0018_0020_0036_0036.jpg 1 18 20 36 36
0835_0024_0024_0065_0065.jpg 1 24 24 65 65
0836_0017_0029_0061_0061.jpg 1 17 29 61 61
0837_0035_0031_0044_0044.jpg 1 35 31 44 44
0838_0006_0033_0063_0063.jpg 1 6 33 63 63
0839_0025_0022_0048_0048.jpg 1 25 22 48 48
0840_0043_0008_0044_0044.jpg 1 43 8 44 44
0841_0018_0028_0048_0048.jpg 1 18 28 48 48
0842_0042_0007_0042_0042.jpg 1 42 7 42 42
0843_0013_0048_0030_0030.jpg 1 13 48 30 30
0844_0032_0025_0057_0057.jpg 1 32 25 57 57
0845_0006_0027_0069_0069.jpg 1 6 27 69 69
0846_0018_0012_0049_0049.jpg 1 18 12 49 49
0847_0007_0024_0048_0048.jpg 1 7 24 48 48
0848_0005_0028_0051_0051.jpg 1 5 28 51 51
0849_0009_0027_0042_0042.jpg 1 9 27 42 42
0850_0016_0045_0036_0036.jpg 1 16 45 36 36
0851_0006_0056_0037_0037.jpg 1 6 56 37 37
0852_0021_0007_0068_0068.jpg 1 21 7 68 68
0853_0008_0015_0051_0051.jpg 1 8 15 51 51
0854_0014_0033_0061_0061.jpg 1 14 33 61 61
0855_0024_0029_0049_0049.jpg 1 24 29 49 49
0856_0007_0033_0060_0060.jpg 1 7 33 60 60
0857_0018_0010_0050_0050.jpg 1 18 10 50 50
0858_0017_0015_0053_0053.jpg 1 17 15 53 53
0859_0016_0015_0055_0055.jpg 1 16 15 55 55
0860_0037_0021_0032_0032.jpg 1 37 21 32 32
0861_0012_0011_0035_0035.jpg 1 12 11 35 35
0862_0007_0021_0057_0057.jpg 1 7 21 57 57
0863_0035_0029_0032_0032.jpg 1 35 29 32 32
0864_0048_0050_0041_0041.jpg 1 48 50 41 41
0865_0051_0027_0037_0037.jpg 1 51 27 37 37
0866_0018_0043_0040_0040.jpg 1 18 43 40 40
0867_0014_0015_0052_0052.jpg 1 14 15 52 52
0868_0032_0007_0045_0045.jpg 1 32 7 45 45
0869_0005_0009_0060_0060.jpg 1 5 9 60 60
0870_0021_0037_0057_0057.jpg 1 21 37 57 57
0871_0017_0029_0044_0044.jpg 1 17 29 44 44
0872_0017_0026_0045_0045.jpg 1 17 26 45 45
0873_0042_0014_0052_0052.jpg 1 42 14 52 52
0874_0029_0015_0067_0067.jpg 1 29 15 67 67
0875_0022_0020_0065_0065.jpg 1 22 20 65 65
0876_0015_0044_0031_0031.jpg 1 15 44 31 31
0877_0007_0045_0041_0041.jpg 1 7 45 41 41
0878_0016_0004_0064_0064.jpg 1 16 4 64 64
0879_0009_0039_0042_0042.jpg 1 9 39 42 42
0880_0030_0026_0059_0059.jpg 1 30 26 59 59
0881_0029_0015_0064_0064.jpg 1 29 15 64 64
0882_0024_0035_0057_0057.jpg 1 24 35 57 57
0883_0018_0029_0041_0041.jpg 1 18 29 41 41
0884_0026_0030_0027_0027.jpg 1 26 30 27 27
0885_0026_0044_0029_0029.jpg 1 26 44 29 29
0886_0005_0018_0057_0057.jpg 1 5 18 57 57
0887_0011_0011_0043_0043.jpg 1 11 11 43 43
0888_0031_0006_0042_0042.jpg 1 31 6 42 42
0889_0013_0013_0039_0039.jpg 1 13 13 39 39
0890_0038_0027_0027_0027.jpg 1 38 27 27 27
0891_0015_0019_0067_0067.jpg 1 15 19 67 67
0892_0011_0059_0031_0031.jpg 1 11 59 31 31
0893_0038_0026_0031_0031.jpg 1 38 26 31 31
0894_0033_0029_0061_0061.jpg 1 33 29 61 61
0895_0030_0031_0054_0054.jpg 1 30 31 54 54
0896_0044_0057_0031_0031.jpg 1 44 57 31 31
0897_0005_0031_0053_0053.jpg 1 5 31 53 53
0898_0040_0026_0052_0052.jpg 1 40 26 52 52
0899_0008_0020_0038_0038.jpg 1 8 20 38 38
0900_0029_0033_0046_0046.jpg 1 29 33 46 46
0901_0007_0032_0048_0048.jpg 1 7 32 48 48
0902_0022_0017_0053_0053.jpg 1 22 17 53 53
0903_0019_0013_0041_0041.jpg 1 19 13 41 41
0904_0021_0029_0048_0048.jpg 1 21 29 48 48
0905_0043_0045_0046_0046.jpg 1 43 45 46 46
0906_0017_0022_0045_0045.jpg 1 17 22 45 45
0907_0046_0061_0026_0026.jpg 1 46 61 26 26
0908_0047_0040_0036_0036.jpg 1 47 40 36 36
0909_0010_0034_0061_0061.jpg 1 10 34 61 61
0910_0042_0037_0031_0031.jpg 1 42 37 31 31
0911_0010_0026_0062_0062.jpg 1 10 26 62 62
0912_0004_0028_0059_0059.jpg 1 4 28 59 59
0913_0049_0016_0042_0042.jpg 1 49 16 42 42
0914_0038_0011_0039_0039.jpg 1 38 11 39 39
0915_0012_0008_0064_0064.jpg 1 12 8 64 64
0916_0027_0019_0067_0067.jpg 1 27 19 67 67
0917_0028_0041_0053_0053.jpg 1 28 41 53 53
0918_0031_0016_0052_0052.jpg 1 31 16 52 52
0919_0007_0017_0057_0057.jpg 1 7 17 57 57
0920_0063_0059_0024_0024.jpg 1 63 59 24 24
0921_0031_0042_0037_0037.jpg 1 31 42 37 37
0922_0036_0016_0049_0049.jpg 1 36 16 49 49
0923_0026_0045_0042_0042.jpg 1 26 45 42 42
0924_0055_0038_0031_0031.jpg 1 55 38 31 31
0925_0049_0052_0041_0041.jpg 1 49 52 41 41
0926_0046_0056_0037_0037.jpg 1 46 56 37 37
0927_0007_0017_0063_0063.jpg 1 7 17 63 63
0928_0005_0006_0046_0046.jpg 1 5 6 46 46
0929_0025_0029_0061_0061.jpg 1 25 29 61 61
0930_0015_0005_0068_0068.jpg 1 15 5 68 68
0931_0006_0045_0046_0046.jpg 1 6 45 46 46
0932_0018_0010_0036_0036.jpg 1 18 10 36 36
0933_0039_0048_0041_0041.jpg 1 39 48 41 41
0934_0012_0014_0062_0062.jpg 1 12 14 62 62
0935_0015_0009_0053_0053.jpg 1 15 9 53 53
0936_0004_0008_0066_0066.jpg 1 4 8 66 66
0937_0042_0030_0035_0035.jpg 1 42 30 35 35
0938_0051_0018_0029_0029.jpg 1 51 18 29 29
0939_0030_0029_0057_0057.jpg 1 30 29 57 57
0940_0036_0045_0031_0031.jpg 1 36 45 31 31
0941_0052_0019_0041_0041.jpg 1 52 19 41 41
0942_0033_0035_0029_0029.jpg 1 33 35 29 29
0943_0048_0049_0030_0030.jpg 1 48 49 30 30
0944_0016_0009_0060_0060.jpg 1 16 9 60 60
0945_0014_0016_0029_0029.jpg 1 14 16 29 29
0946_0054_0030_0037_0037.jpg 1 54 30 37 37
0947_0025_0005_0042_0042.jpg 1 25 5 42 42
0948_0033_0045_0031_0031.jpg 1 33 45 31 31
0949_0031_0019_0062_0062.jpg 1 31 19 62 62
0950_0012_0036_0045_0045.jpg 1 12 36 45 45
0951_0013_0023_0062_0062.jpg 1 13 23 62 62
0952_0011_0024_0060_0060.jpg 1 11 24 60 60
0953_0029_0014_0064_0064.jpg 1 29 14 64 64
0954_0004_0012_0068_0068.jpg 1 4 12 68 68
0955_0053_0049_0038_0038.jpg 1 53 49 38 38
0956_0032_0053_0032_0032.jpg 1 32 53 32 32
0957_0050_0039_0027_0027.jpg 1 50 39 27 27
0958_0038_0038_0051_0051.jpg 1 38 38 51 51
0959_0037_0017_0049_0049.jpg 1 37 17 49 49
0960_0024_0023_0038_0038.jpg 1 24 23 38 38
0961_0023_0033_0053_0053.jpg 1 23 33 53 53
0962_0021_0029_0063_0063.jpg 1 21 29 63 63
0963_0012_0022_0067_0067.jpg 1 12 22 67 67
0964_0031_0024_0050_0050.jpg 1 31 24 50 50
0965_0025_0036_0042_0042.jpg 1 25 36 42 42
0966_0030_0017_0035_0035.jpg 1 30 17 35 35
0967_0015_0012_0063_0063.jpg 1 15 12 63 63
0968_0025_0005_0061_0061.jpg 1 25 5 61 61
0969_0044_0027_0027_0027.jpg 1 44 27 27 27
0970_0026_0017_0062_0062.jpg 1 26 17 62 62
0971_0020_0028_0056_0056.jpg 1 20 28 56 56
0972_0036_0043_0034_0034.jpg 1 36 43 34 34
0973_0007_0050_0035_0035.jpg 1 7 50 35 35
0974_0006_0005_0069_0069.jpg 1 6 5 69 69
0975_0029_0006_0048_0048.jpg 1 29 6 48 48
0976_0028_0018_0055_0055.jpg 1 28 18 55 55
0977_0028_0018_0048_0048.jpg 1 28 18 48 48
0978_0025_0014_0033_0033.jpg 1 25 14 33 33
0979_0048_0047_0036_0036.jpg 1 48 47 36 36
0980_0037_0022_0037_0037.jpg 1 37 22 37 37
0981_0015_0035_0031_0031.jpg 1 15 35 31 31
0982_0024_0024_0054_0054.jpg 1 24 24 54 54
0983_0023_0024_0069_0069.jpg 1 23 24 69 69
0984_0034_0022_0052_0052.jpg 1 34 22 52 52
0985_0022_0028_0068_0068.jpg 1 22 28 68 68
0986_0041_0030_0046_0046.jpg 1 41 30 46 46
0987_0023_0036_0049_0049.jpg 1 23 36 49 49
0988_0014_0025_0067_0067.jpg 1 14 25 67 67
0989_0033_0033_0043_0043.jpg 1 33 33 43 43
0990_0047_0026_0038_0038.jpg 1 47 26 38 38
0991_0046_0050_0036_0036.jpg 1 46 50 36 36
0992_0015_0017_0056_0056.jpg 1 15 17 56 56
0993_0023_0028_0053_0053.jpg 1 23 28 53 53
0994_0004_0023_0061_0061.jpg 1 4 23 61 61
0995_0034_0018_0028_0028.jpg 1 34 18 28 28
0996_0036_0027_0055_0055.jpg 1 36 27 55 55
0997_0034_0038_0032_0032.jpg 1 34 38 32 32
0998_0025_0034_0055_0055.jpg 1 25 34 55 55
0999_0031_0052_0037_0037.jpg 1 31 52 37 37
1000_0042_0026_0030_0030.jpg 1 42 26 30 30
1001_0006_0023_0058_0058.jpg 1 6 23 58 58
1002_0022_0010_0045_0045.jpg 1 22 10 45 45
1003_0015_0026_0069_0069.jpg 1 15 26 69 69
1004_0014_0024_0062_0062.jpg 1 14 24 62 62
1005_0041_0043_0050_0050.jpg 1 41 43 50 50
1006_0026_0023_0064_0064.jpg 1 26 23 64 64
1007_0050_0007_0033_0033.jpg 1 50 7 33 33
1008_0027_0003_0069_0069.jpg 1 27 3 69 69
1009_0036_0034_0032_0032.jpg 1 36 34 32 32
1010_0013_0023_0059_0059.jpg 1 13 23 59 59
1011_0040_0011_0052_0052.jpg 1 40 11 52 52
1012_0015_0028_0060_0060.jpg 1 15 28 60 60
1013_0035_0033_0040_0040.jpg 1 35 33 40 40
1014_0011_0006_0055_0055.jpg 1 11 6 55 55
1015_0020_0030_0056_0056.jpg 1 20 30 56 56
1016_0007_0031_0063_0063.jpg 1 7 31 63 63
1017_0024_0033_0032_0032.jpg 1 24 33 32 32
1018_0032_0039_0049_0049.jpg 1 32 39 49 49
1019_0027_0007_0034_0034.jpg 1 27 7 34 34
1020_0056_0017_0024_0024.jpg 1 56 17 24 24
1021_0008_0022_0069_0069.jpg 1 8 22 69 69
1022_0030_0037_0053_0053.jpg 1 30 37 53 53
1023_0046_0033_0045_0045.jpg 1 46 33 45 45
1024_0046_0032_0046_0046.jpg 1 46 32 46 46
1025_0020_0032_0064_0064.jpg 1 20 32 64 64
1026_0030_0014_0031_0031.jpg 1 30 14 31 31
1027_0011_0023_0052_0052.jpg 1 11 23 52 52
1028_0025_0052_0039_0039.jpg 1 25 52 39 39
1029_0026_0028_0039_0039.jpg 1 26 28 39 39
1030_0010_0031_0048_0048.jpg 1 10 31 48 48
1031_0008_0022_0054_0054.jpg 1 8 22 54 54
1032_0016_0012_0065_0065.jpg 1 16 12 65 65
1033_0033_0020_0049_0049.jpg 1 33 20 49 49
1034_0029_0017_0059_0059.jpg 1 29 17 59 59
1035_0016_0006_0057_0057.jpg 1 16 6 57 57
1036_0007_0023_0053_0053.jpg 1 7 23 53 53
1037_0032_0005_0061_0061.jpg 1 32 5 61 61
1038_0007_0040_0053_0053.jpg 1 7 40 53 53
1039_0008_0039_0032_0032.jpg 1 8 39 32 32
1040_0037_0035_0050_0050.jpg 1 37 35 50 50
1041_0024_0012_0053_0053.jpg 1 24 12 53 53
1042_0027_0037_0055_0055.jpg 1 27 37 55 55
1043_0009_0047_0040_0040.jpg 1 9 47 40 40
1044_0051_0021_0031_0031.jpg 1 51 21 31 31
1045_0014_0013_0066_0066.jpg 1 14 13 66 66
1046_0018_0037_0030_0030.jpg 1 18 37 30 30
1047_0051_0024_0038_0038.jpg 1 51 24 38 38
1048_0019_0019_0060_0060.jpg 1 19 19 60 60
1049_0018_0026_0054_0054.jpg 1 18 26 54 54
1050_0022_0018_0031_0031.jpg 1 22 18 31 31
1051_0015_0042_0050_0050.jpg 1 15 42 50 50
1052_0051_0018_0025_0025.jpg 1 51 18 25 25
1053_0036_0015_0045_0045.jpg 1 36 15 45 45
1054_0037_0027_0045_0045.jpg 1 37 27 45 45
1055_0012_0032_0062_0062.jpg 1 12 32 62 62
1056_0011_0014_0064_0064.jpg 1 11 14 64 64
1057_0024_0027_0056_0056.jpg 1 24 27 56 56
1058_0006_0013_0050_0050.jpg 1 6 13 50 50
1059_0021_0030_0061_0061.jpg 1 21 30 61 61
1060_0018_0032_0060_0060.jpg 1 18 32 60 60
1061_0014_0006_0058_0058.jpg 1 14 6 58 58
1062_0019_0044_0032_0032.jpg 1 19 44 32 32
1063_0006_0044_0050_0050.jpg 1 6 44 50 50
1064_0061_0018_0031_0031.jpg 1 61 18 31 31
1065_0022_0036_0058_0058.jpg 1 22 36 58 58
1066_0032_0033_0029_0029.jpg 1 32 33 29 29
1067_0026_0037_0046_0046.jpg 1 26 37 46 46
1068_0019_0026_0060_0060.jpg 1 19 26 60 60
1069_0036_0044_0045_0045.jpg 1 36 44 45 45
1070_0022_0049_0042_0042.jpg 1 22 49 42 42
1071_0025_0011_0062_0062.jpg 1 25 11 62 62
1072_0035_0024_0056_0056.jpg 1 35 24 56 56
1073_0030_0029_0057_0057.jpg 1 30 29 57 57
1074_0011_0048_0042_0042.jpg 1 11 48 42 42
1075_0017_0009_0053_0053.jpg 1 17 9 53 53
1076_0029_0022_0060_0060.jpg 1 29 22 60 60
1077_0049_0058_0035_0035.jpg 1 49 58 35 35
1078_0039_0034_0042_0042.jpg 1 39 34 42 42
1079_0005_0014_0068_0068.jpg 1 5 14 68 68
1080_0008_0021_0067_0067.jpg 1 8 21 67 67
1081_0021_0027_0035_0035.jpg 1 21 27 35 35
1082_0028_0014_0049_0049.jpg 1 28 14 49 49
1083_0033_0012_0051_0051.jpg 1 33 12 51 51
1084_0014_0034_0038_0038.jpg 1 14 34 38 38
1085_0039_0005_0046_0046.jpg 1 39 5 46 46
1086_0007_0025_0034_0034.jpg 1 7 25 34 34
1087_0011_0013_0068_0068.jpg 1 11 13 68 68
1088_0034_0033_0044_0044.jpg 1 34 33 44 44
1089_0008_0022_0055_0055.jpg 1 8 22 55 55
1090_0020_0008_0035_0035.jpg 1 20 8 35 35
1091_0009_0057_0028_0028.jpg 1 9 57 28 28
1092_0060_0056_0032_0032.jpg 1 60 56 32 32
1093_0005_0008_0062_0062.jpg 1 5 8 62 62
1094_0037_0031_0025_0025.jpg 1 37 31 25 25
1095_0008_0009_0059_0059.jpg 1 8 9 59 59
1096_0029_0012_0066_0066.jpg 1 29 12 66 66
1097_0038_0044_0026_0026.jpg 1 38 44 26 26
1098_0027_0047_0039_0039.jpg 1 27 47 39 39
1099_0020_0016_0031_0031.jpg 1 20 16 31 31
1100_0046_0016_0040_0040.jpg 1 46 16 40 40
1101_0005_0024_0048_0048.jpg 1 5 24 48 48
1102_0028_0013_0059_0059.jpg 1 28 13 59 59
1103_0019_0028_0062_0062.jpg 1 19 28 62 62
1104_0021_0042_0042_0042.jpg 1 21 42 42 42
1105_0016_0008_0063_0063.jpg 1 16 8 63 63
1106_0021_0004_0066_0066.jpg 1 21 4 66 66
1107_0051_0040_0042_0042.jpg 1 51 40 42 42
1108_0022_0004_0069_0069.jpg 1 22 4 69 69
1109_0023_0019_0041_0041.jpg 1 23 19 41 41
1110_0006_0025_0054_0054.jpg 1 6 25 54 54
1111_0029_0025_0060_0060.jpg 1 29 25 60 60
1112_0022_0066_0026_0026.jpg 1 22 66 26 26
1113_0006_0013_0047_0047.jpg 1 6 13 47 47
1114_0015_0005_0067_0067.jpg 1 15 5 67 67
1115_0028_0017_0048_0048.jpg 1 28 17 48 48
1116_0058_0040_0032_0032.jpg 1 58 40 32 32
1117_0015_0019_0057_0057.jpg 1 15 19 57 57
1118_0017_0025_0032_0032.jpg 1 17 25 32 32
1119_0024_0014_0069_0069.jpg 1 24 14 69 69
1120_0010_0015_0065_0065.jpg 1 10 15 65 65
1121_0020_0004_0059_0059.jpg 1 20 4 59 59
1122_0016_0025_0063_0063.jpg 1 16 25 63 63
1123_0025_0011_0069_0069.jpg 1 25 11 69 69
1124_0055_0021_0038_0038.jpg 1 55 21 38 38
1125_0009_0016_0035_0035.jpg 1 9 16 35 35
1126_0033_0015_0062_0062.jpg 1 33 15 62 62
1127_0015_0038_0053_0053.jpg 1 15 38 53 53
1128_0033_0013_0042_0042.jpg 1 33 13 42 42
1129_0039_0014_0039_0039.jpg 1 39 14 39 39
1130_0020_0028_0040_0040.jpg 1 20 28 40 40
1131_0046_0041_0034_0034.jpg 1 46 41 34 34
1132_0018_0026_0061_0061.jpg 1 18 26 61 61
1133_0026_0010_0026_0026.jpg 1 26 10 26 26
1134_0021_0020_0066_0066.jpg 1 21 20 66 66
1135_0015_0021_0044_0044.jpg 1 15 21 44 44
1136_0030_0029_0063_0063.jpg 1 30 29 63 63
1137_0016_0014_0059_0059.jpg 1 16 14 59 59
1138_0014_0030_0066_0066.jpg 1 14 30 66 66
1139_0028_0046_0043_0043.jpg 1 28 46 43 43
1140_0027_0012_0066_0066.jpg 1 27 12 66 66
1141_0041_0023_0034_0034.jpg 1 41 23 34 34
1142_0022_0006_0055_0055.jpg 1 22 6 55 55
1143_0024_0024_0067_0067.jpg 1 24 24 67 67
1144_0031_0014_0060_0060.jpg 1 31 14 60 60
1145_0035_0050_0031_0031.jpg 1 35 50 31 31
1146_0019_0037_0026_0026.jpg 1 19 37 26 26
1147_0044_0051_0041_0041.jpg 1 44 51 41 41
1148_0019_0026_0068_0068.jpg 1 19 26 68 68
1149_0027_0024_0056_0056.jpg 1 27 24 56 56
1150_0009_0031_0060_0060.jpg 1 9 31 60 60
1151_0018_0044_0027_0027.jpg 1 18 44 27 27
1152_0020_0014_0068_0068.jpg 1 20 14 68 68
1153_0008_0034_0043_0043.jpg 1 8 34 43 43
1154_0015_0021_0047_0047.jpg 1 15 21 47 47
1155_0027_0017_0043_0043.jpg 1 27 17 43 43
1156_0012_0048_0038_0038.jpg 1 12 48 38 38
1157_0024_0030_0054_0054.jpg 1 24 30 54 54
1158_0014_0021_0037_0037.jpg 1 14 21 37 37
1159_0006_0015_0055_0055.jpg 1 6 15 55 55
1160_0033_0035_0060_0060.jpg 1 33 35 60 60
1161_0011_0012_0068_0068.jpg 1 11 12 68 68
1162_0007_0056_0024_0024.jpg 1 7 56 24 24
1163_0041_0028_0047_0047.jpg 1 41 28 47 47
1164_0036_0029_0058_0058.jpg 1 36 29 58 58
1165_0004_0016_0058_0058.jpg 1 4 16 58 58
1166_0033_0029_0024_0024.jpg 1 33 29 24 24
1167_0016_0053_0033_0033.jpg 1 16 53 33 33
1168_0020_0038_0053_0053.jpg 1 20 38 53 53
1169_0040_0037_0051_0051.jpg 1 40 37 51 51
1170_0027_0018_0048_0048.jpg 1 27 18 48 48
1171_0023_0013_0035_0035.jpg 1 23 13 35 35
1172_0026_0035_0034_0034.jpg 1 26 35 34 34
1173_0047_0010_0031_0031.jpg 1 47 10 31 31
1174_0037_0038_0041_0041.jpg 1 37 38 41 41
1175_0039_0043_0041_0041.jpg 1 39 43 41 41
1176_0028_0019_0065_0065.jpg 1 28 19 65 65
1177_0036_0045_0045_0045.jpg 1 36 45 45 45
1178_0026_0022_0065_0065.jpg 1 26 22 65 65
1179_0046_0015_0039_0039.jpg 1 46 15 39 39
1180_0059_0019_0032_0032.jpg 1 59 19 32 32
1181_0032_0007_0050_0050.jpg 1 32 7 50 50
1182_0015_0015_0046_0046.jpg 1 15 15 46 46
1183_0006_0026_0069_0069.jpg 1 6 26 69 69
1184_0057_0034_0032_0032.jpg 1 57 34 32 32
1185_0019_0022_0037_0037.jpg 1 19 22 37 37
1186_0018_0029_0041_0041.jpg 1 18 29 41 41
1187_0043_0019_0042_0042.jpg 1 43 19 42 42
1188_0028_0034_0060_0060.jpg 1 28 34 60 60
1189_0042_0039_0024_0024.jpg 1 42 39 24 24
1190_0033_0040_0043_0043.jpg 1 33 40 43 43
1191_0024_0011_0040_0040.jpg 1 24 11 40 40
1192_0009_0057_0027_0027.jpg 1 9 57 27 27
1193_0047_0022_0046_0046.jpg 1 47 22 46 46
1194_0037_0013_0045_0045.jpg 1 37 13 45 45
1195_0006_0004_0062_0062.jpg 1 6 4 62 62
1196_0006_0036_0035_0035.jpg 1 6 36 35 35
1197_0006_0003_0065_0065.jpg 1 6 3 65 65
1198_0025_0032_0054_0054.jpg 1 25 32 54 54
1199_0042_0011_0049_0049.jpg 1 42 11 49 49
1200_0042_0016_0036_0036.jpg 1 42 16 36 36
1201_0046_0056_0031_0031.jpg 1 46 56 31 31
1202_0026_0006_0048_0048.jpg 1 26 6 48 48
1203_0031_0026_0056_0056.jpg 1 31 26 56 56
1204_0025_0015_0049_0049.jpg 1 25 15 49 49
1205_0014_0008_0053_0053.jpg 1 14 8 53 53
1206_0062_0017_0029_0029.jpg 1 62 17 29 29
1207_0037_0019_0027_0027.jpg 1 37 19 27 27
1208_0023_0023_0044_0044.jpg 1 23 23 44 44
1209_0041_0031_0052_0052.jpg 1 41 31 52 52
1210_0014_0013_0069_0069.jpg 1 14 13 69 69
1211_0025_0030_0049_0049.jpg 1 25 30 49 49
1212_0021_0036_0028_0028.jpg 1 21 36 28 28
1213_0018_0042_0034_0034.jpg 1 18 42 34 34
1214_0056_0038_0035_0035.jpg 1 56 38 35 35
1215_0034_0017_0060_0060.jpg 1 34 17 60 60
1216_0036_0031_0036_0036.jpg 1 36 31 36 36
1217_0023_0051_0042_0042.jpg 1 23 51 42 42
1218_0017_0005_0068_0068.jpg 1 17 5 68 68
1219_0015_0025_0043_0043.jpg 1 15 25 43 43
1220_0017_0040_0050_0050.jpg 1 17 40 50 50
1221_0005_0008_0063_0063.jpg 1 5 8 63 63
1222_0013_0056_0035_0035.jpg 1 13 56 35 35
1223_0024_0032_0046_0046.jpg 1 24 32 46 46
1224_0029_0037_0052_0052.jpg 1 29 37 52 52
1225_0013_0027_0062_0062.jpg 1 13 27 62 62
1226_0031_0012_0056_0056.jpg 1 31 12 56 56
1227_0015_0007_0028_0028.jpg 1 15 7 28 28
1228_0063_0008_0027_0027.jpg 1 63 8 27 27
1229_0016_0028_0043_0043.jpg 1 16 28 43 43
1230_0021_0011_0037_0037.jpg 1 21 11 37 37
1231_0019_0042_0051_0051.jpg 1 19 42 51 51
1232_0052_0051_0030_0030.jpg 1 52 51 30 30
1233_0012_0015_0056_0056.jpg 1 12 15 56 56
1234_0009_0011_0042_0042.jpg 1 9 11 42 42
1235_0011_0011_0049_0049.jpg 1 11 11 49 49
1236_0031_0045_0043_0043.jpg 1 31 45 43 43
1237_0022_0033_0040_0040.jpg 1 22 33 40 40
1238_0011_0035_0044_0044.jpg 1 11 35 44 44
1239_0036_0040_0033_0033.jpg 1 36 40 33 33
1240_0034_0027_0038_0038.jpg 1 34 27 38 38
1241_0043_0043_0040_0040.jpg 1 43 43 40 40
1242_0006_0023_0044_0044.jpg 1 6 23 44 44
1243_0059_0040_0027_0027.jpg 1 59 40 27 27
1244_0037_0019_0041_0041.jpg 1 37 19 41 41
1245_0020_0024_0036_0036.jpg 1 20 24 36 36
1246_0044_0027_0032_0032.jpg 1 44 27 32 32
1247_0024_0043_0049_0049.jpg 1 24 43 49 49
1248_0052_0061_0025_0025.jpg 1 52 61 25 25
1249_0036_0040_0037_0037.jpg 1 36 40 37 37
1250_0034_0043_0030_0030.jpg 1 34 43 30 30
1251_0028_0045_0042_0042.jpg 1 28 45 42 42
1252_0059_0058_0029_0029.jpg 1 59 58 29 29
1253_0036_0051_0035_0035.jpg 1 36 51 35 35
1254_0032_0033_0058_0058.jpg 1 32 33 58 58
1255_0043_0027_0041_0041.jpg 1 43 27 41 41
1256_0019_0061_0024_0024.jpg 1 19 61 24 24
1257_0023_0009_0038_0038.jpg 1 23 9 38 38
1258_0049_0052_0035_0035.jpg 1 49 52 35 35
1259_0052_0009_0033_0033.jpg 1 52 9 33 33
1260_0029_0058_0034_0034.jpg 1 29 58 34 34
1261_0024_0027_0064_0064.jpg 1 24 27 64 64
1262_0023_0032_0058_0058.jpg 1 23 32 58 58
1263_0054_0031_0033_0033.jpg 1 54 31 33 33
1264_0020_0023_0038_0038.jpg 1 20 23 38 38
1265_0014_0034_0025_0025.jpg 1 14 34 25 25
1266_0048_0030_0039_0039.jpg 1 48 30 39 39
1267_0015_0007_0056_0056.jpg 1 15 7 56 56
1268_0016_0029_0065_0065.jpg 1 16 29 65 65
1269_0009_0052_0024_0024.jpg 1 9 52 24 24
1270_0051_0027_0025_0025.jpg 1 51 27 25 25
1271_0019_0005_0068_0068.jpg 1 19 5 68 68
1272_0031_0017_0064_0064.jpg 1 31 17 64 64
1273_0032_0012_0053_0053.jpg 1 32 12 53 53
1274_0010_0007_0062_0062.jpg 1 10 7 62 62
1275_0018_0011_0044_0044.jpg 1 18 11 44 44
1276_0013_0026_0041_0041.jpg 1 13 26 41 41
1277_0024_0022_0044_0044.jpg 1 24 22 44 44
1278_0014_0067_0024_0024.jpg 1 14 67 24 24
1279_0010_0010_0055_0055.jpg 1 10 10 55 55
1280_0006_0005_0051_0051.jpg 1 6 5 51 51
1281_0008_0038_0052_0052.jpg 1 8 38 52 52
1282_0012_0034_0029_0029.jpg 1 12 34 29 29
1283_0007_0014_0067_0067.jpg 1 7 14 67 67
1284_0011_0023_0063_0063.jpg 1 11 23 63 63
1285_0017_0007_0058_0058.jpg 1 17 7 58 58
1286_0035_0023_0028_0028.jpg 1 35 23 28 28
1287_0034_0047_0036_0036.jpg 1 34 47 36 36
1288_0022_0046_0032_0032.jpg 1 22 46 32 32
1289_0008_0017_0066_0066.jpg 1 8 17 66 66
1290_0042_0036_0046_0046.jpg 1 42 36 46 46
1291_0035_0016_0047_0047.jpg 1 35 16 47 47
1292_0032_0009_0046_0046.jpg 1 32 9 46 46
1293_0011_0030_0057_0057.jpg 1 11 30 57 57
1294_0018_0012_0058_0058.jpg 1 18 12 58 58
1295_0040_0034_0048_0048.jpg 1 40 34 48 48
1296_0044_0018_0045_0045.jpg 1 44 18 45 45
1297_0019_0025_0065_0065.jpg 1 19 25 65 65
1298_0028_0045_0040_0040.jpg 1 28 45 40 40
1299_0012_0011_0059_0059.jpg 1 12 11 59 59
1300_0032_0018_0064_0064.jpg 1 32 18 64 64
1301_0008_0023_0068_0068.jpg 1 8 23 68 68
1302_0042_0043_0046_0046.jpg 1 42 43 46 46
1303_0015_0006_0059_0059.jpg 1 15 6 59 59
1304_0034_0011_0058_0058.jpg 1 34 11 58 58
1305_0027_0043_0051_0051.jpg 1 27 43 51 51
1306_0059_0008_0028_0028.jpg 1 59 8 28 28
1307_0044_0022_0028_0028.jpg 1 44 22 28 28
1308_0010_0010_0025_0025.jpg 1 10 10 25 25
1309_0011_0022_0060_0060.jpg 1 11 22 60 60
1310_0011_0046_0036_0036.jpg 1 11 46 36 36
1311_0018_0060_0026_0026.jpg 1 18 60 26 26
1312_0015_0007_0048_0048.jpg 1 15 7 48 48
1313_0014_0013_0052_0052.jpg 1 14 13 52 52
1314_0020_0028_0034_0034.jpg 1 20 28 34 34
1315_0014_0007_0034_0034.jpg 1 14 7 34 34
1316_0056_0046_0034_0034.jpg 1 56 46 34 34
1317_0035_0028_0038_0038.jpg 1 35 28 38 38
1318_0027_0039_0050_0050.jpg 1 27 39 50 50
1319_0032_0038_0030_0030.jpg 1 32 38 30 30
1320_0039_0009_0025_0025.jpg 1 39 9 25 25
1321_0034_0008_0054_0054.jpg 1 34 8 54 54
1322_0011_0012_0030_0030.jpg 1 11 12 30 30
1323_0020_0049_0026_0026.jpg 1 20 49 26 26
1324_0016_0039_0052_0052.jpg 1 16 39 52 52
1325_0052_0044_0038_0038.jpg 1 52 44 38 38
1326_0040_0060_0032_0032.jpg 1 40 60 32 32
1327_0022_0035_0042_0042.jpg 1 22 35 42 42
1328_0010_0010_0042_0042.jpg 1 10 10 42 42
1329_0036_0024_0035_0035.jpg 1 36 24 35 35
1330_0014_0028_0061_0061.jpg 1 14 28 61 61
1331_0056_0013_0028_0028.jpg 1 56 13 28 28
1332_0014_0049_0029_0029.jpg 1 14 49 29 29
1333_0030_0023_0057_0057.jpg 1 30 23 57 57
1334_0017_0025_0025_0025.jpg 1 17 25 25 25
1335_0014_0011_0037_0037.jpg 1 14 11 37 37
1336_0032_0030_0054_0054.jpg 1 32 30 54 54
1337_0021_0036_0044_0044.jpg 1 21 36 44 44
1338_0016_0032_0062_0062.jpg 1 16 32 62 62
1339_0009_0020_0060_0060.jpg 1 9 20 60 60
1340_0048_0048_0029_0029.jpg 1 48 48 29 29
1341_0046_0055_0032_0032.jpg 1 46 55 32 32
1342_0014_0037_0030_0030.jpg 1 14 37 30 30
1343_0018_0022_0062_0062.jpg 1 18 22 62 62
1344_0034_0034_0028_0028.jpg 1 34 34 28 28
1345_0004_0016_0060_0060.jpg 1 4 16 60 60
1346_0004_0010_0059_0059.jpg 1 4 10 59 59
1347_0018_0031_0063_0063.jpg 1 18 31 63 63
1348_0011_0005_0058_0058.jpg 1 11 5 58 58
1349_0057_0010_0031_0031.jpg 1 57 10 31 31
1350_0033_0005_0062_0062.jpg 1 33 5 62 62
1351_0025_0020_0058_0058.jpg 1 25 20 58 58
1352_0024_0035_0038_0038.jpg 1 24 35 38 38
1353_0039_0022_0034_0034.jpg 1 39 22 34 34
1354_0026_0018_0057_0057.jpg 1 26 18 57 57
1355_0016_0012_0067_0067.jpg 1 16 12 67 67
1356_0050_0026_0036_0036.jpg 1 50 26 36 36
1357_0007_0006_0060_0060.jpg 1 7 6 60 60
1358_0055_0056_0035_0035.jpg 1 55 56 35 35
1359_0051_0040_0027_0027.jpg 1 51 40 27 27
1360_0009_0014_0049_0049.jpg 1 9 14 49 49
1361_0052_0053_0035_0035.jpg 1 52 53 35 35
1362_0007_0038_0051_0051.jpg 1 7 38 51 51
1363_0018_0061_0027_0027.jpg 1 18 61 27 27
1364_0013_0028_0060_0060.jpg 1 13 28 60 60
1365_0036_0007_0054_0054.jpg 1 36 7 54 54
1366_0041_0063_0026_0026.jpg 1 41 63 26 26
1367_0010_0020_0052_0052.jpg 1 10 20 52 52
1368_0041_0009_0051_0051.jpg 1 41 9 51 51
1369_0021_0030_0044_0044.jpg 1 21 30 44 44
1370_0015_0030_0066_0066.jpg 1 15 30 66 66
1371_0008_0013_0064_0064.jpg 1 8 13 64 64
1372_0046_0022_0031_0031.jpg 1 46 22 31 31
1373_0004_0041_0053_0053.jpg 1 4 41 53 53
1374_0035_0045_0036_0036.jpg 1 35 45 36 36
1375_0018_0011_0068_0068.jpg 1 18 11 68 68
1376_0004_0004_0069_0069.jpg 1 4 4 69 69
1377_0021_0052_0041_0041.jpg 1 21 52 41 41
1378_0025_0034_0024_0024.jpg 1 25 34 24 24
1379_0028_0012_0044_0044.jpg 1 28 12 44 44
1380_0015_0010_0060_0060.jpg 1 15 10 60 60
1381_0021_0037_0056_0056.jpg 1 21 37 56 56
1382_0009_0061_0026_0026.jpg 1 9 61 26 26
1383_0025_0007_0035_0035.jpg 1 25 7 35 35
1384_0007_0024_0060_0060.jpg 1 7 24 60 60
1385_0054_0014_0028_0028.jpg 1 54 14 28 28
1386_0020_0027_0045_0045.jpg 1 20 27 45 45
1387_0008_0040_0049_0049.jpg 1 8 40 49 49
1388_0036_0005_0049_0049.jpg 1 36 5 49 49
1389_0037_0030_0033_0033.jpg 1 37 30 33 33
1390_0023_0026_0056_0056.jpg 1 23 26 56 56
1391_0017_0019_0045_0045.jpg 1 17 19 45 45
1392_0016_0016_0055_0055.jpg 1 16 16 55 55
1393_0058_0041_0026_0026.jpg 1 58 41 26 26
1394_0013_0028_0047_0047.jpg 1 13 28 47 47
1395_0017_0026_0056_0056.jpg 1 17 26 56 56
1396_0023_0009_0050_0050.jpg 1 23 9 50 50
1397_0013_0004_0067_0067.jpg 1 13 4 67 67
1398_0034_0035_0056_0056.jpg 1 34 35 56 56
1399_0034_0009_0046_0046.jpg 1 34 9 46 46
1400_0004_0025_0064_0064.jpg 1 4 25 64 64
1401_0036_0039_0043_0043.jpg 1 36 39 43 43
1402_0043_0018_0043_0043.jpg 1 43 18 43 43
1403_0013_0026_0049_0049.jpg 1 13 26 49 49
1404_0035_0036_0040_0040.jpg 1 35 36 40 40
1405_0020_0025_0035_0035.jpg 1 20 25 35 35
1406_0043_0042_0041_0041.jpg 1 43 42 41 41
1407_0014_0016_0066_0066.jpg 1 14 16 66 66
1408_0028_0034_0042_0042.jpg 1 28 34 42 42
1409_0044_0045_0031_0031.jpg 1 44 45 31 31
1410_0010_0008_0042_0042.jpg 1 10 8 42 42
1411_0013_0043_0042_0042.jpg 1 13 43 42 42
1412_0032_0007_0036_0036.jpg 1 32 7 36 36
1413_0023_0024_0046_0046.jpg 1 23 24 46 46
1414_0046_0031_0036_0036.jpg 1 46 31 36 36
1415_0009_0007_0064_0064.jpg 1 9 7 64 64
1416_0026_0045_0041_0041.jpg 1 26 45 41 41
1417_0025_0047_0046_0046.jpg 1 25 47 46 46
1418_0015_0025_0050_0050.jpg 1 15 25 50 50
1419_0049_0029_0034_0034.jpg 1 49 29 34 34
1420_0011_0052_0030_0030.jpg 1 11 52 30 30
1421_0025_0018_0028_0028.jpg 1 25 18 28 28
1422_0044_0008_0050_0050.jpg 1 44 8 50 50
1423_0036_0036_0030_0030.jpg 1 36 36 30 30
1424_0008_0040_0048_0048.jpg 1 8 40 48 48
1425_0037_0008_0031_0031.jpg 1 37 8 31 31
1426_0029_0011_0060_0060.jpg 1 29 11 60 60
1427_0019_0032_0055_0055.jpg 1 19 32 55 55
1428_0021_0005_0057_0057.jpg 1 21 5 57 57
1429_0017_0024_0059_0059.jpg 1 17 24 59 59
1430_0038_0058_0027_0027.jpg 1 38 58 27 27
1431_0022_0021_0035_0035.jpg 1 22 21 35 35
1432_0050_0031_0038_0038.jpg 1 50 31 38 38
1433_0037_0033_0036_0036.jpg 1 37 33 36 36
1434_0006_0008_0041_0041.jpg 1 6 8 41 41
1435_0059_0034_0030_0030.jpg 1 59 34 30 30
1436_0053_0015_0030_0030.jpg 1 53 15 30 30
1437_0005_0023_0061_0061.jpg 1 5 23 61 61
1438_0035_0041_0052_0052.jpg 1 35 41 52 52
1439_0039_0054_0029_0029.jpg 1 39 54 29 29
1440_0028_0029_0064_0064.jpg 1 28 29 64 64
1441_0007_0013_0038_0038.jpg 1 7 13 38 38
1442_0040_0026_0032_0032.jpg 1 40 26 32 32
1443_0016_0018_0058_0058.jpg 1 16 18 58 58
1444_0021_0043_0031_0031.jpg 1 21 43 31 31
1445_0057_0037_0024_0024.jpg 1 57 37 24 24
1446_0009_0012_0062_0062.jpg 1 9 12 62 62
1447_0046_0024_0024_0024.jpg 1 46 24 24 24
1448_0018_0012_0025_0025.jpg 1 18 12 25 25
1449_0058_0038_0034_0034.jpg 1 58 38 34 34
1450_0034_0022_0033_0033.jpg 1 34 22 33 33
1451_0017_0014_0064_0064.jpg 1 17 14 64 64
1452_0017_0051_0037_0037.jpg 1 17 51 37 37
1453_0017_0029_0062_0062.jpg 1 17 29 62 62
1454_0009_0009_0052_0052.jpg 1 9 9 52 52
1455_0028_0038_0025_0025.jpg 1 28 38 25 25
1456_0013_0012_0055_0055.jpg 1 13 12 55 55
1457_0042_0008_0033_0033.jpg 1 42 8 33 33
1458_0016_0024_0054_0054.jpg 1 16 24 54 54
1459_0031_0009_0025_0025.jpg 1 31 9 25 25
1460_0013_0009_0048_0048.jpg 1 13 9 48 48
1461_0066_0052_0025_0025.jpg 1 66 52 25 25
1462_0005_0017_0052_0052.jpg 1 5 17 52 52
1463_0033_0031_0059_0059.jpg 1 33 31 59 59
1464_0031_0024_0055_0055.jpg 1 31 24 55 55
1465_0025_0007_0051_0051.jpg 1 25 7 51 51
1466_0033_0041_0031_0031.jpg 1 33 41 31 31
1467_0021_0024_0066_0066.jpg 1 21 24 66 66
1468_0028_0010_0044_0044.jpg 1 28 10 44 44
1469_0040_0041_0030_0030.jpg 1 40 41 30 30
1470_0036_0017_0046_0046.jpg 1 36 17 46 46
1471_0020_0003_0063_0063.jpg 1 20 3 63 63
1472_0029_0008_0027_0027.jpg 1 29 8 27 27
1473_0042_0040_0048_0048.jpg 1 42 40 48 48
1474_0034_0008_0055_0055.jpg 1 34 8 55 55
1475_0007_0031_0024_0024.jpg 1 7 31 24 24
1476_0055_0040_0026_0026.jpg 1 55 40 26 26
1477_0007_0010_0044_0044.jpg 1 7 10 44 44
1478_0008_0017_0064_0064.jpg 1 8 17 64 64
1479_0017_0009_0061_0061.jpg 1 17 9 61 61
1480_0031_0033_0061_0061.jpg 1 31 33 61 61
1481_0020_0054_0031_0031.jpg 1 20 54 31 31
1482_0024_0047_0038_0038.jpg 1 24 47 38 38
1483_0026_0024_0068_0068.jpg 1 26 24 68 68
1484_0025_0019_0062_0062.jpg 1 25 19 62 62
1485_0059_0056_0033_0033.jpg 1 59 56 33 33
1486_0021_0045_0032_0032.jpg 1 21 45 32 32
1487_0029_0034_0045_0045.jpg 1 29 34 45 45
1488_0012_0040_0040_0040.jpg 1 12 40 40 40
1489_0034_0024_0055_0055.jpg 1 34 24 55 55
1490_0023_0057_0035_0035.jpg 1 23 57 35 35
1491_0021_0023_0051_0051.jpg 1 21 23 51 51
1492_0024_0017_0040_0040.jpg 1 24 17 40 40
1493_0010_0019_0060_0060.jpg 1 10 19 60 60
1494_0021_0026_0029_0029.jpg 1 21 26 29 29
1495_0047_0049_0025_0025.jpg 1 47 49 25 25
1496_0018_0028_0055_0055.jpg 1 18 28 55 55
1497_0033_0017_0032_0032.jpg 1 33 17 32 32
1498_0015_0017_0058_0058.jpg 1 15 17 58 58
1499_0011_0014_0043_0043.jpg 1 11 14 43 43
1500_0010_0020_0066_0066.jpg 1 10 20 66 66
1501_0019_0030_0065_0065.jpg 1 19 30 65 65
1502_0023_0021_0063_0063.jpg 1 23 21 63 63
1503_0060_0013_0033_0033.jpg 1 60 13 33 33
1504_0033_0032_0063_0063.jpg 1 33 32 63 63
1505_0006_0027_0052_0052.jpg 1 6 27 52 52
1506_0009_0011_0056_0056.jpg 1 9 11 56 56
1507_0010_0016_0053_0053.jpg 1 10 16 53 53
1508_0035_0034_0060_0060.jpg 1 35 34 60 60
1509_0011_0014_0069_0069.jpg 1 11 14 69 69
1510_0028_0021_0037_0037.jpg 1 28 21 37 37
1511_0015_0037_0055_0055.jpg 1 15 37 55 55
1512_0029_0016_0064_0064.jpg 1 29 16 64 64
1513_0022_0025_0060_0060.jpg 1 22 25 60 60
1514_0050_0049_0035_0035.jpg 1 50 49 35 35
1515_0019_0030_0063_0063.jpg 1 19 30 63 63
1516_0039_0037_0032_0032.jpg 1 39 37 32 32
1517_0026_0032_0060_0060.jpg 1 26 32 60 60
1518_0043_0021_0032_0032.jpg 1 43 21 32 32
1519_0014_0016_0066_0066.jpg 1 14 16 66 66
1520_0019_0011_0025_0025.jpg 1 19 11 25 25
1521_0028_0020_0034_0034.jpg 1 28 20 34 34
1522_0032_0012_0051_0051.jpg 1 32 12 51 51
1523_0013_0036_0038_0038.jpg 1 13 36 38 38
1524_0022_0020_0050_0050.jpg 1 22 20 50 50
1525_0031_0043_0030_0030.jpg 1 31 43 30 30
1526_0028_0040_0046_0046.jpg 1 28 40 46 46
1527_0049_0012_0029_0029.jpg 1 49 12 29 29
1528_0020_0046_0036_0036.jpg 1 20 46 36 36
1529_0017_0021_0058_0058.jpg 1 17 21 58 58
1530_0012_0013_0033_0033.jpg 1 12 13 33 33
1531_0027_0030_0060_0060.jpg 1 27 30 60 60
1532_0026_0031_0046_0046.jpg 1 26 31 46 46
1533_0023_0009_0067_0067.jpg 1 23 9 67 67
1534_0037_0021_0024_0024.jpg 1 37 21 24 24
1535_0009_0036_0043_0043.jpg 1 9 36 43 43
1536_0021_0013_0053_0053.jpg 1 21 13 53 53
1537_0025_0022_0059_0059.jpg 1 25 22 59 59
1538_0011_0021_0053_0053.jpg 1 11 21 53 53
1539_0037_0012_0045_0045.jpg 1 37 12 45 45
1540_0024_0019_0024_0024.jpg 1 24 19 24 24
1541_0017_0016_0042_0042.jpg 1 17 16 42 42
1542_0021_0015_0039_0039.jpg 1 21 15 39 39
1543_0044_0006_0035_0035.jpg 1 44 6 35 35
1544_0017_0009_0069_0069.jpg 1 17 9 69 69
1545_0008_0046_0038_0038.jpg 1 8 46 38 38
1546_0022_0013_0065_0065.jpg 1 22 13 65 65
1547_0028_0016_0061_0061.jpg 1 28 16 61 61
1548_0050_0007_0042_0042.jpg 1 50 7 42 42
1549_0004_0024_0069_0069.jpg 1 4 24 69 69
1550_0012_0007_0053_0053.jpg 1 12 7 53 53
1551_0058_0051_0031_0031.jpg 1 58 51 31 31
1552_0062_0035_0031_0031.jpg 1 62 35 31 31
1553_0006_0028_0056_0056.jpg 1 6 28 56 56
1554_0020_0056_0036_0036.jpg 1 20 56 36 36
1555_0011_0006_0034_0034.jpg 1 11 6 34 34
1556_0054_0037_0031_0031.jpg 1 54 37 31 31
1557_0013_0037_0033_0033.jpg 1 13 37 33 33
1558_0051_0030_0024_0024.jpg 1 51 30 24 24
1559_0045_0023_0048_0048.jpg 1 45 23 48 48
1560_0035_0032_0044_0044.jpg 1 35 32 44 44
1561_0046_0034_0047_0047.jpg 1 46 34 47 47
1562_0033_0034_0041_0041.jpg 1 33 34 41 41
1563_0037_0024_0037_0037.jpg 1 37 24 37 37
1564_0032_0008_0054_0054.jpg 1 32 8 54 54
1565_0004_0022_0069_0069.jpg 1 4 22 69 69
1566_0022_0006_0069_0069.jpg 1 22 6 69 69
1567_0026_0006_0067_0067.jpg 1 26 6 67 67
1568_0006_0046_0045_0045.jpg 1 6 46 45 45
1569_0052_0014_0032_0032.jpg 1 52 14 32 32
1570_0012_0008_0031_0031.jpg 1 12 8 31 31
1571_0035_0016_0060_0060.jpg 1 35 16 60 60
1572_0019_0049_0031_0031.jpg 1 19 49 31 31
1573_0003_0004_0066_0066.jpg 1 3 4 66 66
1574_0015_0016_0054_0054.jpg 1 15 16 54 54
1575_0006_0026_0050_0050.jpg 1 6 26 50 50
1576_0032_0024_0054_0054.jpg 1 32 24 54 54
1577_0017_0015_0061_0061.jpg 1 17 15 61 61
1578_0033_0035_0052_0052.jpg 1 33 35 52 52
1579_0026_0012_0057_0057.jpg 1 26 12 57 57
1580_0006_0032_0059_0059.jpg 1 6 32 59 59
1581_0020_0007_0057_0057.jpg 1 20 7 57 57
1582_0018_0004_0054_0054.jpg 1 18 4 54 54
1583_0009_0049_0034_0034.jpg 1 9 49 34 34
1584_0040_0007_0031_0031.jpg 1 40 7 31 31
1585_0018_0023_0037_0037.jpg 1 18 23 37 37
1586_0056_0019_0030_0030.jpg 1 56 19 30 30
1587_0060_0027_0032_0032.jpg 1 60 27 32 32
1588_0028_0029_0043_0043.jpg 1 28 29 43 43
1589_0035_0040_0037_0037.jpg 1 35 40 37 37
1590_0036_0056_0033_0033.jpg 1 36 56 33 33
1591_0037_0016_0046_0046.jpg 1 37 16 46 46
1592_0042_0058_0032_0032.jpg 1 42 58 32 32
1593_0020_0021_0041_0041.jpg 1 20 21 41 41
1594_0015_0026_0067_0067.jpg 1 15 26 67 67
1595_0027_0040_0050_0050.jpg 1 27 40 50 50
1596_0019_0030_0031_0031.jpg 1 19 30 31 31
1597_0022_0018_0069_0069.jpg 1 22 18 69 69
1598_0039_0038_0036_0036.jpg 1 39 38 36 36
1599_0032_0004_0060_0060.jpg 1 32 4 60 60
1600_0034_0050_0030_0030.jpg 1 34 50 30 30
1601_0060_0056_0025_0025.jpg 1 60 56 25 25
1602_0034_0010_0038_0038.jpg 1 34 10 38 38
1603_0008_0009_0055_0055.jpg 1 8 9 55 55
1604_0005_0022_0061_0061.jpg 1 5 22 61 61
1605_0041_0010_0046_0046.jpg 1 41 10 46 46
1606_0023_0015_0068_0068.jpg 1 23 15 68 68
1607_0036_0028_0057_0057.jpg 1 36 28 57 57
1608_0055_0024_0037_0037.jpg 1 55 24 37 37
1609_0029_0016_0050_0050.jpg 1 29 16 50 50
1610_0046_0029_0042_0042.jpg 1 46 29 42 42
1611_0005_0021_0069_0069.jpg 1 5 21 69 69
1612_0005_0027_0068_0068.jpg 1 5 27 68 68
1613_0045_0025_0045_0045.jpg 1 45 25 45 45
1614_0038_0023_0057_0057.jpg 1 38 23 57 57
1615_0025_0006_0035_0035.jpg 1 25 6 35 35
1616_0008_0006_0064_0064.jpg 1 8 6 64 64
1617_0005_0043_0047_0047.jpg 1 5 43 47 47
1618_0026_0015_0060_0060.jpg 1 26 15 60 60
1619_0028_0023_0067_0067.jpg 1 28 23 67 67
1620_0009_0033_0060_0060.jpg 1 9 33 60 60
1621_0017_0022_0062_0062.jpg 1 17 22 62 62
1622_0027_0034_0034_0034.jpg 1 27 34 34 34
1623_0038_0041_0030_0030.jpg 1 38 41 30 30
1624_0005_0031_0048_0048.jpg 1 5 31 48 48
1625_0025_0060_0031_0031.jpg 1 25 60 31 31
1626_0025_0016_0031_0031.jpg 1 25 16 31 31
1627_0026_0037_0040_0040.jpg 1 26 37 40 40
1628_0029_0035_0046_0046.jpg 1 29 35 46 46
1629_0014_0025_0060_0060.jpg 1 14 25 60 60
1630_0017_0015_0031_0031.jpg 1 17 15 31 31
1631_0027_0019_0038_0038.jpg 1 27 19 38 38
1632_0051_0006_0041_0041.jpg 1 51 6 41 41
1633_0021_0040_0037_0037.jpg 1 21 40 37 37
1634_0031_0031_0051_0051.jpg 1 31 31 51 51
1635_0010_0017_0042_0042.jpg 1 10 17 42 42
1636_0007_0026_0052_0052.jpg 1 7 26 52 52
1637_0047_0016_0035_0035.jpg 1 47 16 35 35
1638_0019_0007_0036_0036.jpg 1 19 7 36 36
1639_0039_0009_0031_0031.jpg 1 39 9 31 31
1640_0010_0010_0066_0066.jpg 1 10 10 66 66
1641_0037_0013_0052_0052.jpg 1 37 13 52 52
1642_0024_0024_0027_0027.jpg 1 24 24 27 27
1643_0015_0010_0038_0038.jpg 1 15 10 38 38
1644_0036_0011_0056_0056.jpg 1 36 11 56 56
1645_0025_0040_0053_0053.jpg 1 25 40 53 53
1646_0028_0028_0042_0042.jpg 1 28 28 42 42
1647_0054_0011_0039_0039.jpg 1 54 11 39 39
1648_0008_0046_0030_0030.jpg 1 8 46 30 30
1649_0061_0041_0031_0031.jpg 1 61 41 31 31
1650_0026_0037_0033_0033.jpg 1 26 37 33 33
1651_0008_0012_0024_0024.jpg 1 8 12 24 24
1652_0015_0023_0065_0065.jpg 1 15 23 65 65
1653_0012_0011_0068_0068.jpg 1 12 11 68 68
1654_0015_0022_0056_0056.jpg 1 15 22 56 56
1655_0025_0024_0060_0060.jpg 1 25 24 60 60
1656_0008_0022_0048_0048.jpg 1 8 22 48 48
1657_0022_0022_0030_0030.jpg 1 22 22 30 30
1658_0053_0040_0035_0035.jpg 1 53 40 35 35
1659_0021_0023_0027_0027.jpg 1 21 23 27 27
1660_0029_0040_0038_0038.jpg 1 29 40 38 38
1661_0063_0030_0024_0024.jpg 1 63 30 24 24
1662_0020_0020_0024_0024.jpg 1 20 20 24 24
1663_0026_0028_0068_0068.jpg 1 26 28 68 68
1664_0016_0041_0049_0049.jpg 1 16 41 49 49
1665_0008_0013_0061_0061.jpg 1 8 13 61 61
1666_0016_0022_0040_0040.jpg 1 16 22 40 40
1667_0027_0020_0032_0032.jpg 1 27 20 32 32
1668_0006_0021_0069_0069.jpg 1 6 21 69 69
1669_0008_0015_0041_0041.jpg 1 8 15 41 41
1670_0021_0017_0048_0048.jpg 1 21 17 48 48
1671_0052_0007_0038_0038.jpg 1 52 7 38 38
1672_0039_0012_0048_0048.jpg 1 39 12 48 48
1673_0018_0034_0057_0057.jpg 1 18 34 57 57
1674_0035_0026_0039_0039.jpg 1 35 26 39 39
1675_0015_0009_0062_0062.jpg 1 15 9 62 62
1676_0029_0018_0065_0065.jpg 1 29 18 65 65
1677_0041_0051_0035_0035.jpg 1 41 51 35 35
1678_0015_0021_0064_0064.jpg 1 15 21 64 64
1679_0005_0031_0061_0061.jpg 1 5 31 61 61
1680_0036_0025_0040_0040.jpg 1 36 25 40 40
1681_0040_0027_0050_0050.jpg 1 40 27 50 50
1682_0063_0060_0028_0028.jpg 1 63 60 28 28
1683_0009_0044_0029_0029.jpg 1 9 44 29 29
1684_0007_0025_0029_0029.jpg 1 7 25 29 29
1685_0039_0022_0043_0043.jpg 1 39 22 43 43
1686_0022_0041_0052_0052.jpg 1 22 41 52 52
1687_0046_0012_0040_0040.jpg 1 46 12 40 40
1688_0012_0025_0066_0066.jpg 1 12 25 66 66
1689_0042_0040_0049_0049.jpg 1 42 40 49 49
1690_0038_0027_0040_0040.jpg 1 38 27 40 40
1691_0031_0029_0030_0030.jpg 1 31 29 30 30
1692_0017_0044_0038_0038.jpg 1 17 44 38 38
1693_0005_0028_0065_0065.jpg 1 5 28 65 65
1694_0031_0008_0049_0049.jpg 1 31 8 49 49
1695_0022_0023_0066_0066.jpg 1 22 23 66 66
1696_0015_0028_0063_0063.jpg 1 15 28 63 63
1697_0025_0016_0034_0034.jpg 1 25 16 34 34
1698_0027_0010_0027_0027.jpg 1 27 10 27 27
1699_0018_0035_0040_0040.jpg 1 18 35 40 40
1700_0043_0056_0037_0037.jpg 1 43 56 37 37
1701_0042_0033_0037_0037.jpg 1 42 33 37 37
1702_0049_0049_0041_0041.jpg 1 49 49 41 41
1703_0040_0040_0052_0052.jpg 1 40 40 52 52
1704_0029_0040_0027_0027.jpg 1 29 40 27 27
1705_0031_0020_0054_0054.jpg 1 31 20 54 54
1706_0038_0057_0033_0033.jpg 1 38 57 33 33
1707_0040_0018_0042_0042.jpg 1 40 18 42 42
1708_0046_0035_0036_0036.jpg 1 46 35 36 36
1709_0042_0036_0049_0049.jpg 1 42 36 49 49
1710_0054_0055_0035_0035.jpg 1 54 55 35 35
1711_0009_0020_0053_0053.jpg 1 9 20 53 53
1712_0006_0028_0034_0034.jpg 1 6 28 34 34
1713_0010_0014_0030_0030.jpg 1 10 14 30 30
1714_0011_0031_0045_0045.jpg 1 11 31 45 45
1715_0021_0014_0046_0046.jpg 1 21 14 46 46
1716_0011_0042_0043_0043.jpg 1 11 42 43 43
1717_0010_0044_0034_0034.jpg 1 10 44 34 34
1718_0033_0006_0061_0061.jpg 1 33 6 61 61
1719_0011_0021_0056_0056.jpg 1 11 21 56 56
1720_0047_0044_0033_0033.jpg 1 47 44 33 33
1721_0040_0036_0044_0044.jpg 1 40 36 44 44
1722_0014_0036_0050_0050.jpg 1 14 36 50 50
1723_0042_0042_0050_0050.jpg 1 42 42 50 50
1724_0041_0058_0030_0030.jpg 1 41 58 30 30
1725_0009_0027_0057_0057.jpg 1 9 27 57 57
1726_0015_0035_0048_0048.jpg 1 15 35 48 48
1727_0012_0046_0043_0043.jpg 1 12 46 43 43
1728_0028_0012_0046_0046.jpg 1 28 12 46 46
1729_0020_0006_0058_0058.jpg 1 20 6 58 58
1730_0033_0013_0059_0059.jpg 1 33 13 59 59
1731_0013_0017_0044_0044.jpg 1 13 17 44 44
1732_0035_0006_0038_0038.jpg 1 35 6 38 38
1733_0021_0020_0043_0043.jpg 1 21 20 43 43
1734_0014_0008_0051_0051.jpg 1 14 8 51 51
1735_0006_0020_0064_0064.jpg 1 6 20 64 64
1736_0010_0009_0027_0027.jpg 1 10 9 27 27
1737_0013_0034_0052_0052.jpg 1 13 34 52 52
1738_0050_0050_0038_0038.jpg 1 50 50 38 38
1739_0046_0030_0029_0029.jpg 1 46 30 29 29
1740_0019_0011_0028_0028.jpg 1 19 11 28 28
1741_0035_0029_0038_0038.jpg 1 35 29 38 38
1742_0019_0020_0052_0052.jpg 1 19 20 52 52
1743_0020_0035_0051_0051.jpg 1 20 35 51 51
1744_0038_0022_0050_0050.jpg 1 38 22 50 50
1745_0031_0038_0047_0047.jpg 1 31 38 47 47
1746_0021_0007_0066_0066.jpg 1 21 7 66 66
1747_0034_0023_0044_0044.jpg 1 34 23 44 44
1748_0023_0024_0030_0030.jpg 1 23 24 30 30
1749_0042_0034_0052_0052.jpg 1 42 34 52 52
1750_0019_0013_0060_0060.jpg 1 19 13 60 60
1751_0024_0055_0024_0024.jpg 1 24 55 24 24
1752_0005_0020_0052_0052.jpg 1 5 20 52 52
1753_0013_0056_0034_0034.jpg 1 13 56 34 34
1754_0042_0046_0042_0042.jpg 1 42 46 42 42
1755_0027_0033_0046_0046.jpg 1 27 33 46 46
1756_0020_0025_0069_0069.jpg 1 20 25 69 69
1757_0054_0021_0032_0032.jpg 1 54 21 32 32
1758_0026_0016_0057_0057.jpg 1 26 16 57 57
1759_0021_0017_0045_0045.jpg 1 21 17 45 45
1760_0013_0006_0063_0063.jpg 1 13 6 63 63
1761_0033_0021_0034_0034.jpg 1 33 21 34 34
1762_0039_0012_0042_0042.jpg 1 39 12 42 42
1763_0031_0033_0059_0059.jpg 1 31 33 59 59
1764_0010_0006_0058_0058.jpg 1 10 6 58 58
1765_0038_0017_0057_0057.jpg 1 38 17 57 57
1766_0015_0038_0040_0040.jpg 1 15 38 40 40
1767_0017_0017_0049_0049.jpg 1 17 17 49 49
1768_0051_0060_0028_0028.jpg 1 51 60 28 28
1769_0005_0010_0068_0068.jpg 1 5 10 68 68
1770_0052_0006_0042_0042.jpg 1 52 6 42 42
1771_0037_0015_0028_0028.jpg 1 37 15 28 28
1772_0011_0050_0037_0037.jpg 1 11 50 37 37
1773_0022_0011_0062_0062.jpg 1 22 11 62 62
1774_0006_0011_0035_0035.jpg 1 6 11 35 35
1775_0013_0009_0046_0046.jpg 1 13 9 46 46
1776_0006_0029_0058_0058.jpg 1 6 29 58 58
1777_0018_0043_0024_0024.jpg 1 18 43 24 24
1778_0021_0006_0069_0069.jpg 1 21 6 69 69
1779_0041_0032_0041_0041.jpg 1 41 32 41 41
1780_0020_0036_0052_0052.jpg 1 20 36 52 52
1781_0042_0009_0043_0043.jpg 1 42 9 43 43
1782_0012_0025_0050_0050.jpg 1 12 25 50 50
1783_0045_0040_0047_0047.jpg 1 45 40 47 47
1784_0033_0030_0055_0055.jpg 1 33 30 55 55
1785_0051_0031_0040_0040.jpg 1 51 31 40 40
1786_0013_0032_0052_0052.jpg 1 13 32 52 52
1787_0024_0012_0050_0050.jpg 1 24 12 50 50
1788_0041_0018_0051_0051.jpg 1 41 18 51 51
1789_0037_0007_0050_0050.jpg 1 37 7 50 50
1790_0007_0051_0031_0031.jpg 1 7 51 31 31
1791_0025_0030_0057_0057.jpg 1 25 30 57 57
1792_0012_0010_0058_0058.jpg 1 12 10 58 58
1793_0018_0010_0064_0064.jpg 1 18 10 64 64
1794_0039_0041_0029_0029.jpg 1 39 41 29 29
1795_0035_0016_0037_0037.jpg 1 35 16 37 37
1796_0012_0034_0034_0034.jpg 1 12 34 34 34
1797_0035_0022_0026_0026.jpg 1 35 22 26 26
1798_0018_0016_0055_0055.jpg 1 18 16 55 55
1799_0027_0030_0034_0034.jpg 1 27 30 34 34
1800_0025_0017_0039_0039.jpg 1 25 17 39 39
1801_0017_0036_0025_0025.jpg 1 17 36 25 25
1802_0055_0009_0034_0034.jpg 1 55 9 34 34
1803_0042_0019_0042_0042.jpg 1 42 19 42 42
1804_0039_0019_0056_0056.jpg 1 39 19 56 56
1805_0033_0029_0047_0047.jpg 1 33 29 47 47
1806_0013_0025_0058_0058.jpg 1 13 25 58 58
1807_0018_0029_0058_0058.jpg 1 18 29 58 58
1808_0026_0035_0053_0053.jpg 1 26 35 53 53
1809_0015_0018_0069_0069.jpg 1 15 18 69 69
1810_0040_0034_0035_0035.jpg 1 40 34 35 35
1811_0009_0019_0053_0053.jpg 1 9 19 53 53
1812_0045_0036_0028_0028.jpg 1 45 36 28 28
1813_0048_0048_0039_0039.jpg 1 48 48 39 39
1814_0012_0025_0031_0031.jpg 1 12 25 31 31
1815_0046_0029_0028_0028.jpg 1 46 29 28 28
1816_0045_0059_0026_0026.jpg 1 45 59 26 26
1817_0003_0019_0069_0069.jpg 1 3 19 69 69
1818_0026_0020_0069_0069.jpg 1 26 20 69 69
1819_0016_0021_0064_0064.jpg 1 16 21 64 64
1820_0011_0010_0060_0060.jpg 1 11 10 60 60
1821_0008_0023_0062_0062.jpg 1 8 23 62 62
1822_0036_0024_0039_0039.jpg 1 36 24 39 39
1823_0056_0020_0030_0030.jpg 1 56 20 30 30
1824_0027_0029_0051_0051.jpg 1 27 29 51 51
1825_0030_0058_0028_0028.jpg 1 30 58 28 28
1826_0028_0029_0061_0061.jpg 1 28 29 61 61
1827_0023_0016_0028_0028.jpg 1 23 16 28 28
1828_0004_0005_0064_0064.jpg 1 4 5 64 64
1829_0032_0015_0038_0038.jpg 1 32 15 38 38
1830_0028_0015_0063_0063.jpg 1 28 15 63 63
1831_0048_0009_0043_0043.jpg 1 48 9 43 43
1832_0021_0028_0045_0045.jpg 1 21 28 45 45
1833_0025_0026_0069_0069.jpg 1 25 26 69 69
1834_0004_0011_0060_0060.jpg 1 4 11 60 60
1835_0006_0027_0064_0064.jpg 1 6 27 64 64
1836_0005_0021_0060_0060.jpg 1 5 21 60 60
1837_0020_0026_0048_0048.jpg 1 20 26 48 48
1838_0030_0009_0029_0029.jpg 1 30 9 29 29
1839_0014_0011_0059_0059.jpg 1 14 11 59 59
1840_0019_0005_0059_0059.jpg 1 19 5 59 59
1841_0026_0047_0042_0042.jpg 1 26 47 42 42
1842_0047_0046_0038_0038.jpg 1 47 46 38 38
1843_0022_0023_0055_0055.jpg 1 22 23 55 55
1844_0029_0041_0053_0053.jpg 1 29 41 53 53
1845_0035_0010_0052_0052.jpg 1 35 10 52 52
1846_0012_0026_0068_0068.jpg 1 12 26 68 68
1847_0013_0010_0062_0062.jpg 1 13 10 62 62
1848_0024_0028_0067_0067.jpg 1 24 28 67 67
1849_0020_0065_0027_0027.jpg 1 20 65 27 27
1850_0027_0006_0069_0069.jpg 1 27 6 69 69
1851_0029_0023_0060_0060.jpg 1 29 23 60 60
1852_0010_0014_0067_0067.jpg 1 10 14 67 67
1853_0037_0006_0044_0044.jpg 1 37 6 44 44
1854_0039_0031_0046_0046.jpg 1 39 31 46 46
1855_0033_0040_0032_0032.jpg 1 33 40 32 32
1856_0021_0022_0069_0069.jpg 1 21 22 69 69
1857_0017_0015_0042_0042.jpg 1 17 15 42 42
1858_0016_0017_0063_0063.jpg 1 16 17 63 63
1859_0022_0009_0066_0066.jpg 1 22 9 66 66
1860_0040_0008_0045_0045.jpg 1 40 8 45 45
1861_0048_0028_0043_0043.jpg 1 48 28 43 43
1862_0031_0025_0045_0045.jpg 1 31 25 45 45
1863_0017_0013_0057_0057.jpg 1 17 13 57 57
1864_0040_0020_0052_0052.jpg 1 40 20 52 52
1865_0023_0043_0043_0043.jpg 1 23 43 43 43
1866_0015_0019_0066_0066.jpg 1 15 19 66 66
1867_0023_0041_0042_0042.jpg 1 23 41 42 42
1868_0038_0007_0046_0046.jpg 1 38 7 46 46
1869_0039_0055_0031_0031.jpg 1 39 55 31 31
1870_0027_0005_0061_0061.jpg 1 27 5 61 61
1871_0011_0035_0056_0056.jpg 1 11 35 56 56
1872_0011_0017_0068_0068.jpg 1 11 17 68 68
1873_0044_0010_0036_0036.jpg 1 44 10 36 36
1874_0030_0044_0040_0040.jpg 1 30 44 40 40
1875_0018_0008_0065_0065.jpg 1 18 8 65 65
1876_0023_0037_0027_0027.jpg 1 23 37 27 27
1877_0019_0025_0043_0043.jpg 1 19 25 43 43
1878_0010_0041_0034_0034.jpg 1 10 41 34 34
1879_0045_0062_0030_0030.jpg 1 45 62 30 30
1880_0009_0041_0028_0028.jpg 1 9 41 28 28
1881_0015_0027_0040_0040.jpg 1 15 27 40 40
1882_0023_0019_0056_0056.jpg 1 23 19 56 56
1883_0020_0047_0040_0040.jpg 1 20 47 40 40
1884_0032_0040_0027_0027.jpg 1 32 40 27 27
1885_0021_0014_0031_0031.jpg 1 21 14 31 31
1886_0008_0033_0060_0060.jpg 1 8 33 60 60
1887_0007_0009_0049_0049.jpg 1 7 9 49 49
1888_0017_0013_0026_0026.jpg 1 17 13 26 26
1889_0012_0026_0024_0024.jpg 1 12 26 24 24
1890_0040_0032_0037_0037.jpg 1 40 32 37 37
1891_0029_0018_0051_0051.jpg 1 29 18 51 51
1892_0013_0022_0065_0065.jpg 1 13 22 65 65
1893_0017_0007_0061_0061.jpg 1 17 7 61 61
1894_0028_0005_0045_0045.jpg 1 28 5 45 45
1895_0028_0011_0044_0044.jpg 1 28 11 44 44
1896_0012_0035_0036_0036.jpg 1 12 35 36 36
1897_0030_0030_0033_0033.jpg 1 30 30 33 33
1898_0021_0029_0050_0050.jpg 1 21 29 50 50
1899_0041_0015_0050_0050.jpg 1 41 15 50 50
1900_0029_0027_0055_0055.jpg 1 29 27 55 55
1901_0030_0023_0064_0064.jpg 1 30 23 64 64
1902_0044_0037_0036_0036.jpg 1 44 37 36 36
1903_0036_0005_0051_0051.jpg 1 36 5 51 51
1904_0044_0039_0036_0036.jpg 1 44 39 36 36
1905_0052_0044_0032_0032.jpg 1 52 44 32 32
1906_0005_0017_0068_0068.jpg 1 5 17 68 68
1907_0035_0020_0058_0058.jpg 1 35 20 58 58
1908_0017_0030_0042_0042.jpg 1 17 30 42 42
1909_0014_0021_0058_0058.jpg 1 14 21 58 58
1910_0039_0033_0054_0054.jpg 1 39 33 54 54
1911_0041_0037_0054_0054.jpg 1 41 37 54 54
1912_0032_0021_0048_0048.jpg 1 32 21 48 48
1913_0009_0036_0043_0043.jpg 1 9 36 43 43
1914_0057_0041_0025_0025.jpg 1 57 41 25 25
1915_0005_0018_0063_0063.jpg 1 5 18 63 63
1916_0031_0010_0056_0056.jpg 1 31 10 56 56
1917_0039_0031_0055_0055.jpg 1 39 31 55 55
1918_0048_0039_0039_0039.jpg 1 48 39 39 39
1919_0038_0043_0032_0032.jpg 1 38 43 32 32
1920_0012_0050_0042_0042.jpg 1 12 50 42 42
1921_0055_0051_0035_0035.jpg 1 55 51 35 35
1922_0037_0025_0054_0054.jpg 1 37 25 54 54
1923_0016_0016_0060_0060.jpg 1 16 16 60 60
1924_0008_0028_0025_0025.jpg 1 8 28 25 25
1925_0028_0028_0027_0027.jpg 1 28 28 27 27
1926_0040_0037_0051_0051.jpg 1 40 37 51 51
1927_0015_0006_0049_0049.jpg 1 15 6 49 49
1928_0010_0023_0059_0059.jpg 1 10 23 59 59
1929_0023_0019_0045_0045.jpg 1 23 19 45 45
1930_0033_0010_0059_0059.jpg 1 33 10 59 59
1931_0016_0024_0068_0068.jpg 1 16 24 68 68
1932_0033_0015_0050_0050.jpg 1 33 15 50 50
1933_0031_0015_0039_0039.jpg 1 31 15 39 39
1934_0048_0030_0024_0024.jpg 1 48 30 24 24
1935_0007_0054_0027_0027.jpg 1 7 54 27 27
1936_0033_0014_0046_0046.jpg 1 33 14 46 46
1937_0045_0033_0029_0029.jpg 1 45 33 29 29
1938_0015_0025_0054_0054.jpg 1 15 25 54 54
1939_0047_0027_0027_0027.jpg 1 47 27 27 27
1940_0025_0015_0046_0046.jpg 1 25 15 46 46
1941_0015_0032_0053_0053.jpg 1 15 32 53 53
1942_0013_0045_0038_0038.jpg 1 13 45 38 38
1943_0050_0039_0037_0037.jpg 1 50 39 37 37
1944_0041_0028_0053_0053.jpg 1 41 28 53 53
1945_0023_0020_0062_0062.jpg 1 23 20 62 62
1946_0046_0011_0032_0032.jpg 1 46 11 32 32
1947_0043_0032_0041_0041.jpg 1 43 32 41 41
1948_0031_0039_0051_0051.jpg 1 31 39 51 51
1949_0014_0022_0068_0068.jpg 1 14 22 68 68
1950_0028_0039_0052_0052.jpg 1 28 39 52 52
